# lattice-scale --inv-acoustic-scale=12 "ark:gunzip -c exp/tri1_1600_25600/decode/lat.*.gz|" ark:- | lattice-add-penalty --word-ins-penalty=1.0 ark:- ark:- | lattice-best-path --word-symbol-table=exp/tri1_1600_25600/graph/words.txt ark:- ark,t:- | utils/int2sym.pl -f 2- exp/tri1_1600_25600/graph/words.txt | cat > exp/tri1_1600_25600/decode/scoring_kaldi/penalty_1.0/12.txt 
# Started at Thu Jul 21 15:05:38 IST 2016
#
lattice-best-path --word-symbol-table=exp/tri1_1600_25600/graph/words.txt ark:- ark,t:- 
lattice-scale --inv-acoustic-scale=12 'ark:gunzip -c exp/tri1_1600_25600/decode/lat.*.gz|' ark:- 
lattice-add-penalty --word-ins-penalty=1.0 ark:- ark:- 
LOG (lattice-best-path:main():lattice-best-path.cc:99) For utterance F07UP02A0332I42, best cost 18.4213 + 2538.15 = 2556.57 over 300 frames.
F07UP02A0332I42 haan 
LOG (lattice-best-path:main():lattice-best-path.cc:99) For utterance F07UP02A0332I43, best cost 15.6225 + 2402.5 = 2418.12 over 298 frames.
F07UP02A0332I43 haan 
LOG (lattice-best-path:main():lattice-best-path.cc:99) For utterance F07UP06A0432I42, best cost 24.1676 + 2215.31 = 2239.48 over 300 frames.
F07UP06A0432I42 haan 
LOG (lattice-best-path:main():lattice-best-path.cc:99) For utterance F07UP07A0094I427, best cost 13.874 + 2312.3 = 2326.18 over 298 frames.
F07UP07A0094I427 nahiin 
LOG (lattice-best-path:main():lattice-best-path.cc:99) For utterance F07UP07A0096I44, best cost 14.1797 + 2519.56 = 2533.74 over 298 frames.
F07UP07A0096I44 haan 
LOG (lattice-best-path:main():lattice-best-path.cc:99) For utterance F07UP09A0491I46, best cost 11.5743 + 2598.29 = 2609.87 over 298 frames.
F07UP09A0491I46 haan 
LOG (lattice-best-path:main():lattice-best-path.cc:99) For utterance F07UP11A1331I301, best cost 12.6582 + 3739.7 = 3752.36 over 498 frames.
F07UP11A1331I301 nahiin 
LOG (lattice-best-path:main():lattice-best-path.cc:99) For utterance F07UP19A0344I46, best cost 19.791 + 2284.5 = 2304.29 over 298 frames.
F07UP19A0344I46 nahiin 
LOG (lattice-best-path:main():lattice-best-path.cc:99) For utterance F07UP21A0612I41, best cost 17.3684 + 2363.92 = 2381.29 over 298 frames.
F07UP21A0612I41 haan 
LOG (lattice-best-path:main():lattice-best-path.cc:99) For utterance F07UP22A1336I429, best cost 18.5354 + 2427.22 = 2445.76 over 298 frames.
F07UP22A1336I429 nahiin 
LOG (lattice-best-path:main():lattice-best-path.cc:99) For utterance F07UP22A1336I501, best cost 16.6855 + 3138.34 = 3155.03 over 398 frames.
F07UP22A1336I501 nahiin 
LOG (lattice-best-path:main():lattice-best-path.cc:99) For utterance F07UP22A1343I301, best cost 13.2891 + 3763.14 = 3776.43 over 498 frames.
F07UP22A1343I301 haan 
LOG (lattice-best-path:main():lattice-best-path.cc:99) For utterance F07UP22A1343I47, best cost 17.7691 + 2600.6 = 2618.37 over 298 frames.
F07UP22A1343I47 haan 
LOG (lattice-best-path:main():lattice-best-path.cc:99) For utterance F07UP22A1345I47, best cost 14.5823 + 2272.09 = 2286.67 over 298 frames.
F07UP22A1345I47 haan 
LOG (lattice-best-path:main():lattice-best-path.cc:99) For utterance F07UP22A1346I435, best cost 17.9811 + 2559.07 = 2577.05 over 300 frames.
F07UP22A1346I435 nahiin 
LOG (lattice-best-path:main():lattice-best-path.cc:99) For utterance F07UP23A0248I41, best cost 13.826 + 2685.01 = 2698.84 over 298 frames.
F07UP23A0248I41 nahiin 
LOG (lattice-best-path:main():lattice-best-path.cc:99) For utterance F07UP24A0182I302, best cost 18.3184 + 4240.43 = 4258.75 over 498 frames.
F07UP24A0182I302 nahiin 
LOG (lattice-best-path:main():lattice-best-path.cc:99) For utterance F07UP24A0182I41, best cost 12.2638 + 2610.44 = 2622.71 over 298 frames.
F07UP24A0182I41 nahiin 
LOG (lattice-best-path:main():lattice-best-path.cc:99) For utterance F07UP24A0183I302, best cost 14.2733 + 4457.65 = 4471.92 over 498 frames.
F07UP24A0183I302 haan 
LOG (lattice-best-path:main():lattice-best-path.cc:99) For utterance F07UP24A0183I47, best cost 15.0436 + 2547.3 = 2562.34 over 298 frames.
F07UP24A0183I47 haan 
LOG (lattice-best-path:main():lattice-best-path.cc:99) For utterance F07UP25A1212I41, best cost 11.9656 + 2664.69 = 2676.66 over 298 frames.
F07UP25A1212I41 haan 
LOG (lattice-best-path:main():lattice-best-path.cc:99) For utterance F07UP25A1215I42, best cost 13.7231 + 2595.03 = 2608.75 over 298 frames.
F07UP25A1215I42 haan 
LOG (lattice-best-path:main():lattice-best-path.cc:99) For utterance F07UP26A0256I43, best cost 13.7077 + 2587.42 = 2601.13 over 298 frames.
F07UP26A0256I43 nahiin 
LOG (lattice-best-path:main():lattice-best-path.cc:99) For utterance F07UP28A0226I300, best cost 20.1394 + 4460.69 = 4480.83 over 498 frames.
F07UP28A0226I300 nahiin 
LOG (lattice-best-path:main():lattice-best-path.cc:99) For utterance F07UP28A0226I45, best cost 12.1669 + 2644.19 = 2656.36 over 298 frames.
F07UP28A0226I45 nahiin 
LOG (lattice-best-path:main():lattice-best-path.cc:99) For utterance F07UP28A0227I301, best cost 25.9242 + 4409.53 = 4435.45 over 498 frames.
F07UP28A0227I301 nahiin 
LOG (lattice-best-path:main():lattice-best-path.cc:99) For utterance F07UP28A0228I303, best cost 13.268 + 4581.19 = 4594.46 over 498 frames.
F07UP28A0228I303 nahiin 
LOG (lattice-best-path:main():lattice-best-path.cc:99) For utterance F07UP29A0523I41, best cost 18.3071 + 2349.82 = 2368.13 over 298 frames.
F07UP29A0523I41 haan 
LOG (lattice-best-path:main():lattice-best-path.cc:99) For utterance F07UP29A0523I44, best cost 16.2743 + 2275.35 = 2291.62 over 298 frames.
F07UP29A0523I44 haan 
LOG (lattice-best-path:main():lattice-best-path.cc:99) For utterance F07UP31A1293I42, best cost 14.1815 + 2662.88 = 2677.06 over 298 frames.
F07UP31A1293I42 nahiin 
LOG (lattice-best-path:main():lattice-best-path.cc:99) For utterance F07UP34A0567I44, best cost 20.3092 + 2481.04 = 2501.35 over 300 frames.
F07UP34A0567I44 haan 
LOG (lattice-best-path:main():lattice-best-path.cc:99) For utterance F07UP35A0453I300, best cost 26.0968 + 3809.18 = 3835.27 over 498 frames.
F07UP35A0453I300 haan 
LOG (lattice-best-path:main():lattice-best-path.cc:99) For utterance F07UP37A0304I300, best cost 18.8102 + 3788.03 = 3806.84 over 498 frames.
F07UP37A0304I300 nahiin 
LOG (lattice-best-path:main():lattice-best-path.cc:99) For utterance F07UP38A0101I41, best cost 21.134 + 2514.92 = 2536.05 over 298 frames.
F07UP38A0101I41 haan 
LOG (lattice-best-path:main():lattice-best-path.cc:99) For utterance F07UP41A0286I40, best cost 12.81 + 2189.64 = 2202.45 over 298 frames.
F07UP41A0286I40 haan 
LOG (lattice-best-path:main():lattice-best-path.cc:99) For utterance F07UP41A0286I42, best cost 10.6819 + 2060.5 = 2071.18 over 298 frames.
F07UP41A0286I42 nahiin 
LOG (lattice-best-path:main():lattice-best-path.cc:99) For utterance F07UP52A0208I44, best cost 12.0892 + 2618.3 = 2630.39 over 298 frames.
F07UP52A0208I44 nahiin 
LOG (lattice-best-path:main():lattice-best-path.cc:99) For utterance F07UP54A1284I430, best cost 13.4793 + 2372.69 = 2386.17 over 298 frames.
F07UP54A1284I430 nahiin 
LOG (lattice-best-path:main():lattice-best-path.cc:99) For utterance F07UP57A0408I41, best cost 18.5974 + 2590.2 = 2608.8 over 298 frames.
F07UP57A0408I41 haan 
LOG (lattice-best-path:main():lattice-best-path.cc:99) For utterance F07UP60A0943I300, best cost 21.9864 + 4509.46 = 4531.45 over 498 frames.
F07UP60A0943I300 haan 
LOG (lattice-best-path:main():lattice-best-path.cc:99) For utterance F07UP60A0944I303, best cost 18.1731 + 3717.73 = 3735.9 over 498 frames.
F07UP60A0944I303 haan 
LOG (lattice-best-path:main():lattice-best-path.cc:99) For utterance F07UP60A0949I300, best cost 26.2012 + 3982.74 = 4008.95 over 498 frames.
F07UP60A0949I300 nahiin 
LOG (lattice-best-path:main():lattice-best-path.cc:99) For utterance F07UP60A0949I302, best cost 24.9465 + 3750.96 = 3775.91 over 498 frames.
F07UP60A0949I302 nahiin 
LOG (lattice-best-path:main():lattice-best-path.cc:99) For utterance F07UP60A0949I303, best cost 23.9946 + 3758.59 = 3782.59 over 498 frames.
F07UP60A0949I303 haan 
LOG (lattice-best-path:main():lattice-best-path.cc:99) For utterance F07UP60A0953I41, best cost 18.3816 + 2311.54 = 2329.93 over 298 frames.
F07UP60A0953I41 nahiin 
LOG (lattice-best-path:main():lattice-best-path.cc:99) For utterance F07UP60A0962I427, best cost 18.9769 + 2505.55 = 2524.53 over 298 frames.
F07UP60A0962I427 haan 
LOG (lattice-best-path:main():lattice-best-path.cc:99) For utterance F07UP60A0963I46, best cost 23.7294 + 2597.89 = 2621.62 over 298 frames.
F07UP60A0963I46 haan 
LOG (lattice-best-path:main():lattice-best-path.cc:99) For utterance F07UP64A0395I300, best cost 24.0291 + 3923.86 = 3947.88 over 498 frames.
F07UP64A0395I300 haan 
LOG (lattice-best-path:main():lattice-best-path.cc:99) For utterance F07UP64A0397I301, best cost 14.1413 + 4326.13 = 4340.27 over 498 frames.
F07UP64A0397I301 haan 
LOG (lattice-best-path:main():lattice-best-path.cc:99) For utterance F07UP64A0402I41, best cost 15.7775 + 2374.7 = 2390.48 over 298 frames.
F07UP64A0402I41 haan 
LOG (lattice-best-path:main():lattice-best-path.cc:99) For utterance F07UP72A0728I300, best cost 20.62 + 4235.68 = 4256.3 over 498 frames.
F07UP72A0728I300 haan 
LOG (lattice-best-path:main():lattice-best-path.cc:99) For utterance F07UP75A0756I300, best cost 25.0838 + 3947.4 = 3972.49 over 498 frames.
F07UP75A0756I300 nahiin 
LOG (lattice-best-path:main():lattice-best-path.cc:99) For utterance F07UP75A0763I435, best cost 13.4167 + 2277.49 = 2290.9 over 300 frames.
F07UP75A0763I435 nahiin 
LOG (lattice-best-path:main():lattice-best-path.cc:99) For utterance M07UP01A0057I427, best cost 15.4638 + 2669.17 = 2684.64 over 298 frames.
M07UP01A0057I427 haan 
LOG (lattice-best-path:main():lattice-best-path.cc:99) For utterance M07UP01A0062I412, best cost 18.5265 + 2536.37 = 2554.9 over 298 frames.
M07UP01A0062I412 haan 
LOG (lattice-best-path:main():lattice-best-path.cc:99) For utterance M07UP01A0062I45, best cost 16.803 + 2398.49 = 2415.29 over 300 frames.
M07UP01A0062I45 nahiin 
LOG (lattice-best-path:main():lattice-best-path.cc:99) For utterance M07UP01A0063I43, best cost 18.2959 + 2549.07 = 2567.36 over 298 frames.
M07UP01A0063I43 haan 
LOG (lattice-best-path:main():lattice-best-path.cc:99) For utterance M07UP01A0069I413, best cost 18.5448 + 2455.27 = 2473.81 over 298 frames.
M07UP01A0069I413 haan 
LOG (lattice-best-path:main():lattice-best-path.cc:99) For utterance M07UP01A0160I420, best cost 13.1555 + 2442.13 = 2455.29 over 298 frames.
M07UP01A0160I420 nahiin 
LOG (lattice-best-path:main():lattice-best-path.cc:99) For utterance M07UP01A0160I430, best cost 22.11 + 2497.65 = 2519.76 over 298 frames.
M07UP01A0160I430 nahiin 
LOG (lattice-best-path:main():lattice-best-path.cc:99) For utterance M07UP01A0160I47, best cost 13.0659 + 2546.21 = 2559.28 over 298 frames.
M07UP01A0160I47 haan 
LOG (lattice-best-path:main():lattice-best-path.cc:99) For utterance M07UP02A0321I47, best cost 14.8118 + 2382.44 = 2397.25 over 300 frames.
M07UP02A0321I47 nahiin 
LOG (lattice-best-path:main():lattice-best-path.cc:99) For utterance M07UP02A0323I300, best cost 12.2244 + 3884.41 = 3896.63 over 498 frames.
M07UP02A0323I300 nahiin 
LOG (lattice-best-path:main():lattice-best-path.cc:99) For utterance M07UP02A0325I43, best cost 14.0929 + 2592.14 = 2606.23 over 298 frames.
M07UP02A0325I43 nahiin 
LOG (lattice-best-path:main():lattice-best-path.cc:99) For utterance M07UP02A0329I43, best cost 16.5298 + 2269.66 = 2286.19 over 298 frames.
M07UP02A0329I43 haan 
LOG (lattice-best-path:main():lattice-best-path.cc:99) For utterance M07UP02A0330I303, best cost 18.6759 + 3500.8 = 3519.47 over 498 frames.
M07UP02A0330I303 nahiin 
LOG (lattice-best-path:main():lattice-best-path.cc:99) For utterance M07UP02A0333I45, best cost 24.2517 + 2407.17 = 2431.42 over 298 frames.
M07UP02A0333I45 haan 
LOG (lattice-best-path:main():lattice-best-path.cc:99) For utterance M07UP02A0335I301, best cost 15.4013 + 4204.24 = 4219.64 over 498 frames.
M07UP02A0335I301 nahiin 
LOG (lattice-best-path:main():lattice-best-path.cc:99) For utterance M07UP02A0336I44, best cost 17.1956 + 2385.91 = 2403.1 over 290 frames.
M07UP02A0336I44 nahiin 
LOG (lattice-best-path:main():lattice-best-path.cc:99) For utterance M07UP02A0337I41, best cost 19.9113 + 2636.69 = 2656.6 over 298 frames.
M07UP02A0337I41 nahiin 
LOG (lattice-best-path:main():lattice-best-path.cc:99) For utterance M07UP02A0337I44, best cost 14.5844 + 2297.47 = 2312.05 over 298 frames.
M07UP02A0337I44 nahiin 
LOG (lattice-best-path:main():lattice-best-path.cc:99) For utterance M07UP04A1227I45, best cost 18.5346 + 2556.08 = 2574.61 over 298 frames.
M07UP04A1227I45 haan 
LOG (lattice-best-path:main():lattice-best-path.cc:99) For utterance M07UP04A1230I303, best cost 40.7741 + 4085.32 = 4126.09 over 498 frames.
M07UP04A1230I303 nahiin 
LOG (lattice-best-path:main():lattice-best-path.cc:99) For utterance M07UP04A1235I41, best cost 11.8074 + 2594.06 = 2605.86 over 298 frames.
M07UP04A1235I41 haan 
LOG (lattice-best-path:main():lattice-best-path.cc:99) For utterance M07UP04A1235I46, best cost 16.6522 + 2263.15 = 2279.8 over 298 frames.
M07UP04A1235I46 haan 
LOG (lattice-best-path:main():lattice-best-path.cc:99) For utterance M07UP04A1236I303, best cost 31.454 + 4077.47 = 4108.92 over 498 frames.
M07UP04A1236I303 nahiin 
LOG (lattice-best-path:main():lattice-best-path.cc:99) For utterance M07UP04A1239I301, best cost 23.2739 + 3738.87 = 3762.15 over 498 frames.
M07UP04A1239I301 haan 
LOG (lattice-best-path:main():lattice-best-path.cc:99) For utterance M07UP04A1242I410, best cost 17.5313 + 2473.88 = 2491.41 over 298 frames.
M07UP04A1242I410 haan 
LOG (lattice-best-path:main():lattice-best-path.cc:99) For utterance M07UP04A1243I300, best cost 22.1485 + 4351.12 = 4373.27 over 498 frames.
M07UP04A1243I300 nahiin 
LOG (lattice-best-path:main():lattice-best-path.cc:99) For utterance M07UP04A1243I435, best cost 18.0323 + 2432.49 = 2450.53 over 300 frames.
M07UP04A1243I435 haan 
LOG (lattice-best-path:main():lattice-best-path.cc:99) For utterance M07UP04A1244I44, best cost 14.6817 + 2799.11 = 2813.8 over 298 frames.
M07UP04A1244I44 nahiin 
LOG (lattice-best-path:main():lattice-best-path.cc:99) For utterance M07UP04A1245I48, best cost 15.5204 + 2699.47 = 2714.99 over 298 frames.
M07UP04A1245I48 nahiin 
LOG (lattice-best-path:main():lattice-best-path.cc:99) For utterance M07UP05A0903I43, best cost 19.8332 + 2346.15 = 2365.99 over 298 frames.
M07UP05A0903I43 haan 
LOG (lattice-best-path:main():lattice-best-path.cc:99) For utterance M07UP05A0910I300, best cost 25.9278 + 3665.09 = 3691.02 over 498 frames.
M07UP05A0910I300 haan 
LOG (lattice-best-path:main():lattice-best-path.cc:99) For utterance M07UP05A0911I42, best cost 12.6318 + 2520.65 = 2533.28 over 298 frames.
M07UP05A0911I42 haan 
LOG (lattice-best-path:main():lattice-best-path.cc:99) For utterance M07UP05A0914I300, best cost 20.9416 + 3685.31 = 3706.25 over 498 frames.
M07UP05A0914I300 nahiin 
LOG (lattice-best-path:main():lattice-best-path.cc:99) For utterance M07UP05A0914I302, best cost 34.4175 + 3852.64 = 3887.06 over 498 frames.
M07UP05A0914I302 nahiin 
LOG (lattice-best-path:main():lattice-best-path.cc:99) For utterance M07UP05A0915I301, best cost 16.4425 + 3768.59 = 3785.03 over 498 frames.
M07UP05A0915I301 haan 
LOG (lattice-best-path:main():lattice-best-path.cc:99) For utterance M07UP05A0916I43, best cost 25.0166 + 2441.32 = 2466.34 over 298 frames.
M07UP05A0916I43 haan 
LOG (lattice-best-path:main():lattice-best-path.cc:99) For utterance M07UP05A0920I411, best cost 16.6733 + 2405.67 = 2422.34 over 298 frames.
M07UP05A0920I411 nahiin 
LOG (lattice-best-path:main():lattice-best-path.cc:99) For utterance M07UP06A0427I301, best cost 15.1966 + 3395.26 = 3410.46 over 498 frames.
M07UP06A0427I301 haan 
LOG (lattice-best-path:main():lattice-best-path.cc:99) For utterance M07UP06A0428I41, best cost 12.6852 + 2554.09 = 2566.78 over 298 frames.
M07UP06A0428I41 haan 
LOG (lattice-best-path:main():lattice-best-path.cc:99) For utterance M07UP06A0429I411, best cost 13.7863 + 2294.24 = 2308.02 over 298 frames.
M07UP06A0429I411 nahiin 
LOG (lattice-best-path:main():lattice-best-path.cc:99) For utterance M07UP06A0433I301, best cost 23.0906 + 3748.02 = 3771.11 over 498 frames.
M07UP06A0433I301 haan 
LOG (lattice-best-path:main():lattice-best-path.cc:99) For utterance M07UP06A0433I40, best cost 20.1762 + 2444.62 = 2464.8 over 298 frames.
M07UP06A0433I40 haan 
LOG (lattice-best-path:main():lattice-best-path.cc:99) For utterance M07UP06A0433I41, best cost 20.9061 + 2567.32 = 2588.22 over 298 frames.
M07UP06A0433I41 nahiin 
LOG (lattice-best-path:main():lattice-best-path.cc:99) For utterance M07UP06A0437I42, best cost 11.5326 + 2276.36 = 2287.89 over 298 frames.
M07UP06A0437I42 haan 
LOG (lattice-best-path:main():lattice-best-path.cc:99) For utterance M07UP06A0438I41, best cost 16.3535 + 2291.65 = 2308 over 298 frames.
M07UP06A0438I41 nahiin 
LOG (lattice-best-path:main():lattice-best-path.cc:99) For utterance M07UP06A0442I41, best cost 14.7324 + 2583.03 = 2597.77 over 298 frames.
M07UP06A0442I41 haan 
LOG (lattice-best-path:main():lattice-best-path.cc:99) For utterance M07UP06A0442I42, best cost 15.0679 + 2457.04 = 2472.11 over 300 frames.
M07UP06A0442I42 haan 
LOG (lattice-best-path:main():lattice-best-path.cc:99) For utterance M07UP06A0444I43, best cost 20.5808 + 2207.6 = 2228.18 over 298 frames.
M07UP06A0444I43 haan 
LOG (lattice-best-path:main():lattice-best-path.cc:99) For utterance M07UP06A0445I301, best cost 18.2813 + 4038.64 = 4056.92 over 490 frames.
M07UP06A0445I301 haan 
LOG (lattice-best-path:main():lattice-best-path.cc:99) For utterance M07UP06A0447I41, best cost 17.9527 + 2275.15 = 2293.1 over 298 frames.
M07UP06A0447I41 nahiin 
LOG (lattice-best-path:main():lattice-best-path.cc:99) For utterance M07UP07A0134I42, best cost 11.815 + 2261.45 = 2273.27 over 298 frames.
M07UP07A0134I42 haan 
LOG (lattice-best-path:main():lattice-best-path.cc:99) For utterance M07UP07A0134I436, best cost 13.1256 + 2469.29 = 2482.41 over 298 frames.
M07UP07A0134I436 haan 
LOG (lattice-best-path:main():lattice-best-path.cc:99) For utterance M07UP07A0136I410, best cost 13.774 + 2614.45 = 2628.22 over 298 frames.
M07UP07A0136I410 haan 
LOG (lattice-best-path:main():lattice-best-path.cc:99) For utterance M07UP07A0136I438, best cost 22.9051 + 2508.8 = 2531.71 over 298 frames.
M07UP07A0136I438 nahiin 
LOG (lattice-best-path:main():lattice-best-path.cc:99) For utterance M07UP07A0138I414, best cost 8.19068 + 2118.4 = 2126.59 over 298 frames.
M07UP07A0138I414 haan 
LOG (lattice-best-path:main():lattice-best-path.cc:99) For utterance M07UP07A0139I42, best cost 12.5469 + 2453.32 = 2465.87 over 298 frames.
M07UP07A0139I42 haan 
LOG (lattice-best-path:main():lattice-best-path.cc:99) For utterance M07UP07A0142I43, best cost 10.5199 + 2637.36 = 2647.88 over 298 frames.
M07UP07A0142I43 haan 
LOG (lattice-best-path:main():lattice-best-path.cc:99) For utterance M07UP07A0143I45, best cost 14.0782 + 2484.95 = 2499.03 over 298 frames.
M07UP07A0143I45 haan 
LOG (lattice-best-path:main():lattice-best-path.cc:99) For utterance M07UP07A0145I436, best cost 13.3549 + 2238.78 = 2252.14 over 298 frames.
M07UP07A0145I436 haan 
LOG (lattice-best-path:main():lattice-best-path.cc:99) For utterance M07UP09A0483I300, best cost 12.8381 + 3605.83 = 3618.67 over 498 frames.
M07UP09A0483I300 nahiin 
LOG (lattice-best-path:main():lattice-best-path.cc:99) For utterance M07UP09A0485I43, best cost 19.9753 + 2454.05 = 2474.02 over 298 frames.
M07UP09A0485I43 haan 
LOG (lattice-best-path:main():lattice-best-path.cc:99) For utterance M07UP09A0488I43, best cost 16.0875 + 2619.39 = 2635.48 over 298 frames.
M07UP09A0488I43 haan 
LOG (lattice-best-path:main():lattice-best-path.cc:99) For utterance M07UP09A0489I300, best cost 19.5017 + 3814.73 = 3834.23 over 498 frames.
M07UP09A0489I300 nahiin 
LOG (lattice-best-path:main():lattice-best-path.cc:99) For utterance M07UP09A0490I301, best cost 14.946 + 3646.71 = 3661.66 over 498 frames.
M07UP09A0490I301 nahiin 
LOG (lattice-best-path:main():lattice-best-path.cc:99) For utterance M07UP09A0494I300, best cost 18.4424 + 3816.5 = 3834.94 over 498 frames.
M07UP09A0494I300 nahiin 
LOG (lattice-best-path:main():lattice-best-path.cc:99) For utterance M07UP09A0495I301, best cost 20.0473 + 3750.16 = 3770.21 over 498 frames.
M07UP09A0495I301 nahiin 
LOG (lattice-best-path:main():lattice-best-path.cc:99) For utterance M07UP09A0495I41, best cost 16.121 + 2499.84 = 2515.96 over 298 frames.
M07UP09A0495I41 nahiin 
LOG (lattice-best-path:main():lattice-best-path.cc:99) For utterance M07UP09A0496I303, best cost 15.5667 + 3643.75 = 3659.32 over 498 frames.
M07UP09A0496I303 haan 
LOG (lattice-best-path:main():lattice-best-path.cc:99) For utterance M07UP09A0499I43, best cost 13.1989 + 2135.36 = 2148.56 over 298 frames.
M07UP09A0499I43 nahiin 
LOG (lattice-best-path:main():lattice-best-path.cc:99) For utterance M07UP09A0500I42, best cost 18.2774 + 2574.99 = 2593.26 over 298 frames.
M07UP09A0500I42 haan 
LOG (lattice-best-path:main():lattice-best-path.cc:99) For utterance M07UP09A0500I44, best cost 18.1811 + 2329.51 = 2347.69 over 298 frames.
M07UP09A0500I44 haan 
LOG (lattice-best-path:main():lattice-best-path.cc:99) For utterance M07UP09A0503I301, best cost 16.6772 + 3971.45 = 3988.13 over 498 frames.
M07UP09A0503I301 nahiin 
LOG (lattice-best-path:main():lattice-best-path.cc:99) For utterance M07UP09A0505I300, best cost 25.0509 + 4289.02 = 4314.07 over 498 frames.
M07UP09A0505I300 haan 
LOG (lattice-best-path:main():lattice-best-path.cc:99) For utterance M07UP09A0505I504, best cost 19.1727 + 2467.23 = 2486.4 over 298 frames.
M07UP09A0505I504 nahiin 
LOG (lattice-best-path:main():lattice-best-path.cc:99) For utterance M07UP11A1317I41, best cost 14.6785 + 2243.65 = 2258.33 over 298 frames.
M07UP11A1317I41 haan 
LOG (lattice-best-path:main():lattice-best-path.cc:99) For utterance M07UP11A1319I300, best cost 31.5456 + 3760.46 = 3792 over 498 frames.
M07UP11A1319I300 nahiin 
LOG (lattice-best-path:main():lattice-best-path.cc:99) For utterance M07UP11A1328I301, best cost 27.515 + 3733.27 = 3760.79 over 498 frames.
M07UP11A1328I301 nahiin 
LOG (lattice-best-path:main():lattice-best-path.cc:99) For utterance M07UP11A1337I301, best cost 21.3338 + 3761.81 = 3783.15 over 498 frames.
M07UP11A1337I301 nahiin 
LOG (lattice-best-path:main():lattice-best-path.cc:99) For utterance M07UP11A1349I303, best cost 22.9464 + 4195.6 = 4218.55 over 498 frames.
M07UP11A1349I303 nahiin 
LOG (lattice-best-path:main():lattice-best-path.cc:99) For utterance M07UP11A1351I302, best cost 26.9575 + 3904.07 = 3931.03 over 498 frames.
M07UP11A1351I302 nahiin 
LOG (lattice-best-path:main():lattice-best-path.cc:99) For utterance M07UP11A1352I427, best cost 15.109 + 2306.75 = 2321.86 over 298 frames.
M07UP11A1352I427 nahiin 
LOG (lattice-best-path:main():lattice-best-path.cc:99) For utterance M07UP11A1352I429, best cost 13.7526 + 2301.45 = 2315.2 over 298 frames.
M07UP11A1352I429 haan 
LOG (lattice-best-path:main():lattice-best-path.cc:99) For utterance M07UP13A0882I300, best cost 17.9736 + 4198.32 = 4216.3 over 498 frames.
M07UP13A0882I300 haan 
LOG (lattice-best-path:main():lattice-best-path.cc:99) For utterance M07UP13A0882I301, best cost 19.8531 + 4275.99 = 4295.84 over 498 frames.
M07UP13A0882I301 haan 
LOG (lattice-best-path:main():lattice-best-path.cc:99) For utterance M07UP13A0884I303, best cost 20.3196 + 4264.59 = 4284.91 over 498 frames.
M07UP13A0884I303 haan 
LOG (lattice-best-path:main():lattice-best-path.cc:99) For utterance M07UP13A0888I41, best cost 12.5248 + 2443.42 = 2455.94 over 298 frames.
M07UP13A0888I41 haan 
LOG (lattice-best-path:main():lattice-best-path.cc:99) For utterance M07UP13A0889I41, best cost 20.3124 + 2728.57 = 2748.89 over 298 frames.
M07UP13A0889I41 nahiin 
LOG (lattice-best-path:main():lattice-best-path.cc:99) For utterance M07UP13A0890I43, best cost 16.0615 + 2749.98 = 2766.04 over 298 frames.
M07UP13A0890I43 haan 
LOG (lattice-best-path:main():lattice-best-path.cc:99) For utterance M07UP13A0897I302, best cost 29.8712 + 4065.94 = 4095.81 over 498 frames.
M07UP13A0897I302 haan 
LOG (lattice-best-path:main():lattice-best-path.cc:99) For utterance M07UP13A0897I41, best cost 16.5009 + 2389.53 = 2406.03 over 298 frames.
M07UP13A0897I41 haan 
LOG (lattice-best-path:main():lattice-best-path.cc:99) For utterance M07UP13A0898I303, best cost 22.9841 + 4193.82 = 4216.8 over 498 frames.
M07UP13A0898I303 nahiin 
LOG (lattice-best-path:main():lattice-best-path.cc:99) For utterance M07UP13A0900I436, best cost 12.2445 + 2422.33 = 2434.58 over 298 frames.
M07UP13A0900I436 haan 
LOG (lattice-best-path:main():lattice-best-path.cc:99) For utterance M07UP14A0572I301, best cost 21.7585 + 3726.51 = 3748.26 over 498 frames.
M07UP14A0572I301 haan 
LOG (lattice-best-path:main():lattice-best-path.cc:99) For utterance M07UP14A0576I41, best cost 17.3195 + 2509.98 = 2527.3 over 298 frames.
M07UP14A0576I41 haan 
LOG (lattice-best-path:main():lattice-best-path.cc:99) For utterance M07UP14A0583I300, best cost 25.033 + 4197.64 = 4222.67 over 498 frames.
M07UP14A0583I300 haan 
LOG (lattice-best-path:main():lattice-best-path.cc:99) For utterance M07UP14A0588I41, best cost 18.6399 + 2487.63 = 2506.27 over 300 frames.
M07UP14A0588I41 nahiin 
LOG (lattice-best-path:main():lattice-best-path.cc:99) For utterance M07UP14A0590I300, best cost 20.6245 + 3870.75 = 3891.37 over 498 frames.
M07UP14A0590I300 nahiin 
LOG (lattice-best-path:main():lattice-best-path.cc:99) For utterance M07UP14A0590I43, best cost 19.3157 + 2487.98 = 2507.29 over 298 frames.
M07UP14A0590I43 nahiin 
LOG (lattice-best-path:main():lattice-best-path.cc:99) For utterance M07UP14A0591I302, best cost 13.5099 + 3751.81 = 3765.32 over 498 frames.
M07UP14A0591I302 nahiin 
LOG (lattice-best-path:main():lattice-best-path.cc:99) For utterance M07UP14A0591I303, best cost 17.0609 + 4221.13 = 4238.19 over 498 frames.
M07UP14A0591I303 nahiin 
LOG (lattice-best-path:main():lattice-best-path.cc:99) For utterance M07UP18A0362I47, best cost 15.2194 + 2426.46 = 2441.68 over 298 frames.
M07UP18A0362I47 nahiin 
LOG (lattice-best-path:main():lattice-best-path.cc:99) For utterance M07UP18A0363I300, best cost 22.5747 + 3830.66 = 3853.24 over 498 frames.
M07UP18A0363I300 nahiin 
LOG (lattice-best-path:main():lattice-best-path.cc:99) For utterance M07UP18A0363I302, best cost 21.9481 + 3720.68 = 3742.62 over 498 frames.
M07UP18A0363I302 nahiin 
LOG (lattice-best-path:main():lattice-best-path.cc:99) For utterance M07UP18A0365I42, best cost 15.9183 + 2330.85 = 2346.77 over 298 frames.
M07UP18A0365I42 haan 
LOG (lattice-best-path:main():lattice-best-path.cc:99) For utterance M07UP18A0366I41, best cost 18.3101 + 2437 = 2455.31 over 298 frames.
M07UP18A0366I41 nahiin 
LOG (lattice-best-path:main():lattice-best-path.cc:99) For utterance M07UP18A0367I43, best cost 12.9988 + 2461.94 = 2474.94 over 298 frames.
M07UP18A0367I43 haan 
LOG (lattice-best-path:main():lattice-best-path.cc:99) For utterance M07UP18A0368I301, best cost 28.1494 + 4121.62 = 4149.77 over 498 frames.
M07UP18A0368I301 haan 
LOG (lattice-best-path:main():lattice-best-path.cc:99) For utterance M07UP18A0368I49, best cost 14.0531 + 2482.09 = 2496.14 over 298 frames.
M07UP18A0368I49 nahiin 
LOG (lattice-best-path:main():lattice-best-path.cc:99) For utterance M07UP18A0369I48, best cost 21.2191 + 2706.58 = 2727.8 over 298 frames.
M07UP18A0369I48 haan 
LOG (lattice-best-path:main():lattice-best-path.cc:99) For utterance M07UP18A0371I300, best cost 21.2565 + 4313.54 = 4334.8 over 498 frames.
M07UP18A0371I300 nahiin 
LOG (lattice-best-path:main():lattice-best-path.cc:99) For utterance M07UP18A0374I300, best cost 21.5963 + 4606.84 = 4628.44 over 498 frames.
M07UP18A0374I300 nahiin 
LOG (lattice-best-path:main():lattice-best-path.cc:99) For utterance M07UP18A0374I48, best cost 19.8314 + 2654.31 = 2674.14 over 298 frames.
M07UP18A0374I48 nahiin 
LOG (lattice-best-path:main():lattice-best-path.cc:99) For utterance M07UP18A0375I45, best cost 15.9064 + 2614.39 = 2630.3 over 298 frames.
M07UP18A0375I45 nahiin 
LOG (lattice-best-path:main():lattice-best-path.cc:99) For utterance M07UP18A0376I43, best cost 16.2854 + 2314.88 = 2331.16 over 298 frames.
M07UP18A0376I43 nahiin 
LOG (lattice-best-path:main():lattice-best-path.cc:99) For utterance M07UP18A0376I49, best cost 18.0132 + 2330.02 = 2348.03 over 298 frames.
M07UP18A0376I49 haan 
LOG (lattice-best-path:main():lattice-best-path.cc:99) For utterance M07UP18A0378I302, best cost 19.3233 + 4580.19 = 4599.51 over 498 frames.
M07UP18A0378I302 nahiin 
LOG (lattice-best-path:main():lattice-best-path.cc:99) For utterance M07UP18A0380I300, best cost 21.7119 + 4151.59 = 4173.3 over 498 frames.
M07UP18A0380I300 nahiin 
LOG (lattice-best-path:main():lattice-best-path.cc:99) For utterance M07UP19A0341I48, best cost 11.3179 + 2187.37 = 2198.68 over 298 frames.
M07UP19A0341I48 haan 
LOG (lattice-best-path:main():lattice-best-path.cc:99) For utterance M07UP19A0345I300, best cost 21.4397 + 4544.19 = 4565.63 over 490 frames.
M07UP19A0345I300 haan 
LOG (lattice-best-path:main():lattice-best-path.cc:99) For utterance M07UP19A0345I45, best cost 16.1592 + 2335.84 = 2352 over 298 frames.
M07UP19A0345I45 haan 
LOG (lattice-best-path:main():lattice-best-path.cc:99) For utterance M07UP19A0346I301, best cost 24.5622 + 4359.45 = 4384.01 over 498 frames.
M07UP19A0346I301 haan 
LOG (lattice-best-path:main():lattice-best-path.cc:99) For utterance M07UP19A0348I301, best cost 30.7562 + 3854.43 = 3885.18 over 498 frames.
M07UP19A0348I301 nahiin 
LOG (lattice-best-path:main():lattice-best-path.cc:99) For utterance M07UP19A0354I301, best cost 22.7682 + 4457.62 = 4480.39 over 498 frames.
M07UP19A0354I301 nahiin 
LOG (lattice-best-path:main():lattice-best-path.cc:99) For utterance M07UP19A0354I303, best cost 24.3584 + 4333.66 = 4358.02 over 498 frames.
M07UP19A0354I303 nahiin 
LOG (lattice-best-path:main():lattice-best-path.cc:99) For utterance M07UP19A0356I43, best cost 17.2772 + 2435.89 = 2453.17 over 298 frames.
M07UP19A0356I43 haan 
LOG (lattice-best-path:main():lattice-best-path.cc:99) For utterance M07UP19A0357I300, best cost 19.3778 + 4024.76 = 4044.14 over 498 frames.
M07UP19A0357I300 nahiin 
LOG (lattice-best-path:main():lattice-best-path.cc:99) For utterance M07UP19A0358I303, best cost 26.807 + 3818.45 = 3845.26 over 498 frames.
M07UP19A0358I303 nahiin 
LOG (lattice-best-path:main():lattice-best-path.cc:99) For utterance M07UP19A0359I40, best cost 12.6699 + 2261.72 = 2274.39 over 298 frames.
M07UP19A0359I40 nahiin 
LOG (lattice-best-path:main():lattice-best-path.cc:99) For utterance M07UP20A0734I300, best cost 22.6757 + 3991.14 = 4013.82 over 498 frames.
M07UP20A0734I300 haan 
LOG (lattice-best-path:main():lattice-best-path.cc:99) For utterance M07UP20A0739I44, best cost 14.7653 + 2318.93 = 2333.7 over 298 frames.
M07UP20A0739I44 haan 
LOG (lattice-best-path:main():lattice-best-path.cc:99) For utterance M07UP20A0739I45, best cost 14.5226 + 2245.46 = 2259.98 over 300 frames.
M07UP20A0739I45 nahiin 
LOG (lattice-best-path:main():lattice-best-path.cc:99) For utterance M07UP20A0740I302, best cost 20.107 + 3866.25 = 3886.36 over 498 frames.
M07UP20A0740I302 nahiin 
LOG (lattice-best-path:main():lattice-best-path.cc:99) For utterance M07UP20A0742I302, best cost 16.1282 + 3543.76 = 3559.89 over 498 frames.
M07UP20A0742I302 nahiin 
LOG (lattice-best-path:main():lattice-best-path.cc:99) For utterance M07UP20A0750I40, best cost 23.8688 + 2449.43 = 2473.3 over 298 frames.
M07UP20A0750I40 nahiin 
LOG (lattice-best-path:main():lattice-best-path.cc:99) For utterance M07UP20A0753I43, best cost 15.0174 + 2654.3 = 2669.32 over 298 frames.
M07UP20A0753I43 nahiin 
LOG (lattice-best-path:main():lattice-best-path.cc:99) For utterance M07UP21A0593I302, best cost 25.1331 + 4229.44 = 4254.58 over 498 frames.
M07UP21A0593I302 nahiin 
LOG (lattice-best-path:main():lattice-best-path.cc:99) For utterance M07UP21A0598I41, best cost 23.0478 + 2359.27 = 2382.32 over 298 frames.
M07UP21A0598I41 haan 
LOG (lattice-best-path:main():lattice-best-path.cc:99) For utterance M07UP21A0600I300, best cost 26.0048 + 4126.99 = 4152.99 over 498 frames.
M07UP21A0600I300 nahiin 
LOG (lattice-best-path:main():lattice-best-path.cc:99) For utterance M07UP21A0600I42, best cost 26.4439 + 2358.67 = 2385.11 over 298 frames.
M07UP21A0600I42 haan 
LOG (lattice-best-path:main():lattice-best-path.cc:99) For utterance M07UP21A0606I301, best cost 33.5195 + 4137.82 = 4171.34 over 498 frames.
M07UP21A0606I301 haan 
LOG (lattice-best-path:main():lattice-best-path.cc:99) For utterance M07UP21A0606I302, best cost 16.0134 + 4366.13 = 4382.15 over 498 frames.
M07UP21A0606I302 haan 
LOG (lattice-best-path:main():lattice-best-path.cc:99) For utterance M07UP21A0607I301, best cost 28.5762 + 3948.27 = 3976.85 over 498 frames.
M07UP21A0607I301 nahiin 
LOG (lattice-best-path:main():lattice-best-path.cc:99) For utterance M07UP22A1323I47, best cost 10.9526 + 2090.04 = 2100.99 over 298 frames.
M07UP22A1323I47 nahiin 
LOG (lattice-best-path:main():lattice-best-path.cc:99) For utterance M07UP22A1326I300, best cost 22.288 + 3939.64 = 3961.93 over 498 frames.
M07UP22A1326I300 nahiin 
LOG (lattice-best-path:main():lattice-best-path.cc:99) For utterance M07UP22A1342I301, best cost 25.7026 + 3674.16 = 3699.86 over 498 frames.
M07UP22A1342I301 nahiin 
LOG (lattice-best-path:main():lattice-best-path.cc:99) For utterance M07UP22A1347I43, best cost 15.5263 + 2724.31 = 2739.83 over 298 frames.
M07UP22A1347I43 haan 
LOG (lattice-best-path:main():lattice-best-path.cc:99) For utterance M07UP22A1347I47, best cost 17.1832 + 2638.78 = 2655.96 over 300 frames.
M07UP22A1347I47 nahiin 
LOG (lattice-best-path:main():lattice-best-path.cc:99) For utterance M07UP22A1355I301, best cost 20.5551 + 4231.34 = 4251.9 over 498 frames.
M07UP22A1355I301 haan 
LOG (lattice-best-path:main():lattice-best-path.cc:99) For utterance M07UP22A1355I47, best cost 17.5324 + 2384.25 = 2401.78 over 298 frames.
M07UP22A1355I47 haan 
LOG (lattice-best-path:main():lattice-best-path.cc:99) For utterance M07UP22A1357I300, best cost 25.4573 + 3863.8 = 3889.26 over 498 frames.
M07UP22A1357I300 nahiin 
LOG (lattice-best-path:main():lattice-best-path.cc:99) For utterance M07UP22A1357I45, best cost 12.9642 + 2309.28 = 2322.25 over 298 frames.
M07UP22A1357I45 haan 
LOG (lattice-best-path:main():lattice-best-path.cc:99) For utterance M07UP22A1357I47, best cost 13.3714 + 2356.89 = 2370.26 over 298 frames.
M07UP22A1357I47 nahiin 
LOG (lattice-best-path:main():lattice-best-path.cc:99) For utterance M07UP23A0224I44, best cost 15.6221 + 2664.94 = 2680.56 over 298 frames.
M07UP23A0224I44 haan 
LOG (lattice-best-path:main():lattice-best-path.cc:99) For utterance M07UP23A0233I43, best cost 12.922 + 2214.34 = 2227.26 over 298 frames.
M07UP23A0233I43 haan 
LOG (lattice-best-path:main():lattice-best-path.cc:99) For utterance M07UP23A0234I41, best cost 19.3665 + 2691.12 = 2710.48 over 298 frames.
M07UP23A0234I41 nahiin 
LOG (lattice-best-path:main():lattice-best-path.cc:99) For utterance M07UP23A0235I42, best cost 12.4097 + 2674.17 = 2686.58 over 298 frames.
M07UP23A0235I42 haan 
LOG (lattice-best-path:main():lattice-best-path.cc:99) For utterance M07UP23A0236I43, best cost 17.898 + 2494.05 = 2511.95 over 298 frames.
M07UP23A0236I43 nahiin 
LOG (lattice-best-path:main():lattice-best-path.cc:99) For utterance M07UP23A0239I40, best cost 9.01887 + 2601.72 = 2610.74 over 298 frames.
M07UP23A0239I40 nahiin 
LOG (lattice-best-path:main():lattice-best-path.cc:99) For utterance M07UP23A0242I42, best cost 18.912 + 2561.51 = 2580.42 over 298 frames.
M07UP23A0242I42 haan 
LOG (lattice-best-path:main():lattice-best-path.cc:99) For utterance M07UP24A0171I300, best cost 21.6075 + 4057.79 = 4079.39 over 498 frames.
M07UP24A0171I300 haan 
LOG (lattice-best-path:main():lattice-best-path.cc:99) For utterance M07UP24A0172I45, best cost 15.0372 + 2532.99 = 2548.03 over 298 frames.
M07UP24A0172I45 haan 
LOG (lattice-best-path:main():lattice-best-path.cc:99) For utterance M07UP24A0172I49, best cost 13.0914 + 2558.75 = 2571.84 over 298 frames.
M07UP24A0172I49 nahiin 
LOG (lattice-best-path:main():lattice-best-path.cc:99) For utterance M07UP24A0173I44, best cost 17.4948 + 2263.55 = 2281.05 over 298 frames.
M07UP24A0173I44 nahiin 
LOG (lattice-best-path:main():lattice-best-path.cc:99) For utterance M07UP24A0173I46, best cost 11.0624 + 2147.14 = 2158.21 over 298 frames.
M07UP24A0173I46 nahiin 
LOG (lattice-best-path:main():lattice-best-path.cc:99) For utterance M07UP24A0175I301, best cost 27.5397 + 3891.18 = 3918.72 over 498 frames.
M07UP24A0175I301 haan 
LOG (lattice-best-path:main():lattice-best-path.cc:99) For utterance M07UP24A0177F606, best cost 25.4376 + 7486.08 = 7511.52 over 998 frames.
M07UP24A0177F606 nahiin 
LOG (lattice-best-path:main():lattice-best-path.cc:99) For utterance M07UP24A0179I302, best cost 20.7859 + 3879.95 = 3900.73 over 498 frames.
M07UP24A0179I302 haan 
LOG (lattice-best-path:main():lattice-best-path.cc:99) For utterance M07UP24A0181I301, best cost 18.0688 + 4412.03 = 4430.1 over 498 frames.
M07UP24A0181I301 haan 
LOG (lattice-best-path:main():lattice-best-path.cc:99) For utterance M07UP24A0181I42, best cost 15.6043 + 2565.43 = 2581.03 over 298 frames.
M07UP24A0181I42 nahiin 
LOG (lattice-best-path:main():lattice-best-path.cc:99) For utterance M07UP24A0181I48, best cost 14.0455 + 2481.84 = 2495.89 over 298 frames.
M07UP24A0181I48 haan 
LOG (lattice-best-path:main():lattice-best-path.cc:99) For utterance M07UP24A0185I303, best cost 22.4074 + 4117.94 = 4140.35 over 498 frames.
M07UP24A0185I303 nahiin 
LOG (lattice-best-path:main():lattice-best-path.cc:99) For utterance M07UP24A0188I302, best cost 21.8287 + 3983.31 = 4005.14 over 498 frames.
M07UP24A0188I302 haan 
LOG (lattice-best-path:main():lattice-best-path.cc:99) For utterance M07UP24A0191I300, best cost 16.8608 + 3748.26 = 3765.12 over 498 frames.
M07UP24A0191I300 haan 
LOG (lattice-best-path:main():lattice-best-path.cc:99) For utterance M07UP25A1205I302, best cost 24.5212 + 4367.84 = 4392.36 over 498 frames.
M07UP25A1205I302 nahiin 
LOG (lattice-best-path:main():lattice-best-path.cc:99) For utterance M07UP25A1205I43, best cost 16.6037 + 2590.24 = 2606.84 over 298 frames.
M07UP25A1205I43 haan 
LOG (lattice-best-path:main():lattice-best-path.cc:99) For utterance M07UP25A1206I45, best cost 18.9229 + 2523.3 = 2542.23 over 298 frames.
M07UP25A1206I45 nahiin 
LOG (lattice-best-path:main():lattice-best-path.cc:99) For utterance M07UP25A1209I41, best cost 16.0424 + 2472.15 = 2488.19 over 298 frames.
M07UP25A1209I41 haan 
LOG (lattice-best-path:main():lattice-best-path.cc:99) For utterance M07UP25A1216I41, best cost 15.282 + 2697.08 = 2712.36 over 298 frames.
M07UP25A1216I41 haan 
LOG (lattice-best-path:main():lattice-best-path.cc:99) For utterance M07UP25A1220I300, best cost 35.4542 + 4037.36 = 4072.81 over 498 frames.
M07UP25A1220I300 haan 
LOG (lattice-best-path:main():lattice-best-path.cc:99) For utterance M07UP25A1220I42, best cost 19.7065 + 2433.58 = 2453.28 over 298 frames.
M07UP25A1220I42 nahiin 
LOG (lattice-best-path:main():lattice-best-path.cc:99) For utterance M07UP25A1261I302, best cost 24.1643 + 4403.25 = 4427.41 over 500 frames.
M07UP25A1261I302 haan 
LOG (lattice-best-path:main():lattice-best-path.cc:99) For utterance M07UP26A0214I42, best cost 12.8994 + 2718.86 = 2731.76 over 298 frames.
M07UP26A0214I42 nahiin 
LOG (lattice-best-path:main():lattice-best-path.cc:99) For utterance M07UP26A0255I48, best cost 17.8039 + 2435.18 = 2452.98 over 300 frames.
M07UP26A0255I48 haan 
LOG (lattice-best-path:main():lattice-best-path.cc:99) For utterance M07UP26A0257I47, best cost 13.1244 + 2189.41 = 2202.54 over 298 frames.
M07UP26A0257I47 haan 
LOG (lattice-best-path:main():lattice-best-path.cc:99) For utterance M07UP26A0258I414, best cost 19.4953 + 2337.16 = 2356.66 over 298 frames.
M07UP26A0258I414 haan 
LOG (lattice-best-path:main():lattice-best-path.cc:99) For utterance M07UP26A0261I47, best cost 13.155 + 2385.27 = 2398.42 over 298 frames.
M07UP26A0261I47 nahiin 
LOG (lattice-best-path:main():lattice-best-path.cc:99) For utterance M07UP26A0262I41, best cost 12.5635 + 2608.56 = 2621.13 over 298 frames.
M07UP26A0262I41 nahiin 
LOG (lattice-best-path:main():lattice-best-path.cc:99) For utterance M07UP26A0263I43, best cost 15.0322 + 2254.19 = 2269.22 over 298 frames.
M07UP26A0263I43 haan 
LOG (lattice-best-path:main():lattice-best-path.cc:99) For utterance M07UP26A0267I44, best cost 12.89 + 2378.07 = 2390.96 over 298 frames.
M07UP26A0267I44 haan 
LOG (lattice-best-path:main():lattice-best-path.cc:99) For utterance M07UP26A0269I47, best cost 16.047 + 2616.59 = 2632.64 over 298 frames.
M07UP26A0269I47 nahiin 
LOG (lattice-best-path:main():lattice-best-path.cc:99) For utterance M07UP26A0270I42, best cost 18.1261 + 2533.27 = 2551.4 over 298 frames.
M07UP26A0270I42 haan 
LOG (lattice-best-path:main():lattice-best-path.cc:99) For utterance M07UP26A0272I44, best cost 11.622 + 2108.94 = 2120.56 over 298 frames.
M07UP26A0272I44 nahiin 
LOG (lattice-best-path:main():lattice-best-path.cc:99) For utterance M07UP27A0641I438, best cost 14.9562 + 2365.95 = 2380.9 over 298 frames.
M07UP27A0641I438 nahiin 
LOG (lattice-best-path:main():lattice-best-path.cc:99) For utterance M07UP27A0647I41, best cost 14.0105 + 2364.98 = 2378.99 over 298 frames.
M07UP27A0647I41 haan 
LOG (lattice-best-path:main():lattice-best-path.cc:99) For utterance M07UP27A0647I43, best cost 16.8721 + 2411.77 = 2428.65 over 298 frames.
M07UP27A0647I43 haan 
LOG (lattice-best-path:main():lattice-best-path.cc:99) For utterance M07UP27A0657I303, best cost 21.7333 + 4081.91 = 4103.65 over 498 frames.
M07UP27A0657I303 haan 
LOG (lattice-best-path:main():lattice-best-path.cc:99) For utterance M07UP28A0216I301, best cost 15.8813 + 4184.45 = 4200.33 over 498 frames.
M07UP28A0216I301 nahiin 
LOG (lattice-best-path:main():lattice-best-path.cc:99) For utterance M07UP28A0218I300, best cost 27.2948 + 3985.63 = 4012.92 over 498 frames.
M07UP28A0218I300 nahiin 
LOG (lattice-best-path:main():lattice-best-path.cc:99) For utterance M07UP28A0219I40, best cost 13.6273 + 2403 = 2416.62 over 298 frames.
M07UP28A0219I40 haan 
LOG (lattice-best-path:main():lattice-best-path.cc:99) For utterance M07UP28A0219I505, best cost 16.4755 + 2402.03 = 2418.51 over 300 frames.
M07UP28A0219I505 nahiin 
LOG (lattice-best-path:main():lattice-best-path.cc:99) For utterance M07UP28A0225I302, best cost 13.9032 + 4214.61 = 4228.51 over 498 frames.
M07UP28A0225I302 haan 
LOG (lattice-best-path:main():lattice-best-path.cc:99) For utterance M07UP28A0225I40, best cost 23.8214 + 2368.63 = 2392.45 over 298 frames.
M07UP28A0225I40 haan 
LOG (lattice-best-path:main():lattice-best-path.cc:99) For utterance M07UP28A0225I41, best cost 12.0391 + 2812.8 = 2824.84 over 298 frames.
M07UP28A0225I41 nahiin 
LOG (lattice-best-path:main():lattice-best-path.cc:99) For utterance M07UP29A0506I301, best cost 20.804 + 3786.41 = 3807.21 over 498 frames.
M07UP29A0506I301 haan 
LOG (lattice-best-path:main():lattice-best-path.cc:99) For utterance M07UP29A0509I42, best cost 21.6458 + 2470.17 = 2491.81 over 298 frames.
M07UP29A0509I42 nahiin 
LOG (lattice-best-path:main():lattice-best-path.cc:99) For utterance M07UP29A0509I45, best cost 13.3652 + 2412.63 = 2425.99 over 298 frames.
M07UP29A0509I45 nahiin 
LOG (lattice-best-path:main():lattice-best-path.cc:99) For utterance M07UP29A0510I303, best cost 19.7083 + 3912.8 = 3932.51 over 500 frames.
M07UP29A0510I303 haan 
LOG (lattice-best-path:main():lattice-best-path.cc:99) For utterance M07UP29A0510I44, best cost 13.8738 + 2247.25 = 2261.12 over 298 frames.
M07UP29A0510I44 haan 
LOG (lattice-best-path:main():lattice-best-path.cc:99) For utterance M07UP29A0511I301, best cost 15.1104 + 4049.76 = 4064.87 over 498 frames.
M07UP29A0511I301 haan 
LOG (lattice-best-path:main():lattice-best-path.cc:99) For utterance M07UP29A0511I42, best cost 13.5706 + 2575.92 = 2589.49 over 298 frames.
M07UP29A0511I42 nahiin 
LOG (lattice-best-path:main():lattice-best-path.cc:99) For utterance M07UP29A0513I44, best cost 14.1091 + 2360.02 = 2374.13 over 298 frames.
M07UP29A0513I44 nahiin 
LOG (lattice-best-path:main():lattice-best-path.cc:99) For utterance M07UP29A0514I41, best cost 16.5879 + 2464.84 = 2481.43 over 298 frames.
M07UP29A0514I41 nahiin 
LOG (lattice-best-path:main():lattice-best-path.cc:99) For utterance M07UP29A0516I41, best cost 13.6087 + 2638.61 = 2652.22 over 298 frames.
M07UP29A0516I41 nahiin 
LOG (lattice-best-path:main():lattice-best-path.cc:99) For utterance M07UP29A0517I303, best cost 20.4289 + 4022.45 = 4042.88 over 498 frames.
M07UP29A0517I303 nahiin 
LOG (lattice-best-path:main():lattice-best-path.cc:99) For utterance M07UP29A0520I42, best cost 16.9008 + 2275.2 = 2292.1 over 298 frames.
M07UP29A0520I42 nahiin 
LOG (lattice-best-path:main():lattice-best-path.cc:99) For utterance M07UP29A0520I45, best cost 20.9223 + 2499.68 = 2520.6 over 298 frames.
M07UP29A0520I45 nahiin 
LOG (lattice-best-path:main():lattice-best-path.cc:99) For utterance M07UP29A0521I303, best cost 23.9151 + 3902.61 = 3926.53 over 498 frames.
M07UP29A0521I303 haan 
LOG (lattice-best-path:main():lattice-best-path.cc:99) For utterance M07UP29A0521I47, best cost 15.5774 + 2283.97 = 2299.55 over 298 frames.
M07UP29A0521I47 haan 
LOG (lattice-best-path:main():lattice-best-path.cc:99) For utterance M07UP31A1290I43, best cost 15.2671 + 2360.2 = 2375.47 over 298 frames.
M07UP31A1290I43 nahiin 
LOG (lattice-best-path:main():lattice-best-path.cc:99) For utterance M07UP31A1291I42, best cost 21.0203 + 2426.68 = 2447.7 over 298 frames.
M07UP31A1291I42 nahiin 
LOG (lattice-best-path:main():lattice-best-path.cc:99) For utterance M07UP31A1292I301, best cost 21.7477 + 3936.25 = 3958 over 498 frames.
M07UP31A1292I301 haan 
LOG (lattice-best-path:main():lattice-best-path.cc:99) For utterance M07UP31A1294I302, best cost 32.7241 + 3828.49 = 3861.21 over 498 frames.
M07UP31A1294I302 nahiin 
LOG (lattice-best-path:main():lattice-best-path.cc:99) For utterance M07UP31A1294I43, best cost 20.2736 + 2462.39 = 2482.66 over 298 frames.
M07UP31A1294I43 nahiin 
LOG (lattice-best-path:main():lattice-best-path.cc:99) For utterance M07UP31A1296I500, best cost 23.333 + 3554.66 = 3577.99 over 498 frames.
M07UP31A1296I500 nahiin 
LOG (lattice-best-path:main():lattice-best-path.cc:99) For utterance M07UP31A1300I300, best cost 24.8613 + 4470.64 = 4495.5 over 498 frames.
M07UP31A1300I300 haan 
LOG (lattice-best-path:main():lattice-best-path.cc:99) For utterance M07UP31A1302I301, best cost 28.5863 + 3957.91 = 3986.5 over 498 frames.
M07UP31A1302I301 haan 
LOG (lattice-best-path:main():lattice-best-path.cc:99) For utterance M07UP31A1306I302, best cost 33.9053 + 4023.67 = 4057.58 over 498 frames.
M07UP31A1306I302 nahiin 
LOG (lattice-best-path:main():lattice-best-path.cc:99) For utterance M07UP31A1306I303, best cost 18.172 + 4562.02 = 4580.19 over 498 frames.
M07UP31A1306I303 haan 
LOG (lattice-best-path:main():lattice-best-path.cc:99) For utterance M07UP31A1306I43, best cost 13.1765 + 2246.88 = 2260.06 over 298 frames.
M07UP31A1306I43 haan 
LOG (lattice-best-path:main():lattice-best-path.cc:99) For utterance M07UP31A1307I430, best cost 21.9146 + 2441.06 = 2462.98 over 298 frames.
M07UP31A1307I430 nahiin 
LOG (lattice-best-path:main():lattice-best-path.cc:99) For utterance M07UP31A1308I435, best cost 15.6056 + 2424.98 = 2440.59 over 298 frames.
M07UP31A1308I435 nahiin 
LOG (lattice-best-path:main():lattice-best-path.cc:99) For utterance M07UP31A1309I44, best cost 15.2086 + 2704.36 = 2719.57 over 298 frames.
M07UP31A1309I44 haan 
LOG (lattice-best-path:main():lattice-best-path.cc:99) For utterance M07UP31A1310I45, best cost 18.6911 + 2598.49 = 2617.19 over 298 frames.
M07UP31A1310I45 nahiin 
LOG (lattice-best-path:main():lattice-best-path.cc:99) For utterance M07UP34A0551I43, best cost 11.361 + 2594.65 = 2606.01 over 300 frames.
M07UP34A0551I43 nahiin 
LOG (lattice-best-path:main():lattice-best-path.cc:99) For utterance M07UP34A0554I301, best cost 18.8861 + 3898.92 = 3917.8 over 498 frames.
M07UP34A0554I301 haan 
LOG (lattice-best-path:main():lattice-best-path.cc:99) For utterance M07UP34A0555I300, best cost 23.4534 + 4457.17 = 4480.62 over 498 frames.
M07UP34A0555I300 haan 
LOG (lattice-best-path:main():lattice-best-path.cc:99) For utterance M07UP34A0558I42, best cost 16.0562 + 2525.12 = 2541.18 over 298 frames.
M07UP34A0558I42 haan 
LOG (lattice-best-path:main():lattice-best-path.cc:99) For utterance M07UP34A0559I303, best cost 27.5908 + 4010.84 = 4038.43 over 498 frames.
M07UP34A0559I303 nahiin 
LOG (lattice-best-path:main():lattice-best-path.cc:99) For utterance M07UP34A0559I44, best cost 20.8686 + 2446.96 = 2467.83 over 298 frames.
M07UP34A0559I44 haan 
LOG (lattice-best-path:main():lattice-best-path.cc:99) For utterance M07UP34A0561I300, best cost 22.0573 + 4466.06 = 4488.12 over 498 frames.
M07UP34A0561I300 haan 
LOG (lattice-best-path:main():lattice-best-path.cc:99) For utterance M07UP34A0563I303, best cost 38.6002 + 3807.48 = 3846.08 over 498 frames.
M07UP34A0563I303 haan 
LOG (lattice-best-path:main():lattice-best-path.cc:99) For utterance M07UP34A0564I43, best cost 15.1154 + 2423.01 = 2438.13 over 298 frames.
M07UP34A0564I43 nahiin 
LOG (lattice-best-path:main():lattice-best-path.cc:99) For utterance M07UP34A0566I301, best cost 22.4531 + 3793.44 = 3815.89 over 498 frames.
M07UP34A0566I301 nahiin 
LOG (lattice-best-path:main():lattice-best-path.cc:99) For utterance M07UP35A0443I41, best cost 16.6018 + 2514.65 = 2531.26 over 298 frames.
M07UP35A0443I41 haan 
LOG (lattice-best-path:main():lattice-best-path.cc:99) For utterance M07UP35A0446I301, best cost 21.5677 + 4099.51 = 4121.08 over 498 frames.
M07UP35A0446I301 haan 
LOG (lattice-best-path:main():lattice-best-path.cc:99) For utterance M07UP35A0448I301, best cost 21.6331 + 3733.05 = 3754.69 over 498 frames.
M07UP35A0448I301 nahiin 
LOG (lattice-best-path:main():lattice-best-path.cc:99) For utterance M07UP35A0450I301, best cost 23.7129 + 4403.51 = 4427.23 over 498 frames.
M07UP35A0450I301 haan 
LOG (lattice-best-path:main():lattice-best-path.cc:99) For utterance M07UP35A0452I303, best cost 33.3205 + 3753.98 = 3787.31 over 498 frames.
M07UP35A0452I303 haan 
LOG (lattice-best-path:main():lattice-best-path.cc:99) For utterance M07UP35A0455I303, best cost 29.7823 + 3721.66 = 3751.44 over 498 frames.
M07UP35A0455I303 haan 
LOG (lattice-best-path:main():lattice-best-path.cc:99) For utterance M07UP35A0455I426, best cost 21.4982 + 2549.1 = 2570.6 over 298 frames.
M07UP35A0455I426 nahiin 
LOG (lattice-best-path:main():lattice-best-path.cc:99) For utterance M07UP35A0456I43, best cost 17.5966 + 2453.14 = 2470.74 over 298 frames.
M07UP35A0456I43 haan 
LOG (lattice-best-path:main():lattice-best-path.cc:99) For utterance M07UP35A0457I41, best cost 15.8386 + 2577.46 = 2593.3 over 298 frames.
M07UP35A0457I41 haan 
LOG (lattice-best-path:main():lattice-best-path.cc:99) For utterance M07UP35A0459I303, best cost 16.9095 + 3877.98 = 3894.89 over 498 frames.
M07UP35A0459I303 haan 
LOG (lattice-best-path:main():lattice-best-path.cc:99) For utterance M07UP36A0825I301, best cost 35.155 + 4039.5 = 4074.65 over 498 frames.
M07UP36A0825I301 nahiin 
LOG (lattice-best-path:main():lattice-best-path.cc:99) For utterance M07UP36A0825I40, best cost 23.068 + 2378.43 = 2401.5 over 298 frames.
M07UP36A0825I40 haan 
LOG (lattice-best-path:main():lattice-best-path.cc:99) For utterance M07UP36A0827I300, best cost 29.5978 + 3673.35 = 3702.95 over 498 frames.
M07UP36A0827I300 haan 
LOG (lattice-best-path:main():lattice-best-path.cc:99) For utterance M07UP36A0829I302, best cost 20.9834 + 4018.5 = 4039.48 over 498 frames.
M07UP36A0829I302 haan 
LOG (lattice-best-path:main():lattice-best-path.cc:99) For utterance M07UP36A0832I302, best cost 21.4658 + 4127.83 = 4149.3 over 498 frames.
M07UP36A0832I302 nahiin 
LOG (lattice-best-path:main():lattice-best-path.cc:99) For utterance M07UP36A0840I41, best cost 15.5467 + 2249.7 = 2265.25 over 298 frames.
M07UP36A0840I41 nahiin 
LOG (lattice-best-path:main():lattice-best-path.cc:99) For utterance M07UP37A0301I42, best cost 12.7502 + 2124.39 = 2137.14 over 298 frames.
M07UP37A0301I42 haan 
LOG (lattice-best-path:main():lattice-best-path.cc:99) For utterance M07UP37A0302I45, best cost 9.79563 + 2658.04 = 2667.83 over 298 frames.
M07UP37A0302I45 haan 
LOG (lattice-best-path:main():lattice-best-path.cc:99) For utterance M07UP37A0306I47, best cost 14.3631 + 2689.38 = 2703.74 over 298 frames.
M07UP37A0306I47 haan 
LOG (lattice-best-path:main():lattice-best-path.cc:99) For utterance M07UP37A0307I303, best cost 15.0532 + 4271.71 = 4286.76 over 498 frames.
M07UP37A0307I303 haan 
LOG (lattice-best-path:main():lattice-best-path.cc:99) For utterance M07UP37A0309I40, best cost 9.74676 + 2762.46 = 2772.2 over 298 frames.
M07UP37A0309I40 haan 
LOG (lattice-best-path:main():lattice-best-path.cc:99) For utterance M07UP37A0309I44, best cost 14.9849 + 2649.95 = 2664.93 over 300 frames.
M07UP37A0309I44 haan 
LOG (lattice-best-path:main():lattice-best-path.cc:99) For utterance M07UP37A0311I43, best cost 18.1345 + 2406.25 = 2424.39 over 298 frames.
M07UP37A0311I43 nahiin 
LOG (lattice-best-path:main():lattice-best-path.cc:99) For utterance M07UP37A0311I44, best cost 17.9443 + 2386.5 = 2404.44 over 298 frames.
M07UP37A0311I44 haan 
LOG (lattice-best-path:main():lattice-best-path.cc:99) For utterance M07UP37A0311I48, best cost 11.7665 + 2189.55 = 2201.32 over 300 frames.
M07UP37A0311I48 haan 
LOG (lattice-best-path:main():lattice-best-path.cc:99) For utterance M07UP37A0313I427, best cost 13.2584 + 2447.38 = 2460.63 over 298 frames.
M07UP37A0313I427 nahiin 
LOG (lattice-best-path:main():lattice-best-path.cc:99) For utterance M07UP37A0314I300, best cost 19.2309 + 4303.87 = 4323.1 over 498 frames.
M07UP37A0314I300 nahiin 
LOG (lattice-best-path:main():lattice-best-path.cc:99) For utterance M07UP37A0316I305, best cost 15.5192 + 4469.74 = 4485.26 over 498 frames.
M07UP37A0316I305 haan 
LOG (lattice-best-path:main():lattice-best-path.cc:99) For utterance M07UP37A0317I47, best cost 14.6136 + 2359.82 = 2374.43 over 298 frames.
M07UP37A0317I47 haan 
LOG (lattice-best-path:main():lattice-best-path.cc:99) For utterance M07UP37A0317I48, best cost 15.3003 + 2662.75 = 2678.06 over 298 frames.
M07UP37A0317I48 haan 
LOG (lattice-best-path:main():lattice-best-path.cc:99) For utterance M07UP37A0319I301, best cost 19.879 + 4482.21 = 4502.09 over 498 frames.
M07UP37A0319I301 haan 
LOG (lattice-best-path:main():lattice-best-path.cc:99) For utterance M07UP38A0103I43, best cost 14.4712 + 2417.7 = 2432.17 over 298 frames.
M07UP38A0103I43 haan 
LOG (lattice-best-path:main():lattice-best-path.cc:99) For utterance M07UP38A0107I43, best cost 12.4714 + 2456.58 = 2469.05 over 298 frames.
M07UP38A0107I43 nahiin 
LOG (lattice-best-path:main():lattice-best-path.cc:99) For utterance M07UP39A0774I301, best cost 19.3733 + 3728.26 = 3747.64 over 498 frames.
M07UP39A0774I301 haan 
LOG (lattice-best-path:main():lattice-best-path.cc:99) For utterance M07UP39A0776I302, best cost 13.7574 + 3689.93 = 3703.68 over 498 frames.
M07UP39A0776I302 nahiin 
LOG (lattice-best-path:main():lattice-best-path.cc:99) For utterance M07UP39A0777I300, best cost 25.2846 + 3857.49 = 3882.78 over 498 frames.
M07UP39A0777I300 haan 
LOG (lattice-best-path:main():lattice-best-path.cc:99) For utterance M07UP39A0777I423, best cost 12.88 + 2188.11 = 2200.99 over 298 frames.
M07UP39A0777I423 nahiin 
LOG (lattice-best-path:main():lattice-best-path.cc:99) For utterance M07UP39A0778I303, best cost 26.1362 + 4074.13 = 4100.26 over 498 frames.
M07UP39A0778I303 haan 
LOG (lattice-best-path:main():lattice-best-path.cc:99) For utterance M07UP39A0781I501, best cost 12.2035 + 3166.06 = 3178.26 over 398 frames.
M07UP39A0781I501 nahiin 
LOG (lattice-best-path:main():lattice-best-path.cc:99) For utterance M07UP41A0273I301, best cost 18.609 + 4570.74 = 4589.34 over 498 frames.
M07UP41A0273I301 nahiin 
LOG (lattice-best-path:main():lattice-best-path.cc:99) For utterance M07UP41A0273I47, best cost 11.8799 + 2505.8 = 2517.68 over 298 frames.
M07UP41A0273I47 nahiin 
LOG (lattice-best-path:main():lattice-best-path.cc:99) For utterance M07UP41A0275I300, best cost 22.7366 + 3741.33 = 3764.06 over 498 frames.
M07UP41A0275I300 haan 
LOG (lattice-best-path:main():lattice-best-path.cc:99) For utterance M07UP41A0277I300, best cost 13.6788 + 4144.96 = 4158.64 over 498 frames.
M07UP41A0277I300 haan 
LOG (lattice-best-path:main():lattice-best-path.cc:99) For utterance M07UP41A0277I43, best cost 13.9697 + 2623.11 = 2637.08 over 298 frames.
M07UP41A0277I43 nahiin 
LOG (lattice-best-path:main():lattice-best-path.cc:99) For utterance M07UP41A0279I301, best cost 16.4186 + 4129.67 = 4146.08 over 498 frames.
M07UP41A0279I301 haan 
LOG (lattice-best-path:main():lattice-best-path.cc:99) For utterance M07UP41A0279I302, best cost 23.655 + 3953.83 = 3977.48 over 498 frames.
M07UP41A0279I302 haan 
LOG (lattice-best-path:main():lattice-best-path.cc:99) For utterance M07UP41A0279I47, best cost 15.5274 + 2682.47 = 2698 over 298 frames.
M07UP41A0279I47 nahiin 
LOG (lattice-best-path:main():lattice-best-path.cc:99) For utterance M07UP41A0280I42, best cost 11.172 + 2473.53 = 2484.71 over 298 frames.
M07UP41A0280I42 nahiin 
LOG (lattice-best-path:main():lattice-best-path.cc:99) For utterance M07UP41A0280I45, best cost 16.1723 + 2643.56 = 2659.74 over 298 frames.
M07UP41A0280I45 nahiin 
LOG (lattice-best-path:main():lattice-best-path.cc:99) For utterance M07UP41A0283I48, best cost 11.9924 + 2193.63 = 2205.63 over 298 frames.
M07UP41A0283I48 haan 
LOG (lattice-best-path:main():lattice-best-path.cc:99) For utterance M07UP41A0289I303, best cost 23.861 + 4065.46 = 4089.33 over 498 frames.
M07UP41A0289I303 haan 
LOG (lattice-best-path:main():lattice-best-path.cc:99) For utterance M07UP41A0289I44, best cost 13.1256 + 2349.27 = 2362.4 over 300 frames.
M07UP41A0289I44 nahiin 
LOG (lattice-best-path:main():lattice-best-path.cc:99) For utterance M07UP41A0290I47, best cost 16.3518 + 2372.72 = 2389.07 over 298 frames.
M07UP41A0290I47 haan 
LOG (lattice-best-path:main():lattice-best-path.cc:99) For utterance M07UP41A0291I43, best cost 14.8848 + 2266.35 = 2281.23 over 298 frames.
M07UP41A0291I43 haan 
LOG (lattice-best-path:main():lattice-best-path.cc:99) For utterance M07UP41A0291I46, best cost 13.824 + 2346.68 = 2360.5 over 298 frames.
M07UP41A0291I46 haan 
LOG (lattice-best-path:main():lattice-best-path.cc:99) For utterance M07UP42A0111I46, best cost 17.8622 + 2309.02 = 2326.89 over 298 frames.
M07UP42A0111I46 haan 
LOG (lattice-best-path:main():lattice-best-path.cc:99) For utterance M07UP42A0116I430, best cost 12.88 + 2543.59 = 2556.47 over 298 frames.
M07UP42A0116I430 haan 
LOG (lattice-best-path:main():lattice-best-path.cc:99) For utterance M07UP42A0117I419, best cost 18.988 + 2389.67 = 2408.66 over 298 frames.
M07UP42A0117I419 haan 
LOG (lattice-best-path:main():lattice-best-path.cc:99) For utterance M07UP42A0117I423, best cost 13.1037 + 2526.93 = 2540.04 over 298 frames.
M07UP42A0117I423 nahiin 
LOG (lattice-best-path:main():lattice-best-path.cc:99) For utterance M07UP42A0119I300, best cost 22.4179 + 4304.68 = 4327.1 over 498 frames.
M07UP42A0119I300 haan 
LOG (lattice-best-path:main():lattice-best-path.cc:99) For utterance M07UP42A0119I46, best cost 18.475 + 2611.53 = 2630.01 over 298 frames.
M07UP42A0119I46 haan 
LOG (lattice-best-path:main():lattice-best-path.cc:99) For utterance M07UP42A0120I418, best cost 17.2788 + 2419.12 = 2436.4 over 298 frames.
M07UP42A0120I418 nahiin 
LOG (lattice-best-path:main():lattice-best-path.cc:99) For utterance M07UP42A0120I424, best cost 16.0266 + 2444.16 = 2460.19 over 298 frames.
M07UP42A0120I424 nahiin 
LOG (lattice-best-path:main():lattice-best-path.cc:99) For utterance M07UP42A0120I429, best cost 15.9536 + 2557.2 = 2573.16 over 298 frames.
M07UP42A0120I429 haan 
LOG (lattice-best-path:main():lattice-best-path.cc:99) For utterance M07UP42A0122I302, best cost 15.9412 + 4183.62 = 4199.56 over 498 frames.
M07UP42A0122I302 nahiin 
LOG (lattice-best-path:main():lattice-best-path.cc:99) For utterance M07UP42A0122I424, best cost 15.2905 + 2575.48 = 2590.77 over 298 frames.
M07UP42A0122I424 haan 
LOG (lattice-best-path:main():lattice-best-path.cc:99) For utterance M07UP42A0122I46, best cost 22.3911 + 2516.11 = 2538.5 over 298 frames.
M07UP42A0122I46 haan 
LOG (lattice-best-path:main():lattice-best-path.cc:99) For utterance M07UP42A0123I42, best cost 17.6635 + 2516.66 = 2534.33 over 298 frames.
M07UP42A0123I42 haan 
LOG (lattice-best-path:main():lattice-best-path.cc:99) For utterance M07UP42A0123I424, best cost 11.6667 + 2618.7 = 2630.36 over 298 frames.
M07UP42A0123I424 nahiin 
LOG (lattice-best-path:main():lattice-best-path.cc:99) For utterance M07UP42A0124I45, best cost 15.163 + 2409.87 = 2425.03 over 298 frames.
M07UP42A0124I45 haan 
LOG (lattice-best-path:main():lattice-best-path.cc:99) For utterance M07UP42A0126I437, best cost 16.4471 + 2536.32 = 2552.77 over 298 frames.
M07UP42A0126I437 nahiin 
LOG (lattice-best-path:main():lattice-best-path.cc:99) For utterance M07UP43A0148I300, best cost 23.0385 + 4389.97 = 4413.01 over 498 frames.
M07UP43A0148I300 nahiin 
LOG (lattice-best-path:main():lattice-best-path.cc:99) For utterance M07UP43A0151I42, best cost 18.0138 + 2687.72 = 2705.73 over 298 frames.
M07UP43A0151I42 nahiin 
LOG (lattice-best-path:main():lattice-best-path.cc:99) For utterance M07UP43A0154I43, best cost 12.8766 + 2217.04 = 2229.92 over 298 frames.
M07UP43A0154I43 haan 
LOG (lattice-best-path:main():lattice-best-path.cc:99) For utterance M07UP43A0154I44, best cost 15.7893 + 2294.58 = 2310.37 over 298 frames.
M07UP43A0154I44 haan 
LOG (lattice-best-path:main():lattice-best-path.cc:99) For utterance M07UP43A0158I41, best cost 14.0521 + 2553.66 = 2567.71 over 298 frames.
M07UP43A0158I41 nahiin 
LOG (lattice-best-path:main():lattice-best-path.cc:99) For utterance M07UP45A0614I48, best cost 18.6891 + 2568.87 = 2587.56 over 298 frames.
M07UP45A0614I48 nahiin 
LOG (lattice-best-path:main():lattice-best-path.cc:99) For utterance M07UP45A0616I43, best cost 16.6371 + 2445.82 = 2462.46 over 298 frames.
M07UP45A0616I43 haan 
LOG (lattice-best-path:main():lattice-best-path.cc:99) For utterance M07UP45A0624I41, best cost 16.6051 + 2463.48 = 2480.08 over 298 frames.
M07UP45A0624I41 haan 
LOG (lattice-best-path:main():lattice-best-path.cc:99) For utterance M07UP45A0624I44, best cost 20.8598 + 2431.25 = 2452.11 over 298 frames.
M07UP45A0624I44 nahiin 
LOG (lattice-best-path:main():lattice-best-path.cc:99) For utterance M07UP45A0625I41, best cost 14.2563 + 2522.35 = 2536.6 over 298 frames.
M07UP45A0625I41 haan 
LOG (lattice-best-path:main():lattice-best-path.cc:99) For utterance M07UP45A0627I43, best cost 14.8924 + 2202.91 = 2217.81 over 298 frames.
M07UP45A0627I43 haan 
LOG (lattice-best-path:main():lattice-best-path.cc:99) For utterance M07UP45A0628I41, best cost 16.8085 + 2489.02 = 2505.83 over 298 frames.
M07UP45A0628I41 haan 
LOG (lattice-best-path:main():lattice-best-path.cc:99) For utterance M07UP45A0629I303, best cost 23.4026 + 4403.62 = 4427.03 over 498 frames.
M07UP45A0629I303 nahiin 
LOG (lattice-best-path:main():lattice-best-path.cc:99) For utterance M07UP45A0634I48, best cost 17.9027 + 2379.33 = 2397.24 over 298 frames.
M07UP45A0634I48 haan 
LOG (lattice-best-path:main():lattice-best-path.cc:99) For utterance M07UP45A0635I42, best cost 18.4546 + 2500.16 = 2518.61 over 298 frames.
M07UP45A0635I42 haan 
LOG (lattice-best-path:main():lattice-best-path.cc:99) For utterance M07UP45A0636I300, best cost 14.8806 + 3621.96 = 3636.84 over 498 frames.
M07UP45A0636I300 haan 
LOG (lattice-best-path:main():lattice-best-path.cc:99) For utterance M07UP48A0013I417, best cost 20.0123 + 2424.46 = 2444.47 over 298 frames.
M07UP48A0013I417 haan 
LOG (lattice-best-path:main():lattice-best-path.cc:99) For utterance M07UP48A0013I43, best cost 14.1524 + 2481.27 = 2495.42 over 298 frames.
M07UP48A0013I43 haan 
LOG (lattice-best-path:main():lattice-best-path.cc:99) For utterance M07UP48A0014I44, best cost 12.0185 + 2470.69 = 2482.71 over 298 frames.
M07UP48A0014I44 nahiin 
LOG (lattice-best-path:main():lattice-best-path.cc:99) For utterance M07UP48A0015I422, best cost 15.3272 + 2452.95 = 2468.28 over 298 frames.
M07UP48A0015I422 haan 
LOG (lattice-best-path:main():lattice-best-path.cc:99) For utterance M07UP48A0018I422, best cost 14.1556 + 2590.46 = 2604.61 over 298 frames.
M07UP48A0018I422 nahiin 
LOG (lattice-best-path:main():lattice-best-path.cc:99) For utterance M07UP48A0020I43, best cost 12.6493 + 2274.5 = 2287.15 over 298 frames.
M07UP48A0020I43 haan 
LOG (lattice-best-path:main():lattice-best-path.cc:99) For utterance M07UP48A0021I45, best cost 17.1917 + 2256.61 = 2273.81 over 298 frames.
M07UP48A0021I45 nahiin 
LOG (lattice-best-path:main():lattice-best-path.cc:99) For utterance M07UP48A0024I49, best cost 16.5399 + 2572.9 = 2589.44 over 304 frames.
M07UP48A0024I49 nahiin 
LOG (lattice-best-path:main():lattice-best-path.cc:99) For utterance M07UP48A0028I45, best cost 13.5099 + 2558.28 = 2571.79 over 298 frames.
M07UP48A0028I45 nahiin 
LOG (lattice-best-path:main():lattice-best-path.cc:99) For utterance M07UP48A0031I44, best cost 18.616 + 2583.92 = 2602.53 over 298 frames.
M07UP48A0031I44 haan 
LOG (lattice-best-path:main():lattice-best-path.cc:99) For utterance M07UP49A0861I41, best cost 14.3413 + 2281.05 = 2295.39 over 300 frames.
M07UP49A0861I41 haan 
LOG (lattice-best-path:main():lattice-best-path.cc:99) For utterance M07UP49A0863I300, best cost 28.4886 + 4168.11 = 4196.59 over 498 frames.
M07UP49A0863I300 nahiin 
LOG (lattice-best-path:main():lattice-best-path.cc:99) For utterance M07UP49A0866I504, best cost 17.7173 + 2734.29 = 2752.01 over 298 frames.
M07UP49A0866I504 nahiin 
LOG (lattice-best-path:main():lattice-best-path.cc:99) For utterance M07UP49A0869I301, best cost 21.9144 + 4104.1 = 4126.02 over 498 frames.
M07UP49A0869I301 nahiin 
LOG (lattice-best-path:main():lattice-best-path.cc:99) For utterance M07UP49A0880I43, best cost 23.042 + 2422.37 = 2445.42 over 298 frames.
M07UP49A0880I43 nahiin 
LOG (lattice-best-path:main():lattice-best-path.cc:99) For utterance M07UP51A0032I301, best cost 15.0518 + 3768.92 = 3783.98 over 430 frames.
M07UP51A0032I301 haan 
LOG (lattice-best-path:main():lattice-best-path.cc:99) For utterance M07UP51A0033I42, best cost 20.1754 + 2518.28 = 2538.45 over 298 frames.
M07UP51A0033I42 haan 
LOG (lattice-best-path:main():lattice-best-path.cc:99) For utterance M07UP51A0033I48, best cost 15.6305 + 2632.52 = 2648.15 over 298 frames.
M07UP51A0033I48 haan 
LOG (lattice-best-path:main():lattice-best-path.cc:99) For utterance M07UP51A0035I302, best cost 29.0153 + 4087.32 = 4116.34 over 498 frames.
M07UP51A0035I302 haan 
LOG (lattice-best-path:main():lattice-best-path.cc:99) For utterance M07UP51A0036I300, best cost 17.0846 + 4249 = 4266.08 over 498 frames.
M07UP51A0036I300 haan 
LOG (lattice-best-path:main():lattice-best-path.cc:99) For utterance M07UP51A0036I44, best cost 21.5456 + 2387.93 = 2409.48 over 298 frames.
M07UP51A0036I44 haan 
LOG (lattice-best-path:main():lattice-best-path.cc:99) For utterance M07UP51A0036I45, best cost 18.6758 + 2416.06 = 2434.74 over 298 frames.
M07UP51A0036I45 haan 
LOG (lattice-best-path:main():lattice-best-path.cc:99) For utterance M07UP51A0036I48, best cost 17.2462 + 2465.97 = 2483.21 over 298 frames.
M07UP51A0036I48 haan 
LOG (lattice-best-path:main():lattice-best-path.cc:99) For utterance M07UP51A0038I48, best cost 18.4107 + 2540.92 = 2559.33 over 298 frames.
M07UP51A0038I48 haan 
LOG (lattice-best-path:main():lattice-best-path.cc:99) For utterance M07UP51A0041I300, best cost 17.6395 + 3579.69 = 3597.33 over 498 frames.
M07UP51A0041I300 haan 
LOG (lattice-best-path:main():lattice-best-path.cc:99) For utterance M07UP51A0042I302, best cost 29.5339 + 3820.81 = 3850.35 over 498 frames.
M07UP51A0042I302 haan 
LOG (lattice-best-path:main():lattice-best-path.cc:99) For utterance M07UP51A0043I410, best cost 12.1844 + 2446.23 = 2458.42 over 298 frames.
M07UP51A0043I410 haan 
LOG (lattice-best-path:main():lattice-best-path.cc:99) For utterance M07UP51A0043I44, best cost 19.4501 + 2532.39 = 2551.84 over 298 frames.
M07UP51A0043I44 nahiin 
LOG (lattice-best-path:main():lattice-best-path.cc:99) For utterance M07UP51A0043I45, best cost 22.3643 + 2299.6 = 2321.97 over 298 frames.
M07UP51A0043I45 haan 
LOG (lattice-best-path:main():lattice-best-path.cc:99) For utterance M07UP51A0044I303, best cost 35.3665 + 3871.84 = 3907.21 over 498 frames.
M07UP51A0044I303 haan 
LOG (lattice-best-path:main():lattice-best-path.cc:99) For utterance M07UP51A0045I412, best cost 23.834 + 2544.85 = 2568.69 over 298 frames.
M07UP51A0045I412 haan 
LOG (lattice-best-path:main():lattice-best-path.cc:99) For utterance M07UP51A0046I412, best cost 16.8828 + 2279.28 = 2296.16 over 298 frames.
M07UP51A0046I412 nahiin 
LOG (lattice-best-path:main():lattice-best-path.cc:99) For utterance M07UP51A0046I43, best cost 21.4068 + 2460.15 = 2481.56 over 298 frames.
M07UP51A0046I43 haan 
LOG (lattice-best-path:main():lattice-best-path.cc:99) For utterance M07UP51A0049I44, best cost 14.7707 + 2631.15 = 2645.92 over 298 frames.
M07UP51A0049I44 haan 
LOG (lattice-best-path:main():lattice-best-path.cc:99) For utterance M07UP51A0049I48, best cost 18.9106 + 2652.65 = 2671.56 over 298 frames.
M07UP51A0049I48 haan 
LOG (lattice-best-path:main():lattice-best-path.cc:99) For utterance M07UP51A0050I300, best cost 23.6873 + 3855.2 = 3878.89 over 498 frames.
M07UP51A0050I300 haan 
LOG (lattice-best-path:main():lattice-best-path.cc:99) For utterance M07UP51A0050I42, best cost 19.7318 + 2432.2 = 2451.93 over 298 frames.
M07UP51A0050I42 haan 
LOG (lattice-best-path:main():lattice-best-path.cc:99) For utterance M07UP51A0050I45, best cost 14.2177 + 2471.3 = 2485.52 over 298 frames.
M07UP51A0050I45 haan 
LOG (lattice-best-path:main():lattice-best-path.cc:99) For utterance M07UP51A0052I301, best cost 19.5697 + 3729.69 = 3749.26 over 498 frames.
M07UP51A0052I301 nahiin 
LOG (lattice-best-path:main():lattice-best-path.cc:99) For utterance M07UP51A0052I303, best cost 18.9136 + 3605.33 = 3624.24 over 498 frames.
M07UP51A0052I303 haan 
LOG (lattice-best-path:main():lattice-best-path.cc:99) For utterance M07UP51A0052I412, best cost 15.0996 + 2270.32 = 2285.42 over 298 frames.
M07UP51A0052I412 haan 
LOG (lattice-best-path:main():lattice-best-path.cc:99) For utterance M07UP51A0052I45, best cost 18.2012 + 2387.21 = 2405.41 over 298 frames.
M07UP51A0052I45 haan 
LOG (lattice-best-path:main():lattice-best-path.cc:99) For utterance M07UP51A0053I302, best cost 22.598 + 3861.82 = 3884.42 over 498 frames.
M07UP51A0053I302 haan 
LOG (lattice-best-path:main():lattice-best-path.cc:99) For utterance M07UP51A0054I40, best cost 15.7663 + 2631 = 2646.77 over 298 frames.
M07UP51A0054I40 nahiin 
LOG (lattice-best-path:main():lattice-best-path.cc:99) For utterance M07UP51A0054I47, best cost 16.3895 + 2620.27 = 2636.66 over 298 frames.
M07UP51A0054I47 haan 
LOG (lattice-best-path:main():lattice-best-path.cc:99) For utterance M07UP51A0094I411, best cost 24.7276 + 2328.08 = 2352.8 over 298 frames.
M07UP51A0094I411 haan 
LOG (lattice-best-path:main():lattice-best-path.cc:99) For utterance M07UP52A0193I300, best cost 25.1029 + 3965.66 = 3990.76 over 498 frames.
M07UP52A0193I300 nahiin 
LOG (lattice-best-path:main():lattice-best-path.cc:99) For utterance M07UP52A0193I302, best cost 25.1655 + 3891.77 = 3916.93 over 498 frames.
M07UP52A0193I302 nahiin 
LOG (lattice-best-path:main():lattice-best-path.cc:99) For utterance M07UP52A0193I43, best cost 20.0367 + 2279.85 = 2299.89 over 298 frames.
M07UP52A0193I43 nahiin 
LOG (lattice-best-path:main():lattice-best-path.cc:99) For utterance M07UP52A0195I45, best cost 13.3292 + 2649.98 = 2663.31 over 298 frames.
M07UP52A0195I45 haan 
LOG (lattice-best-path:main():lattice-best-path.cc:99) For utterance M07UP52A0196I300, best cost 23.7973 + 4037.39 = 4061.19 over 498 frames.
M07UP52A0196I300 nahiin 
LOG (lattice-best-path:main():lattice-best-path.cc:99) For utterance M07UP52A0196I41, best cost 16.6473 + 2460.81 = 2477.46 over 292 frames.
M07UP52A0196I41 haan 
LOG (lattice-best-path:main():lattice-best-path.cc:99) For utterance M07UP52A0199I41, best cost 13.4104 + 2732.64 = 2746.05 over 298 frames.
M07UP52A0199I41 haan 
LOG (lattice-best-path:main():lattice-best-path.cc:99) For utterance M07UP52A0202I302, best cost 24.735 + 4415.66 = 4440.4 over 498 frames.
M07UP52A0202I302 nahiin 
LOG (lattice-best-path:main():lattice-best-path.cc:99) For utterance M07UP52A0202I40, best cost 13.3428 + 2670.32 = 2683.66 over 298 frames.
M07UP52A0202I40 nahiin 
LOG (lattice-best-path:main():lattice-best-path.cc:99) For utterance M07UP52A0202I45, best cost 18.5375 + 2699.93 = 2718.47 over 298 frames.
M07UP52A0202I45 haan 
LOG (lattice-best-path:main():lattice-best-path.cc:99) For utterance M07UP52A0205I43, best cost 17.8743 + 2490.37 = 2508.24 over 298 frames.
M07UP52A0205I43 haan 
LOG (lattice-best-path:main():lattice-best-path.cc:99) For utterance M07UP52A0206I302, best cost 21.9843 + 3988.33 = 4010.31 over 498 frames.
M07UP52A0206I302 haan 
LOG (lattice-best-path:main():lattice-best-path.cc:99) For utterance M07UP52A0206I40, best cost 10.801 + 2633.66 = 2644.46 over 298 frames.
M07UP52A0206I40 haan 
LOG (lattice-best-path:main():lattice-best-path.cc:99) For utterance M07UP52A0207I42, best cost 17.6734 + 2594.81 = 2612.48 over 298 frames.
M07UP52A0207I42 haan 
LOG (lattice-best-path:main():lattice-best-path.cc:99) For utterance M07UP52A0210I300, best cost 26.1714 + 4314.33 = 4340.5 over 498 frames.
M07UP52A0210I300 nahiin 
LOG (lattice-best-path:main():lattice-best-path.cc:99) For utterance M07UP52A0210I43, best cost 16.4998 + 2596.52 = 2613.02 over 298 frames.
M07UP52A0210I43 nahiin 
LOG (lattice-best-path:main():lattice-best-path.cc:99) For utterance M07UP52A0210I603, best cost 35.9241 + 8686.45 = 8722.38 over 998 frames.
M07UP52A0210I603 haan 
LOG (lattice-best-path:main():lattice-best-path.cc:99) For utterance M07UP52A0211I300, best cost 19.2982 + 4563.72 = 4583.02 over 500 frames.
M07UP52A0211I300 nahiin 
LOG (lattice-best-path:main():lattice-best-path.cc:99) For utterance M07UP52A0213I45, best cost 13.3538 + 2156.9 = 2170.25 over 298 frames.
M07UP52A0213I45 nahiin 
LOG (lattice-best-path:main():lattice-best-path.cc:99) For utterance M07UP53A0072I44, best cost 17.8922 + 2559.24 = 2577.13 over 298 frames.
M07UP53A0072I44 nahiin 
LOG (lattice-best-path:main():lattice-best-path.cc:99) For utterance M07UP53A0076I413, best cost 17.6225 + 2525.67 = 2543.29 over 298 frames.
M07UP53A0076I413 nahiin 
LOG (lattice-best-path:main():lattice-best-path.cc:99) For utterance M07UP53A0079I42, best cost 14.5403 + 2566.05 = 2580.59 over 298 frames.
M07UP53A0079I42 haan 
LOG (lattice-best-path:main():lattice-best-path.cc:99) For utterance M07UP53A0080I41, best cost 14.9573 + 2144.35 = 2159.31 over 298 frames.
M07UP53A0080I41 nahiin 
LOG (lattice-best-path:main():lattice-best-path.cc:99) For utterance M07UP53A0080I413, best cost 20.9288 + 2355.64 = 2376.57 over 298 frames.
M07UP53A0080I413 haan 
LOG (lattice-best-path:main():lattice-best-path.cc:99) For utterance M07UP53A0080I42, best cost 14.3921 + 2296.8 = 2311.19 over 298 frames.
M07UP53A0080I42 haan 
LOG (lattice-best-path:main():lattice-best-path.cc:99) For utterance M07UP53A0081I424, best cost 10.5887 + 2198.76 = 2209.34 over 298 frames.
M07UP53A0081I424 nahiin 
LOG (lattice-best-path:main():lattice-best-path.cc:99) For utterance M07UP53A0083I419, best cost 14.9455 + 2491.65 = 2506.59 over 298 frames.
M07UP53A0083I419 nahiin 
LOG (lattice-best-path:main():lattice-best-path.cc:99) For utterance M07UP53A0085I45, best cost 18.5375 + 2642.07 = 2660.61 over 300 frames.
M07UP53A0085I45 haan 
LOG (lattice-best-path:main():lattice-best-path.cc:99) For utterance M07UP53A0088I413, best cost 18.6866 + 2581.25 = 2599.94 over 298 frames.
M07UP53A0088I413 haan 
LOG (lattice-best-path:main():lattice-best-path.cc:99) For utterance M07UP53A0090I410, best cost 16.1938 + 2686.56 = 2702.75 over 300 frames.
M07UP53A0090I410 haan 
LOG (lattice-best-path:main():lattice-best-path.cc:99) For utterance M07UP54A1272I428, best cost 12.0138 + 2480.92 = 2492.93 over 298 frames.
M07UP54A1272I428 nahiin 
LOG (lattice-best-path:main():lattice-best-path.cc:99) For utterance M07UP54A1280I300, best cost 26.831 + 4141.25 = 4168.08 over 498 frames.
M07UP54A1280I300 nahiin 
LOG (lattice-best-path:main():lattice-best-path.cc:99) For utterance M07UP54A1290I45, best cost 17.5241 + 2568.72 = 2586.25 over 300 frames.
M07UP54A1290I45 nahiin 
LOG (lattice-best-path:main():lattice-best-path.cc:99) For utterance M07UP55A0462I422, best cost 12.2097 + 2340.91 = 2353.12 over 298 frames.
M07UP55A0462I422 nahiin 
LOG (lattice-best-path:main():lattice-best-path.cc:99) For utterance M07UP55A0464I303, best cost 20.3904 + 3820.98 = 3841.37 over 498 frames.
M07UP55A0464I303 haan 
LOG (lattice-best-path:main():lattice-best-path.cc:99) For utterance M07UP55A0464I42, best cost 18.5346 + 2487.66 = 2506.2 over 298 frames.
M07UP55A0464I42 nahiin 
LOG (lattice-best-path:main():lattice-best-path.cc:99) For utterance M07UP55A0469I300, best cost 28.1212 + 4076.39 = 4104.51 over 498 frames.
M07UP55A0469I300 nahiin 
LOG (lattice-best-path:main():lattice-best-path.cc:99) For utterance M07UP55A0469I40, best cost 25.7851 + 2338.79 = 2364.58 over 298 frames.
M07UP55A0469I40 haan 
LOG (lattice-best-path:main():lattice-best-path.cc:99) For utterance M07UP55A0470I301, best cost 26.263 + 3961.32 = 3987.58 over 498 frames.
M07UP55A0470I301 haan 
LOG (lattice-best-path:main():lattice-best-path.cc:99) For utterance M07UP55A0474I40, best cost 15.9572 + 2672.41 = 2688.37 over 298 frames.
M07UP55A0474I40 haan 
LOG (lattice-best-path:main():lattice-best-path.cc:99) For utterance M07UP55A0476I42, best cost 22.4209 + 2633.49 = 2655.91 over 298 frames.
M07UP55A0476I42 nahiin 
LOG (lattice-best-path:main():lattice-best-path.cc:99) For utterance M07UP55A0477I301, best cost 22.7483 + 3949.32 = 3972.06 over 498 frames.
M07UP55A0477I301 haan 
LOG (lattice-best-path:main():lattice-best-path.cc:99) For utterance M07UP55A0480I300, best cost 17.1008 + 4165.72 = 4182.82 over 498 frames.
M07UP55A0480I300 haan 
LOG (lattice-best-path:main():lattice-best-path.cc:99) For utterance M07UP56A0695I300, best cost 21.2749 + 4407.54 = 4428.81 over 498 frames.
M07UP56A0695I300 nahiin 
LOG (lattice-best-path:main():lattice-best-path.cc:99) For utterance M07UP56A0699I301, best cost 24.0109 + 3980.65 = 4004.66 over 498 frames.
M07UP56A0699I301 haan 
LOG (lattice-best-path:main():lattice-best-path.cc:99) For utterance M07UP56A0706I43, best cost 15.7907 + 2618.32 = 2634.11 over 298 frames.
M07UP56A0706I43 nahiin 
LOG (lattice-best-path:main():lattice-best-path.cc:99) For utterance M07UP56A0707I45, best cost 15.7486 + 2205.99 = 2221.74 over 298 frames.
M07UP56A0707I45 nahiin 
LOG (lattice-best-path:main():lattice-best-path.cc:99) For utterance M07UP56A0708I47, best cost 24.4184 + 2521.26 = 2545.68 over 298 frames.
M07UP56A0708I47 haan 
LOG (lattice-best-path:main():lattice-best-path.cc:99) For utterance M07UP56A0710I421, best cost 22.1986 + 2467.96 = 2490.16 over 298 frames.
M07UP56A0710I421 haan 
LOG (lattice-best-path:main():lattice-best-path.cc:99) For utterance M07UP57A0404I43, best cost 18.0196 + 2349.69 = 2367.71 over 298 frames.
M07UP57A0404I43 nahiin 
LOG (lattice-best-path:main():lattice-best-path.cc:99) For utterance M07UP57A0406I300, best cost 23.7609 + 3955.23 = 3978.99 over 498 frames.
M07UP57A0406I300 haan 
LOG (lattice-best-path:main():lattice-best-path.cc:99) For utterance M07UP57A0409I42, best cost 12.1215 + 2268.22 = 2280.34 over 298 frames.
M07UP57A0409I42 nahiin 
LOG (lattice-best-path:main():lattice-best-path.cc:99) For utterance M07UP57A0411I301, best cost 17.8753 + 4082.01 = 4099.89 over 498 frames.
M07UP57A0411I301 haan 
LOG (lattice-best-path:main():lattice-best-path.cc:99) For utterance M07UP57A0413I301, best cost 21.9119 + 3783.59 = 3805.5 over 498 frames.
M07UP57A0413I301 nahiin 
LOG (lattice-best-path:main():lattice-best-path.cc:99) For utterance M07UP57A0413I41, best cost 13.3131 + 2622.9 = 2636.21 over 298 frames.
M07UP57A0413I41 nahiin 
LOG (lattice-best-path:main():lattice-best-path.cc:99) For utterance M07UP57A0413I507, best cost 13.7068 + 2636.51 = 2650.22 over 298 frames.
M07UP57A0413I507 nahiin 
LOG (lattice-best-path:main():lattice-best-path.cc:99) For utterance M07UP57A0416I301, best cost 28.8701 + 4319.36 = 4348.23 over 498 frames.
M07UP57A0416I301 haan 
LOG (lattice-best-path:main():lattice-best-path.cc:99) For utterance M07UP57A0417I301, best cost 23.5956 + 4087.34 = 4110.94 over 498 frames.
M07UP57A0417I301 haan 
LOG (lattice-best-path:main():lattice-best-path.cc:99) For utterance M07UP57A0417I42, best cost 13.7713 + 2628.18 = 2641.95 over 298 frames.
M07UP57A0417I42 haan 
LOG (lattice-best-path:main():lattice-best-path.cc:99) For utterance M07UP57A0418I303, best cost 16.1607 + 4220.56 = 4236.72 over 498 frames.
M07UP57A0418I303 haan 
LOG (lattice-best-path:main():lattice-best-path.cc:99) For utterance M07UP60A0942I416, best cost 11.266 + 2192.21 = 2203.47 over 298 frames.
M07UP60A0942I416 haan 
LOG (lattice-best-path:main():lattice-best-path.cc:99) For utterance M07UP60A0942I418, best cost 12.9014 + 2362.83 = 2375.73 over 298 frames.
M07UP60A0942I418 haan 
LOG (lattice-best-path:main():lattice-best-path.cc:99) For utterance M07UP60A0944I42, best cost 16.763 + 2504.1 = 2520.86 over 298 frames.
M07UP60A0944I42 nahiin 
LOG (lattice-best-path:main():lattice-best-path.cc:99) For utterance M07UP60A0946I303, best cost 31.2546 + 4085.5 = 4116.75 over 498 frames.
M07UP60A0946I303 haan 
LOG (lattice-best-path:main():lattice-best-path.cc:99) For utterance M07UP60A0954I303, best cost 15.3166 + 3506.51 = 3521.82 over 498 frames.
M07UP60A0954I303 haan 
LOG (lattice-best-path:main():lattice-best-path.cc:99) For utterance M07UP60A0955I301, best cost 25.3797 + 3633.04 = 3658.42 over 498 frames.
M07UP60A0955I301 haan 
LOG (lattice-best-path:main():lattice-best-path.cc:99) For utterance M07UP60A0955I302, best cost 16.6524 + 3532.33 = 3548.98 over 498 frames.
M07UP60A0955I302 nahiin 
LOG (lattice-best-path:main():lattice-best-path.cc:99) For utterance M07UP60A0956I414, best cost 18.0285 + 2537.11 = 2555.14 over 298 frames.
M07UP60A0956I414 haan 
LOG (lattice-best-path:main():lattice-best-path.cc:99) For utterance M07UP60A0957I412, best cost 18.5578 + 2379.82 = 2398.38 over 298 frames.
M07UP60A0957I412 haan 
LOG (lattice-best-path:main():lattice-best-path.cc:99) For utterance M07UP60A0957I413, best cost 15.5031 + 2333.43 = 2348.94 over 298 frames.
M07UP60A0957I413 nahiin 
LOG (lattice-best-path:main():lattice-best-path.cc:99) For utterance M07UP61A0966I300, best cost 19.369 + 3686.51 = 3705.88 over 498 frames.
M07UP61A0966I300 nahiin 
LOG (lattice-best-path:main():lattice-best-path.cc:99) For utterance M07UP61A0968I301, best cost 17.0116 + 3663.82 = 3680.83 over 498 frames.
M07UP61A0968I301 nahiin 
LOG (lattice-best-path:main():lattice-best-path.cc:99) For utterance M07UP61A0971I302, best cost 26.9178 + 3836.71 = 3863.62 over 498 frames.
M07UP61A0971I302 nahiin 
LOG (lattice-best-path:main():lattice-best-path.cc:99) For utterance M07UP61A0972I44, best cost 15.8404 + 2565.74 = 2581.58 over 298 frames.
M07UP61A0972I44 nahiin 
LOG (lattice-best-path:main():lattice-best-path.cc:99) For utterance M07UP61A0980I301, best cost 29.8185 + 4303.27 = 4333.09 over 498 frames.
M07UP61A0980I301 haan 
LOG (lattice-best-path:main():lattice-best-path.cc:99) For utterance M07UP64A0382I300, best cost 27.9718 + 4198.59 = 4226.56 over 498 frames.
M07UP64A0382I300 nahiin 
LOG (lattice-best-path:main():lattice-best-path.cc:99) For utterance M07UP64A0382I301, best cost 18.1344 + 4295.64 = 4313.77 over 498 frames.
M07UP64A0382I301 haan 
LOG (lattice-best-path:main():lattice-best-path.cc:99) For utterance M07UP64A0386I42, best cost 15.7179 + 2511.01 = 2526.73 over 298 frames.
M07UP64A0386I42 nahiin 
LOG (lattice-best-path:main():lattice-best-path.cc:99) For utterance M07UP64A0389I42, best cost 20.3187 + 2238.22 = 2258.53 over 298 frames.
M07UP64A0389I42 haan 
LOG (lattice-best-path:main():lattice-best-path.cc:99) For utterance M07UP64A0390I300, best cost 25.9455 + 3908.28 = 3934.23 over 498 frames.
M07UP64A0390I300 haan 
LOG (lattice-best-path:main():lattice-best-path.cc:99) For utterance M07UP64A0391I302, best cost 42.162 + 3925.58 = 3967.75 over 498 frames.
M07UP64A0391I302 nahiin 
LOG (lattice-best-path:main():lattice-best-path.cc:99) For utterance M07UP64A0391I303, best cost 28.5795 + 3972.35 = 4000.93 over 498 frames.
M07UP64A0391I303 nahiin 
LOG (lattice-best-path:main():lattice-best-path.cc:99) For utterance M07UP64A0392I301, best cost 11.0682 + 3448.08 = 3459.15 over 498 frames.
M07UP64A0392I301 haan 
LOG (lattice-best-path:main():lattice-best-path.cc:99) For utterance M07UP64A0393I41, best cost 15.6303 + 2579.93 = 2595.56 over 298 frames.
M07UP64A0393I41 haan 
LOG (lattice-best-path:main():lattice-best-path.cc:99) For utterance M07UP64A0396I43, best cost 15.192 + 2683.88 = 2699.07 over 300 frames.
M07UP64A0396I43 haan 
LOG (lattice-best-path:main():lattice-best-path.cc:99) For utterance M07UP64A0399I302, best cost 25.7691 + 4064.17 = 4089.93 over 498 frames.
M07UP64A0399I302 nahiin 
LOG (lattice-best-path:main():lattice-best-path.cc:99) For utterance M07UP64A0400I300, best cost 36.8997 + 4265.41 = 4302.31 over 498 frames.
M07UP64A0400I300 haan 
LOG (lattice-best-path:main():lattice-best-path.cc:99) For utterance M07UP64A0400I426, best cost 18.5848 + 2458.44 = 2477.03 over 298 frames.
M07UP64A0400I426 haan 
LOG (lattice-scale:main():lattice-scale.cc:90) Done 553 lattices.
LOG (lattice-best-path:main():lattice-best-path.cc:99) For utterance M07UP64A0401I43, best cost 14.8223 + 2546.46 = 2561.28 over 300 frames.
M07UP64A0401I43 nahiin 
LOG (lattice-best-path:main():lattice-best-path.cc:99) For utterance M07UP66A0674I303, best cost 18.2978 + 4226.64 = 4244.94 over 498 frames.
M07UP66A0674I303 haan 
LOG (lattice-best-path:main():lattice-best-path.cc:99) For utterance M07UP66A0676I303, best cost 17.6451 + 4308.65 = 4326.3 over 498 frames.
M07UP66A0676I303 haan 
LOG (lattice-best-path:main():lattice-best-path.cc:99) For utterance M07UP66A0684I43, best cost 18.4404 + 2411.57 = 2430.01 over 298 frames.
M07UP66A0684I43 nahiin 
LOG (lattice-best-path:main():lattice-best-path.cc:99) For utterance M07UP66A0685I42, best cost 22.3016 + 2486.16 = 2508.46 over 298 frames.
M07UP66A0685I42 haan 
LOG (lattice-best-path:main():lattice-best-path.cc:99) For utterance M07UP66A0687I301, best cost 15.5105 + 3606.03 = 3621.54 over 498 frames.
M07UP66A0687I301 haan 
LOG (lattice-best-path:main():lattice-best-path.cc:99) For utterance M07UP66A0688I410, best cost 17.1615 + 2220.14 = 2237.3 over 298 frames.
M07UP66A0688I410 haan 
LOG (lattice-best-path:main():lattice-best-path.cc:99) For utterance M07UP66A0692I301, best cost 23.2518 + 4055.46 = 4078.71 over 498 frames.
M07UP66A0692I301 haan 
LOG (lattice-best-path:main():lattice-best-path.cc:99) For utterance M07UP72A0730I42, best cost 14.2895 + 2526.48 = 2540.77 over 298 frames.
M07UP72A0730I42 haan 
LOG (lattice-best-path:main():lattice-best-path.cc:99) For utterance M07UP72A0730I46, best cost 17.9265 + 2458.06 = 2475.99 over 298 frames.
M07UP72A0730I46 haan 
LOG (lattice-best-path:main():lattice-best-path.cc:99) For utterance M07UP72A0731I42, best cost 18.2447 + 2686.07 = 2704.31 over 298 frames.
M07UP72A0731I42 haan 
LOG (lattice-best-path:main():lattice-best-path.cc:99) For utterance M07UP73A0922I300, best cost 15.8508 + 4316.74 = 4332.59 over 498 frames.
M07UP73A0922I300 haan 
LOG (lattice-best-path:main():lattice-best-path.cc:99) For utterance M07UP73A0923I41, best cost 13.3538 + 2538.29 = 2551.64 over 298 frames.
M07UP73A0923I41 nahiin 
LOG (lattice-best-path:main():lattice-best-path.cc:99) For utterance M07UP73A0924I41, best cost 15.1098 + 2440.18 = 2455.29 over 298 frames.
M07UP73A0924I41 haan 
LOG (lattice-best-path:main():lattice-best-path.cc:99) For utterance M07UP73A0925I42, best cost 13.4149 + 2212.99 = 2226.41 over 298 frames.
M07UP73A0925I42 haan 
LOG (lattice-best-path:main():lattice-best-path.cc:99) For utterance M07UP73A0927I43, best cost 21.2223 + 2351.8 = 2373.02 over 298 frames.
M07UP73A0927I43 haan 
LOG (lattice-best-path:main():lattice-best-path.cc:99) For utterance M07UP73A0929I42, best cost 23.1274 + 2546.36 = 2569.49 over 298 frames.
M07UP73A0929I42 haan 
LOG (lattice-add-penalty:main():lattice-add-penalty.cc:62) Done adding word insertion penalty to 553 lattices.
LOG (lattice-best-path:main():lattice-best-path.cc:99) For utterance M07UP73A0930I43, best cost 21.8487 + 2391.6 = 2413.45 over 298 frames.
M07UP73A0930I43 haan 
LOG (lattice-best-path:main():lattice-best-path.cc:99) For utterance M07UP73A0931I49, best cost 17.0225 + 2519.21 = 2536.23 over 298 frames.
M07UP73A0931I49 nahiin 
LOG (lattice-best-path:main():lattice-best-path.cc:99) For utterance M07UP73A0937I42, best cost 11.8116 + 2379.8 = 2391.61 over 298 frames.
M07UP73A0937I42 haan 
LOG (lattice-best-path:main():lattice-best-path.cc:99) For utterance M07UP73A0938I42, best cost 19.6999 + 2331.38 = 2351.08 over 298 frames.
M07UP73A0938I42 nahiin 
LOG (lattice-best-path:main():lattice-best-path.cc:99) For utterance M07UP74A0802I303, best cost 30.8806 + 3875.44 = 3906.32 over 498 frames.
M07UP74A0802I303 haan 
LOG (lattice-best-path:main():lattice-best-path.cc:99) For utterance M07UP74A0813I300, best cost 20.0082 + 3791.62 = 3811.63 over 498 frames.
M07UP74A0813I300 haan 
LOG (lattice-best-path:main():lattice-best-path.cc:99) For utterance M07UP74A0814I301, best cost 19.8929 + 3751.98 = 3771.87 over 504 frames.
M07UP74A0814I301 haan 
LOG (lattice-best-path:main():lattice-best-path.cc:99) For utterance M07UP74A0817I42, best cost 19.0737 + 2334.92 = 2354 over 300 frames.
M07UP74A0817I42 nahiin 
LOG (lattice-best-path:main():lattice-best-path.cc:99) For utterance M07UP75A0755I303, best cost 30.3952 + 4032.07 = 4062.47 over 498 frames.
M07UP75A0755I303 nahiin 
LOG (lattice-best-path:main():lattice-best-path.cc:99) For utterance M07UP75A0758I300, best cost 23.3317 + 3987.24 = 4010.57 over 498 frames.
M07UP75A0758I300 haan 
LOG (lattice-best-path:main():lattice-best-path.cc:99) For utterance M07UP75A0764I302, best cost 27.1322 + 4184.81 = 4211.95 over 498 frames.
M07UP75A0764I302 nahiin 
LOG (lattice-best-path:main():lattice-best-path.cc:99) For utterance M07UP75A0764I42, best cost 17.0077 + 2562.3 = 2579.31 over 298 frames.
M07UP75A0764I42 haan 
LOG (lattice-best-path:main():lattice-best-path.cc:99) For utterance M07UP75A0768I40, best cost 15.0295 + 2418.05 = 2433.08 over 298 frames.
M07UP75A0768I40 nahiin 
LOG (lattice-best-path:main():lattice-best-path.cc:99) For utterance M07UP75A0769I301, best cost 25.6646 + 3846.21 = 3871.87 over 498 frames.
M07UP75A0769I301 haan 
LOG (lattice-best-path:main():lattice-best-path.cc:99) For utterance M07UP75A0770I303, best cost 28.7772 + 3944.31 = 3973.09 over 498 frames.
M07UP75A0770I303 nahiin 
LOG (lattice-best-path:main():lattice-best-path.cc:99) For utterance M07UP75A0771I42, best cost 16.6316 + 2399.69 = 2416.32 over 298 frames.
M07UP75A0771I42 nahiin 
LOG (lattice-best-path:main():lattice-best-path.cc:99) For utterance M07UP75A0771I43, best cost 15.4134 + 2451.03 = 2466.45 over 298 frames.
M07UP75A0771I43 nahiin 
LOG (lattice-best-path:main():lattice-best-path.cc:99) For utterance M07UP75A0772I300, best cost 14.3232 + 3791.76 = 3806.08 over 498 frames.
M07UP75A0772I300 haan 
LOG (lattice-best-path:main():lattice-best-path.cc:99) For utterance M07UP75A0773I41, best cost 15.5272 + 2322.68 = 2338.2 over 298 frames.
M07UP75A0773I41 nahiin 
LOG (lattice-best-path:main():lattice-best-path.cc:124) Overall cost per frame is 8.20686 = 0.0497098 [graph] + 8.15716 [acoustic] over 207364 frames.
LOG (lattice-best-path:main():lattice-best-path.cc:128) Done 553 lattices, failed for 0
# Accounting: time=0 threads=1
# Ended (code 0) at Thu Jul 21 15:05:38 IST 2016, elapsed time 0 seconds
