# lattice-scale --inv-acoustic-scale=16 "ark:gunzip -c exp/tri1_1600_25600/decode/lat.*.gz|" ark:- | lattice-add-penalty --word-ins-penalty=1.0 ark:- ark:- | lattice-best-path --word-symbol-table=exp/tri1_1600_25600/graph/words.txt ark:- ark,t:- | utils/int2sym.pl -f 2- exp/tri1_1600_25600/graph/words.txt | cat > exp/tri1_1600_25600/decode/scoring_kaldi/penalty_1.0/16.txt 
# Started at Thu Jul 21 15:05:38 IST 2016
#
lattice-best-path --word-symbol-table=exp/tri1_1600_25600/graph/words.txt ark:- ark,t:- 
lattice-scale --inv-acoustic-scale=16 'ark:gunzip -c exp/tri1_1600_25600/decode/lat.*.gz|' ark:- 
lattice-add-penalty --word-ins-penalty=1.0 ark:- ark:- 
LOG (lattice-best-path:main():lattice-best-path.cc:99) For utterance F07UP02A0332I42, best cost 18.4213 + 1903.61 = 1922.03 over 300 frames.
F07UP02A0332I42 haan 
LOG (lattice-best-path:main():lattice-best-path.cc:99) For utterance F07UP02A0332I43, best cost 15.6225 + 1801.87 = 1817.5 over 298 frames.
F07UP02A0332I43 haan 
LOG (lattice-best-path:main():lattice-best-path.cc:99) For utterance F07UP06A0432I42, best cost 24.1676 + 1661.48 = 1685.65 over 300 frames.
F07UP06A0432I42 haan 
LOG (lattice-best-path:main():lattice-best-path.cc:99) For utterance F07UP07A0094I427, best cost 13.874 + 1734.23 = 1748.1 over 298 frames.
F07UP07A0094I427 nahiin 
LOG (lattice-best-path:main():lattice-best-path.cc:99) For utterance F07UP07A0096I44, best cost 14.1797 + 1889.67 = 1903.85 over 298 frames.
F07UP07A0096I44 haan 
LOG (lattice-best-path:main():lattice-best-path.cc:99) For utterance F07UP09A0491I46, best cost 11.5743 + 1948.72 = 1960.3 over 298 frames.
F07UP09A0491I46 haan 
LOG (lattice-best-path:main():lattice-best-path.cc:99) For utterance F07UP11A1331I301, best cost 12.6582 + 2804.77 = 2817.43 over 498 frames.
F07UP11A1331I301 nahiin 
LOG (lattice-best-path:main():lattice-best-path.cc:99) For utterance F07UP19A0344I46, best cost 19.791 + 1713.37 = 1733.16 over 298 frames.
F07UP19A0344I46 nahiin 
LOG (lattice-best-path:main():lattice-best-path.cc:99) For utterance F07UP21A0612I41, best cost 17.3684 + 1772.94 = 1790.31 over 298 frames.
F07UP21A0612I41 haan 
LOG (lattice-best-path:main():lattice-best-path.cc:99) For utterance F07UP22A1336I429, best cost 18.5354 + 1820.42 = 1838.95 over 298 frames.
F07UP22A1336I429 nahiin 
LOG (lattice-best-path:main():lattice-best-path.cc:99) For utterance F07UP22A1336I501, best cost 16.6855 + 2353.76 = 2370.44 over 398 frames.
F07UP22A1336I501 nahiin 
LOG (lattice-best-path:main():lattice-best-path.cc:99) For utterance F07UP22A1343I301, best cost 13.2891 + 2822.35 = 2835.64 over 498 frames.
F07UP22A1343I301 haan 
LOG (lattice-best-path:main():lattice-best-path.cc:99) For utterance F07UP22A1343I47, best cost 17.7691 + 1950.45 = 1968.22 over 298 frames.
F07UP22A1343I47 haan 
LOG (lattice-best-path:main():lattice-best-path.cc:99) For utterance F07UP22A1345I47, best cost 14.5823 + 1704.07 = 1718.65 over 298 frames.
F07UP22A1345I47 haan 
LOG (lattice-best-path:main():lattice-best-path.cc:99) For utterance F07UP22A1346I435, best cost 17.9811 + 1919.3 = 1937.28 over 300 frames.
F07UP22A1346I435 nahiin 
LOG (lattice-best-path:main():lattice-best-path.cc:99) For utterance F07UP23A0248I41, best cost 13.826 + 2013.76 = 2027.59 over 298 frames.
F07UP23A0248I41 nahiin 
LOG (lattice-best-path:main():lattice-best-path.cc:99) For utterance F07UP24A0182I302, best cost 18.3184 + 3180.33 = 3198.64 over 498 frames.
F07UP24A0182I302 nahiin 
LOG (lattice-best-path:main():lattice-best-path.cc:99) For utterance F07UP24A0182I41, best cost 12.2638 + 1957.83 = 1970.1 over 298 frames.
F07UP24A0182I41 nahiin 
LOG (lattice-best-path:main():lattice-best-path.cc:99) For utterance F07UP24A0183I302, best cost 14.2733 + 3343.24 = 3357.51 over 498 frames.
F07UP24A0183I302 haan 
LOG (lattice-best-path:main():lattice-best-path.cc:99) For utterance F07UP24A0183I47, best cost 15.0436 + 1910.47 = 1925.52 over 298 frames.
F07UP24A0183I47 haan 
LOG (lattice-best-path:main():lattice-best-path.cc:99) For utterance F07UP25A1212I41, best cost 11.9656 + 1998.52 = 2010.48 over 298 frames.
F07UP25A1212I41 haan 
LOG (lattice-best-path:main():lattice-best-path.cc:99) For utterance F07UP25A1215I42, best cost 13.7231 + 1946.27 = 1959.99 over 298 frames.
F07UP25A1215I42 haan 
LOG (lattice-best-path:main():lattice-best-path.cc:99) For utterance F07UP26A0256I43, best cost 13.7077 + 1940.57 = 1954.28 over 298 frames.
F07UP26A0256I43 nahiin 
LOG (lattice-best-path:main():lattice-best-path.cc:99) For utterance F07UP28A0226I300, best cost 20.1394 + 3345.52 = 3365.66 over 498 frames.
F07UP28A0226I300 nahiin 
LOG (lattice-best-path:main():lattice-best-path.cc:99) For utterance F07UP28A0226I45, best cost 12.1669 + 1983.15 = 1995.31 over 298 frames.
F07UP28A0226I45 nahiin 
LOG (lattice-best-path:main():lattice-best-path.cc:99) For utterance F07UP28A0227I301, best cost 25.9242 + 3307.15 = 3333.07 over 498 frames.
F07UP28A0227I301 nahiin 
LOG (lattice-best-path:main():lattice-best-path.cc:99) For utterance F07UP28A0228I303, best cost 13.268 + 3435.9 = 3449.16 over 498 frames.
F07UP28A0228I303 nahiin 
LOG (lattice-best-path:main():lattice-best-path.cc:99) For utterance F07UP29A0523I41, best cost 18.3071 + 1762.37 = 1780.67 over 298 frames.
F07UP29A0523I41 haan 
LOG (lattice-best-path:main():lattice-best-path.cc:99) For utterance F07UP29A0523I44, best cost 16.2743 + 1706.51 = 1722.79 over 298 frames.
F07UP29A0523I44 haan 
LOG (lattice-best-path:main():lattice-best-path.cc:99) For utterance F07UP31A1293I42, best cost 14.1815 + 1997.16 = 2011.34 over 298 frames.
F07UP31A1293I42 nahiin 
LOG (lattice-best-path:main():lattice-best-path.cc:99) For utterance F07UP34A0567I44, best cost 20.3092 + 1860.78 = 1881.09 over 300 frames.
F07UP34A0567I44 haan 
LOG (lattice-best-path:main():lattice-best-path.cc:99) For utterance F07UP35A0453I300, best cost 26.0968 + 2856.88 = 2882.98 over 498 frames.
F07UP35A0453I300 haan 
LOG (lattice-best-path:main():lattice-best-path.cc:99) For utterance F07UP37A0304I300, best cost 18.8102 + 2841.02 = 2859.83 over 498 frames.
F07UP37A0304I300 nahiin 
LOG (lattice-best-path:main():lattice-best-path.cc:99) For utterance F07UP38A0101I41, best cost 21.134 + 1886.19 = 1907.32 over 298 frames.
F07UP38A0101I41 haan 
LOG (lattice-best-path:main():lattice-best-path.cc:99) For utterance F07UP41A0286I40, best cost 12.81 + 1642.23 = 1655.04 over 298 frames.
F07UP41A0286I40 haan 
LOG (lattice-best-path:main():lattice-best-path.cc:99) For utterance F07UP41A0286I42, best cost 10.6819 + 1545.38 = 1556.06 over 298 frames.
F07UP41A0286I42 nahiin 
LOG (lattice-best-path:main():lattice-best-path.cc:99) For utterance F07UP52A0208I44, best cost 12.0892 + 1963.72 = 1975.81 over 298 frames.
F07UP52A0208I44 nahiin 
LOG (lattice-best-path:main():lattice-best-path.cc:99) For utterance F07UP54A1284I430, best cost 13.4793 + 1779.51 = 1792.99 over 298 frames.
F07UP54A1284I430 nahiin 
LOG (lattice-best-path:main():lattice-best-path.cc:99) For utterance F07UP57A0408I41, best cost 18.5974 + 1942.65 = 1961.25 over 298 frames.
F07UP57A0408I41 haan 
LOG (lattice-best-path:main():lattice-best-path.cc:99) For utterance F07UP60A0943I300, best cost 21.9864 + 3382.1 = 3404.08 over 498 frames.
F07UP60A0943I300 haan 
LOG (lattice-best-path:main():lattice-best-path.cc:99) For utterance F07UP60A0944I303, best cost 18.1731 + 2788.3 = 2806.47 over 498 frames.
F07UP60A0944I303 haan 
LOG (lattice-best-path:main():lattice-best-path.cc:99) For utterance F07UP60A0949I300, best cost 26.2012 + 2987.06 = 3013.26 over 498 frames.
F07UP60A0949I300 nahiin 
LOG (lattice-best-path:main():lattice-best-path.cc:99) For utterance F07UP60A0949I302, best cost 24.9465 + 2813.22 = 2838.17 over 498 frames.
F07UP60A0949I302 nahiin 
LOG (lattice-best-path:main():lattice-best-path.cc:99) For utterance F07UP60A0949I303, best cost 23.9946 + 2818.94 = 2842.94 over 498 frames.
F07UP60A0949I303 haan 
LOG (lattice-best-path:main():lattice-best-path.cc:99) For utterance F07UP60A0953I41, best cost 18.3816 + 1733.66 = 1752.04 over 298 frames.
F07UP60A0953I41 nahiin 
LOG (lattice-best-path:main():lattice-best-path.cc:99) For utterance F07UP60A0962I427, best cost 18.9769 + 1879.16 = 1898.14 over 298 frames.
F07UP60A0962I427 haan 
LOG (lattice-best-path:main():lattice-best-path.cc:99) For utterance F07UP60A0963I46, best cost 23.7294 + 1948.42 = 1972.15 over 298 frames.
F07UP60A0963I46 haan 
LOG (lattice-best-path:main():lattice-best-path.cc:99) For utterance F07UP64A0395I300, best cost 24.0291 + 2942.89 = 2966.92 over 498 frames.
F07UP64A0395I300 haan 
LOG (lattice-best-path:main():lattice-best-path.cc:99) For utterance F07UP64A0397I301, best cost 13.758 + 3244.91 = 3258.67 over 498 frames.
F07UP64A0397I301 nahiin 
LOG (lattice-best-path:main():lattice-best-path.cc:99) For utterance F07UP64A0402I41, best cost 15.7775 + 1781.03 = 1796.8 over 298 frames.
F07UP64A0402I41 haan 
LOG (lattice-best-path:main():lattice-best-path.cc:99) For utterance F07UP72A0728I300, best cost 20.62 + 3176.76 = 3197.38 over 498 frames.
F07UP72A0728I300 haan 
LOG (lattice-best-path:main():lattice-best-path.cc:99) For utterance F07UP75A0756I300, best cost 25.0838 + 2960.55 = 2985.64 over 498 frames.
F07UP75A0756I300 nahiin 
LOG (lattice-best-path:main():lattice-best-path.cc:99) For utterance F07UP75A0763I435, best cost 13.4167 + 1708.11 = 1721.53 over 300 frames.
F07UP75A0763I435 nahiin 
LOG (lattice-best-path:main():lattice-best-path.cc:99) For utterance M07UP01A0057I427, best cost 15.4638 + 2001.88 = 2017.34 over 298 frames.
M07UP01A0057I427 haan 
LOG (lattice-best-path:main():lattice-best-path.cc:99) For utterance M07UP01A0062I412, best cost 18.5265 + 1902.28 = 1920.81 over 298 frames.
M07UP01A0062I412 haan 
LOG (lattice-best-path:main():lattice-best-path.cc:99) For utterance M07UP01A0062I45, best cost 16.803 + 1798.87 = 1815.67 over 300 frames.
M07UP01A0062I45 nahiin 
LOG (lattice-best-path:main():lattice-best-path.cc:99) For utterance M07UP01A0063I43, best cost 18.2959 + 1911.8 = 1930.1 over 298 frames.
M07UP01A0063I43 haan 
LOG (lattice-best-path:main():lattice-best-path.cc:99) For utterance M07UP01A0069I413, best cost 18.5448 + 1841.45 = 1860 over 298 frames.
M07UP01A0069I413 haan 
LOG (lattice-best-path:main():lattice-best-path.cc:99) For utterance M07UP01A0160I420, best cost 13.1555 + 1831.6 = 1844.76 over 298 frames.
M07UP01A0160I420 nahiin 
LOG (lattice-best-path:main():lattice-best-path.cc:99) For utterance M07UP01A0160I430, best cost 22.11 + 1873.23 = 1895.34 over 298 frames.
M07UP01A0160I430 nahiin 
LOG (lattice-best-path:main():lattice-best-path.cc:99) For utterance M07UP01A0160I47, best cost 13.0659 + 1909.66 = 1922.72 over 298 frames.
M07UP01A0160I47 haan 
LOG (lattice-best-path:main():lattice-best-path.cc:99) For utterance M07UP02A0321I47, best cost 14.8118 + 1786.83 = 1801.64 over 300 frames.
M07UP02A0321I47 nahiin 
LOG (lattice-best-path:main():lattice-best-path.cc:99) For utterance M07UP02A0323I300, best cost 12.2244 + 2913.3 = 2925.53 over 498 frames.
M07UP02A0323I300 nahiin 
LOG (lattice-best-path:main():lattice-best-path.cc:99) For utterance M07UP02A0325I43, best cost 14.0929 + 1944.1 = 1958.2 over 298 frames.
M07UP02A0325I43 nahiin 
LOG (lattice-best-path:main():lattice-best-path.cc:99) For utterance M07UP02A0329I43, best cost 16.5298 + 1702.24 = 1718.77 over 298 frames.
M07UP02A0329I43 haan 
LOG (lattice-best-path:main():lattice-best-path.cc:99) For utterance M07UP02A0330I303, best cost 18.6759 + 2625.6 = 2644.28 over 498 frames.
M07UP02A0330I303 nahiin 
LOG (lattice-best-path:main():lattice-best-path.cc:99) For utterance M07UP02A0333I45, best cost 24.2517 + 1805.38 = 1829.63 over 298 frames.
M07UP02A0333I45 haan 
LOG (lattice-best-path:main():lattice-best-path.cc:99) For utterance M07UP02A0335I301, best cost 15.4013 + 3153.18 = 3168.58 over 498 frames.
M07UP02A0335I301 nahiin 
LOG (lattice-best-path:main():lattice-best-path.cc:99) For utterance M07UP02A0336I44, best cost 17.1956 + 1789.43 = 1806.63 over 290 frames.
M07UP02A0336I44 nahiin 
LOG (lattice-best-path:main():lattice-best-path.cc:99) For utterance M07UP02A0337I41, best cost 19.9113 + 1977.52 = 1997.43 over 298 frames.
M07UP02A0337I41 nahiin 
LOG (lattice-best-path:main():lattice-best-path.cc:99) For utterance M07UP02A0337I44, best cost 14.5844 + 1723.1 = 1737.69 over 298 frames.
M07UP02A0337I44 nahiin 
LOG (lattice-best-path:main():lattice-best-path.cc:99) For utterance M07UP04A1227I45, best cost 18.5346 + 1917.06 = 1935.59 over 298 frames.
M07UP04A1227I45 haan 
LOG (lattice-best-path:main():lattice-best-path.cc:99) For utterance M07UP04A1230I303, best cost 40.7741 + 3063.99 = 3104.76 over 498 frames.
M07UP04A1230I303 nahiin 
LOG (lattice-best-path:main():lattice-best-path.cc:99) For utterance M07UP04A1235I41, best cost 11.8074 + 1945.54 = 1957.35 over 298 frames.
M07UP04A1235I41 haan 
LOG (lattice-best-path:main():lattice-best-path.cc:99) For utterance M07UP04A1235I46, best cost 16.6522 + 1697.36 = 1714.02 over 298 frames.
M07UP04A1235I46 haan 
LOG (lattice-best-path:main():lattice-best-path.cc:99) For utterance M07UP04A1236I303, best cost 31.454 + 3058.1 = 3089.55 over 498 frames.
M07UP04A1236I303 nahiin 
LOG (lattice-best-path:main():lattice-best-path.cc:99) For utterance M07UP04A1239I301, best cost 23.2739 + 2804.15 = 2827.43 over 498 frames.
M07UP04A1239I301 haan 
LOG (lattice-best-path:main():lattice-best-path.cc:99) For utterance M07UP04A1242I410, best cost 17.5313 + 1855.41 = 1872.94 over 298 frames.
M07UP04A1242I410 haan 
LOG (lattice-best-path:main():lattice-best-path.cc:99) For utterance M07UP04A1243I300, best cost 22.1485 + 3263.34 = 3285.49 over 498 frames.
M07UP04A1243I300 nahiin 
LOG (lattice-best-path:main():lattice-best-path.cc:99) For utterance M07UP04A1243I435, best cost 18.0323 + 1824.37 = 1842.4 over 300 frames.
M07UP04A1243I435 haan 
LOG (lattice-best-path:main():lattice-best-path.cc:99) For utterance M07UP04A1244I44, best cost 14.6817 + 2099.34 = 2114.02 over 298 frames.
M07UP04A1244I44 nahiin 
LOG (lattice-best-path:main():lattice-best-path.cc:99) For utterance M07UP04A1245I48, best cost 15.5204 + 2024.6 = 2040.12 over 298 frames.
M07UP04A1245I48 nahiin 
LOG (lattice-best-path:main():lattice-best-path.cc:99) For utterance M07UP05A0903I43, best cost 19.8332 + 1759.62 = 1779.45 over 298 frames.
M07UP05A0903I43 haan 
LOG (lattice-best-path:main():lattice-best-path.cc:99) For utterance M07UP05A0910I300, best cost 25.9278 + 2748.82 = 2774.74 over 498 frames.
M07UP05A0910I300 haan 
LOG (lattice-best-path:main():lattice-best-path.cc:99) For utterance M07UP05A0911I42, best cost 12.6318 + 1890.48 = 1903.12 over 298 frames.
M07UP05A0911I42 haan 
LOG (lattice-best-path:main():lattice-best-path.cc:99) For utterance M07UP05A0914I300, best cost 20.9416 + 2763.98 = 2784.92 over 498 frames.
M07UP05A0914I300 nahiin 
LOG (lattice-best-path:main():lattice-best-path.cc:99) For utterance M07UP05A0914I302, best cost 34.4175 + 2889.48 = 2923.9 over 498 frames.
M07UP05A0914I302 nahiin 
LOG (lattice-best-path:main():lattice-best-path.cc:99) For utterance M07UP05A0915I301, best cost 16.4425 + 2826.44 = 2842.88 over 498 frames.
M07UP05A0915I301 haan 
LOG (lattice-best-path:main():lattice-best-path.cc:99) For utterance M07UP05A0916I43, best cost 25.0166 + 1830.99 = 1856.01 over 298 frames.
M07UP05A0916I43 haan 
LOG (lattice-best-path:main():lattice-best-path.cc:99) For utterance M07UP05A0920I411, best cost 16.6733 + 1804.25 = 1820.93 over 298 frames.
M07UP05A0920I411 nahiin 
LOG (lattice-best-path:main():lattice-best-path.cc:99) For utterance M07UP06A0427I301, best cost 15.1966 + 2546.45 = 2561.64 over 498 frames.
M07UP06A0427I301 haan 
LOG (lattice-best-path:main():lattice-best-path.cc:99) For utterance M07UP06A0428I41, best cost 12.6852 + 1915.57 = 1928.26 over 298 frames.
M07UP06A0428I41 haan 
LOG (lattice-best-path:main():lattice-best-path.cc:99) For utterance M07UP06A0429I411, best cost 13.7863 + 1720.68 = 1734.47 over 298 frames.
M07UP06A0429I411 nahiin 
LOG (lattice-best-path:main():lattice-best-path.cc:99) For utterance M07UP06A0433I301, best cost 23.0906 + 2811.01 = 2834.1 over 498 frames.
M07UP06A0433I301 haan 
LOG (lattice-best-path:main():lattice-best-path.cc:99) For utterance M07UP06A0433I40, best cost 20.1762 + 1833.47 = 1853.64 over 298 frames.
M07UP06A0433I40 haan 
LOG (lattice-best-path:main():lattice-best-path.cc:99) For utterance M07UP06A0433I41, best cost 20.9061 + 1925.49 = 1946.39 over 298 frames.
M07UP06A0433I41 nahiin 
LOG (lattice-best-path:main():lattice-best-path.cc:99) For utterance M07UP06A0437I42, best cost 11.5326 + 1707.27 = 1718.8 over 298 frames.
M07UP06A0437I42 haan 
LOG (lattice-best-path:main():lattice-best-path.cc:99) For utterance M07UP06A0438I41, best cost 16.3535 + 1718.73 = 1735.09 over 298 frames.
M07UP06A0438I41 nahiin 
LOG (lattice-best-path:main():lattice-best-path.cc:99) For utterance M07UP06A0442I41, best cost 14.7324 + 1937.28 = 1952.01 over 298 frames.
M07UP06A0442I41 haan 
LOG (lattice-best-path:main():lattice-best-path.cc:99) For utterance M07UP06A0442I42, best cost 15.0679 + 1842.78 = 1857.85 over 300 frames.
M07UP06A0442I42 haan 
LOG (lattice-best-path:main():lattice-best-path.cc:99) For utterance M07UP06A0444I43, best cost 20.5808 + 1655.7 = 1676.28 over 298 frames.
M07UP06A0444I43 haan 
LOG (lattice-best-path:main():lattice-best-path.cc:99) For utterance M07UP06A0445I301, best cost 18.2813 + 3028.98 = 3047.26 over 490 frames.
M07UP06A0445I301 haan 
LOG (lattice-best-path:main():lattice-best-path.cc:99) For utterance M07UP06A0447I41, best cost 17.9527 + 1706.36 = 1724.31 over 298 frames.
M07UP06A0447I41 nahiin 
LOG (lattice-best-path:main():lattice-best-path.cc:99) For utterance M07UP07A0134I42, best cost 11.815 + 1696.09 = 1707.9 over 298 frames.
M07UP07A0134I42 haan 
LOG (lattice-best-path:main():lattice-best-path.cc:99) For utterance M07UP07A0134I436, best cost 13.1256 + 1851.96 = 1865.09 over 298 frames.
M07UP07A0134I436 haan 
LOG (lattice-best-path:main():lattice-best-path.cc:99) For utterance M07UP07A0136I410, best cost 13.774 + 1960.84 = 1974.61 over 298 frames.
M07UP07A0136I410 haan 
LOG (lattice-best-path:main():lattice-best-path.cc:99) For utterance M07UP07A0136I438, best cost 22.9051 + 1881.6 = 1904.51 over 298 frames.
M07UP07A0136I438 nahiin 
LOG (lattice-best-path:main():lattice-best-path.cc:99) For utterance M07UP07A0138I414, best cost 8.19068 + 1588.8 = 1596.99 over 298 frames.
M07UP07A0138I414 haan 
LOG (lattice-best-path:main():lattice-best-path.cc:99) For utterance M07UP07A0139I42, best cost 12.5469 + 1839.99 = 1852.54 over 298 frames.
M07UP07A0139I42 haan 
LOG (lattice-best-path:main():lattice-best-path.cc:99) For utterance M07UP07A0142I43, best cost 10.5199 + 1978.02 = 1988.54 over 298 frames.
M07UP07A0142I43 haan 
LOG (lattice-best-path:main():lattice-best-path.cc:99) For utterance M07UP07A0143I45, best cost 14.0782 + 1863.72 = 1877.79 over 298 frames.
M07UP07A0143I45 haan 
LOG (lattice-best-path:main():lattice-best-path.cc:99) For utterance M07UP07A0145I436, best cost 13.3549 + 1679.09 = 1692.44 over 298 frames.
M07UP07A0145I436 haan 
LOG (lattice-best-path:main():lattice-best-path.cc:99) For utterance M07UP09A0483I300, best cost 12.8381 + 2704.38 = 2717.21 over 498 frames.
M07UP09A0483I300 nahiin 
LOG (lattice-best-path:main():lattice-best-path.cc:99) For utterance M07UP09A0485I43, best cost 19.9753 + 1840.54 = 1860.51 over 298 frames.
M07UP09A0485I43 haan 
LOG (lattice-best-path:main():lattice-best-path.cc:99) For utterance M07UP09A0488I43, best cost 16.0875 + 1964.54 = 1980.63 over 298 frames.
M07UP09A0488I43 haan 
LOG (lattice-best-path:main():lattice-best-path.cc:99) For utterance M07UP09A0489I300, best cost 19.5017 + 2861.05 = 2880.55 over 498 frames.
M07UP09A0489I300 nahiin 
LOG (lattice-best-path:main():lattice-best-path.cc:99) For utterance M07UP09A0490I301, best cost 14.946 + 2735.03 = 2749.98 over 498 frames.
M07UP09A0490I301 nahiin 
LOG (lattice-best-path:main():lattice-best-path.cc:99) For utterance M07UP09A0494I300, best cost 18.4424 + 2862.38 = 2880.82 over 498 frames.
M07UP09A0494I300 nahiin 
LOG (lattice-best-path:main():lattice-best-path.cc:99) For utterance M07UP09A0495I301, best cost 20.0473 + 2812.62 = 2832.67 over 498 frames.
M07UP09A0495I301 nahiin 
LOG (lattice-best-path:main():lattice-best-path.cc:99) For utterance M07UP09A0495I41, best cost 16.121 + 1874.88 = 1891 over 298 frames.
M07UP09A0495I41 nahiin 
LOG (lattice-best-path:main():lattice-best-path.cc:99) For utterance M07UP09A0496I303, best cost 15.5667 + 2732.82 = 2748.38 over 498 frames.
M07UP09A0496I303 haan 
LOG (lattice-best-path:main():lattice-best-path.cc:99) For utterance M07UP09A0499I43, best cost 13.1989 + 1601.52 = 1614.72 over 298 frames.
M07UP09A0499I43 nahiin 
LOG (lattice-best-path:main():lattice-best-path.cc:99) For utterance M07UP09A0500I42, best cost 18.2774 + 1931.24 = 1949.52 over 298 frames.
M07UP09A0500I42 haan 
LOG (lattice-best-path:main():lattice-best-path.cc:99) For utterance M07UP09A0500I44, best cost 18.1811 + 1747.13 = 1765.32 over 298 frames.
M07UP09A0500I44 haan 
LOG (lattice-best-path:main():lattice-best-path.cc:99) For utterance M07UP09A0503I301, best cost 16.6772 + 2978.59 = 2995.27 over 498 frames.
M07UP09A0503I301 nahiin 
LOG (lattice-best-path:main():lattice-best-path.cc:99) For utterance M07UP09A0505I300, best cost 25.0509 + 3216.77 = 3241.82 over 498 frames.
M07UP09A0505I300 haan 
LOG (lattice-best-path:main():lattice-best-path.cc:99) For utterance M07UP09A0505I504, best cost 19.1727 + 1850.42 = 1869.59 over 298 frames.
M07UP09A0505I504 nahiin 
LOG (lattice-best-path:main():lattice-best-path.cc:99) For utterance M07UP11A1317I41, best cost 14.6785 + 1682.74 = 1697.42 over 298 frames.
M07UP11A1317I41 haan 
LOG (lattice-best-path:main():lattice-best-path.cc:99) For utterance M07UP11A1319I300, best cost 31.5456 + 2820.34 = 2851.89 over 498 frames.
M07UP11A1319I300 nahiin 
LOG (lattice-best-path:main():lattice-best-path.cc:99) For utterance M07UP11A1328I301, best cost 27.515 + 2799.95 = 2827.47 over 498 frames.
M07UP11A1328I301 nahiin 
LOG (lattice-best-path:main():lattice-best-path.cc:99) For utterance M07UP11A1337I301, best cost 21.3338 + 2821.36 = 2842.69 over 498 frames.
M07UP11A1337I301 nahiin 
LOG (lattice-best-path:main():lattice-best-path.cc:99) For utterance M07UP11A1349I303, best cost 22.9464 + 3146.7 = 3169.65 over 498 frames.
M07UP11A1349I303 nahiin 
LOG (lattice-best-path:main():lattice-best-path.cc:99) For utterance M07UP11A1351I302, best cost 26.9575 + 2928.06 = 2955.01 over 498 frames.
M07UP11A1351I302 nahiin 
LOG (lattice-best-path:main():lattice-best-path.cc:99) For utterance M07UP11A1352I427, best cost 15.109 + 1730.06 = 1745.17 over 298 frames.
M07UP11A1352I427 nahiin 
LOG (lattice-best-path:main():lattice-best-path.cc:99) For utterance M07UP11A1352I429, best cost 13.7526 + 1726.08 = 1739.84 over 298 frames.
M07UP11A1352I429 haan 
LOG (lattice-best-path:main():lattice-best-path.cc:99) For utterance M07UP13A0882I300, best cost 17.9736 + 3148.74 = 3166.72 over 498 frames.
M07UP13A0882I300 haan 
LOG (lattice-best-path:main():lattice-best-path.cc:99) For utterance M07UP13A0882I301, best cost 19.8531 + 3206.99 = 3226.84 over 498 frames.
M07UP13A0882I301 haan 
LOG (lattice-best-path:main():lattice-best-path.cc:99) For utterance M07UP13A0884I303, best cost 20.3196 + 3198.44 = 3218.76 over 498 frames.
M07UP13A0884I303 haan 
LOG (lattice-best-path:main():lattice-best-path.cc:99) For utterance M07UP13A0888I41, best cost 12.5248 + 1832.56 = 1845.09 over 298 frames.
M07UP13A0888I41 haan 
LOG (lattice-best-path:main():lattice-best-path.cc:99) For utterance M07UP13A0889I41, best cost 19.6973 + 2046.92 = 2066.62 over 298 frames.
M07UP13A0889I41 haan 
LOG (lattice-best-path:main():lattice-best-path.cc:99) For utterance M07UP13A0890I43, best cost 16.0615 + 2062.48 = 2078.54 over 298 frames.
M07UP13A0890I43 haan 
LOG (lattice-best-path:main():lattice-best-path.cc:99) For utterance M07UP13A0897I302, best cost 29.8712 + 3049.46 = 3079.33 over 498 frames.
M07UP13A0897I302 haan 
LOG (lattice-best-path:main():lattice-best-path.cc:99) For utterance M07UP13A0897I41, best cost 16.5009 + 1792.15 = 1808.65 over 298 frames.
M07UP13A0897I41 haan 
LOG (lattice-best-path:main():lattice-best-path.cc:99) For utterance M07UP13A0898I303, best cost 22.9841 + 3145.36 = 3168.35 over 498 frames.
M07UP13A0898I303 nahiin 
LOG (lattice-best-path:main():lattice-best-path.cc:99) For utterance M07UP13A0900I436, best cost 12.2445 + 1816.75 = 1828.99 over 298 frames.
M07UP13A0900I436 haan 
LOG (lattice-best-path:main():lattice-best-path.cc:99) For utterance M07UP14A0572I301, best cost 21.7585 + 2794.88 = 2816.64 over 498 frames.
M07UP14A0572I301 haan 
LOG (lattice-best-path:main():lattice-best-path.cc:99) For utterance M07UP14A0576I41, best cost 17.3195 + 1882.48 = 1899.8 over 298 frames.
M07UP14A0576I41 haan 
LOG (lattice-best-path:main():lattice-best-path.cc:99) For utterance M07UP14A0583I300, best cost 23.2258 + 3149.93 = 3173.16 over 498 frames.
M07UP14A0583I300 nahiin 
LOG (lattice-best-path:main():lattice-best-path.cc:99) For utterance M07UP14A0588I41, best cost 18.6399 + 1865.73 = 1884.37 over 300 frames.
M07UP14A0588I41 nahiin 
LOG (lattice-best-path:main():lattice-best-path.cc:99) For utterance M07UP14A0590I300, best cost 20.6245 + 2903.06 = 2923.69 over 498 frames.
M07UP14A0590I300 nahiin 
LOG (lattice-best-path:main():lattice-best-path.cc:99) For utterance M07UP14A0590I43, best cost 19.3157 + 1865.98 = 1885.3 over 298 frames.
M07UP14A0590I43 nahiin 
LOG (lattice-best-path:main():lattice-best-path.cc:99) For utterance M07UP14A0591I302, best cost 13.5099 + 2813.86 = 2827.37 over 498 frames.
M07UP14A0591I302 nahiin 
LOG (lattice-best-path:main():lattice-best-path.cc:99) For utterance M07UP14A0591I303, best cost 17.0609 + 3165.85 = 3182.91 over 498 frames.
M07UP14A0591I303 nahiin 
LOG (lattice-best-path:main():lattice-best-path.cc:99) For utterance M07UP18A0362I47, best cost 15.2194 + 1819.85 = 1835.07 over 298 frames.
M07UP18A0362I47 nahiin 
LOG (lattice-best-path:main():lattice-best-path.cc:99) For utterance M07UP18A0363I300, best cost 22.5747 + 2873 = 2895.57 over 498 frames.
M07UP18A0363I300 nahiin 
LOG (lattice-best-path:main():lattice-best-path.cc:99) For utterance M07UP18A0363I302, best cost 21.9481 + 2790.51 = 2812.45 over 498 frames.
M07UP18A0363I302 nahiin 
LOG (lattice-best-path:main():lattice-best-path.cc:99) For utterance M07UP18A0365I42, best cost 15.9183 + 1748.14 = 1764.05 over 298 frames.
M07UP18A0365I42 haan 
LOG (lattice-best-path:main():lattice-best-path.cc:99) For utterance M07UP18A0366I41, best cost 18.3101 + 1827.75 = 1846.06 over 298 frames.
M07UP18A0366I41 nahiin 
LOG (lattice-best-path:main():lattice-best-path.cc:99) For utterance M07UP18A0367I43, best cost 12.9988 + 1846.46 = 1859.45 over 298 frames.
M07UP18A0367I43 haan 
LOG (lattice-best-path:main():lattice-best-path.cc:99) For utterance M07UP18A0368I301, best cost 28.1494 + 3091.21 = 3119.36 over 498 frames.
M07UP18A0368I301 haan 
LOG (lattice-best-path:main():lattice-best-path.cc:99) For utterance M07UP18A0368I49, best cost 14.0531 + 1861.57 = 1875.62 over 298 frames.
M07UP18A0368I49 nahiin 
LOG (lattice-best-path:main():lattice-best-path.cc:99) For utterance M07UP18A0369I48, best cost 21.2191 + 2029.94 = 2051.15 over 298 frames.
M07UP18A0369I48 haan 
LOG (lattice-best-path:main():lattice-best-path.cc:99) For utterance M07UP18A0371I300, best cost 21.2565 + 3235.16 = 3256.42 over 498 frames.
M07UP18A0371I300 nahiin 
LOG (lattice-best-path:main():lattice-best-path.cc:99) For utterance M07UP18A0374I300, best cost 21.5963 + 3455.13 = 3476.73 over 498 frames.
M07UP18A0374I300 nahiin 
LOG (lattice-best-path:main():lattice-best-path.cc:99) For utterance M07UP18A0374I48, best cost 19.8314 + 1990.73 = 2010.56 over 298 frames.
M07UP18A0374I48 nahiin 
LOG (lattice-best-path:main():lattice-best-path.cc:99) For utterance M07UP18A0375I45, best cost 15.9064 + 1960.8 = 1976.7 over 298 frames.
M07UP18A0375I45 nahiin 
LOG (lattice-best-path:main():lattice-best-path.cc:99) For utterance M07UP18A0376I43, best cost 16.2854 + 1736.16 = 1752.44 over 298 frames.
M07UP18A0376I43 nahiin 
LOG (lattice-best-path:main():lattice-best-path.cc:99) For utterance M07UP18A0376I49, best cost 18.0132 + 1747.51 = 1765.53 over 298 frames.
M07UP18A0376I49 haan 
LOG (lattice-best-path:main():lattice-best-path.cc:99) For utterance M07UP18A0378I302, best cost 19.3233 + 3435.14 = 3454.46 over 498 frames.
M07UP18A0378I302 nahiin 
LOG (lattice-best-path:main():lattice-best-path.cc:99) For utterance M07UP18A0380I300, best cost 21.7119 + 3113.69 = 3135.4 over 498 frames.
M07UP18A0380I300 nahiin 
LOG (lattice-best-path:main():lattice-best-path.cc:99) For utterance M07UP19A0341I48, best cost 11.3179 + 1640.52 = 1651.84 over 298 frames.
M07UP19A0341I48 haan 
LOG (lattice-best-path:main():lattice-best-path.cc:99) For utterance M07UP19A0345I300, best cost 21.4397 + 3408.14 = 3429.58 over 490 frames.
M07UP19A0345I300 haan 
LOG (lattice-best-path:main():lattice-best-path.cc:99) For utterance M07UP19A0345I45, best cost 16.1592 + 1751.88 = 1768.04 over 298 frames.
M07UP19A0345I45 haan 
LOG (lattice-best-path:main():lattice-best-path.cc:99) For utterance M07UP19A0346I301, best cost 24.5622 + 3269.59 = 3294.15 over 498 frames.
M07UP19A0346I301 haan 
LOG (lattice-best-path:main():lattice-best-path.cc:99) For utterance M07UP19A0348I301, best cost 30.7562 + 2890.82 = 2921.58 over 498 frames.
M07UP19A0348I301 nahiin 
LOG (lattice-best-path:main():lattice-best-path.cc:99) For utterance M07UP19A0354I301, best cost 22.7682 + 3343.22 = 3365.98 over 498 frames.
M07UP19A0354I301 nahiin 
LOG (lattice-best-path:main():lattice-best-path.cc:99) For utterance M07UP19A0354I303, best cost 24.3584 + 3250.25 = 3274.6 over 498 frames.
M07UP19A0354I303 nahiin 
LOG (lattice-best-path:main():lattice-best-path.cc:99) For utterance M07UP19A0356I43, best cost 17.2772 + 1826.92 = 1844.2 over 298 frames.
M07UP19A0356I43 haan 
LOG (lattice-best-path:main():lattice-best-path.cc:99) For utterance M07UP19A0357I300, best cost 19.3778 + 3018.57 = 3037.95 over 498 frames.
M07UP19A0357I300 nahiin 
LOG (lattice-best-path:main():lattice-best-path.cc:99) For utterance M07UP19A0358I303, best cost 26.807 + 2863.84 = 2890.65 over 498 frames.
M07UP19A0358I303 nahiin 
LOG (lattice-best-path:main():lattice-best-path.cc:99) For utterance M07UP19A0359I40, best cost 12.6699 + 1696.29 = 1708.96 over 298 frames.
M07UP19A0359I40 nahiin 
LOG (lattice-best-path:main():lattice-best-path.cc:99) For utterance M07UP20A0734I300, best cost 21.7006 + 2994.16 = 3015.86 over 498 frames.
M07UP20A0734I300 nahiin 
LOG (lattice-best-path:main():lattice-best-path.cc:99) For utterance M07UP20A0739I44, best cost 14.7653 + 1739.2 = 1753.96 over 298 frames.
M07UP20A0739I44 haan 
LOG (lattice-best-path:main():lattice-best-path.cc:99) For utterance M07UP20A0739I45, best cost 14.5226 + 1684.09 = 1698.62 over 300 frames.
M07UP20A0739I45 nahiin 
LOG (lattice-best-path:main():lattice-best-path.cc:99) For utterance M07UP20A0740I302, best cost 20.107 + 2899.69 = 2919.8 over 498 frames.
M07UP20A0740I302 nahiin 
LOG (lattice-best-path:main():lattice-best-path.cc:99) For utterance M07UP20A0742I302, best cost 16.1282 + 2657.82 = 2673.95 over 498 frames.
M07UP20A0742I302 nahiin 
LOG (lattice-best-path:main():lattice-best-path.cc:99) For utterance M07UP20A0750I40, best cost 23.8688 + 1837.07 = 1860.94 over 298 frames.
M07UP20A0750I40 nahiin 
LOG (lattice-best-path:main():lattice-best-path.cc:99) For utterance M07UP20A0753I43, best cost 15.0174 + 1990.72 = 2005.74 over 298 frames.
M07UP20A0753I43 nahiin 
LOG (lattice-best-path:main():lattice-best-path.cc:99) For utterance M07UP21A0593I302, best cost 25.1331 + 3172.08 = 3197.22 over 498 frames.
M07UP21A0593I302 nahiin 
LOG (lattice-best-path:main():lattice-best-path.cc:99) For utterance M07UP21A0598I41, best cost 23.0478 + 1769.45 = 1792.5 over 298 frames.
M07UP21A0598I41 haan 
LOG (lattice-best-path:main():lattice-best-path.cc:99) For utterance M07UP21A0600I300, best cost 26.0048 + 3095.24 = 3121.25 over 498 frames.
M07UP21A0600I300 nahiin 
LOG (lattice-best-path:main():lattice-best-path.cc:99) For utterance M07UP21A0600I42, best cost 23.6707 + 1771.58 = 1795.25 over 298 frames.
M07UP21A0600I42 nahiin 
LOG (lattice-best-path:main():lattice-best-path.cc:99) For utterance M07UP21A0606I301, best cost 33.5195 + 3103.37 = 3136.89 over 498 frames.
M07UP21A0606I301 haan 
LOG (lattice-best-path:main():lattice-best-path.cc:99) For utterance M07UP21A0606I302, best cost 16.0134 + 3274.6 = 3290.61 over 498 frames.
M07UP21A0606I302 haan 
LOG (lattice-best-path:main():lattice-best-path.cc:99) For utterance M07UP21A0607I301, best cost 28.5762 + 2961.2 = 2989.78 over 498 frames.
M07UP21A0607I301 nahiin 
LOG (lattice-best-path:main():lattice-best-path.cc:99) For utterance M07UP22A1323I47, best cost 10.9526 + 1567.53 = 1578.48 over 298 frames.
M07UP22A1323I47 nahiin 
LOG (lattice-best-path:main():lattice-best-path.cc:99) For utterance M07UP22A1326I300, best cost 22.288 + 2954.73 = 2977.02 over 498 frames.
M07UP22A1326I300 nahiin 
LOG (lattice-best-path:main():lattice-best-path.cc:99) For utterance M07UP22A1342I301, best cost 25.7026 + 2755.62 = 2781.32 over 498 frames.
M07UP22A1342I301 nahiin 
LOG (lattice-best-path:main():lattice-best-path.cc:99) For utterance M07UP22A1347I43, best cost 15.5263 + 2043.23 = 2058.76 over 298 frames.
M07UP22A1347I43 haan 
LOG (lattice-best-path:main():lattice-best-path.cc:99) For utterance M07UP22A1347I47, best cost 17.1832 + 1979.08 = 1996.27 over 300 frames.
M07UP22A1347I47 nahiin 
LOG (lattice-best-path:main():lattice-best-path.cc:99) For utterance M07UP22A1355I301, best cost 20.5551 + 3173.51 = 3194.06 over 498 frames.
M07UP22A1355I301 haan 
LOG (lattice-best-path:main():lattice-best-path.cc:99) For utterance M07UP22A1355I47, best cost 17.5324 + 1788.18 = 1805.72 over 298 frames.
M07UP22A1355I47 haan 
LOG (lattice-best-path:main():lattice-best-path.cc:99) For utterance M07UP22A1357I300, best cost 25.4573 + 2897.85 = 2923.31 over 498 frames.
M07UP22A1357I300 nahiin 
LOG (lattice-best-path:main():lattice-best-path.cc:99) For utterance M07UP22A1357I45, best cost 12.9642 + 1731.96 = 1744.93 over 298 frames.
M07UP22A1357I45 haan 
LOG (lattice-best-path:main():lattice-best-path.cc:99) For utterance M07UP22A1357I47, best cost 13.3714 + 1767.66 = 1781.04 over 298 frames.
M07UP22A1357I47 nahiin 
LOG (lattice-best-path:main():lattice-best-path.cc:99) For utterance M07UP23A0224I44, best cost 15.6221 + 1998.7 = 2014.33 over 298 frames.
M07UP23A0224I44 haan 
LOG (lattice-best-path:main():lattice-best-path.cc:99) For utterance M07UP23A0233I43, best cost 12.922 + 1660.76 = 1673.68 over 298 frames.
M07UP23A0233I43 haan 
LOG (lattice-best-path:main():lattice-best-path.cc:99) For utterance M07UP23A0234I41, best cost 19.3665 + 2018.34 = 2037.7 over 298 frames.
M07UP23A0234I41 nahiin 
LOG (lattice-best-path:main():lattice-best-path.cc:99) For utterance M07UP23A0235I42, best cost 11.7673 + 2006.12 = 2017.89 over 298 frames.
M07UP23A0235I42 nahiin 
LOG (lattice-best-path:main():lattice-best-path.cc:99) For utterance M07UP23A0236I43, best cost 17.898 + 1870.54 = 1888.44 over 298 frames.
M07UP23A0236I43 nahiin 
LOG (lattice-best-path:main():lattice-best-path.cc:99) For utterance M07UP23A0239I40, best cost 9.01887 + 1951.29 = 1960.31 over 298 frames.
M07UP23A0239I40 nahiin 
LOG (lattice-best-path:main():lattice-best-path.cc:99) For utterance M07UP23A0242I42, best cost 18.912 + 1921.13 = 1940.04 over 298 frames.
M07UP23A0242I42 haan 
LOG (lattice-best-path:main():lattice-best-path.cc:99) For utterance M07UP24A0171I300, best cost 21.6075 + 3043.34 = 3064.95 over 498 frames.
M07UP24A0171I300 haan 
LOG (lattice-best-path:main():lattice-best-path.cc:99) For utterance M07UP24A0172I45, best cost 15.0372 + 1899.74 = 1914.78 over 298 frames.
M07UP24A0172I45 haan 
LOG (lattice-best-path:main():lattice-best-path.cc:99) For utterance M07UP24A0172I49, best cost 13.0914 + 1919.06 = 1932.15 over 298 frames.
M07UP24A0172I49 nahiin 
LOG (lattice-best-path:main():lattice-best-path.cc:99) For utterance M07UP24A0173I44, best cost 17.4948 + 1697.66 = 1715.16 over 298 frames.
M07UP24A0173I44 nahiin 
LOG (lattice-best-path:main():lattice-best-path.cc:99) For utterance M07UP24A0173I46, best cost 11.0624 + 1610.36 = 1621.42 over 298 frames.
M07UP24A0173I46 nahiin 
LOG (lattice-best-path:main():lattice-best-path.cc:99) For utterance M07UP24A0175I301, best cost 27.5397 + 2918.38 = 2945.92 over 498 frames.
M07UP24A0175I301 haan 
LOG (lattice-best-path:main():lattice-best-path.cc:99) For utterance M07UP24A0177F606, best cost 25.4376 + 5614.56 = 5640 over 998 frames.
M07UP24A0177F606 nahiin 
LOG (lattice-best-path:main():lattice-best-path.cc:99) For utterance M07UP24A0179I302, best cost 20.7859 + 2909.96 = 2930.75 over 498 frames.
M07UP24A0179I302 haan 
LOG (lattice-best-path:main():lattice-best-path.cc:99) For utterance M07UP24A0181I301, best cost 18.0688 + 3309.02 = 3327.09 over 498 frames.
M07UP24A0181I301 haan 
LOG (lattice-best-path:main():lattice-best-path.cc:99) For utterance M07UP24A0181I42, best cost 15.6043 + 1924.07 = 1939.68 over 298 frames.
M07UP24A0181I42 nahiin 
LOG (lattice-best-path:main():lattice-best-path.cc:99) For utterance M07UP24A0181I48, best cost 14.0455 + 1861.38 = 1875.43 over 298 frames.
M07UP24A0181I48 haan 
LOG (lattice-best-path:main():lattice-best-path.cc:99) For utterance M07UP24A0185I303, best cost 22.4074 + 3088.46 = 3110.86 over 498 frames.
M07UP24A0185I303 nahiin 
LOG (lattice-best-path:main():lattice-best-path.cc:99) For utterance M07UP24A0188I302, best cost 21.8287 + 2987.48 = 3009.31 over 498 frames.
M07UP24A0188I302 haan 
LOG (lattice-best-path:main():lattice-best-path.cc:99) For utterance M07UP24A0191I300, best cost 16.8608 + 2811.19 = 2828.05 over 498 frames.
M07UP24A0191I300 haan 
LOG (lattice-best-path:main():lattice-best-path.cc:99) For utterance M07UP25A1205I302, best cost 24.5212 + 3275.88 = 3300.4 over 498 frames.
M07UP25A1205I302 nahiin 
LOG (lattice-best-path:main():lattice-best-path.cc:99) For utterance M07UP25A1205I43, best cost 16.6037 + 1942.68 = 1959.28 over 298 frames.
M07UP25A1205I43 haan 
LOG (lattice-best-path:main():lattice-best-path.cc:99) For utterance M07UP25A1206I45, best cost 18.9229 + 1892.48 = 1911.4 over 298 frames.
M07UP25A1206I45 nahiin 
LOG (lattice-best-path:main():lattice-best-path.cc:99) For utterance M07UP25A1209I41, best cost 16.0424 + 1854.11 = 1870.15 over 298 frames.
M07UP25A1209I41 haan 
LOG (lattice-best-path:main():lattice-best-path.cc:99) For utterance M07UP25A1216I41, best cost 15.282 + 2022.81 = 2038.09 over 298 frames.
M07UP25A1216I41 haan 
LOG (lattice-best-path:main():lattice-best-path.cc:99) For utterance M07UP25A1220I300, best cost 35.4542 + 3028.02 = 3063.47 over 498 frames.
M07UP25A1220I300 haan 
LOG (lattice-best-path:main():lattice-best-path.cc:99) For utterance M07UP25A1220I42, best cost 19.7065 + 1825.18 = 1844.89 over 298 frames.
M07UP25A1220I42 nahiin 
LOG (lattice-best-path:main():lattice-best-path.cc:99) For utterance M07UP25A1261I302, best cost 24.1643 + 3302.44 = 3326.6 over 500 frames.
M07UP25A1261I302 haan 
LOG (lattice-best-path:main():lattice-best-path.cc:99) For utterance M07UP26A0214I42, best cost 12.8994 + 2039.15 = 2052.05 over 298 frames.
M07UP26A0214I42 nahiin 
LOG (lattice-best-path:main():lattice-best-path.cc:99) For utterance M07UP26A0255I48, best cost 17.8039 + 1826.39 = 1844.19 over 300 frames.
M07UP26A0255I48 haan 
LOG (lattice-best-path:main():lattice-best-path.cc:99) For utterance M07UP26A0257I47, best cost 13.1244 + 1642.06 = 1655.18 over 298 frames.
M07UP26A0257I47 haan 
LOG (lattice-best-path:main():lattice-best-path.cc:99) For utterance M07UP26A0258I414, best cost 19.4953 + 1752.87 = 1772.37 over 298 frames.
M07UP26A0258I414 haan 
LOG (lattice-best-path:main():lattice-best-path.cc:99) For utterance M07UP26A0261I47, best cost 13.155 + 1788.95 = 1802.11 over 298 frames.
M07UP26A0261I47 nahiin 
LOG (lattice-best-path:main():lattice-best-path.cc:99) For utterance M07UP26A0262I41, best cost 12.5635 + 1956.42 = 1968.98 over 298 frames.
M07UP26A0262I41 nahiin 
LOG (lattice-best-path:main():lattice-best-path.cc:99) For utterance M07UP26A0263I43, best cost 15.0322 + 1690.64 = 1705.67 over 298 frames.
M07UP26A0263I43 haan 
LOG (lattice-best-path:main():lattice-best-path.cc:99) For utterance M07UP26A0267I44, best cost 12.89 + 1783.55 = 1796.44 over 298 frames.
M07UP26A0267I44 haan 
LOG (lattice-best-path:main():lattice-best-path.cc:99) For utterance M07UP26A0269I47, best cost 16.047 + 1962.44 = 1978.49 over 298 frames.
M07UP26A0269I47 nahiin 
LOG (lattice-best-path:main():lattice-best-path.cc:99) For utterance M07UP26A0270I42, best cost 18.1261 + 1899.96 = 1918.08 over 298 frames.
M07UP26A0270I42 haan 
LOG (lattice-best-path:main():lattice-best-path.cc:99) For utterance M07UP26A0272I44, best cost 11.622 + 1581.71 = 1593.33 over 298 frames.
M07UP26A0272I44 nahiin 
LOG (lattice-best-path:main():lattice-best-path.cc:99) For utterance M07UP27A0641I438, best cost 14.9562 + 1774.46 = 1789.42 over 298 frames.
M07UP27A0641I438 nahiin 
LOG (lattice-best-path:main():lattice-best-path.cc:99) For utterance M07UP27A0647I41, best cost 14.0105 + 1773.73 = 1787.74 over 298 frames.
M07UP27A0647I41 haan 
LOG (lattice-best-path:main():lattice-best-path.cc:99) For utterance M07UP27A0647I43, best cost 16.8721 + 1808.83 = 1825.7 over 298 frames.
M07UP27A0647I43 haan 
LOG (lattice-best-path:main():lattice-best-path.cc:99) For utterance M07UP27A0657I303, best cost 21.7333 + 3061.43 = 3083.17 over 498 frames.
M07UP27A0657I303 haan 
LOG (lattice-best-path:main():lattice-best-path.cc:99) For utterance M07UP28A0216I301, best cost 15.8813 + 3138.34 = 3154.22 over 498 frames.
M07UP28A0216I301 nahiin 
LOG (lattice-best-path:main():lattice-best-path.cc:99) For utterance M07UP28A0218I300, best cost 27.2948 + 2989.22 = 3016.52 over 498 frames.
M07UP28A0218I300 nahiin 
LOG (lattice-best-path:main():lattice-best-path.cc:99) For utterance M07UP28A0219I40, best cost 13.6273 + 1802.25 = 1815.87 over 298 frames.
M07UP28A0219I40 haan 
LOG (lattice-best-path:main():lattice-best-path.cc:99) For utterance M07UP28A0219I505, best cost 16.4755 + 1801.52 = 1818 over 300 frames.
M07UP28A0219I505 nahiin 
LOG (lattice-best-path:main():lattice-best-path.cc:99) For utterance M07UP28A0225I302, best cost 13.9032 + 3160.96 = 3174.86 over 498 frames.
M07UP28A0225I302 haan 
LOG (lattice-best-path:main():lattice-best-path.cc:99) For utterance M07UP28A0225I40, best cost 23.8214 + 1776.47 = 1800.29 over 298 frames.
M07UP28A0225I40 haan 
LOG (lattice-best-path:main():lattice-best-path.cc:99) For utterance M07UP28A0225I41, best cost 12.0391 + 2109.6 = 2121.64 over 298 frames.
M07UP28A0225I41 nahiin 
LOG (lattice-best-path:main():lattice-best-path.cc:99) For utterance M07UP29A0506I301, best cost 20.804 + 2839.81 = 2860.61 over 498 frames.
M07UP29A0506I301 haan 
LOG (lattice-best-path:main():lattice-best-path.cc:99) For utterance M07UP29A0509I42, best cost 21.6458 + 1852.62 = 1874.27 over 298 frames.
M07UP29A0509I42 nahiin 
LOG (lattice-best-path:main():lattice-best-path.cc:99) For utterance M07UP29A0509I45, best cost 13.3652 + 1809.47 = 1822.83 over 298 frames.
M07UP29A0509I45 nahiin 
LOG (lattice-best-path:main():lattice-best-path.cc:99) For utterance M07UP29A0510I303, best cost 19.7083 + 2934.6 = 2954.31 over 500 frames.
M07UP29A0510I303 haan 
LOG (lattice-best-path:main():lattice-best-path.cc:99) For utterance M07UP29A0510I44, best cost 13.8738 + 1685.44 = 1699.31 over 298 frames.
M07UP29A0510I44 haan 
LOG (lattice-best-path:main():lattice-best-path.cc:99) For utterance M07UP29A0511I301, best cost 15.0112 + 3037.4 = 3052.41 over 498 frames.
M07UP29A0511I301 nahiin 
LOG (lattice-best-path:main():lattice-best-path.cc:99) For utterance M07UP29A0511I42, best cost 13.5706 + 1931.94 = 1945.51 over 298 frames.
M07UP29A0511I42 nahiin 
LOG (lattice-best-path:main():lattice-best-path.cc:99) For utterance M07UP29A0513I44, best cost 14.1091 + 1770.01 = 1784.12 over 298 frames.
M07UP29A0513I44 nahiin 
LOG (lattice-best-path:main():lattice-best-path.cc:99) For utterance M07UP29A0514I41, best cost 16.5879 + 1848.63 = 1865.22 over 298 frames.
M07UP29A0514I41 nahiin 
LOG (lattice-best-path:main():lattice-best-path.cc:99) For utterance M07UP29A0516I41, best cost 13.6087 + 1978.96 = 1992.57 over 298 frames.
M07UP29A0516I41 nahiin 
LOG (lattice-best-path:main():lattice-best-path.cc:99) For utterance M07UP29A0517I303, best cost 18.6518 + 3018.27 = 3036.92 over 498 frames.
M07UP29A0517I303 haan 
LOG (lattice-best-path:main():lattice-best-path.cc:99) For utterance M07UP29A0520I42, best cost 16.9008 + 1706.4 = 1723.3 over 298 frames.
M07UP29A0520I42 nahiin 
LOG (lattice-best-path:main():lattice-best-path.cc:99) For utterance M07UP29A0520I45, best cost 20.9223 + 1874.76 = 1895.68 over 298 frames.
M07UP29A0520I45 nahiin 
LOG (lattice-best-path:main():lattice-best-path.cc:99) For utterance M07UP29A0521I303, best cost 23.9151 + 2926.96 = 2950.88 over 498 frames.
M07UP29A0521I303 haan 
LOG (lattice-best-path:main():lattice-best-path.cc:99) For utterance M07UP29A0521I47, best cost 15.5774 + 1712.98 = 1728.56 over 298 frames.
M07UP29A0521I47 haan 
LOG (lattice-best-path:main():lattice-best-path.cc:99) For utterance M07UP31A1290I43, best cost 15.2671 + 1770.15 = 1785.42 over 298 frames.
M07UP31A1290I43 nahiin 
LOG (lattice-best-path:main():lattice-best-path.cc:99) For utterance M07UP31A1291I42, best cost 21.0203 + 1820.01 = 1841.03 over 298 frames.
M07UP31A1291I42 nahiin 
LOG (lattice-best-path:main():lattice-best-path.cc:99) For utterance M07UP31A1292I301, best cost 21.7477 + 2952.19 = 2973.94 over 498 frames.
M07UP31A1292I301 haan 
LOG (lattice-best-path:main():lattice-best-path.cc:99) For utterance M07UP31A1294I302, best cost 32.7241 + 2871.37 = 2904.09 over 498 frames.
M07UP31A1294I302 nahiin 
LOG (lattice-best-path:main():lattice-best-path.cc:99) For utterance M07UP31A1294I43, best cost 20.2736 + 1846.79 = 1867.06 over 298 frames.
M07UP31A1294I43 nahiin 
LOG (lattice-best-path:main():lattice-best-path.cc:99) For utterance M07UP31A1296I500, best cost 23.333 + 2665.99 = 2689.33 over 498 frames.
M07UP31A1296I500 nahiin 
LOG (lattice-best-path:main():lattice-best-path.cc:99) For utterance M07UP31A1300I300, best cost 24.8613 + 3352.98 = 3377.84 over 498 frames.
M07UP31A1300I300 haan 
LOG (lattice-best-path:main():lattice-best-path.cc:99) For utterance M07UP31A1302I301, best cost 28.5863 + 2968.43 = 2997.02 over 498 frames.
M07UP31A1302I301 haan 
LOG (lattice-best-path:main():lattice-best-path.cc:99) For utterance M07UP31A1306I302, best cost 33.9053 + 3017.75 = 3051.66 over 498 frames.
M07UP31A1306I302 nahiin 
LOG (lattice-best-path:main():lattice-best-path.cc:99) For utterance M07UP31A1306I303, best cost 18.172 + 3421.51 = 3439.69 over 498 frames.
M07UP31A1306I303 haan 
LOG (lattice-best-path:main():lattice-best-path.cc:99) For utterance M07UP31A1306I43, best cost 13.1765 + 1685.16 = 1698.34 over 298 frames.
M07UP31A1306I43 haan 
LOG (lattice-best-path:main():lattice-best-path.cc:99) For utterance M07UP31A1307I430, best cost 21.9146 + 1830.8 = 1852.71 over 298 frames.
M07UP31A1307I430 nahiin 
LOG (lattice-best-path:main():lattice-best-path.cc:99) For utterance M07UP31A1308I435, best cost 15.6056 + 1818.73 = 1834.34 over 298 frames.
M07UP31A1308I435 nahiin 
LOG (lattice-best-path:main():lattice-best-path.cc:99) For utterance M07UP31A1309I44, best cost 12.1225 + 2030.73 = 2042.85 over 298 frames.
M07UP31A1309I44 nahiin 
LOG (lattice-best-path:main():lattice-best-path.cc:99) For utterance M07UP31A1310I45, best cost 18.6911 + 1948.87 = 1967.56 over 298 frames.
M07UP31A1310I45 nahiin 
LOG (lattice-best-path:main():lattice-best-path.cc:99) For utterance M07UP34A0551I43, best cost 11.361 + 1945.99 = 1957.35 over 300 frames.
M07UP34A0551I43 nahiin 
LOG (lattice-best-path:main():lattice-best-path.cc:99) For utterance M07UP34A0554I301, best cost 18.8861 + 2924.19 = 2943.07 over 498 frames.
M07UP34A0554I301 haan 
LOG (lattice-best-path:main():lattice-best-path.cc:99) For utterance M07UP34A0555I300, best cost 23.4534 + 3342.88 = 3366.33 over 498 frames.
M07UP34A0555I300 haan 
LOG (lattice-best-path:main():lattice-best-path.cc:99) For utterance M07UP34A0558I42, best cost 16.0562 + 1893.84 = 1909.9 over 298 frames.
M07UP34A0558I42 haan 
LOG (lattice-best-path:main():lattice-best-path.cc:99) For utterance M07UP34A0559I303, best cost 27.5908 + 3008.13 = 3035.72 over 498 frames.
M07UP34A0559I303 nahiin 
LOG (lattice-best-path:main():lattice-best-path.cc:99) For utterance M07UP34A0559I44, best cost 20.8686 + 1835.22 = 1856.09 over 298 frames.
M07UP34A0559I44 haan 
LOG (lattice-best-path:main():lattice-best-path.cc:99) For utterance M07UP34A0561I300, best cost 22.0573 + 3349.55 = 3371.61 over 498 frames.
M07UP34A0561I300 haan 
LOG (lattice-best-path:main():lattice-best-path.cc:99) For utterance M07UP34A0563I303, best cost 38.6002 + 2855.61 = 2894.21 over 498 frames.
M07UP34A0563I303 haan 
LOG (lattice-best-path:main():lattice-best-path.cc:99) For utterance M07UP34A0564I43, best cost 15.1154 + 1817.26 = 1832.38 over 298 frames.
M07UP34A0564I43 nahiin 
LOG (lattice-best-path:main():lattice-best-path.cc:99) For utterance M07UP34A0566I301, best cost 22.4531 + 2845.08 = 2867.53 over 498 frames.
M07UP34A0566I301 nahiin 
LOG (lattice-best-path:main():lattice-best-path.cc:99) For utterance M07UP35A0443I41, best cost 16.6018 + 1885.99 = 1902.59 over 298 frames.
M07UP35A0443I41 haan 
LOG (lattice-best-path:main():lattice-best-path.cc:99) For utterance M07UP35A0446I301, best cost 19.1914 + 3076.77 = 3095.97 over 498 frames.
M07UP35A0446I301 nahiin 
LOG (lattice-best-path:main():lattice-best-path.cc:99) For utterance M07UP35A0448I301, best cost 21.6331 + 2799.79 = 2821.42 over 498 frames.
M07UP35A0448I301 nahiin 
LOG (lattice-best-path:main():lattice-best-path.cc:99) For utterance M07UP35A0450I301, best cost 23.7129 + 3302.64 = 3326.35 over 498 frames.
M07UP35A0450I301 haan 
LOG (lattice-best-path:main():lattice-best-path.cc:99) For utterance M07UP35A0452I303, best cost 33.3205 + 2815.49 = 2848.81 over 498 frames.
M07UP35A0452I303 haan 
LOG (lattice-best-path:main():lattice-best-path.cc:99) For utterance M07UP35A0455I303, best cost 29.7823 + 2791.24 = 2821.03 over 498 frames.
M07UP35A0455I303 haan 
LOG (lattice-best-path:main():lattice-best-path.cc:99) For utterance M07UP35A0455I426, best cost 21.4982 + 1911.83 = 1933.33 over 298 frames.
M07UP35A0455I426 nahiin 
LOG (lattice-best-path:main():lattice-best-path.cc:99) For utterance M07UP35A0456I43, best cost 17.5966 + 1839.86 = 1857.45 over 298 frames.
M07UP35A0456I43 haan 
LOG (lattice-best-path:main():lattice-best-path.cc:99) For utterance M07UP35A0457I41, best cost 15.8386 + 1933.09 = 1948.93 over 298 frames.
M07UP35A0457I41 haan 
LOG (lattice-best-path:main():lattice-best-path.cc:99) For utterance M07UP35A0459I303, best cost 16.9095 + 2908.49 = 2925.39 over 498 frames.
M07UP35A0459I303 haan 
LOG (lattice-best-path:main():lattice-best-path.cc:99) For utterance M07UP36A0825I301, best cost 35.155 + 3029.62 = 3064.78 over 498 frames.
M07UP36A0825I301 nahiin 
LOG (lattice-best-path:main():lattice-best-path.cc:99) For utterance M07UP36A0825I40, best cost 23.068 + 1783.82 = 1806.89 over 298 frames.
M07UP36A0825I40 haan 
LOG (lattice-best-path:main():lattice-best-path.cc:99) For utterance M07UP36A0827I300, best cost 29.5978 + 2755.01 = 2784.61 over 498 frames.
M07UP36A0827I300 haan 
LOG (lattice-best-path:main():lattice-best-path.cc:99) For utterance M07UP36A0829I302, best cost 20.9834 + 3013.87 = 3034.86 over 498 frames.
M07UP36A0829I302 haan 
LOG (lattice-best-path:main():lattice-best-path.cc:99) For utterance M07UP36A0832I302, best cost 21.4658 + 3095.88 = 3117.34 over 498 frames.
M07UP36A0832I302 nahiin 
LOG (lattice-best-path:main():lattice-best-path.cc:99) For utterance M07UP36A0840I41, best cost 15.5467 + 1687.28 = 1702.82 over 298 frames.
M07UP36A0840I41 nahiin 
LOG (lattice-best-path:main():lattice-best-path.cc:99) For utterance M07UP37A0301I42, best cost 12.7502 + 1593.29 = 1606.05 over 298 frames.
M07UP37A0301I42 haan 
LOG (lattice-best-path:main():lattice-best-path.cc:99) For utterance M07UP37A0302I45, best cost 9.79563 + 1993.53 = 2003.32 over 298 frames.
M07UP37A0302I45 haan 
LOG (lattice-best-path:main():lattice-best-path.cc:99) For utterance M07UP37A0306I47, best cost 14.3631 + 2017.03 = 2031.39 over 298 frames.
M07UP37A0306I47 haan 
LOG (lattice-best-path:main():lattice-best-path.cc:99) For utterance M07UP37A0307I303, best cost 15.0532 + 3203.78 = 3218.83 over 498 frames.
M07UP37A0307I303 haan 
LOG (lattice-best-path:main():lattice-best-path.cc:99) For utterance M07UP37A0309I40, best cost 9.74676 + 2071.84 = 2081.59 over 298 frames.
M07UP37A0309I40 haan 
LOG (lattice-best-path:main():lattice-best-path.cc:99) For utterance M07UP37A0309I44, best cost 14.9849 + 1987.46 = 2002.44 over 300 frames.
M07UP37A0309I44 haan 
LOG (lattice-best-path:main():lattice-best-path.cc:99) For utterance M07UP37A0311I43, best cost 18.1345 + 1804.69 = 1822.82 over 298 frames.
M07UP37A0311I43 nahiin 
LOG (lattice-best-path:main():lattice-best-path.cc:99) For utterance M07UP37A0311I44, best cost 17.9443 + 1789.87 = 1807.82 over 298 frames.
M07UP37A0311I44 haan 
LOG (lattice-best-path:main():lattice-best-path.cc:99) For utterance M07UP37A0311I48, best cost 11.7665 + 1642.16 = 1653.93 over 300 frames.
M07UP37A0311I48 haan 
LOG (lattice-best-path:main():lattice-best-path.cc:99) For utterance M07UP37A0313I427, best cost 13.2584 + 1835.53 = 1848.79 over 298 frames.
M07UP37A0313I427 nahiin 
LOG (lattice-best-path:main():lattice-best-path.cc:99) For utterance M07UP37A0314I300, best cost 19.2309 + 3227.9 = 3247.13 over 498 frames.
M07UP37A0314I300 nahiin 
LOG (lattice-best-path:main():lattice-best-path.cc:99) For utterance M07UP37A0316I305, best cost 15.5192 + 3352.3 = 3367.82 over 498 frames.
M07UP37A0316I305 haan 
LOG (lattice-best-path:main():lattice-best-path.cc:99) For utterance M07UP37A0317I47, best cost 14.6136 + 1769.86 = 1784.48 over 298 frames.
M07UP37A0317I47 haan 
LOG (lattice-best-path:main():lattice-best-path.cc:99) For utterance M07UP37A0317I48, best cost 15.3003 + 1997.07 = 2012.37 over 298 frames.
M07UP37A0317I48 haan 
LOG (lattice-best-path:main():lattice-best-path.cc:99) For utterance M07UP37A0319I301, best cost 19.879 + 3361.65 = 3381.53 over 498 frames.
M07UP37A0319I301 haan 
LOG (lattice-best-path:main():lattice-best-path.cc:99) For utterance M07UP38A0103I43, best cost 14.4712 + 1813.28 = 1827.75 over 298 frames.
M07UP38A0103I43 haan 
LOG (lattice-best-path:main():lattice-best-path.cc:99) For utterance M07UP38A0107I43, best cost 12.4714 + 1842.43 = 1854.9 over 298 frames.
M07UP38A0107I43 nahiin 
LOG (lattice-best-path:main():lattice-best-path.cc:99) For utterance M07UP39A0774I301, best cost 19.3733 + 2796.2 = 2815.57 over 498 frames.
M07UP39A0774I301 haan 
LOG (lattice-best-path:main():lattice-best-path.cc:99) For utterance M07UP39A0776I302, best cost 13.7574 + 2767.44 = 2781.2 over 498 frames.
M07UP39A0776I302 nahiin 
LOG (lattice-best-path:main():lattice-best-path.cc:99) For utterance M07UP39A0777I300, best cost 25.2846 + 2893.12 = 2918.4 over 498 frames.
M07UP39A0777I300 haan 
LOG (lattice-best-path:main():lattice-best-path.cc:99) For utterance M07UP39A0777I423, best cost 12.88 + 1641.08 = 1653.96 over 298 frames.
M07UP39A0777I423 nahiin 
LOG (lattice-best-path:main():lattice-best-path.cc:99) For utterance M07UP39A0778I303, best cost 26.1362 + 3055.59 = 3081.73 over 498 frames.
M07UP39A0778I303 haan 
LOG (lattice-best-path:main():lattice-best-path.cc:99) For utterance M07UP39A0781I501, best cost 12.2035 + 2374.54 = 2386.75 over 398 frames.
M07UP39A0781I501 nahiin 
LOG (lattice-best-path:main():lattice-best-path.cc:99) For utterance M07UP41A0273I301, best cost 18.609 + 3428.05 = 3446.66 over 498 frames.
M07UP41A0273I301 nahiin 
LOG (lattice-best-path:main():lattice-best-path.cc:99) For utterance M07UP41A0273I47, best cost 11.8799 + 1879.35 = 1891.23 over 298 frames.
M07UP41A0273I47 nahiin 
LOG (lattice-best-path:main():lattice-best-path.cc:99) For utterance M07UP41A0275I300, best cost 22.7366 + 2806 = 2828.73 over 498 frames.
M07UP41A0275I300 haan 
LOG (lattice-best-path:main():lattice-best-path.cc:99) For utterance M07UP41A0277I300, best cost 13.6788 + 3108.72 = 3122.4 over 498 frames.
M07UP41A0277I300 haan 
LOG (lattice-best-path:main():lattice-best-path.cc:99) For utterance M07UP41A0277I43, best cost 13.9697 + 1967.34 = 1981.31 over 298 frames.
M07UP41A0277I43 nahiin 
LOG (lattice-best-path:main():lattice-best-path.cc:99) For utterance M07UP41A0279I301, best cost 16.4186 + 3097.25 = 3113.67 over 498 frames.
M07UP41A0279I301 haan 
LOG (lattice-best-path:main():lattice-best-path.cc:99) For utterance M07UP41A0279I302, best cost 23.655 + 2965.37 = 2989.02 over 498 frames.
M07UP41A0279I302 haan 
LOG (lattice-best-path:main():lattice-best-path.cc:99) For utterance M07UP41A0279I47, best cost 15.5274 + 2011.86 = 2027.38 over 298 frames.
M07UP41A0279I47 nahiin 
LOG (lattice-best-path:main():lattice-best-path.cc:99) For utterance M07UP41A0280I42, best cost 11.172 + 1855.15 = 1866.32 over 298 frames.
M07UP41A0280I42 nahiin 
LOG (lattice-best-path:main():lattice-best-path.cc:99) For utterance M07UP41A0280I45, best cost 16.1723 + 1982.67 = 1998.85 over 298 frames.
M07UP41A0280I45 nahiin 
LOG (lattice-best-path:main():lattice-best-path.cc:99) For utterance M07UP41A0283I48, best cost 11.9924 + 1645.22 = 1657.22 over 298 frames.
M07UP41A0283I48 haan 
LOG (lattice-best-path:main():lattice-best-path.cc:99) For utterance M07UP41A0289I303, best cost 23.861 + 3049.1 = 3072.96 over 498 frames.
M07UP41A0289I303 haan 
LOG (lattice-best-path:main():lattice-best-path.cc:99) For utterance M07UP41A0289I44, best cost 13.1256 + 1761.95 = 1775.08 over 300 frames.
M07UP41A0289I44 nahiin 
LOG (lattice-best-path:main():lattice-best-path.cc:99) For utterance M07UP41A0290I47, best cost 16.3518 + 1779.54 = 1795.89 over 298 frames.
M07UP41A0290I47 haan 
LOG (lattice-best-path:main():lattice-best-path.cc:99) For utterance M07UP41A0291I43, best cost 14.8848 + 1699.76 = 1714.65 over 298 frames.
M07UP41A0291I43 haan 
LOG (lattice-best-path:main():lattice-best-path.cc:99) For utterance M07UP41A0291I46, best cost 13.824 + 1760.01 = 1773.83 over 298 frames.
M07UP41A0291I46 haan 
LOG (lattice-best-path:main():lattice-best-path.cc:99) For utterance M07UP42A0111I46, best cost 17.8622 + 1731.77 = 1749.63 over 298 frames.
M07UP42A0111I46 haan 
LOG (lattice-best-path:main():lattice-best-path.cc:99) For utterance M07UP42A0116I430, best cost 12.88 + 1907.69 = 1920.57 over 298 frames.
M07UP42A0116I430 haan 
LOG (lattice-best-path:main():lattice-best-path.cc:99) For utterance M07UP42A0117I419, best cost 18.988 + 1792.25 = 1811.24 over 298 frames.
M07UP42A0117I419 haan 
LOG (lattice-best-path:main():lattice-best-path.cc:99) For utterance M07UP42A0117I423, best cost 13.1037 + 1895.2 = 1908.3 over 298 frames.
M07UP42A0117I423 nahiin 
LOG (lattice-best-path:main():lattice-best-path.cc:99) For utterance M07UP42A0119I300, best cost 22.4179 + 3228.51 = 3250.93 over 498 frames.
M07UP42A0119I300 haan 
LOG (lattice-best-path:main():lattice-best-path.cc:99) For utterance M07UP42A0119I46, best cost 18.475 + 1958.65 = 1977.12 over 298 frames.
M07UP42A0119I46 haan 
LOG (lattice-best-path:main():lattice-best-path.cc:99) For utterance M07UP42A0120I418, best cost 17.2788 + 1814.34 = 1831.62 over 298 frames.
M07UP42A0120I418 nahiin 
LOG (lattice-best-path:main():lattice-best-path.cc:99) For utterance M07UP42A0120I424, best cost 16.0266 + 1833.12 = 1849.15 over 298 frames.
M07UP42A0120I424 nahiin 
LOG (lattice-best-path:main():lattice-best-path.cc:99) For utterance M07UP42A0120I429, best cost 15.9536 + 1917.9 = 1933.86 over 298 frames.
M07UP42A0120I429 haan 
LOG (lattice-best-path:main():lattice-best-path.cc:99) For utterance M07UP42A0122I302, best cost 15.9412 + 3137.71 = 3153.65 over 498 frames.
M07UP42A0122I302 nahiin 
LOG (lattice-best-path:main():lattice-best-path.cc:99) For utterance M07UP42A0122I424, best cost 15.2905 + 1931.61 = 1946.9 over 298 frames.
M07UP42A0122I424 haan 
LOG (lattice-best-path:main():lattice-best-path.cc:99) For utterance M07UP42A0122I46, best cost 22.3911 + 1887.08 = 1909.47 over 298 frames.
M07UP42A0122I46 haan 
LOG (lattice-best-path:main():lattice-best-path.cc:99) For utterance M07UP42A0123I42, best cost 17.6635 + 1887.5 = 1905.16 over 298 frames.
M07UP42A0123I42 haan 
LOG (lattice-best-path:main():lattice-best-path.cc:99) For utterance M07UP42A0123I424, best cost 11.6667 + 1964.02 = 1975.69 over 298 frames.
M07UP42A0123I424 nahiin 
LOG (lattice-best-path:main():lattice-best-path.cc:99) For utterance M07UP42A0124I45, best cost 15.163 + 1807.4 = 1822.56 over 298 frames.
M07UP42A0124I45 haan 
LOG (lattice-best-path:main():lattice-best-path.cc:99) For utterance M07UP42A0126I437, best cost 16.4471 + 1902.24 = 1918.69 over 298 frames.
M07UP42A0126I437 nahiin 
LOG (lattice-best-path:main():lattice-best-path.cc:99) For utterance M07UP43A0148I300, best cost 23.0385 + 3292.48 = 3315.52 over 498 frames.
M07UP43A0148I300 nahiin 
LOG (lattice-best-path:main():lattice-best-path.cc:99) For utterance M07UP43A0151I42, best cost 18.0138 + 2015.79 = 2033.8 over 298 frames.
M07UP43A0151I42 nahiin 
LOG (lattice-best-path:main():lattice-best-path.cc:99) For utterance M07UP43A0154I43, best cost 12.8766 + 1662.78 = 1675.66 over 298 frames.
M07UP43A0154I43 haan 
LOG (lattice-best-path:main():lattice-best-path.cc:99) For utterance M07UP43A0154I44, best cost 15.7893 + 1720.94 = 1736.73 over 298 frames.
M07UP43A0154I44 haan 
LOG (lattice-best-path:main():lattice-best-path.cc:99) For utterance M07UP43A0158I41, best cost 14.0521 + 1915.25 = 1929.3 over 298 frames.
M07UP43A0158I41 nahiin 
LOG (lattice-best-path:main():lattice-best-path.cc:99) For utterance M07UP45A0614I48, best cost 18.6891 + 1926.65 = 1945.34 over 298 frames.
M07UP45A0614I48 nahiin 
LOG (lattice-best-path:main():lattice-best-path.cc:99) For utterance M07UP45A0616I43, best cost 16.6371 + 1834.37 = 1851 over 298 frames.
M07UP45A0616I43 haan 
LOG (lattice-best-path:main():lattice-best-path.cc:99) For utterance M07UP45A0624I41, best cost 16.6051 + 1847.61 = 1864.21 over 298 frames.
M07UP45A0624I41 haan 
LOG (lattice-best-path:main():lattice-best-path.cc:99) For utterance M07UP45A0624I44, best cost 20.8598 + 1823.44 = 1844.3 over 298 frames.
M07UP45A0624I44 nahiin 
LOG (lattice-best-path:main():lattice-best-path.cc:99) For utterance M07UP45A0625I41, best cost 14.2563 + 1891.76 = 1906.02 over 298 frames.
M07UP45A0625I41 haan 
LOG (lattice-best-path:main():lattice-best-path.cc:99) For utterance M07UP45A0627I43, best cost 14.8924 + 1652.19 = 1667.08 over 298 frames.
M07UP45A0627I43 haan 
LOG (lattice-best-path:main():lattice-best-path.cc:99) For utterance M07UP45A0628I41, best cost 16.8085 + 1866.76 = 1883.57 over 298 frames.
M07UP45A0628I41 haan 
LOG (lattice-best-path:main():lattice-best-path.cc:99) For utterance M07UP45A0629I303, best cost 23.4026 + 3302.72 = 3326.12 over 498 frames.
M07UP45A0629I303 nahiin 
LOG (lattice-best-path:main():lattice-best-path.cc:99) For utterance M07UP45A0634I48, best cost 17.9027 + 1784.5 = 1802.4 over 298 frames.
M07UP45A0634I48 haan 
LOG (lattice-best-path:main():lattice-best-path.cc:99) For utterance M07UP45A0635I42, best cost 18.4546 + 1875.12 = 1893.57 over 298 frames.
M07UP45A0635I42 haan 
LOG (lattice-best-path:main():lattice-best-path.cc:99) For utterance M07UP45A0636I300, best cost 14.8806 + 2716.47 = 2731.35 over 498 frames.
M07UP45A0636I300 haan 
LOG (lattice-best-path:main():lattice-best-path.cc:99) For utterance M07UP48A0013I417, best cost 20.0123 + 1818.35 = 1838.36 over 298 frames.
M07UP48A0013I417 haan 
LOG (lattice-best-path:main():lattice-best-path.cc:99) For utterance M07UP48A0013I43, best cost 14.1524 + 1860.95 = 1875.1 over 298 frames.
M07UP48A0013I43 haan 
LOG (lattice-best-path:main():lattice-best-path.cc:99) For utterance M07UP48A0014I44, best cost 12.0185 + 1853.02 = 1865.03 over 298 frames.
M07UP48A0014I44 nahiin 
LOG (lattice-best-path:main():lattice-best-path.cc:99) For utterance M07UP48A0015I422, best cost 15.3272 + 1839.71 = 1855.04 over 298 frames.
M07UP48A0015I422 haan 
LOG (lattice-best-path:main():lattice-best-path.cc:99) For utterance M07UP48A0018I422, best cost 14.1556 + 1942.84 = 1957 over 298 frames.
M07UP48A0018I422 nahiin 
LOG (lattice-best-path:main():lattice-best-path.cc:99) For utterance M07UP48A0020I43, best cost 12.6493 + 1705.87 = 1718.52 over 298 frames.
M07UP48A0020I43 haan 
LOG (lattice-best-path:main():lattice-best-path.cc:99) For utterance M07UP48A0021I45, best cost 17.1917 + 1692.46 = 1709.65 over 298 frames.
M07UP48A0021I45 nahiin 
LOG (lattice-best-path:main():lattice-best-path.cc:99) For utterance M07UP48A0024I49, best cost 16.5399 + 1929.68 = 1946.22 over 304 frames.
M07UP48A0024I49 nahiin 
LOG (lattice-best-path:main():lattice-best-path.cc:99) For utterance M07UP48A0028I45, best cost 13.5099 + 1918.71 = 1932.22 over 298 frames.
M07UP48A0028I45 nahiin 
LOG (lattice-best-path:main():lattice-best-path.cc:99) For utterance M07UP48A0031I44, best cost 18.616 + 1937.94 = 1956.55 over 298 frames.
M07UP48A0031I44 haan 
LOG (lattice-best-path:main():lattice-best-path.cc:99) For utterance M07UP49A0861I41, best cost 14.3413 + 1710.79 = 1725.13 over 300 frames.
M07UP49A0861I41 haan 
LOG (lattice-best-path:main():lattice-best-path.cc:99) For utterance M07UP49A0863I300, best cost 28.4886 + 3126.08 = 3154.57 over 498 frames.
M07UP49A0863I300 nahiin 
LOG (lattice-best-path:main():lattice-best-path.cc:99) For utterance M07UP49A0866I504, best cost 17.7173 + 2050.72 = 2068.43 over 298 frames.
M07UP49A0866I504 nahiin 
LOG (lattice-best-path:main():lattice-best-path.cc:99) For utterance M07UP49A0869I301, best cost 21.9144 + 3078.08 = 3099.99 over 498 frames.
M07UP49A0869I301 nahiin 
LOG (lattice-best-path:main():lattice-best-path.cc:99) For utterance M07UP49A0880I43, best cost 23.042 + 1816.78 = 1839.82 over 298 frames.
M07UP49A0880I43 nahiin 
LOG (lattice-best-path:main():lattice-best-path.cc:99) For utterance M07UP51A0032I301, best cost 15.0518 + 2826.69 = 2841.74 over 430 frames.
M07UP51A0032I301 haan 
LOG (lattice-best-path:main():lattice-best-path.cc:99) For utterance M07UP51A0033I42, best cost 20.1754 + 1888.71 = 1908.88 over 298 frames.
M07UP51A0033I42 haan 
LOG (lattice-best-path:main():lattice-best-path.cc:99) For utterance M07UP51A0033I48, best cost 15.6305 + 1974.39 = 1990.02 over 298 frames.
M07UP51A0033I48 haan 
LOG (lattice-best-path:main():lattice-best-path.cc:99) For utterance M07UP51A0035I302, best cost 29.0153 + 3065.49 = 3094.51 over 498 frames.
M07UP51A0035I302 haan 
LOG (lattice-best-path:main():lattice-best-path.cc:99) For utterance M07UP51A0036I300, best cost 17.0846 + 3186.75 = 3203.83 over 498 frames.
M07UP51A0036I300 haan 
LOG (lattice-best-path:main():lattice-best-path.cc:99) For utterance M07UP51A0036I44, best cost 21.5456 + 1790.95 = 1812.5 over 298 frames.
M07UP51A0036I44 haan 
LOG (lattice-best-path:main():lattice-best-path.cc:99) For utterance M07UP51A0036I45, best cost 18.6758 + 1812.05 = 1830.72 over 298 frames.
M07UP51A0036I45 haan 
LOG (lattice-best-path:main():lattice-best-path.cc:99) For utterance M07UP51A0036I48, best cost 17.2462 + 1849.47 = 1866.72 over 298 frames.
M07UP51A0036I48 haan 
LOG (lattice-best-path:main():lattice-best-path.cc:99) For utterance M07UP51A0038I48, best cost 15.6195 + 1907.99 = 1923.61 over 298 frames.
M07UP51A0038I48 nahiin 
LOG (lattice-best-path:main():lattice-best-path.cc:99) For utterance M07UP51A0041I300, best cost 17.6395 + 2684.77 = 2702.4 over 498 frames.
M07UP51A0041I300 haan 
LOG (lattice-best-path:main():lattice-best-path.cc:99) For utterance M07UP51A0042I302, best cost 29.5339 + 2865.61 = 2895.14 over 498 frames.
M07UP51A0042I302 haan 
LOG (lattice-best-path:main():lattice-best-path.cc:99) For utterance M07UP51A0043I410, best cost 12.1844 + 1834.68 = 1846.86 over 298 frames.
M07UP51A0043I410 haan 
LOG (lattice-best-path:main():lattice-best-path.cc:99) For utterance M07UP51A0043I44, best cost 19.4501 + 1899.29 = 1918.74 over 298 frames.
M07UP51A0043I44 nahiin 
LOG (lattice-best-path:main():lattice-best-path.cc:99) For utterance M07UP51A0043I45, best cost 22.3643 + 1724.7 = 1747.07 over 298 frames.
M07UP51A0043I45 haan 
LOG (lattice-best-path:main():lattice-best-path.cc:99) For utterance M07UP51A0044I303, best cost 35.3665 + 2903.88 = 2939.25 over 498 frames.
M07UP51A0044I303 haan 
LOG (lattice-best-path:main():lattice-best-path.cc:99) For utterance M07UP51A0045I412, best cost 23.834 + 1908.64 = 1932.47 over 298 frames.
M07UP51A0045I412 haan 
LOG (lattice-best-path:main():lattice-best-path.cc:99) For utterance M07UP51A0046I412, best cost 16.8828 + 1709.46 = 1726.34 over 298 frames.
M07UP51A0046I412 nahiin 
LOG (lattice-best-path:main():lattice-best-path.cc:99) For utterance M07UP51A0046I43, best cost 21.4068 + 1845.11 = 1866.52 over 298 frames.
M07UP51A0046I43 haan 
LOG (lattice-best-path:main():lattice-best-path.cc:99) For utterance M07UP51A0049I44, best cost 14.7707 + 1973.36 = 1988.13 over 298 frames.
M07UP51A0049I44 haan 
LOG (lattice-best-path:main():lattice-best-path.cc:99) For utterance M07UP51A0049I48, best cost 18.9106 + 1989.49 = 2008.4 over 298 frames.
M07UP51A0049I48 haan 
LOG (lattice-best-path:main():lattice-best-path.cc:99) For utterance M07UP51A0050I300, best cost 23.6873 + 2891.4 = 2915.09 over 498 frames.
M07UP51A0050I300 haan 
LOG (lattice-best-path:main():lattice-best-path.cc:99) For utterance M07UP51A0050I42, best cost 19.7318 + 1824.15 = 1843.88 over 298 frames.
M07UP51A0050I42 haan 
LOG (lattice-best-path:main():lattice-best-path.cc:99) For utterance M07UP51A0050I45, best cost 14.2177 + 1853.48 = 1867.7 over 298 frames.
M07UP51A0050I45 haan 
LOG (lattice-best-path:main():lattice-best-path.cc:99) For utterance M07UP51A0052I301, best cost 19.5697 + 2797.27 = 2816.84 over 498 frames.
M07UP51A0052I301 nahiin 
LOG (lattice-best-path:main():lattice-best-path.cc:99) For utterance M07UP51A0052I303, best cost 18.9136 + 2704 = 2722.91 over 498 frames.
M07UP51A0052I303 haan 
LOG (lattice-best-path:main():lattice-best-path.cc:99) For utterance M07UP51A0052I412, best cost 15.0996 + 1702.74 = 1717.84 over 298 frames.
M07UP51A0052I412 haan 
LOG (lattice-best-path:main():lattice-best-path.cc:99) For utterance M07UP51A0052I45, best cost 18.2012 + 1790.41 = 1808.61 over 298 frames.
M07UP51A0052I45 haan 
LOG (lattice-best-path:main():lattice-best-path.cc:99) For utterance M07UP51A0053I302, best cost 22.598 + 2896.36 = 2918.96 over 498 frames.
M07UP51A0053I302 haan 
LOG (lattice-best-path:main():lattice-best-path.cc:99) For utterance M07UP51A0054I40, best cost 15.7663 + 1973.25 = 1989.02 over 298 frames.
M07UP51A0054I40 nahiin 
LOG (lattice-best-path:main():lattice-best-path.cc:99) For utterance M07UP51A0054I47, best cost 16.3895 + 1965.21 = 1981.6 over 298 frames.
M07UP51A0054I47 haan 
LOG (lattice-best-path:main():lattice-best-path.cc:99) For utterance M07UP51A0094I411, best cost 24.7276 + 1746.06 = 1770.78 over 298 frames.
M07UP51A0094I411 haan 
LOG (lattice-best-path:main():lattice-best-path.cc:99) For utterance M07UP52A0193I300, best cost 25.1029 + 2974.24 = 2999.35 over 498 frames.
M07UP52A0193I300 nahiin 
LOG (lattice-best-path:main():lattice-best-path.cc:99) For utterance M07UP52A0193I302, best cost 25.1655 + 2918.82 = 2943.99 over 498 frames.
M07UP52A0193I302 nahiin 
LOG (lattice-best-path:main():lattice-best-path.cc:99) For utterance M07UP52A0193I43, best cost 20.0367 + 1709.89 = 1729.92 over 298 frames.
M07UP52A0193I43 nahiin 
LOG (lattice-best-path:main():lattice-best-path.cc:99) For utterance M07UP52A0195I45, best cost 13.3292 + 1987.48 = 2000.81 over 298 frames.
M07UP52A0195I45 haan 
LOG (lattice-best-path:main():lattice-best-path.cc:99) For utterance M07UP52A0196I300, best cost 23.7973 + 3028.04 = 3051.84 over 498 frames.
M07UP52A0196I300 nahiin 
LOG (lattice-best-path:main():lattice-best-path.cc:99) For utterance M07UP52A0196I41, best cost 16.6473 + 1845.61 = 1862.26 over 292 frames.
M07UP52A0196I41 haan 
LOG (lattice-best-path:main():lattice-best-path.cc:99) For utterance M07UP52A0199I41, best cost 13.4104 + 2049.48 = 2062.89 over 298 frames.
M07UP52A0199I41 haan 
LOG (lattice-best-path:main():lattice-best-path.cc:99) For utterance M07UP52A0202I302, best cost 24.735 + 3311.75 = 3336.48 over 498 frames.
M07UP52A0202I302 nahiin 
LOG (lattice-best-path:main():lattice-best-path.cc:99) For utterance M07UP52A0202I40, best cost 13.3428 + 2002.74 = 2016.08 over 298 frames.
M07UP52A0202I40 nahiin 
LOG (lattice-best-path:main():lattice-best-path.cc:99) For utterance M07UP52A0202I45, best cost 18.5375 + 2024.95 = 2043.49 over 298 frames.
M07UP52A0202I45 haan 
LOG (lattice-best-path:main():lattice-best-path.cc:99) For utterance M07UP52A0205I43, best cost 17.8743 + 1867.78 = 1885.65 over 298 frames.
M07UP52A0205I43 haan 
LOG (lattice-best-path:main():lattice-best-path.cc:99) For utterance M07UP52A0206I302, best cost 21.9843 + 2991.24 = 3013.23 over 498 frames.
M07UP52A0206I302 haan 
LOG (lattice-best-path:main():lattice-best-path.cc:99) For utterance M07UP52A0206I40, best cost 10.801 + 1975.25 = 1986.05 over 298 frames.
M07UP52A0206I40 haan 
LOG (lattice-best-path:main():lattice-best-path.cc:99) For utterance M07UP52A0207I42, best cost 17.6734 + 1946.11 = 1963.78 over 298 frames.
M07UP52A0207I42 haan 
LOG (lattice-best-path:main():lattice-best-path.cc:99) For utterance M07UP52A0210I300, best cost 26.1714 + 3235.74 = 3261.92 over 498 frames.
M07UP52A0210I300 nahiin 
LOG (lattice-best-path:main():lattice-best-path.cc:99) For utterance M07UP52A0210I43, best cost 16.4998 + 1947.39 = 1963.89 over 298 frames.
M07UP52A0210I43 nahiin 
LOG (lattice-best-path:main():lattice-best-path.cc:99) For utterance M07UP52A0210I603, best cost 35.9241 + 6514.84 = 6550.76 over 998 frames.
M07UP52A0210I603 haan 
LOG (lattice-best-path:main():lattice-best-path.cc:99) For utterance M07UP52A0211I300, best cost 19.2982 + 3422.79 = 3442.09 over 500 frames.
M07UP52A0211I300 nahiin 
LOG (lattice-best-path:main():lattice-best-path.cc:99) For utterance M07UP52A0213I45, best cost 13.3538 + 1617.67 = 1631.03 over 298 frames.
M07UP52A0213I45 nahiin 
LOG (lattice-best-path:main():lattice-best-path.cc:99) For utterance M07UP53A0072I44, best cost 17.8922 + 1919.43 = 1937.32 over 298 frames.
M07UP53A0072I44 nahiin 
LOG (lattice-best-path:main():lattice-best-path.cc:99) For utterance M07UP53A0076I413, best cost 17.6225 + 1894.25 = 1911.88 over 298 frames.
M07UP53A0076I413 nahiin 
LOG (lattice-best-path:main():lattice-best-path.cc:99) For utterance M07UP53A0079I42, best cost 14.5403 + 1924.54 = 1939.08 over 298 frames.
M07UP53A0079I42 haan 
LOG (lattice-best-path:main():lattice-best-path.cc:99) For utterance M07UP53A0080I41, best cost 14.9573 + 1608.26 = 1623.22 over 298 frames.
M07UP53A0080I41 nahiin 
LOG (lattice-best-path:main():lattice-best-path.cc:99) For utterance M07UP53A0080I413, best cost 20.9288 + 1766.73 = 1787.66 over 298 frames.
M07UP53A0080I413 haan 
LOG (lattice-best-path:main():lattice-best-path.cc:99) For utterance M07UP53A0080I42, best cost 14.3921 + 1722.6 = 1736.99 over 298 frames.
M07UP53A0080I42 haan 
LOG (lattice-best-path:main():lattice-best-path.cc:99) For utterance M07UP53A0081I424, best cost 10.5887 + 1649.07 = 1659.66 over 298 frames.
M07UP53A0081I424 nahiin 
LOG (lattice-best-path:main():lattice-best-path.cc:99) For utterance M07UP53A0083I419, best cost 14.9455 + 1868.74 = 1883.68 over 298 frames.
M07UP53A0083I419 nahiin 
LOG (lattice-best-path:main():lattice-best-path.cc:99) For utterance M07UP53A0085I45, best cost 18.5375 + 1981.55 = 2000.09 over 300 frames.
M07UP53A0085I45 haan 
LOG (lattice-best-path:main():lattice-best-path.cc:99) For utterance M07UP53A0088I413, best cost 18.6866 + 1935.94 = 1954.63 over 298 frames.
M07UP53A0088I413 haan 
LOG (lattice-best-path:main():lattice-best-path.cc:99) For utterance M07UP53A0090I410, best cost 16.1938 + 2014.92 = 2031.11 over 300 frames.
M07UP53A0090I410 haan 
LOG (lattice-best-path:main():lattice-best-path.cc:99) For utterance M07UP54A1272I428, best cost 12.0138 + 1860.69 = 1872.7 over 298 frames.
M07UP54A1272I428 nahiin 
LOG (lattice-best-path:main():lattice-best-path.cc:99) For utterance M07UP54A1280I300, best cost 26.831 + 3105.93 = 3132.76 over 498 frames.
M07UP54A1280I300 nahiin 
LOG (lattice-best-path:main():lattice-best-path.cc:99) For utterance M07UP54A1290I45, best cost 17.5241 + 1926.54 = 1944.07 over 300 frames.
M07UP54A1290I45 nahiin 
LOG (lattice-best-path:main():lattice-best-path.cc:99) For utterance M07UP55A0462I422, best cost 12.2097 + 1755.68 = 1767.89 over 298 frames.
M07UP55A0462I422 nahiin 
LOG (lattice-best-path:main():lattice-best-path.cc:99) For utterance M07UP55A0464I303, best cost 20.3904 + 2865.74 = 2886.13 over 498 frames.
M07UP55A0464I303 haan 
LOG (lattice-best-path:main():lattice-best-path.cc:99) For utterance M07UP55A0464I42, best cost 18.5346 + 1865.75 = 1884.28 over 298 frames.
M07UP55A0464I42 nahiin 
LOG (lattice-best-path:main():lattice-best-path.cc:99) For utterance M07UP55A0469I300, best cost 28.1212 + 3057.29 = 3085.42 over 498 frames.
M07UP55A0469I300 nahiin 
LOG (lattice-best-path:main():lattice-best-path.cc:99) For utterance M07UP55A0469I40, best cost 25.7851 + 1754.09 = 1779.88 over 298 frames.
M07UP55A0469I40 haan 
LOG (lattice-best-path:main():lattice-best-path.cc:99) For utterance M07UP55A0470I301, best cost 26.263 + 2970.99 = 2997.25 over 498 frames.
M07UP55A0470I301 haan 
LOG (lattice-best-path:main():lattice-best-path.cc:99) For utterance M07UP55A0474I40, best cost 14.0318 + 2005.9 = 2019.93 over 298 frames.
M07UP55A0474I40 nahiin 
LOG (lattice-best-path:main():lattice-best-path.cc:99) For utterance M07UP55A0476I42, best cost 22.4209 + 1975.12 = 1997.54 over 298 frames.
M07UP55A0476I42 nahiin 
LOG (lattice-best-path:main():lattice-best-path.cc:99) For utterance M07UP55A0477I301, best cost 22.7483 + 2961.99 = 2984.74 over 498 frames.
M07UP55A0477I301 haan 
LOG (lattice-best-path:main():lattice-best-path.cc:99) For utterance M07UP55A0480I300, best cost 17.1008 + 3124.29 = 3141.39 over 498 frames.
M07UP55A0480I300 haan 
LOG (lattice-best-path:main():lattice-best-path.cc:99) For utterance M07UP56A0695I300, best cost 21.2749 + 3305.65 = 3326.93 over 498 frames.
M07UP56A0695I300 nahiin 
LOG (lattice-best-path:main():lattice-best-path.cc:99) For utterance M07UP56A0699I301, best cost 24.0109 + 2985.49 = 3009.5 over 498 frames.
M07UP56A0699I301 haan 
LOG (lattice-best-path:main():lattice-best-path.cc:99) For utterance M07UP56A0706I43, best cost 15.7907 + 1963.74 = 1979.53 over 298 frames.
M07UP56A0706I43 nahiin 
LOG (lattice-best-path:main():lattice-best-path.cc:99) For utterance M07UP56A0707I45, best cost 15.7486 + 1654.49 = 1670.24 over 298 frames.
M07UP56A0707I45 nahiin 
LOG (lattice-best-path:main():lattice-best-path.cc:99) For utterance M07UP56A0708I47, best cost 24.4184 + 1890.94 = 1915.36 over 298 frames.
M07UP56A0708I47 haan 
LOG (lattice-best-path:main():lattice-best-path.cc:99) For utterance M07UP56A0710I421, best cost 22.1986 + 1850.97 = 1873.17 over 298 frames.
M07UP56A0710I421 haan 
LOG (lattice-best-path:main():lattice-best-path.cc:99) For utterance M07UP57A0404I43, best cost 18.0196 + 1762.27 = 1780.29 over 298 frames.
M07UP57A0404I43 nahiin 
LOG (lattice-best-path:main():lattice-best-path.cc:99) For utterance M07UP57A0406I300, best cost 23.7609 + 2966.42 = 2990.18 over 498 frames.
M07UP57A0406I300 haan 
LOG (lattice-best-path:main():lattice-best-path.cc:99) For utterance M07UP57A0409I42, best cost 12.1215 + 1701.16 = 1713.29 over 298 frames.
M07UP57A0409I42 nahiin 
LOG (lattice-best-path:main():lattice-best-path.cc:99) For utterance M07UP57A0411I301, best cost 17.8753 + 3061.51 = 3079.38 over 498 frames.
M07UP57A0411I301 haan 
LOG (lattice-best-path:main():lattice-best-path.cc:99) For utterance M07UP57A0413I301, best cost 21.9119 + 2837.69 = 2859.6 over 498 frames.
M07UP57A0413I301 nahiin 
LOG (lattice-best-path:main():lattice-best-path.cc:99) For utterance M07UP57A0413I41, best cost 13.3131 + 1967.17 = 1980.49 over 298 frames.
M07UP57A0413I41 nahiin 
LOG (lattice-best-path:main():lattice-best-path.cc:99) For utterance M07UP57A0413I507, best cost 11.8859 + 1978.96 = 1990.85 over 298 frames.
M07UP57A0413I507 haan 
LOG (lattice-best-path:main():lattice-best-path.cc:99) For utterance M07UP57A0416I301, best cost 28.8701 + 3239.52 = 3268.39 over 498 frames.
M07UP57A0416I301 haan 
LOG (lattice-best-path:main():lattice-best-path.cc:99) For utterance M07UP57A0417I301, best cost 23.5956 + 3065.51 = 3089.1 over 498 frames.
M07UP57A0417I301 haan 
LOG (lattice-best-path:main():lattice-best-path.cc:99) For utterance M07UP57A0417I42, best cost 13.7713 + 1971.14 = 1984.91 over 298 frames.
M07UP57A0417I42 haan 
LOG (lattice-best-path:main():lattice-best-path.cc:99) For utterance M07UP57A0418I303, best cost 16.1607 + 3165.42 = 3181.58 over 498 frames.
M07UP57A0418I303 haan 
LOG (lattice-best-path:main():lattice-best-path.cc:99) For utterance M07UP60A0942I416, best cost 11.266 + 1644.15 = 1655.42 over 298 frames.
M07UP60A0942I416 haan 
LOG (lattice-best-path:main():lattice-best-path.cc:99) For utterance M07UP60A0942I418, best cost 12.9014 + 1772.12 = 1785.02 over 298 frames.
M07UP60A0942I418 haan 
LOG (lattice-best-path:main():lattice-best-path.cc:99) For utterance M07UP60A0944I42, best cost 16.763 + 1878.08 = 1894.84 over 298 frames.
M07UP60A0944I42 nahiin 
LOG (lattice-best-path:main():lattice-best-path.cc:99) For utterance M07UP60A0946I303, best cost 31.2546 + 3064.13 = 3095.38 over 498 frames.
M07UP60A0946I303 haan 
LOG (lattice-best-path:main():lattice-best-path.cc:99) For utterance M07UP60A0954I303, best cost 15.3166 + 2629.88 = 2645.2 over 498 frames.
M07UP60A0954I303 haan 
LOG (lattice-best-path:main():lattice-best-path.cc:99) For utterance M07UP60A0955I301, best cost 25.3797 + 2724.78 = 2750.16 over 498 frames.
M07UP60A0955I301 haan 
LOG (lattice-best-path:main():lattice-best-path.cc:99) For utterance M07UP60A0955I302, best cost 16.6524 + 2649.24 = 2665.9 over 498 frames.
M07UP60A0955I302 nahiin 
LOG (lattice-best-path:main():lattice-best-path.cc:99) For utterance M07UP60A0956I414, best cost 18.0285 + 1902.83 = 1920.86 over 298 frames.
M07UP60A0956I414 haan 
LOG (lattice-best-path:main():lattice-best-path.cc:99) For utterance M07UP60A0957I412, best cost 18.5578 + 1784.87 = 1803.42 over 298 frames.
M07UP60A0957I412 haan 
LOG (lattice-best-path:main():lattice-best-path.cc:99) For utterance M07UP60A0957I413, best cost 15.5031 + 1750.07 = 1765.58 over 298 frames.
M07UP60A0957I413 nahiin 
LOG (lattice-best-path:main():lattice-best-path.cc:99) For utterance M07UP61A0966I300, best cost 19.369 + 2764.89 = 2784.25 over 498 frames.
M07UP61A0966I300 nahiin 
LOG (lattice-best-path:main():lattice-best-path.cc:99) For utterance M07UP61A0968I301, best cost 17.0116 + 2747.87 = 2764.88 over 498 frames.
M07UP61A0968I301 nahiin 
LOG (lattice-best-path:main():lattice-best-path.cc:99) For utterance M07UP61A0971I302, best cost 26.9178 + 2877.53 = 2904.45 over 498 frames.
M07UP61A0971I302 nahiin 
LOG (lattice-best-path:main():lattice-best-path.cc:99) For utterance M07UP61A0972I44, best cost 15.8404 + 1924.3 = 1940.15 over 298 frames.
M07UP61A0972I44 nahiin 
LOG (lattice-best-path:main():lattice-best-path.cc:99) For utterance M07UP61A0980I301, best cost 29.8185 + 3227.45 = 3257.27 over 498 frames.
M07UP61A0980I301 haan 
LOG (lattice-best-path:main():lattice-best-path.cc:99) For utterance M07UP64A0382I300, best cost 27.9718 + 3148.94 = 3176.91 over 498 frames.
M07UP64A0382I300 nahiin 
LOG (lattice-best-path:main():lattice-best-path.cc:99) For utterance M07UP64A0382I301, best cost 18.1344 + 3221.73 = 3239.86 over 498 frames.
M07UP64A0382I301 haan 
LOG (lattice-best-path:main():lattice-best-path.cc:99) For utterance M07UP64A0386I42, best cost 15.7179 + 1883.26 = 1898.98 over 298 frames.
M07UP64A0386I42 nahiin 
LOG (lattice-best-path:main():lattice-best-path.cc:99) For utterance M07UP64A0389I42, best cost 20.3187 + 1678.66 = 1698.98 over 298 frames.
M07UP64A0389I42 haan 
LOG (lattice-best-path:main():lattice-best-path.cc:99) For utterance M07UP64A0390I300, best cost 25.9455 + 2931.21 = 2957.16 over 498 frames.
M07UP64A0390I300 haan 
LOG (lattice-best-path:main():lattice-best-path.cc:99) For utterance M07UP64A0391I302, best cost 42.162 + 2944.19 = 2986.35 over 498 frames.
M07UP64A0391I302 nahiin 
LOG (lattice-best-path:main():lattice-best-path.cc:99) For utterance M07UP64A0391I303, best cost 28.5795 + 2979.26 = 3007.84 over 498 frames.
M07UP64A0391I303 nahiin 
LOG (lattice-best-path:main():lattice-best-path.cc:99) For utterance M07UP64A0392I301, best cost 11.0682 + 2586.06 = 2597.13 over 498 frames.
M07UP64A0392I301 haan 
LOG (lattice-best-path:main():lattice-best-path.cc:99) For utterance M07UP64A0393I41, best cost 15.6303 + 1934.95 = 1950.58 over 298 frames.
M07UP64A0393I41 haan 
LOG (lattice-best-path:main():lattice-best-path.cc:99) For utterance M07UP64A0396I43, best cost 15.192 + 2012.91 = 2028.1 over 300 frames.
M07UP64A0396I43 haan 
LOG (lattice-best-path:main():lattice-best-path.cc:99) For utterance M07UP64A0399I302, best cost 25.7691 + 3048.12 = 3073.89 over 498 frames.
M07UP64A0399I302 nahiin 
LOG (lattice-best-path:main():lattice-best-path.cc:99) For utterance M07UP64A0400I300, best cost 36.8997 + 3199.06 = 3235.96 over 498 frames.
M07UP64A0400I300 haan 
LOG (lattice-scale:main():lattice-scale.cc:90) Done 553 lattices.
LOG (lattice-best-path:main():lattice-best-path.cc:99) For utterance M07UP64A0400I426, best cost 18.5848 + 1843.83 = 1862.42 over 298 frames.
M07UP64A0400I426 haan 
LOG (lattice-best-path:main():lattice-best-path.cc:99) For utterance M07UP64A0401I43, best cost 14.8223 + 1909.84 = 1924.67 over 300 frames.
M07UP64A0401I43 nahiin 
LOG (lattice-best-path:main():lattice-best-path.cc:99) For utterance M07UP66A0674I303, best cost 18.2978 + 3169.98 = 3188.28 over 498 frames.
M07UP66A0674I303 haan 
LOG (lattice-best-path:main():lattice-best-path.cc:99) For utterance M07UP66A0676I303, best cost 17.6451 + 3231.49 = 3249.13 over 498 frames.
M07UP66A0676I303 haan 
LOG (lattice-best-path:main():lattice-best-path.cc:99) For utterance M07UP66A0684I43, best cost 18.4404 + 1808.68 = 1827.12 over 298 frames.
M07UP66A0684I43 nahiin 
LOG (lattice-best-path:main():lattice-best-path.cc:99) For utterance M07UP66A0685I42, best cost 22.3016 + 1864.62 = 1886.92 over 298 frames.
M07UP66A0685I42 haan 
LOG (lattice-best-path:main():lattice-best-path.cc:99) For utterance M07UP66A0687I301, best cost 15.5105 + 2704.52 = 2720.03 over 498 frames.
M07UP66A0687I301 haan 
LOG (lattice-best-path:main():lattice-best-path.cc:99) For utterance M07UP66A0688I410, best cost 17.1615 + 1665.11 = 1682.27 over 298 frames.
M07UP66A0688I410 haan 
LOG (lattice-best-path:main():lattice-best-path.cc:99) For utterance M07UP66A0692I301, best cost 23.2518 + 3041.59 = 3064.84 over 498 frames.
M07UP66A0692I301 haan 
LOG (lattice-best-path:main():lattice-best-path.cc:99) For utterance M07UP72A0730I42, best cost 14.2895 + 1894.86 = 1909.15 over 298 frames.
M07UP72A0730I42 haan 
LOG (lattice-best-path:main():lattice-best-path.cc:99) For utterance M07UP72A0730I46, best cost 17.9265 + 1843.55 = 1861.47 over 298 frames.
M07UP72A0730I46 haan 
LOG (lattice-best-path:main():lattice-best-path.cc:99) For utterance M07UP72A0731I42, best cost 18.2447 + 2014.55 = 2032.8 over 298 frames.
M07UP72A0731I42 haan 
LOG (lattice-best-path:main():lattice-best-path.cc:99) For utterance M07UP73A0922I300, best cost 15.8508 + 3237.56 = 3253.41 over 498 frames.
M07UP73A0922I300 haan 
LOG (lattice-best-path:main():lattice-best-path.cc:99) For utterance M07UP73A0923I41, best cost 13.3538 + 1903.72 = 1917.07 over 298 frames.
M07UP73A0923I41 nahiin 
LOG (lattice-best-path:main():lattice-best-path.cc:99) For utterance M07UP73A0924I41, best cost 15.1098 + 1830.13 = 1845.24 over 298 frames.
M07UP73A0924I41 haan 
LOG (lattice-best-path:main():lattice-best-path.cc:99) For utterance M07UP73A0925I42, best cost 13.4149 + 1659.74 = 1673.16 over 298 frames.
M07UP73A0925I42 haan 
LOG (lattice-best-path:main():lattice-best-path.cc:99) For utterance M07UP73A0927I43, best cost 21.2223 + 1763.85 = 1785.07 over 298 frames.
M07UP73A0927I43 haan 
LOG (lattice-best-path:main():lattice-best-path.cc:99) For utterance M07UP73A0929I42, best cost 23.1274 + 1909.77 = 1932.9 over 298 frames.
M07UP73A0929I42 haan 
LOG (lattice-best-path:main():lattice-best-path.cc:99) For utterance M07UP73A0930I43, best cost 21.8487 + 1793.7 = 1815.55 over 298 frames.
M07UP73A0930I43 haan 
LOG (lattice-add-penalty:main():lattice-add-penalty.cc:62) Done adding word insertion penalty to 553 lattices.
LOG (lattice-best-path:main():lattice-best-path.cc:99) For utterance M07UP73A0931I49, best cost 17.0225 + 1889.4 = 1906.43 over 298 frames.
M07UP73A0931I49 nahiin 
LOG (lattice-best-path:main():lattice-best-path.cc:99) For utterance M07UP73A0937I42, best cost 11.8116 + 1784.85 = 1796.66 over 298 frames.
M07UP73A0937I42 haan 
LOG (lattice-best-path:main():lattice-best-path.cc:99) For utterance M07UP73A0938I42, best cost 19.6999 + 1748.53 = 1768.23 over 298 frames.
M07UP73A0938I42 nahiin 
LOG (lattice-best-path:main():lattice-best-path.cc:99) For utterance M07UP74A0802I303, best cost 30.8806 + 2906.58 = 2937.46 over 498 frames.
M07UP74A0802I303 haan 
LOG (lattice-best-path:main():lattice-best-path.cc:99) For utterance M07UP74A0813I300, best cost 20.0082 + 2843.72 = 2863.73 over 498 frames.
M07UP74A0813I300 haan 
LOG (lattice-best-path:main():lattice-best-path.cc:99) For utterance M07UP74A0814I301, best cost 19.8929 + 2813.98 = 2833.88 over 504 frames.
M07UP74A0814I301 haan 
LOG (lattice-best-path:main():lattice-best-path.cc:99) For utterance M07UP74A0817I42, best cost 19.0737 + 1751.19 = 1770.26 over 300 frames.
M07UP74A0817I42 nahiin 
LOG (lattice-best-path:main():lattice-best-path.cc:99) For utterance M07UP75A0755I303, best cost 30.3952 + 3024.05 = 3054.45 over 498 frames.
M07UP75A0755I303 nahiin 
LOG (lattice-best-path:main():lattice-best-path.cc:99) For utterance M07UP75A0758I300, best cost 23.3317 + 2990.43 = 3013.76 over 498 frames.
M07UP75A0758I300 haan 
LOG (lattice-best-path:main():lattice-best-path.cc:99) For utterance M07UP75A0764I302, best cost 27.1322 + 3138.61 = 3165.74 over 498 frames.
M07UP75A0764I302 nahiin 
LOG (lattice-best-path:main():lattice-best-path.cc:99) For utterance M07UP75A0764I42, best cost 17.0077 + 1921.73 = 1938.74 over 298 frames.
M07UP75A0764I42 haan 
LOG (lattice-best-path:main():lattice-best-path.cc:99) For utterance M07UP75A0768I40, best cost 15.0295 + 1813.54 = 1828.57 over 298 frames.
M07UP75A0768I40 nahiin 
LOG (lattice-best-path:main():lattice-best-path.cc:99) For utterance M07UP75A0769I301, best cost 25.6646 + 2884.66 = 2910.32 over 498 frames.
M07UP75A0769I301 haan 
LOG (lattice-best-path:main():lattice-best-path.cc:99) For utterance M07UP75A0770I303, best cost 28.7772 + 2958.24 = 2987.01 over 498 frames.
M07UP75A0770I303 nahiin 
LOG (lattice-best-path:main():lattice-best-path.cc:99) For utterance M07UP75A0771I42, best cost 16.6316 + 1799.77 = 1816.4 over 298 frames.
M07UP75A0771I42 nahiin 
LOG (lattice-best-path:main():lattice-best-path.cc:99) For utterance M07UP75A0771I43, best cost 15.4134 + 1838.27 = 1853.69 over 298 frames.
M07UP75A0771I43 nahiin 
LOG (lattice-best-path:main():lattice-best-path.cc:99) For utterance M07UP75A0772I300, best cost 14.3232 + 2843.82 = 2858.14 over 498 frames.
M07UP75A0772I300 haan 
LOG (lattice-best-path:main():lattice-best-path.cc:99) For utterance M07UP75A0773I41, best cost 15.5272 + 1742.01 = 1757.53 over 298 frames.
M07UP75A0773I41 nahiin 
LOG (lattice-best-path:main():lattice-best-path.cc:124) Overall cost per frame is 6.16756 = 0.0496082 [graph] + 6.11795 [acoustic] over 207364 frames.
LOG (lattice-best-path:main():lattice-best-path.cc:128) Done 553 lattices, failed for 0
# Accounting: time=1 threads=1
# Ended (code 0) at Thu Jul 21 15:05:39 IST 2016, elapsed time 1 seconds
