# lattice-scale --inv-acoustic-scale=9 "ark:gunzip -c exp/tri1_1600_25600/decode/lat.*.gz|" ark:- | lattice-add-penalty --word-ins-penalty=0.5 ark:- ark:- | lattice-best-path --word-symbol-table=exp/tri1_1600_25600/graph/words.txt ark:- ark,t:- | utils/int2sym.pl -f 2- exp/tri1_1600_25600/graph/words.txt | cat > exp/tri1_1600_25600/decode/scoring_kaldi/penalty_0.5/9.txt 
# Started at Mon Jul 25 02:12:06 IST 2016
#
lattice-best-path --word-symbol-table=exp/tri1_1600_25600/graph/words.txt ark:- ark,t:- 
lattice-add-penalty --word-ins-penalty=0.5 ark:- ark:- 
lattice-scale --inv-acoustic-scale=9 'ark:gunzip -c exp/tri1_1600_25600/decode/lat.*.gz|' ark:- 
LOG (lattice-best-path:main():lattice-best-path.cc:99) For utterance F07UP02A0332I42, best cost 20.1643 + 3373.15 = 3393.31 over 300 frames.
F07UP02A0332I42 chatarapura 
LOG (lattice-best-path:main():lattice-best-path.cc:99) For utterance F07UP02A0332I43, best cost 16.1415 + 3190.91 = 3207.05 over 298 frames.
F07UP02A0332I43 bhopaala 
LOG (lattice-best-path:main():lattice-best-path.cc:99) For utterance F07UP06A0432I42, best cost 24.026 + 2953.68 = 2977.7 over 300 frames.
F07UP06A0432I42 dhaara 
LOG (lattice-best-path:main():lattice-best-path.cc:99) For utterance F07UP07A0094I427, best cost 13.3068 + 3066.81 = 3080.12 over 298 frames.
F07UP07A0094I427 umariyaa 
LOG (lattice-best-path:main():lattice-best-path.cc:99) For utterance F07UP07A0096I44, best cost 13.9056 + 3360.64 = 3374.55 over 298 frames.
F07UP07A0096I44 dhaara 
LOG (lattice-best-path:main():lattice-best-path.cc:99) For utterance F07UP09A0491I46, best cost 11.8927 + 3464.72 = 3476.61 over 298 frames.
F07UP09A0491I46 shahadxola 
LOG (lattice-best-path:main():lattice-best-path.cc:99) For utterance F07UP11A1331I301, best cost 15.6555 + 4954.43 = 4970.08 over 498 frames.
F07UP11A1331I301 shaajaapura 
LOG (lattice-best-path:main():lattice-best-path.cc:99) For utterance F07UP19A0344I46, best cost 18.0219 + 3037.48 = 3055.5 over 298 frames.
F07UP19A0344I46 siwanii 
LOG (lattice-best-path:main():lattice-best-path.cc:99) For utterance F07UP21A0612I41, best cost 20.2604 + 3122.08 = 3142.34 over 298 frames.
F07UP21A0612I41 burahaanapura 
LOG (lattice-best-path:main():lattice-best-path.cc:99) For utterance F07UP22A1336I429, best cost 16.4629 + 3211.76 = 3228.23 over 298 frames.
F07UP22A1336I429 datiyaa 
LOG (lattice-best-path:main():lattice-best-path.cc:99) For utterance F07UP22A1336I501, best cost 17.6964 + 4134.27 = 4151.96 over 398 frames.
F07UP22A1336I501 umariyaa 
LOG (lattice-best-path:main():lattice-best-path.cc:99) For utterance F07UP22A1343I301, best cost 14.8964 + 4961.96 = 4976.86 over 498 frames.
F07UP22A1343I301 burahaanapura 
LOG (lattice-best-path:main():lattice-best-path.cc:99) For utterance F07UP22A1343I47, best cost 17.6902 + 3451.84 = 3469.53 over 298 frames.
F07UP22A1343I47 jhaabuaa 
LOG (lattice-best-path:main():lattice-best-path.cc:99) For utterance F07UP22A1345I47, best cost 14.789 + 3030.81 = 3045.6 over 298 frames.
F07UP22A1345I47 siihoura 
LOG (lattice-best-path:main():lattice-best-path.cc:99) For utterance F07UP22A1346I435, best cost 20.7212 + 3368.69 = 3389.41 over 300 frames.
F07UP22A1346I435 jabalapura 
LOG (lattice-best-path:main():lattice-best-path.cc:99) For utterance F07UP23A0248I41, best cost 16.6723 + 3565.92 = 3582.6 over 298 frames.
F07UP23A0248I41 chatarapura 
LOG (lattice-best-path:main():lattice-best-path.cc:99) For utterance F07UP24A0182I302, best cost 19.6029 + 5628.59 = 5648.19 over 498 frames.
F07UP24A0182I302 chindawaadxqaa 
LOG (lattice-best-path:main():lattice-best-path.cc:99) For utterance F07UP24A0182I41, best cost 17.744 + 3458.34 = 3476.08 over 298 frames.
F07UP24A0182I41 chatarapura 
LOG (lattice-best-path:main():lattice-best-path.cc:99) For utterance F07UP24A0183I302, best cost 14.5949 + 5942.6 = 5957.19 over 498 frames.
F07UP24A0183I302 dhaara 
LOG (lattice-best-path:main():lattice-best-path.cc:99) For utterance F07UP24A0183I47, best cost 16.5724 + 3378.4 = 3394.97 over 298 frames.
F07UP24A0183I47 raajagadxhqa 
LOG (lattice-best-path:main():lattice-best-path.cc:99) For utterance F07UP25A1212I41, best cost 12.0539 + 3549.52 = 3561.57 over 298 frames.
F07UP25A1212I41 haradaa 
LOG (lattice-best-path:main():lattice-best-path.cc:99) For utterance F07UP25A1215I42, best cost 16.1069 + 3447.55 = 3463.66 over 298 frames.
F07UP25A1215I42 raajagadxhqa 
LOG (lattice-best-path:main():lattice-best-path.cc:99) For utterance F07UP26A0256I43, best cost 13.6035 + 3443.14 = 3456.75 over 298 frames.
F07UP26A0256I43 mureinaa 
LOG (lattice-best-path:main():lattice-best-path.cc:99) For utterance F07UP28A0226I300, best cost 17.3525 + 5931.07 = 5948.42 over 498 frames.
F07UP28A0226I300 shaajaapura 
LOG (lattice-best-path:main():lattice-best-path.cc:99) For utterance F07UP28A0226I45, best cost 12.7742 + 3517.47 = 3530.25 over 298 frames.
F07UP28A0226I45 datiyaa 
LOG (lattice-best-path:main():lattice-best-path.cc:99) For utterance F07UP28A0227I301, best cost 27.5702 + 5861.08 = 5888.65 over 498 frames.
F07UP28A0227I301 shiwapurii 
LOG (lattice-best-path:main():lattice-best-path.cc:99) For utterance F07UP28A0228I303, best cost 16.6443 + 6092.51 = 6109.16 over 498 frames.
F07UP28A0228I303 hoshangaabaada 
LOG (lattice-best-path:main():lattice-best-path.cc:99) For utterance F07UP29A0523I41, best cost 21.7639 + 3122.11 = 3143.88 over 298 frames.
F07UP29A0523I41 raajagadxhqa 
LOG (lattice-best-path:main():lattice-best-path.cc:99) For utterance F07UP29A0523I44, best cost 20.2934 + 3013.3 = 3033.59 over 298 frames.
F07UP29A0523I44 anuupapura 
LOG (lattice-best-path:main():lattice-best-path.cc:99) For utterance F07UP31A1293I42, best cost 14.9809 + 3543 = 3557.98 over 298 frames.
F07UP31A1293I42 umariyaa 
LOG (lattice-best-path:main():lattice-best-path.cc:99) For utterance F07UP34A0567I44, best cost 18.3173 + 3271.26 = 3289.58 over 300 frames.
F07UP34A0567I44 chatarapura 
LOG (lattice-best-path:main():lattice-best-path.cc:99) For utterance F07UP35A0453I300, best cost 29.7481 + 5063.58 = 5093.33 over 498 frames.
F07UP35A0453I300 shaajaapura 
LOG (lattice-best-path:main():lattice-best-path.cc:99) For utterance F07UP37A0304I300, best cost 18.5128 + 5090.9 = 5109.41 over 498 frames.
F07UP37A0304I300 haradaa 
LOG (lattice-best-path:main():lattice-best-path.cc:99) For utterance F07UP38A0101I41, best cost 21.5266 + 3344.29 = 3365.81 over 298 frames.
F07UP38A0101I41 jabalapura 
LOG (lattice-best-path:main():lattice-best-path.cc:99) For utterance F07UP41A0286I40, best cost 12.7939 + 2922.04 = 2934.84 over 298 frames.
F07UP41A0286I40 damoha 
LOG (lattice-best-path:main():lattice-best-path.cc:99) For utterance F07UP41A0286I42, best cost 11.1756 + 2748.41 = 2759.58 over 298 frames.
F07UP41A0286I42 siwanii 
LOG (lattice-best-path:main():lattice-best-path.cc:99) For utterance F07UP52A0208I44, best cost 12.4463 + 3484.96 = 3497.41 over 298 frames.
F07UP52A0208I44 dhaara 
LOG (lattice-best-path:main():lattice-best-path.cc:99) For utterance F07UP54A1284I430, best cost 15.292 + 3142.17 = 3157.47 over 298 frames.
F07UP54A1284I430 aliraajapura 
LOG (lattice-best-path:main():lattice-best-path.cc:99) For utterance F07UP57A0408I41, best cost 21.2959 + 3437.18 = 3458.47 over 298 frames.
F07UP57A0408I41 aliraajapura 
LOG (lattice-best-path:main():lattice-best-path.cc:99) For utterance F07UP60A0943I300, best cost 22.9394 + 5997.6 = 6020.54 over 498 frames.
F07UP60A0943I300 saagara 
LOG (lattice-best-path:main():lattice-best-path.cc:99) For utterance F07UP60A0944I303, best cost 19.7008 + 4928.47 = 4948.17 over 498 frames.
F07UP60A0944I303 anuupapura 
LOG (lattice-best-path:main():lattice-best-path.cc:99) For utterance F07UP60A0949I300, best cost 30.1458 + 5306.31 = 5336.45 over 498 frames.
F07UP60A0949I300 gunaa 
LOG (lattice-best-path:main():lattice-best-path.cc:99) For utterance F07UP60A0949I302, best cost 25.1615 + 4980.34 = 5005.51 over 498 frames.
F07UP60A0949I302 singaroulii 
LOG (lattice-best-path:main():lattice-best-path.cc:99) For utterance F07UP60A0949I303, best cost 25.3943 + 4992.01 = 5017.4 over 498 frames.
F07UP60A0949I303 badxqawaanii 
LOG (lattice-best-path:main():lattice-best-path.cc:99) For utterance F07UP60A0953I41, best cost 18.3266 + 3068.97 = 3087.3 over 298 frames.
F07UP60A0953I41 gwaaliyara 
LOG (lattice-best-path:main():lattice-best-path.cc:99) For utterance F07UP60A0962I427, best cost 14.9115 + 3315.95 = 3330.86 over 298 frames.
F07UP60A0962I427 chatarapura 
LOG (lattice-best-path:main():lattice-best-path.cc:99) For utterance F07UP60A0963I46, best cost 24.3846 + 3445.56 = 3469.95 over 298 frames.
F07UP60A0963I46 chatarapura 
LOG (lattice-best-path:main():lattice-best-path.cc:99) For utterance F07UP64A0395I300, best cost 19.2861 + 5257.37 = 5276.66 over 498 frames.
F07UP64A0395I300 dhaara 
LOG (lattice-best-path:main():lattice-best-path.cc:99) For utterance F07UP64A0397I301, best cost 15.2262 + 5747.89 = 5763.12 over 498 frames.
F07UP64A0397I301 datiyaa 
LOG (lattice-best-path:main():lattice-best-path.cc:99) For utterance F07UP64A0402I41, best cost 16.941 + 3143.63 = 3160.57 over 298 frames.
F07UP64A0402I41 khandxawaa 
LOG (lattice-best-path:main():lattice-best-path.cc:99) For utterance F07UP72A0728I300, best cost 22.6446 + 5637.3 = 5659.94 over 498 frames.
F07UP72A0728I300 haradaa 
LOG (lattice-best-path:main():lattice-best-path.cc:99) For utterance F07UP75A0756I300, best cost 27.3788 + 5243.83 = 5271.2 over 498 frames.
F07UP75A0756I300 kharagona 
LOG (lattice-best-path:main():lattice-best-path.cc:99) For utterance F07UP75A0763I435, best cost 12.0543 + 3017.53 = 3029.58 over 300 frames.
F07UP75A0763I435 anuupapura 
LOG (lattice-best-path:main():lattice-best-path.cc:99) For utterance M07UP01A0057I427, best cost 14.0397 + 3550.83 = 3564.87 over 298 frames.
M07UP01A0057I427 saagara 
LOG (lattice-best-path:main():lattice-best-path.cc:99) For utterance M07UP01A0062I412, best cost 18.4312 + 3360.68 = 3379.11 over 298 frames.
M07UP01A0062I412 saagara 
LOG (lattice-best-path:main():lattice-best-path.cc:99) For utterance M07UP01A0062I45, best cost 18.2725 + 3180.44 = 3198.72 over 300 frames.
M07UP01A0062I45 datiyaa 
LOG (lattice-best-path:main():lattice-best-path.cc:99) For utterance M07UP01A0063I43, best cost 17.1415 + 3379.2 = 3396.34 over 298 frames.
M07UP01A0063I43 saagara 
LOG (lattice-best-path:main():lattice-best-path.cc:99) For utterance M07UP01A0069I413, best cost 19.0445 + 3257.87 = 3276.92 over 298 frames.
M07UP01A0069I413 ratalaama 
LOG (lattice-best-path:main():lattice-best-path.cc:99) For utterance M07UP01A0160I420, best cost 16.5035 + 3196.8 = 3213.31 over 298 frames.
M07UP01A0160I420 jabalapura 
LOG (lattice-best-path:main():lattice-best-path.cc:99) For utterance M07UP01A0160I430, best cost 15.9337 + 3321.62 = 3337.55 over 298 frames.
M07UP01A0160I430 umariyaa 
LOG (lattice-best-path:main():lattice-best-path.cc:99) For utterance M07UP01A0160I47, best cost 12.9066 + 3384.12 = 3397.03 over 298 frames.
M07UP01A0160I47 satanaa 
LOG (lattice-best-path:main():lattice-best-path.cc:99) For utterance M07UP02A0321I47, best cost 17.4651 + 3157.91 = 3175.38 over 300 frames.
M07UP02A0321I47 singaroulii 
LOG (lattice-best-path:main():lattice-best-path.cc:99) For utterance M07UP02A0323I300, best cost 11.1114 + 5159.02 = 5170.14 over 498 frames.
M07UP02A0323I300 riiwaa 
LOG (lattice-best-path:main():lattice-best-path.cc:99) For utterance M07UP02A0325I43, best cost 13.9864 + 3448.96 = 3462.94 over 298 frames.
M07UP02A0325I43 dhaara 
LOG (lattice-best-path:main():lattice-best-path.cc:99) For utterance M07UP02A0329I43, best cost 18.8974 + 3024.33 = 3043.23 over 298 frames.
M07UP02A0329I43 chatarapura 
LOG (lattice-best-path:main():lattice-best-path.cc:99) For utterance M07UP02A0330I303, best cost 17.0704 + 4644.48 = 4661.56 over 498 frames.
M07UP02A0330I303 siihoura 
LOG (lattice-best-path:main():lattice-best-path.cc:99) For utterance M07UP02A0333I45, best cost 21.0172 + 3212.97 = 3233.98 over 298 frames.
M07UP02A0333I45 satanaa 
LOG (lattice-best-path:main():lattice-best-path.cc:99) For utterance M07UP02A0335I301, best cost 16.1581 + 5601.95 = 5618.11 over 498 frames.
M07UP02A0335I301 saagara 
LOG (lattice-best-path:main():lattice-best-path.cc:99) For utterance M07UP02A0336I44, best cost 16.4865 + 3173.95 = 3190.44 over 290 frames.
M07UP02A0336I44 raajagadxhqa 
LOG (lattice-best-path:main():lattice-best-path.cc:99) For utterance M07UP02A0337I41, best cost 19.1882 + 3504.88 = 3524.07 over 298 frames.
M07UP02A0337I41 bhindxa 
LOG (lattice-best-path:main():lattice-best-path.cc:99) For utterance M07UP02A0337I44, best cost 14.1218 + 3031.22 = 3045.34 over 298 frames.
M07UP02A0337I44 satanaa 
LOG (lattice-best-path:main():lattice-best-path.cc:99) For utterance M07UP04A1227I45, best cost 15.9791 + 3372.36 = 3388.34 over 298 frames.
M07UP04A1227I45 datiyaa 
LOG (lattice-best-path:main():lattice-best-path.cc:99) For utterance M07UP04A1230I303, best cost 40.6248 + 5416.1 = 5456.73 over 498 frames.
M07UP04A1230I303 chatarapura 
LOG (lattice-best-path:main():lattice-best-path.cc:99) For utterance M07UP04A1235I41, best cost 13.7275 + 3451.9 = 3465.63 over 298 frames.
M07UP04A1235I41 satanaa 
LOG (lattice-best-path:main():lattice-best-path.cc:99) For utterance M07UP04A1235I46, best cost 17.1836 + 2964.56 = 2981.75 over 298 frames.
M07UP04A1235I46 raajagadxhqa 
LOG (lattice-best-path:main():lattice-best-path.cc:99) For utterance M07UP04A1236I303, best cost 29.0435 + 5380.78 = 5409.82 over 498 frames.
M07UP04A1236I303 shaajaapura 
LOG (lattice-best-path:main():lattice-best-path.cc:99) For utterance M07UP04A1239I301, best cost 24.8125 + 4956.74 = 4981.56 over 498 frames.
M07UP04A1239I301 ashokanagara 
LOG (lattice-best-path:main():lattice-best-path.cc:99) For utterance M07UP04A1242I410, best cost 17.788 + 3236.63 = 3254.42 over 298 frames.
M07UP04A1242I410 jabalapura 
LOG (lattice-best-path:main():lattice-best-path.cc:99) For utterance M07UP04A1243I300, best cost 28.4056 + 5753.3 = 5781.7 over 498 frames.
M07UP04A1243I300 txikamagadxhq 
LOG (lattice-best-path:main():lattice-best-path.cc:99) For utterance M07UP04A1243I435, best cost 19.0814 + 3176.1 = 3195.18 over 300 frames.
M07UP04A1243I435 chatarapura 
LOG (lattice-best-path:main():lattice-best-path.cc:99) For utterance M07UP04A1244I44, best cost 16.2279 + 3715.17 = 3731.4 over 298 frames.
M07UP04A1244I44 datiyaa 
LOG (lattice-best-path:main():lattice-best-path.cc:99) For utterance M07UP04A1245I48, best cost 22.2255 + 3565.56 = 3587.78 over 298 frames.
M07UP04A1245I48 burahaanapura 
LOG (lattice-best-path:main():lattice-best-path.cc:99) For utterance M07UP05A0903I43, best cost 20.3163 + 3118.39 = 3138.7 over 298 frames.
M07UP05A0903I43 siihoura 
LOG (lattice-best-path:main():lattice-best-path.cc:99) For utterance M07UP05A0910I300, best cost 27.0119 + 4870.17 = 4897.18 over 498 frames.
M07UP05A0910I300 burahaanapura 
LOG (lattice-best-path:main():lattice-best-path.cc:99) For utterance M07UP05A0911I42, best cost 13.9319 + 3341.76 = 3355.69 over 298 frames.
M07UP05A0911I42 badxqawaanii 
LOG (lattice-best-path:main():lattice-best-path.cc:99) For utterance M07UP05A0914I300, best cost 18.9088 + 4912.65 = 4931.56 over 498 frames.
M07UP05A0914I300 raayeseena 
LOG (lattice-best-path:main():lattice-best-path.cc:99) For utterance M07UP05A0914I302, best cost 33.5339 + 5116.16 = 5149.69 over 498 frames.
M07UP05A0914I302 chatarapura 
LOG (lattice-best-path:main():lattice-best-path.cc:99) For utterance M07UP05A0915I301, best cost 16.6026 + 4952.93 = 4969.53 over 498 frames.
M07UP05A0915I301 chatarapura 
LOG (lattice-best-path:main():lattice-best-path.cc:99) For utterance M07UP05A0916I43, best cost 25.2414 + 3214.11 = 3239.35 over 298 frames.
M07UP05A0916I43 shiwapurii 
LOG (lattice-best-path:main():lattice-best-path.cc:99) For utterance M07UP05A0920I411, best cost 14.9592 + 3153.24 = 3168.2 over 298 frames.
M07UP05A0920I411 chatarapura 
LOG (lattice-best-path:main():lattice-best-path.cc:99) For utterance M07UP06A0427I301, best cost 16.4159 + 4490.82 = 4507.23 over 498 frames.
M07UP06A0427I301 siwanii 
LOG (lattice-best-path:main():lattice-best-path.cc:99) For utterance M07UP06A0428I41, best cost 10.0388 + 3407 = 3417.04 over 298 frames.
M07UP06A0428I41 dhaara 
LOG (lattice-best-path:main():lattice-best-path.cc:99) For utterance M07UP06A0429I411, best cost 15.1113 + 3032.04 = 3047.15 over 298 frames.
M07UP06A0429I411 umariyaa 
LOG (lattice-best-path:main():lattice-best-path.cc:99) For utterance M07UP06A0433I301, best cost 25.0942 + 4968.12 = 4993.21 over 498 frames.
M07UP06A0433I301 chindawaadxqaa 
LOG (lattice-best-path:main():lattice-best-path.cc:99) For utterance M07UP06A0433I40, best cost 17.0676 + 3230.19 = 3247.26 over 298 frames.
M07UP06A0433I40 chatarapura 
LOG (lattice-best-path:main():lattice-best-path.cc:99) For utterance M07UP06A0433I41, best cost 21.739 + 3418.93 = 3440.66 over 298 frames.
M07UP06A0433I41 deewaasa 
LOG (lattice-best-path:main():lattice-best-path.cc:99) For utterance M07UP06A0437I42, best cost 11.6114 + 3003.31 = 3014.92 over 298 frames.
M07UP06A0437I42 mureinaa 
LOG (lattice-best-path:main():lattice-best-path.cc:99) For utterance M07UP06A0438I41, best cost 15.3569 + 3055.3 = 3070.66 over 298 frames.
M07UP06A0438I41 niimaca 
LOG (lattice-best-path:main():lattice-best-path.cc:99) For utterance M07UP06A0442I41, best cost 15.0147 + 3431.22 = 3446.24 over 298 frames.
M07UP06A0442I41 damoha 
LOG (lattice-best-path:main():lattice-best-path.cc:99) For utterance M07UP06A0442I42, best cost 17.1231 + 3265.41 = 3282.53 over 300 frames.
M07UP06A0442I42 jabalapura 
LOG (lattice-best-path:main():lattice-best-path.cc:99) For utterance M07UP06A0444I43, best cost 18.7437 + 2924.91 = 2943.65 over 298 frames.
M07UP06A0444I43 siihoura 
LOG (lattice-best-path:main():lattice-best-path.cc:99) For utterance M07UP06A0445I301, best cost 20.6582 + 5366.88 = 5387.54 over 490 frames.
M07UP06A0445I301 badxqawaanii 
LOG (lattice-best-path:main():lattice-best-path.cc:99) For utterance M07UP06A0447I41, best cost 16.9099 + 3021.18 = 3038.09 over 298 frames.
M07UP06A0447I41 bhindxa 
LOG (lattice-best-path:main():lattice-best-path.cc:99) For utterance M07UP07A0134I42, best cost 13.036 + 2998.87 = 3011.91 over 298 frames.
M07UP07A0134I42 mandasoura 
LOG (lattice-best-path:main():lattice-best-path.cc:99) For utterance M07UP07A0134I436, best cost 14.7499 + 3245.05 = 3259.8 over 298 frames.
M07UP07A0134I436 umariyaa 
LOG (lattice-best-path:main():lattice-best-path.cc:99) For utterance M07UP07A0136I410, best cost 16.4151 + 3468.02 = 3484.43 over 298 frames.
M07UP07A0136I410 badxqawaanii 
LOG (lattice-best-path:main():lattice-best-path.cc:99) For utterance M07UP07A0136I438, best cost 20.047 + 3363.09 = 3383.14 over 298 frames.
M07UP07A0136I438 datiyaa 
LOG (lattice-best-path:main():lattice-best-path.cc:99) For utterance M07UP07A0138I414, best cost 9.20525 + 2800.28 = 2809.48 over 298 frames.
M07UP07A0138I414 gwaaliyara 
LOG (lattice-best-path:main():lattice-best-path.cc:99) For utterance M07UP07A0139I42, best cost 12.3606 + 3264.96 = 3277.32 over 298 frames.
M07UP07A0139I42 shiwapurii 
LOG (lattice-best-path:main():lattice-best-path.cc:99) For utterance M07UP07A0142I43, best cost 12.7458 + 3500.07 = 3512.81 over 298 frames.
M07UP07A0142I43 satanaa 
LOG (lattice-best-path:main():lattice-best-path.cc:99) For utterance M07UP07A0143I45, best cost 17.951 + 3293.28 = 3311.23 over 298 frames.
M07UP07A0143I45 burahaanapura 
LOG (lattice-best-path:main():lattice-best-path.cc:99) For utterance M07UP07A0145I436, best cost 14.2174 + 2963.82 = 2978.03 over 298 frames.
M07UP07A0145I436 badxqawaanii 
LOG (lattice-best-path:main():lattice-best-path.cc:99) For utterance M07UP09A0483I300, best cost 12.7295 + 4847.18 = 4859.91 over 498 frames.
M07UP09A0483I300 katxanii 
LOG (lattice-best-path:main():lattice-best-path.cc:99) For utterance M07UP09A0485I43, best cost 22.6717 + 3229.32 = 3251.99 over 298 frames.
M07UP09A0485I43 gwaaliyara 
LOG (lattice-best-path:main():lattice-best-path.cc:99) For utterance M07UP09A0488I43, best cost 17.997 + 3459.2 = 3477.2 over 298 frames.
M07UP09A0488I43 hoshangaabaada 
LOG (lattice-best-path:main():lattice-best-path.cc:99) For utterance M07UP09A0489I300, best cost 21.9953 + 5095.34 = 5117.34 over 498 frames.
M07UP09A0489I300 saagara 
LOG (lattice-best-path:main():lattice-best-path.cc:99) For utterance M07UP09A0490I301, best cost 20.3147 + 4890.91 = 4911.23 over 498 frames.
M07UP09A0490I301 katxanii 
LOG (lattice-best-path:main():lattice-best-path.cc:99) For utterance M07UP09A0494I300, best cost 18.8157 + 5064.7 = 5083.52 over 498 frames.
M07UP09A0494I300 shiwapurii 
LOG (lattice-best-path:main():lattice-best-path.cc:99) For utterance M07UP09A0495I301, best cost 20.1377 + 4993.63 = 5013.77 over 498 frames.
M07UP09A0495I301 betuula 
LOG (lattice-best-path:main():lattice-best-path.cc:99) For utterance M07UP09A0495I41, best cost 16.8362 + 3294.21 = 3311.05 over 298 frames.
M07UP09A0495I41 mandasoura 
LOG (lattice-best-path:main():lattice-best-path.cc:99) For utterance M07UP09A0496I303, best cost 17.4195 + 4820.06 = 4837.48 over 498 frames.
M07UP09A0496I303 raajagadxhqa 
LOG (lattice-best-path:main():lattice-best-path.cc:99) For utterance M07UP09A0499I43, best cost 13.1321 + 2843.23 = 2856.36 over 298 frames.
M07UP09A0499I43 shahadxola 
LOG (lattice-best-path:main():lattice-best-path.cc:99) For utterance M07UP09A0500I42, best cost 11.0074 + 3444.59 = 3455.59 over 298 frames.
M07UP09A0500I42 dhaara 
LOG (lattice-best-path:main():lattice-best-path.cc:99) For utterance M07UP09A0500I44, best cost 18.8679 + 3094.57 = 3113.44 over 298 frames.
M07UP09A0500I44 anuupapura 
LOG (lattice-best-path:main():lattice-best-path.cc:99) For utterance M07UP09A0503I301, best cost 15.3887 + 5287.93 = 5303.32 over 498 frames.
M07UP09A0503I301 niimaca 
LOG (lattice-best-path:main():lattice-best-path.cc:99) For utterance M07UP09A0505I300, best cost 23.988 + 5709.15 = 5733.14 over 498 frames.
M07UP09A0505I300 chatarapura 
LOG (lattice-best-path:main():lattice-best-path.cc:99) For utterance M07UP09A0505I504, best cost 20.7072 + 3269.94 = 3290.64 over 298 frames.
M07UP09A0505I504 shiwapurii 
LOG (lattice-best-path:main():lattice-best-path.cc:99) For utterance M07UP11A1317I41, best cost 15.6842 + 2986.44 = 3002.13 over 298 frames.
M07UP11A1317I41 mandxalaa 
LOG (lattice-best-path:main():lattice-best-path.cc:99) For utterance M07UP11A1319I300, best cost 30.2044 + 4949.57 = 4979.78 over 498 frames.
M07UP11A1319I300 umariyaa 
LOG (lattice-best-path:main():lattice-best-path.cc:99) For utterance M07UP11A1328I301, best cost 28.6467 + 4932.67 = 4961.32 over 498 frames.
M07UP11A1328I301 jabalapura 
LOG (lattice-best-path:main():lattice-best-path.cc:99) For utterance M07UP11A1337I301, best cost 21.002 + 4995.18 = 5016.18 over 498 frames.
M07UP11A1337I301 shaajaapura 
LOG (lattice-best-path:main():lattice-best-path.cc:99) For utterance M07UP11A1349I303, best cost 22.8384 + 5600.03 = 5622.87 over 498 frames.
M07UP11A1349I303 riiwaa 
LOG (lattice-best-path:main():lattice-best-path.cc:99) For utterance M07UP11A1351I302, best cost 26.293 + 5167.23 = 5193.52 over 498 frames.
M07UP11A1351I302 umariyaa 
LOG (lattice-best-path:main():lattice-best-path.cc:99) For utterance M07UP11A1352I427, best cost 14.2733 + 3033.54 = 3047.81 over 298 frames.
M07UP11A1352I427 umariyaa 
LOG (lattice-best-path:main():lattice-best-path.cc:99) For utterance M07UP11A1352I429, best cost 14.6614 + 3005.97 = 3020.63 over 298 frames.
M07UP11A1352I429 burahaanapura 
LOG (lattice-best-path:main():lattice-best-path.cc:99) For utterance M07UP13A0882I300, best cost 18.7099 + 5554.61 = 5573.32 over 498 frames.
M07UP13A0882I300 badxqawaanii 
LOG (lattice-best-path:main():lattice-best-path.cc:99) For utterance M07UP13A0882I301, best cost 24.154 + 5705.8 = 5729.95 over 498 frames.
M07UP13A0882I301 ratalaama 
LOG (lattice-best-path:main():lattice-best-path.cc:99) For utterance M07UP13A0884I303, best cost 22.6271 + 5651.83 = 5674.46 over 498 frames.
M07UP13A0884I303 ashokanagara 
LOG (lattice-best-path:main():lattice-best-path.cc:99) For utterance M07UP13A0888I41, best cost 13.3946 + 3240.93 = 3254.33 over 298 frames.
M07UP13A0888I41 datiyaa 
LOG (lattice-best-path:main():lattice-best-path.cc:99) For utterance M07UP13A0889I41, best cost 20.9512 + 3621.89 = 3642.84 over 298 frames.
M07UP13A0889I41 haradaa 
LOG (lattice-best-path:main():lattice-best-path.cc:99) For utterance M07UP13A0890I43, best cost 17.1335 + 3659.74 = 3676.87 over 298 frames.
M07UP13A0890I43 chatarapura 
LOG (lattice-best-path:main():lattice-best-path.cc:99) For utterance M07UP13A0897I302, best cost 30.4448 + 5397.92 = 5428.37 over 498 frames.
M07UP13A0897I302 raajagadxhqa 
LOG (lattice-best-path:main():lattice-best-path.cc:99) For utterance M07UP13A0897I41, best cost 16.7269 + 3141.49 = 3158.21 over 298 frames.
M07UP13A0897I41 burahaanapura 
LOG (lattice-best-path:main():lattice-best-path.cc:99) For utterance M07UP13A0898I303, best cost 23.4076 + 5559.27 = 5582.67 over 498 frames.
M07UP13A0898I303 badxqawaanii 
LOG (lattice-best-path:main():lattice-best-path.cc:99) For utterance M07UP13A0900I436, best cost 12.4493 + 3215.2 = 3227.65 over 298 frames.
M07UP13A0900I436 anuupapura 
LOG (lattice-best-path:main():lattice-best-path.cc:99) For utterance M07UP14A0572I301, best cost 21.2212 + 4925.33 = 4946.55 over 498 frames.
M07UP14A0572I301 chatarapura 
LOG (lattice-best-path:main():lattice-best-path.cc:99) For utterance M07UP14A0576I41, best cost 18.4221 + 3321.98 = 3340.41 over 298 frames.
M07UP14A0576I41 badxqawaanii 
LOG (lattice-best-path:main():lattice-best-path.cc:99) For utterance M07UP14A0583I300, best cost 24.2305 + 5560.53 = 5584.76 over 498 frames.
M07UP14A0583I300 datiyaa 
LOG (lattice-best-path:main():lattice-best-path.cc:99) For utterance M07UP14A0588I41, best cost 22.219 + 3285.83 = 3308.04 over 300 frames.
M07UP14A0588I41 raajagadxhqa 
LOG (lattice-best-path:main():lattice-best-path.cc:99) For utterance M07UP14A0590I300, best cost 21.3535 + 5158.01 = 5179.36 over 498 frames.
M07UP14A0590I300 siwanii 
LOG (lattice-best-path:main():lattice-best-path.cc:99) For utterance M07UP14A0590I43, best cost 20.1291 + 3294.58 = 3314.71 over 298 frames.
M07UP14A0590I43 singaroulii 
LOG (lattice-best-path:main():lattice-best-path.cc:99) For utterance M07UP14A0591I302, best cost 16.6533 + 4978.96 = 4995.62 over 498 frames.
M07UP14A0591I302 baalaaghaatxa 
LOG (lattice-best-path:main():lattice-best-path.cc:99) For utterance M07UP14A0591I303, best cost 13.1098 + 5637.09 = 5650.2 over 498 frames.
M07UP14A0591I303 siidhii 
LOG (lattice-best-path:main():lattice-best-path.cc:99) For utterance M07UP18A0362I47, best cost 15.6508 + 3209 = 3224.65 over 298 frames.
M07UP18A0362I47 datiyaa 
LOG (lattice-best-path:main():lattice-best-path.cc:99) For utterance M07UP18A0363I300, best cost 23.495 + 5098.28 = 5121.77 over 498 frames.
M07UP18A0363I300 gwaaliyara 
LOG (lattice-best-path:main():lattice-best-path.cc:99) For utterance M07UP18A0363I302, best cost 21.8993 + 4944.61 = 4966.51 over 498 frames.
M07UP18A0363I302 shiwapurii 
LOG (lattice-best-path:main():lattice-best-path.cc:99) For utterance M07UP18A0365I42, best cost 16.8475 + 3108.74 = 3125.58 over 298 frames.
M07UP18A0365I42 badxqawaanii 
LOG (lattice-best-path:main():lattice-best-path.cc:99) For utterance M07UP18A0366I41, best cost 18.6789 + 3228.38 = 3247.06 over 298 frames.
M07UP18A0366I41 raajagadxhqa 
LOG (lattice-best-path:main():lattice-best-path.cc:99) For utterance M07UP18A0367I43, best cost 14.8239 + 3268.64 = 3283.46 over 298 frames.
M07UP18A0367I43 burahaanapura 
LOG (lattice-best-path:main():lattice-best-path.cc:99) For utterance M07UP18A0368I301, best cost 27.9423 + 5473.58 = 5501.52 over 498 frames.
M07UP18A0368I301 badxqawaanii 
LOG (lattice-best-path:main():lattice-best-path.cc:99) For utterance M07UP18A0368I49, best cost 15.2465 + 3300.54 = 3315.78 over 298 frames.
M07UP18A0368I49 haradaa 
LOG (lattice-best-path:main():lattice-best-path.cc:99) For utterance M07UP18A0369I48, best cost 22.812 + 3583.23 = 3606.04 over 298 frames.
M07UP18A0369I48 badxqawaanii 
LOG (lattice-best-path:main():lattice-best-path.cc:99) For utterance M07UP18A0371I300, best cost 21.0585 + 5754.92 = 5775.98 over 498 frames.
M07UP18A0371I300 satanaa 
LOG (lattice-best-path:main():lattice-best-path.cc:99) For utterance M07UP18A0374I300, best cost 22.2836 + 6131.71 = 6153.99 over 498 frames.
M07UP18A0374I300 badxqawaanii 
LOG (lattice-best-path:main():lattice-best-path.cc:99) For utterance M07UP18A0374I48, best cost 18.5922 + 3530.3 = 3548.9 over 298 frames.
M07UP18A0374I48 txikamagadxhq 
LOG (lattice-best-path:main():lattice-best-path.cc:99) For utterance M07UP18A0375I45, best cost 16.674 + 3473.73 = 3490.4 over 298 frames.
M07UP18A0375I45 katxanii 
LOG (lattice-best-path:main():lattice-best-path.cc:99) For utterance M07UP18A0376I43, best cost 16.7401 + 3080.76 = 3097.5 over 298 frames.
M07UP18A0376I43 raayeseena 
LOG (lattice-best-path:main():lattice-best-path.cc:99) For utterance M07UP18A0376I49, best cost 15.8616 + 3096.84 = 3112.7 over 298 frames.
M07UP18A0376I49 saagara 
LOG (lattice-best-path:main():lattice-best-path.cc:99) For utterance M07UP18A0378I302, best cost 24.8294 + 6093.96 = 6118.79 over 498 frames.
M07UP18A0378I302 satanaa 
LOG (lattice-best-path:main():lattice-best-path.cc:99) For utterance M07UP18A0380I300, best cost 21.1387 + 5531.48 = 5552.62 over 498 frames.
M07UP18A0380I300 bhindxa 
LOG (lattice-best-path:main():lattice-best-path.cc:99) For utterance M07UP19A0341I48, best cost 11.8886 + 2896.07 = 2907.96 over 298 frames.
M07UP19A0341I48 singaroulii 
LOG (lattice-best-path:main():lattice-best-path.cc:99) For utterance M07UP19A0345I300, best cost 23.5411 + 6041.41 = 6064.95 over 490 frames.
M07UP19A0345I300 widishaa 
LOG (lattice-best-path:main():lattice-best-path.cc:99) For utterance M07UP19A0345I45, best cost 17.6801 + 3105.72 = 3123.4 over 298 frames.
M07UP19A0345I45 burahaanapura 
LOG (lattice-best-path:main():lattice-best-path.cc:99) For utterance M07UP19A0346I301, best cost 24.8668 + 5793.49 = 5818.36 over 498 frames.
M07UP19A0346I301 raajagadxhqa 
LOG (lattice-best-path:main():lattice-best-path.cc:99) For utterance M07UP19A0348I301, best cost 29.6532 + 5123.59 = 5153.25 over 498 frames.
M07UP19A0348I301 raajagadxhqa 
LOG (lattice-best-path:main():lattice-best-path.cc:99) For utterance M07UP19A0354I301, best cost 23.8813 + 5930.24 = 5954.12 over 498 frames.
M07UP19A0354I301 shiwapurii 
LOG (lattice-best-path:main():lattice-best-path.cc:99) For utterance M07UP19A0354I303, best cost 25.7454 + 5756.78 = 5782.53 over 498 frames.
M07UP19A0354I303 chindawaadxqaa 
LOG (lattice-best-path:main():lattice-best-path.cc:99) For utterance M07UP19A0356I43, best cost 20.2628 + 3222.58 = 3242.85 over 298 frames.
M07UP19A0356I43 baalaaghaatxa 
LOG (lattice-best-path:main():lattice-best-path.cc:99) For utterance M07UP19A0357I300, best cost 17.9156 + 5346.23 = 5364.14 over 498 frames.
M07UP19A0357I300 raajagadxhqa 
LOG (lattice-best-path:main():lattice-best-path.cc:99) For utterance M07UP19A0358I303, best cost 26.9458 + 5056.13 = 5083.07 over 498 frames.
M07UP19A0358I303 aliraajapura 
LOG (lattice-best-path:main():lattice-best-path.cc:99) For utterance M07UP19A0359I40, best cost 12.5537 + 3005.9 = 3018.45 over 298 frames.
M07UP19A0359I40 mureinaa 
LOG (lattice-best-path:main():lattice-best-path.cc:99) For utterance M07UP20A0734I300, best cost 25.1002 + 5280.62 = 5305.72 over 498 frames.
M07UP20A0734I300 singaroulii 
LOG (lattice-best-path:main():lattice-best-path.cc:99) For utterance M07UP20A0739I44, best cost 18.9335 + 3074.89 = 3093.82 over 298 frames.
M07UP20A0739I44 burahaanapura 
LOG (lattice-best-path:main():lattice-best-path.cc:99) For utterance M07UP20A0739I45, best cost 14.5395 + 2978.27 = 2992.81 over 300 frames.
M07UP20A0739I45 gwaaliyara 
LOG (lattice-best-path:main():lattice-best-path.cc:99) For utterance M07UP20A0740I302, best cost 21.5679 + 5109.72 = 5131.29 over 498 frames.
M07UP20A0740I302 singaroulii 
LOG (lattice-best-path:main():lattice-best-path.cc:99) For utterance M07UP20A0742I302, best cost 16.5902 + 4682.65 = 4699.24 over 498 frames.
M07UP20A0742I302 singaroulii 
LOG (lattice-best-path:main():lattice-best-path.cc:99) For utterance M07UP20A0750I40, best cost 22.3163 + 3232.1 = 3254.41 over 298 frames.
M07UP20A0750I40 singaroulii 
LOG (lattice-best-path:main():lattice-best-path.cc:99) For utterance M07UP20A0753I43, best cost 18.0152 + 3516.75 = 3534.76 over 298 frames.
M07UP20A0753I43 mandasoura 
LOG (lattice-best-path:main():lattice-best-path.cc:99) For utterance M07UP21A0593I302, best cost 23.6535 + 5626.84 = 5650.5 over 498 frames.
M07UP21A0593I302 katxanii 
LOG (lattice-best-path:main():lattice-best-path.cc:99) For utterance M07UP21A0598I41, best cost 23.0898 + 3142.14 = 3165.22 over 298 frames.
M07UP21A0598I41 siihoura 
LOG (lattice-best-path:main():lattice-best-path.cc:99) For utterance M07UP21A0600I300, best cost 30.167 + 5456.92 = 5487.09 over 498 frames.
M07UP21A0600I300 chatarapura 
LOG (lattice-best-path:main():lattice-best-path.cc:99) For utterance M07UP21A0600I42, best cost 26.0358 + 3121.93 = 3147.97 over 298 frames.
M07UP21A0600I42 mandasoura 
LOG (lattice-best-path:main():lattice-best-path.cc:99) For utterance M07UP21A0606I301, best cost 32.9803 + 5495.28 = 5528.26 over 498 frames.
M07UP21A0606I301 chatarapura 
LOG (lattice-best-path:main():lattice-best-path.cc:99) For utterance M07UP21A0606I302, best cost 19.3604 + 5814.49 = 5833.85 over 498 frames.
M07UP21A0606I302 katxanii 
LOG (lattice-best-path:main():lattice-best-path.cc:99) For utterance M07UP21A0607I301, best cost 29.5705 + 5249.64 = 5279.21 over 498 frames.
M07UP21A0607I301 shyopura 
LOG (lattice-best-path:main():lattice-best-path.cc:99) For utterance M07UP22A1323I47, best cost 10.8309 + 2790.09 = 2800.92 over 298 frames.
M07UP22A1323I47 mureinaa 
LOG (lattice-best-path:main():lattice-best-path.cc:99) For utterance M07UP22A1326I300, best cost 22.483 + 5222.14 = 5244.62 over 498 frames.
M07UP22A1326I300 deewaasa 
LOG (lattice-best-path:main():lattice-best-path.cc:99) For utterance M07UP22A1342I301, best cost 24.9608 + 4876.8 = 4901.76 over 498 frames.
M07UP22A1342I301 burahaanapura 
LOG (lattice-best-path:main():lattice-best-path.cc:99) For utterance M07UP22A1347I43, best cost 16.7819 + 3605.25 = 3622.04 over 298 frames.
M07UP22A1347I43 deewaasa 
LOG (lattice-best-path:main():lattice-best-path.cc:99) For utterance M07UP22A1347I47, best cost 17.6575 + 3507.97 = 3525.63 over 300 frames.
M07UP22A1347I47 siwanii 
LOG (lattice-best-path:main():lattice-best-path.cc:99) For utterance M07UP22A1355I301, best cost 22.297 + 5592.7 = 5614.99 over 498 frames.
M07UP22A1355I301 burahaanapura 
LOG (lattice-best-path:main():lattice-best-path.cc:99) For utterance M07UP22A1355I47, best cost 17.4669 + 3169.23 = 3186.7 over 298 frames.
M07UP22A1355I47 kharagona 
LOG (lattice-best-path:main():lattice-best-path.cc:99) For utterance M07UP22A1357I300, best cost 25.8767 + 5141.47 = 5167.34 over 498 frames.
M07UP22A1357I300 gwaaliyara 
LOG (lattice-best-path:main():lattice-best-path.cc:99) For utterance M07UP22A1357I45, best cost 15.0328 + 3019.54 = 3034.57 over 298 frames.
M07UP22A1357I45 burahaanapura 
LOG (lattice-best-path:main():lattice-best-path.cc:99) For utterance M07UP22A1357I47, best cost 13.1065 + 3132.74 = 3145.84 over 298 frames.
M07UP22A1357I47 siihoura 
LOG (lattice-best-path:main():lattice-best-path.cc:99) For utterance M07UP23A0224I44, best cost 16.1492 + 3541.67 = 3557.82 over 298 frames.
M07UP23A0224I44 aliraajapura 
LOG (lattice-best-path:main():lattice-best-path.cc:99) For utterance M07UP23A0233I43, best cost 13.5218 + 2930.22 = 2943.74 over 298 frames.
M07UP23A0233I43 hoshangaabaada 
LOG (lattice-best-path:main():lattice-best-path.cc:99) For utterance M07UP23A0234I41, best cost 20.1179 + 3565.68 = 3585.8 over 298 frames.
M07UP23A0234I41 raajagadxhqa 
LOG (lattice-best-path:main():lattice-best-path.cc:99) For utterance M07UP23A0235I42, best cost 16.2041 + 3552.61 = 3568.81 over 298 frames.
M07UP23A0235I42 ashokanagara 
LOG (lattice-best-path:main():lattice-best-path.cc:99) For utterance M07UP23A0236I43, best cost 18.3712 + 3291.06 = 3309.43 over 298 frames.
M07UP23A0236I43 deewaasa 
LOG (lattice-best-path:main():lattice-best-path.cc:99) For utterance M07UP23A0239I40, best cost 10.9694 + 3457.39 = 3468.36 over 298 frames.
M07UP23A0239I40 haradaa 
LOG (lattice-best-path:main():lattice-best-path.cc:99) For utterance M07UP23A0242I42, best cost 18.5528 + 3404 = 3422.55 over 298 frames.
M07UP23A0242I42 saagara 
LOG (lattice-best-path:main():lattice-best-path.cc:99) For utterance M07UP24A0171I300, best cost 27.751 + 5394.93 = 5422.68 over 498 frames.
M07UP24A0171I300 chindawaadxqaa 
LOG (lattice-best-path:main():lattice-best-path.cc:99) For utterance M07UP24A0172I45, best cost 15.0467 + 3338.72 = 3353.77 over 298 frames.
M07UP24A0172I45 deewaasa 
LOG (lattice-best-path:main():lattice-best-path.cc:99) For utterance M07UP24A0172I49, best cost 14.5549 + 3373.69 = 3388.25 over 298 frames.
M07UP24A0172I49 umariyaa 
LOG (lattice-best-path:main():lattice-best-path.cc:99) For utterance M07UP24A0173I44, best cost 17.2756 + 2985.79 = 3003.06 over 298 frames.
M07UP24A0173I44 saagara 
LOG (lattice-best-path:main():lattice-best-path.cc:99) For utterance M07UP24A0173I46, best cost 11.4174 + 2860.82 = 2872.24 over 298 frames.
M07UP24A0173I46 mureinaa 
LOG (lattice-best-path:main():lattice-best-path.cc:99) For utterance M07UP24A0175I301, best cost 26.5131 + 5150.02 = 5176.54 over 498 frames.
M07UP24A0175I301 umariyaa 
LOG (lattice-best-path:main():lattice-best-path.cc:99) For utterance M07UP24A0177F606, best cost 35.9806 + 9980.23 = 10016.2 over 998 frames.
M07UP24A0177F606 jhaabuaa 
LOG (lattice-best-path:main():lattice-best-path.cc:99) For utterance M07UP24A0179I302, best cost 19.131 + 5151.06 = 5170.19 over 498 frames.
M07UP24A0179I302 jhaabuaa 
LOG (lattice-best-path:main():lattice-best-path.cc:99) For utterance M07UP24A0181I301, best cost 19.7659 + 5862.99 = 5882.76 over 498 frames.
M07UP24A0181I301 haradaa 
LOG (lattice-best-path:main():lattice-best-path.cc:99) For utterance M07UP24A0181I42, best cost 10.9858 + 3351.65 = 3362.64 over 298 frames.
M07UP24A0181I42 siihoura 
LOG (lattice-best-path:main():lattice-best-path.cc:99) For utterance M07UP24A0181I48, best cost 15.0329 + 3290.33 = 3305.36 over 298 frames.
M07UP24A0181I48 deewaasa 
LOG (lattice-best-path:main():lattice-best-path.cc:99) For utterance M07UP24A0185I303, best cost 23.0234 + 5475.65 = 5498.68 over 498 frames.
M07UP24A0185I303 saagara 
LOG (lattice-best-path:main():lattice-best-path.cc:99) For utterance M07UP24A0188I302, best cost 20.5428 + 5288.71 = 5309.25 over 498 frames.
M07UP24A0188I302 mureinaa 
LOG (lattice-best-path:main():lattice-best-path.cc:99) For utterance M07UP24A0191I300, best cost 18.4559 + 4972.65 = 4991.1 over 498 frames.
M07UP24A0191I300 jhaabuaa 
LOG (lattice-best-path:main():lattice-best-path.cc:99) For utterance M07UP25A1205I302, best cost 25.5913 + 5794.96 = 5820.55 over 498 frames.
M07UP25A1205I302 anuupapura 
LOG (lattice-best-path:main():lattice-best-path.cc:99) For utterance M07UP25A1205I43, best cost 18.4018 + 3425.66 = 3444.06 over 298 frames.
M07UP25A1205I43 anuupapura 
LOG (lattice-best-path:main():lattice-best-path.cc:99) For utterance M07UP25A1206I45, best cost 23.7998 + 3331.84 = 3355.64 over 298 frames.
M07UP25A1206I45 gunaa 
LOG (lattice-best-path:main():lattice-best-path.cc:99) For utterance M07UP25A1209I41, best cost 17.3156 + 3275.8 = 3293.12 over 298 frames.
M07UP25A1209I41 raajagadxhqa 
LOG (lattice-best-path:main():lattice-best-path.cc:99) For utterance M07UP25A1216I41, best cost 15.7532 + 3583.19 = 3598.94 over 298 frames.
M07UP25A1216I41 haradaa 
LOG (lattice-best-path:main():lattice-best-path.cc:99) For utterance M07UP25A1220I300, best cost 34.1643 + 5362.49 = 5396.66 over 498 frames.
M07UP25A1220I300 raajagadxhqa 
LOG (lattice-best-path:main():lattice-best-path.cc:99) For utterance M07UP25A1220I42, best cost 21.6938 + 3232.27 = 3253.97 over 298 frames.
M07UP25A1220I42 jabalapura 
LOG (lattice-best-path:main():lattice-best-path.cc:99) For utterance M07UP25A1261I302, best cost 21.4175 + 5862.92 = 5884.34 over 500 frames.
M07UP25A1261I302 dhaara 
LOG (lattice-best-path:main():lattice-best-path.cc:99) For utterance M07UP26A0214I42, best cost 12.6862 + 3613.69 = 3626.38 over 298 frames.
M07UP26A0214I42 riiwaa 
LOG (lattice-best-path:main():lattice-best-path.cc:99) For utterance M07UP26A0255I48, best cost 18.5792 + 3212.39 = 3230.97 over 300 frames.
M07UP26A0255I48 widishaa 
LOG (lattice-best-path:main():lattice-best-path.cc:99) For utterance M07UP26A0257I47, best cost 14.9011 + 2907.53 = 2922.44 over 298 frames.
M07UP26A0257I47 ashokanagara 
LOG (lattice-best-path:main():lattice-best-path.cc:99) For utterance M07UP26A0258I414, best cost 23.4679 + 3109.17 = 3132.64 over 298 frames.
M07UP26A0258I414 kharagona 
LOG (lattice-best-path:main():lattice-best-path.cc:99) For utterance M07UP26A0261I47, best cost 12.9237 + 3180.36 = 3193.29 over 298 frames.
M07UP26A0261I47 satanaa 
LOG (lattice-best-path:main():lattice-best-path.cc:99) For utterance M07UP26A0262I41, best cost 14.9569 + 3460.47 = 3475.42 over 298 frames.
M07UP26A0262I41 gwaaliyara 
LOG (lattice-best-path:main():lattice-best-path.cc:99) For utterance M07UP26A0263I43, best cost 17.3898 + 2971.24 = 2988.63 over 298 frames.
M07UP26A0263I43 saagara 
LOG (lattice-best-path:main():lattice-best-path.cc:99) For utterance M07UP26A0267I44, best cost 13.6418 + 3150.99 = 3164.63 over 298 frames.
M07UP26A0267I44 katxanii 
LOG (lattice-best-path:main():lattice-best-path.cc:99) For utterance M07UP26A0269I47, best cost 15.9543 + 3471.42 = 3487.37 over 298 frames.
M07UP26A0269I47 anuupapura 
LOG (lattice-best-path:main():lattice-best-path.cc:99) For utterance M07UP26A0270I42, best cost 16.7402 + 3361.13 = 3377.87 over 298 frames.
M07UP26A0270I42 aliraajapura 
LOG (lattice-best-path:main():lattice-best-path.cc:99) For utterance M07UP26A0272I44, best cost 10.8537 + 2773.25 = 2784.1 over 298 frames.
M07UP26A0272I44 deewaasa 
LOG (lattice-best-path:main():lattice-best-path.cc:99) For utterance M07UP27A0641I438, best cost 15.0069 + 3109.55 = 3124.56 over 298 frames.
M07UP27A0641I438 umariyaa 
LOG (lattice-best-path:main():lattice-best-path.cc:99) For utterance M07UP27A0647I41, best cost 14.4378 + 3125.27 = 3139.71 over 298 frames.
M07UP27A0647I41 chatarapura 
LOG (lattice-best-path:main():lattice-best-path.cc:99) For utterance M07UP27A0647I43, best cost 18.1369 + 3193.91 = 3212.05 over 298 frames.
M07UP27A0647I43 katxanii 
LOG (lattice-best-path:main():lattice-best-path.cc:99) For utterance M07UP27A0657I303, best cost 20.3552 + 5430.13 = 5450.48 over 498 frames.
M07UP27A0657I303 shiwapurii 
LOG (lattice-best-path:main():lattice-best-path.cc:99) For utterance M07UP28A0216I301, best cost 11.3729 + 5608.89 = 5620.26 over 498 frames.
M07UP28A0216I301 haradaa 
LOG (lattice-best-path:main():lattice-best-path.cc:99) For utterance M07UP28A0218I300, best cost 23.3852 + 5300.08 = 5323.46 over 498 frames.
M07UP28A0218I300 deewaasa 
LOG (lattice-best-path:main():lattice-best-path.cc:99) For utterance M07UP28A0219I40, best cost 14.0268 + 3187.88 = 3201.91 over 298 frames.
M07UP28A0219I40 haradaa 
LOG (lattice-best-path:main():lattice-best-path.cc:99) For utterance M07UP28A0219I505, best cost 15.1816 + 3195.79 = 3210.97 over 300 frames.
M07UP28A0219I505 dhaara 
LOG (lattice-best-path:main():lattice-best-path.cc:99) For utterance M07UP28A0225I302, best cost 16.5449 + 5540.11 = 5556.66 over 498 frames.
M07UP28A0225I302 mureinaa 
LOG (lattice-best-path:main():lattice-best-path.cc:99) For utterance M07UP28A0225I40, best cost 23.1313 + 3151.31 = 3174.44 over 298 frames.
M07UP28A0225I40 haradaa 
LOG (lattice-best-path:main():lattice-best-path.cc:99) For utterance M07UP28A0225I41, best cost 13.0166 + 3708.67 = 3721.68 over 298 frames.
M07UP28A0225I41 damoha 
LOG (lattice-best-path:main():lattice-best-path.cc:99) For utterance M07UP29A0506I301, best cost 20.438 + 4974.97 = 4995.41 over 498 frames.
M07UP29A0506I301 raajagadxhqa 
LOG (lattice-best-path:main():lattice-best-path.cc:99) For utterance M07UP29A0509I42, best cost 21.7677 + 3277.25 = 3299.01 over 298 frames.
M07UP29A0509I42 aliraajapura 
LOG (lattice-best-path:main():lattice-best-path.cc:99) For utterance M07UP29A0509I45, best cost 14.1169 + 3200.43 = 3214.55 over 298 frames.
M07UP29A0509I45 gwaaliyara 
LOG (lattice-best-path:main():lattice-best-path.cc:99) For utterance M07UP29A0510I303, best cost 19.6331 + 5171.05 = 5190.69 over 500 frames.
M07UP29A0510I303 txikamagadxhq 
LOG (lattice-best-path:main():lattice-best-path.cc:99) For utterance M07UP29A0510I44, best cost 15.5292 + 2975.73 = 2991.25 over 298 frames.
M07UP29A0510I44 anuupapura 
LOG (lattice-best-path:main():lattice-best-path.cc:99) For utterance M07UP29A0511I301, best cost 16.5254 + 5355.61 = 5372.13 over 498 frames.
M07UP29A0511I301 raajagadxhqa 
LOG (lattice-best-path:main():lattice-best-path.cc:99) For utterance M07UP29A0511I42, best cost 19.931 + 3402.39 = 3422.32 over 298 frames.
M07UP29A0511I42 hoshangaabaada 
LOG (lattice-best-path:main():lattice-best-path.cc:99) For utterance M07UP29A0513I44, best cost 15.1934 + 3135.73 = 3150.92 over 298 frames.
M07UP29A0513I44 siidhii 
LOG (lattice-best-path:main():lattice-best-path.cc:99) For utterance M07UP29A0514I41, best cost 15.8331 + 3257.6 = 3273.43 over 298 frames.
M07UP29A0514I41 raajagadxhqa 
LOG (lattice-best-path:main():lattice-best-path.cc:99) For utterance M07UP29A0516I41, best cost 11.292 + 3504.33 = 3515.63 over 298 frames.
M07UP29A0516I41 raajagadxhqa 
LOG (lattice-best-path:main():lattice-best-path.cc:99) For utterance M07UP29A0517I303, best cost 20.3633 + 5342.59 = 5362.95 over 498 frames.
M07UP29A0517I303 txikamagadxhq 
LOG (lattice-best-path:main():lattice-best-path.cc:99) For utterance M07UP29A0520I42, best cost 15.8773 + 3006.61 = 3022.49 over 298 frames.
M07UP29A0520I42 aliraajapura 
LOG (lattice-best-path:main():lattice-best-path.cc:99) For utterance M07UP29A0520I45, best cost 19.4298 + 3305.38 = 3324.81 over 298 frames.
M07UP29A0520I45 gwaaliyara 
LOG (lattice-best-path:main():lattice-best-path.cc:99) For utterance M07UP29A0521I303, best cost 25.435 + 5173.97 = 5199.41 over 498 frames.
M07UP29A0521I303 raajagadxhqa 
LOG (lattice-best-path:main():lattice-best-path.cc:99) For utterance M07UP29A0521I47, best cost 16.8042 + 3018.99 = 3035.79 over 298 frames.
M07UP29A0521I47 mandasoura 
LOG (lattice-best-path:main():lattice-best-path.cc:99) For utterance M07UP31A1290I43, best cost 13.5397 + 3128.38 = 3141.92 over 298 frames.
M07UP31A1290I43 singaroulii 
LOG (lattice-best-path:main():lattice-best-path.cc:99) For utterance M07UP31A1291I42, best cost 20.9632 + 3198.96 = 3219.92 over 298 frames.
M07UP31A1291I42 umariyaa 
LOG (lattice-best-path:main():lattice-best-path.cc:99) For utterance M07UP31A1292I301, best cost 22.0584 + 5215.43 = 5237.49 over 498 frames.
M07UP31A1292I301 raajagadxhqa 
LOG (lattice-best-path:main():lattice-best-path.cc:99) For utterance M07UP31A1294I302, best cost 32.766 + 5071.12 = 5103.89 over 498 frames.
M07UP31A1294I302 jabalapura 
LOG (lattice-best-path:main():lattice-best-path.cc:99) For utterance M07UP31A1294I43, best cost 20.2495 + 3246.9 = 3267.15 over 298 frames.
M07UP31A1294I43 singaroulii 
LOG (lattice-best-path:main():lattice-best-path.cc:99) For utterance M07UP31A1296I500, best cost 24.1436 + 4710.31 = 4734.46 over 498 frames.
M07UP31A1296I500 mureinaa 
LOG (lattice-best-path:main():lattice-best-path.cc:99) For utterance M07UP31A1300I300, best cost 25.1263 + 5937.71 = 5962.84 over 498 frames.
M07UP31A1300I300 aliraajapura 
LOG (lattice-best-path:main():lattice-best-path.cc:99) For utterance M07UP31A1302I301, best cost 29.8919 + 5222.57 = 5252.46 over 498 frames.
M07UP31A1302I301 raajagadxhqa 
LOG (lattice-best-path:main():lattice-best-path.cc:99) For utterance M07UP31A1306I302, best cost 32.1582 + 5349.68 = 5381.84 over 498 frames.
M07UP31A1306I302 aliraajapura 
LOG (lattice-best-path:main():lattice-best-path.cc:99) For utterance M07UP31A1306I303, best cost 19.8951 + 6054.72 = 6074.62 over 498 frames.
M07UP31A1306I303 hoshangaabaada 
LOG (lattice-best-path:main():lattice-best-path.cc:99) For utterance M07UP31A1306I43, best cost 13.6118 + 2944.1 = 2957.72 over 298 frames.
M07UP31A1306I43 singaroulii 
LOG (lattice-best-path:main():lattice-best-path.cc:99) For utterance M07UP31A1307I430, best cost 23.3271 + 3188.01 = 3211.34 over 298 frames.
M07UP31A1307I430 gwaaliyara 
LOG (lattice-best-path:main():lattice-best-path.cc:99) For utterance M07UP31A1308I435, best cost 19.0009 + 3165.03 = 3184.03 over 298 frames.
M07UP31A1308I435 gwaaliyara 
LOG (lattice-best-path:main():lattice-best-path.cc:99) For utterance M07UP31A1309I44, best cost 15.2765 + 3586.09 = 3601.36 over 298 frames.
M07UP31A1309I44 deewaasa 
LOG (lattice-best-path:main():lattice-best-path.cc:99) For utterance M07UP31A1310I45, best cost 18.5849 + 3418.05 = 3436.64 over 298 frames.
M07UP31A1310I45 shaajaapura 
LOG (lattice-best-path:main():lattice-best-path.cc:99) For utterance M07UP34A0551I43, best cost 13.8255 + 3440.45 = 3454.28 over 300 frames.
M07UP34A0551I43 deewaasa 
LOG (lattice-best-path:main():lattice-best-path.cc:99) For utterance M07UP34A0554I301, best cost 19.8983 + 5181.05 = 5200.95 over 498 frames.
M07UP34A0554I301 baalaaghaatxa 
LOG (lattice-best-path:main():lattice-best-path.cc:99) For utterance M07UP34A0555I300, best cost 25.0302 + 5930.07 = 5955.1 over 498 frames.
M07UP34A0555I300 shiwapurii 
LOG (lattice-best-path:main():lattice-best-path.cc:99) For utterance M07UP34A0558I42, best cost 17.2689 + 3351.96 = 3369.23 over 298 frames.
M07UP34A0558I42 baalaaghaatxa 
LOG (lattice-best-path:main():lattice-best-path.cc:99) For utterance M07UP34A0559I303, best cost 27.0896 + 5324.73 = 5351.82 over 498 frames.
M07UP34A0559I303 ujjeina 
LOG (lattice-best-path:main():lattice-best-path.cc:99) For utterance M07UP34A0559I44, best cost 20.3602 + 3207.55 = 3227.91 over 298 frames.
M07UP34A0559I44 chatarapura 
LOG (lattice-best-path:main():lattice-best-path.cc:99) For utterance M07UP34A0561I300, best cost 24.0125 + 5918.2 = 5942.21 over 498 frames.
M07UP34A0561I300 aliraajapura 
LOG (lattice-best-path:main():lattice-best-path.cc:99) For utterance M07UP34A0563I303, best cost 36.779 + 5065.37 = 5102.15 over 498 frames.
M07UP34A0563I303 dhaara 
LOG (lattice-best-path:main():lattice-best-path.cc:99) For utterance M07UP34A0564I43, best cost 15.457 + 3208.69 = 3224.14 over 298 frames.
M07UP34A0564I43 chatarapura 
LOG (lattice-best-path:main():lattice-best-path.cc:99) For utterance M07UP34A0566I301, best cost 24.1291 + 5016.98 = 5041.11 over 498 frames.
M07UP34A0566I301 aliraajapura 
LOG (lattice-best-path:main():lattice-best-path.cc:99) For utterance M07UP35A0443I41, best cost 17.3184 + 3333.44 = 3350.75 over 298 frames.
M07UP35A0443I41 haradaa 
LOG (lattice-best-path:main():lattice-best-path.cc:99) For utterance M07UP35A0446I301, best cost 19.3558 + 5454.4 = 5473.76 over 498 frames.
M07UP35A0446I301 hoshangaabaada 
LOG (lattice-best-path:main():lattice-best-path.cc:99) For utterance M07UP35A0448I301, best cost 27.534 + 4930.27 = 4957.81 over 498 frames.
M07UP35A0448I301 raajagadxhqa 
LOG (lattice-best-path:main():lattice-best-path.cc:99) For utterance M07UP35A0450I301, best cost 27.4426 + 5842.4 = 5869.84 over 498 frames.
M07UP35A0450I301 gwaaliyara 
LOG (lattice-best-path:main():lattice-best-path.cc:99) For utterance M07UP35A0452I303, best cost 33.3244 + 5009.45 = 5042.78 over 498 frames.
M07UP35A0452I303 anuupapura 
LOG (lattice-best-path:main():lattice-best-path.cc:99) For utterance M07UP35A0455I303, best cost 29.894 + 4956.49 = 4986.39 over 498 frames.
M07UP35A0455I303 shaajaapura 
LOG (lattice-best-path:main():lattice-best-path.cc:99) For utterance M07UP35A0455I426, best cost 22.1751 + 3386.03 = 3408.2 over 298 frames.
M07UP35A0455I426 bhindxa 
LOG (lattice-best-path:main():lattice-best-path.cc:99) For utterance M07UP35A0456I43, best cost 20.8355 + 3249.08 = 3269.91 over 298 frames.
M07UP35A0456I43 jabalapura 
LOG (lattice-best-path:main():lattice-best-path.cc:99) For utterance M07UP35A0457I41, best cost 17.7233 + 3423.16 = 3440.88 over 298 frames.
M07UP35A0457I41 burahaanapura 
LOG (lattice-best-path:main():lattice-best-path.cc:99) For utterance M07UP35A0459I303, best cost 16.6532 + 5172.78 = 5189.43 over 498 frames.
M07UP35A0459I303 saagara 
LOG (lattice-best-path:main():lattice-best-path.cc:99) For utterance M07UP36A0825I301, best cost 32.755 + 5371.81 = 5404.57 over 498 frames.
M07UP36A0825I301 satanaa 
LOG (lattice-best-path:main():lattice-best-path.cc:99) For utterance M07UP36A0825I40, best cost 17.0534 + 3157.02 = 3174.08 over 298 frames.
M07UP36A0825I40 anuupapura 
LOG (lattice-best-path:main():lattice-best-path.cc:99) For utterance M07UP36A0827I300, best cost 32.1169 + 4887.57 = 4919.69 over 498 frames.
M07UP36A0827I300 katxanii 
LOG (lattice-best-path:main():lattice-best-path.cc:99) For utterance M07UP36A0829I302, best cost 30.4378 + 5354.67 = 5385.11 over 498 frames.
M07UP36A0829I302 aliraajapura 
LOG (lattice-best-path:main():lattice-best-path.cc:99) For utterance M07UP36A0832I302, best cost 22.9841 + 5463.77 = 5486.75 over 498 frames.
M07UP36A0832I302 satanaa 
LOG (lattice-best-path:main():lattice-best-path.cc:99) For utterance M07UP36A0840I41, best cost 16.1062 + 2985.02 = 3001.13 over 298 frames.
M07UP36A0840I41 burahaanapura 
LOG (lattice-best-path:main():lattice-best-path.cc:99) For utterance M07UP37A0301I42, best cost 8.65269 + 2827.42 = 2836.07 over 298 frames.
M07UP37A0301I42 badxqawaanii 
LOG (lattice-best-path:main():lattice-best-path.cc:99) For utterance M07UP37A0302I45, best cost 10.4312 + 3542.75 = 3553.18 over 298 frames.
M07UP37A0302I45 haradaa 
LOG (lattice-best-path:main():lattice-best-path.cc:99) For utterance M07UP37A0306I47, best cost 16.0827 + 3561.44 = 3577.52 over 298 frames.
M07UP37A0306I47 saagara 
LOG (lattice-best-path:main():lattice-best-path.cc:99) For utterance M07UP37A0307I303, best cost 17.3415 + 5687.97 = 5705.31 over 498 frames.
M07UP37A0307I303 siwanii 
LOG (lattice-best-path:main():lattice-best-path.cc:99) For utterance M07UP37A0309I40, best cost 8.94234 + 3678.76 = 3687.7 over 298 frames.
M07UP37A0309I40 dhaara 
LOG (lattice-best-path:main():lattice-best-path.cc:99) For utterance M07UP37A0309I44, best cost 15.3676 + 3528.16 = 3543.53 over 300 frames.
M07UP37A0309I44 katxanii 
LOG (lattice-best-path:main():lattice-best-path.cc:99) For utterance M07UP37A0311I43, best cost 17.0341 + 3178.27 = 3195.3 over 298 frames.
M07UP37A0311I43 raajagadxhqa 
LOG (lattice-best-path:main():lattice-best-path.cc:99) For utterance M07UP37A0311I44, best cost 19.3071 + 3141.9 = 3161.21 over 298 frames.
M07UP37A0311I44 gwaaliyara 
LOG (lattice-best-path:main():lattice-best-path.cc:99) For utterance M07UP37A0311I48, best cost 12.5573 + 2884.15 = 2896.71 over 300 frames.
M07UP37A0311I48 haradaa 
LOG (lattice-best-path:main():lattice-best-path.cc:99) For utterance M07UP37A0313I427, best cost 15.3472 + 3247.14 = 3262.49 over 298 frames.
M07UP37A0313I427 datiyaa 
LOG (lattice-best-path:main():lattice-best-path.cc:99) For utterance M07UP37A0314I300, best cost 18.7681 + 5739.42 = 5758.19 over 498 frames.
M07UP37A0314I300 bhindxa 
LOG (lattice-best-path:main():lattice-best-path.cc:99) For utterance M07UP37A0316I305, best cost 15.5679 + 5955.68 = 5971.25 over 498 frames.
M07UP37A0316I305 dhaara 
LOG (lattice-best-path:main():lattice-best-path.cc:99) For utterance M07UP37A0317I47, best cost 12.2854 + 3135.26 = 3147.55 over 298 frames.
M07UP37A0317I47 haradaa 
LOG (lattice-best-path:main():lattice-best-path.cc:99) For utterance M07UP37A0317I48, best cost 16.1289 + 3546.14 = 3562.27 over 298 frames.
M07UP37A0317I48 siihoura 
LOG (lattice-best-path:main():lattice-best-path.cc:99) For utterance M07UP37A0319I301, best cost 21.2983 + 5954.52 = 5975.82 over 498 frames.
M07UP37A0319I301 raajagadxhqa 
LOG (lattice-best-path:main():lattice-best-path.cc:99) For utterance M07UP38A0103I43, best cost 14.8341 + 3192.12 = 3206.95 over 298 frames.
M07UP38A0103I43 saagara 
LOG (lattice-best-path:main():lattice-best-path.cc:99) For utterance M07UP38A0107I43, best cost 12.179 + 3247.86 = 3260.04 over 298 frames.
M07UP38A0107I43 dhaara 
LOG (lattice-best-path:main():lattice-best-path.cc:99) For utterance M07UP39A0774I301, best cost 21.3116 + 4924.62 = 4945.94 over 498 frames.
M07UP39A0774I301 shiwapurii 
LOG (lattice-best-path:main():lattice-best-path.cc:99) For utterance M07UP39A0776I302, best cost 12.8974 + 4870.42 = 4883.31 over 498 frames.
M07UP39A0776I302 jabalapura 
LOG (lattice-best-path:main():lattice-best-path.cc:99) For utterance M07UP39A0777I300, best cost 14.8185 + 5145.88 = 5160.7 over 498 frames.
M07UP39A0777I300 jabalapura 
LOG (lattice-best-path:main():lattice-best-path.cc:99) For utterance M07UP39A0777I423, best cost 13.2326 + 2922.65 = 2935.88 over 298 frames.
M07UP39A0777I423 niimaca 
LOG (lattice-best-path:main():lattice-best-path.cc:99) For utterance M07UP39A0778I303, best cost 26.6798 + 5415.35 = 5442.03 over 498 frames.
M07UP39A0778I303 indoura 
LOG (lattice-best-path:main():lattice-best-path.cc:99) For utterance M07UP39A0781I501, best cost 12.0581 + 4211.54 = 4223.6 over 398 frames.
M07UP39A0781I501 mureinaa 
LOG (lattice-best-path:main():lattice-best-path.cc:99) For utterance M07UP41A0273I301, best cost 19.3724 + 6102.76 = 6122.13 over 498 frames.
M07UP41A0273I301 dhaara 
LOG (lattice-best-path:main():lattice-best-path.cc:99) For utterance M07UP41A0273I47, best cost 13.763 + 3322.06 = 3335.82 over 298 frames.
M07UP41A0273I47 shiwapurii 
LOG (lattice-best-path:main():lattice-best-path.cc:99) For utterance M07UP41A0275I300, best cost 22.1716 + 4977.7 = 4999.88 over 498 frames.
M07UP41A0275I300 anuupapura 
LOG (lattice-best-path:main():lattice-best-path.cc:99) For utterance M07UP41A0277I300, best cost 20.7208 + 5531.52 = 5552.24 over 498 frames.
M07UP41A0277I300 anuupapura 
LOG (lattice-best-path:main():lattice-best-path.cc:99) For utterance M07UP41A0277I43, best cost 16.6145 + 3486.08 = 3502.69 over 298 frames.
M07UP41A0277I43 badxqawaanii 
LOG (lattice-best-path:main():lattice-best-path.cc:99) For utterance M07UP41A0279I301, best cost 18.5907 + 5470.46 = 5489.05 over 498 frames.
M07UP41A0279I301 khandxawaa 
LOG (lattice-best-path:main():lattice-best-path.cc:99) For utterance M07UP41A0279I302, best cost 19.7998 + 5265.55 = 5285.35 over 498 frames.
M07UP41A0279I302 indoura 
LOG (lattice-best-path:main():lattice-best-path.cc:99) For utterance M07UP41A0279I47, best cost 15.4022 + 3568.08 = 3583.48 over 298 frames.
M07UP41A0279I47 siwanii 
LOG (lattice-best-path:main():lattice-best-path.cc:99) For utterance M07UP41A0280I42, best cost 13.6716 + 3230.9 = 3244.57 over 298 frames.
M07UP41A0280I42 deewaasa 
LOG (lattice-best-path:main():lattice-best-path.cc:99) For utterance M07UP41A0280I45, best cost 19.5323 + 3503.21 = 3522.74 over 298 frames.
M07UP41A0280I45 txikamagadxhq 
LOG (lattice-best-path:main():lattice-best-path.cc:99) For utterance M07UP41A0283I48, best cost 13.0416 + 2910.91 = 2923.95 over 298 frames.
M07UP41A0283I48 khandxawaa 
LOG (lattice-best-path:main():lattice-best-path.cc:99) For utterance M07UP41A0289I303, best cost 25.3392 + 5401.85 = 5427.18 over 498 frames.
M07UP41A0289I303 khandxawaa 
LOG (lattice-best-path:main():lattice-best-path.cc:99) For utterance M07UP41A0289I44, best cost 15.6106 + 3100.96 = 3116.57 over 300 frames.
M07UP41A0289I44 deewaasa 
LOG (lattice-best-path:main():lattice-best-path.cc:99) For utterance M07UP41A0290I47, best cost 15.9838 + 3147.81 = 3163.8 over 298 frames.
M07UP41A0290I47 gunaa 
LOG (lattice-best-path:main():lattice-best-path.cc:99) For utterance M07UP41A0291I43, best cost 16.2881 + 2999.37 = 3015.66 over 298 frames.
M07UP41A0291I43 txikamagadxhq 
LOG (lattice-best-path:main():lattice-best-path.cc:99) For utterance M07UP41A0291I46, best cost 16.1591 + 3118.82 = 3134.98 over 298 frames.
M07UP41A0291I46 khandxawaa 
LOG (lattice-best-path:main():lattice-best-path.cc:99) For utterance M07UP42A0111I46, best cost 18.1713 + 3068.5 = 3086.68 over 298 frames.
M07UP42A0111I46 siihoura 
LOG (lattice-best-path:main():lattice-best-path.cc:99) For utterance M07UP42A0116I430, best cost 12.9966 + 3373.86 = 3386.86 over 298 frames.
M07UP42A0116I430 aliraajapura 
LOG (lattice-best-path:main():lattice-best-path.cc:99) For utterance M07UP42A0117I419, best cost 16.5998 + 3165.26 = 3181.86 over 298 frames.
M07UP42A0117I419 pannaa 
LOG (lattice-best-path:main():lattice-best-path.cc:99) For utterance M07UP42A0117I423, best cost 12.9442 + 3336.36 = 3349.31 over 298 frames.
M07UP42A0117I423 shaajaapura 
LOG (lattice-best-path:main():lattice-best-path.cc:99) For utterance M07UP42A0119I300, best cost 22.9496 + 5712.18 = 5735.13 over 498 frames.
M07UP42A0119I300 umariyaa 
LOG (lattice-best-path:main():lattice-best-path.cc:99) For utterance M07UP42A0119I46, best cost 18.9158 + 3463.82 = 3482.73 over 298 frames.
M07UP42A0119I46 anuupapura 
LOG (lattice-best-path:main():lattice-best-path.cc:99) For utterance M07UP42A0120I418, best cost 16.3456 + 3178.87 = 3195.22 over 298 frames.
M07UP42A0120I418 gunaa 
LOG (lattice-best-path:main():lattice-best-path.cc:99) For utterance M07UP42A0120I424, best cost 17.2239 + 3231.44 = 3248.66 over 298 frames.
M07UP42A0120I424 riiwaa 
LOG (lattice-best-path:main():lattice-best-path.cc:99) For utterance M07UP42A0120I429, best cost 16.9812 + 3371.59 = 3388.57 over 298 frames.
M07UP42A0120I429 siihoura 
LOG (lattice-best-path:main():lattice-best-path.cc:99) For utterance M07UP42A0122I302, best cost 16.5669 + 5553.66 = 5570.23 over 498 frames.
M07UP42A0122I302 umariyaa 
LOG (lattice-best-path:main():lattice-best-path.cc:99) For utterance M07UP42A0122I424, best cost 18.4852 + 3424.63 = 3443.12 over 298 frames.
M07UP42A0122I424 badxqawaanii 
LOG (lattice-best-path:main():lattice-best-path.cc:99) For utterance M07UP42A0122I46, best cost 23.6027 + 3332.08 = 3355.68 over 298 frames.
M07UP42A0122I46 aliraajapura 
LOG (lattice-best-path:main():lattice-best-path.cc:99) For utterance M07UP42A0123I42, best cost 17.5971 + 3346.35 = 3363.95 over 298 frames.
M07UP42A0123I42 jabalapura 
LOG (lattice-best-path:main():lattice-best-path.cc:99) For utterance M07UP42A0123I424, best cost 13.6898 + 3468.78 = 3482.47 over 298 frames.
M07UP42A0123I424 burahaanapura 
LOG (lattice-best-path:main():lattice-best-path.cc:99) For utterance M07UP42A0124I45, best cost 16.1901 + 3195.22 = 3211.41 over 298 frames.
M07UP42A0124I45 ratalaama 
LOG (lattice-best-path:main():lattice-best-path.cc:99) For utterance M07UP42A0126I437, best cost 17.4782 + 3373.83 = 3391.3 over 298 frames.
M07UP42A0126I437 umariyaa 
LOG (lattice-best-path:main():lattice-best-path.cc:99) For utterance M07UP43A0148I300, best cost 22.1409 + 5853.95 = 5876.09 over 498 frames.
M07UP43A0148I300 siidhii 
LOG (lattice-best-path:main():lattice-best-path.cc:99) For utterance M07UP43A0151I42, best cost 18.6661 + 3573.18 = 3591.84 over 298 frames.
M07UP43A0151I42 datiyaa 
LOG (lattice-best-path:main():lattice-best-path.cc:99) For utterance M07UP43A0154I43, best cost 14.1152 + 2911.22 = 2925.33 over 298 frames.
M07UP43A0154I43 chatarapura 
LOG (lattice-best-path:main():lattice-best-path.cc:99) For utterance M07UP43A0154I44, best cost 15.8381 + 3031.67 = 3047.51 over 298 frames.
M07UP43A0154I44 shaajaapura 
LOG (lattice-best-path:main():lattice-best-path.cc:99) For utterance M07UP43A0158I41, best cost 15.6493 + 3391.03 = 3406.68 over 298 frames.
M07UP43A0158I41 umariyaa 
LOG (lattice-best-path:main():lattice-best-path.cc:99) For utterance M07UP45A0614I48, best cost 16.5485 + 3392.77 = 3409.32 over 298 frames.
M07UP45A0614I48 raajagadxhqa 
LOG (lattice-best-path:main():lattice-best-path.cc:99) For utterance M07UP45A0616I43, best cost 18.6822 + 3218.82 = 3237.51 over 298 frames.
M07UP45A0616I43 gwaaliyara 
LOG (lattice-best-path:main():lattice-best-path.cc:99) For utterance M07UP45A0624I41, best cost 18.315 + 3237.66 = 3255.97 over 298 frames.
M07UP45A0624I41 hoshangaabaada 
LOG (lattice-best-path:main():lattice-best-path.cc:99) For utterance M07UP45A0624I44, best cost 22.0594 + 3182.4 = 3204.46 over 298 frames.
M07UP45A0624I44 chatarapura 
LOG (lattice-best-path:main():lattice-best-path.cc:99) For utterance M07UP45A0625I41, best cost 14.6351 + 3356.04 = 3370.68 over 298 frames.
M07UP45A0625I41 deewaasa 
LOG (lattice-best-path:main():lattice-best-path.cc:99) For utterance M07UP45A0627I43, best cost 16.2403 + 2915.91 = 2932.15 over 298 frames.
M07UP45A0627I43 badxqawaanii 
LOG (lattice-best-path:main():lattice-best-path.cc:99) For utterance M07UP45A0628I41, best cost 16.9723 + 3303.68 = 3320.66 over 298 frames.
M07UP45A0628I41 gunaa 
LOG (lattice-best-path:main():lattice-best-path.cc:99) For utterance M07UP45A0629I303, best cost 20.4593 + 5858.1 = 5878.56 over 498 frames.
M07UP45A0629I303 siihoura 
LOG (lattice-best-path:main():lattice-best-path.cc:99) For utterance M07UP45A0634I48, best cost 17.7145 + 3133.83 = 3151.55 over 298 frames.
M07UP45A0634I48 saagara 
LOG (lattice-best-path:main():lattice-best-path.cc:99) For utterance M07UP45A0635I42, best cost 20.0205 + 3321.85 = 3341.87 over 298 frames.
M07UP45A0635I42 gwaaliyara 
LOG (lattice-best-path:main():lattice-best-path.cc:99) For utterance M07UP45A0636I300, best cost 15.095 + 4825.17 = 4840.27 over 498 frames.
M07UP45A0636I300 katxanii 
LOG (lattice-best-path:main():lattice-best-path.cc:99) For utterance M07UP48A0013I417, best cost 19.7619 + 3224.03 = 3243.8 over 298 frames.
M07UP48A0013I417 katxanii 
LOG (lattice-best-path:main():lattice-best-path.cc:99) For utterance M07UP48A0013I43, best cost 13.9526 + 3297.25 = 3311.2 over 298 frames.
M07UP48A0013I43 jhaabuaa 
LOG (lattice-best-path:main():lattice-best-path.cc:99) For utterance M07UP48A0014I44, best cost 12.0528 + 3290.06 = 3302.12 over 298 frames.
M07UP48A0014I44 dhaara 
LOG (lattice-best-path:main():lattice-best-path.cc:99) For utterance M07UP48A0015I422, best cost 17.235 + 3241.52 = 3258.75 over 298 frames.
M07UP48A0015I422 gwaaliyara 
LOG (lattice-best-path:main():lattice-best-path.cc:99) For utterance M07UP48A0018I422, best cost 12.2873 + 3451.08 = 3463.37 over 298 frames.
M07UP48A0018I422 mandasoura 
LOG (lattice-best-path:main():lattice-best-path.cc:99) For utterance M07UP48A0020I43, best cost 12.5426 + 3027.71 = 3040.25 over 298 frames.
M07UP48A0020I43 siwanii 
LOG (lattice-best-path:main():lattice-best-path.cc:99) For utterance M07UP48A0021I45, best cost 16.4603 + 2989.23 = 3005.69 over 298 frames.
M07UP48A0021I45 mandxalaa 
LOG (lattice-best-path:main():lattice-best-path.cc:99) For utterance M07UP48A0024I49, best cost 17.1649 + 3430.97 = 3448.13 over 304 frames.
M07UP48A0024I49 niimaca 
LOG (lattice-best-path:main():lattice-best-path.cc:99) For utterance M07UP48A0028I45, best cost 12.7156 + 3396.25 = 3408.96 over 298 frames.
M07UP48A0028I45 jabalapura 
LOG (lattice-best-path:main():lattice-best-path.cc:99) For utterance M07UP48A0031I44, best cost 17.5928 + 3439.77 = 3457.37 over 298 frames.
M07UP48A0031I44 siihoura 
LOG (lattice-best-path:main():lattice-best-path.cc:99) For utterance M07UP49A0861I41, best cost 15.2986 + 3014.87 = 3030.17 over 300 frames.
M07UP49A0861I41 umariyaa 
LOG (lattice-best-path:main():lattice-best-path.cc:99) For utterance M07UP49A0863I300, best cost 28.3826 + 5555.27 = 5583.65 over 498 frames.
M07UP49A0863I300 satanaa 
LOG (lattice-best-path:main():lattice-best-path.cc:99) For utterance M07UP49A0866I504, best cost 17.3513 + 3610.39 = 3627.74 over 298 frames.
M07UP49A0866I504 umariyaa 
LOG (lattice-best-path:main():lattice-best-path.cc:99) For utterance M07UP49A0869I301, best cost 22.3534 + 5457.05 = 5479.41 over 498 frames.
M07UP49A0869I301 badxqawaanii 
LOG (lattice-best-path:main():lattice-best-path.cc:99) For utterance M07UP49A0880I43, best cost 25.4038 + 3189.02 = 3214.43 over 298 frames.
M07UP49A0880I43 shiwapurii 
LOG (lattice-best-path:main():lattice-best-path.cc:99) For utterance M07UP51A0032I301, best cost 16.1267 + 5008 = 5024.12 over 430 frames.
M07UP51A0032I301 jabalapura 
LOG (lattice-best-path:main():lattice-best-path.cc:99) For utterance M07UP51A0033I42, best cost 19.3112 + 3353.4 = 3372.71 over 298 frames.
M07UP51A0033I42 aliraajapura 
LOG (lattice-best-path:main():lattice-best-path.cc:99) For utterance M07UP51A0033I48, best cost 17.6922 + 3487.67 = 3505.37 over 298 frames.
M07UP51A0033I48 burahaanapura 
LOG (lattice-best-path:main():lattice-best-path.cc:99) For utterance M07UP51A0035I302, best cost 27.1766 + 5424.6 = 5451.77 over 498 frames.
M07UP51A0035I302 dhaara 
LOG (lattice-best-path:main():lattice-best-path.cc:99) For utterance M07UP51A0036I300, best cost 17.866 + 5653.83 = 5671.7 over 498 frames.
M07UP51A0036I300 siihoura 
LOG (lattice-best-path:main():lattice-best-path.cc:99) For utterance M07UP51A0036I44, best cost 17.5543 + 3187.62 = 3205.18 over 298 frames.
M07UP51A0036I44 shiwapurii 
LOG (lattice-best-path:main():lattice-best-path.cc:99) For utterance M07UP51A0036I45, best cost 17.276 + 3215.5 = 3232.78 over 298 frames.
M07UP51A0036I45 ratalaama 
LOG (lattice-best-path:main():lattice-best-path.cc:99) For utterance M07UP51A0036I48, best cost 17.4842 + 3263 = 3280.48 over 298 frames.
M07UP51A0036I48 jhaabuaa 
LOG (lattice-best-path:main():lattice-best-path.cc:99) For utterance M07UP51A0038I48, best cost 18.1617 + 3365.56 = 3383.73 over 298 frames.
M07UP51A0038I48 aliraajapura 
LOG (lattice-best-path:main():lattice-best-path.cc:99) For utterance M07UP51A0041I300, best cost 17.1921 + 4765.23 = 4782.43 over 498 frames.
M07UP51A0041I300 siihoura 
LOG (lattice-best-path:main():lattice-best-path.cc:99) For utterance M07UP51A0042I302, best cost 27.4585 + 5078.56 = 5106.01 over 498 frames.
M07UP51A0042I302 dhaara 
LOG (lattice-best-path:main():lattice-best-path.cc:99) For utterance M07UP51A0043I410, best cost 13.1266 + 3254.08 = 3267.2 over 298 frames.
M07UP51A0043I410 haradaa 
LOG (lattice-best-path:main():lattice-best-path.cc:99) For utterance M07UP51A0043I44, best cost 17.6339 + 3378.13 = 3395.77 over 298 frames.
M07UP51A0043I44 shiwapurii 
LOG (lattice-best-path:main():lattice-best-path.cc:99) For utterance M07UP51A0043I45, best cost 20.2318 + 3068.53 = 3088.77 over 298 frames.
M07UP51A0043I45 riiwaa 
LOG (lattice-best-path:main():lattice-best-path.cc:99) For utterance M07UP51A0044I303, best cost 36.2865 + 5149.01 = 5185.29 over 498 frames.
M07UP51A0044I303 khandxawaa 
LOG (lattice-best-path:main():lattice-best-path.cc:99) For utterance M07UP51A0045I412, best cost 22.4899 + 3370.15 = 3392.64 over 298 frames.
M07UP51A0045I412 mandxalaa 
LOG (lattice-best-path:main():lattice-best-path.cc:99) For utterance M07UP51A0046I412, best cost 16.702 + 3027.3 = 3044 over 298 frames.
M07UP51A0046I412 dhaara 
LOG (lattice-best-path:main():lattice-best-path.cc:99) For utterance M07UP51A0046I43, best cost 20.3841 + 3274.15 = 3294.53 over 298 frames.
M07UP51A0046I43 mandasoura 
LOG (lattice-best-path:main():lattice-best-path.cc:99) For utterance M07UP51A0049I44, best cost 17.8947 + 3487.84 = 3505.73 over 298 frames.
M07UP51A0049I44 ashokanagara 
LOG (lattice-best-path:main():lattice-best-path.cc:99) For utterance M07UP51A0049I48, best cost 19.9342 + 3505.79 = 3525.72 over 298 frames.
M07UP51A0049I48 burahaanapura 
LOG (lattice-best-path:main():lattice-best-path.cc:99) For utterance M07UP51A0050I300, best cost 24.0539 + 5120.48 = 5144.54 over 498 frames.
M07UP51A0050I300 jhaabuaa 
LOG (lattice-best-path:main():lattice-best-path.cc:99) For utterance M07UP51A0050I42, best cost 23.1304 + 3218.74 = 3241.87 over 298 frames.
M07UP51A0050I42 chatarapura 
LOG (lattice-best-path:main():lattice-best-path.cc:99) For utterance M07UP51A0050I45, best cost 13.5481 + 3291.71 = 3305.26 over 298 frames.
M07UP51A0050I45 siihoura 
LOG (lattice-best-path:main():lattice-best-path.cc:99) For utterance M07UP51A0052I301, best cost 22.1635 + 4967.35 = 4989.51 over 498 frames.
M07UP51A0052I301 siwanii 
LOG (lattice-best-path:main():lattice-best-path.cc:99) For utterance M07UP51A0052I303, best cost 19.546 + 4775.39 = 4794.93 over 498 frames.
M07UP51A0052I303 riiwaa 
LOG (lattice-best-path:main():lattice-best-path.cc:99) For utterance M07UP51A0052I412, best cost 15.2661 + 2993.53 = 3008.79 over 298 frames.
M07UP51A0052I412 gunaa 
LOG (lattice-best-path:main():lattice-best-path.cc:99) For utterance M07UP51A0052I45, best cost 17.1931 + 3170.81 = 3188 over 298 frames.
M07UP51A0052I45 siihoura 
LOG (lattice-best-path:main():lattice-best-path.cc:99) For utterance M07UP51A0053I302, best cost 22.5088 + 5134.71 = 5157.22 over 498 frames.
M07UP51A0053I302 dhaara 
LOG (lattice-best-path:main():lattice-best-path.cc:99) For utterance M07UP51A0054I40, best cost 13.3747 + 3510.01 = 3523.39 over 298 frames.
M07UP51A0054I40 deewaasa 
LOG (lattice-best-path:main():lattice-best-path.cc:99) For utterance M07UP51A0054I47, best cost 18.9258 + 3477.46 = 3496.38 over 298 frames.
M07UP51A0054I47 burahaanapura 
LOG (lattice-best-path:main():lattice-best-path.cc:99) For utterance M07UP51A0094I411, best cost 24.9378 + 3090.02 = 3114.96 over 298 frames.
M07UP51A0094I411 saagara 
LOG (lattice-best-path:main():lattice-best-path.cc:99) For utterance M07UP52A0193I300, best cost 24.864 + 5273.92 = 5298.78 over 498 frames.
M07UP52A0193I300 betuula 
LOG (lattice-best-path:main():lattice-best-path.cc:99) For utterance M07UP52A0193I302, best cost 28.7553 + 5142.72 = 5171.48 over 498 frames.
M07UP52A0193I302 ashokanagara 
LOG (lattice-best-path:main():lattice-best-path.cc:99) For utterance M07UP52A0193I43, best cost 18.5776 + 3015.18 = 3033.76 over 298 frames.
M07UP52A0193I43 katxanii 
LOG (lattice-best-path:main():lattice-best-path.cc:99) For utterance M07UP52A0195I45, best cost 15.5445 + 3484.48 = 3500.02 over 298 frames.
M07UP52A0195I45 hoshangaabaada 
LOG (lattice-best-path:main():lattice-best-path.cc:99) For utterance M07UP52A0196I300, best cost 24.95 + 5376.6 = 5401.55 over 498 frames.
M07UP52A0196I300 dxindxorii 
LOG (lattice-best-path:main():lattice-best-path.cc:99) For utterance M07UP52A0196I41, best cost 12.5616 + 3273.72 = 3286.28 over 292 frames.
M07UP52A0196I41 dhaara 
LOG (lattice-best-path:main():lattice-best-path.cc:99) For utterance M07UP52A0199I41, best cost 14.2287 + 3638.96 = 3653.19 over 298 frames.
M07UP52A0199I41 haradaa 
LOG (lattice-best-path:main():lattice-best-path.cc:99) For utterance M07UP52A0202I302, best cost 26.2713 + 5853.89 = 5880.16 over 498 frames.
M07UP52A0202I302 shiwapurii 
LOG (lattice-best-path:main():lattice-best-path.cc:99) For utterance M07UP52A0202I40, best cost 18.9789 + 3535.66 = 3554.64 over 298 frames.
M07UP52A0202I40 jabalapura 
LOG (lattice-best-path:main():lattice-best-path.cc:99) For utterance M07UP52A0202I45, best cost 20.6256 + 3579.58 = 3600.21 over 298 frames.
M07UP52A0202I45 hoshangaabaada 
LOG (lattice-best-path:main():lattice-best-path.cc:99) For utterance M07UP52A0205I43, best cost 18.5075 + 3305.2 = 3323.7 over 298 frames.
M07UP52A0205I43 saagara 
LOG (lattice-best-path:main():lattice-best-path.cc:99) For utterance M07UP52A0206I302, best cost 26.0592 + 5274.01 = 5300.07 over 498 frames.
M07UP52A0206I302 dxindxorii 
LOG (lattice-best-path:main():lattice-best-path.cc:99) For utterance M07UP52A0206I40, best cost 11.5744 + 3509.51 = 3521.08 over 298 frames.
M07UP52A0206I40 damoha 
LOG (lattice-best-path:main():lattice-best-path.cc:99) For utterance M07UP52A0207I42, best cost 18.2373 + 3438.16 = 3456.39 over 298 frames.
M07UP52A0207I42 saagara 
LOG (lattice-best-path:main():lattice-best-path.cc:99) For utterance M07UP52A0210I300, best cost 24.9159 + 5745.88 = 5770.8 over 498 frames.
M07UP52A0210I300 mureinaa 
LOG (lattice-best-path:main():lattice-best-path.cc:99) For utterance M07UP52A0210I43, best cost 14.6132 + 3447.89 = 3462.51 over 298 frames.
M07UP52A0210I43 saagara 
LOG (lattice-best-path:main():lattice-best-path.cc:99) For utterance M07UP52A0210I603, best cost 35.6713 + 11583.4 = 11619.1 over 998 frames.
M07UP52A0210I603 dhaara 
LOG (lattice-best-path:main():lattice-best-path.cc:99) For utterance M07UP52A0211I300, best cost 19.6283 + 6084.85 = 6104.48 over 500 frames.
M07UP52A0211I300 burahaanapura 
LOG (lattice-best-path:main():lattice-best-path.cc:99) For utterance M07UP52A0213I45, best cost 14.2834 + 2868.87 = 2883.15 over 298 frames.
M07UP52A0213I45 burahaanapura 
LOG (lattice-best-path:main():lattice-best-path.cc:99) For utterance M07UP53A0072I44, best cost 18.1583 + 3405.36 = 3423.52 over 298 frames.
M07UP53A0072I44 riiwaa 
LOG (lattice-best-path:main():lattice-best-path.cc:99) For utterance M07UP53A0076I413, best cost 20.0545 + 3321.99 = 3342.05 over 298 frames.
M07UP53A0076I413 raajagadxhqa 
LOG (lattice-best-path:main():lattice-best-path.cc:99) For utterance M07UP53A0079I42, best cost 13.8811 + 3418.8 = 3432.68 over 298 frames.
M07UP53A0079I42 saagara 
LOG (lattice-best-path:main():lattice-best-path.cc:99) For utterance M07UP53A0080I41, best cost 16.5184 + 2820.74 = 2837.25 over 298 frames.
M07UP53A0080I41 raajagadxhqa 
LOG (lattice-best-path:main():lattice-best-path.cc:99) For utterance M07UP53A0080I413, best cost 20.1518 + 3108.52 = 3128.67 over 298 frames.
M07UP53A0080I413 saagara 
LOG (lattice-best-path:main():lattice-best-path.cc:99) For utterance M07UP53A0080I42, best cost 15.9553 + 3043.17 = 3059.13 over 298 frames.
M07UP53A0080I42 badxqawaanii 
LOG (lattice-best-path:main():lattice-best-path.cc:99) For utterance M07UP53A0081I424, best cost 11.8435 + 2916.89 = 2928.73 over 298 frames.
M07UP53A0081I424 hoshangaabaada 
LOG (lattice-best-path:main():lattice-best-path.cc:99) For utterance M07UP53A0083I419, best cost 15.3877 + 3292.76 = 3308.14 over 298 frames.
M07UP53A0083I419 shiwapurii 
LOG (lattice-best-path:main():lattice-best-path.cc:99) For utterance M07UP53A0085I45, best cost 18.5658 + 3507.35 = 3525.91 over 300 frames.
M07UP53A0085I45 saagara 
LOG (lattice-best-path:main():lattice-best-path.cc:99) For utterance M07UP53A0088I413, best cost 19.5976 + 3410.5 = 3430.1 over 298 frames.
M07UP53A0088I413 saagara 
LOG (lattice-best-path:main():lattice-best-path.cc:99) For utterance M07UP53A0090I410, best cost 16.7487 + 3562.01 = 3578.75 over 300 frames.
M07UP53A0090I410 singaroulii 
LOG (lattice-best-path:main():lattice-best-path.cc:99) For utterance M07UP54A1272I428, best cost 12.4597 + 3303.93 = 3316.39 over 298 frames.
M07UP54A1272I428 damoha 
LOG (lattice-best-path:main():lattice-best-path.cc:99) For utterance M07UP54A1280I300, best cost 23.1733 + 5520.61 = 5543.79 over 498 frames.
M07UP54A1280I300 siidhii 
LOG (lattice-best-path:main():lattice-best-path.cc:99) For utterance M07UP54A1290I45, best cost 16.8892 + 3396.52 = 3413.41 over 300 frames.
M07UP54A1290I45 jabalapura 
LOG (lattice-best-path:main():lattice-best-path.cc:99) For utterance M07UP55A0462I422, best cost 13.6867 + 3104.53 = 3118.21 over 298 frames.
M07UP55A0462I422 gwaaliyara 
LOG (lattice-best-path:main():lattice-best-path.cc:99) For utterance M07UP55A0464I303, best cost 20.2338 + 5069.6 = 5089.84 over 498 frames.
M07UP55A0464I303 shaajaapura 
LOG (lattice-best-path:main():lattice-best-path.cc:99) For utterance M07UP55A0464I42, best cost 19.4296 + 3302.99 = 3322.42 over 298 frames.
M07UP55A0464I42 niimaca 
LOG (lattice-best-path:main():lattice-best-path.cc:99) For utterance M07UP55A0469I300, best cost 31.9576 + 5422.45 = 5454.41 over 498 frames.
M07UP55A0469I300 jhaabuaa 
LOG (lattice-best-path:main():lattice-best-path.cc:99) For utterance M07UP55A0469I40, best cost 27.4435 + 3117.13 = 3144.58 over 298 frames.
M07UP55A0469I40 dhaara 
LOG (lattice-best-path:main():lattice-best-path.cc:99) For utterance M07UP55A0470I301, best cost 24.4408 + 5276.77 = 5301.21 over 498 frames.
M07UP55A0470I301 chatarapura 
LOG (lattice-best-path:main():lattice-best-path.cc:99) For utterance M07UP55A0474I40, best cost 14.4876 + 3550.19 = 3564.67 over 298 frames.
M07UP55A0474I40 damoha 
LOG (lattice-best-path:main():lattice-best-path.cc:99) For utterance M07UP55A0476I42, best cost 22.4048 + 3502.04 = 3524.45 over 298 frames.
M07UP55A0476I42 mureinaa 
LOG (lattice-best-path:main():lattice-best-path.cc:99) For utterance M07UP55A0477I301, best cost 24.8728 + 5234.2 = 5259.07 over 498 frames.
M07UP55A0477I301 jabalapura 
LOG (lattice-best-path:main():lattice-best-path.cc:99) For utterance M07UP55A0480I300, best cost 18.7743 + 5550.53 = 5569.3 over 498 frames.
M07UP55A0480I300 bhindxa 
LOG (lattice-best-path:main():lattice-best-path.cc:99) For utterance M07UP56A0695I300, best cost 22.3022 + 5857.04 = 5879.34 over 498 frames.
M07UP56A0695I300 aliraajapura 
LOG (lattice-best-path:main():lattice-best-path.cc:99) For utterance M07UP56A0699I301, best cost 25.0949 + 5294.19 = 5319.28 over 498 frames.
M07UP56A0699I301 ashokanagara 
LOG (lattice-best-path:main():lattice-best-path.cc:99) For utterance M07UP56A0706I43, best cost 17.8035 + 3477.5 = 3495.3 over 298 frames.
M07UP56A0706I43 gwaaliyara 
LOG (lattice-best-path:main():lattice-best-path.cc:99) For utterance M07UP56A0707I45, best cost 13.5566 + 2916.03 = 2929.59 over 298 frames.
M07UP56A0707I45 singaroulii 
LOG (lattice-best-path:main():lattice-best-path.cc:99) For utterance M07UP56A0708I47, best cost 26.2071 + 3338.16 = 3364.37 over 298 frames.
M07UP56A0708I47 hoshangaabaada 
LOG (lattice-best-path:main():lattice-best-path.cc:99) For utterance M07UP56A0710I421, best cost 21.162 + 3271.57 = 3292.73 over 298 frames.
M07UP56A0710I421 singaroulii 
LOG (lattice-best-path:main():lattice-best-path.cc:99) For utterance M07UP57A0404I43, best cost 15.6498 + 3129.29 = 3144.94 over 298 frames.
M07UP57A0404I43 katxanii 
LOG (lattice-best-path:main():lattice-best-path.cc:99) For utterance M07UP57A0406I300, best cost 21.7969 + 5250.09 = 5271.89 over 498 frames.
M07UP57A0406I300 mandasoura 
LOG (lattice-best-path:main():lattice-best-path.cc:99) For utterance M07UP57A0409I42, best cost 15.4318 + 3010.83 = 3026.26 over 298 frames.
M07UP57A0409I42 jabalapura 
LOG (lattice-best-path:main():lattice-best-path.cc:99) For utterance M07UP57A0411I301, best cost 18.2393 + 5430.21 = 5448.45 over 498 frames.
M07UP57A0411I301 badxqawaanii 
LOG (lattice-best-path:main():lattice-best-path.cc:99) For utterance M07UP57A0413I301, best cost 20.2926 + 5030.61 = 5050.91 over 498 frames.
M07UP57A0413I301 shiwapurii 
LOG (lattice-best-path:main():lattice-best-path.cc:99) For utterance M07UP57A0413I41, best cost 16.9466 + 3489.61 = 3506.56 over 298 frames.
M07UP57A0413I41 hoshangaabaada 
LOG (lattice-best-path:main():lattice-best-path.cc:99) For utterance M07UP57A0413I507, best cost 11.628 + 3517.84 = 3529.47 over 298 frames.
M07UP57A0413I507 dhaara 
LOG (lattice-best-path:main():lattice-best-path.cc:99) For utterance M07UP57A0416I301, best cost 26.9805 + 5749.16 = 5776.14 over 498 frames.
M07UP57A0416I301 saagara 
LOG (lattice-best-path:main():lattice-best-path.cc:99) For utterance M07UP57A0417I301, best cost 26.9191 + 5435.87 = 5462.78 over 498 frames.
M07UP57A0417I301 shyopura 
LOG (lattice-best-path:main():lattice-best-path.cc:99) For utterance M07UP57A0417I42, best cost 16.0649 + 3501.45 = 3517.51 over 298 frames.
M07UP57A0417I42 dhaara 
LOG (lattice-best-path:main():lattice-best-path.cc:99) For utterance M07UP57A0418I303, best cost 16.9732 + 5610.22 = 5627.19 over 498 frames.
M07UP57A0418I303 katxanii 
LOG (lattice-best-path:main():lattice-best-path.cc:99) For utterance M07UP60A0942I416, best cost 12.2471 + 2905.15 = 2917.39 over 298 frames.
M07UP60A0942I416 badxqawaanii 
LOG (lattice-best-path:main():lattice-best-path.cc:99) For utterance M07UP60A0942I418, best cost 15.4959 + 3120.54 = 3136.04 over 298 frames.
M07UP60A0942I418 txikamagadxhq 
LOG (lattice-best-path:main():lattice-best-path.cc:99) For utterance M07UP60A0944I42, best cost 17.2205 + 3286.41 = 3303.63 over 298 frames.
M07UP60A0944I42 chatarapura 
LOG (lattice-best-path:main():lattice-best-path.cc:99) For utterance M07UP60A0946I303, best cost 32.0064 + 5403.96 = 5435.96 over 498 frames.
M07UP60A0946I303 chatarapura 
LOG (lattice-best-path:main():lattice-best-path.cc:99) For utterance M07UP60A0954I303, best cost 13.5659 + 4670.09 = 4683.65 over 498 frames.
M07UP60A0954I303 chatarapura 
LOG (lattice-best-path:main():lattice-best-path.cc:99) For utterance M07UP60A0955I301, best cost 27.5178 + 4824.18 = 4851.69 over 498 frames.
M07UP60A0955I301 chatarapura 
LOG (lattice-best-path:main():lattice-best-path.cc:99) For utterance M07UP60A0955I302, best cost 16.4472 + 4718.9 = 4735.34 over 498 frames.
M07UP60A0955I302 mureinaa 
LOG (lattice-best-path:main():lattice-best-path.cc:99) For utterance M07UP60A0956I414, best cost 18.9758 + 3351.72 = 3370.69 over 298 frames.
M07UP60A0956I414 raajagadxhqa 
LOG (lattice-best-path:main():lattice-best-path.cc:99) For utterance M07UP60A0957I412, best cost 19.4389 + 3139.02 = 3158.46 over 298 frames.
M07UP60A0957I412 badxqawaanii 
LOG (lattice-best-path:main():lattice-best-path.cc:99) For utterance M07UP60A0957I413, best cost 16.1559 + 3071.72 = 3087.88 over 298 frames.
M07UP60A0957I413 ashokanagara 
LOG (lattice-best-path:main():lattice-best-path.cc:99) For utterance M07UP61A0966I300, best cost 20.253 + 4936.6 = 4956.86 over 498 frames.
M07UP61A0966I300 raayeseena 
LOG (lattice-best-path:main():lattice-best-path.cc:99) For utterance M07UP61A0968I301, best cost 17.4934 + 4849.53 = 4867.02 over 498 frames.
M07UP61A0968I301 badxqawaanii 
LOG (lattice-best-path:main():lattice-best-path.cc:99) For utterance M07UP61A0971I302, best cost 26.9614 + 5094.2 = 5121.16 over 498 frames.
M07UP61A0971I302 singaroulii 
LOG (lattice-best-path:main():lattice-best-path.cc:99) For utterance M07UP61A0972I44, best cost 17.844 + 3359.53 = 3377.37 over 298 frames.
M07UP61A0972I44 chatarapura 
LOG (lattice-best-path:main():lattice-best-path.cc:99) For utterance M07UP61A0980I301, best cost 26.6587 + 5699.73 = 5726.39 over 498 frames.
M07UP61A0980I301 chatarapura 
LOG (lattice-best-path:main():lattice-best-path.cc:99) For utterance M07UP64A0382I300, best cost 29.6005 + 5578.95 = 5608.55 over 498 frames.
M07UP64A0382I300 damoha 
LOG (lattice-best-path:main():lattice-best-path.cc:99) For utterance M07UP64A0382I301, best cost 20.1093 + 5710.17 = 5730.28 over 498 frames.
M07UP64A0382I301 mandasoura 
LOG (lattice-best-path:main():lattice-best-path.cc:99) For utterance M07UP64A0386I42, best cost 16.0747 + 3332.85 = 3348.93 over 298 frames.
M07UP64A0386I42 umariyaa 
LOG (lattice-best-path:main():lattice-best-path.cc:99) For utterance M07UP64A0389I42, best cost 18.5934 + 2963.01 = 2981.6 over 298 frames.
M07UP64A0389I42 damoha 
LOG (lattice-best-path:main():lattice-best-path.cc:99) For utterance M07UP64A0390I300, best cost 23.4589 + 5196.39 = 5219.84 over 498 frames.
M07UP64A0390I300 damoha 
LOG (lattice-best-path:main():lattice-best-path.cc:99) For utterance M07UP64A0391I302, best cost 40.2578 + 5222.21 = 5262.46 over 498 frames.
M07UP64A0391I302 dxindxorii 
LOG (lattice-best-path:main():lattice-best-path.cc:99) For utterance M07UP64A0391I303, best cost 27.9165 + 5295.92 = 5323.84 over 498 frames.
M07UP64A0391I303 betuula 
LOG (lattice-best-path:main():lattice-best-path.cc:99) For utterance M07UP64A0392I301, best cost 13.1772 + 4576.43 = 4589.61 over 498 frames.
M07UP64A0392I301 baalaaghaatxa 
LOG (lattice-best-path:main():lattice-best-path.cc:99) For utterance M07UP64A0393I41, best cost 15.8467 + 3437.92 = 3453.77 over 298 frames.
M07UP64A0393I41 riiwaa 
LOG (lattice-best-path:main():lattice-best-path.cc:99) For utterance M07UP64A0396I43, best cost 14.8749 + 3573.27 = 3588.15 over 300 frames.
M07UP64A0396I43 katxanii 
LOG (lattice-best-path:main():lattice-best-path.cc:99) For utterance M07UP64A0399I302, best cost 25.6203 + 5422.14 = 5447.76 over 498 frames.
M07UP64A0399I302 siwanii 
LOG (lattice-best-path:main():lattice-best-path.cc:99) For utterance M07UP64A0400I300, best cost 35.7414 + 5671.96 = 5707.7 over 498 frames.
M07UP64A0400I300 saagara 
LOG (lattice-best-path:main():lattice-best-path.cc:99) For utterance M07UP64A0400I426, best cost 20.0807 + 3239.7 = 3259.78 over 298 frames.
M07UP64A0400I426 umariyaa 
LOG (lattice-best-path:main():lattice-best-path.cc:99) For utterance M07UP64A0401I43, best cost 14.0559 + 3392.22 = 3406.27 over 300 frames.
M07UP64A0401I43 badxqawaanii 
LOG (lattice-best-path:main():lattice-best-path.cc:99) For utterance M07UP66A0674I303, best cost 21.206 + 5594.84 = 5616.05 over 498 frames.
M07UP66A0674I303 aliraajapura 
LOG (lattice-best-path:main():lattice-best-path.cc:99) For utterance M07UP66A0676I303, best cost 17.5931 + 5736.58 = 5754.17 over 498 frames.
M07UP66A0676I303 umariyaa 
LOG (lattice-best-path:main():lattice-best-path.cc:99) For utterance M07UP66A0684I43, best cost 17.6647 + 3199.79 = 3217.46 over 298 frames.
M07UP66A0684I43 burahaanapura 
LOG (lattice-best-path:main():lattice-best-path.cc:99) For utterance M07UP66A0685I42, best cost 22.0887 + 3293.44 = 3315.53 over 298 frames.
M07UP66A0685I42 datiyaa 
LOG (lattice-best-path:main():lattice-best-path.cc:99) For utterance M07UP66A0687I301, best cost 13.5594 + 4785.57 = 4799.13 over 498 frames.
M07UP66A0687I301 dhaara 
LOG (lattice-best-path:main():lattice-best-path.cc:99) For utterance M07UP66A0688I410, best cost 17.6831 + 2932.89 = 2950.57 over 298 frames.
M07UP66A0688I410 gunaa 
LOG (lattice-best-path:main():lattice-best-path.cc:99) For utterance M07UP66A0692I301, best cost 21.8829 + 5382.97 = 5404.86 over 498 frames.
M07UP66A0692I301 hoshangaabaada 
LOG (lattice-best-path:main():lattice-best-path.cc:99) For utterance M07UP72A0730I42, best cost 14.8606 + 3349.28 = 3364.14 over 298 frames.
M07UP72A0730I42 ratalaama 
LOG (lattice-best-path:main():lattice-best-path.cc:99) For utterance M07UP72A0730I46, best cost 18.5344 + 3230.04 = 3248.57 over 298 frames.
M07UP72A0730I46 singaroulii 
LOG (lattice-best-path:main():lattice-best-path.cc:99) For utterance M07UP72A0731I42, best cost 19.2321 + 3548.38 = 3567.61 over 298 frames.
M07UP72A0731I42 jabalapura 
LOG (lattice-best-path:main():lattice-best-path.cc:99) For utterance M07UP73A0922I300, best cost 18.0218 + 5736.22 = 5754.24 over 498 frames.
M07UP73A0922I300 chatarapura 
LOG (lattice-best-path:main():lattice-best-path.cc:99) For utterance M07UP73A0923I41, best cost 13.7592 + 3370.05 = 3383.81 over 298 frames.
M07UP73A0923I41 siihoura 
LOG (lattice-scale:main():lattice-scale.cc:90) Done 553 lattices.
LOG (lattice-best-path:main():lattice-best-path.cc:99) For utterance M07UP73A0924I41, best cost 17.2265 + 3228.19 = 3245.42 over 298 frames.
M07UP73A0924I41 aliraajapura 
LOG (lattice-best-path:main():lattice-best-path.cc:99) For utterance M07UP73A0925I42, best cost 13.6745 + 2902.92 = 2916.59 over 298 frames.
M07UP73A0925I42 raajagadxhqa 
LOG (lattice-best-path:main():lattice-best-path.cc:99) For utterance M07UP73A0927I43, best cost 22.9491 + 3117.41 = 3140.36 over 298 frames.
M07UP73A0927I43 kharagona 
LOG (lattice-best-path:main():lattice-best-path.cc:99) For utterance M07UP73A0929I42, best cost 23.9247 + 3353.39 = 3377.32 over 298 frames.
M07UP73A0929I42 raajagadxhqa 
LOG (lattice-best-path:main():lattice-best-path.cc:99) For utterance M07UP73A0930I43, best cost 24.4008 + 3168.69 = 3193.09 over 298 frames.
M07UP73A0930I43 gunaa 
LOG (lattice-best-path:main():lattice-best-path.cc:99) For utterance M07UP73A0931I49, best cost 18.2134 + 3352.1 = 3370.31 over 298 frames.
M07UP73A0931I49 shiwapurii 
LOG (lattice-best-path:main():lattice-best-path.cc:99) For utterance M07UP73A0937I42, best cost 13.4971 + 3143.5 = 3157 over 298 frames.
M07UP73A0937I42 satanaa 
LOG (lattice-best-path:main():lattice-best-path.cc:99) For utterance M07UP73A0938I42, best cost 20.3518 + 3094.23 = 3114.58 over 298 frames.
M07UP73A0938I42 badxqawaanii 
LOG (lattice-best-path:main():lattice-best-path.cc:99) For utterance M07UP74A0802I303, best cost 29.696 + 5152 = 5181.69 over 498 frames.
M07UP74A0802I303 burahaanapura 
LOG (lattice-best-path:main():lattice-best-path.cc:99) For utterance M07UP74A0813I300, best cost 20.4082 + 5035.65 = 5056.05 over 498 frames.
M07UP74A0813I300 gunaa 
LOG (lattice-best-path:main():lattice-best-path.cc:99) For utterance M07UP74A0814I301, best cost 20.2882 + 4974.63 = 4994.92 over 504 frames.
M07UP74A0814I301 anuupapura 
LOG (lattice-best-path:main():lattice-best-path.cc:99) For utterance M07UP74A0817I42, best cost 18.8887 + 3102.87 = 3121.76 over 300 frames.
M07UP74A0817I42 raayeseena 
LOG (lattice-add-penalty:main():lattice-add-penalty.cc:62) Done adding word insertion penalty to 553 lattices.
LOG (lattice-best-path:main():lattice-best-path.cc:99) For utterance M07UP75A0755I303, best cost 30.8631 + 5367.48 = 5398.34 over 498 frames.
M07UP75A0755I303 mandxalaa 
LOG (lattice-best-path:main():lattice-best-path.cc:99) For utterance M07UP75A0758I300, best cost 23.4009 + 5318.71 = 5342.12 over 498 frames.
M07UP75A0758I300 saagara 
LOG (lattice-best-path:main():lattice-best-path.cc:99) For utterance M07UP75A0764I302, best cost 27.5808 + 5553.67 = 5581.25 over 498 frames.
M07UP75A0764I302 mandxalaa 
LOG (lattice-best-path:main():lattice-best-path.cc:99) For utterance M07UP75A0764I42, best cost 19.5582 + 3394.02 = 3413.58 over 298 frames.
M07UP75A0764I42 burahaanapura 
LOG (lattice-best-path:main():lattice-best-path.cc:99) For utterance M07UP75A0768I40, best cost 14.5098 + 3184.73 = 3199.24 over 298 frames.
M07UP75A0768I40 ashokanagara 
LOG (lattice-best-path:main():lattice-best-path.cc:99) For utterance M07UP75A0769I301, best cost 24.909 + 5057.84 = 5082.75 over 498 frames.
M07UP75A0769I301 jabalapura 
LOG (lattice-best-path:main():lattice-best-path.cc:99) For utterance M07UP75A0770I303, best cost 30.0486 + 5239.45 = 5269.5 over 498 frames.
M07UP75A0770I303 indoura 
LOG (lattice-best-path:main():lattice-best-path.cc:99) For utterance M07UP75A0771I42, best cost 15.8295 + 3159.65 = 3175.48 over 298 frames.
M07UP75A0771I42 singaroulii 
LOG (lattice-best-path:main():lattice-best-path.cc:99) For utterance M07UP75A0771I43, best cost 16.0403 + 3220.99 = 3237.03 over 298 frames.
M07UP75A0771I43 jabalapura 
LOG (lattice-best-path:main():lattice-best-path.cc:99) For utterance M07UP75A0772I300, best cost 15.4385 + 5021.53 = 5036.97 over 498 frames.
M07UP75A0772I300 shiwapurii 
LOG (lattice-best-path:main():lattice-best-path.cc:99) For utterance M07UP75A0773I41, best cost 13.2975 + 3075.73 = 3089.03 over 298 frames.
M07UP75A0773I41 shyopura 
LOG (lattice-best-path:main():lattice-best-path.cc:124) Overall cost per frame is 10.8741 = 0.0511081 [graph] + 10.823 [acoustic] over 207364 frames.
LOG (lattice-best-path:main():lattice-best-path.cc:128) Done 553 lattices, failed for 0
# Accounting: time=2 threads=1
# Ended (code 0) at Mon Jul 25 02:12:08 IST 2016, elapsed time 2 seconds
