# gmm-latgen-faster --max-active=7000 --beam=13.0 --lattice-beam=6.0 --acoustic-scale=0.083333 --allow-partial=true --word-symbol-table=exp/mono/graph/words.txt exp/mono/final.mdl exp/mono/graph/HCLG.fst "ark,s,cs:apply-cmvn  --utt2spk=ark:data/test/split3/2/utt2spk scp:data/test/split3/2/cmvn.scp scp:data/test/split3/2/feats.scp ark:- | add-deltas  ark:- ark:- |" "ark:|gzip -c > exp/mono/decode/lat.2.gz" 
# Started at Thu Jul 21 14:16:53 IST 2016
#
gmm-latgen-faster --max-active=7000 --beam=13.0 --lattice-beam=6.0 --acoustic-scale=0.083333 --allow-partial=true --word-symbol-table=exp/mono/graph/words.txt exp/mono/final.mdl exp/mono/graph/HCLG.fst 'ark,s,cs:apply-cmvn  --utt2spk=ark:data/test/split3/2/utt2spk scp:data/test/split3/2/cmvn.scp scp:data/test/split3/2/feats.scp ark:- | add-deltas  ark:- ark:- |' 'ark:|gzip -c > exp/mono/decode/lat.2.gz' 
apply-cmvn --utt2spk=ark:data/test/split3/2/utt2spk scp:data/test/split3/2/cmvn.scp scp:data/test/split3/2/feats.scp ark:- 
add-deltas ark:- ark:- 
M07UP20A0734I300 candoulii 
LOG (gmm-latgen-faster:DecodeUtteranceLatticeFaster():decoder-wrappers.cc:285) Log-like per frame for utterance M07UP20A0734I300 is -8.14556 over 498 frames.
M07UP20A0739I44 sonbhadra 
LOG (gmm-latgen-faster:DecodeUtteranceLatticeFaster():decoder-wrappers.cc:285) Log-like per frame for utterance M07UP20A0739I44 is -7.90042 over 298 frames.
M07UP20A0739I45 wansii 
LOG (gmm-latgen-faster:DecodeUtteranceLatticeFaster():decoder-wrappers.cc:285) Log-like per frame for utterance M07UP20A0739I45 is -7.58442 over 300 frames.
M07UP20A0740I302 kushiinagara 
LOG (gmm-latgen-faster:DecodeUtteranceLatticeFaster():decoder-wrappers.cc:285) Log-like per frame for utterance M07UP20A0740I302 is -7.89836 over 498 frames.
M07UP20A0742I302 candoulii 
LOG (gmm-latgen-faster:DecodeUtteranceLatticeFaster():decoder-wrappers.cc:285) Log-like per frame for utterance M07UP20A0742I302 is -7.15693 over 498 frames.
M07UP20A0750I40 candoulii 
LOG (gmm-latgen-faster:DecodeUtteranceLatticeFaster():decoder-wrappers.cc:285) Log-like per frame for utterance M07UP20A0750I40 is -8.27212 over 298 frames.
M07UP20A0753I43 waaraanxasxii 
LOG (gmm-latgen-faster:DecodeUtteranceLatticeFaster():decoder-wrappers.cc:285) Log-like per frame for utterance M07UP20A0753I43 is -8.97191 over 298 frames.
M07UP21A0593I302 karabii 
LOG (gmm-latgen-faster:DecodeUtteranceLatticeFaster():decoder-wrappers.cc:285) Log-like per frame for utterance M07UP21A0593I302 is -8.56616 over 498 frames.
M07UP21A0598I41 mauu 
LOG (gmm-latgen-faster:DecodeUtteranceLatticeFaster():decoder-wrappers.cc:285) Log-like per frame for utterance M07UP21A0598I41 is -8.08374 over 298 frames.
M07UP21A0600I300 caandapura 
LOG (gmm-latgen-faster:DecodeUtteranceLatticeFaster():decoder-wrappers.cc:285) Log-like per frame for utterance M07UP21A0600I300 is -8.48344 over 498 frames.
M07UP21A0600I42 waaraanxasxii 
LOG (gmm-latgen-faster:DecodeUtteranceLatticeFaster():decoder-wrappers.cc:285) Log-like per frame for utterance M07UP21A0600I42 is -8.03461 over 298 frames.
M07UP21A0606I301 citrakuutxa 
LOG (gmm-latgen-faster:DecodeUtteranceLatticeFaster():decoder-wrappers.cc:285) Log-like per frame for utterance M07UP21A0606I301 is -8.44856 over 498 frames.
M07UP21A0606I302 saalon 
LOG (gmm-latgen-faster:DecodeUtteranceLatticeFaster():decoder-wrappers.cc:285) Log-like per frame for utterance M07UP21A0606I302 is -8.86909 over 498 frames.
M07UP21A0607I301 puuranpura 
LOG (gmm-latgen-faster:DecodeUtteranceLatticeFaster():decoder-wrappers.cc:285) Log-like per frame for utterance M07UP21A0607I301 is -8.05892 over 498 frames.
M07UP22A1323I47 mauu 
LOG (gmm-latgen-faster:DecodeUtteranceLatticeFaster():decoder-wrappers.cc:285) Log-like per frame for utterance M07UP22A1323I47 is -7.09657 over 298 frames.
M07UP22A1326I300 deewariyaa 
LOG (gmm-latgen-faster:DecodeUtteranceLatticeFaster():decoder-wrappers.cc:285) Log-like per frame for utterance M07UP22A1326I300 is -7.93806 over 498 frames.
M07UP22A1342I301 gorakhapura 
LOG (gmm-latgen-faster:DecodeUtteranceLatticeFaster():decoder-wrappers.cc:285) Log-like per frame for utterance M07UP22A1342I301 is -7.46685 over 498 frames.
M07UP22A1347I43 deewariyaa 
LOG (gmm-latgen-faster:DecodeUtteranceLatticeFaster():decoder-wrappers.cc:285) Log-like per frame for utterance M07UP22A1347I43 is -9.16088 over 298 frames.
M07UP22A1347I47 mauu 
LOG (gmm-latgen-faster:DecodeUtteranceLatticeFaster():decoder-wrappers.cc:285) Log-like per frame for utterance M07UP22A1347I47 is -8.8978 over 300 frames.
M07UP22A1355I301 gorakhapura 
LOG (gmm-latgen-faster:DecodeUtteranceLatticeFaster():decoder-wrappers.cc:285) Log-like per frame for utterance M07UP22A1355I301 is -8.58224 over 498 frames.
M07UP22A1355I47 mohammadii 
LOG (gmm-latgen-faster:DecodeUtteranceLatticeFaster():decoder-wrappers.cc:285) Log-like per frame for utterance M07UP22A1355I47 is -8.09166 over 298 frames.
M07UP22A1357I300 jaganeira 
LOG (gmm-latgen-faster:DecodeUtteranceLatticeFaster():decoder-wrappers.cc:285) Log-like per frame for utterance M07UP22A1357I300 is -7.86151 over 498 frames.
M07UP22A1357I45 gorakhapura 
LOG (gmm-latgen-faster:DecodeUtteranceLatticeFaster():decoder-wrappers.cc:285) Log-like per frame for utterance M07UP22A1357I45 is -7.70588 over 298 frames.
M07UP22A1357I47 mauu 
LOG (gmm-latgen-faster:DecodeUtteranceLatticeFaster():decoder-wrappers.cc:285) Log-like per frame for utterance M07UP22A1357I47 is -7.94279 over 298 frames.
M07UP23A0224I44 aliiganja 
LOG (gmm-latgen-faster:DecodeUtteranceLatticeFaster():decoder-wrappers.cc:285) Log-like per frame for utterance M07UP23A0224I44 is -8.98648 over 298 frames.
M07UP23A0233I43 pheijaabaada 
LOG (gmm-latgen-faster:DecodeUtteranceLatticeFaster():decoder-wrappers.cc:285) Log-like per frame for utterance M07UP23A0233I43 is -7.46352 over 298 frames.
M07UP23A0234I41 kaasaganja 
LOG (gmm-latgen-faster:DecodeUtteranceLatticeFaster():decoder-wrappers.cc:285) Log-like per frame for utterance M07UP23A0234I41 is -9.07841 over 298 frames.
M07UP23A0235I42 pharrukhaabaada 
LOG (gmm-latgen-faster:DecodeUtteranceLatticeFaster():decoder-wrappers.cc:285) Log-like per frame for utterance M07UP23A0235I42 is -9.02788 over 298 frames.
M07UP23A0236I43 beewara 
LOG (gmm-latgen-faster:DecodeUtteranceLatticeFaster():decoder-wrappers.cc:285) Log-like per frame for utterance M07UP23A0236I43 is -8.42417 over 298 frames.
M07UP23A0239I40 paliaakala 
LOG (gmm-latgen-faster:DecodeUtteranceLatticeFaster():decoder-wrappers.cc:285) Log-like per frame for utterance M07UP23A0239I40 is -8.8133 over 298 frames.
M07UP23A0242I42 kaasaganja 
LOG (gmm-latgen-faster:DecodeUtteranceLatticeFaster():decoder-wrappers.cc:285) Log-like per frame for utterance M07UP23A0242I42 is -8.63948 over 298 frames.
M07UP24A0171I300 prataapagadxhqa 
LOG (gmm-latgen-faster:DecodeUtteranceLatticeFaster():decoder-wrappers.cc:285) Log-like per frame for utterance M07UP24A0171I300 is -8.23492 over 498 frames.
M07UP24A0172I45 beewara 
LOG (gmm-latgen-faster:DecodeUtteranceLatticeFaster():decoder-wrappers.cc:285) Log-like per frame for utterance M07UP24A0172I45 is -8.51889 over 298 frames.
M07UP24A0172I49 ouraiyaa 
LOG (gmm-latgen-faster:DecodeUtteranceLatticeFaster():decoder-wrappers.cc:285) Log-like per frame for utterance M07UP24A0172I49 is -8.54625 over 298 frames.
M07UP24A0173I44 partaawala 
LOG (gmm-latgen-faster:DecodeUtteranceLatticeFaster():decoder-wrappers.cc:285) Log-like per frame for utterance M07UP24A0173I44 is -7.65664 over 298 frames.
M07UP24A0173I46 waaraanxasxii 
LOG (gmm-latgen-faster:DecodeUtteranceLatticeFaster():decoder-wrappers.cc:285) Log-like per frame for utterance M07UP24A0173I46 is -7.28141 over 298 frames.
M07UP24A0175I301 ouraiyaa 
LOG (gmm-latgen-faster:DecodeUtteranceLatticeFaster():decoder-wrappers.cc:285) Log-like per frame for utterance M07UP24A0175I301 is -7.89559 over 498 frames.
M07UP24A0177F606 phaateehaabaada 
LOG (gmm-latgen-faster:DecodeUtteranceLatticeFaster():decoder-wrappers.cc:285) Log-like per frame for utterance M07UP24A0177F606 is -7.56394 over 998 frames.
M07UP24A0179I302 itxaawaa 
LOG (gmm-latgen-faster:DecodeUtteranceLatticeFaster():decoder-wrappers.cc:285) Log-like per frame for utterance M07UP24A0179I302 is -7.89365 over 498 frames.
M07UP24A0181I301 wisawaana 
LOG (gmm-latgen-faster:DecodeUtteranceLatticeFaster():decoder-wrappers.cc:285) Log-like per frame for utterance M07UP24A0181I301 is -8.94393 over 498 frames.
M07UP24A0181I42 ghiroura 
LOG (gmm-latgen-faster:DecodeUtteranceLatticeFaster():decoder-wrappers.cc:285) Log-like per frame for utterance M07UP24A0181I42 is -8.56204 over 298 frames.
M07UP24A0181I48 siyaanaa 
LOG (gmm-latgen-faster:DecodeUtteranceLatticeFaster():decoder-wrappers.cc:285) Log-like per frame for utterance M07UP24A0181I48 is -8.32124 over 298 frames.
M07UP24A0185I303 sirasaaganja 
LOG (gmm-latgen-faster:DecodeUtteranceLatticeFaster():decoder-wrappers.cc:285) Log-like per frame for utterance M07UP24A0185I303 is -8.32641 over 498 frames.
M07UP24A0188I302 karabii 
LOG (gmm-latgen-faster:DecodeUtteranceLatticeFaster():decoder-wrappers.cc:285) Log-like per frame for utterance M07UP24A0188I302 is -8.06744 over 498 frames.
M07UP24A0191I300 itxaawaa 
LOG (gmm-latgen-faster:DecodeUtteranceLatticeFaster():decoder-wrappers.cc:285) Log-like per frame for utterance M07UP24A0191I300 is -7.54241 over 498 frames.
M07UP25A1205I302 akbarapura 
LOG (gmm-latgen-faster:DecodeUtteranceLatticeFaster():decoder-wrappers.cc:285) Log-like per frame for utterance M07UP25A1205I302 is -8.89826 over 498 frames.
M07UP25A1205I43 kaanapura 
LOG (gmm-latgen-faster:DecodeUtteranceLatticeFaster():decoder-wrappers.cc:285) Log-like per frame for utterance M07UP25A1205I43 is -8.7634 over 298 frames.
M07UP25A1206I45 lakhiimapurakhiirii 
LOG (gmm-latgen-faster:DecodeUtteranceLatticeFaster():decoder-wrappers.cc:285) Log-like per frame for utterance M07UP25A1206I45 is -8.50711 over 298 frames.
M07UP25A1209I41 prataapagadxhqa 
LOG (gmm-latgen-faster:DecodeUtteranceLatticeFaster():decoder-wrappers.cc:285) Log-like per frame for utterance M07UP25A1209I41 is -8.38811 over 298 frames.
M07UP25A1216I41 pheijaabaada 
LOG (gmm-latgen-faster:DecodeUtteranceLatticeFaster():decoder-wrappers.cc:285) Log-like per frame for utterance M07UP25A1216I41 is -9.15366 over 298 frames.
M07UP25A1220I300 pheijaabaada 
LOG (gmm-latgen-faster:DecodeUtteranceLatticeFaster():decoder-wrappers.cc:285) Log-like per frame for utterance M07UP25A1220I300 is -8.28893 over 498 frames.
M07UP25A1220I42 baaraabankii 
LOG (gmm-latgen-faster:DecodeUtteranceLatticeFaster():decoder-wrappers.cc:285) Log-like per frame for utterance M07UP25A1220I42 is -8.19644 over 298 frames.
M07UP25A1261I302 badaayuun 
LOG (gmm-latgen-faster:DecodeUtteranceLatticeFaster():decoder-wrappers.cc:285) Log-like per frame for utterance M07UP25A1261I302 is -8.91272 over 500 frames.
M07UP26A0214I42 aliigadxhqa 
LOG (gmm-latgen-faster:DecodeUtteranceLatticeFaster():decoder-wrappers.cc:285) Log-like per frame for utterance M07UP26A0214I42 is -9.21325 over 298 frames.
M07UP26A0255I48 sikaarapura 
LOG (gmm-latgen-faster:DecodeUtteranceLatticeFaster():decoder-wrappers.cc:285) Log-like per frame for utterance M07UP26A0255I48 is -8.14632 over 300 frames.
M07UP26A0257I47 kaasaganja 
LOG (gmm-latgen-faster:DecodeUtteranceLatticeFaster():decoder-wrappers.cc:285) Log-like per frame for utterance M07UP26A0257I47 is -7.42385 over 298 frames.
M07UP26A0258I414 mauu 
LOG (gmm-latgen-faster:DecodeUtteranceLatticeFaster():decoder-wrappers.cc:285) Log-like per frame for utterance M07UP26A0258I414 is -7.9613 over 298 frames.
M07UP26A0261I47 pukharaanyaan 
LOG (gmm-latgen-faster:DecodeUtteranceLatticeFaster():decoder-wrappers.cc:285) Log-like per frame for utterance M07UP26A0261I47 is -8.14743 over 298 frames.
M07UP26A0262I41 badaayuun 
LOG (gmm-latgen-faster:DecodeUtteranceLatticeFaster():decoder-wrappers.cc:285) Log-like per frame for utterance M07UP26A0262I41 is -8.89078 over 298 frames.
M07UP26A0263I43 awaagadxhqa 
LOG (gmm-latgen-faster:DecodeUtteranceLatticeFaster():decoder-wrappers.cc:285) Log-like per frame for utterance M07UP26A0263I43 is -7.66339 over 298 frames.
M07UP26A0267I44 kaasaganja 
LOG (gmm-latgen-faster:DecodeUtteranceLatticeFaster():decoder-wrappers.cc:285) Log-like per frame for utterance M07UP26A0267I44 is -8.07449 over 298 frames.
M07UP26A0269I47 kannouja 
LOG (gmm-latgen-faster:DecodeUtteranceLatticeFaster():decoder-wrappers.cc:285) Log-like per frame for utterance M07UP26A0269I47 is -8.8794 over 298 frames.
M07UP26A0270I42 aliiganja 
LOG (gmm-latgen-faster:DecodeUtteranceLatticeFaster():decoder-wrappers.cc:285) Log-like per frame for utterance M07UP26A0270I42 is -8.48376 over 298 frames.
M07UP26A0272I44 beewara 
LOG (gmm-latgen-faster:DecodeUtteranceLatticeFaster():decoder-wrappers.cc:285) Log-like per frame for utterance M07UP26A0272I44 is -7.15271 over 298 frames.
M07UP27A0641I438 baliiyaa 
LOG (gmm-latgen-faster:DecodeUtteranceLatticeFaster():decoder-wrappers.cc:285) Log-like per frame for utterance M07UP27A0641I438 is -8.03824 over 298 frames.
M07UP27A0647I41 phateehapura 
LOG (gmm-latgen-faster:DecodeUtteranceLatticeFaster():decoder-wrappers.cc:285) Log-like per frame for utterance M07UP27A0647I41 is -7.97114 over 298 frames.
M07UP27A0647I43 koushaamabii 
LOG (gmm-latgen-faster:DecodeUtteranceLatticeFaster():decoder-wrappers.cc:285) Log-like per frame for utterance M07UP27A0647I43 is -8.17121 over 298 frames.
M07UP27A0657I303 koushaamabii 
LOG (gmm-latgen-faster:DecodeUtteranceLatticeFaster():decoder-wrappers.cc:285) Log-like per frame for utterance M07UP27A0657I303 is -8.24848 over 498 frames.
M07UP28A0216I301 mauu 
LOG (gmm-latgen-faster:DecodeUtteranceLatticeFaster():decoder-wrappers.cc:285) Log-like per frame for utterance M07UP28A0216I301 is -8.52663 over 498 frames.
M07UP28A0218I300 itxaawaa 
LOG (gmm-latgen-faster:DecodeUtteranceLatticeFaster():decoder-wrappers.cc:285) Log-like per frame for utterance M07UP28A0218I300 is -8.10328 over 498 frames.
M07UP28A0219I40 sikohaabaada 
LOG (gmm-latgen-faster:DecodeUtteranceLatticeFaster():decoder-wrappers.cc:285) Log-like per frame for utterance M07UP28A0219I40 is -8.08185 over 298 frames.
M07UP28A0219I505 kheira 
LOG (gmm-latgen-faster:DecodeUtteranceLatticeFaster():decoder-wrappers.cc:285) Log-like per frame for utterance M07UP28A0219I505 is -8.11761 over 300 frames.
M07UP28A0225I302 haatharasa 
LOG (gmm-latgen-faster:DecodeUtteranceLatticeFaster():decoder-wrappers.cc:285) Log-like per frame for utterance M07UP28A0225I302 is -8.51805 over 498 frames.
M07UP28A0225I40 aagaraa 
LOG (gmm-latgen-faster:DecodeUtteranceLatticeFaster():decoder-wrappers.cc:285) Log-like per frame for utterance M07UP28A0225I40 is -8.14137 over 298 frames.
M07UP28A0225I41 puuranpura 
LOG (gmm-latgen-faster:DecodeUtteranceLatticeFaster():decoder-wrappers.cc:285) Log-like per frame for utterance M07UP28A0225I41 is -9.39278 over 298 frames.
M07UP29A0506I301 baharaaica 
LOG (gmm-latgen-faster:DecodeUtteranceLatticeFaster():decoder-wrappers.cc:285) Log-like per frame for utterance M07UP29A0506I301 is -7.64016 over 498 frames.
M07UP29A0509I42 hamiirapura 
LOG (gmm-latgen-faster:DecodeUtteranceLatticeFaster():decoder-wrappers.cc:285) Log-like per frame for utterance M07UP29A0509I42 is -8.45578 over 298 frames.
M07UP29A0509I45 awaagadxhqa 
LOG (gmm-latgen-faster:DecodeUtteranceLatticeFaster():decoder-wrappers.cc:285) Log-like per frame for utterance M07UP29A0509I45 is -8.18945 over 298 frames.
M07UP29A0510I303 sikandraaraauu 
LOG (gmm-latgen-faster:DecodeUtteranceLatticeFaster():decoder-wrappers.cc:285) Log-like per frame for utterance M07UP29A0510I303 is -7.81301 over 500 frames.
M07UP29A0510I44 jaganeira 
LOG (gmm-latgen-faster:DecodeUtteranceLatticeFaster():decoder-wrappers.cc:285) Log-like per frame for utterance M07UP29A0510I44 is -7.6275 over 298 frames.
M07UP29A0511I301 partaawala 
LOG (gmm-latgen-faster:DecodeUtteranceLatticeFaster():decoder-wrappers.cc:285) Log-like per frame for utterance M07UP29A0511I301 is -8.1561 over 498 frames.
M07UP29A0511I42 goutamabuddhanagara 
LOG (gmm-latgen-faster:DecodeUtteranceLatticeFaster():decoder-wrappers.cc:285) Log-like per frame for utterance M07UP29A0511I42 is -8.64423 over 298 frames.
M07UP29A0513I44 siiraa 
LOG (gmm-latgen-faster:DecodeUtteranceLatticeFaster():decoder-wrappers.cc:285) Log-like per frame for utterance M07UP29A0513I44 is -8.07925 over 298 frames.
M07UP29A0514I41 aliigadxhqa 
LOG (gmm-latgen-faster:DecodeUtteranceLatticeFaster():decoder-wrappers.cc:285) Log-like per frame for utterance M07UP29A0514I41 is -8.35184 over 298 frames.
M07UP29A0516I41 tulsiipura 
LOG (gmm-latgen-faster:DecodeUtteranceLatticeFaster():decoder-wrappers.cc:285) Log-like per frame for utterance M07UP29A0516I41 is -8.92795 over 298 frames.
M07UP29A0517I303 bijanoura 
LOG (gmm-latgen-faster:DecodeUtteranceLatticeFaster():decoder-wrappers.cc:285) Log-like per frame for utterance M07UP29A0517I303 is -8.15981 over 498 frames.
M07UP29A0520I42 aliigadxhqa 
LOG (gmm-latgen-faster:DecodeUtteranceLatticeFaster():decoder-wrappers.cc:285) Log-like per frame for utterance M07UP29A0520I42 is -7.69588 over 298 frames.
M07UP29A0520I45 awaagadxhqa 
LOG (gmm-latgen-faster:DecodeUtteranceLatticeFaster():decoder-wrappers.cc:285) Log-like per frame for utterance M07UP29A0520I45 is -8.42962 over 298 frames.
M07UP29A0521I303 maadhawaganja 
LOG (gmm-latgen-faster:DecodeUtteranceLatticeFaster():decoder-wrappers.cc:285) Log-like per frame for utterance M07UP29A0521I303 is -7.89546 over 498 frames.
M07UP29A0521I47 sikandaraabaada 
LOG (gmm-latgen-faster:DecodeUtteranceLatticeFaster():decoder-wrappers.cc:285) Log-like per frame for utterance M07UP29A0521I47 is -7.67209 over 298 frames.
M07UP31A1290I43 sindhoulii 
LOG (gmm-latgen-faster:DecodeUtteranceLatticeFaster():decoder-wrappers.cc:285) Log-like per frame for utterance M07UP31A1290I43 is -7.97575 over 298 frames.
M07UP31A1291I42 baliiyaa 
LOG (gmm-latgen-faster:DecodeUtteranceLatticeFaster():decoder-wrappers.cc:285) Log-like per frame for utterance M07UP31A1291I42 is -8.20225 over 298 frames.
M07UP31A1292I301 aajamagadxhqa 
LOG (gmm-latgen-faster:DecodeUtteranceLatticeFaster():decoder-wrappers.cc:285) Log-like per frame for utterance M07UP31A1292I301 is -7.9498 over 498 frames.
M07UP31A1294I302 jangiipura 
LOG (gmm-latgen-faster:DecodeUtteranceLatticeFaster():decoder-wrappers.cc:285) Log-like per frame for utterance M07UP31A1294I302 is -7.79844 over 498 frames.
M07UP31A1294I43 candoulii 
LOG (gmm-latgen-faster:DecodeUtteranceLatticeFaster():decoder-wrappers.cc:285) Log-like per frame for utterance M07UP31A1294I43 is -8.36557 over 298 frames.
M07UP31A1296I500 moudahaa 
LOG (gmm-latgen-faster:DecodeUtteranceLatticeFaster():decoder-wrappers.cc:285) Log-like per frame for utterance M07UP31A1296I500 is -7.25192 over 498 frames.
M07UP31A1300I300 gaajiipura 
LOG (gmm-latgen-faster:DecodeUtteranceLatticeFaster():decoder-wrappers.cc:285) Log-like per frame for utterance M07UP31A1300I300 is -9.0941 over 498 frames.
M07UP31A1302I301 aajamagadxhqa 
LOG (gmm-latgen-faster:DecodeUtteranceLatticeFaster():decoder-wrappers.cc:285) Log-like per frame for utterance M07UP31A1302I301 is -8.02363 over 498 frames.
M07UP31A1306I302 jangiipura 
LOG (gmm-latgen-faster:DecodeUtteranceLatticeFaster():decoder-wrappers.cc:285) Log-like per frame for utterance M07UP31A1306I302 is -8.23431 over 498 frames.
M07UP31A1306I303 kishanapura 
LOG (gmm-latgen-faster:DecodeUtteranceLatticeFaster():decoder-wrappers.cc:285) Log-like per frame for utterance M07UP31A1306I303 is -9.23749 over 498 frames.
M07UP31A1306I43 candoulii 
LOG (gmm-latgen-faster:DecodeUtteranceLatticeFaster():decoder-wrappers.cc:285) Log-like per frame for utterance M07UP31A1306I43 is -7.59293 over 298 frames.
M07UP31A1307I430 baliiyaa 
LOG (gmm-latgen-faster:DecodeUtteranceLatticeFaster():decoder-wrappers.cc:285) Log-like per frame for utterance M07UP31A1307I430 is -8.26076 over 298 frames.
M07UP31A1308I435 baliiyaa 
LOG (gmm-latgen-faster:DecodeUtteranceLatticeFaster():decoder-wrappers.cc:285) Log-like per frame for utterance M07UP31A1308I435 is -8.13845 over 298 frames.
M07UP31A1309I44 beewara 
LOG (gmm-latgen-faster:DecodeUtteranceLatticeFaster():decoder-wrappers.cc:285) Log-like per frame for utterance M07UP31A1309I44 is -9.1594 over 298 frames.
M07UP31A1310I45 gaajiipura 
LOG (gmm-latgen-faster:DecodeUtteranceLatticeFaster():decoder-wrappers.cc:285) Log-like per frame for utterance M07UP31A1310I45 is -8.72749 over 298 frames.
M07UP34A0551I43 kaanapuradeehaata 
LOG (gmm-latgen-faster:DecodeUtteranceLatticeFaster():decoder-wrappers.cc:285) Log-like per frame for utterance M07UP34A0551I43 is -8.80126 over 300 frames.
M07UP34A0554I301 jaalouna 
LOG (gmm-latgen-faster:DecodeUtteranceLatticeFaster():decoder-wrappers.cc:285) Log-like per frame for utterance M07UP34A0554I301 is -7.94663 over 498 frames.
M07UP34A0555I300 phateehapurasiikarii 
LOG (gmm-latgen-faster:DecodeUtteranceLatticeFaster():decoder-wrappers.cc:285) Log-like per frame for utterance M07UP34A0555I300 is -9.08369 over 498 frames.
M07UP34A0558I42 baangaramauu 
LOG (gmm-latgen-faster:DecodeUtteranceLatticeFaster():decoder-wrappers.cc:285) Log-like per frame for utterance M07UP34A0558I42 is -8.55893 over 298 frames.
M07UP34A0559I303 uraii 
LOG (gmm-latgen-faster:DecodeUtteranceLatticeFaster():decoder-wrappers.cc:285) Log-like per frame for utterance M07UP34A0559I303 is -8.21181 over 498 frames.
M07UP34A0559I44 phateehapura 
LOG (gmm-latgen-faster:DecodeUtteranceLatticeFaster():decoder-wrappers.cc:285) Log-like per frame for utterance M07UP34A0559I44 is -8.19061 over 298 frames.
M07UP34A0561I300 jangiipura 
LOG (gmm-latgen-faster:DecodeUtteranceLatticeFaster():decoder-wrappers.cc:285) Log-like per frame for utterance M07UP34A0561I300 is -9.01927 over 498 frames.
M07UP34A0563I303 raatxha 
LOG (gmm-latgen-faster:DecodeUtteranceLatticeFaster():decoder-wrappers.cc:285) Log-like per frame for utterance M07UP34A0563I303 is -7.78625 over 498 frames.
M07UP34A0564I43 citrakuutxa 
LOG (gmm-latgen-faster:DecodeUtteranceLatticeFaster():decoder-wrappers.cc:285) Log-like per frame for utterance M07UP34A0564I43 is -8.13606 over 298 frames.
M07UP34A0566I301 hamiirapura 
LOG (gmm-latgen-faster:DecodeUtteranceLatticeFaster():decoder-wrappers.cc:285) Log-like per frame for utterance M07UP34A0566I301 is -7.64516 over 498 frames.
M07UP35A0443I41 amarohaa 
LOG (gmm-latgen-faster:DecodeUtteranceLatticeFaster():decoder-wrappers.cc:285) Log-like per frame for utterance M07UP35A0443I41 is -8.48949 over 298 frames.
M07UP35A0446I301 phirojaabaada 
LOG (gmm-latgen-faster:DecodeUtteranceLatticeFaster():decoder-wrappers.cc:285) Log-like per frame for utterance M07UP35A0446I301 is -8.34153 over 498 frames.
M07UP35A0448I301 bharawaarii 
LOG (gmm-latgen-faster:DecodeUtteranceLatticeFaster():decoder-wrappers.cc:285) Log-like per frame for utterance M07UP35A0448I301 is -7.58648 over 498 frames.
M07UP35A0450I301 anuupashahara 
LOG (gmm-latgen-faster:DecodeUtteranceLatticeFaster():decoder-wrappers.cc:285) Log-like per frame for utterance M07UP35A0450I301 is -8.96552 over 498 frames.
M07UP35A0452I303 haapudxqa 
LOG (gmm-latgen-faster:DecodeUtteranceLatticeFaster():decoder-wrappers.cc:285) Log-like per frame for utterance M07UP35A0452I303 is -7.64969 over 498 frames.
M07UP35A0455I303 haapudxqa 
LOG (gmm-latgen-faster:DecodeUtteranceLatticeFaster():decoder-wrappers.cc:285) Log-like per frame for utterance M07UP35A0455I303 is -7.58245 over 498 frames.
M07UP35A0455I426 ghiroura 
LOG (gmm-latgen-faster:DecodeUtteranceLatticeFaster():decoder-wrappers.cc:285) Log-like per frame for utterance M07UP35A0455I426 is -8.65123 over 298 frames.
M07UP35A0456I43 baagapata 
LOG (gmm-latgen-faster:DecodeUtteranceLatticeFaster():decoder-wrappers.cc:285) Log-like per frame for utterance M07UP35A0456I43 is -8.22821 over 298 frames.
M07UP35A0457I41 kaanapura 
LOG (gmm-latgen-faster:DecodeUtteranceLatticeFaster():decoder-wrappers.cc:285) Log-like per frame for utterance M07UP35A0457I41 is -8.72239 over 298 frames.
M07UP35A0459I303 haapudxqa 
LOG (gmm-latgen-faster:DecodeUtteranceLatticeFaster():decoder-wrappers.cc:285) Log-like per frame for utterance M07UP35A0459I303 is -7.85852 over 498 frames.
M07UP36A0825I301 lakhanauu 
LOG (gmm-latgen-faster:DecodeUtteranceLatticeFaster():decoder-wrappers.cc:285) Log-like per frame for utterance M07UP36A0825I301 is -8.23958 over 498 frames.
M07UP36A0825I40 dhanoura 
LOG (gmm-latgen-faster:DecodeUtteranceLatticeFaster():decoder-wrappers.cc:285) Log-like per frame for utterance M07UP36A0825I40 is -8.02386 over 298 frames.
M07UP36A0827I300 hardoii 
LOG (gmm-latgen-faster:DecodeUtteranceLatticeFaster():decoder-wrappers.cc:285) Log-like per frame for utterance M07UP36A0827I300 is -7.43187 over 498 frames.
M07UP36A0829I302 sandxiilaa 
LOG (gmm-latgen-faster:DecodeUtteranceLatticeFaster():decoder-wrappers.cc:285) Log-like per frame for utterance M07UP36A0829I302 is -8.16144 over 498 frames.
M07UP36A0832I302 sandxiilaa 
LOG (gmm-latgen-faster:DecodeUtteranceLatticeFaster():decoder-wrappers.cc:285) Log-like per frame for utterance M07UP36A0832I302 is -8.3379 over 498 frames.
M07UP36A0840I41 baaraabankii 
LOG (gmm-latgen-faster:DecodeUtteranceLatticeFaster():decoder-wrappers.cc:285) Log-like per frame for utterance M07UP36A0840I41 is -7.62149 over 298 frames.
M07UP37A0301I42 badaayuun 
LOG (gmm-latgen-faster:DecodeUtteranceLatticeFaster():decoder-wrappers.cc:285) Log-like per frame for utterance M07UP37A0301I42 is -7.15887 over 298 frames.
M07UP37A0302I45 haatharasa 
LOG (gmm-latgen-faster:DecodeUtteranceLatticeFaster():decoder-wrappers.cc:285) Log-like per frame for utterance M07UP37A0302I45 is -8.97265 over 298 frames.
M07UP37A0306I47 thaanaabhawana 
LOG (gmm-latgen-faster:DecodeUtteranceLatticeFaster():decoder-wrappers.cc:285) Log-like per frame for utterance M07UP37A0306I47 is -8.99135 over 298 frames.
M07UP37A0307I303 haatharasa 
LOG (gmm-latgen-faster:DecodeUtteranceLatticeFaster():decoder-wrappers.cc:285) Log-like per frame for utterance M07UP37A0307I303 is -8.55324 over 498 frames.
M07UP37A0309I40 puurwaa 
LOG (gmm-latgen-faster:DecodeUtteranceLatticeFaster():decoder-wrappers.cc:285) Log-like per frame for utterance M07UP37A0309I40 is -9.35515 over 298 frames.
M07UP37A0309I44 kaasaganja 
LOG (gmm-latgen-faster:DecodeUtteranceLatticeFaster():decoder-wrappers.cc:285) Log-like per frame for utterance M07UP37A0309I44 is -8.88934 over 300 frames.
M07UP37A0311I43 aliigadxhqa 
LOG (gmm-latgen-faster:DecodeUtteranceLatticeFaster():decoder-wrappers.cc:285) Log-like per frame for utterance M07UP37A0311I43 is -8.192 over 298 frames.
M07UP37A0311I44 awaagadxhqa 
LOG (gmm-latgen-faster:DecodeUtteranceLatticeFaster():decoder-wrappers.cc:285) Log-like per frame for utterance M07UP37A0311I44 is -8.05028 over 298 frames.
M07UP37A0311I48 aagaraa 
LOG (gmm-latgen-faster:DecodeUtteranceLatticeFaster():decoder-wrappers.cc:285) Log-like per frame for utterance M07UP37A0311I48 is -7.37502 over 300 frames.
M07UP37A0313I427 koshiikalaan 
LOG (gmm-latgen-faster:DecodeUtteranceLatticeFaster():decoder-wrappers.cc:285) Log-like per frame for utterance M07UP37A0313I427 is -8.22603 over 298 frames.
M07UP37A0314I300 phateehapurasiikarii 
LOG (gmm-latgen-faster:DecodeUtteranceLatticeFaster():decoder-wrappers.cc:285) Log-like per frame for utterance M07UP37A0314I300 is -8.76947 over 498 frames.
M07UP37A0316I305 haapudxqa 
LOG (gmm-latgen-faster:DecodeUtteranceLatticeFaster():decoder-wrappers.cc:285) Log-like per frame for utterance M07UP37A0316I305 is -9.04332 over 498 frames.
M07UP37A0317I47 pharrukhaabaada 
LOG (gmm-latgen-faster:DecodeUtteranceLatticeFaster():decoder-wrappers.cc:285) Log-like per frame for utterance M07UP37A0317I47 is -7.96364 over 298 frames.
M07UP37A0317I48 jeewara 
LOG (gmm-latgen-faster:DecodeUtteranceLatticeFaster():decoder-wrappers.cc:285) Log-like per frame for utterance M07UP37A0317I48 is -9.07575 over 298 frames.
M07UP37A0319I301 daadarii 
LOG (gmm-latgen-faster:DecodeUtteranceLatticeFaster():decoder-wrappers.cc:285) Log-like per frame for utterance M07UP37A0319I301 is -9.04311 over 498 frames.
M07UP38A0103I43 baruaasaagara 
LOG (gmm-latgen-faster:DecodeUtteranceLatticeFaster():decoder-wrappers.cc:285) Log-like per frame for utterance M07UP38A0103I43 is -8.12814 over 298 frames.
M07UP38A0107I43 raatxha 
LOG (gmm-latgen-faster:DecodeUtteranceLatticeFaster():decoder-wrappers.cc:285) Log-like per frame for utterance M07UP38A0107I43 is -8.27887 over 298 frames.
M07UP39A0774I301 waaraanxasxii 
LOG (gmm-latgen-faster:DecodeUtteranceLatticeFaster():decoder-wrappers.cc:285) Log-like per frame for utterance M07UP39A0774I301 is -7.61848 over 498 frames.
M07UP39A0776I302 laalaganja 
LOG (gmm-latgen-faster:DecodeUtteranceLatticeFaster():decoder-wrappers.cc:285) Log-like per frame for utterance M07UP39A0776I302 is -7.48891 over 498 frames.
M07UP39A0777I300 jounapura 
LOG (gmm-latgen-faster:DecodeUtteranceLatticeFaster():decoder-wrappers.cc:285) Log-like per frame for utterance M07UP39A0777I300 is -7.91658 over 498 frames.
M07UP39A0777I423 gopiiganja 
LOG (gmm-latgen-faster:DecodeUtteranceLatticeFaster():decoder-wrappers.cc:285) Log-like per frame for utterance M07UP39A0777I423 is -7.50659 over 298 frames.
M07UP39A0778I303 jaraara 
LOG (gmm-latgen-faster:DecodeUtteranceLatticeFaster():decoder-wrappers.cc:285) Log-like per frame for utterance M07UP39A0778I303 is -8.30843 over 498 frames.
M07UP39A0781I501 uraii 
LOG (gmm-latgen-faster:DecodeUtteranceLatticeFaster():decoder-wrappers.cc:285) Log-like per frame for utterance M07UP39A0781I501 is -8.02113 over 398 frames.
M07UP41A0273I301 danakoura 
LOG (gmm-latgen-faster:DecodeUtteranceLatticeFaster():decoder-wrappers.cc:285) Log-like per frame for utterance M07UP41A0273I301 is -9.33135 over 498 frames.
M07UP41A0273I47 gangoha 
LOG (gmm-latgen-faster:DecodeUtteranceLatticeFaster():decoder-wrappers.cc:285) Log-like per frame for utterance M07UP41A0273I47 is -8.39297 over 298 frames.
M07UP41A0275I300 khatoulii 
LOG (gmm-latgen-faster:DecodeUtteranceLatticeFaster():decoder-wrappers.cc:285) Log-like per frame for utterance M07UP41A0275I300 is -7.62291 over 498 frames.
M07UP41A0277I300 akbarapura 
LOG (gmm-latgen-faster:DecodeUtteranceLatticeFaster():decoder-wrappers.cc:285) Log-like per frame for utterance M07UP41A0277I300 is -8.36293 over 498 frames.
M07UP41A0277I43 baaraabankii 
LOG (gmm-latgen-faster:DecodeUtteranceLatticeFaster():decoder-wrappers.cc:285) Log-like per frame for utterance M07UP41A0277I43 is -8.78591 over 298 frames.
M07UP41A0279I301 pharrukhaabaada 
LOG (gmm-latgen-faster:DecodeUtteranceLatticeFaster():decoder-wrappers.cc:285) Log-like per frame for utterance M07UP41A0279I301 is -8.29576 over 498 frames.
M07UP41A0279I302 dhanoura 
LOG (gmm-latgen-faster:DecodeUtteranceLatticeFaster():decoder-wrappers.cc:285) Log-like per frame for utterance M07UP41A0279I302 is -8.07578 over 498 frames.
M07UP41A0279I47 dxibiyaapura 
LOG (gmm-latgen-faster:DecodeUtteranceLatticeFaster():decoder-wrappers.cc:285) Log-like per frame for utterance M07UP41A0279I47 is -9.01313 over 298 frames.
M07UP41A0280I42 beewara 
LOG (gmm-latgen-faster:DecodeUtteranceLatticeFaster():decoder-wrappers.cc:285) Log-like per frame for utterance M07UP41A0280I42 is -8.13967 over 298 frames.
M07UP41A0280I45 phateehapurasiikarii 
LOG (gmm-latgen-faster:DecodeUtteranceLatticeFaster():decoder-wrappers.cc:285) Log-like per frame for utterance M07UP41A0280I45 is -8.93165 over 298 frames.
M07UP41A0283I48 itxaawaa 
LOG (gmm-latgen-faster:DecodeUtteranceLatticeFaster():decoder-wrappers.cc:285) Log-like per frame for utterance M07UP41A0283I48 is -7.41117 over 298 frames.
M07UP41A0289I303 candousii 
LOG (gmm-latgen-faster:DecodeUtteranceLatticeFaster():decoder-wrappers.cc:285) Log-like per frame for utterance M07UP41A0289I303 is -8.20436 over 498 frames.
M07UP41A0289I44 beewara 
LOG (gmm-latgen-faster:DecodeUtteranceLatticeFaster():decoder-wrappers.cc:285) Log-like per frame for utterance M07UP41A0289I44 is -7.83089 over 300 frames.
M07UP41A0290I47 sindhoulii 
LOG (gmm-latgen-faster:DecodeUtteranceLatticeFaster():decoder-wrappers.cc:285) Log-like per frame for utterance M07UP41A0290I47 is -7.99869 over 298 frames.
M07UP41A0291I43 kamalaaganja 
LOG (gmm-latgen-faster:DecodeUtteranceLatticeFaster():decoder-wrappers.cc:285) Log-like per frame for utterance M07UP41A0291I43 is -7.60867 over 298 frames.
M07UP41A0291I46 pharrukhaabaada 
LOG (gmm-latgen-faster:DecodeUtteranceLatticeFaster():decoder-wrappers.cc:285) Log-like per frame for utterance M07UP41A0291I46 is -7.88226 over 298 frames.
M07UP42A0111I46 kannouja 
LOG (gmm-latgen-faster:DecodeUtteranceLatticeFaster():decoder-wrappers.cc:285) Log-like per frame for utterance M07UP42A0111I46 is -7.83436 over 298 frames.
M07UP42A0116I430 aliigadxhqa 
LOG (gmm-latgen-faster:DecodeUtteranceLatticeFaster():decoder-wrappers.cc:285) Log-like per frame for utterance M07UP42A0116I430 is -8.59744 over 298 frames.
M07UP42A0117I419 puwaahaa 
LOG (gmm-latgen-faster:DecodeUtteranceLatticeFaster():decoder-wrappers.cc:285) Log-like per frame for utterance M07UP42A0117I419 is -8.04691 over 298 frames.
M07UP42A0117I423 dxibiyaapura 
LOG (gmm-latgen-faster:DecodeUtteranceLatticeFaster():decoder-wrappers.cc:285) Log-like per frame for utterance M07UP42A0117I423 is -8.58569 over 298 frames.
M07UP42A0119I300 kaanapuradeehaata 
LOG (gmm-latgen-faster:DecodeUtteranceLatticeFaster():decoder-wrappers.cc:285) Log-like per frame for utterance M07UP42A0119I300 is -8.61935 over 498 frames.
M07UP42A0119I46 kannouja 
LOG (gmm-latgen-faster:DecodeUtteranceLatticeFaster():decoder-wrappers.cc:285) Log-like per frame for utterance M07UP42A0119I46 is -8.77135 over 298 frames.
M07UP42A0120I418 dudhii 
LOG (gmm-latgen-faster:DecodeUtteranceLatticeFaster():decoder-wrappers.cc:285) Log-like per frame for utterance M07UP42A0120I418 is -8.18423 over 298 frames.
M07UP42A0120I424 uttariipuraa 
LOG (gmm-latgen-faster:DecodeUtteranceLatticeFaster():decoder-wrappers.cc:285) Log-like per frame for utterance M07UP42A0120I424 is -8.26816 over 298 frames.
M07UP42A0120I429 maadhougadxhqa 
LOG (gmm-latgen-faster:DecodeUtteranceLatticeFaster():decoder-wrappers.cc:285) Log-like per frame for utterance M07UP42A0120I429 is -8.58213 over 298 frames.
LOG (apply-cmvn:main():apply-cmvn.cc:146) Applied cepstral mean normalization to 185 utterances, errors on 0
M07UP42A0122I302 pukharaanyaan 
LOG (gmm-latgen-faster:DecodeUtteranceLatticeFaster():decoder-wrappers.cc:285) Log-like per frame for utterance M07UP42A0122I302 is -8.44956 over 498 frames.
M07UP42A0122I424 wariipaala 
LOG (gmm-latgen-faster:DecodeUtteranceLatticeFaster():decoder-wrappers.cc:285) Log-like per frame for utterance M07UP42A0122I424 is -8.75398 over 298 frames.
M07UP42A0122I46 hamiirapura 
LOG (gmm-latgen-faster:DecodeUtteranceLatticeFaster():decoder-wrappers.cc:285) Log-like per frame for utterance M07UP42A0122I46 is -8.55729 over 298 frames.
M07UP42A0123I42 jaalouna 
LOG (gmm-latgen-faster:DecodeUtteranceLatticeFaster():decoder-wrappers.cc:285) Log-like per frame for utterance M07UP42A0123I42 is -8.52801 over 298 frames.
M07UP42A0123I424 dxibiyaapura 
LOG (gmm-latgen-faster:DecodeUtteranceLatticeFaster():decoder-wrappers.cc:285) Log-like per frame for utterance M07UP42A0123I424 is -8.84639 over 298 frames.
M07UP42A0124I45 kannouja 
LOG (gmm-latgen-faster:DecodeUtteranceLatticeFaster():decoder-wrappers.cc:285) Log-like per frame for utterance M07UP42A0124I45 is -8.16066 over 298 frames.
LOG (gmm-latgen-faster:main():gmm-latgen-faster.cc:175) Time taken 145.724s: real-time factor assuming 100 frames/sec is 0.208326
LOG (gmm-latgen-faster:main():gmm-latgen-faster.cc:178) Done 185 utterances, failed for 0
LOG (gmm-latgen-faster:main():gmm-latgen-faster.cc:180) Overall log-likelihood per frame is -8.24256 over 69950 frames.
# Accounting: time=146 threads=1
# Ended (code 0) at Thu Jul 21 14:19:19 IST 2016, elapsed time 146 seconds
