# lattice-scale --inv-acoustic-scale=17 "ark:gunzip -c exp/tri2_1600_25600/decode/lat.*.gz|" ark:- | lattice-add-penalty --word-ins-penalty=0.0 ark:- ark:- | lattice-best-path --word-symbol-table=exp/tri2_1600_25600/graph/words.txt ark:- ark,t:- | utils/int2sym.pl -f 2- exp/tri2_1600_25600/graph/words.txt | cat > exp/tri2_1600_25600/decode/scoring_kaldi/penalty_0.0/17.txt 
# Started at Thu Jul 21 15:06:44 IST 2016
#
lattice-scale --inv-acoustic-scale=17 'ark:gunzip -c exp/tri2_1600_25600/decode/lat.*.gz|' ark:- 
lattice-add-penalty --word-ins-penalty=0.0 ark:- ark:- 
lattice-best-path --word-symbol-table=exp/tri2_1600_25600/graph/words.txt ark:- ark,t:- 
LOG (lattice-best-path:main():lattice-best-path.cc:99) For utterance F07UP02A0332I42, best cost 16.7383 + 927.531 = 944.269 over 300 frames.
F07UP02A0332I42 haan 
LOG (lattice-best-path:main():lattice-best-path.cc:99) For utterance F07UP02A0332I43, best cost 14.6929 + 843.977 = 858.67 over 298 frames.
F07UP02A0332I43 haan 
LOG (lattice-best-path:main():lattice-best-path.cc:99) For utterance F07UP06A0432I42, best cost 20.6171 + 712.324 = 732.941 over 300 frames.
F07UP06A0432I42 haan 
LOG (lattice-best-path:main():lattice-best-path.cc:99) For utterance F07UP07A0094I427, best cost 13.3406 + 801.234 = 814.575 over 298 frames.
F07UP07A0094I427 nahiin 
LOG (lattice-best-path:main():lattice-best-path.cc:99) For utterance F07UP07A0096I44, best cost 20.7103 + 956.087 = 976.798 over 298 frames.
F07UP07A0096I44 haan 
LOG (lattice-best-path:main():lattice-best-path.cc:99) For utterance F07UP09A0491I46, best cost 10.9913 + 966.552 = 977.544 over 298 frames.
F07UP09A0491I46 haan 
LOG (lattice-best-path:main():lattice-best-path.cc:99) For utterance F07UP11A1331I301, best cost 12.1484 + 1215.1 = 1227.24 over 498 frames.
F07UP11A1331I301 nahiin 
LOG (lattice-best-path:main():lattice-best-path.cc:99) For utterance F07UP19A0344I46, best cost 17.9987 + 733.441 = 751.439 over 298 frames.
F07UP19A0344I46 haan 
LOG (lattice-best-path:main():lattice-best-path.cc:99) For utterance F07UP21A0612I41, best cost 13.2761 + 803.005 = 816.281 over 298 frames.
F07UP21A0612I41 haan 
LOG (lattice-best-path:main():lattice-best-path.cc:99) For utterance F07UP22A1336I429, best cost 12.6603 + 870.188 = 882.849 over 298 frames.
F07UP22A1336I429 nahiin 
LOG (lattice-best-path:main():lattice-best-path.cc:99) For utterance F07UP22A1336I501, best cost 15.9633 + 1055.88 = 1071.84 over 398 frames.
F07UP22A1336I501 nahiin 
LOG (lattice-best-path:main():lattice-best-path.cc:99) For utterance F07UP22A1343I301, best cost 13.1613 + 1227.79 = 1240.95 over 498 frames.
F07UP22A1343I301 nahiin 
LOG (lattice-best-path:main():lattice-best-path.cc:99) For utterance F07UP22A1343I47, best cost 16.1181 + 976.56 = 992.678 over 298 frames.
F07UP22A1343I47 nahiin 
LOG (lattice-best-path:main():lattice-best-path.cc:99) For utterance F07UP22A1345I47, best cost 13.7383 + 749.811 = 763.549 over 298 frames.
F07UP22A1345I47 haan 
LOG (lattice-best-path:main():lattice-best-path.cc:99) For utterance F07UP22A1346I435, best cost 18.2018 + 972.37 = 990.572 over 300 frames.
F07UP22A1346I435 nahiin 
LOG (lattice-best-path:main():lattice-best-path.cc:99) For utterance F07UP23A0248I41, best cost 13.4594 + 1079.09 = 1092.55 over 298 frames.
F07UP23A0248I41 nahiin 
LOG (lattice-best-path:main():lattice-best-path.cc:99) For utterance F07UP24A0182I302, best cost 18.1998 + 1593.18 = 1611.38 over 498 frames.
F07UP24A0182I302 haan 
LOG (lattice-best-path:main():lattice-best-path.cc:99) For utterance F07UP24A0182I41, best cost 11.7594 + 1021.73 = 1033.49 over 298 frames.
F07UP24A0182I41 nahiin 
LOG (lattice-best-path:main():lattice-best-path.cc:99) For utterance F07UP24A0183I302, best cost 12.8824 + 1760.28 = 1773.17 over 498 frames.
F07UP24A0183I302 haan 
LOG (lattice-best-path:main():lattice-best-path.cc:99) For utterance F07UP24A0183I47, best cost 13.4234 + 949.542 = 962.965 over 298 frames.
F07UP24A0183I47 haan 
LOG (lattice-best-path:main():lattice-best-path.cc:99) For utterance F07UP25A1212I41, best cost 10.6811 + 1057.94 = 1068.62 over 298 frames.
F07UP25A1212I41 haan 
LOG (lattice-best-path:main():lattice-best-path.cc:99) For utterance F07UP25A1215I42, best cost 14.9412 + 962.385 = 977.326 over 298 frames.
F07UP25A1215I42 haan 
LOG (lattice-best-path:main():lattice-best-path.cc:99) For utterance F07UP26A0256I43, best cost 17.0929 + 951.135 = 968.228 over 298 frames.
F07UP26A0256I43 nahiin 
LOG (lattice-best-path:main():lattice-best-path.cc:99) For utterance F07UP28A0226I300, best cost 17.0961 + 1737 = 1754.09 over 498 frames.
F07UP28A0226I300 nahiin 
LOG (lattice-best-path:main():lattice-best-path.cc:99) For utterance F07UP28A0226I45, best cost 11.5424 + 1017.37 = 1028.91 over 298 frames.
F07UP28A0226I45 nahiin 
LOG (lattice-best-path:main():lattice-best-path.cc:99) For utterance F07UP28A0227I301, best cost 18.8711 + 1694.04 = 1712.91 over 498 frames.
F07UP28A0227I301 nahiin 
LOG (lattice-best-path:main():lattice-best-path.cc:99) For utterance F07UP28A0228I303, best cost 13.8502 + 1812.13 = 1825.98 over 498 frames.
F07UP28A0228I303 haan 
LOG (lattice-best-path:main():lattice-best-path.cc:99) For utterance F07UP29A0523I41, best cost 16.7812 + 855.335 = 872.116 over 298 frames.
F07UP29A0523I41 nahiin 
LOG (lattice-best-path:main():lattice-best-path.cc:99) For utterance F07UP29A0523I44, best cost 14.8714 + 786.734 = 801.605 over 298 frames.
F07UP29A0523I44 haan 
LOG (lattice-best-path:main():lattice-best-path.cc:99) For utterance F07UP31A1293I42, best cost 14.5875 + 1027.79 = 1042.37 over 298 frames.
F07UP31A1293I42 nahiin 
LOG (lattice-best-path:main():lattice-best-path.cc:99) For utterance F07UP34A0567I44, best cost 14.7591 + 878.409 = 893.168 over 300 frames.
F07UP34A0567I44 haan 
LOG (lattice-best-path:main():lattice-best-path.cc:99) For utterance F07UP35A0453I300, best cost 23.4106 + 1275.98 = 1299.39 over 498 frames.
F07UP35A0453I300 haan 
LOG (lattice-best-path:main():lattice-best-path.cc:99) For utterance F07UP37A0304I300, best cost 17.8483 + 1250.08 = 1267.93 over 498 frames.
F07UP37A0304I300 nahiin 
LOG (lattice-best-path:main():lattice-best-path.cc:99) For utterance F07UP38A0101I41, best cost 10.9887 + 952.154 = 963.143 over 298 frames.
F07UP38A0101I41 haan 
LOG (lattice-best-path:main():lattice-best-path.cc:99) For utterance F07UP41A0286I40, best cost 10.8118 + 683.114 = 693.925 over 298 frames.
F07UP41A0286I40 nahiin 
LOG (lattice-best-path:main():lattice-best-path.cc:99) For utterance F07UP41A0286I42, best cost 8.13655 + 596.704 = 604.841 over 298 frames.
F07UP41A0286I42 nahiin 
LOG (lattice-best-path:main():lattice-best-path.cc:99) For utterance F07UP52A0208I44, best cost 11.3701 + 988.7 = 1000.07 over 298 frames.
F07UP52A0208I44 nahiin 
LOG (lattice-best-path:main():lattice-best-path.cc:99) For utterance F07UP54A1284I430, best cost 12.524 + 831.756 = 844.28 over 298 frames.
F07UP54A1284I430 nahiin 
LOG (lattice-best-path:main():lattice-best-path.cc:99) For utterance F07UP57A0408I41, best cost 12.9032 + 993.161 = 1006.06 over 298 frames.
F07UP57A0408I41 nahiin 
LOG (lattice-best-path:main():lattice-best-path.cc:99) For utterance F07UP60A0943I300, best cost 16.9491 + 1690.63 = 1707.58 over 498 frames.
F07UP60A0943I300 nahiin 
LOG (lattice-best-path:main():lattice-best-path.cc:99) For utterance F07UP60A0944I303, best cost 14.9678 + 1167.35 = 1182.32 over 498 frames.
F07UP60A0944I303 haan 
LOG (lattice-best-path:main():lattice-best-path.cc:99) For utterance F07UP60A0949I300, best cost 23.5461 + 1357.6 = 1381.15 over 498 frames.
F07UP60A0949I300 nahiin 
LOG (lattice-best-path:main():lattice-best-path.cc:99) For utterance F07UP60A0949I302, best cost 24.87 + 1197.87 = 1222.74 over 498 frames.
F07UP60A0949I302 nahiin 
LOG (lattice-best-path:main():lattice-best-path.cc:99) For utterance F07UP60A0949I303, best cost 21.6267 + 1194.72 = 1216.35 over 498 frames.
F07UP60A0949I303 haan 
LOG (lattice-best-path:main():lattice-best-path.cc:99) For utterance F07UP60A0953I41, best cost 15.294 + 759.427 = 774.721 over 298 frames.
F07UP60A0953I41 nahiin 
LOG (lattice-best-path:main():lattice-best-path.cc:99) For utterance F07UP60A0962I427, best cost 19.5519 + 892.173 = 911.725 over 298 frames.
F07UP60A0962I427 haan 
LOG (lattice-best-path:main():lattice-best-path.cc:99) For utterance F07UP60A0963I46, best cost 22.8713 + 987.346 = 1010.22 over 298 frames.
F07UP60A0963I46 haan 
LOG (lattice-best-path:main():lattice-best-path.cc:99) For utterance F07UP64A0395I300, best cost 19.6141 + 1366.2 = 1385.81 over 498 frames.
F07UP64A0395I300 nahiin 
LOG (lattice-best-path:main():lattice-best-path.cc:99) For utterance F07UP64A0397I301, best cost 15.7055 + 1621.51 = 1637.21 over 498 frames.
F07UP64A0397I301 nahiin 
LOG (lattice-best-path:main():lattice-best-path.cc:99) For utterance F07UP64A0402I41, best cost 19.3557 + 823.692 = 843.047 over 298 frames.
F07UP64A0402I41 haan 
LOG (lattice-best-path:main():lattice-best-path.cc:99) For utterance F07UP72A0728I300, best cost 17.6616 + 1589.78 = 1607.44 over 498 frames.
F07UP72A0728I300 haan 
LOG (lattice-best-path:main():lattice-best-path.cc:99) For utterance F07UP75A0756I300, best cost 27.4299 + 1351.48 = 1378.91 over 498 frames.
F07UP75A0756I300 nahiin 
LOG (lattice-best-path:main():lattice-best-path.cc:99) For utterance F07UP75A0763I435, best cost 12.0146 + 744.942 = 756.956 over 300 frames.
F07UP75A0763I435 nahiin 
LOG (lattice-best-path:main():lattice-best-path.cc:99) For utterance M07UP01A0057I427, best cost 17.2025 + 1072.28 = 1089.48 over 298 frames.
M07UP01A0057I427 haan 
LOG (lattice-best-path:main():lattice-best-path.cc:99) For utterance M07UP01A0062I412, best cost 11.4986 + 975.94 = 987.438 over 298 frames.
M07UP01A0062I412 haan 
LOG (lattice-best-path:main():lattice-best-path.cc:99) For utterance M07UP01A0062I45, best cost 15.5634 + 822.783 = 838.346 over 300 frames.
M07UP01A0062I45 nahiin 
LOG (lattice-best-path:main():lattice-best-path.cc:99) For utterance M07UP01A0063I43, best cost 12.8164 + 1041.7 = 1054.51 over 298 frames.
M07UP01A0063I43 nahiin 
LOG (lattice-best-path:main():lattice-best-path.cc:99) For utterance M07UP01A0069I413, best cost 12.1606 + 882.879 = 895.039 over 298 frames.
M07UP01A0069I413 haan 
LOG (lattice-best-path:main():lattice-best-path.cc:99) For utterance M07UP01A0160I420, best cost 11.4261 + 902.013 = 913.439 over 298 frames.
M07UP01A0160I420 nahiin 
LOG (lattice-best-path:main():lattice-best-path.cc:99) For utterance M07UP01A0160I430, best cost 13.0331 + 943.971 = 957.004 over 298 frames.
M07UP01A0160I430 nahiin 
LOG (lattice-best-path:main():lattice-best-path.cc:99) For utterance M07UP01A0160I47, best cost 15.5033 + 990.862 = 1006.37 over 298 frames.
M07UP01A0160I47 haan 
LOG (lattice-best-path:main():lattice-best-path.cc:99) For utterance M07UP02A0321I47, best cost 13.4144 + 864.308 = 877.723 over 300 frames.
M07UP02A0321I47 nahiin 
LOG (lattice-best-path:main():lattice-best-path.cc:99) For utterance M07UP02A0323I300, best cost 11.5857 + 1329.95 = 1341.54 over 498 frames.
M07UP02A0323I300 nahiin 
LOG (lattice-best-path:main():lattice-best-path.cc:99) For utterance M07UP02A0325I43, best cost 14.1024 + 1011.04 = 1025.14 over 298 frames.
M07UP02A0325I43 nahiin 
LOG (lattice-best-path:main():lattice-best-path.cc:99) For utterance M07UP02A0329I43, best cost 15.6565 + 745.293 = 760.949 over 298 frames.
M07UP02A0329I43 haan 
LOG (lattice-best-path:main():lattice-best-path.cc:99) For utterance M07UP02A0330I303, best cost 16.4546 + 1151.6 = 1168.06 over 498 frames.
M07UP02A0330I303 nahiin 
LOG (lattice-best-path:main():lattice-best-path.cc:99) For utterance M07UP02A0333I45, best cost 22.3647 + 841.685 = 864.05 over 298 frames.
M07UP02A0333I45 haan 
LOG (lattice-best-path:main():lattice-best-path.cc:99) For utterance M07UP02A0335I301, best cost 19.0457 + 1575.04 = 1594.08 over 498 frames.
M07UP02A0335I301 haan 
LOG (lattice-best-path:main():lattice-best-path.cc:99) For utterance M07UP02A0336I44, best cost 13.5958 + 870.322 = 883.918 over 290 frames.
M07UP02A0336I44 nahiin 
LOG (lattice-best-path:main():lattice-best-path.cc:99) For utterance M07UP02A0337I41, best cost 16.4027 + 1002.44 = 1018.85 over 298 frames.
M07UP02A0337I41 nahiin 
LOG (lattice-best-path:main():lattice-best-path.cc:99) For utterance M07UP02A0337I44, best cost 14.7968 + 764.067 = 778.864 over 298 frames.
M07UP02A0337I44 haan 
LOG (lattice-best-path:main():lattice-best-path.cc:99) For utterance M07UP04A1227I45, best cost 14.7806 + 974.646 = 989.427 over 298 frames.
M07UP04A1227I45 nahiin 
LOG (lattice-best-path:main():lattice-best-path.cc:99) For utterance M07UP04A1230I303, best cost 38.6694 + 1409.98 = 1448.65 over 498 frames.
M07UP04A1230I303 haan 
LOG (lattice-best-path:main():lattice-best-path.cc:99) For utterance M07UP04A1235I41, best cost 9.86902 + 981.11 = 990.979 over 298 frames.
M07UP04A1235I41 nahiin 
LOG (lattice-best-path:main():lattice-best-path.cc:99) For utterance M07UP04A1235I46, best cost 15.5452 + 749.605 = 765.15 over 298 frames.
M07UP04A1235I46 haan 
LOG (lattice-best-path:main():lattice-best-path.cc:99) For utterance M07UP04A1236I303, best cost 21.7976 + 1456.68 = 1478.48 over 498 frames.
M07UP04A1236I303 nahiin 
LOG (lattice-best-path:main():lattice-best-path.cc:99) For utterance M07UP04A1239I301, best cost 20.85 + 1241.3 = 1262.15 over 498 frames.
M07UP04A1239I301 haan 
LOG (lattice-best-path:main():lattice-best-path.cc:99) For utterance M07UP04A1242I410, best cost 15.9462 + 902.755 = 918.702 over 298 frames.
M07UP04A1242I410 haan 
LOG (lattice-best-path:main():lattice-best-path.cc:99) For utterance M07UP04A1243I300, best cost 17.3094 + 1643.67 = 1660.98 over 498 frames.
M07UP04A1243I300 nahiin 
LOG (lattice-best-path:main():lattice-best-path.cc:99) For utterance M07UP04A1243I435, best cost 18.3609 + 879.824 = 898.185 over 300 frames.
M07UP04A1243I435 haan 
LOG (lattice-best-path:main():lattice-best-path.cc:99) For utterance M07UP04A1244I44, best cost 15.9611 + 1092.55 = 1108.51 over 298 frames.
M07UP04A1244I44 nahiin 
LOG (lattice-best-path:main():lattice-best-path.cc:99) For utterance M07UP04A1245I48, best cost 18.1695 + 1076.14 = 1094.3 over 298 frames.
M07UP04A1245I48 haan 
LOG (lattice-best-path:main():lattice-best-path.cc:99) For utterance M07UP05A0903I43, best cost 19.4343 + 787.059 = 806.494 over 298 frames.
M07UP05A0903I43 haan 
LOG (lattice-best-path:main():lattice-best-path.cc:99) For utterance M07UP05A0910I300, best cost 16.6546 + 1144.65 = 1161.3 over 498 frames.
M07UP05A0910I300 nahiin 
LOG (lattice-best-path:main():lattice-best-path.cc:99) For utterance M07UP05A0911I42, best cost 16.1665 + 928.062 = 944.229 over 298 frames.
M07UP05A0911I42 nahiin 
LOG (lattice-best-path:main():lattice-best-path.cc:99) For utterance M07UP05A0914I300, best cost 18.7601 + 1212.58 = 1231.34 over 498 frames.
M07UP05A0914I300 nahiin 
LOG (lattice-best-path:main():lattice-best-path.cc:99) For utterance M07UP05A0914I302, best cost 27.1546 + 1351.78 = 1378.94 over 498 frames.
M07UP05A0914I302 haan 
LOG (lattice-best-path:main():lattice-best-path.cc:99) For utterance M07UP05A0915I301, best cost 15.2867 + 1277.77 = 1293.06 over 498 frames.
M07UP05A0915I301 haan 
LOG (lattice-best-path:main():lattice-best-path.cc:99) For utterance M07UP05A0916I43, best cost 24.0663 + 879.583 = 903.65 over 298 frames.
M07UP05A0916I43 haan 
LOG (lattice-best-path:main():lattice-best-path.cc:99) For utterance M07UP05A0920I411, best cost 15.2587 + 863.61 = 878.869 over 298 frames.
M07UP05A0920I411 haan 
LOG (lattice-best-path:main():lattice-best-path.cc:99) For utterance M07UP06A0427I301, best cost 12.8476 + 933.986 = 946.834 over 498 frames.
M07UP06A0427I301 haan 
LOG (lattice-best-path:main():lattice-best-path.cc:99) For utterance M07UP06A0428I41, best cost 11.8401 + 951.527 = 963.367 over 298 frames.
M07UP06A0428I41 haan 
LOG (lattice-best-path:main():lattice-best-path.cc:99) For utterance M07UP06A0429I411, best cost 13.3471 + 779.982 = 793.329 over 298 frames.
M07UP06A0429I411 nahiin 
LOG (lattice-best-path:main():lattice-best-path.cc:99) For utterance M07UP06A0433I301, best cost 20.2588 + 1190.24 = 1210.49 over 498 frames.
M07UP06A0433I301 nahiin 
LOG (lattice-best-path:main():lattice-best-path.cc:99) For utterance M07UP06A0433I40, best cost 16.9909 + 867.549 = 884.54 over 298 frames.
M07UP06A0433I40 haan 
LOG (lattice-best-path:main():lattice-best-path.cc:99) For utterance M07UP06A0433I41, best cost 22.0473 + 941.768 = 963.815 over 298 frames.
M07UP06A0433I41 nahiin 
LOG (lattice-best-path:main():lattice-best-path.cc:99) For utterance M07UP06A0437I42, best cost 10.9092 + 748.774 = 759.683 over 298 frames.
M07UP06A0437I42 haan 
LOG (lattice-best-path:main():lattice-best-path.cc:99) For utterance M07UP06A0438I41, best cost 12.4569 + 831.503 = 843.96 over 298 frames.
M07UP06A0438I41 nahiin 
LOG (lattice-best-path:main():lattice-best-path.cc:99) For utterance M07UP06A0442I41, best cost 13.2973 + 963.479 = 976.776 over 298 frames.
M07UP06A0442I41 nahiin 
LOG (lattice-best-path:main():lattice-best-path.cc:99) For utterance M07UP06A0442I42, best cost 18.7009 + 857.891 = 876.591 over 300 frames.
M07UP06A0442I42 haan 
LOG (lattice-best-path:main():lattice-best-path.cc:99) For utterance M07UP06A0444I43, best cost 18.1137 + 745.201 = 763.315 over 298 frames.
M07UP06A0444I43 nahiin 
LOG (lattice-best-path:main():lattice-best-path.cc:99) For utterance M07UP06A0445I301, best cost 18.7954 + 1432.78 = 1451.58 over 490 frames.
M07UP06A0445I301 nahiin 
LOG (lattice-best-path:main():lattice-best-path.cc:99) For utterance M07UP06A0447I41, best cost 16.8996 + 768.483 = 785.383 over 298 frames.
M07UP06A0447I41 nahiin 
LOG (lattice-best-path:main():lattice-best-path.cc:99) For utterance M07UP07A0134I42, best cost 11.4025 + 741.763 = 753.166 over 298 frames.
M07UP07A0134I42 nahiin 
LOG (lattice-best-path:main():lattice-best-path.cc:99) For utterance M07UP07A0134I436, best cost 12.7732 + 925.927 = 938.7 over 298 frames.
M07UP07A0134I436 haan 
LOG (lattice-best-path:main():lattice-best-path.cc:99) For utterance M07UP07A0136I410, best cost 12.9878 + 992.369 = 1005.36 over 298 frames.
M07UP07A0136I410 nahiin 
LOG (lattice-best-path:main():lattice-best-path.cc:99) For utterance M07UP07A0136I438, best cost 21.3226 + 950.938 = 972.26 over 298 frames.
M07UP07A0136I438 nahiin 
LOG (lattice-best-path:main():lattice-best-path.cc:99) For utterance M07UP07A0138I414, best cost 9.19666 + 653.088 = 662.285 over 298 frames.
M07UP07A0138I414 haan 
LOG (lattice-best-path:main():lattice-best-path.cc:99) For utterance M07UP07A0139I42, best cost 11.0658 + 892.87 = 903.936 over 298 frames.
M07UP07A0139I42 nahiin 
LOG (lattice-best-path:main():lattice-best-path.cc:99) For utterance M07UP07A0142I43, best cost 10.0376 + 998.049 = 1008.09 over 298 frames.
M07UP07A0142I43 haan 
LOG (lattice-best-path:main():lattice-best-path.cc:99) For utterance M07UP07A0143I45, best cost 13.6209 + 974.068 = 987.689 over 298 frames.
M07UP07A0143I45 haan 
LOG (lattice-best-path:main():lattice-best-path.cc:99) For utterance M07UP07A0145I436, best cost 13.3241 + 724.814 = 738.138 over 298 frames.
M07UP07A0145I436 haan 
LOG (lattice-best-path:main():lattice-best-path.cc:99) For utterance M07UP09A0483I300, best cost 11.8733 + 1098.69 = 1110.57 over 498 frames.
M07UP09A0483I300 nahiin 
LOG (lattice-best-path:main():lattice-best-path.cc:99) For utterance M07UP09A0485I43, best cost 19.7987 + 874.977 = 894.776 over 298 frames.
M07UP09A0485I43 haan 
LOG (lattice-best-path:main():lattice-best-path.cc:99) For utterance M07UP09A0488I43, best cost 9.40971 + 1031.96 = 1041.37 over 298 frames.
M07UP09A0488I43 nahiin 
LOG (lattice-best-path:main():lattice-best-path.cc:99) For utterance M07UP09A0489I300, best cost 19.3481 + 1267.72 = 1287.07 over 498 frames.
M07UP09A0489I300 nahiin 
LOG (lattice-best-path:main():lattice-best-path.cc:99) For utterance M07UP09A0490I301, best cost 14.8839 + 1110.23 = 1125.11 over 498 frames.
M07UP09A0490I301 nahiin 
LOG (lattice-best-path:main():lattice-best-path.cc:99) For utterance M07UP09A0494I300, best cost 17.6442 + 1219.51 = 1237.16 over 498 frames.
M07UP09A0494I300 haan 
LOG (lattice-best-path:main():lattice-best-path.cc:99) For utterance M07UP09A0495I301, best cost 20.6124 + 1219.21 = 1239.82 over 498 frames.
M07UP09A0495I301 nahiin 
LOG (lattice-best-path:main():lattice-best-path.cc:99) For utterance M07UP09A0495I41, best cost 18.7053 + 897.191 = 915.896 over 298 frames.
M07UP09A0495I41 nahiin 
LOG (lattice-best-path:main():lattice-best-path.cc:99) For utterance M07UP09A0496I303, best cost 13.2146 + 1186.62 = 1199.84 over 498 frames.
M07UP09A0496I303 haan 
LOG (lattice-best-path:main():lattice-best-path.cc:99) For utterance M07UP09A0499I43, best cost 11.5409 + 642.281 = 653.822 over 298 frames.
M07UP09A0499I43 nahiin 
LOG (lattice-best-path:main():lattice-best-path.cc:99) For utterance M07UP09A0500I42, best cost 22.2943 + 946.493 = 968.787 over 298 frames.
M07UP09A0500I42 haan 
LOG (lattice-best-path:main():lattice-best-path.cc:99) For utterance M07UP09A0500I44, best cost 17.2268 + 768.229 = 785.456 over 298 frames.
M07UP09A0500I44 haan 
LOG (lattice-best-path:main():lattice-best-path.cc:99) For utterance M07UP09A0503I301, best cost 14.1897 + 1400.73 = 1414.92 over 498 frames.
M07UP09A0503I301 nahiin 
LOG (lattice-best-path:main():lattice-best-path.cc:99) For utterance M07UP09A0505I300, best cost 22.1709 + 1604.27 = 1626.44 over 498 frames.
M07UP09A0505I300 haan 
LOG (lattice-best-path:main():lattice-best-path.cc:99) For utterance M07UP09A0505I504, best cost 14.083 + 931.118 = 945.201 over 298 frames.
M07UP09A0505I504 nahiin 
LOG (lattice-best-path:main():lattice-best-path.cc:99) For utterance M07UP11A1317I41, best cost 13.596 + 742.709 = 756.305 over 298 frames.
M07UP11A1317I41 haan 
LOG (lattice-best-path:main():lattice-best-path.cc:99) For utterance M07UP11A1319I300, best cost 25.1095 + 1246.13 = 1271.24 over 498 frames.
M07UP11A1319I300 nahiin 
LOG (lattice-best-path:main():lattice-best-path.cc:99) For utterance M07UP11A1328I301, best cost 30.5578 + 1241.94 = 1272.5 over 498 frames.
M07UP11A1328I301 nahiin 
LOG (lattice-best-path:main():lattice-best-path.cc:99) For utterance M07UP11A1337I301, best cost 16.897 + 1225.35 = 1242.25 over 498 frames.
M07UP11A1337I301 nahiin 
LOG (lattice-best-path:main():lattice-best-path.cc:99) For utterance M07UP11A1349I303, best cost 22.2344 + 1516.59 = 1538.83 over 498 frames.
M07UP11A1349I303 nahiin 
LOG (lattice-best-path:main():lattice-best-path.cc:99) For utterance M07UP11A1351I302, best cost 23.3276 + 1322.5 = 1345.83 over 498 frames.
M07UP11A1351I302 nahiin 
LOG (lattice-best-path:main():lattice-best-path.cc:99) For utterance M07UP11A1352I427, best cost 14.5417 + 780.17 = 794.712 over 298 frames.
M07UP11A1352I427 nahiin 
LOG (lattice-best-path:main():lattice-best-path.cc:99) For utterance M07UP11A1352I429, best cost 13.8175 + 777.709 = 791.526 over 298 frames.
M07UP11A1352I429 haan 
LOG (lattice-best-path:main():lattice-best-path.cc:99) For utterance M07UP13A0882I300, best cost 16.3355 + 1561.92 = 1578.26 over 498 frames.
M07UP13A0882I300 haan 
LOG (lattice-best-path:main():lattice-best-path.cc:99) For utterance M07UP13A0882I301, best cost 19.0283 + 1601.09 = 1620.12 over 498 frames.
M07UP13A0882I301 haan 
LOG (lattice-best-path:main():lattice-best-path.cc:99) For utterance M07UP13A0884I303, best cost 20.0054 + 1574.91 = 1594.91 over 498 frames.
M07UP13A0884I303 nahiin 
LOG (lattice-best-path:main():lattice-best-path.cc:99) For utterance M07UP13A0888I41, best cost 13.7542 + 884.454 = 898.208 over 298 frames.
M07UP13A0888I41 haan 
LOG (lattice-best-path:main():lattice-best-path.cc:99) For utterance M07UP13A0889I41, best cost 19.672 + 1092.44 = 1112.11 over 298 frames.
M07UP13A0889I41 haan 
LOG (lattice-best-path:main():lattice-best-path.cc:99) For utterance M07UP13A0890I43, best cost 14.1507 + 1134.9 = 1149.05 over 298 frames.
M07UP13A0890I43 nahiin 
LOG (lattice-best-path:main():lattice-best-path.cc:99) For utterance M07UP13A0897I302, best cost 26.5487 + 1436.46 = 1463.01 over 498 frames.
M07UP13A0897I302 haan 
LOG (lattice-best-path:main():lattice-best-path.cc:99) For utterance M07UP13A0897I41, best cost 15.4204 + 861.868 = 877.289 over 298 frames.
M07UP13A0897I41 haan 
LOG (lattice-best-path:main():lattice-best-path.cc:99) For utterance M07UP13A0898I303, best cost 18.414 + 1572.04 = 1590.45 over 498 frames.
M07UP13A0898I303 haan 
LOG (lattice-best-path:main():lattice-best-path.cc:99) For utterance M07UP13A0900I436, best cost 16.0336 + 878.893 = 894.926 over 298 frames.
M07UP13A0900I436 nahiin 
LOG (lattice-best-path:main():lattice-best-path.cc:99) For utterance M07UP14A0572I301, best cost 18.577 + 1200.51 = 1219.09 over 498 frames.
M07UP14A0572I301 haan 
LOG (lattice-best-path:main():lattice-best-path.cc:99) For utterance M07UP14A0576I41, best cost 18.9823 + 913.279 = 932.262 over 298 frames.
M07UP14A0576I41 haan 
LOG (lattice-best-path:main():lattice-best-path.cc:99) For utterance M07UP14A0583I300, best cost 25.7225 + 1509.03 = 1534.75 over 498 frames.
M07UP14A0583I300 nahiin 
LOG (lattice-best-path:main():lattice-best-path.cc:99) For utterance M07UP14A0588I41, best cost 15.5822 + 868.746 = 884.328 over 300 frames.
M07UP14A0588I41 nahiin 
LOG (lattice-best-path:main():lattice-best-path.cc:99) For utterance M07UP14A0590I300, best cost 19.9318 + 1256.17 = 1276.11 over 498 frames.
M07UP14A0590I300 nahiin 
LOG (lattice-best-path:main():lattice-best-path.cc:99) For utterance M07UP14A0590I43, best cost 18.9418 + 882.238 = 901.179 over 298 frames.
M07UP14A0590I43 nahiin 
LOG (lattice-best-path:main():lattice-best-path.cc:99) For utterance M07UP14A0591I302, best cost 10.8458 + 1222.7 = 1233.55 over 498 frames.
M07UP14A0591I302 haan 
LOG (lattice-best-path:main():lattice-best-path.cc:99) For utterance M07UP14A0591I303, best cost 14.0509 + 1557.32 = 1571.37 over 498 frames.
M07UP14A0591I303 haan 
LOG (lattice-best-path:main():lattice-best-path.cc:99) For utterance M07UP18A0362I47, best cost 10.3559 + 883.736 = 894.092 over 298 frames.
M07UP18A0362I47 nahiin 
LOG (lattice-best-path:main():lattice-best-path.cc:99) For utterance M07UP18A0363I300, best cost 19.8614 + 1276.89 = 1296.76 over 498 frames.
M07UP18A0363I300 nahiin 
LOG (lattice-best-path:main():lattice-best-path.cc:99) For utterance M07UP18A0363I302, best cost 19.0533 + 1185.69 = 1204.74 over 498 frames.
M07UP18A0363I302 nahiin 
LOG (lattice-best-path:main():lattice-best-path.cc:99) For utterance M07UP18A0365I42, best cost 17.4516 + 845.894 = 863.346 over 298 frames.
M07UP18A0365I42 haan 
LOG (lattice-best-path:main():lattice-best-path.cc:99) For utterance M07UP18A0366I41, best cost 17.01 + 871.326 = 888.336 over 298 frames.
M07UP18A0366I41 nahiin 
LOG (lattice-best-path:main():lattice-best-path.cc:99) For utterance M07UP18A0367I43, best cost 13.6082 + 881.897 = 895.505 over 298 frames.
M07UP18A0367I43 haan 
LOG (lattice-best-path:main():lattice-best-path.cc:99) For utterance M07UP18A0368I301, best cost 27.0719 + 1499.57 = 1526.64 over 498 frames.
M07UP18A0368I301 nahiin 
LOG (lattice-best-path:main():lattice-best-path.cc:99) For utterance M07UP18A0368I49, best cost 17.7678 + 889.559 = 907.327 over 298 frames.
M07UP18A0368I49 nahiin 
LOG (lattice-best-path:main():lattice-best-path.cc:99) For utterance M07UP18A0369I48, best cost 20.97 + 1066.68 = 1087.65 over 298 frames.
M07UP18A0369I48 haan 
LOG (lattice-best-path:main():lattice-best-path.cc:99) For utterance M07UP18A0371I300, best cost 19.4145 + 1622.51 = 1641.92 over 498 frames.
M07UP18A0371I300 nahiin 
LOG (lattice-best-path:main():lattice-best-path.cc:99) For utterance M07UP18A0374I300, best cost 19.3179 + 1850.36 = 1869.68 over 498 frames.
M07UP18A0374I300 nahiin 
LOG (lattice-best-path:main():lattice-best-path.cc:99) For utterance M07UP18A0374I48, best cost 16.9021 + 981.274 = 998.176 over 298 frames.
M07UP18A0374I48 nahiin 
LOG (lattice-best-path:main():lattice-best-path.cc:99) For utterance M07UP18A0375I45, best cost 15.2018 + 977.438 = 992.64 over 298 frames.
M07UP18A0375I45 nahiin 
LOG (lattice-best-path:main():lattice-best-path.cc:99) For utterance M07UP18A0376I43, best cost 15.6951 + 775.766 = 791.461 over 298 frames.
M07UP18A0376I43 nahiin 
LOG (lattice-best-path:main():lattice-best-path.cc:99) For utterance M07UP18A0376I49, best cost 14.6211 + 837.335 = 851.956 over 298 frames.
M07UP18A0376I49 haan 
LOG (lattice-best-path:main():lattice-best-path.cc:99) For utterance M07UP18A0378I302, best cost 19.0237 + 1762.85 = 1781.87 over 498 frames.
M07UP18A0378I302 nahiin 
LOG (lattice-best-path:main():lattice-best-path.cc:99) For utterance M07UP18A0380I300, best cost 16.8523 + 1514.14 = 1531 over 498 frames.
M07UP18A0380I300 nahiin 
LOG (lattice-best-path:main():lattice-best-path.cc:99) For utterance M07UP19A0341I48, best cost 10.6106 + 692.278 = 702.888 over 298 frames.
M07UP19A0341I48 haan 
LOG (lattice-best-path:main():lattice-best-path.cc:99) For utterance M07UP19A0345I300, best cost 20.5142 + 1773.68 = 1794.19 over 490 frames.
M07UP19A0345I300 nahiin 
LOG (lattice-best-path:main():lattice-best-path.cc:99) For utterance M07UP19A0345I45, best cost 16.9862 + 802.701 = 819.687 over 298 frames.
M07UP19A0345I45 haan 
LOG (lattice-best-path:main():lattice-best-path.cc:99) For utterance M07UP19A0346I301, best cost 22.8037 + 1622.49 = 1645.29 over 498 frames.
M07UP19A0346I301 haan 
LOG (lattice-best-path:main():lattice-best-path.cc:99) For utterance M07UP19A0348I301, best cost 30.538 + 1270.4 = 1300.93 over 498 frames.
M07UP19A0348I301 nahiin 
LOG (lattice-best-path:main():lattice-best-path.cc:99) For utterance M07UP19A0354I301, best cost 20.9278 + 1700.6 = 1721.52 over 498 frames.
M07UP19A0354I301 nahiin 
LOG (lattice-best-path:main():lattice-best-path.cc:99) For utterance M07UP19A0354I303, best cost 24.1729 + 1616.27 = 1640.44 over 498 frames.
M07UP19A0354I303 nahiin 
LOG (lattice-best-path:main():lattice-best-path.cc:99) For utterance M07UP19A0356I43, best cost 16.5565 + 854.497 = 871.054 over 298 frames.
M07UP19A0356I43 nahiin 
LOG (lattice-best-path:main():lattice-best-path.cc:99) For utterance M07UP19A0357I300, best cost 28.3908 + 1377.5 = 1405.89 over 498 frames.
M07UP19A0357I300 nahiin 
LOG (lattice-best-path:main():lattice-best-path.cc:99) For utterance M07UP19A0358I303, best cost 24.4548 + 1235.06 = 1259.52 over 498 frames.
M07UP19A0358I303 nahiin 
LOG (lattice-best-path:main():lattice-best-path.cc:99) For utterance M07UP19A0359I40, best cost 11.0887 + 772.083 = 783.172 over 298 frames.
M07UP19A0359I40 nahiin 
LOG (lattice-best-path:main():lattice-best-path.cc:99) For utterance M07UP20A0734I300, best cost 29.6814 + 1368.61 = 1398.29 over 498 frames.
M07UP20A0734I300 haan 
LOG (lattice-best-path:main():lattice-best-path.cc:99) For utterance M07UP20A0739I44, best cost 18.1938 + 780.001 = 798.195 over 298 frames.
M07UP20A0739I44 haan 
LOG (lattice-best-path:main():lattice-best-path.cc:99) For utterance M07UP20A0739I45, best cost 11.7455 + 713.429 = 725.174 over 300 frames.
M07UP20A0739I45 haan 
LOG (lattice-best-path:main():lattice-best-path.cc:99) For utterance M07UP20A0740I302, best cost 16.9313 + 1321.9 = 1338.84 over 498 frames.
M07UP20A0740I302 nahiin 
LOG (lattice-best-path:main():lattice-best-path.cc:99) For utterance M07UP20A0742I302, best cost 15.7624 + 1075.92 = 1091.69 over 498 frames.
M07UP20A0742I302 nahiin 
LOG (lattice-best-path:main():lattice-best-path.cc:99) For utterance M07UP20A0750I40, best cost 17.3828 + 896.96 = 914.343 over 298 frames.
M07UP20A0750I40 haan 
LOG (lattice-best-path:main():lattice-best-path.cc:99) For utterance M07UP20A0753I43, best cost 11.4659 + 1037.64 = 1049.11 over 298 frames.
M07UP20A0753I43 nahiin 
LOG (lattice-best-path:main():lattice-best-path.cc:99) For utterance M07UP21A0593I302, best cost 25.2575 + 1562.23 = 1587.49 over 498 frames.
M07UP21A0593I302 nahiin 
LOG (lattice-best-path:main():lattice-best-path.cc:99) For utterance M07UP21A0598I41, best cost 17.0143 + 807.246 = 824.26 over 298 frames.
M07UP21A0598I41 haan 
LOG (lattice-best-path:main():lattice-best-path.cc:99) For utterance M07UP21A0600I300, best cost 25.9963 + 1472.97 = 1498.96 over 498 frames.
M07UP21A0600I300 haan 
LOG (lattice-best-path:main():lattice-best-path.cc:99) For utterance M07UP21A0600I42, best cost 26.0428 + 833.404 = 859.447 over 298 frames.
M07UP21A0600I42 haan 
LOG (lattice-best-path:main():lattice-best-path.cc:99) For utterance M07UP21A0606I301, best cost 22.3976 + 1460.63 = 1483.03 over 498 frames.
M07UP21A0606I301 nahiin 
LOG (lattice-best-path:main():lattice-best-path.cc:99) For utterance M07UP21A0606I302, best cost 17.7719 + 1637.89 = 1655.66 over 498 frames.
M07UP21A0606I302 haan 
LOG (lattice-best-path:main():lattice-best-path.cc:99) For utterance M07UP21A0607I301, best cost 21.5411 + 1345.59 = 1367.13 over 498 frames.
M07UP21A0607I301 nahiin 
LOG (lattice-best-path:main():lattice-best-path.cc:99) For utterance M07UP22A1323I47, best cost 9.57357 + 644.778 = 654.351 over 298 frames.
M07UP22A1323I47 nahiin 
LOG (lattice-best-path:main():lattice-best-path.cc:99) For utterance M07UP22A1326I300, best cost 22.5424 + 1375.9 = 1398.44 over 498 frames.
M07UP22A1326I300 nahiin 
LOG (lattice-best-path:main():lattice-best-path.cc:99) For utterance M07UP22A1342I301, best cost 19.0112 + 1196.9 = 1215.91 over 498 frames.
M07UP22A1342I301 nahiin 
LOG (lattice-best-path:main():lattice-best-path.cc:99) For utterance M07UP22A1347I43, best cost 14.4974 + 1075.5 = 1090 over 298 frames.
M07UP22A1347I43 nahiin 
LOG (lattice-best-path:main():lattice-best-path.cc:99) For utterance M07UP22A1347I47, best cost 16.283 + 1023.18 = 1039.46 over 300 frames.
M07UP22A1347I47 nahiin 
LOG (lattice-best-path:main():lattice-best-path.cc:99) For utterance M07UP22A1355I301, best cost 21.7019 + 1550.2 = 1571.91 over 498 frames.
M07UP22A1355I301 haan 
LOG (lattice-best-path:main():lattice-best-path.cc:99) For utterance M07UP22A1355I47, best cost 17.6021 + 855.753 = 873.355 over 298 frames.
M07UP22A1355I47 nahiin 
LOG (lattice-best-path:main():lattice-best-path.cc:99) For utterance M07UP22A1357I300, best cost 19.1341 + 1319.04 = 1338.17 over 498 frames.
M07UP22A1357I300 nahiin 
LOG (lattice-best-path:main():lattice-best-path.cc:99) For utterance M07UP22A1357I45, best cost 11.1821 + 811.505 = 822.687 over 298 frames.
M07UP22A1357I45 nahiin 
LOG (lattice-best-path:main():lattice-best-path.cc:99) For utterance M07UP22A1357I47, best cost 12.3415 + 818.011 = 830.353 over 298 frames.
M07UP22A1357I47 nahiin 
LOG (lattice-best-path:main():lattice-best-path.cc:99) For utterance M07UP23A0224I44, best cost 14.3552 + 1061.8 = 1076.15 over 298 frames.
M07UP23A0224I44 nahiin 
LOG (lattice-best-path:main():lattice-best-path.cc:99) For utterance M07UP23A0233I43, best cost 12.2334 + 709.191 = 721.424 over 298 frames.
M07UP23A0233I43 haan 
LOG (lattice-best-path:main():lattice-best-path.cc:99) For utterance M07UP23A0234I41, best cost 13.8184 + 1088.71 = 1102.53 over 298 frames.
M07UP23A0234I41 haan 
LOG (lattice-best-path:main():lattice-best-path.cc:99) For utterance M07UP23A0235I42, best cost 10.8871 + 1057.14 = 1068.03 over 298 frames.
M07UP23A0235I42 nahiin 
LOG (lattice-best-path:main():lattice-best-path.cc:99) For utterance M07UP23A0236I43, best cost 16.7792 + 938.439 = 955.218 over 298 frames.
M07UP23A0236I43 nahiin 
LOG (lattice-best-path:main():lattice-best-path.cc:99) For utterance M07UP23A0239I40, best cost 10.6637 + 1005.32 = 1015.98 over 298 frames.
M07UP23A0239I40 haan 
LOG (lattice-best-path:main():lattice-best-path.cc:99) For utterance M07UP23A0242I42, best cost 17.3378 + 982.922 = 1000.26 over 298 frames.
M07UP23A0242I42 haan 
LOG (lattice-best-path:main():lattice-best-path.cc:99) For utterance M07UP24A0171I300, best cost 20.7271 + 1432.59 = 1453.32 over 498 frames.
M07UP24A0171I300 haan 
LOG (lattice-best-path:main():lattice-best-path.cc:99) For utterance M07UP24A0172I45, best cost 11.8459 + 975.053 = 986.899 over 298 frames.
M07UP24A0172I45 haan 
LOG (lattice-best-path:main():lattice-best-path.cc:99) For utterance M07UP24A0172I49, best cost 12.6965 + 963.111 = 975.807 over 298 frames.
M07UP24A0172I49 nahiin 
LOG (lattice-best-path:main():lattice-best-path.cc:99) For utterance M07UP24A0173I44, best cost 11.3147 + 747.391 = 758.705 over 298 frames.
M07UP24A0173I44 nahiin 
LOG (lattice-best-path:main():lattice-best-path.cc:99) For utterance M07UP24A0173I46, best cost 9.74766 + 666.835 = 676.582 over 298 frames.
M07UP24A0173I46 nahiin 
LOG (lattice-best-path:main():lattice-best-path.cc:99) For utterance M07UP24A0175I301, best cost 26.6761 + 1400.94 = 1427.62 over 498 frames.
M07UP24A0175I301 nahiin 
LOG (lattice-best-path:main():lattice-best-path.cc:99) For utterance M07UP24A0177F606, best cost 21.9972 + 2465.52 = 2487.52 over 998 frames.
M07UP24A0177F606 nahiin 
LOG (lattice-best-path:main():lattice-best-path.cc:99) For utterance M07UP24A0179I302, best cost 24.1436 + 1290.45 = 1314.59 over 498 frames.
M07UP24A0179I302 haan 
LOG (lattice-best-path:main():lattice-best-path.cc:99) For utterance M07UP24A0181I301, best cost 11.7449 + 1757.5 = 1769.25 over 498 frames.
M07UP24A0181I301 nahiin 
LOG (lattice-best-path:main():lattice-best-path.cc:99) For utterance M07UP24A0181I42, best cost 12.1519 + 1001.28 = 1013.43 over 298 frames.
M07UP24A0181I42 nahiin 
LOG (lattice-best-path:main():lattice-best-path.cc:99) For utterance M07UP24A0181I48, best cost 15.5171 + 946.425 = 961.942 over 298 frames.
M07UP24A0181I48 haan 
LOG (lattice-best-path:main():lattice-best-path.cc:99) For utterance M07UP24A0185I303, best cost 17.7918 + 1527.64 = 1545.43 over 498 frames.
M07UP24A0185I303 nahiin 
LOG (lattice-best-path:main():lattice-best-path.cc:99) For utterance M07UP24A0188I302, best cost 20.4875 + 1384.1 = 1404.59 over 498 frames.
M07UP24A0188I302 nahiin 
LOG (lattice-best-path:main():lattice-best-path.cc:99) For utterance M07UP24A0191I300, best cost 15.6 + 1237.59 = 1253.19 over 498 frames.
M07UP24A0191I300 haan 
LOG (lattice-best-path:main():lattice-best-path.cc:99) For utterance M07UP25A1205I302, best cost 26.1553 + 1644.7 = 1670.86 over 498 frames.
M07UP25A1205I302 nahiin 
LOG (lattice-best-path:main():lattice-best-path.cc:99) For utterance M07UP25A1205I43, best cost 18.9252 + 997.051 = 1015.98 over 298 frames.
M07UP25A1205I43 haan 
LOG (lattice-best-path:main():lattice-best-path.cc:99) For utterance M07UP25A1206I45, best cost 23.1117 + 933.089 = 956.2 over 298 frames.
M07UP25A1206I45 nahiin 
LOG (lattice-best-path:main():lattice-best-path.cc:99) For utterance M07UP25A1209I41, best cost 11.1353 + 879.848 = 890.984 over 298 frames.
M07UP25A1209I41 haan 
LOG (lattice-best-path:main():lattice-best-path.cc:99) For utterance M07UP25A1216I41, best cost 11.3747 + 1048.07 = 1059.45 over 298 frames.
M07UP25A1216I41 nahiin 
LOG (lattice-best-path:main():lattice-best-path.cc:99) For utterance M07UP25A1220I300, best cost 28.6702 + 1427.55 = 1456.22 over 498 frames.
M07UP25A1220I300 haan 
LOG (lattice-best-path:main():lattice-best-path.cc:99) For utterance M07UP25A1220I42, best cost 15.6684 + 865.879 = 881.547 over 298 frames.
M07UP25A1220I42 nahiin 
LOG (lattice-best-path:main():lattice-best-path.cc:99) For utterance M07UP25A1261I302, best cost 24.0219 + 1660.06 = 1684.08 over 500 frames.
M07UP25A1261I302 nahiin 
LOG (lattice-best-path:main():lattice-best-path.cc:99) For utterance M07UP26A0214I42, best cost 12.1684 + 1081.02 = 1093.19 over 298 frames.
M07UP26A0214I42 haan 
LOG (lattice-best-path:main():lattice-best-path.cc:99) For utterance M07UP26A0255I48, best cost 12.6559 + 853.487 = 866.143 over 300 frames.
M07UP26A0255I48 nahiin 
LOG (lattice-best-path:main():lattice-best-path.cc:99) For utterance M07UP26A0257I47, best cost 12.3312 + 694.392 = 706.723 over 298 frames.
M07UP26A0257I47 haan 
LOG (lattice-best-path:main():lattice-best-path.cc:99) For utterance M07UP26A0258I414, best cost 16.6302 + 816.811 = 833.441 over 298 frames.
M07UP26A0258I414 haan 
LOG (lattice-best-path:main():lattice-best-path.cc:99) For utterance M07UP26A0261I47, best cost 13.3463 + 847.252 = 860.598 over 298 frames.
M07UP26A0261I47 haan 
LOG (lattice-best-path:main():lattice-best-path.cc:99) For utterance M07UP26A0262I41, best cost 11.7482 + 976.056 = 987.804 over 298 frames.
M07UP26A0262I41 haan 
LOG (lattice-best-path:main():lattice-best-path.cc:99) For utterance M07UP26A0263I43, best cost 13.5604 + 768.91 = 782.471 over 298 frames.
M07UP26A0263I43 haan 
LOG (lattice-best-path:main():lattice-best-path.cc:99) For utterance M07UP26A0267I44, best cost 13.5475 + 841.747 = 855.295 over 298 frames.
M07UP26A0267I44 haan 
LOG (lattice-best-path:main():lattice-best-path.cc:99) For utterance M07UP26A0269I47, best cost 13.2715 + 1027.96 = 1041.23 over 298 frames.
M07UP26A0269I47 haan 
LOG (lattice-best-path:main():lattice-best-path.cc:99) For utterance M07UP26A0270I42, best cost 17.5123 + 922.861 = 940.374 over 298 frames.
M07UP26A0270I42 nahiin 
LOG (lattice-best-path:main():lattice-best-path.cc:99) For utterance M07UP26A0272I44, best cost 9.03062 + 665.865 = 674.896 over 298 frames.
M07UP26A0272I44 nahiin 
LOG (lattice-best-path:main():lattice-best-path.cc:99) For utterance M07UP27A0641I438, best cost 14.8029 + 818.116 = 832.919 over 298 frames.
M07UP27A0641I438 nahiin 
LOG (lattice-best-path:main():lattice-best-path.cc:99) For utterance M07UP27A0647I41, best cost 11.2662 + 854.311 = 865.578 over 298 frames.
M07UP27A0647I41 haan 
LOG (lattice-best-path:main():lattice-best-path.cc:99) For utterance M07UP27A0647I43, best cost 14.1448 + 863.282 = 877.427 over 298 frames.
M07UP27A0647I43 haan 
LOG (lattice-best-path:main():lattice-best-path.cc:99) For utterance M07UP27A0657I303, best cost 21.8303 + 1449.58 = 1471.41 over 498 frames.
M07UP27A0657I303 haan 
LOG (lattice-best-path:main():lattice-best-path.cc:99) For utterance M07UP28A0216I301, best cost 11.9238 + 1551.93 = 1563.85 over 498 frames.
M07UP28A0216I301 nahiin 
LOG (lattice-best-path:main():lattice-best-path.cc:99) For utterance M07UP28A0218I300, best cost 22.3106 + 1398.45 = 1420.76 over 498 frames.
M07UP28A0218I300 nahiin 
LOG (lattice-best-path:main():lattice-best-path.cc:99) For utterance M07UP28A0219I40, best cost 12.6736 + 871.327 = 884.001 over 298 frames.
M07UP28A0219I40 haan 
LOG (lattice-best-path:main():lattice-best-path.cc:99) For utterance M07UP28A0219I505, best cost 13.0777 + 850.98 = 864.058 over 300 frames.
M07UP28A0219I505 nahiin 
LOG (lattice-best-path:main():lattice-best-path.cc:99) For utterance M07UP28A0225I302, best cost 13.4954 + 1598.42 = 1611.92 over 498 frames.
M07UP28A0225I302 haan 
LOG (lattice-best-path:main():lattice-best-path.cc:99) For utterance M07UP28A0225I40, best cost 16.8603 + 847.187 = 864.047 over 298 frames.
M07UP28A0225I40 haan 
LOG (lattice-best-path:main():lattice-best-path.cc:99) For utterance M07UP28A0225I41, best cost 11.2009 + 1173.98 = 1185.19 over 298 frames.
M07UP28A0225I41 nahiin 
LOG (lattice-best-path:main():lattice-best-path.cc:99) For utterance M07UP29A0506I301, best cost 18.5704 + 1281.76 = 1300.33 over 498 frames.
M07UP29A0506I301 haan 
LOG (lattice-best-path:main():lattice-best-path.cc:99) For utterance M07UP29A0509I42, best cost 18.5734 + 863.374 = 881.948 over 298 frames.
M07UP29A0509I42 nahiin 
LOG (lattice-best-path:main():lattice-best-path.cc:99) For utterance M07UP29A0509I45, best cost 13.7977 + 864.035 = 877.832 over 298 frames.
M07UP29A0509I45 haan 
LOG (lattice-best-path:main():lattice-best-path.cc:99) For utterance M07UP29A0510I303, best cost 14.4975 + 1365.11 = 1379.61 over 500 frames.
M07UP29A0510I303 haan 
LOG (lattice-best-path:main():lattice-best-path.cc:99) For utterance M07UP29A0510I44, best cost 11.984 + 739.896 = 751.88 over 298 frames.
M07UP29A0510I44 nahiin 
LOG (lattice-best-path:main():lattice-best-path.cc:99) For utterance M07UP29A0511I301, best cost 14.6989 + 1470.19 = 1484.89 over 498 frames.
M07UP29A0511I301 nahiin 
LOG (lattice-best-path:main():lattice-best-path.cc:99) For utterance M07UP29A0511I42, best cost 14.605 + 969.427 = 984.032 over 298 frames.
M07UP29A0511I42 nahiin 
LOG (lattice-best-path:main():lattice-best-path.cc:99) For utterance M07UP29A0513I44, best cost 13.0466 + 825.975 = 839.022 over 298 frames.
M07UP29A0513I44 nahiin 
LOG (lattice-best-path:main():lattice-best-path.cc:99) For utterance M07UP29A0514I41, best cost 13.5363 + 889.18 = 902.717 over 298 frames.
M07UP29A0514I41 nahiin 
LOG (lattice-best-path:main():lattice-best-path.cc:99) For utterance M07UP29A0516I41, best cost 13.6432 + 1026.52 = 1040.16 over 298 frames.
M07UP29A0516I41 nahiin 
LOG (lattice-best-path:main():lattice-best-path.cc:99) For utterance M07UP29A0517I303, best cost 13.4305 + 1391.78 = 1405.21 over 498 frames.
M07UP29A0517I303 haan 
LOG (lattice-best-path:main():lattice-best-path.cc:99) For utterance M07UP29A0520I42, best cost 14.4187 + 775.485 = 789.904 over 298 frames.
M07UP29A0520I42 nahiin 
LOG (lattice-best-path:main():lattice-best-path.cc:99) For utterance M07UP29A0520I45, best cost 17.7734 + 953.88 = 971.653 over 298 frames.
M07UP29A0520I45 nahiin 
LOG (lattice-best-path:main():lattice-best-path.cc:99) For utterance M07UP29A0521I303, best cost 24.2665 + 1329.83 = 1354.1 over 498 frames.
M07UP29A0521I303 haan 
LOG (lattice-best-path:main():lattice-best-path.cc:99) For utterance M07UP29A0521I47, best cost 14.381 + 798.551 = 812.932 over 298 frames.
M07UP29A0521I47 nahiin 
LOG (lattice-best-path:main():lattice-best-path.cc:99) For utterance M07UP31A1290I43, best cost 15.4109 + 814.349 = 829.76 over 298 frames.
M07UP31A1290I43 nahiin 
LOG (lattice-best-path:main():lattice-best-path.cc:99) For utterance M07UP31A1291I42, best cost 18.031 + 874.921 = 892.952 over 298 frames.
M07UP31A1291I42 nahiin 
LOG (lattice-best-path:main():lattice-best-path.cc:99) For utterance M07UP31A1292I301, best cost 23.6279 + 1350.42 = 1374.05 over 498 frames.
M07UP31A1292I301 haan 
LOG (lattice-best-path:main():lattice-best-path.cc:99) For utterance M07UP31A1294I302, best cost 32.44 + 1260.24 = 1292.68 over 498 frames.
M07UP31A1294I302 nahiin 
LOG (lattice-best-path:main():lattice-best-path.cc:99) For utterance M07UP31A1294I43, best cost 21.3996 + 904.944 = 926.343 over 298 frames.
M07UP31A1294I43 haan 
LOG (lattice-best-path:main():lattice-best-path.cc:99) For utterance M07UP31A1296I500, best cost 22.5845 + 1072.43 = 1095.02 over 498 frames.
M07UP31A1296I500 nahiin 
LOG (lattice-best-path:main():lattice-best-path.cc:99) For utterance M07UP31A1300I300, best cost 20.8759 + 1738.08 = 1758.96 over 498 frames.
M07UP31A1300I300 nahiin 
LOG (lattice-best-path:main():lattice-best-path.cc:99) For utterance M07UP31A1302I301, best cost 28.5152 + 1393.64 = 1422.16 over 498 frames.
M07UP31A1302I301 haan 
LOG (lattice-best-path:main():lattice-best-path.cc:99) For utterance M07UP31A1306I302, best cost 34.695 + 1388.16 = 1422.86 over 498 frames.
M07UP31A1306I302 nahiin 
LOG (lattice-best-path:main():lattice-best-path.cc:99) For utterance M07UP31A1306I303, best cost 14.1791 + 1790.31 = 1804.49 over 498 frames.
M07UP31A1306I303 nahiin 
LOG (lattice-best-path:main():lattice-best-path.cc:99) For utterance M07UP31A1306I43, best cost 9.53209 + 754.001 = 763.534 over 298 frames.
M07UP31A1306I43 haan 
LOG (lattice-best-path:main():lattice-best-path.cc:99) For utterance M07UP31A1307I430, best cost 22.2355 + 885.821 = 908.056 over 298 frames.
M07UP31A1307I430 haan 
LOG (lattice-best-path:main():lattice-best-path.cc:99) For utterance M07UP31A1308I435, best cost 19.373 + 855.219 = 874.592 over 298 frames.
M07UP31A1308I435 nahiin 
LOG (lattice-best-path:main():lattice-best-path.cc:99) For utterance M07UP31A1309I44, best cost 7.53757 + 1083.96 = 1091.5 over 298 frames.
M07UP31A1309I44 nahiin 
LOG (lattice-best-path:main():lattice-best-path.cc:99) For utterance M07UP31A1310I45, best cost 18.657 + 999.8 = 1018.46 over 298 frames.
M07UP31A1310I45 nahiin 
LOG (lattice-best-path:main():lattice-best-path.cc:99) For utterance M07UP34A0551I43, best cost 10.9689 + 938.619 = 949.588 over 300 frames.
M07UP34A0551I43 nahiin 
LOG (lattice-best-path:main():lattice-best-path.cc:99) For utterance M07UP34A0554I301, best cost 17.89 + 1309.84 = 1327.73 over 498 frames.
M07UP34A0554I301 nahiin 
LOG (lattice-best-path:main():lattice-best-path.cc:99) For utterance M07UP34A0555I300, best cost 18.8966 + 1758.96 = 1777.86 over 498 frames.
M07UP34A0555I300 nahiin 
LOG (lattice-best-path:main():lattice-best-path.cc:99) For utterance M07UP34A0558I42, best cost 14.0299 + 908.613 = 922.643 over 298 frames.
M07UP34A0558I42 haan 
LOG (lattice-best-path:main():lattice-best-path.cc:99) For utterance M07UP34A0559I303, best cost 24.9113 + 1391 = 1415.91 over 498 frames.
M07UP34A0559I303 nahiin 
LOG (lattice-best-path:main():lattice-best-path.cc:99) For utterance M07UP34A0559I44, best cost 23.0552 + 851.584 = 874.639 over 298 frames.
M07UP34A0559I44 haan 
LOG (lattice-best-path:main():lattice-best-path.cc:99) For utterance M07UP34A0561I300, best cost 25.7568 + 1691.81 = 1717.57 over 498 frames.
M07UP34A0561I300 haan 
LOG (lattice-best-path:main():lattice-best-path.cc:99) For utterance M07UP34A0563I303, best cost 39.3333 + 1260.54 = 1299.87 over 498 frames.
M07UP34A0563I303 haan 
LOG (lattice-best-path:main():lattice-best-path.cc:99) For utterance M07UP34A0564I43, best cost 17.8817 + 867.189 = 885.071 over 298 frames.
M07UP34A0564I43 nahiin 
LOG (lattice-best-path:main():lattice-best-path.cc:99) For utterance M07UP34A0566I301, best cost 20.8173 + 1245.66 = 1266.48 over 498 frames.
M07UP34A0566I301 haan 
LOG (lattice-best-path:main():lattice-best-path.cc:99) For utterance M07UP35A0443I41, best cost 15.0342 + 916.05 = 931.084 over 298 frames.
M07UP35A0443I41 haan 
LOG (lattice-best-path:main():lattice-best-path.cc:99) For utterance M07UP35A0446I301, best cost 14.7786 + 1442.25 = 1457.03 over 498 frames.
M07UP35A0446I301 nahiin 
LOG (lattice-best-path:main():lattice-best-path.cc:99) For utterance M07UP35A0448I301, best cost 22.1382 + 1228.63 = 1250.76 over 498 frames.
M07UP35A0448I301 nahiin 
LOG (lattice-best-path:main():lattice-best-path.cc:99) For utterance M07UP35A0450I301, best cost 22.1259 + 1746.6 = 1768.72 over 498 frames.
M07UP35A0450I301 haan 
LOG (lattice-best-path:main():lattice-best-path.cc:99) For utterance M07UP35A0452I303, best cost 32.3201 + 1223.23 = 1255.55 over 498 frames.
M07UP35A0452I303 haan 
LOG (lattice-best-path:main():lattice-best-path.cc:99) For utterance M07UP35A0455I303, best cost 18.6748 + 1214.86 = 1233.53 over 498 frames.
M07UP35A0455I303 nahiin 
LOG (lattice-best-path:main():lattice-best-path.cc:99) For utterance M07UP35A0455I426, best cost 14.6519 + 981.236 = 995.888 over 298 frames.
M07UP35A0455I426 nahiin 
LOG (lattice-best-path:main():lattice-best-path.cc:99) For utterance M07UP35A0456I43, best cost 18.4922 + 908.436 = 926.928 over 298 frames.
M07UP35A0456I43 haan 
LOG (lattice-best-path:main():lattice-best-path.cc:99) For utterance M07UP35A0457I41, best cost 19.527 + 961.592 = 981.119 over 298 frames.
M07UP35A0457I41 haan 
LOG (lattice-best-path:main():lattice-best-path.cc:99) For utterance M07UP35A0459I303, best cost 16.2254 + 1293.49 = 1309.71 over 498 frames.
M07UP35A0459I303 haan 
LOG (lattice-best-path:main():lattice-best-path.cc:99) For utterance M07UP36A0825I301, best cost 32.2063 + 1433.87 = 1466.08 over 498 frames.
M07UP36A0825I301 nahiin 
LOG (lattice-best-path:main():lattice-best-path.cc:99) For utterance M07UP36A0825I40, best cost 11.9046 + 854.797 = 866.701 over 298 frames.
M07UP36A0825I40 nahiin 
LOG (lattice-best-path:main():lattice-best-path.cc:99) For utterance M07UP36A0827I300, best cost 24.1903 + 1178.34 = 1202.53 over 498 frames.
M07UP36A0827I300 haan 
LOG (lattice-best-path:main():lattice-best-path.cc:99) For utterance M07UP36A0829I302, best cost 13.9202 + 1412.32 = 1426.24 over 498 frames.
M07UP36A0829I302 nahiin 
LOG (lattice-best-path:main():lattice-best-path.cc:99) For utterance M07UP36A0832I302, best cost 24.4961 + 1492.55 = 1517.05 over 498 frames.
M07UP36A0832I302 nahiin 
LOG (lattice-best-path:main():lattice-best-path.cc:99) For utterance M07UP36A0840I41, best cost 14.7932 + 724.109 = 738.902 over 298 frames.
M07UP36A0840I41 haan 
LOG (lattice-best-path:main():lattice-best-path.cc:99) For utterance M07UP37A0301I42, best cost 11.2266 + 634.927 = 646.154 over 298 frames.
M07UP37A0301I42 haan 
LOG (lattice-best-path:main():lattice-best-path.cc:99) For utterance M07UP37A0302I45, best cost 9.89728 + 1000.82 = 1010.72 over 298 frames.
M07UP37A0302I45 haan 
LOG (lattice-best-path:main():lattice-best-path.cc:99) For utterance M07UP37A0306I47, best cost 13.9165 + 1094.21 = 1108.13 over 298 frames.
M07UP37A0306I47 haan 
LOG (lattice-best-path:main():lattice-best-path.cc:99) For utterance M07UP37A0307I303, best cost 14.1291 + 1723.09 = 1737.22 over 498 frames.
M07UP37A0307I303 nahiin 
LOG (lattice-best-path:main():lattice-best-path.cc:99) For utterance M07UP37A0309I40, best cost 7.85127 + 1115.25 = 1123.1 over 298 frames.
M07UP37A0309I40 nahiin 
LOG (lattice-best-path:main():lattice-best-path.cc:99) For utterance M07UP37A0309I44, best cost 13.3519 + 1013.6 = 1026.95 over 300 frames.
M07UP37A0309I44 haan 
LOG (lattice-best-path:main():lattice-best-path.cc:99) For utterance M07UP37A0311I43, best cost 16.0712 + 833.017 = 849.089 over 298 frames.
M07UP37A0311I43 nahiin 
LOG (lattice-best-path:main():lattice-best-path.cc:99) For utterance M07UP37A0311I44, best cost 13.4211 + 833.779 = 847.2 over 298 frames.
M07UP37A0311I44 haan 
LOG (lattice-best-path:main():lattice-best-path.cc:99) For utterance M07UP37A0311I48, best cost 11.703 + 691.359 = 703.062 over 300 frames.
M07UP37A0311I48 haan 
LOG (lattice-best-path:main():lattice-best-path.cc:99) For utterance M07UP37A0313I427, best cost 10.2392 + 886.987 = 897.226 over 298 frames.
M07UP37A0313I427 nahiin 
LOG (lattice-best-path:main():lattice-best-path.cc:99) For utterance M07UP37A0314I300, best cost 19.1177 + 1628.85 = 1647.97 over 498 frames.
M07UP37A0314I300 nahiin 
LOG (lattice-best-path:main():lattice-best-path.cc:99) For utterance M07UP37A0316I305, best cost 9.89307 + 1800.28 = 1810.18 over 498 frames.
M07UP37A0316I305 nahiin 
LOG (lattice-best-path:main():lattice-best-path.cc:99) For utterance M07UP37A0317I47, best cost 12.9213 + 820.419 = 833.34 over 298 frames.
M07UP37A0317I47 haan 
LOG (lattice-best-path:main():lattice-best-path.cc:99) For utterance M07UP37A0317I48, best cost 15.1231 + 1031.57 = 1046.7 over 298 frames.
M07UP37A0317I48 nahiin 
LOG (lattice-best-path:main():lattice-best-path.cc:99) For utterance M07UP37A0319I301, best cost 14.0254 + 1774.59 = 1788.61 over 498 frames.
M07UP37A0319I301 nahiin 
LOG (lattice-best-path:main():lattice-best-path.cc:99) For utterance M07UP38A0103I43, best cost 13.5423 + 875.756 = 889.299 over 298 frames.
M07UP38A0103I43 haan 
LOG (lattice-best-path:main():lattice-best-path.cc:99) For utterance M07UP38A0107I43, best cost 11.6871 + 894.322 = 906.009 over 298 frames.
M07UP38A0107I43 haan 
LOG (lattice-best-path:main():lattice-best-path.cc:99) For utterance M07UP39A0774I301, best cost 18.9081 + 1251.41 = 1270.32 over 498 frames.
M07UP39A0774I301 nahiin 
LOG (lattice-best-path:main():lattice-best-path.cc:99) For utterance M07UP39A0776I302, best cost 10.3949 + 1228.55 = 1238.94 over 498 frames.
M07UP39A0776I302 nahiin 
LOG (lattice-best-path:main():lattice-best-path.cc:99) For utterance M07UP39A0777I300, best cost 24.2567 + 1326.8 = 1351.06 over 498 frames.
M07UP39A0777I300 haan 
LOG (lattice-best-path:main():lattice-best-path.cc:99) For utterance M07UP39A0777I423, best cost 9.60065 + 681.817 = 691.418 over 298 frames.
M07UP39A0777I423 nahiin 
LOG (lattice-best-path:main():lattice-best-path.cc:99) For utterance M07UP39A0778I303, best cost 18.6465 + 1432.31 = 1450.96 over 498 frames.
M07UP39A0778I303 haan 
LOG (lattice-best-path:main():lattice-best-path.cc:99) For utterance M07UP39A0781I501, best cost 16.8513 + 1085.81 = 1102.66 over 398 frames.
M07UP39A0781I501 nahiin 
LOG (lattice-best-path:main():lattice-best-path.cc:99) For utterance M07UP41A0273I301, best cost 12.4353 + 1818.1 = 1830.54 over 498 frames.
M07UP41A0273I301 nahiin 
LOG (lattice-best-path:main():lattice-best-path.cc:99) For utterance M07UP41A0273I47, best cost 10.6957 + 953.317 = 964.013 over 298 frames.
M07UP41A0273I47 nahiin 
LOG (lattice-best-path:main():lattice-best-path.cc:99) For utterance M07UP41A0275I300, best cost 21.2812 + 1209.32 = 1230.6 over 498 frames.
M07UP41A0275I300 haan 
LOG (lattice-best-path:main():lattice-best-path.cc:99) For utterance M07UP41A0277I300, best cost 12.3409 + 1573.14 = 1585.48 over 498 frames.
M07UP41A0277I300 nahiin 
LOG (lattice-best-path:main():lattice-best-path.cc:99) For utterance M07UP41A0277I43, best cost 11.8395 + 1040.04 = 1051.88 over 298 frames.
M07UP41A0277I43 nahiin 
LOG (lattice-best-path:main():lattice-best-path.cc:99) For utterance M07UP41A0279I301, best cost 16.7638 + 1542.84 = 1559.6 over 498 frames.
M07UP41A0279I301 haan 
LOG (lattice-best-path:main():lattice-best-path.cc:99) For utterance M07UP41A0279I302, best cost 15.276 + 1443.67 = 1458.95 over 498 frames.
M07UP41A0279I302 haan 
LOG (lattice-best-path:main():lattice-best-path.cc:99) For utterance M07UP41A0279I47, best cost 15.1424 + 1095.21 = 1110.35 over 298 frames.
M07UP41A0279I47 nahiin 
LOG (lattice-best-path:main():lattice-best-path.cc:99) For utterance M07UP41A0280I42, best cost 13.5457 + 935.763 = 949.309 over 298 frames.
M07UP41A0280I42 nahiin 
LOG (lattice-best-path:main():lattice-best-path.cc:99) For utterance M07UP41A0280I45, best cost 13.1649 + 1078.2 = 1091.36 over 298 frames.
M07UP41A0280I45 nahiin 
LOG (lattice-best-path:main():lattice-best-path.cc:99) For utterance M07UP41A0283I48, best cost 11.8131 + 683.886 = 695.699 over 298 frames.
M07UP41A0283I48 nahiin 
LOG (lattice-best-path:main():lattice-best-path.cc:99) For utterance M07UP41A0289I303, best cost 23.6654 + 1533.81 = 1557.48 over 498 frames.
M07UP41A0289I303 nahiin 
LOG (lattice-best-path:main():lattice-best-path.cc:99) For utterance M07UP41A0289I44, best cost 12.538 + 815.378 = 827.915 over 300 frames.
M07UP41A0289I44 nahiin 
LOG (lattice-best-path:main():lattice-best-path.cc:99) For utterance M07UP41A0290I47, best cost 15.5436 + 818.3 = 833.844 over 298 frames.
M07UP41A0290I47 haan 
LOG (lattice-best-path:main():lattice-best-path.cc:99) For utterance M07UP41A0291I43, best cost 13.2156 + 755.825 = 769.041 over 298 frames.
M07UP41A0291I43 haan 
LOG (lattice-best-path:main():lattice-best-path.cc:99) For utterance M07UP41A0291I46, best cost 12.7853 + 822.703 = 835.488 over 298 frames.
M07UP41A0291I46 haan 
LOG (lattice-best-path:main():lattice-best-path.cc:99) For utterance M07UP42A0111I46, best cost 16.8861 + 768.934 = 785.82 over 298 frames.
M07UP42A0111I46 haan 
LOG (lattice-best-path:main():lattice-best-path.cc:99) For utterance M07UP42A0116I430, best cost 12.0593 + 968.646 = 980.705 over 298 frames.
M07UP42A0116I430 haan 
LOG (lattice-best-path:main():lattice-best-path.cc:99) For utterance M07UP42A0117I419, best cost 14.0933 + 862.697 = 876.79 over 298 frames.
M07UP42A0117I419 haan 
LOG (lattice-best-path:main():lattice-best-path.cc:99) For utterance M07UP42A0117I423, best cost 12.1428 + 953.342 = 965.485 over 298 frames.
M07UP42A0117I423 nahiin 
LOG (lattice-best-path:main():lattice-best-path.cc:99) For utterance M07UP42A0119I300, best cost 13.7351 + 1730.22 = 1743.96 over 498 frames.
M07UP42A0119I300 haan 
LOG (lattice-best-path:main():lattice-best-path.cc:99) For utterance M07UP42A0119I46, best cost 16.5506 + 1019.07 = 1035.62 over 298 frames.
M07UP42A0119I46 haan 
LOG (lattice-best-path:main():lattice-best-path.cc:99) For utterance M07UP42A0120I418, best cost 17.146 + 893.605 = 910.751 over 298 frames.
M07UP42A0120I418 haan 
LOG (lattice-best-path:main():lattice-best-path.cc:99) For utterance M07UP42A0120I424, best cost 16.7561 + 893.892 = 910.648 over 298 frames.
M07UP42A0120I424 nahiin 
LOG (lattice-best-path:main():lattice-best-path.cc:99) For utterance M07UP42A0120I429, best cost 13.9359 + 970.349 = 984.285 over 298 frames.
M07UP42A0120I429 haan 
LOG (lattice-best-path:main():lattice-best-path.cc:99) For utterance M07UP42A0122I302, best cost 14.915 + 1524.49 = 1539.4 over 498 frames.
M07UP42A0122I302 nahiin 
LOG (lattice-best-path:main():lattice-best-path.cc:99) For utterance M07UP42A0122I424, best cost 15.2962 + 944.615 = 959.911 over 298 frames.
M07UP42A0122I424 haan 
LOG (lattice-best-path:main():lattice-best-path.cc:99) For utterance M07UP42A0122I46, best cost 17.5351 + 918.724 = 936.26 over 298 frames.
M07UP42A0122I46 haan 
LOG (lattice-best-path:main():lattice-best-path.cc:99) For utterance M07UP42A0123I42, best cost 15.9705 + 934.674 = 950.644 over 298 frames.
M07UP42A0123I42 haan 
LOG (lattice-best-path:main():lattice-best-path.cc:99) For utterance M07UP42A0123I424, best cost 10.9362 + 996.746 = 1007.68 over 298 frames.
M07UP42A0123I424 nahiin 
LOG (lattice-best-path:main():lattice-best-path.cc:99) For utterance M07UP42A0124I45, best cost 15.6555 + 854.025 = 869.68 over 298 frames.
M07UP42A0124I45 haan 
LOG (lattice-best-path:main():lattice-best-path.cc:99) For utterance M07UP42A0126I437, best cost 14.3659 + 927.927 = 942.293 over 298 frames.
M07UP42A0126I437 nahiin 
LOG (lattice-best-path:main():lattice-best-path.cc:99) For utterance M07UP43A0148I300, best cost 21.9097 + 1677.63 = 1699.54 over 498 frames.
M07UP43A0148I300 nahiin 
LOG (lattice-best-path:main():lattice-best-path.cc:99) For utterance M07UP43A0151I42, best cost 10.0367 + 1082.38 = 1092.41 over 298 frames.
M07UP43A0151I42 nahiin 
LOG (lattice-best-path:main():lattice-best-path.cc:99) For utterance M07UP43A0154I43, best cost 13.5415 + 767.307 = 780.848 over 298 frames.
M07UP43A0154I43 haan 
LOG (lattice-best-path:main():lattice-best-path.cc:99) For utterance M07UP43A0154I44, best cost 16.0886 + 806.374 = 822.463 over 298 frames.
M07UP43A0154I44 haan 
LOG (lattice-best-path:main():lattice-best-path.cc:99) For utterance M07UP43A0158I41, best cost 9.71077 + 955.136 = 964.847 over 298 frames.
M07UP43A0158I41 nahiin 
LOG (lattice-best-path:main():lattice-best-path.cc:99) For utterance M07UP45A0614I48, best cost 11.3492 + 949.204 = 960.554 over 298 frames.
M07UP45A0614I48 haan 
LOG (lattice-best-path:main():lattice-best-path.cc:99) For utterance M07UP45A0616I43, best cost 14.0475 + 886.814 = 900.862 over 298 frames.
M07UP45A0616I43 haan 
LOG (lattice-best-path:main():lattice-best-path.cc:99) For utterance M07UP45A0624I41, best cost 18.2412 + 873.087 = 891.328 over 298 frames.
M07UP45A0624I41 haan 
LOG (lattice-best-path:main():lattice-best-path.cc:99) For utterance M07UP45A0624I44, best cost 22.0515 + 866.692 = 888.743 over 298 frames.
M07UP45A0624I44 nahiin 
LOG (lattice-best-path:main():lattice-best-path.cc:99) For utterance M07UP45A0625I41, best cost 17.1876 + 943.235 = 960.423 over 298 frames.
M07UP45A0625I41 nahiin 
LOG (lattice-best-path:main():lattice-best-path.cc:99) For utterance M07UP45A0627I43, best cost 9.18978 + 717.26 = 726.45 over 298 frames.
M07UP45A0627I43 haan 
LOG (lattice-best-path:main():lattice-best-path.cc:99) For utterance M07UP45A0628I41, best cost 15.9701 + 921.278 = 937.248 over 298 frames.
M07UP45A0628I41 haan 
LOG (lattice-best-path:main():lattice-best-path.cc:99) For utterance M07UP45A0629I303, best cost 20.1431 + 1702.59 = 1722.73 over 498 frames.
M07UP45A0629I303 nahiin 
LOG (lattice-best-path:main():lattice-best-path.cc:99) For utterance M07UP45A0634I48, best cost 17.8092 + 823.011 = 840.82 over 298 frames.
M07UP45A0634I48 haan 
LOG (lattice-best-path:main():lattice-best-path.cc:99) For utterance M07UP45A0635I42, best cost 17.2003 + 916.193 = 933.393 over 298 frames.
M07UP45A0635I42 haan 
LOG (lattice-best-path:main():lattice-best-path.cc:99) For utterance M07UP45A0636I300, best cost 14.6401 + 1114.58 = 1129.22 over 498 frames.
M07UP45A0636I300 haan 
LOG (lattice-best-path:main():lattice-best-path.cc:99) For utterance M07UP48A0013I417, best cost 16.5628 + 871.276 = 887.838 over 298 frames.
M07UP48A0013I417 haan 
LOG (lattice-best-path:main():lattice-best-path.cc:99) For utterance M07UP48A0013I43, best cost 19.2458 + 929.588 = 948.833 over 298 frames.
M07UP48A0013I43 nahiin 
LOG (lattice-best-path:main():lattice-best-path.cc:99) For utterance M07UP48A0014I44, best cost 12.6307 + 950.282 = 962.912 over 298 frames.
M07UP48A0014I44 nahiin 
LOG (lattice-best-path:main():lattice-best-path.cc:99) For utterance M07UP48A0015I422, best cost 15.1737 + 910.264 = 925.438 over 298 frames.
M07UP48A0015I422 nahiin 
LOG (lattice-best-path:main():lattice-best-path.cc:99) For utterance M07UP48A0018I422, best cost 15.2196 + 987.273 = 1002.49 over 298 frames.
M07UP48A0018I422 nahiin 
LOG (lattice-best-path:main():lattice-best-path.cc:99) For utterance M07UP48A0020I43, best cost 10.6882 + 758.359 = 769.047 over 298 frames.
M07UP48A0020I43 haan 
LOG (lattice-best-path:main():lattice-best-path.cc:99) For utterance M07UP48A0021I45, best cost 16.4348 + 746.334 = 762.768 over 298 frames.
M07UP48A0021I45 nahiin 
LOG (lattice-best-path:main():lattice-best-path.cc:99) For utterance M07UP48A0024I49, best cost 20.4278 + 953.273 = 973.701 over 304 frames.
M07UP48A0024I49 nahiin 
LOG (lattice-best-path:main():lattice-best-path.cc:99) For utterance M07UP48A0028I45, best cost 7.92091 + 961.186 = 969.107 over 298 frames.
M07UP48A0028I45 nahiin 
LOG (lattice-best-path:main():lattice-best-path.cc:99) For utterance M07UP48A0031I44, best cost 12.6538 + 1009.87 = 1022.52 over 298 frames.
M07UP48A0031I44 nahiin 
LOG (lattice-best-path:main():lattice-best-path.cc:99) For utterance M07UP49A0861I41, best cost 13.871 + 731.937 = 745.808 over 300 frames.
M07UP49A0861I41 haan 
LOG (lattice-best-path:main():lattice-best-path.cc:99) For utterance M07UP49A0863I300, best cost 28.4545 + 1506.74 = 1535.2 over 498 frames.
M07UP49A0863I300 nahiin 
LOG (lattice-best-path:main():lattice-best-path.cc:99) For utterance M07UP49A0866I504, best cost 16.3339 + 1096.76 = 1113.09 over 298 frames.
M07UP49A0866I504 nahiin 
LOG (lattice-best-path:main():lattice-best-path.cc:99) For utterance M07UP49A0869I301, best cost 19.9589 + 1494.11 = 1514.07 over 498 frames.
M07UP49A0869I301 nahiin 
LOG (lattice-best-path:main():lattice-best-path.cc:99) For utterance M07UP49A0880I43, best cost 22.9648 + 898.264 = 921.229 over 298 frames.
M07UP49A0880I43 haan 
LOG (lattice-best-path:main():lattice-best-path.cc:99) For utterance M07UP51A0032I301, best cost 11.3257 + 1474.34 = 1485.67 over 430 frames.
M07UP51A0032I301 nahiin 
LOG (lattice-best-path:main():lattice-best-path.cc:99) For utterance M07UP51A0033I42, best cost 18.942 + 932.602 = 951.544 over 298 frames.
M07UP51A0033I42 haan 
LOG (lattice-best-path:main():lattice-best-path.cc:99) For utterance M07UP51A0033I48, best cost 11.9591 + 1073.26 = 1085.22 over 298 frames.
M07UP51A0033I48 haan 
LOG (lattice-best-path:main():lattice-best-path.cc:99) For utterance M07UP51A0035I302, best cost 26.1722 + 1508.85 = 1535.03 over 498 frames.
M07UP51A0035I302 nahiin 
LOG (lattice-best-path:main():lattice-best-path.cc:99) For utterance M07UP51A0036I300, best cost 17.8444 + 1623.44 = 1641.29 over 498 frames.
M07UP51A0036I300 haan 
LOG (lattice-best-path:main():lattice-best-path.cc:99) For utterance M07UP51A0036I44, best cost 19.1024 + 847.008 = 866.11 over 298 frames.
M07UP51A0036I44 haan 
LOG (lattice-best-path:main():lattice-best-path.cc:99) For utterance M07UP51A0036I45, best cost 19.3274 + 866.887 = 886.214 over 298 frames.
M07UP51A0036I45 haan 
LOG (lattice-best-path:main():lattice-best-path.cc:99) For utterance M07UP51A0036I48, best cost 16.6791 + 917.791 = 934.471 over 298 frames.
M07UP51A0036I48 haan 
LOG (lattice-best-path:main():lattice-best-path.cc:99) For utterance M07UP51A0038I48, best cost 15.5423 + 968.774 = 984.317 over 298 frames.
M07UP51A0038I48 haan 
LOG (lattice-best-path:main():lattice-best-path.cc:99) For utterance M07UP51A0041I300, best cost 19.7969 + 1077.31 = 1097.11 over 498 frames.
M07UP51A0041I300 haan 
LOG (lattice-best-path:main():lattice-best-path.cc:99) For utterance M07UP51A0042I302, best cost 25.2648 + 1270.33 = 1295.59 over 498 frames.
M07UP51A0042I302 haan 
LOG (lattice-best-path:main():lattice-best-path.cc:99) For utterance M07UP51A0043I410, best cost 11.5536 + 874.647 = 886.201 over 298 frames.
M07UP51A0043I410 haan 
LOG (lattice-best-path:main():lattice-best-path.cc:99) For utterance M07UP51A0043I44, best cost 22.4655 + 931.544 = 954.009 over 298 frames.
M07UP51A0043I44 nahiin 
LOG (lattice-best-path:main():lattice-best-path.cc:99) For utterance M07UP51A0043I45, best cost 19.1238 + 750.65 = 769.774 over 298 frames.
M07UP51A0043I45 haan 
LOG (lattice-best-path:main():lattice-best-path.cc:99) For utterance M07UP51A0044I303, best cost 30.7589 + 1303.04 = 1333.8 over 498 frames.
M07UP51A0044I303 nahiin 
LOG (lattice-best-path:main():lattice-best-path.cc:99) For utterance M07UP51A0045I412, best cost 16.3295 + 952.403 = 968.732 over 298 frames.
M07UP51A0045I412 haan 
LOG (lattice-best-path:main():lattice-best-path.cc:99) For utterance M07UP51A0046I412, best cost 17.4213 + 760.717 = 778.139 over 298 frames.
M07UP51A0046I412 haan 
LOG (lattice-best-path:main():lattice-best-path.cc:99) For utterance M07UP51A0046I43, best cost 18.6033 + 891.452 = 910.055 over 298 frames.
M07UP51A0046I43 nahiin 
LOG (lattice-best-path:main():lattice-best-path.cc:99) For utterance M07UP51A0049I44, best cost 16.1007 + 1027.65 = 1043.75 over 298 frames.
M07UP51A0049I44 nahiin 
LOG (lattice-best-path:main():lattice-best-path.cc:99) For utterance M07UP51A0049I48, best cost 14.4666 + 1035.44 = 1049.91 over 298 frames.
M07UP51A0049I48 haan 
LOG (lattice-best-path:main():lattice-best-path.cc:99) For utterance M07UP51A0050I300, best cost 23.6084 + 1342.67 = 1366.27 over 498 frames.
M07UP51A0050I300 haan 
LOG (lattice-best-path:main():lattice-best-path.cc:99) For utterance M07UP51A0050I42, best cost 19.2018 + 865.61 = 884.812 over 298 frames.
M07UP51A0050I42 haan 
LOG (lattice-best-path:main():lattice-best-path.cc:99) For utterance M07UP51A0050I45, best cost 15.8977 + 914.169 = 930.066 over 298 frames.
M07UP51A0050I45 haan 
LOG (lattice-best-path:main():lattice-best-path.cc:99) For utterance M07UP51A0052I301, best cost 20.4981 + 1247.43 = 1267.92 over 498 frames.
M07UP51A0052I301 nahiin 
LOG (lattice-best-path:main():lattice-best-path.cc:99) For utterance M07UP51A0052I303, best cost 13.3133 + 1159.08 = 1172.39 over 498 frames.
M07UP51A0052I303 haan 
LOG (lattice-best-path:main():lattice-best-path.cc:99) For utterance M07UP51A0052I412, best cost 16.6708 + 752.011 = 768.682 over 298 frames.
M07UP51A0052I412 haan 
LOG (lattice-best-path:main():lattice-best-path.cc:99) For utterance M07UP51A0052I45, best cost 14.9801 + 890.158 = 905.138 over 298 frames.
M07UP51A0052I45 haan 
LOG (lattice-best-path:main():lattice-best-path.cc:99) For utterance M07UP51A0053I302, best cost 23.4533 + 1283.78 = 1307.24 over 498 frames.
M07UP51A0053I302 haan 
LOG (lattice-best-path:main():lattice-best-path.cc:99) For utterance M07UP51A0054I40, best cost 15.2188 + 1035.75 = 1050.97 over 298 frames.
M07UP51A0054I40 nahiin 
LOG (lattice-best-path:main():lattice-best-path.cc:99) For utterance M07UP51A0054I47, best cost 15.0019 + 1000.6 = 1015.6 over 298 frames.
M07UP51A0054I47 haan 
LOG (lattice-best-path:main():lattice-best-path.cc:99) For utterance M07UP51A0094I411, best cost 22.0728 + 804.32 = 826.393 over 298 frames.
M07UP51A0094I411 nahiin 
LOG (lattice-best-path:main():lattice-best-path.cc:99) For utterance M07UP52A0193I300, best cost 17.0264 + 1373.17 = 1390.2 over 498 frames.
M07UP52A0193I300 nahiin 
LOG (lattice-best-path:main():lattice-best-path.cc:99) For utterance M07UP52A0193I302, best cost 24.6548 + 1305.86 = 1330.51 over 498 frames.
M07UP52A0193I302 haan 
LOG (lattice-best-path:main():lattice-best-path.cc:99) For utterance M07UP52A0193I43, best cost 12.7306 + 745.989 = 758.719 over 298 frames.
M07UP52A0193I43 haan 
LOG (lattice-best-path:main():lattice-best-path.cc:99) For utterance M07UP52A0195I45, best cost 13.7745 + 1020.03 = 1033.81 over 298 frames.
M07UP52A0195I45 nahiin 
LOG (lattice-best-path:main():lattice-best-path.cc:99) For utterance M07UP52A0196I300, best cost 23.7479 + 1414.3 = 1438.05 over 498 frames.
M07UP52A0196I300 nahiin 
LOG (lattice-best-path:main():lattice-best-path.cc:99) For utterance M07UP52A0196I41, best cost 8.25999 + 882.089 = 890.349 over 292 frames.
M07UP52A0196I41 haan 
LOG (lattice-best-path:main():lattice-best-path.cc:99) For utterance M07UP52A0199I41, best cost 16.0561 + 1087.41 = 1103.47 over 298 frames.
M07UP52A0199I41 haan 
LOG (lattice-best-path:main():lattice-best-path.cc:99) For utterance M07UP52A0202I302, best cost 17.7227 + 1724.51 = 1742.23 over 498 frames.
M07UP52A0202I302 nahiin 
LOG (lattice-best-path:main():lattice-best-path.cc:99) For utterance M07UP52A0202I40, best cost 12.0561 + 1035.51 = 1047.57 over 298 frames.
M07UP52A0202I40 nahiin 
LOG (lattice-best-path:main():lattice-best-path.cc:99) For utterance M07UP52A0202I45, best cost 14.5231 + 1054.58 = 1069.11 over 298 frames.
M07UP52A0202I45 haan 
LOG (lattice-best-path:main():lattice-best-path.cc:99) For utterance M07UP52A0205I43, best cost 17.718 + 908.132 = 925.85 over 298 frames.
M07UP52A0205I43 nahiin 
LOG (lattice-best-path:main():lattice-best-path.cc:99) For utterance M07UP52A0206I302, best cost 26.2656 + 1397.46 = 1423.73 over 498 frames.
M07UP52A0206I302 haan 
LOG (lattice-best-path:main():lattice-best-path.cc:99) For utterance M07UP52A0206I40, best cost 12.6567 + 1022.58 = 1035.24 over 298 frames.
M07UP52A0206I40 haan 
LOG (lattice-best-path:main():lattice-best-path.cc:99) For utterance M07UP52A0207I42, best cost 17.5027 + 990.145 = 1007.65 over 298 frames.
M07UP52A0207I42 haan 
LOG (lattice-best-path:main():lattice-best-path.cc:99) For utterance M07UP52A0210I300, best cost 16.7208 + 1695.37 = 1712.09 over 498 frames.
M07UP52A0210I300 nahiin 
LOG (lattice-best-path:main():lattice-best-path.cc:99) For utterance M07UP52A0210I43, best cost 18.0513 + 1034.38 = 1052.43 over 298 frames.
M07UP52A0210I43 nahiin 
LOG (lattice-best-path:main():lattice-best-path.cc:99) For utterance M07UP52A0210I603, best cost 31.2068 + 3358.82 = 3390.03 over 998 frames.
M07UP52A0210I603 nahiin 
LOG (lattice-best-path:main():lattice-best-path.cc:99) For utterance M07UP52A0211I300, best cost 18.2401 + 1803.07 = 1821.31 over 500 frames.
M07UP52A0211I300 nahiin 
LOG (lattice-best-path:main():lattice-best-path.cc:99) For utterance M07UP52A0213I45, best cost 12.8415 + 690.929 = 703.771 over 298 frames.
M07UP52A0213I45 nahiin 
LOG (lattice-best-path:main():lattice-best-path.cc:99) For utterance M07UP53A0072I44, best cost 10.8649 + 960.711 = 971.575 over 298 frames.
M07UP53A0072I44 nahiin 
LOG (lattice-best-path:main():lattice-best-path.cc:99) For utterance M07UP53A0076I413, best cost 10.6929 + 975.741 = 986.434 over 298 frames.
M07UP53A0076I413 nahiin 
LOG (lattice-best-path:main():lattice-best-path.cc:99) For utterance M07UP53A0079I42, best cost 13.2778 + 986.366 = 999.644 over 298 frames.
M07UP53A0079I42 haan 
LOG (lattice-best-path:main():lattice-best-path.cc:99) For utterance M07UP53A0080I41, best cost 14.2144 + 666.568 = 680.782 over 298 frames.
M07UP53A0080I41 nahiin 
LOG (lattice-best-path:main():lattice-best-path.cc:99) For utterance M07UP53A0080I413, best cost 18.8386 + 845.367 = 864.205 over 298 frames.
M07UP53A0080I413 nahiin 
LOG (lattice-best-path:main():lattice-best-path.cc:99) For utterance M07UP53A0080I42, best cost 14.2447 + 793.57 = 807.815 over 298 frames.
M07UP53A0080I42 haan 
LOG (lattice-best-path:main():lattice-best-path.cc:99) For utterance M07UP53A0081I424, best cost 9.5448 + 696.623 = 706.168 over 298 frames.
M07UP53A0081I424 nahiin 
LOG (lattice-best-path:main():lattice-best-path.cc:99) For utterance M07UP53A0083I419, best cost 17.6819 + 948.192 = 965.873 over 298 frames.
M07UP53A0083I419 nahiin 
LOG (lattice-best-path:main():lattice-best-path.cc:99) For utterance M07UP53A0085I45, best cost 15.9634 + 1033.17 = 1049.13 over 300 frames.
M07UP53A0085I45 haan 
LOG (lattice-best-path:main():lattice-best-path.cc:99) For utterance M07UP53A0088I413, best cost 14.2693 + 1005.3 = 1019.57 over 298 frames.
M07UP53A0088I413 nahiin 
LOG (lattice-best-path:main():lattice-best-path.cc:99) For utterance M07UP53A0090I410, best cost 14.9725 + 1062.83 = 1077.8 over 300 frames.
M07UP53A0090I410 nahiin 
LOG (lattice-best-path:main():lattice-best-path.cc:99) For utterance M07UP54A1272I428, best cost 12.9306 + 924.813 = 937.744 over 298 frames.
M07UP54A1272I428 nahiin 
LOG (lattice-best-path:main():lattice-best-path.cc:99) For utterance M07UP54A1280I300, best cost 23.0322 + 1490.95 = 1513.98 over 498 frames.
M07UP54A1280I300 nahiin 
LOG (lattice-best-path:main():lattice-best-path.cc:99) For utterance M07UP54A1290I45, best cost 17.1255 + 976.488 = 993.614 over 300 frames.
M07UP54A1290I45 nahiin 
LOG (lattice-best-path:main():lattice-best-path.cc:99) For utterance M07UP55A0462I422, best cost 15.4543 + 867.039 = 882.494 over 298 frames.
M07UP55A0462I422 nahiin 
LOG (lattice-best-path:main():lattice-best-path.cc:99) For utterance M07UP55A0464I303, best cost 19.4279 + 1326.89 = 1346.32 over 498 frames.
M07UP55A0464I303 haan 
LOG (lattice-best-path:main():lattice-best-path.cc:99) For utterance M07UP55A0464I42, best cost 18.0063 + 905.218 = 923.225 over 298 frames.
M07UP55A0464I42 nahiin 
LOG (lattice-best-path:main():lattice-best-path.cc:99) For utterance M07UP55A0469I300, best cost 24.1957 + 1451.67 = 1475.87 over 498 frames.
M07UP55A0469I300 nahiin 
LOG (lattice-best-path:main():lattice-best-path.cc:99) For utterance M07UP55A0469I40, best cost 21.1338 + 803.661 = 824.795 over 298 frames.
M07UP55A0469I40 haan 
LOG (lattice-best-path:main():lattice-best-path.cc:99) For utterance M07UP55A0470I301, best cost 23.2104 + 1379.75 = 1402.96 over 498 frames.
M07UP55A0470I301 haan 
LOG (lattice-best-path:main():lattice-best-path.cc:99) For utterance M07UP55A0474I40, best cost 14.5755 + 1066.61 = 1081.18 over 298 frames.
M07UP55A0474I40 haan 
LOG (lattice-best-path:main():lattice-best-path.cc:99) For utterance M07UP55A0476I42, best cost 19.602 + 1034.78 = 1054.39 over 298 frames.
M07UP55A0476I42 nahiin 
LOG (lattice-best-path:main():lattice-best-path.cc:99) For utterance M07UP55A0477I301, best cost 20.4105 + 1326.59 = 1347 over 498 frames.
M07UP55A0477I301 haan 
LOG (lattice-best-path:main():lattice-best-path.cc:99) For utterance M07UP55A0480I300, best cost 15.9479 + 1512.65 = 1528.6 over 498 frames.
M07UP55A0480I300 nahiin 
LOG (lattice-best-path:main():lattice-best-path.cc:99) For utterance M07UP56A0695I300, best cost 24.4541 + 1672.76 = 1697.21 over 498 frames.
M07UP56A0695I300 haan 
LOG (lattice-best-path:main():lattice-best-path.cc:99) For utterance M07UP56A0699I301, best cost 34.4422 + 1424.6 = 1459.05 over 498 frames.
M07UP56A0699I301 haan 
LOG (lattice-best-path:main():lattice-best-path.cc:99) For utterance M07UP56A0706I43, best cost 16.9573 + 986.105 = 1003.06 over 298 frames.
M07UP56A0706I43 nahiin 
LOG (lattice-best-path:main():lattice-best-path.cc:99) For utterance M07UP56A0707I45, best cost 12.2628 + 685.532 = 697.794 over 298 frames.
M07UP56A0707I45 nahiin 
LOG (lattice-best-path:main():lattice-best-path.cc:99) For utterance M07UP56A0708I47, best cost 19.5331 + 952.932 = 972.465 over 298 frames.
M07UP56A0708I47 haan 
LOG (lattice-best-path:main():lattice-best-path.cc:99) For utterance M07UP56A0710I421, best cost 20.4546 + 900.87 = 921.325 over 298 frames.
M07UP56A0710I421 haan 
LOG (lattice-best-path:main():lattice-best-path.cc:99) For utterance M07UP57A0404I43, best cost 17.4744 + 798.649 = 816.124 over 298 frames.
M07UP57A0404I43 haan 
LOG (lattice-best-path:main():lattice-best-path.cc:99) For utterance M07UP57A0406I300, best cost 20.2954 + 1372.95 = 1393.25 over 498 frames.
M07UP57A0406I300 haan 
LOG (lattice-best-path:main():lattice-best-path.cc:99) For utterance M07UP57A0409I42, best cost 9.86802 + 754.611 = 764.479 over 298 frames.
M07UP57A0409I42 nahiin 
LOG (lattice-best-path:main():lattice-best-path.cc:99) For utterance M07UP57A0411I301, best cost 16.0594 + 1485.97 = 1502.03 over 498 frames.
M07UP57A0411I301 nahiin 
LOG (lattice-best-path:main():lattice-best-path.cc:99) For utterance M07UP57A0413I301, best cost 18.0841 + 1219.43 = 1237.52 over 498 frames.
M07UP57A0413I301 nahiin 
LOG (lattice-best-path:main():lattice-best-path.cc:99) For utterance M07UP57A0413I41, best cost 11.7529 + 1007.86 = 1019.61 over 298 frames.
M07UP57A0413I41 nahiin 
LOG (lattice-best-path:main():lattice-best-path.cc:99) For utterance M07UP57A0413I507, best cost 10.9111 + 1006.13 = 1017.05 over 298 frames.
M07UP57A0413I507 haan 
LOG (lattice-best-path:main():lattice-best-path.cc:99) For utterance M07UP57A0416I301, best cost 23.1648 + 1632.33 = 1655.5 over 498 frames.
M07UP57A0416I301 haan 
LOG (lattice-best-path:main():lattice-best-path.cc:99) For utterance M07UP57A0417I301, best cost 23.1783 + 1449.67 = 1472.85 over 498 frames.
M07UP57A0417I301 haan 
LOG (lattice-best-path:main():lattice-best-path.cc:99) For utterance M07UP57A0417I42, best cost 14.9092 + 992.352 = 1007.26 over 298 frames.
M07UP57A0417I42 haan 
LOG (lattice-best-path:main():lattice-best-path.cc:99) For utterance M07UP57A0418I303, best cost 21.1199 + 1570.52 = 1591.64 over 498 frames.
M07UP57A0418I303 haan 
LOG (lattice-best-path:main():lattice-best-path.cc:99) For utterance M07UP60A0942I416, best cost 9.75994 + 688.742 = 698.502 over 298 frames.
M07UP60A0942I416 haan 
LOG (lattice-best-path:main():lattice-best-path.cc:99) For utterance M07UP60A0942I418, best cost 12.4398 + 849.463 = 861.903 over 298 frames.
M07UP60A0942I418 haan 
LOG (lattice-best-path:main():lattice-best-path.cc:99) For utterance M07UP60A0944I42, best cost 19.3967 + 891.294 = 910.69 over 298 frames.
M07UP60A0944I42 nahiin 
LOG (lattice-best-path:main():lattice-best-path.cc:99) For utterance M07UP60A0946I303, best cost 32.111 + 1487.12 = 1519.23 over 498 frames.
M07UP60A0946I303 haan 
LOG (lattice-best-path:main():lattice-best-path.cc:99) For utterance M07UP60A0954I303, best cost 14.5544 + 1016.96 = 1031.52 over 498 frames.
M07UP60A0954I303 haan 
LOG (lattice-best-path:main():lattice-best-path.cc:99) For utterance M07UP60A0955I301, best cost 24.8085 + 1090.19 = 1114.99 over 498 frames.
M07UP60A0955I301 haan 
LOG (lattice-best-path:main():lattice-best-path.cc:99) For utterance M07UP60A0955I302, best cost 9.99783 + 1014.41 = 1024.4 over 498 frames.
M07UP60A0955I302 nahiin 
LOG (lattice-best-path:main():lattice-best-path.cc:99) For utterance M07UP60A0956I414, best cost 17.4202 + 981.782 = 999.202 over 298 frames.
M07UP60A0956I414 nahiin 
LOG (lattice-best-path:main():lattice-best-path.cc:99) For utterance M07UP60A0957I412, best cost 15.5617 + 828.566 = 844.128 over 298 frames.
M07UP60A0957I412 haan 
LOG (lattice-best-path:main():lattice-best-path.cc:99) For utterance M07UP60A0957I413, best cost 12.9436 + 799.817 = 812.761 over 298 frames.
M07UP60A0957I413 haan 
LOG (lattice-best-path:main():lattice-best-path.cc:99) For utterance M07UP61A0966I300, best cost 17.6401 + 1201.76 = 1219.4 over 498 frames.
M07UP61A0966I300 nahiin 
LOG (lattice-best-path:main():lattice-best-path.cc:99) For utterance M07UP61A0968I301, best cost 20.3982 + 1149.72 = 1170.12 over 498 frames.
M07UP61A0968I301 haan 
LOG (lattice-best-path:main():lattice-best-path.cc:99) For utterance M07UP61A0971I302, best cost 21.0394 + 1270.23 = 1291.27 over 498 frames.
M07UP61A0971I302 nahiin 
LOG (lattice-best-path:main():lattice-best-path.cc:99) For utterance M07UP61A0972I44, best cost 15.8871 + 964.129 = 980.017 over 298 frames.
M07UP61A0972I44 haan 
LOG (lattice-best-path:main():lattice-best-path.cc:99) For utterance M07UP61A0980I301, best cost 23.0526 + 1637.8 = 1660.85 over 498 frames.
M07UP61A0980I301 nahiin 
LOG (lattice-best-path:main():lattice-best-path.cc:99) For utterance M07UP64A0382I300, best cost 31.9454 + 1553.45 = 1585.39 over 498 frames.
M07UP64A0382I300 haan 
LOG (lattice-best-path:main():lattice-best-path.cc:99) For utterance M07UP64A0382I301, best cost 15.0607 + 1635.72 = 1650.78 over 498 frames.
M07UP64A0382I301 nahiin 
LOG (lattice-best-path:main():lattice-best-path.cc:99) For utterance M07UP64A0386I42, best cost 13.1986 + 914.179 = 927.377 over 298 frames.
M07UP64A0386I42 nahiin 
LOG (lattice-best-path:main():lattice-best-path.cc:99) For utterance M07UP64A0389I42, best cost 19.6764 + 712.741 = 732.417 over 298 frames.
M07UP64A0389I42 haan 
LOG (lattice-best-path:main():lattice-best-path.cc:99) For utterance M07UP64A0390I300, best cost 25.2801 + 1329.39 = 1354.67 over 498 frames.
M07UP64A0390I300 haan 
LOG (lattice-best-path:main():lattice-best-path.cc:99) For utterance M07UP64A0391I302, best cost 25.0142 + 1436.26 = 1461.28 over 498 frames.
M07UP64A0391I302 nahiin 
LOG (lattice-best-path:main():lattice-best-path.cc:99) For utterance M07UP64A0391I303, best cost 29.0794 + 1408.17 = 1437.25 over 498 frames.
M07UP64A0391I303 nahiin 
LOG (lattice-best-path:main():lattice-best-path.cc:99) For utterance M07UP64A0392I301, best cost 9.57736 + 982.881 = 992.458 over 498 frames.
M07UP64A0392I301 haan 
LOG (lattice-best-path:main():lattice-best-path.cc:99) For utterance M07UP64A0393I41, best cost 9.66504 + 983.762 = 993.427 over 298 frames.
M07UP64A0393I41 haan 
LOG (lattice-best-path:main():lattice-best-path.cc:99) For utterance M07UP64A0396I43, best cost 17.9163 + 1008.98 = 1026.89 over 300 frames.
M07UP64A0396I43 haan 
LOG (lattice-best-path:main():lattice-best-path.cc:99) For utterance M07UP64A0399I302, best cost 24.8479 + 1449.54 = 1474.39 over 498 frames.
M07UP64A0399I302 nahiin 
LOG (lattice-best-path:main():lattice-best-path.cc:99) For utterance M07UP64A0400I300, best cost 26.5957 + 1563.55 = 1590.14 over 498 frames.
M07UP64A0400I300 haan 
LOG (lattice-scale:main():lattice-scale.cc:90) Done 553 lattices.
LOG (lattice-best-path:main():lattice-best-path.cc:99) For utterance M07UP64A0400I426, best cost 16.9131 + 873.327 = 890.24 over 298 frames.
M07UP64A0400I426 haan 
LOG (lattice-best-path:main():lattice-best-path.cc:99) For utterance M07UP64A0401I43, best cost 13.1693 + 935.603 = 948.772 over 300 frames.
M07UP64A0401I43 haan 
LOG (lattice-best-path:main():lattice-best-path.cc:99) For utterance M07UP66A0674I303, best cost 18.6259 + 1494.08 = 1512.71 over 498 frames.
M07UP66A0674I303 nahiin 
LOG (lattice-best-path:main():lattice-best-path.cc:99) For utterance M07UP66A0676I303, best cost 12.8802 + 1591.44 = 1604.33 over 498 frames.
M07UP66A0676I303 haan 
LOG (lattice-best-path:main():lattice-best-path.cc:99) For utterance M07UP66A0684I43, best cost 16.9383 + 841.999 = 858.937 over 298 frames.
M07UP66A0684I43 haan 
LOG (lattice-best-path:main():lattice-best-path.cc:99) For utterance M07UP66A0685I42, best cost 14.1016 + 872.011 = 886.112 over 298 frames.
M07UP66A0685I42 haan 
LOG (lattice-best-path:main():lattice-best-path.cc:99) For utterance M07UP66A0687I301, best cost 10.3291 + 1071 = 1081.33 over 498 frames.
M07UP66A0687I301 nahiin 
LOG (lattice-best-path:main():lattice-best-path.cc:99) For utterance M07UP66A0688I410, best cost 16.478 + 745.347 = 761.825 over 298 frames.
M07UP66A0688I410 nahiin 
LOG (lattice-best-path:main():lattice-best-path.cc:99) For utterance M07UP66A0692I301, best cost 21.4691 + 1441.9 = 1463.37 over 498 frames.
M07UP66A0692I301 nahiin 
LOG (lattice-best-path:main():lattice-best-path.cc:99) For utterance M07UP72A0730I42, best cost 13.9483 + 913.264 = 927.212 over 298 frames.
M07UP72A0730I42 nahiin 
LOG (lattice-best-path:main():lattice-best-path.cc:99) For utterance M07UP72A0730I46, best cost 16.0862 + 846.421 = 862.507 over 298 frames.
M07UP72A0730I46 haan 
LOG (lattice-best-path:main():lattice-best-path.cc:99) For utterance M07UP72A0731I42, best cost 18.0352 + 1029.54 = 1047.57 over 298 frames.
M07UP72A0731I42 haan 
LOG (lattice-best-path:main():lattice-best-path.cc:99) For utterance M07UP73A0922I300, best cost 13.9123 + 1634.79 = 1648.7 over 498 frames.
M07UP73A0922I300 nahiin 
LOG (lattice-best-path:main():lattice-best-path.cc:99) For utterance M07UP73A0923I41, best cost 12.0982 + 957.75 = 969.848 over 298 frames.
M07UP73A0923I41 nahiin 
LOG (lattice-best-path:main():lattice-best-path.cc:99) For utterance M07UP73A0924I41, best cost 12.0129 + 888.438 = 900.451 over 298 frames.
M07UP73A0924I41 haan 
LOG (lattice-best-path:main():lattice-best-path.cc:99) For utterance M07UP73A0925I42, best cost 10.6918 + 743.066 = 753.758 over 298 frames.
M07UP73A0925I42 haan 
LOG (lattice-best-path:main():lattice-best-path.cc:99) For utterance M07UP73A0927I43, best cost 19.6306 + 837.308 = 856.939 over 298 frames.
M07UP73A0927I43 haan 
LOG (lattice-best-path:main():lattice-best-path.cc:99) For utterance M07UP73A0929I42, best cost 21.0551 + 948.294 = 969.349 over 298 frames.
M07UP73A0929I42 haan 
LOG (lattice-best-path:main():lattice-best-path.cc:99) For utterance M07UP73A0930I43, best cost 24.9476 + 832.54 = 857.488 over 298 frames.
M07UP73A0930I43 haanLOG (lattice-add-penalty:main():lattice-add-penalty.cc:62) Done adding word insertion penalty to 553 lattices.
 
LOG (lattice-best-path:main():lattice-best-path.cc:99) For utterance M07UP73A0931I49, best cost 16.0567 + 938.521 = 954.577 over 298 frames.
M07UP73A0931I49 nahiin 
LOG (lattice-best-path:main():lattice-best-path.cc:99) For utterance M07UP73A0937I42, best cost 14.1576 + 800.141 = 814.299 over 298 frames.
M07UP73A0937I42 haan 
LOG (lattice-best-path:main():lattice-best-path.cc:99) For utterance M07UP73A0938I42, best cost 15.7879 + 800.387 = 816.175 over 298 frames.
M07UP73A0938I42 nahiin 
LOG (lattice-best-path:main():lattice-best-path.cc:99) For utterance M07UP74A0802I303, best cost 28.3288 + 1317.93 = 1346.26 over 498 frames.
M07UP74A0802I303 haan 
LOG (lattice-best-path:main():lattice-best-path.cc:99) For utterance M07UP74A0813I300, best cost 21.0679 + 1226.99 = 1248.06 over 498 frames.
M07UP74A0813I300 haan 
LOG (lattice-best-path:main():lattice-best-path.cc:99) For utterance M07UP74A0814I301, best cost 29.1414 + 1194.94 = 1224.08 over 504 frames.
M07UP74A0814I301 haan 
LOG (lattice-best-path:main():lattice-best-path.cc:99) For utterance M07UP74A0817I42, best cost 18.9206 + 798.243 = 817.164 over 300 frames.
M07UP74A0817I42 nahiin 
LOG (lattice-best-path:main():lattice-best-path.cc:99) For utterance M07UP75A0755I303, best cost 31.5316 + 1422.38 = 1453.91 over 498 frames.
M07UP75A0755I303 nahiin 
LOG (lattice-best-path:main():lattice-best-path.cc:99) For utterance M07UP75A0758I300, best cost 21.1114 + 1403.71 = 1424.82 over 498 frames.
M07UP75A0758I300 haan 
LOG (lattice-best-path:main():lattice-best-path.cc:99) For utterance M07UP75A0764I302, best cost 30.9729 + 1480.12 = 1511.1 over 498 frames.
M07UP75A0764I302 nahiin 
LOG (lattice-best-path:main():lattice-best-path.cc:99) For utterance M07UP75A0764I42, best cost 17.3762 + 921.696 = 939.072 over 298 frames.
M07UP75A0764I42 haan 
LOG (lattice-best-path:main():lattice-best-path.cc:99) For utterance M07UP75A0768I40, best cost 10.3625 + 829.826 = 840.188 over 298 frames.
M07UP75A0768I40 nahiin 
LOG (lattice-best-path:main():lattice-best-path.cc:99) For utterance M07UP75A0769I301, best cost 21.1447 + 1261.37 = 1282.51 over 498 frames.
M07UP75A0769I301 haan 
LOG (lattice-best-path:main():lattice-best-path.cc:99) For utterance M07UP75A0770I303, best cost 23.716 + 1353.58 = 1377.3 over 498 frames.
M07UP75A0770I303 nahiin 
LOG (lattice-best-path:main():lattice-best-path.cc:99) For utterance M07UP75A0771I42, best cost 15.9946 + 860.246 = 876.241 over 298 frames.
M07UP75A0771I42 nahiin 
LOG (lattice-best-path:main():lattice-best-path.cc:99) For utterance M07UP75A0771I43, best cost 15.1667 + 899.473 = 914.64 over 298 frames.
M07UP75A0771I43 nahiin 
LOG (lattice-best-path:main():lattice-best-path.cc:99) For utterance M07UP75A0772I300, best cost 12.7259 + 1295.31 = 1308.04 over 498 frames.
M07UP75A0772I300 nahiin 
LOG (lattice-best-path:main():lattice-best-path.cc:99) For utterance M07UP75A0773I41, best cost 13.6 + 794.025 = 807.625 over 298 frames.
M07UP75A0773I41 nahiin 
LOG (lattice-best-path:main():lattice-best-path.cc:124) Overall cost per frame is 2.96646 = 0.0454851 [graph] + 2.92098 [acoustic] over 207364 frames.
LOG (lattice-best-path:main():lattice-best-path.cc:128) Done 553 lattices, failed for 0
# Accounting: time=1 threads=1
# Ended (code 0) at Thu Jul 21 15:06:45 IST 2016, elapsed time 1 seconds
