# lattice-scale --inv-acoustic-scale=11 "ark:gunzip -c exp/mono/decode/lat.*.gz|" ark:- | lattice-add-penalty --word-ins-penalty=0.0 ark:- ark:- | lattice-best-path --word-symbol-table=exp/mono/graph/words.txt ark:- ark,t:- | utils/int2sym.pl -f 2- exp/mono/graph/words.txt | cat > exp/mono/decode/scoring_kaldi/penalty_0.0/11.txt 
# Started at Thu Jul 21 14:19:36 IST 2016
#
lattice-best-path --word-symbol-table=exp/mono/graph/words.txt ark:- ark,t:- 
lattice-scale --inv-acoustic-scale=11 'ark:gunzip -c exp/mono/decode/lat.*.gz|' ark:- 
lattice-add-penalty --word-ins-penalty=0.0 ark:- ark:- 
LOG (lattice-best-path:main():lattice-best-path.cc:99) For utterance F07UP02A0332I42, best cost 17.7754 + 2780.53 = 2798.3 over 300 frames.
F07UP02A0332I42 haapudxqa 
LOG (lattice-best-path:main():lattice-best-path.cc:99) For utterance F07UP02A0332I43, best cost 15.8206 + 2622.92 = 2638.74 over 298 frames.
F07UP02A0332I43 badaayuun 
LOG (lattice-best-path:main():lattice-best-path.cc:99) For utterance F07UP06A0432I42, best cost 19.8122 + 2438.3 = 2458.12 over 300 frames.
F07UP06A0432I42 shaahapura 
LOG (lattice-best-path:main():lattice-best-path.cc:99) For utterance F07UP07A0094I427, best cost 12.3893 + 2516.59 = 2528.97 over 298 frames.
F07UP07A0094I427 ouraiyaa 
LOG (lattice-best-path:main():lattice-best-path.cc:99) For utterance F07UP07A0096I44, best cost 13.1032 + 2773 = 2786.1 over 298 frames.
F07UP07A0096I44 mauu 
LOG (lattice-best-path:main():lattice-best-path.cc:99) For utterance F07UP09A0491I46, best cost 10.4348 + 2856.47 = 2866.91 over 298 frames.
F07UP09A0491I46 haapudxqa 
LOG (lattice-best-path:main():lattice-best-path.cc:99) For utterance F07UP11A1331I301, best cost 16.3761 + 4069.27 = 4085.65 over 498 frames.
F07UP11A1331I301 phateehapurasiikarii 
LOG (lattice-best-path:main():lattice-best-path.cc:99) For utterance F07UP19A0344I46, best cost 17.6794 + 2516.97 = 2534.65 over 298 frames.
F07UP19A0344I46 caandapura 
LOG (lattice-best-path:main():lattice-best-path.cc:99) For utterance F07UP21A0612I41, best cost 16.5536 + 2561.92 = 2578.47 over 298 frames.
F07UP21A0612I41 kamalaaganja 
LOG (lattice-best-path:main():lattice-best-path.cc:99) For utterance F07UP22A1336I429, best cost 16.4794 + 2650.66 = 2667.14 over 298 frames.
F07UP22A1336I429 deewariyaa 
LOG (lattice-best-path:main():lattice-best-path.cc:99) For utterance F07UP22A1336I501, best cost 16.698 + 3454.28 = 3470.98 over 398 frames.
F07UP22A1336I501 jamaniyaana 
LOG (lattice-best-path:main():lattice-best-path.cc:99) For utterance F07UP22A1343I301, best cost 14.7308 + 4127.51 = 4142.24 over 498 frames.
F07UP22A1343I301 gorakhapura 
LOG (lattice-best-path:main():lattice-best-path.cc:99) For utterance F07UP22A1343I47, best cost 15.3007 + 2845.83 = 2861.13 over 298 frames.
F07UP22A1343I47 mauu 
LOG (lattice-best-path:main():lattice-best-path.cc:99) For utterance F07UP22A1345I47, best cost 14.5732 + 2491.94 = 2506.51 over 298 frames.
F07UP22A1345I47 mauu 
LOG (lattice-best-path:main():lattice-best-path.cc:99) For utterance F07UP22A1346I435, best cost 24.1274 + 2780.91 = 2805.04 over 300 frames.
F07UP22A1346I435 dhaampura 
LOG (lattice-best-path:main():lattice-best-path.cc:99) For utterance F07UP23A0248I41, best cost 16.859 + 2917.27 = 2934.13 over 298 frames.
F07UP23A0248I41 sikaarapura 
LOG (lattice-best-path:main():lattice-best-path.cc:99) For utterance F07UP24A0182I302, best cost 24.1531 + 4649.31 = 4673.46 over 498 frames.
F07UP24A0182I302 sikaarapura 
LOG (lattice-best-path:main():lattice-best-path.cc:99) For utterance F07UP24A0182I41, best cost 23.2176 + 2827.18 = 2850.39 over 298 frames.
F07UP24A0182I41 phateehapurasiikarii 
LOG (lattice-best-path:main():lattice-best-path.cc:99) For utterance F07UP24A0183I302, best cost 14.5655 + 4866.75 = 4881.32 over 498 frames.
F07UP24A0183I302 itxaawaa 
LOG (lattice-best-path:main():lattice-best-path.cc:99) For utterance F07UP24A0183I47, best cost 15.125 + 2768.17 = 2783.3 over 298 frames.
F07UP24A0183I47 maadhougadxhqa 
LOG (lattice-best-path:main():lattice-best-path.cc:99) For utterance F07UP25A1208I300, best cost 24.4478 + 4540.28 = 4564.73 over 498 frames.
F07UP25A1208I300 siyaanaa 
LOG (lattice-best-path:main():lattice-best-path.cc:99) For utterance F07UP25A1212I41, best cost 17.0475 + 2922.5 = 2939.55 over 298 frames.
F07UP25A1212I41 santarawiidaasanagara 
LOG (lattice-best-path:main():lattice-best-path.cc:99) For utterance F07UP25A1215I42, best cost 15.4546 + 2850.32 = 2865.77 over 298 frames.
F07UP25A1215I42 payaagapura 
LOG (lattice-best-path:main():lattice-best-path.cc:99) For utterance F07UP26A0256I43, best cost 9.58453 + 2836.47 = 2846.06 over 298 frames.
F07UP26A0256I43 baandaa 
LOG (lattice-best-path:main():lattice-best-path.cc:99) For utterance F07UP28A0226I300, best cost 19.2513 + 4909.76 = 4929.01 over 498 frames.
F07UP28A0226I300 sardhanaa 
LOG (lattice-best-path:main():lattice-best-path.cc:99) For utterance F07UP28A0226I45, best cost 12.8638 + 2894.5 = 2907.37 over 298 frames.
F07UP28A0226I45 meeratxha 
LOG (lattice-best-path:main():lattice-best-path.cc:99) For utterance F07UP28A0227I301, best cost 27.0324 + 4849.4 = 4876.43 over 498 frames.
F07UP28A0227I301 meinapurii 
LOG (lattice-best-path:main():lattice-best-path.cc:99) For utterance F07UP28A0228I303, best cost 21.953 + 5025.44 = 5047.39 over 498 frames.
F07UP28A0228I303 kamalaaganja 
LOG (lattice-best-path:main():lattice-best-path.cc:99) For utterance F07UP29A0523I41, best cost 19.8418 + 2585.56 = 2605.4 over 298 frames.
F07UP29A0523I41 aliigadxhqa 
LOG (lattice-best-path:main():lattice-best-path.cc:99) For utterance F07UP29A0523I44, best cost 17.3922 + 2500.16 = 2517.55 over 298 frames.
F07UP29A0523I44 dhanoura 
LOG (lattice-best-path:main():lattice-best-path.cc:99) For utterance F07UP31A1293I42, best cost 13.0695 + 2921.86 = 2934.93 over 298 frames.
F07UP31A1293I42 bareelii 
LOG (lattice-best-path:main():lattice-best-path.cc:99) For utterance F07UP34A0567I44, best cost 20.1417 + 2711.25 = 2731.39 over 300 frames.
F07UP34A0567I44 phateehapura 
LOG (lattice-best-path:main():lattice-best-path.cc:99) For utterance F07UP35A0453I300, best cost 28.8511 + 4187.06 = 4215.91 over 498 frames.
F07UP35A0453I300 haapudxqa 
LOG (lattice-best-path:main():lattice-best-path.cc:99) For utterance F07UP37A0304I300, best cost 19.5404 + 4185.8 = 4205.34 over 498 frames.
F07UP37A0304I300 bilsii 
LOG (lattice-best-path:main():lattice-best-path.cc:99) For utterance F07UP38A0101I41, best cost 16.8267 + 2736.99 = 2753.82 over 298 frames.
F07UP38A0101I41 jamaniyaana 
LOG (lattice-best-path:main():lattice-best-path.cc:99) For utterance F07UP41A0286I40, best cost 13.223 + 2402.76 = 2415.98 over 298 frames.
F07UP41A0286I40 puuranpura 
LOG (lattice-best-path:main():lattice-best-path.cc:99) For utterance F07UP41A0286I42, best cost 8.91843 + 2282.26 = 2291.17 over 298 frames.
F07UP41A0286I42 mauu 
LOG (lattice-best-path:main():lattice-best-path.cc:99) For utterance F07UP52A0208I44, best cost 13.598 + 2877.2 = 2890.8 over 298 frames.
F07UP52A0208I44 maadhougadxhqa 
LOG (lattice-best-path:main():lattice-best-path.cc:99) For utterance F07UP54A1284I430, best cost 14.0022 + 2607.93 = 2621.94 over 298 frames.
F07UP54A1284I430 gaajiipura 
LOG (lattice-best-path:main():lattice-best-path.cc:99) For utterance F07UP57A0408I41, best cost 18.3175 + 2820.98 = 2839.29 over 298 frames.
F07UP57A0408I41 aliigadxhqa 
LOG (lattice-best-path:main():lattice-best-path.cc:99) For utterance F07UP60A0943I300, best cost 22.1334 + 4974.42 = 4996.55 over 498 frames.
F07UP60A0943I300 khaagaa 
LOG (lattice-best-path:main():lattice-best-path.cc:99) For utterance F07UP60A0944I303, best cost 20.1718 + 4074.28 = 4094.45 over 498 frames.
F07UP60A0944I303 sultaanapura 
LOG (lattice-best-path:main():lattice-best-path.cc:99) For utterance F07UP60A0949I300, best cost 29.5197 + 4400.61 = 4430.13 over 498 frames.
F07UP60A0949I300 aliiganja 
LOG (lattice-best-path:main():lattice-best-path.cc:99) For utterance F07UP60A0949I302, best cost 18.933 + 4152.01 = 4170.94 over 498 frames.
F07UP60A0949I302 sandxii 
LOG (lattice-best-path:main():lattice-best-path.cc:99) For utterance F07UP60A0949I303, best cost 26.1326 + 4134.81 = 4160.94 over 498 frames.
F07UP60A0949I303 sultaanapura 
LOG (lattice-best-path:main():lattice-best-path.cc:99) For utterance F07UP60A0953I41, best cost 18.9012 + 2529.63 = 2548.53 over 298 frames.
F07UP60A0953I41 siyaanaa 
LOG (lattice-best-path:main():lattice-best-path.cc:99) For utterance F07UP60A0962I427, best cost 18.6063 + 2747.31 = 2765.92 over 298 frames.
F07UP60A0962I427 siitaapura 
LOG (lattice-best-path:main():lattice-best-path.cc:99) For utterance F07UP60A0963I46, best cost 24.4986 + 2843.44 = 2867.94 over 298 frames.
F07UP60A0963I46 sultaanapura 
LOG (lattice-best-path:main():lattice-best-path.cc:99) For utterance F07UP64A0395I300, best cost 24.1722 + 4351.91 = 4376.08 over 498 frames.
F07UP64A0395I300 raampuramaniiharana 
LOG (lattice-best-path:main():lattice-best-path.cc:99) For utterance F07UP64A0397I301, best cost 22.911 + 4732.62 = 4755.54 over 498 frames.
F07UP64A0397I301 dxibiyaapura 
LOG (lattice-best-path:main():lattice-best-path.cc:99) For utterance F07UP64A0402I41, best cost 18.7285 + 2595.44 = 2614.17 over 298 frames.
F07UP64A0402I41 txaandxaaraamapura 
LOG (lattice-best-path:main():lattice-best-path.cc:99) For utterance F07UP72A0728I300, best cost 27.557 + 4649.18 = 4676.74 over 498 frames.
F07UP72A0728I300 saharaanapura 
LOG (lattice-best-path:main():lattice-best-path.cc:99) For utterance F07UP75A0756I300, best cost 26.9879 + 4362.61 = 4389.6 over 498 frames.
F07UP75A0756I300 waaraanxasxii 
LOG (lattice-best-path:main():lattice-best-path.cc:99) For utterance F07UP75A0763I435, best cost 14.5178 + 2496.1 = 2510.62 over 300 frames.
F07UP75A0763I435 mirjaapura 
LOG (lattice-best-path:main():lattice-best-path.cc:99) For utterance M07UP01A0057I427, best cost 15.4276 + 2917.26 = 2932.68 over 298 frames.
M07UP01A0057I427 jaraara 
LOG (lattice-best-path:main():lattice-best-path.cc:99) For utterance M07UP01A0062I412, best cost 18.2151 + 2747.91 = 2766.12 over 298 frames.
M07UP01A0062I412 awaagadxhqa 
LOG (lattice-best-path:main():lattice-best-path.cc:99) For utterance M07UP01A0062I45, best cost 16.7238 + 2619.25 = 2635.97 over 300 frames.
M07UP01A0062I45 acaneeraa 
LOG (lattice-best-path:main():lattice-best-path.cc:99) For utterance M07UP01A0063I43, best cost 17.6714 + 2760.97 = 2778.64 over 298 frames.
M07UP01A0063I43 sandxiilaa 
LOG (lattice-best-path:main():lattice-best-path.cc:99) For utterance M07UP01A0069I413, best cost 15.2687 + 2708.33 = 2723.6 over 298 frames.
M07UP01A0069I413 sikaarapura 
LOG (lattice-best-path:main():lattice-best-path.cc:99) For utterance M07UP01A0160I420, best cost 13.289 + 2604.76 = 2618.05 over 298 frames.
M07UP01A0160I420 coubeepura 
LOG (lattice-best-path:main():lattice-best-path.cc:99) For utterance M07UP01A0160I430, best cost 13.586 + 2732.68 = 2746.27 over 298 frames.
M07UP01A0160I430 aliigadxhqa 
LOG (lattice-best-path:main():lattice-best-path.cc:99) For utterance M07UP01A0160I47, best cost 11.9045 + 2750.23 = 2762.13 over 298 frames.
M07UP01A0160I47 txaandxaa 
LOG (lattice-best-path:main():lattice-best-path.cc:99) For utterance M07UP02A0321I47, best cost 18.3265 + 2600.57 = 2618.9 over 300 frames.
M07UP02A0321I47 sikandaraabaada 
LOG (lattice-best-path:main():lattice-best-path.cc:99) For utterance M07UP02A0323I300, best cost 10.5829 + 4278.1 = 4288.69 over 498 frames.
M07UP02A0323I300 aliigadxhqa 
LOG (lattice-best-path:main():lattice-best-path.cc:99) For utterance M07UP02A0325I43, best cost 12.808 + 2837.38 = 2850.19 over 298 frames.
M07UP02A0325I43 mauu 
LOG (lattice-best-path:main():lattice-best-path.cc:99) For utterance M07UP02A0329I43, best cost 14.849 + 2506.43 = 2521.28 over 298 frames.
M07UP02A0329I43 phateehapura 
LOG (lattice-best-path:main():lattice-best-path.cc:99) For utterance M07UP02A0330I303, best cost 16.9914 + 3871.52 = 3888.51 over 498 frames.
M07UP02A0330I303 beewara 
LOG (lattice-best-path:main():lattice-best-path.cc:99) For utterance M07UP02A0333I45, best cost 19.6823 + 2670.29 = 2689.97 over 298 frames.
M07UP02A0333I45 tulsiipura 
LOG (lattice-best-path:main():lattice-best-path.cc:99) For utterance M07UP02A0335I301, best cost 16.0547 + 4627.53 = 4643.58 over 498 frames.
M07UP02A0335I301 koshiikalaan 
LOG (lattice-best-path:main():lattice-best-path.cc:99) For utterance M07UP02A0336I44, best cost 11.9193 + 2612.98 = 2624.89 over 290 frames.
M07UP02A0336I44 awaagadxhqa 
LOG (lattice-best-path:main():lattice-best-path.cc:99) For utterance M07UP02A0337I41, best cost 20.4426 + 2890.73 = 2911.17 over 298 frames.
M07UP02A0337I41 kaanapuradeehaata 
LOG (lattice-best-path:main():lattice-best-path.cc:99) For utterance M07UP02A0337I44, best cost 12.8547 + 2522.84 = 2535.69 over 298 frames.
M07UP02A0337I44 siyaanaa 
LOG (lattice-best-path:main():lattice-best-path.cc:99) For utterance M07UP04A1227I45, best cost 17.8856 + 2785.95 = 2803.83 over 298 frames.
M07UP04A1227I45 aliigadxhqa 
LOG (lattice-best-path:main():lattice-best-path.cc:99) For utterance M07UP04A1230I303, best cost 38.4002 + 4503.73 = 4542.13 over 498 frames.
M07UP04A1230I303 akbarapura 
LOG (lattice-best-path:main():lattice-best-path.cc:99) For utterance M07UP04A1235I41, best cost 23.2167 + 2825.58 = 2848.8 over 298 frames.
M07UP04A1235I41 ambeedxakaranagara 
LOG (lattice-best-path:main():lattice-best-path.cc:99) For utterance M07UP04A1235I46, best cost 20.9475 + 2470.69 = 2491.63 over 298 frames.
M07UP04A1235I46 aajamagadxhqa 
LOG (lattice-best-path:main():lattice-best-path.cc:99) For utterance M07UP04A1236I303, best cost 30.6472 + 4467.49 = 4498.14 over 498 frames.
M07UP04A1236I303 sahiyaapura 
LOG (lattice-best-path:main():lattice-best-path.cc:99) For utterance M07UP04A1239I301, best cost 25.0376 + 4074.59 = 4099.63 over 498 frames.
M07UP04A1239I301 anuupashahara 
LOG (lattice-best-path:main():lattice-best-path.cc:99) For utterance M07UP04A1242I410, best cost 17.6684 + 2697.4 = 2715.07 over 298 frames.
M07UP04A1242I410 akbarapura 
LOG (lattice-best-path:main():lattice-best-path.cc:99) For utterance M07UP04A1243I300, best cost 28.3126 + 4787.77 = 4816.08 over 498 frames.
M07UP04A1243I300 bulandashahara 
LOG (lattice-best-path:main():lattice-best-path.cc:99) For utterance M07UP04A1243I435, best cost 22.5754 + 2619.98 = 2642.55 over 300 frames.
M07UP04A1243I435 sultaanapura 
LOG (lattice-best-path:main():lattice-best-path.cc:99) For utterance M07UP04A1244I44, best cost 12.583 + 3078.55 = 3091.14 over 298 frames.
M07UP04A1244I44 bastii 
LOG (lattice-best-path:main():lattice-best-path.cc:99) For utterance M07UP04A1245I48, best cost 22.9093 + 2949.64 = 2972.54 over 298 frames.
M07UP04A1245I48 sultaanapura 
LOG (lattice-best-path:main():lattice-best-path.cc:99) For utterance M07UP05A0903I43, best cost 19.9784 + 2582.99 = 2602.97 over 298 frames.
M07UP05A0903I43 gorakhapura 
LOG (lattice-best-path:main():lattice-best-path.cc:99) For utterance M07UP05A0910I300, best cost 26.1512 + 4003.94 = 4030.09 over 498 frames.
M07UP05A0910I300 ambeedxakaranagara 
LOG (lattice-best-path:main():lattice-best-path.cc:99) For utterance M07UP05A0911I42, best cost 13.4142 + 2734.44 = 2747.86 over 298 frames.
M07UP05A0911I42 baaraabankii 
LOG (lattice-best-path:main():lattice-best-path.cc:99) For utterance M07UP05A0914I300, best cost 21.1921 + 4068.26 = 4089.45 over 498 frames.
M07UP05A0914I300 shaahajahaanapura 
LOG (lattice-best-path:main():lattice-best-path.cc:99) For utterance M07UP05A0914I302, best cost 28.8642 + 4221.82 = 4250.69 over 498 frames.
M07UP05A0914I302 kaasaganja 
LOG (lattice-best-path:main():lattice-best-path.cc:99) For utterance M07UP05A0915I301, best cost 17.7167 + 4127.05 = 4144.76 over 498 frames.
M07UP05A0915I301 siitaapura 
LOG (lattice-best-path:main():lattice-best-path.cc:99) For utterance M07UP05A0916I43, best cost 23.6052 + 2650.58 = 2674.18 over 298 frames.
M07UP05A0916I43 siitaapura 
LOG (lattice-best-path:main():lattice-best-path.cc:99) For utterance M07UP05A0920I411, best cost 14.3523 + 2602.76 = 2617.11 over 298 frames.
M07UP05A0920I411 caandapura 
LOG (lattice-best-path:main():lattice-best-path.cc:99) For utterance M07UP06A0427I301, best cost 15.1058 + 3717.29 = 3732.4 over 498 frames.
M07UP06A0427I301 puwaahaa 
LOG (lattice-best-path:main():lattice-best-path.cc:99) For utterance M07UP06A0428I41, best cost 12.317 + 2800.38 = 2812.7 over 298 frames.
M07UP06A0428I41 meeratxha 
LOG (lattice-best-path:main():lattice-best-path.cc:99) For utterance M07UP06A0429I411, best cost 13.961 + 2513.42 = 2527.38 over 298 frames.
M07UP06A0429I411 pancapeedxqwaa 
LOG (lattice-best-path:main():lattice-best-path.cc:99) For utterance M07UP06A0433I301, best cost 23.9016 + 4107.79 = 4131.7 over 498 frames.
M07UP06A0433I301 mawaanaa 
LOG (lattice-best-path:main():lattice-best-path.cc:99) For utterance M07UP06A0433I40, best cost 13.4776 + 2687.19 = 2700.67 over 298 frames.
M07UP06A0433I40 hasanapura 
LOG (lattice-best-path:main():lattice-best-path.cc:99) For utterance M07UP06A0433I41, best cost 21.2749 + 2817.75 = 2839.03 over 298 frames.
M07UP06A0433I41 bijanoura 
LOG (lattice-best-path:main():lattice-best-path.cc:99) For utterance M07UP06A0437I42, best cost 13.0055 + 2465.14 = 2478.15 over 298 frames.
M07UP06A0437I42 muraadaabaada 
LOG (lattice-best-path:main():lattice-best-path.cc:99) For utterance M07UP06A0438I41, best cost 12.8487 + 2480.06 = 2492.91 over 298 frames.
M07UP06A0438I41 meeratxha 
LOG (lattice-best-path:main():lattice-best-path.cc:99) For utterance M07UP06A0442I41, best cost 13.305 + 2835.39 = 2848.7 over 298 frames.
M07UP06A0442I41 sandxii 
LOG (lattice-best-path:main():lattice-best-path.cc:99) For utterance M07UP06A0442I42, best cost 15.5951 + 2697.19 = 2712.78 over 300 frames.
M07UP06A0442I42 gaajiipura 
LOG (lattice-best-path:main():lattice-best-path.cc:99) For utterance M07UP06A0444I43, best cost 15.0038 + 2419.14 = 2434.15 over 298 frames.
M07UP06A0444I43 jeewara 
LOG (lattice-best-path:main():lattice-best-path.cc:99) For utterance M07UP06A0445I301, best cost 16.3155 + 4450.89 = 4467.21 over 490 frames.
M07UP06A0445I301 bharawaarii 
LOG (lattice-best-path:main():lattice-best-path.cc:99) For utterance M07UP06A0447I41, best cost 15.9141 + 2499.76 = 2515.68 over 298 frames.
M07UP06A0447I41 kheira 
LOG (lattice-best-path:main():lattice-best-path.cc:99) For utterance M07UP07A0134I42, best cost 13.5896 + 2469.63 = 2483.21 over 298 frames.
M07UP07A0134I42 bijanoura 
LOG (lattice-best-path:main():lattice-best-path.cc:99) For utterance M07UP07A0134I436, best cost 18.0912 + 2669.73 = 2687.82 over 298 frames.
M07UP07A0134I436 kaanapuradeehaata 
LOG (lattice-best-path:main():lattice-best-path.cc:99) For utterance M07UP07A0136I410, best cost 15.6448 + 2840.47 = 2856.11 over 298 frames.
M07UP07A0136I410 daataaganja 
LOG (lattice-best-path:main():lattice-best-path.cc:99) For utterance M07UP07A0136I438, best cost 19.3138 + 2770.45 = 2789.76 over 298 frames.
M07UP07A0136I438 tulsiipura 
LOG (lattice-best-path:main():lattice-best-path.cc:99) For utterance M07UP07A0138I414, best cost 7.93124 + 2303.66 = 2311.59 over 298 frames.
M07UP07A0138I414 itxaawaa 
LOG (lattice-best-path:main():lattice-best-path.cc:99) For utterance M07UP07A0139I42, best cost 18.7781 + 2694.73 = 2713.51 over 298 frames.
M07UP07A0139I42 jahaangiiraabaada 
LOG (lattice-best-path:main():lattice-best-path.cc:99) For utterance M07UP07A0142I43, best cost 11.2641 + 2897.75 = 2909.02 over 298 frames.
M07UP07A0142I43 sardhanaa 
LOG (lattice-best-path:main():lattice-best-path.cc:99) For utterance M07UP07A0143I45, best cost 15.579 + 2672.76 = 2688.34 over 298 frames.
M07UP07A0143I45 kaanapuradeehaata 
LOG (lattice-best-path:main():lattice-best-path.cc:99) For utterance M07UP07A0145I436, best cost 12.7494 + 2423.72 = 2436.47 over 298 frames.
M07UP07A0145I436 saalon 
LOG (lattice-best-path:main():lattice-best-path.cc:99) For utterance M07UP09A0483I300, best cost 17.2488 + 3966.71 = 3983.96 over 498 frames.
M07UP09A0483I300 bhadohii 
LOG (lattice-best-path:main():lattice-best-path.cc:99) For utterance M07UP09A0485I43, best cost 19.6589 + 2655.42 = 2675.08 over 298 frames.
M07UP09A0485I43 balaraamapura 
LOG (lattice-best-path:main():lattice-best-path.cc:99) For utterance M07UP09A0488I43, best cost 22.9386 + 2852.69 = 2875.63 over 298 frames.
M07UP09A0488I43 gaajiyaabaada 
LOG (lattice-best-path:main():lattice-best-path.cc:99) For utterance M07UP09A0489I300, best cost 22.7746 + 4216.61 = 4239.39 over 498 frames.
M07UP09A0489I300 partaawala 
LOG (lattice-best-path:main():lattice-best-path.cc:99) For utterance M07UP09A0490I301, best cost 15.01 + 4003.95 = 4018.96 over 498 frames.
M07UP09A0490I301 ameitxhii 
LOG (lattice-best-path:main():lattice-best-path.cc:99) For utterance M07UP09A0494I300, best cost 17.3133 + 4178.74 = 4196.05 over 498 frames.
M07UP09A0494I300 jounapura 
LOG (lattice-best-path:main():lattice-best-path.cc:99) For utterance M07UP09A0495I301, best cost 22.4444 + 4093.89 = 4116.33 over 498 frames.
M07UP09A0495I301 meeratxha 
LOG (lattice-best-path:main():lattice-best-path.cc:99) For utterance M07UP09A0495I41, best cost 21.3466 + 2711.46 = 2732.81 over 298 frames.
M07UP09A0495I41 mujjapharanagara 
LOG (lattice-best-path:main():lattice-best-path.cc:99) For utterance M07UP09A0496I303, best cost 17.4453 + 3971.2 = 3988.65 over 498 frames.
M07UP09A0496I303 gaajiyaabaada 
LOG (lattice-best-path:main():lattice-best-path.cc:99) For utterance M07UP09A0499I43, best cost 12.3876 + 2355.04 = 2367.43 over 298 frames.
M07UP09A0499I43 bahajoii 
LOG (lattice-best-path:main():lattice-best-path.cc:99) For utterance M07UP09A0500I42, best cost 10.7606 + 2843.07 = 2853.83 over 298 frames.
M07UP09A0500I42 baagapata 
LOG (lattice-best-path:main():lattice-best-path.cc:99) For utterance M07UP09A0500I44, best cost 18.4124 + 2569.82 = 2588.23 over 298 frames.
M07UP09A0500I44 haapudxqa 
LOG (lattice-best-path:main():lattice-best-path.cc:99) For utterance M07UP09A0503I301, best cost 13.9742 + 4346.28 = 4360.25 over 498 frames.
M07UP09A0503I301 beewara 
LOG (lattice-best-path:main():lattice-best-path.cc:99) For utterance M07UP09A0505I300, best cost 23.3108 + 4698.78 = 4722.09 over 498 frames.
M07UP09A0505I300 kaanapura 
LOG (lattice-best-path:main():lattice-best-path.cc:99) For utterance M07UP09A0505I504, best cost 19.6273 + 2670.89 = 2690.52 over 298 frames.
M07UP09A0505I504 tulsiipura 
LOG (lattice-best-path:main():lattice-best-path.cc:99) For utterance M07UP11A1317I41, best cost 13.6819 + 2445.39 = 2459.07 over 298 frames.
M07UP11A1317I41 mauu 
LOG (lattice-best-path:main():lattice-best-path.cc:99) For utterance M07UP11A1319I300, best cost 33.206 + 4146.56 = 4179.77 over 498 frames.
M07UP11A1319I300 baliiyaa 
LOG (lattice-best-path:main():lattice-best-path.cc:99) For utterance M07UP11A1328I301, best cost 28.2609 + 4099.55 = 4127.81 over 498 frames.
M07UP11A1328I301 gaajiipura 
LOG (lattice-best-path:main():lattice-best-path.cc:99) For utterance M07UP11A1337I301, best cost 24.9309 + 4131.52 = 4156.45 over 498 frames.
M07UP11A1337I301 phateehapurasiikarii 
LOG (lattice-best-path:main():lattice-best-path.cc:99) For utterance M07UP11A1349I303, best cost 22.5599 + 4642.77 = 4665.33 over 498 frames.
M07UP11A1349I303 sonbhadra 
LOG (lattice-best-path:main():lattice-best-path.cc:99) For utterance M07UP11A1351I302, best cost 29.8455 + 4311.62 = 4341.46 over 498 frames.
M07UP11A1351I302 baliiyaa 
LOG (lattice-best-path:main():lattice-best-path.cc:99) For utterance M07UP11A1352I427, best cost 12.8798 + 2538.18 = 2551.06 over 298 frames.
M07UP11A1352I427 baliiyaa 
LOG (lattice-best-path:main():lattice-best-path.cc:99) For utterance M07UP11A1352I429, best cost 13.7449 + 2506.79 = 2520.54 over 298 frames.
M07UP11A1352I429 gorakhapura 
LOG (lattice-best-path:main():lattice-best-path.cc:99) For utterance M07UP13A0882I300, best cost 21.3143 + 4577.16 = 4598.48 over 498 frames.
M07UP13A0882I300 santarawiidaasanagara 
LOG (lattice-best-path:main():lattice-best-path.cc:99) For utterance M07UP13A0882I301, best cost 18.9521 + 4686.95 = 4705.9 over 498 frames.
M07UP13A0882I301 balaraamapura 
LOG (lattice-best-path:main():lattice-best-path.cc:99) For utterance M07UP13A0884I303, best cost 19.1735 + 4667.77 = 4686.94 over 498 frames.
M07UP13A0884I303 kaayamaganja 
LOG (lattice-best-path:main():lattice-best-path.cc:99) For utterance M07UP13A0888I41, best cost 11.3203 + 2658.87 = 2670.19 over 298 frames.
M07UP13A0888I41 sandxiilaa 
LOG (lattice-best-path:main():lattice-best-path.cc:99) For utterance M07UP13A0889I41, best cost 17.8516 + 2988.78 = 3006.63 over 298 frames.
M07UP13A0889I41 sandxiilaa 
LOG (lattice-best-path:main():lattice-best-path.cc:99) For utterance M07UP13A0890I43, best cost 15.7631 + 2975.6 = 2991.36 over 298 frames.
M07UP13A0890I43 lakhanauu 
LOG (lattice-best-path:main():lattice-best-path.cc:99) For utterance M07UP13A0897I302, best cost 31.6707 + 4469.9 = 4501.57 over 498 frames.
M07UP13A0897I302 mujjapharanagara 
LOG (lattice-best-path:main():lattice-best-path.cc:99) For utterance M07UP13A0897I41, best cost 14.5399 + 2593.96 = 2608.5 over 298 frames.
M07UP13A0897I41 siitaapura 
LOG (lattice-best-path:main():lattice-best-path.cc:99) For utterance M07UP13A0898I303, best cost 22.6946 + 4588.62 = 4611.31 over 498 frames.
M07UP13A0898I303 baaraabankii 
LOG (lattice-best-path:main():lattice-best-path.cc:99) For utterance M07UP13A0900I436, best cost 17.5531 + 2671.65 = 2689.21 over 298 frames.
M07UP13A0900I436 baruaasumeerapura 
LOG (lattice-best-path:main():lattice-best-path.cc:99) For utterance M07UP14A0572I301, best cost 20.5228 + 4053.5 = 4074.02 over 498 frames.
M07UP14A0572I301 phateehapura 
LOG (lattice-best-path:main():lattice-best-path.cc:99) For utterance M07UP14A0576I41, best cost 18.2775 + 2734.55 = 2752.83 over 298 frames.
M07UP14A0576I41 baaraabankii 
LOG (lattice-best-path:main():lattice-best-path.cc:99) For utterance M07UP14A0583I300, best cost 26.7332 + 4601.33 = 4628.06 over 498 frames.
M07UP14A0583I300 baandaa 
LOG (lattice-best-path:main():lattice-best-path.cc:99) For utterance M07UP14A0588I41, best cost 15.9423 + 2734.55 = 2750.49 over 300 frames.
M07UP14A0588I41 pheijaabaada 
LOG (lattice-best-path:main():lattice-best-path.cc:99) For utterance M07UP14A0590I300, best cost 22.7585 + 4283.7 = 4306.45 over 498 frames.
M07UP14A0590I300 sonbhadra 
LOG (lattice-best-path:main():lattice-best-path.cc:99) For utterance M07UP14A0590I43, best cost 19.7334 + 2730.89 = 2750.63 over 298 frames.
M07UP14A0590I43 bharawaarii 
LOG (lattice-best-path:main():lattice-best-path.cc:99) For utterance M07UP14A0591I302, best cost 17.4934 + 4110.71 = 4128.2 over 498 frames.
M07UP14A0591I302 raampuramaniiharana 
LOG (lattice-best-path:main():lattice-best-path.cc:99) For utterance M07UP14A0591I303, best cost 10.0874 + 4695.81 = 4705.9 over 498 frames.
M07UP14A0591I303 mauu 
LOG (lattice-best-path:main():lattice-best-path.cc:99) For utterance M07UP18A0362I47, best cost 17.1253 + 2657.6 = 2674.72 over 298 frames.
M07UP18A0362I47 prataapagadxhqa 
LOG (lattice-best-path:main():lattice-best-path.cc:99) For utterance M07UP18A0363I300, best cost 20.0344 + 4226.53 = 4246.56 over 498 frames.
M07UP18A0363I300 bijanoura 
LOG (lattice-best-path:main():lattice-best-path.cc:99) For utterance M07UP18A0363I302, best cost 14.035 + 4122.97 = 4137.01 over 498 frames.
M07UP18A0363I302 dudhii 
LOG (lattice-best-path:main():lattice-best-path.cc:99) For utterance M07UP18A0365I42, best cost 15.7685 + 2575.23 = 2591 over 298 frames.
M07UP18A0365I42 saalon 
LOG (lattice-best-path:main():lattice-best-path.cc:99) For utterance M07UP18A0366I41, best cost 17.6815 + 2664.2 = 2681.89 over 298 frames.
M07UP18A0366I41 haladxaura 
LOG (lattice-best-path:main():lattice-best-path.cc:99) For utterance M07UP18A0367I43, best cost 13.9878 + 2682.2 = 2696.19 over 298 frames.
M07UP18A0367I43 bahajoii 
LOG (lattice-best-path:main():lattice-best-path.cc:99) For utterance M07UP18A0368I301, best cost 25.8718 + 4520.57 = 4546.44 over 498 frames.
M07UP18A0368I301 mahobaa 
LOG (lattice-best-path:main():lattice-best-path.cc:99) For utterance M07UP18A0368I49, best cost 14.4952 + 2735.05 = 2749.54 over 298 frames.
M07UP18A0368I49 haatharasa 
LOG (lattice-best-path:main():lattice-best-path.cc:99) For utterance M07UP18A0369I48, best cost 21.8575 + 2935.01 = 2956.87 over 298 frames.
M07UP18A0369I48 pharrukhaabaada 
LOG (lattice-best-path:main():lattice-best-path.cc:99) For utterance M07UP18A0371I300, best cost 21.1337 + 4762.82 = 4783.95 over 498 frames.
M07UP18A0371I300 badaayuun 
LOG (lattice-best-path:main():lattice-best-path.cc:99) For utterance M07UP18A0374I300, best cost 23.9212 + 5046.4 = 5070.32 over 498 frames.
M07UP18A0374I300 shaamalii 
LOG (lattice-best-path:main():lattice-best-path.cc:99) For utterance M07UP18A0374I48, best cost 22.4105 + 2907.8 = 2930.21 over 298 frames.
M07UP18A0374I48 sikaarapura 
LOG (lattice-best-path:main():lattice-best-path.cc:99) For utterance M07UP18A0375I45, best cost 16.5767 + 2883.64 = 2900.22 over 298 frames.
M07UP18A0375I45 soharatagadxhq 
LOG (lattice-best-path:main():lattice-best-path.cc:99) For utterance M07UP18A0376I43, best cost 15.1846 + 2543.04 = 2558.23 over 298 frames.
M07UP18A0376I43 bareelii 
LOG (lattice-best-path:main():lattice-best-path.cc:99) For utterance M07UP18A0376I49, best cost 15.504 + 2553.93 = 2569.44 over 298 frames.
M07UP18A0376I49 haatharasa 
LOG (lattice-best-path:main():lattice-best-path.cc:99) For utterance M07UP18A0378I302, best cost 22.6614 + 5059.1 = 5081.76 over 498 frames.
M07UP18A0378I302 karabii 
LOG (lattice-best-path:main():lattice-best-path.cc:99) For utterance M07UP18A0380I300, best cost 14.9946 + 4566.55 = 4581.54 over 498 frames.
M07UP18A0380I300 bijanoura 
LOG (lattice-best-path:main():lattice-best-path.cc:99) For utterance M07UP19A0341I48, best cost 11.0273 + 2394.34 = 2405.37 over 298 frames.
M07UP19A0341I48 bahajoii 
LOG (lattice-best-path:main():lattice-best-path.cc:99) For utterance M07UP19A0345I300, best cost 24.8796 + 5014.81 = 5039.69 over 490 frames.
M07UP19A0345I300 bulandashahara 
LOG (lattice-best-path:main():lattice-best-path.cc:99) For utterance M07UP19A0345I45, best cost 20.0381 + 2547.82 = 2567.85 over 298 frames.
M07UP19A0345I45 haapudxqa 
LOG (lattice-best-path:main():lattice-best-path.cc:99) For utterance M07UP19A0346I301, best cost 25.6972 + 4843.16 = 4868.86 over 498 frames.
M07UP19A0346I301 aliigadxhqa 
LOG (lattice-best-path:main():lattice-best-path.cc:99) For utterance M07UP19A0348I301, best cost 32.9265 + 4262.13 = 4295.06 over 498 frames.
M07UP19A0348I301 aliigadxhqa 
LOG (lattice-best-path:main():lattice-best-path.cc:99) For utterance M07UP19A0354I301, best cost 23.3839 + 4909.68 = 4933.06 over 498 frames.
M07UP19A0354I301 aliigadxhqa 
LOG (lattice-best-path:main():lattice-best-path.cc:99) For utterance M07UP19A0354I303, best cost 18.9611 + 4810.81 = 4829.77 over 498 frames.
M07UP19A0354I303 beewara 
LOG (lattice-best-path:main():lattice-best-path.cc:99) For utterance M07UP19A0356I43, best cost 19.4893 + 2658.55 = 2678.04 over 298 frames.
M07UP19A0356I43 muraadaabaada 
LOG (lattice-best-path:main():lattice-best-path.cc:99) For utterance M07UP19A0357I300, best cost 18.5415 + 4436.98 = 4455.52 over 498 frames.
M07UP19A0357I300 bulandashahara 
LOG (lattice-best-path:main():lattice-best-path.cc:99) For utterance M07UP19A0358I303, best cost 24.1713 + 4226.4 = 4250.57 over 498 frames.
M07UP19A0358I303 aliigadxhqa 
LOG (lattice-best-path:main():lattice-best-path.cc:99) For utterance M07UP19A0359I40, best cost 14.1735 + 2480.7 = 2494.87 over 298 frames.
M07UP19A0359I40 wajiirganja 
LOG (lattice-best-path:main():lattice-best-path.cc:99) For utterance M07UP20A0734I300, best cost 19.7447 + 4403.74 = 4423.48 over 498 frames.
M07UP20A0734I300 candoulii 
LOG (lattice-best-path:main():lattice-best-path.cc:99) For utterance M07UP20A0739I44, best cost 17.0523 + 2549.76 = 2566.81 over 298 frames.
M07UP20A0739I44 sonbhadra 
LOG (lattice-best-path:main():lattice-best-path.cc:99) For utterance M07UP20A0739I45, best cost 12.7699 + 2468.25 = 2481.02 over 300 frames.
M07UP20A0739I45 wansii 
LOG (lattice-best-path:main():lattice-best-path.cc:99) For utterance M07UP20A0740I302, best cost 23.7481 + 4265.08 = 4288.82 over 498 frames.
M07UP20A0740I302 kushiinagara 
LOG (lattice-best-path:main():lattice-best-path.cc:99) For utterance M07UP20A0742I302, best cost 15.4453 + 3871.33 = 3886.78 over 498 frames.
M07UP20A0742I302 candoulii 
LOG (lattice-best-path:main():lattice-best-path.cc:99) For utterance M07UP20A0750I40, best cost 16.5516 + 2671.15 = 2687.7 over 298 frames.
M07UP20A0750I40 candoulii 
LOG (lattice-best-path:main():lattice-best-path.cc:99) For utterance M07UP20A0753I43, best cost 10.1508 + 2905.62 = 2915.78 over 298 frames.
M07UP20A0753I43 waaraanxasxii 
LOG (lattice-best-path:main():lattice-best-path.cc:99) For utterance M07UP21A0593I302, best cost 25.9405 + 4625.48 = 4651.42 over 498 frames.
M07UP21A0593I302 karabii 
LOG (lattice-best-path:main():lattice-best-path.cc:99) For utterance M07UP21A0598I41, best cost 26.8044 + 2598.72 = 2625.52 over 298 frames.
M07UP21A0598I41 mauu 
LOG (lattice-best-path:main():lattice-best-path.cc:99) For utterance M07UP21A0600I300, best cost 23.7736 + 4582.9 = 4606.68 over 498 frames.
M07UP21A0600I300 caandapura 
LOG (lattice-best-path:main():lattice-best-path.cc:99) For utterance M07UP21A0600I42, best cost 25.4847 + 2584.19 = 2609.67 over 298 frames.
M07UP21A0600I42 waaraanxasxii 
LOG (lattice-best-path:main():lattice-best-path.cc:99) For utterance M07UP21A0606I301, best cost 33.2056 + 4553.67 = 4586.87 over 498 frames.
M07UP21A0606I301 citrakuutxa 
LOG (lattice-best-path:main():lattice-best-path.cc:99) For utterance M07UP21A0606I302, best cost 13.2903 + 4803.85 = 4817.14 over 498 frames.
M07UP21A0606I302 saalon 
LOG (lattice-best-path:main():lattice-best-path.cc:99) For utterance M07UP21A0607I301, best cost 22.686 + 4353.46 = 4376.14 over 498 frames.
M07UP21A0607I301 puuranpura 
LOG (lattice-best-path:main():lattice-best-path.cc:99) For utterance M07UP22A1323I47, best cost 9.5049 + 2296.67 = 2306.18 over 298 frames.
M07UP22A1323I47 mauu 
LOG (lattice-best-path:main():lattice-best-path.cc:99) For utterance M07UP22A1326I300, best cost 25.1375 + 4285.13 = 4310.26 over 498 frames.
M07UP22A1326I300 deewariyaa 
LOG (lattice-best-path:main():lattice-best-path.cc:99) For utterance M07UP22A1342I301, best cost 23.6969 + 4030.7 = 4054.4 over 498 frames.
M07UP22A1342I301 gorakhapura 
LOG (lattice-best-path:main():lattice-best-path.cc:99) For utterance M07UP22A1347I43, best cost 14.0301 + 2962.82 = 2976.85 over 298 frames.
M07UP22A1347I43 deewariyaa 
LOG (lattice-best-path:main():lattice-best-path.cc:99) For utterance M07UP22A1347I47, best cost 15.2909 + 2895.34 = 2910.63 over 300 frames.
M07UP22A1347I47 mauu 
LOG (lattice-best-path:main():lattice-best-path.cc:99) For utterance M07UP22A1355I301, best cost 27.1398 + 4632.91 = 4660.05 over 498 frames.
M07UP22A1355I301 gorakhapura 
LOG (lattice-best-path:main():lattice-best-path.cc:99) For utterance M07UP22A1355I47, best cost 18.456 + 2610.4 = 2628.86 over 298 frames.
M07UP22A1355I47 mohammadii 
LOG (lattice-best-path:main():lattice-best-path.cc:99) For utterance M07UP22A1357I300, best cost 26.1781 + 4242.4 = 4268.58 over 498 frames.
M07UP22A1357I300 jaganeira 
LOG (lattice-best-path:main():lattice-best-path.cc:99) For utterance M07UP22A1357I45, best cost 15.7457 + 2487.95 = 2503.69 over 298 frames.
M07UP22A1357I45 gorakhapura 
LOG (lattice-best-path:main():lattice-best-path.cc:99) For utterance M07UP22A1357I47, best cost 11.7785 + 2569.29 = 2581.07 over 298 frames.
M07UP22A1357I47 mauu 
LOG (lattice-best-path:main():lattice-best-path.cc:99) For utterance M07UP23A0224I44, best cost 16.6839 + 2903.24 = 2919.92 over 298 frames.
M07UP23A0224I44 aliiganja 
LOG (lattice-best-path:main():lattice-best-path.cc:99) For utterance M07UP23A0233I43, best cost 12.7966 + 2412.37 = 2425.17 over 298 frames.
M07UP23A0233I43 pheijaabaada 
LOG (lattice-best-path:main():lattice-best-path.cc:99) For utterance M07UP23A0234I41, best cost 17.631 + 2932.09 = 2949.72 over 298 frames.
M07UP23A0234I41 kaasaganja 
LOG (lattice-best-path:main():lattice-best-path.cc:99) For utterance M07UP23A0235I42, best cost 20.887 + 2912.11 = 2932.99 over 298 frames.
M07UP23A0235I42 pharrukhaabaada 
LOG (lattice-best-path:main():lattice-best-path.cc:99) For utterance M07UP23A0236I43, best cost 16.9646 + 2720.13 = 2737.09 over 298 frames.
M07UP23A0236I43 beewara 
LOG (lattice-best-path:main():lattice-best-path.cc:99) For utterance M07UP23A0239I40, best cost 14.9406 + 2848.84 = 2863.78 over 298 frames.
M07UP23A0239I40 paliaakala 
LOG (lattice-best-path:main():lattice-best-path.cc:99) For utterance M07UP23A0242I42, best cost 19.7755 + 2787.06 = 2806.83 over 298 frames.
M07UP23A0242I42 kaasaganja 
LOG (lattice-best-path:main():lattice-best-path.cc:99) For utterance M07UP24A0171I300, best cost 23.5046 + 4448.19 = 4471.69 over 498 frames.
M07UP24A0171I300 prataapagadxhqa 
LOG (lattice-best-path:main():lattice-best-path.cc:99) For utterance M07UP24A0172I45, best cost 11.7077 + 2756.65 = 2768.36 over 298 frames.
M07UP24A0172I45 beewara 
LOG (lattice-best-path:main():lattice-best-path.cc:99) For utterance M07UP24A0172I49, best cost 12.6154 + 2764.56 = 2777.17 over 298 frames.
M07UP24A0172I49 ouraiyaa 
LOG (lattice-best-path:main():lattice-best-path.cc:99) For utterance M07UP24A0173I44, best cost 16.3542 + 2471.27 = 2487.63 over 298 frames.
M07UP24A0173I44 partaawala 
LOG (lattice-best-path:main():lattice-best-path.cc:99) For utterance M07UP24A0173I46, best cost 11.1607 + 2354.95 = 2366.11 over 298 frames.
M07UP24A0173I46 waaraanxasxii 
LOG (lattice-best-path:main():lattice-best-path.cc:99) For utterance M07UP24A0175I301, best cost 31.3586 + 4255.27 = 4286.62 over 498 frames.
M07UP24A0175I301 ouraiyaa 
LOG (lattice-best-path:main():lattice-best-path.cc:99) For utterance M07UP24A0177F606, best cost 34.2876 + 8197.69 = 8231.98 over 998 frames.
M07UP24A0177F606 phaateehaabaada 
LOG (lattice-best-path:main():lattice-best-path.cc:99) For utterance M07UP24A0179I302, best cost 18.5932 + 4268.14 = 4286.73 over 498 frames.
M07UP24A0179I302 itxaawaa 
LOG (lattice-best-path:main():lattice-best-path.cc:99) For utterance M07UP24A0181I301, best cost 23.5064 + 4833.37 = 4856.88 over 498 frames.
M07UP24A0181I301 wisawaana 
LOG (lattice-best-path:main():lattice-best-path.cc:99) For utterance M07UP24A0181I42, best cost 13.6357 + 2768.57 = 2782.21 over 298 frames.
M07UP24A0181I42 ghiroura 
LOG (lattice-best-path:main():lattice-best-path.cc:99) For utterance M07UP24A0181I48, best cost 14.7705 + 2689.06 = 2703.83 over 298 frames.
M07UP24A0181I48 siyaanaa 
LOG (lattice-best-path:main():lattice-best-path.cc:99) For utterance M07UP24A0185I303, best cost 26.8032 + 4494.29 = 4521.1 over 498 frames.
M07UP24A0185I303 sirasaaganja 
LOG (lattice-best-path:main():lattice-best-path.cc:99) For utterance M07UP24A0188I302, best cost 20.3054 + 4360.69 = 4380.99 over 498 frames.
M07UP24A0188I302 karabii 
LOG (lattice-best-path:main():lattice-best-path.cc:99) For utterance M07UP24A0191I300, best cost 15.9086 + 4080.25 = 4096.15 over 498 frames.
M07UP24A0191I300 itxaawaa 
LOG (lattice-best-path:main():lattice-best-path.cc:99) For utterance M07UP25A1205I302, best cost 27.7206 + 4803.96 = 4831.68 over 498 frames.
M07UP25A1205I302 akbarapura 
LOG (lattice-best-path:main():lattice-best-path.cc:99) For utterance M07UP25A1205I43, best cost 19.6978 + 2827.42 = 2847.12 over 298 frames.
M07UP25A1205I43 kaanapura 
LOG (lattice-best-path:main():lattice-best-path.cc:99) For utterance M07UP25A1206I45, best cost 19.5278 + 2744.29 = 2763.82 over 298 frames.
M07UP25A1206I45 lakhiimapurakhiirii 
LOG (lattice-best-path:main():lattice-best-path.cc:99) For utterance M07UP25A1209I41, best cost 19.4604 + 2705.68 = 2725.14 over 298 frames.
M07UP25A1209I41 prataapagadxhqa 
LOG (lattice-best-path:main():lattice-best-path.cc:99) For utterance M07UP25A1216I41, best cost 13.5044 + 2961.05 = 2974.56 over 298 frames.
M07UP25A1216I41 pheijaabaada 
LOG (lattice-best-path:main():lattice-best-path.cc:99) For utterance M07UP25A1220I300, best cost 20.1401 + 4481.2 = 4501.34 over 498 frames.
M07UP25A1220I300 pheijaabaada 
LOG (lattice-best-path:main():lattice-best-path.cc:99) For utterance M07UP25A1220I42, best cost 20.9972 + 2641.69 = 2662.69 over 298 frames.
M07UP25A1220I42 baaraabankii 
LOG (lattice-best-path:main():lattice-best-path.cc:99) For utterance M07UP25A1261I302, best cost 24.9349 + 4834.3 = 4859.23 over 500 frames.
M07UP25A1261I302 badaayuun 
LOG (lattice-best-path:main():lattice-best-path.cc:99) For utterance M07UP26A0214I42, best cost 12.6141 + 2981.39 = 2994.01 over 298 frames.
M07UP26A0214I42 aliigadxhqa 
LOG (lattice-best-path:main():lattice-best-path.cc:99) For utterance M07UP26A0255I48, best cost 16.3389 + 2648.26 = 2664.59 over 300 frames.
M07UP26A0255I48 sikaarapura 
LOG (lattice-best-path:main():lattice-best-path.cc:99) For utterance M07UP26A0257I47, best cost 13.6135 + 2398.59 = 2412.2 over 298 frames.
M07UP26A0257I47 kaasaganja 
LOG (lattice-best-path:main():lattice-best-path.cc:99) For utterance M07UP26A0258I414, best cost 20.0781 + 2566.25 = 2586.33 over 298 frames.
M07UP26A0258I414 mauu 
LOG (lattice-best-path:main():lattice-best-path.cc:99) For utterance M07UP26A0261I47, best cost 18.6148 + 2628.36 = 2646.97 over 298 frames.
M07UP26A0261I47 pukharaanyaan 
LOG (lattice-best-path:main():lattice-best-path.cc:99) For utterance M07UP26A0262I41, best cost 19.3331 + 2869.23 = 2888.56 over 298 frames.
M07UP26A0262I41 badaayuun 
LOG (lattice-best-path:main():lattice-best-path.cc:99) For utterance M07UP26A0263I43, best cost 15.7185 + 2474.16 = 2489.88 over 298 frames.
M07UP26A0263I43 awaagadxhqa 
LOG (lattice-best-path:main():lattice-best-path.cc:99) For utterance M07UP26A0267I44, best cost 13.1097 + 2610.65 = 2623.76 over 298 frames.
M07UP26A0267I44 kaasaganja 
LOG (lattice-best-path:main():lattice-best-path.cc:99) For utterance M07UP26A0269I47, best cost 16.1257 + 2869.03 = 2885.16 over 298 frames.
M07UP26A0269I47 kannouja 
LOG (lattice-best-path:main():lattice-best-path.cc:99) For utterance M07UP26A0270I42, best cost 15.1164 + 2741.51 = 2756.63 over 298 frames.
M07UP26A0270I42 aliiganja 
LOG (lattice-best-path:main():lattice-best-path.cc:99) For utterance M07UP26A0272I44, best cost 10.3271 + 2314.02 = 2324.35 over 298 frames.
M07UP26A0272I44 beewara 
LOG (lattice-best-path:main():lattice-best-path.cc:99) For utterance M07UP27A0641I438, best cost 19.4698 + 2591.93 = 2611.4 over 298 frames.
M07UP27A0641I438 baliiyaa 
LOG (lattice-best-path:main():lattice-best-path.cc:99) For utterance M07UP27A0647I41, best cost 12.0805 + 2578.18 = 2590.26 over 298 frames.
M07UP27A0647I41 phateehapura 
LOG (lattice-best-path:main():lattice-best-path.cc:99) For utterance M07UP27A0647I43, best cost 13.8035 + 2641.34 = 2655.14 over 298 frames.
M07UP27A0647I43 koushaamabii 
LOG (lattice-best-path:main():lattice-best-path.cc:99) For utterance M07UP27A0657I303, best cost 20.4024 + 4458.94 = 4479.34 over 498 frames.
M07UP27A0657I303 koushaamabii 
LOG (lattice-best-path:main():lattice-best-path.cc:99) For utterance M07UP28A0216I301, best cost 12.2911 + 4618.9 = 4631.19 over 498 frames.
M07UP28A0216I301 mauu 
LOG (lattice-best-path:main():lattice-best-path.cc:99) For utterance M07UP28A0218I300, best cost 28.7669 + 4370.93 = 4399.69 over 498 frames.
M07UP28A0218I300 itxaawaa 
LOG (lattice-best-path:main():lattice-best-path.cc:99) For utterance M07UP28A0219I40, best cost 15.6672 + 2610.25 = 2625.92 over 298 frames.
M07UP28A0219I40 sikohaabaada 
LOG (lattice-best-path:main():lattice-best-path.cc:99) For utterance M07UP28A0219I505, best cost 14.5133 + 2640.85 = 2655.36 over 300 frames.
M07UP28A0219I505 kheira 
LOG (lattice-best-path:main():lattice-best-path.cc:99) For utterance M07UP28A0225I302, best cost 16.6205 + 4609.51 = 4626.13 over 498 frames.
M07UP28A0225I302 haatharasa 
LOG (lattice-best-path:main():lattice-best-path.cc:99) For utterance M07UP28A0225I40, best cost 22.414 + 2622.24 = 2644.66 over 298 frames.
M07UP28A0225I40 aagaraa 
LOG (lattice-best-path:main():lattice-best-path.cc:99) For utterance M07UP28A0225I41, best cost 15.0134 + 3037.14 = 3052.15 over 298 frames.
M07UP28A0225I41 puuranpura 
LOG (lattice-best-path:main():lattice-best-path.cc:99) For utterance M07UP29A0506I301, best cost 19.6948 + 4129.22 = 4148.92 over 498 frames.
M07UP29A0506I301 baharaaica 
LOG (lattice-best-path:main():lattice-best-path.cc:99) For utterance M07UP29A0509I42, best cost 17.9794 + 2729.29 = 2747.27 over 298 frames.
M07UP29A0509I42 hamiirapura 
LOG (lattice-best-path:main():lattice-best-path.cc:99) For utterance M07UP29A0509I45, best cost 15.0214 + 2645.94 = 2660.96 over 298 frames.
M07UP29A0509I45 awaagadxhqa 
LOG (lattice-best-path:main():lattice-best-path.cc:99) For utterance M07UP29A0510I303, best cost 18.5633 + 4241.41 = 4259.97 over 500 frames.
M07UP29A0510I303 sikandraaraauu 
LOG (lattice-best-path:main():lattice-best-path.cc:99) For utterance M07UP29A0510I44, best cost 15.4299 + 2462.81 = 2478.24 over 298 frames.
M07UP29A0510I44 jaganeira 
LOG (lattice-best-path:main():lattice-best-path.cc:99) For utterance M07UP29A0511I301, best cost 16.0972 + 4413.45 = 4429.55 over 498 frames.
M07UP29A0511I301 partaawala 
LOG (lattice-best-path:main():lattice-best-path.cc:99) For utterance M07UP29A0511I42, best cost 18.0248 + 2790.51 = 2808.53 over 298 frames.
M07UP29A0511I42 goutamabuddhanagara 
LOG (lattice-best-path:main():lattice-best-path.cc:99) For utterance M07UP29A0513I44, best cost 14.9276 + 2610.3 = 2625.23 over 298 frames.
M07UP29A0513I44 badaayuun 
LOG (lattice-best-path:main():lattice-best-path.cc:99) For utterance M07UP29A0514I41, best cost 12.4848 + 2701.5 = 2713.99 over 298 frames.
M07UP29A0514I41 aliigadxhqa 
LOG (lattice-best-path:main():lattice-best-path.cc:99) For utterance M07UP29A0516I41, best cost 15.6719 + 2885.31 = 2900.98 over 298 frames.
M07UP29A0516I41 tulsiipura 
LOG (lattice-best-path:main():lattice-best-path.cc:99) For utterance M07UP29A0517I303, best cost 18.9314 + 4412.37 = 4431.3 over 498 frames.
M07UP29A0517I303 bijanoura 
LOG (lattice-best-path:main():lattice-best-path.cc:99) For utterance M07UP29A0520I42, best cost 13.7977 + 2486.82 = 2500.61 over 298 frames.
M07UP29A0520I42 aliigadxhqa 
LOG (lattice-best-path:main():lattice-best-path.cc:99) For utterance M07UP29A0520I45, best cost 13.3547 + 2725.83 = 2739.19 over 298 frames.
M07UP29A0520I45 awaagadxhqa 
LOG (lattice-best-path:main():lattice-best-path.cc:99) For utterance M07UP29A0521I303, best cost 26.7696 + 4260.2 = 4286.97 over 498 frames.
M07UP29A0521I303 maadhawaganja 
LOG (lattice-best-path:main():lattice-best-path.cc:99) For utterance M07UP29A0521I47, best cost 14.1177 + 2478.73 = 2492.85 over 298 frames.
M07UP29A0521I47 sikandaraabaada 
LOG (lattice-best-path:main():lattice-best-path.cc:99) For utterance M07UP31A1290I43, best cost 14.3815 + 2577.17 = 2591.55 over 298 frames.
M07UP31A1290I43 sindhoulii 
LOG (lattice-best-path:main():lattice-best-path.cc:99) For utterance M07UP31A1291I42, best cost 17.686 + 2647.19 = 2664.88 over 298 frames.
M07UP31A1291I42 baliiyaa 
LOG (lattice-best-path:main():lattice-best-path.cc:99) For utterance M07UP31A1292I301, best cost 20.8944 + 4296.13 = 4317.03 over 498 frames.
M07UP31A1292I301 aajamagadxhqa 
LOG (lattice-best-path:main():lattice-best-path.cc:99) For utterance M07UP31A1294I302, best cost 33.8771 + 4199.74 = 4233.62 over 498 frames.
M07UP31A1294I302 jangiipura 
LOG (lattice-best-path:main():lattice-best-path.cc:99) For utterance M07UP31A1294I43, best cost 19.3244 + 2698.5 = 2717.83 over 298 frames.
M07UP31A1294I43 candoulii 
LOG (lattice-best-path:main():lattice-best-path.cc:99) For utterance M07UP31A1296I500, best cost 24.7998 + 3912.73 = 3937.53 over 498 frames.
M07UP31A1296I500 moudahaa 
LOG (lattice-best-path:main():lattice-best-path.cc:99) For utterance M07UP31A1300I300, best cost 21.3321 + 4917.33 = 4938.66 over 498 frames.
M07UP31A1300I300 gaajiipura 
LOG (lattice-best-path:main():lattice-best-path.cc:99) For utterance M07UP31A1302I301, best cost 33.2064 + 4322.81 = 4356.01 over 498 frames.
M07UP31A1302I301 aajamagadxhqa 
LOG (lattice-best-path:main():lattice-best-path.cc:99) For utterance M07UP31A1306I302, best cost 26.9342 + 4444.11 = 4471.05 over 498 frames.
M07UP31A1306I302 jangiipura 
LOG (lattice-best-path:main():lattice-best-path.cc:99) For utterance M07UP31A1306I303, best cost 19.2965 + 4997.44 = 5016.74 over 498 frames.
M07UP31A1306I303 kishanapura 
LOG (lattice-best-path:main():lattice-best-path.cc:99) For utterance M07UP31A1306I43, best cost 12.8601 + 2454.37 = 2467.23 over 298 frames.
M07UP31A1306I43 candoulii 
LOG (lattice-best-path:main():lattice-best-path.cc:99) For utterance M07UP31A1307I430, best cost 23.0305 + 2660.38 = 2683.41 over 298 frames.
M07UP31A1307I430 baliiyaa 
LOG (lattice-best-path:main():lattice-best-path.cc:99) For utterance M07UP31A1308I435, best cost 16.7944 + 2627.43 = 2644.22 over 298 frames.
M07UP31A1308I435 baliiyaa 
LOG (lattice-best-path:main():lattice-best-path.cc:99) For utterance M07UP31A1309I44, best cost 12.0868 + 2964.46 = 2976.55 over 298 frames.
M07UP31A1309I44 beewara 
LOG (lattice-best-path:main():lattice-best-path.cc:99) For utterance M07UP31A1310I45, best cost 21.4897 + 2813.8 = 2835.29 over 298 frames.
M07UP31A1310I45 gaajiipura 
LOG (lattice-best-path:main():lattice-best-path.cc:99) For utterance M07UP34A0551I43, best cost 19.3954 + 2859.26 = 2878.66 over 300 frames.
M07UP34A0551I43 kaanapuradeehaata 
LOG (lattice-best-path:main():lattice-best-path.cc:99) For utterance M07UP34A0554I301, best cost 19.1535 + 4296.31 = 4315.46 over 498 frames.
M07UP34A0554I301 jaalouna 
LOG (lattice-best-path:main():lattice-best-path.cc:99) For utterance M07UP34A0555I300, best cost 31.4847 + 4900.6 = 4932.08 over 498 frames.
M07UP34A0555I300 phateehapurasiikarii 
LOG (lattice-best-path:main():lattice-best-path.cc:99) For utterance M07UP34A0558I42, best cost 22.1236 + 2758.31 = 2780.43 over 298 frames.
M07UP34A0558I42 baangaramauu 
LOG (lattice-best-path:main():lattice-best-path.cc:99) For utterance M07UP34A0559I303, best cost 26.0544 + 4432.85 = 4458.9 over 498 frames.
M07UP34A0559I303 uraii 
LOG (lattice-best-path:main():lattice-best-path.cc:99) For utterance M07UP34A0559I44, best cost 21.8717 + 2638.84 = 2660.72 over 298 frames.
M07UP34A0559I44 phateehapura 
LOG (lattice-best-path:main():lattice-best-path.cc:99) For utterance M07UP34A0561I300, best cost 17.4242 + 4880.93 = 4898.35 over 498 frames.
M07UP34A0561I300 jangiipura 
LOG (lattice-best-path:main():lattice-best-path.cc:99) For utterance M07UP34A0563I303, best cost 32.9587 + 4194.12 = 4227.08 over 498 frames.
M07UP34A0563I303 raatxha 
LOG (lattice-best-path:main():lattice-best-path.cc:99) For utterance M07UP34A0564I43, best cost 15.0297 + 2628.57 = 2643.6 over 298 frames.
M07UP34A0564I43 citrakuutxa 
LOG (lattice-best-path:main():lattice-best-path.cc:99) For utterance M07UP34A0566I301, best cost 27.8291 + 4123.07 = 4150.9 over 498 frames.
M07UP34A0566I301 hamiirapura 
LOG (lattice-best-path:main():lattice-best-path.cc:99) For utterance M07UP35A0443I41, best cost 14.0213 + 2744.57 = 2758.59 over 298 frames.
M07UP35A0443I41 amarohaa 
LOG (lattice-best-path:main():lattice-best-path.cc:99) For utterance M07UP35A0446I301, best cost 22.4782 + 4507.22 = 4529.7 over 498 frames.
M07UP35A0446I301 phirojaabaada 
LOG (lattice-best-path:main():lattice-best-path.cc:99) For utterance M07UP35A0448I301, best cost 27.7851 + 4091.23 = 4119.02 over 498 frames.
M07UP35A0448I301 bharawaarii 
LOG (lattice-best-path:main():lattice-best-path.cc:99) For utterance M07UP35A0450I301, best cost 27.2949 + 4840.96 = 4868.26 over 498 frames.
M07UP35A0450I301 anuupashahara 
LOG (lattice-best-path:main():lattice-best-path.cc:99) For utterance M07UP35A0452I303, best cost 31.7682 + 4121.23 = 4153 over 498 frames.
M07UP35A0452I303 haapudxqa 
LOG (lattice-best-path:main():lattice-best-path.cc:99) For utterance M07UP35A0455I303, best cost 33.306 + 4083.02 = 4116.33 over 498 frames.
M07UP35A0455I303 haapudxqa 
LOG (lattice-best-path:main():lattice-best-path.cc:99) For utterance M07UP35A0455I426, best cost 19.1402 + 2791.57 = 2810.71 over 298 frames.
M07UP35A0455I426 ghiroura 
LOG (lattice-best-path:main():lattice-best-path.cc:99) For utterance M07UP35A0456I43, best cost 18.5436 + 2654.7 = 2673.24 over 298 frames.
M07UP35A0456I43 baagapata 
LOG (lattice-best-path:main():lattice-best-path.cc:99) For utterance M07UP35A0457I41, best cost 19.8235 + 2813.96 = 2833.78 over 298 frames.
M07UP35A0457I41 kaanapura 
LOG (lattice-best-path:main():lattice-best-path.cc:99) For utterance M07UP35A0459I303, best cost 16.6697 + 4251.15 = 4267.82 over 498 frames.
M07UP35A0459I303 haapudxqa 
LOG (lattice-best-path:main():lattice-best-path.cc:99) For utterance M07UP36A0825I301, best cost 30.0768 + 4443.55 = 4473.62 over 498 frames.
M07UP36A0825I301 lakhanauu 
LOG (lattice-best-path:main():lattice-best-path.cc:99) For utterance M07UP36A0825I40, best cost 15.958 + 2591.09 = 2607.04 over 298 frames.
M07UP36A0825I40 dhanoura 
LOG (lattice-best-path:main():lattice-best-path.cc:99) For utterance M07UP36A0827I300, best cost 29.7483 + 4005.09 = 4034.84 over 498 frames.
M07UP36A0827I300 hardoii 
LOG (lattice-best-path:main():lattice-best-path.cc:99) For utterance M07UP36A0829I302, best cost 22.1731 + 4409.72 = 4431.89 over 498 frames.
M07UP36A0829I302 sandxiilaa 
LOG (lattice-best-path:main():lattice-best-path.cc:99) For utterance M07UP36A0832I302, best cost 23.7134 + 4503.9 = 4527.62 over 498 frames.
M07UP36A0832I302 sandxiilaa 
LOG (lattice-best-path:main():lattice-best-path.cc:99) For utterance M07UP36A0840I41, best cost 14.7943 + 2461.55 = 2476.34 over 298 frames.
M07UP36A0840I41 baaraabankii 
LOG (lattice-best-path:main():lattice-best-path.cc:99) For utterance M07UP37A0301I42, best cost 8.15095 + 2318.4 = 2326.55 over 298 frames.
M07UP37A0301I42 badaayuun 
LOG (lattice-best-path:main():lattice-best-path.cc:99) For utterance M07UP37A0302I45, best cost 9.80292 + 2906.24 = 2916.05 over 298 frames.
M07UP37A0302I45 haatharasa 
LOG (lattice-best-path:main():lattice-best-path.cc:99) For utterance M07UP37A0306I47, best cost 22.2463 + 2898.75 = 2920.99 over 298 frames.
M07UP37A0306I47 thaanaabhawana 
LOG (lattice-best-path:main():lattice-best-path.cc:99) For utterance M07UP37A0307I303, best cost 17.696 + 4627.46 = 4645.15 over 498 frames.
M07UP37A0307I303 haatharasa 
LOG (lattice-best-path:main():lattice-best-path.cc:99) For utterance M07UP37A0309I40, best cost 12.9646 + 3027.14 = 3040.11 over 298 frames.
M07UP37A0309I40 puurwaa 
LOG (lattice-best-path:main():lattice-best-path.cc:99) For utterance M07UP37A0309I44, best cost 13.4844 + 2894.54 = 2908.03 over 300 frames.
M07UP37A0309I44 kaasaganja 
LOG (lattice-best-path:main():lattice-best-path.cc:99) For utterance M07UP37A0311I43, best cost 13.9113 + 2647.98 = 2661.89 over 298 frames.
M07UP37A0311I43 aliigadxhqa 
LOG (lattice-best-path:main():lattice-best-path.cc:99) For utterance M07UP37A0311I44, best cost 16.2481 + 2599.36 = 2615.6 over 298 frames.
M07UP37A0311I44 awaagadxhqa 
LOG (lattice-best-path:main():lattice-best-path.cc:99) For utterance M07UP37A0311I48, best cost 13.677 + 2398.73 = 2412.41 over 300 frames.
M07UP37A0311I48 aagaraa 
LOG (lattice-best-path:main():lattice-best-path.cc:99) For utterance M07UP37A0313I427, best cost 15.0889 + 2657.76 = 2672.85 over 298 frames.
M07UP37A0313I427 koshiikalaan 
LOG (lattice-best-path:main():lattice-best-path.cc:99) For utterance M07UP37A0314I300, best cost 26.5515 + 4735.27 = 4761.82 over 498 frames.
M07UP37A0314I300 phateehapurasiikarii 
LOG (lattice-best-path:main():lattice-best-path.cc:99) For utterance M07UP37A0316I305, best cost 15.7735 + 4895.81 = 4911.58 over 498 frames.
M07UP37A0316I305 haapudxqa 
LOG (lattice-best-path:main():lattice-best-path.cc:99) For utterance M07UP37A0317I47, best cost 15.1792 + 2572.36 = 2587.54 over 298 frames.
M07UP37A0317I47 pharrukhaabaada 
LOG (lattice-best-path:main():lattice-best-path.cc:99) For utterance M07UP37A0317I48, best cost 15.9536 + 2933.05 = 2949.01 over 298 frames.
M07UP37A0317I48 jeewara 
LOG (lattice-best-path:main():lattice-best-path.cc:99) For utterance M07UP37A0319I301, best cost 23.6728 + 4887.07 = 4910.75 over 498 frames.
M07UP37A0319I301 daadarii 
LOG (lattice-best-path:main():lattice-best-path.cc:99) For utterance M07UP38A0103I43, best cost 16.9412 + 2623.91 = 2640.86 over 298 frames.
M07UP38A0103I43 baruaasaagara 
LOG (lattice-best-path:main():lattice-best-path.cc:99) For utterance M07UP38A0107I43, best cost 12.3978 + 2677.87 = 2690.27 over 298 frames.
M07UP38A0107I43 raatxha 
LOG (lattice-best-path:main():lattice-best-path.cc:99) For utterance M07UP39A0774I301, best cost 19.163 + 4118.03 = 4137.19 over 498 frames.
M07UP39A0774I301 waaraanxasxii 
LOG (lattice-best-path:main():lattice-best-path.cc:99) For utterance M07UP39A0776I302, best cost 15.4387 + 4051.69 = 4067.13 over 498 frames.
M07UP39A0776I302 laalaganja 
LOG (lattice-best-path:main():lattice-best-path.cc:99) For utterance M07UP39A0777I300, best cost 13.3936 + 4286.27 = 4299.66 over 498 frames.
M07UP39A0777I300 jounapura 
LOG (lattice-best-path:main():lattice-best-path.cc:99) For utterance M07UP39A0777I423, best cost 16.033 + 2422.84 = 2438.88 over 298 frames.
M07UP39A0777I423 gopiiganja 
LOG (lattice-best-path:main():lattice-best-path.cc:99) For utterance M07UP39A0778I303, best cost 23.0616 + 4488.61 = 4511.67 over 498 frames.
M07UP39A0778I303 jaraara 
LOG (lattice-best-path:main():lattice-best-path.cc:99) For utterance M07UP39A0781I501, best cost 13.0566 + 3468.4 = 3481.46 over 398 frames.
M07UP39A0781I501 uraii 
LOG (lattice-best-path:main():lattice-best-path.cc:99) For utterance M07UP41A0273I301, best cost 18.6306 + 5049.17 = 5067.8 over 498 frames.
M07UP41A0273I301 danakoura 
LOG (lattice-best-path:main():lattice-best-path.cc:99) For utterance M07UP41A0273I47, best cost 14.7744 + 2712.37 = 2727.15 over 298 frames.
M07UP41A0273I47 gangoha 
LOG (lattice-best-path:main():lattice-best-path.cc:99) For utterance M07UP41A0275I300, best cost 17.6916 + 4122.04 = 4139.73 over 498 frames.
M07UP41A0275I300 khatoulii 
LOG (lattice-best-path:main():lattice-best-path.cc:99) For utterance M07UP41A0277I300, best cost 20.7506 + 4520.74 = 4541.49 over 498 frames.
M07UP41A0277I300 akbarapura 
LOG (lattice-best-path:main():lattice-best-path.cc:99) For utterance M07UP41A0277I43, best cost 15.4336 + 2839.39 = 2854.83 over 298 frames.
M07UP41A0277I43 baaraabankii 
LOG (lattice-best-path:main():lattice-best-path.cc:99) For utterance M07UP41A0279I301, best cost 18.3305 + 4486.88 = 4505.21 over 498 frames.
M07UP41A0279I301 pharrukhaabaada 
LOG (lattice-best-path:main():lattice-best-path.cc:99) For utterance M07UP41A0279I302, best cost 21.364 + 4364.06 = 4385.42 over 498 frames.
M07UP41A0279I302 dhanoura 
LOG (lattice-best-path:main():lattice-best-path.cc:99) For utterance M07UP41A0279I47, best cost 18.2227 + 2910.22 = 2928.44 over 298 frames.
M07UP41A0279I47 dxibiyaapura 
LOG (lattice-best-path:main():lattice-best-path.cc:99) For utterance M07UP41A0280I42, best cost 15.4035 + 2629.34 = 2644.74 over 298 frames.
M07UP41A0280I42 beewara 
LOG (lattice-best-path:main():lattice-best-path.cc:99) For utterance M07UP41A0280I45, best cost 21.4347 + 2880.23 = 2901.66 over 298 frames.
M07UP41A0280I45 phateehapurasiikarii 
LOG (lattice-best-path:main():lattice-best-path.cc:99) For utterance M07UP41A0283I48, best cost 11.9554 + 2396.27 = 2408.23 over 298 frames.
M07UP41A0283I48 itxaawaa 
LOG (lattice-best-path:main():lattice-best-path.cc:99) For utterance M07UP41A0289I303, best cost 24.5612 + 4430.43 = 4454.99 over 498 frames.
M07UP41A0289I303 candousii 
LOG (lattice-best-path:main():lattice-best-path.cc:99) For utterance M07UP41A0289I44, best cost 13.3944 + 2548.23 = 2561.63 over 300 frames.
M07UP41A0289I44 beewara 
LOG (lattice-best-path:main():lattice-best-path.cc:99) For utterance M07UP41A0290I47, best cost 18.8601 + 2579.74 = 2598.6 over 298 frames.
M07UP41A0290I47 sindhoulii 
LOG (lattice-best-path:main():lattice-best-path.cc:99) For utterance M07UP41A0291I43, best cost 17.5657 + 2454.36 = 2471.92 over 298 frames.
M07UP41A0291I43 kamalaaganja 
LOG (lattice-best-path:main():lattice-best-path.cc:99) For utterance M07UP41A0291I46, best cost 16.6734 + 2544.27 = 2560.94 over 298 frames.
M07UP41A0291I46 pharrukhaabaada 
LOG (lattice-best-path:main():lattice-best-path.cc:99) For utterance M07UP42A0111I46, best cost 18.1669 + 2527.07 = 2545.24 over 298 frames.
M07UP42A0111I46 kannouja 
LOG (lattice-best-path:main():lattice-best-path.cc:99) For utterance M07UP42A0116I430, best cost 11.0546 + 2782.9 = 2793.96 over 298 frames.
M07UP42A0116I430 aliigadxhqa 
LOG (lattice-best-path:main():lattice-best-path.cc:99) For utterance M07UP42A0117I419, best cost 17.8624 + 2596.5 = 2614.36 over 298 frames.
M07UP42A0117I419 puwaahaa 
LOG (lattice-best-path:main():lattice-best-path.cc:99) For utterance M07UP42A0117I423, best cost 13.9742 + 2775.9 = 2789.87 over 298 frames.
M07UP42A0117I423 dxibiyaapura 
LOG (lattice-best-path:main():lattice-best-path.cc:99) For utterance M07UP42A0119I300, best cost 21.302 + 4659.44 = 4680.74 over 498 frames.
M07UP42A0119I300 kaanapuradeehaata 
LOG (lattice-best-path:main():lattice-best-path.cc:99) For utterance M07UP42A0119I46, best cost 17.9235 + 2831.94 = 2849.87 over 298 frames.
M07UP42A0119I46 kannouja 
LOG (lattice-best-path:main():lattice-best-path.cc:99) For utterance M07UP42A0120I418, best cost 18.9612 + 2639.94 = 2658.9 over 298 frames.
M07UP42A0120I418 dudhii 
LOG (lattice-best-path:main():lattice-best-path.cc:99) For utterance M07UP42A0120I424, best cost 20.2463 + 2665.83 = 2686.07 over 298 frames.
M07UP42A0120I424 uttariipuraa 
LOG (lattice-best-path:main():lattice-best-path.cc:99) For utterance M07UP42A0120I429, best cost 16.2182 + 2772.29 = 2788.51 over 298 frames.
M07UP42A0120I429 maadhougadxhqa 
LOG (lattice-best-path:main():lattice-best-path.cc:99) For utterance M07UP42A0122I302, best cost 19.4076 + 4569.26 = 4588.67 over 498 frames.
M07UP42A0122I302 pukharaanyaan 
LOG (lattice-best-path:main():lattice-best-path.cc:99) For utterance M07UP42A0122I424, best cost 16.6927 + 2827.64 = 2844.33 over 298 frames.
M07UP42A0122I424 wariipaala 
LOG (lattice-best-path:main():lattice-best-path.cc:99) For utterance M07UP42A0122I46, best cost 16.2469 + 2764.18 = 2780.43 over 298 frames.
M07UP42A0122I46 hamiirapura 
LOG (lattice-best-path:main():lattice-best-path.cc:99) For utterance M07UP42A0123I42, best cost 13.2936 + 2757.89 = 2771.18 over 298 frames.
M07UP42A0123I42 jaalouna 
LOG (lattice-best-path:main():lattice-best-path.cc:99) For utterance M07UP42A0123I424, best cost 14.8965 + 2859.64 = 2874.54 over 298 frames.
M07UP42A0123I424 dxibiyaapura 
LOG (lattice-best-path:main():lattice-best-path.cc:99) For utterance M07UP42A0124I45, best cost 17.7929 + 2633.56 = 2651.35 over 298 frames.
M07UP42A0124I45 kannouja 
LOG (lattice-best-path:main():lattice-best-path.cc:99) For utterance M07UP42A0126I437, best cost 17.7488 + 2802.87 = 2820.62 over 298 frames.
M07UP42A0126I437 gaajiipura 
LOG (lattice-best-path:main():lattice-best-path.cc:99) For utterance M07UP43A0148I300, best cost 20.2605 + 4819.07 = 4839.33 over 498 frames.
M07UP43A0148I300 saalon 
LOG (lattice-best-path:main():lattice-best-path.cc:99) For utterance M07UP43A0151I42, best cost 17.2558 + 2940.78 = 2958.03 over 298 frames.
M07UP43A0151I42 karabii 
LOG (lattice-best-path:main():lattice-best-path.cc:99) For utterance M07UP43A0154I43, best cost 14.2282 + 2433.3 = 2447.53 over 298 frames.
M07UP43A0154I43 phateehapura 
LOG (lattice-best-path:main():lattice-best-path.cc:99) For utterance M07UP43A0154I44, best cost 15.1208 + 2507.98 = 2523.1 over 298 frames.
M07UP43A0154I44 kaanapura 
LOG (lattice-best-path:main():lattice-best-path.cc:99) For utterance M07UP43A0158I41, best cost 11.8284 + 2794.59 = 2806.41 over 298 frames.
M07UP43A0158I41 tulsiipura 
LOG (lattice-best-path:main():lattice-best-path.cc:99) For utterance M07UP45A0614I48, best cost 16.9034 + 2806.75 = 2823.65 over 298 frames.
M07UP45A0614I48 maadhougadxhqa 
LOG (lattice-best-path:main():lattice-best-path.cc:99) For utterance M07UP45A0616I43, best cost 16.1126 + 2660.05 = 2676.16 over 298 frames.
M07UP45A0616I43 bharawaarii 
LOG (lattice-best-path:main():lattice-best-path.cc:99) For utterance M07UP45A0624I41, best cost 17.2128 + 2677.91 = 2695.13 over 298 frames.
M07UP45A0624I41 jalaalaabaada 
LOG (lattice-best-path:main():lattice-best-path.cc:99) For utterance M07UP45A0624I44, best cost 19.1744 + 2641.06 = 2660.23 over 298 frames.
M07UP45A0624I44 kishanapura 
LOG (lattice-best-path:main():lattice-best-path.cc:99) For utterance M07UP45A0625I41, best cost 14.1034 + 2764.9 = 2779.01 over 298 frames.
M07UP45A0625I41 jeewara 
LOG (lattice-best-path:main():lattice-best-path.cc:99) For utterance M07UP45A0627I43, best cost 12.959 + 2416.54 = 2429.5 over 298 frames.
M07UP45A0627I43 dxiwaaii 
LOG (lattice-best-path:main():lattice-best-path.cc:99) For utterance M07UP45A0628I41, best cost 14.6162 + 2738.26 = 2752.87 over 298 frames.
M07UP45A0628I41 sardhanaa 
LOG (lattice-best-path:main():lattice-best-path.cc:99) For utterance M07UP45A0629I303, best cost 15.4069 + 4830.51 = 4845.92 over 498 frames.
M07UP45A0629I303 siitaapura 
LOG (lattice-best-path:main():lattice-best-path.cc:99) For utterance M07UP45A0634I48, best cost 16.0345 + 2601.73 = 2617.76 over 298 frames.
M07UP45A0634I48 prataapagadxhqa 
LOG (lattice-best-path:main():lattice-best-path.cc:99) For utterance M07UP45A0635I42, best cost 22.5192 + 2752.22 = 2774.74 over 298 frames.
M07UP45A0635I42 sikandaraabaada 
LOG (lattice-best-path:main():lattice-best-path.cc:99) For utterance M07UP45A0636I300, best cost 12.5318 + 3971.12 = 3983.66 over 498 frames.
M07UP45A0636I300 sandxii 
LOG (lattice-best-path:main():lattice-best-path.cc:99) For utterance M07UP48A0013I417, best cost 20.6069 + 2657.76 = 2678.37 over 298 frames.
M07UP48A0013I417 sardhanaa 
LOG (lattice-best-path:main():lattice-best-path.cc:99) For utterance M07UP48A0013I43, best cost 13.9312 + 2715.91 = 2729.84 over 298 frames.
M07UP48A0013I43 babeeruu 
LOG (lattice-best-path:main():lattice-best-path.cc:99) For utterance M07UP48A0014I44, best cost 12.562 + 2686.49 = 2699.05 over 298 frames.
M07UP48A0014I44 kaanapura 
LOG (lattice-best-path:main():lattice-best-path.cc:99) For utterance M07UP48A0015I422, best cost 18.5646 + 2689.58 = 2708.15 over 298 frames.
M07UP48A0015I422 sahiyaapura 
LOG (lattice-best-path:main():lattice-best-path.cc:99) For utterance M07UP48A0018I422, best cost 15.6524 + 2826.81 = 2842.46 over 298 frames.
M07UP48A0018I422 badaayuun 
LOG (lattice-best-path:main():lattice-best-path.cc:99) For utterance M07UP48A0020I43, best cost 10.5758 + 2480.37 = 2490.94 over 298 frames.
M07UP48A0020I43 siyaanaa 
LOG (lattice-best-path:main():lattice-best-path.cc:99) For utterance M07UP48A0021I45, best cost 19.2854 + 2462.57 = 2481.86 over 298 frames.
M07UP48A0021I45 gurusaraanya 
LOG (lattice-best-path:main():lattice-best-path.cc:99) For utterance M07UP48A0024I49, best cost 13.8773 + 2824.97 = 2838.84 over 304 frames.
M07UP48A0024I49 siiraa 
LOG (lattice-best-path:main():lattice-best-path.cc:99) For utterance M07UP48A0028I45, best cost 15.7609 + 2807.32 = 2823.09 over 298 frames.
M07UP48A0028I45 gaajiipura 
LOG (lattice-best-path:main():lattice-best-path.cc:99) For utterance M07UP48A0031I44, best cost 17.6522 + 2826.02 = 2843.67 over 298 frames.
M07UP48A0031I44 acaneeraa 
LOG (lattice-best-path:main():lattice-best-path.cc:99) For utterance M07UP49A0861I41, best cost 16.8186 + 2475.36 = 2492.18 over 300 frames.
M07UP49A0861I41 kaanapuradeehaata 
LOG (lattice-best-path:main():lattice-best-path.cc:99) For utterance M07UP49A0863I300, best cost 28.5428 + 4613.58 = 4642.12 over 498 frames.
M07UP49A0863I300 jaalouna 
LOG (lattice-best-path:main():lattice-best-path.cc:99) For utterance M07UP49A0866I504, best cost 16.948 + 2989.39 = 3006.34 over 298 frames.
M07UP49A0866I504 baliiyaa 
LOG (lattice-best-path:main():lattice-best-path.cc:99) For utterance M07UP49A0869I301, best cost 22.7993 + 4495.98 = 4518.78 over 498 frames.
M07UP49A0869I301 baaraabankii 
LOG (lattice-best-path:main():lattice-best-path.cc:99) For utterance M07UP49A0880I43, best cost 21.4372 + 2612.88 = 2634.32 over 298 frames.
M07UP49A0880I43 siitaapura 
LOG (lattice-best-path:main():lattice-best-path.cc:99) For utterance M07UP51A0032I301, best cost 21.4731 + 4115.24 = 4136.71 over 430 frames.
M07UP51A0032I301 badaayuun 
LOG (lattice-best-path:main():lattice-best-path.cc:99) For utterance M07UP51A0033I42, best cost 17.9334 + 2767.9 = 2785.84 over 298 frames.
M07UP51A0033I42 ghiroura 
LOG (lattice-best-path:main():lattice-best-path.cc:99) For utterance M07UP51A0033I48, best cost 17.4197 + 2852.75 = 2870.17 over 298 frames.
M07UP51A0033I48 mauraniipura 
LOG (lattice-best-path:main():lattice-best-path.cc:99) For utterance M07UP51A0035I302, best cost 22.8973 + 4490.55 = 4513.45 over 498 frames.
M07UP51A0035I302 raatxha 
LOG (lattice-best-path:main():lattice-best-path.cc:99) For utterance M07UP51A0036I300, best cost 17.0226 + 4652.05 = 4669.08 over 498 frames.
M07UP51A0036I300 maadhougadxhqa 
LOG (lattice-best-path:main():lattice-best-path.cc:99) For utterance M07UP51A0036I44, best cost 16.5331 + 2607.66 = 2624.19 over 298 frames.
M07UP51A0036I44 jhaansii 
LOG (lattice-best-path:main():lattice-best-path.cc:99) For utterance M07UP51A0036I45, best cost 14.4598 + 2648.19 = 2662.65 over 298 frames.
M07UP51A0036I45 ciragaanwa 
LOG (lattice-best-path:main():lattice-best-path.cc:99) For utterance M07UP51A0036I48, best cost 14.3676 + 2701.37 = 2715.74 over 298 frames.
M07UP51A0036I48 mahobaa 
LOG (lattice-best-path:main():lattice-best-path.cc:99) For utterance M07UP51A0038I48, best cost 16.4987 + 2773.93 = 2790.43 over 298 frames.
M07UP51A0038I48 gaajiipura 
LOG (lattice-best-path:main():lattice-best-path.cc:99) For utterance M07UP51A0041I300, best cost 17.0125 + 3933.9 = 3950.91 over 498 frames.
M07UP51A0041I300 mahobaa 
LOG (lattice-best-path:main():lattice-best-path.cc:99) For utterance M07UP51A0042I302, best cost 21.4546 + 4177.73 = 4199.18 over 498 frames.
M07UP51A0042I302 badaayuun 
LOG (lattice-best-path:main():lattice-best-path.cc:99) For utterance M07UP51A0043I410, best cost 15.3674 + 2658.27 = 2673.64 over 298 frames.
M07UP51A0043I410 baruaasumeerapura 
LOG (lattice-best-path:main():lattice-best-path.cc:99) For utterance M07UP51A0043I44, best cost 22.2062 + 2772.09 = 2794.3 over 298 frames.
M07UP51A0043I44 ghiroura 
LOG (lattice-best-path:main():lattice-best-path.cc:99) For utterance M07UP51A0043I45, best cost 19.2083 + 2532.2 = 2551.41 over 298 frames.
M07UP51A0043I45 raatxha 
LOG (lattice-best-path:main():lattice-best-path.cc:99) For utterance M07UP51A0044I303, best cost 35.9458 + 4243.81 = 4279.75 over 498 frames.
M07UP51A0044I303 mahobaa 
LOG (lattice-best-path:main():lattice-best-path.cc:99) For utterance M07UP51A0045I412, best cost 16.5133 + 2790.77 = 2807.28 over 298 frames.
M07UP51A0045I412 badaayuun 
LOG (lattice-best-path:main():lattice-best-path.cc:99) For utterance M07UP51A0046I412, best cost 17.9177 + 2475.9 = 2493.82 over 298 frames.
M07UP51A0046I412 raatxha 
LOG (lattice-best-path:main():lattice-best-path.cc:99) For utterance M07UP51A0046I43, best cost 20.4552 + 2687.64 = 2708.1 over 298 frames.
M07UP51A0046I43 paliaakala 
LOG (lattice-best-path:main():lattice-best-path.cc:99) For utterance M07UP51A0049I44, best cost 21.0878 + 2849.63 = 2870.72 over 298 frames.
M07UP51A0049I44 baruaasaagara 
LOG (lattice-best-path:main():lattice-best-path.cc:99) For utterance M07UP51A0049I48, best cost 18.9462 + 2878.28 = 2897.22 over 298 frames.
M07UP51A0049I48 mauraniipura 
LOG (lattice-best-path:main():lattice-best-path.cc:99) For utterance M07UP51A0050I300, best cost 26.538 + 4220.18 = 4246.72 over 498 frames.
M07UP51A0050I300 mahobaa 
LOG (lattice-best-path:main():lattice-best-path.cc:99) For utterance M07UP51A0050I42, best cost 20.4935 + 2645.62 = 2666.11 over 298 frames.
M07UP51A0050I42 hamiirapura 
LOG (lattice-best-path:main():lattice-best-path.cc:99) For utterance M07UP51A0050I45, best cost 11.3655 + 2696.46 = 2707.83 over 298 frames.
M07UP51A0050I45 siiraa 
LOG (lattice-best-path:main():lattice-best-path.cc:99) For utterance M07UP51A0052I301, best cost 20.6606 + 4111.51 = 4132.17 over 498 frames.
M07UP51A0052I301 montxha 
LOG (lattice-best-path:main():lattice-best-path.cc:99) For utterance M07UP51A0052I303, best cost 20.6008 + 3947.68 = 3968.28 over 498 frames.
M07UP51A0052I303 mawaanaa 
LOG (lattice-best-path:main():lattice-best-path.cc:99) For utterance M07UP51A0052I412, best cost 15.0131 + 2469.57 = 2484.58 over 298 frames.
M07UP51A0052I412 gondxaa 
LOG (lattice-best-path:main():lattice-best-path.cc:99) For utterance M07UP51A0052I45, best cost 13.8043 + 2590.35 = 2604.15 over 298 frames.
M07UP51A0052I45 ciragaanwa 
LOG (lattice-best-path:main():lattice-best-path.cc:99) For utterance M07UP51A0053I302, best cost 22.8721 + 4219.75 = 4242.62 over 498 frames.
M07UP51A0053I302 raatxha 
LOG (lattice-best-path:main():lattice-best-path.cc:99) For utterance M07UP51A0054I40, best cost 16.2343 + 2899.25 = 2915.49 over 298 frames.
M07UP51A0054I40 chibaraamauu 
LOG (lattice-best-path:main():lattice-best-path.cc:99) For utterance M07UP51A0054I47, best cost 18.7442 + 2872.48 = 2891.22 over 298 frames.
M07UP51A0054I47 baaraabankii 
LOG (lattice-best-path:main():lattice-best-path.cc:99) For utterance M07UP51A0094I411, best cost 24.9437 + 2551.13 = 2576.08 over 298 frames.
M07UP51A0094I411 kuraaraa 
LOG (lattice-best-path:main():lattice-best-path.cc:99) For utterance M07UP52A0193I300, best cost 25.8524 + 4353.68 = 4379.53 over 498 frames.
M07UP52A0193I300 meinapurii 
LOG (lattice-best-path:main():lattice-best-path.cc:99) For utterance M07UP52A0193I302, best cost 27.8051 + 4245.72 = 4273.52 over 498 frames.
M07UP52A0193I302 jasawantanagara 
LOG (lattice-best-path:main():lattice-best-path.cc:99) For utterance M07UP52A0193I43, best cost 19.1376 + 2493.49 = 2512.63 over 298 frames.
M07UP52A0193I43 kaasaganja 
LOG (lattice-best-path:main():lattice-best-path.cc:99) For utterance M07UP52A0195I45, best cost 19.7134 + 2851.26 = 2870.97 over 298 frames.
M07UP52A0195I45 deewariyaa 
LOG (lattice-best-path:main():lattice-best-path.cc:99) For utterance M07UP52A0196I300, best cost 23.7982 + 4438.59 = 4462.39 over 498 frames.
M07UP52A0196I300 ameitxhii 
LOG (lattice-best-path:main():lattice-best-path.cc:99) For utterance M07UP52A0196I41, best cost 10.8643 + 2695.22 = 2706.08 over 292 frames.
M07UP52A0196I41 moudahaa 
LOG (lattice-best-path:main():lattice-best-path.cc:99) For utterance M07UP52A0199I41, best cost 17.1956 + 2978.25 = 2995.44 over 298 frames.
M07UP52A0199I41 haatharasa 
LOG (lattice-best-path:main():lattice-best-path.cc:99) For utterance M07UP52A0202I302, best cost 28.0842 + 4827.79 = 4855.87 over 498 frames.
M07UP52A0202I302 meinapurii 
LOG (lattice-best-path:main():lattice-best-path.cc:99) For utterance M07UP52A0202I40, best cost 16.0032 + 2909.2 = 2925.2 over 298 frames.
M07UP52A0202I40 baangaramauu 
LOG (lattice-best-path:main():lattice-best-path.cc:99) For utterance M07UP52A0202I45, best cost 14.0637 + 2963.57 = 2977.63 over 298 frames.
M07UP52A0202I45 phirojaabaada 
LOG (lattice-best-path:main():lattice-best-path.cc:99) For utterance M07UP52A0205I43, best cost 18.5839 + 2723.91 = 2742.49 over 298 frames.
M07UP52A0205I43 beewara 
LOG (lattice-best-path:main():lattice-best-path.cc:99) For utterance M07UP52A0206I302, best cost 26.4096 + 4382.6 = 4409.01 over 498 frames.
M07UP52A0206I302 meinapurii 
LOG (lattice-best-path:main():lattice-best-path.cc:99) For utterance M07UP52A0206I40, best cost 15.7263 + 2906.63 = 2922.36 over 298 frames.
M07UP52A0206I40 santkabiiranagara 
LOG (lattice-best-path:main():lattice-best-path.cc:99) For utterance M07UP52A0207I42, best cost 18.4359 + 2849.38 = 2867.82 over 298 frames.
M07UP52A0207I42 aagaraa 
LOG (lattice-best-path:main():lattice-best-path.cc:99) For utterance M07UP52A0210I300, best cost 23.8867 + 4705.15 = 4729.03 over 498 frames.
M07UP52A0210I300 karabii 
LOG (lattice-best-path:main():lattice-best-path.cc:99) For utterance M07UP52A0210I43, best cost 24.0168 + 2825.22 = 2849.23 over 298 frames.
M07UP52A0210I43 sirasaaganja 
LOG (lattice-best-path:main():lattice-best-path.cc:99) For utterance M07UP52A0210I603, best cost 39.8751 + 9539.77 = 9579.64 over 998 frames.
M07UP52A0210I603 tamkuhiirodxqa 
LOG (lattice-best-path:main():lattice-best-path.cc:99) For utterance M07UP52A0211I300, best cost 21.0351 + 5027.44 = 5048.48 over 500 frames.
M07UP52A0211I300 meinapurii 
LOG (lattice-best-path:main():lattice-best-path.cc:99) For utterance M07UP52A0213I45, best cost 13.0896 + 2374.62 = 2387.71 over 298 frames.
M07UP52A0213I45 bahajoii 
LOG (lattice-best-path:main():lattice-best-path.cc:99) For utterance M07UP53A0072I44, best cost 16.3262 + 2813.23 = 2829.56 over 298 frames.
M07UP53A0072I44 ghiroura 
LOG (lattice-best-path:main():lattice-best-path.cc:99) For utterance M07UP53A0076I413, best cost 16.9793 + 2737.94 = 2754.91 over 298 frames.
M07UP53A0076I413 kheiraagadxhqa 
LOG (lattice-best-path:main():lattice-best-path.cc:99) For utterance M07UP53A0079I42, best cost 16.6057 + 2803.73 = 2820.34 over 298 frames.
M07UP53A0079I42 haatharasa 
LOG (lattice-best-path:main():lattice-best-path.cc:99) For utterance M07UP53A0080I41, best cost 15.2144 + 2348.51 = 2363.72 over 298 frames.
M07UP53A0080I41 aliigadxhqa 
LOG (lattice-best-path:main():lattice-best-path.cc:99) For utterance M07UP53A0080I413, best cost 19.4234 + 2588.19 = 2607.62 over 298 frames.
M07UP53A0080I413 kaasaganja 
LOG (lattice-best-path:main():lattice-best-path.cc:99) For utterance M07UP53A0080I42, best cost 14.291 + 2497.75 = 2512.04 over 298 frames.
M07UP53A0080I42 khatoulii 
LOG (lattice-best-path:main():lattice-best-path.cc:99) For utterance M07UP53A0081I424, best cost 10.8142 + 2401.47 = 2412.28 over 298 frames.
M07UP53A0081I424 coubeepura 
LOG (lattice-best-path:main():lattice-best-path.cc:99) For utterance M07UP53A0083I419, best cost 15.6302 + 2699.78 = 2715.41 over 298 frames.
M07UP53A0083I419 phateehapurasiikarii 
LOG (lattice-best-path:main():lattice-best-path.cc:99) For utterance M07UP53A0085I45, best cost 14.6091 + 2893.97 = 2908.58 over 300 frames.
M07UP53A0085I45 aagaraa 
LOG (lattice-best-path:main():lattice-best-path.cc:99) For utterance M07UP53A0088I413, best cost 18.6332 + 2808.11 = 2826.75 over 298 frames.
M07UP53A0088I413 kheiraagadxhqa 
LOG (lattice-best-path:main():lattice-best-path.cc:99) For utterance M07UP53A0090I410, best cost 16.9698 + 2919.22 = 2936.19 over 300 frames.
M07UP53A0090I410 ataroulii 
LOG (lattice-best-path:main():lattice-best-path.cc:99) For utterance M07UP54A1272I428, best cost 10.9637 + 2716.16 = 2727.13 over 298 frames.
M07UP54A1272I428 mauu 
LOG (lattice-best-path:main():lattice-best-path.cc:99) For utterance M07UP54A1280I300, best cost 33.3678 + 4572.06 = 4605.43 over 498 frames.
M07UP54A1280I300 mauraniipura 
LOG (lattice-best-path:main():lattice-best-path.cc:99) For utterance M07UP54A1290I45, best cost 16.1905 + 2803.29 = 2819.49 over 300 frames.
M07UP54A1290I45 gaajiipura 
LOG (lattice-best-path:main():lattice-best-path.cc:99) For utterance M07UP55A0462I422, best cost 12.7082 + 2563.44 = 2576.15 over 298 frames.
M07UP55A0462I422 jaganeira 
LOG (lattice-best-path:main():lattice-best-path.cc:99) For utterance M07UP55A0464I303, best cost 19.4699 + 4214.05 = 4233.52 over 498 frames.
M07UP55A0464I303 haapudxqa 
LOG (lattice-best-path:main():lattice-best-path.cc:99) For utterance M07UP55A0464I42, best cost 16.3574 + 2731.19 = 2747.55 over 298 frames.
M07UP55A0464I42 meeratxha 
LOG (lattice-best-path:main():lattice-best-path.cc:99) For utterance M07UP55A0469I300, best cost 30.9294 + 4469.05 = 4499.98 over 498 frames.
M07UP55A0469I300 jaganeira 
LOG (lattice-best-path:main():lattice-best-path.cc:99) For utterance M07UP55A0469I40, best cost 21.3274 + 2572.14 = 2593.47 over 298 frames.
M07UP55A0469I40 kheiraagadxhqa 
LOG (lattice-best-path:main():lattice-best-path.cc:99) For utterance M07UP55A0470I301, best cost 23.8016 + 4345.83 = 4369.63 over 498 frames.
M07UP55A0470I301 haapudxqa 
LOG (lattice-best-path:main():lattice-best-path.cc:99) For utterance M07UP55A0474I40, best cost 19.3513 + 2914.74 = 2934.09 over 298 frames.
M07UP55A0474I40 montxha 
LOG (lattice-best-path:main():lattice-best-path.cc:99) For utterance M07UP55A0476I42, best cost 22.7264 + 2881.76 = 2904.49 over 298 frames.
M07UP55A0476I42 beewara 
LOG (lattice-best-path:main():lattice-best-path.cc:99) For utterance M07UP55A0477I301, best cost 22.2858 + 4318.06 = 4340.34 over 498 frames.
M07UP55A0477I301 chutxamalpura 
LOG (lattice-best-path:main():lattice-best-path.cc:99) For utterance M07UP55A0480I300, best cost 18.7259 + 4567.18 = 4585.9 over 498 frames.
M07UP55A0480I300 meeratxha 
LOG (lattice-best-path:main():lattice-best-path.cc:99) For utterance M07UP56A0695I300, best cost 18.8786 + 4832.71 = 4851.59 over 498 frames.
M07UP56A0695I300 mirjaapura 
LOG (lattice-best-path:main():lattice-best-path.cc:99) For utterance M07UP56A0699I301, best cost 27.6235 + 4385.08 = 4412.7 over 498 frames.
M07UP56A0699I301 sultaanapura 
LOG (lattice-best-path:main():lattice-best-path.cc:99) For utterance M07UP56A0706I43, best cost 13.9025 + 2873.2 = 2887.1 over 298 frames.
M07UP56A0706I43 waaraanxasxii 
LOG (lattice-best-path:main():lattice-best-path.cc:99) For utterance M07UP56A0707I45, best cost 13.7931 + 2417.85 = 2431.64 over 298 frames.
M07UP56A0707I45 candoulii 
LOG (lattice-best-path:main():lattice-best-path.cc:99) For utterance M07UP56A0708I47, best cost 24.8554 + 2731.23 = 2756.09 over 298 frames.
M07UP56A0708I47 sonbhadra 
LOG (lattice-best-path:main():lattice-best-path.cc:99) For utterance M07UP56A0710I421, best cost 21.9635 + 2695.91 = 2717.88 over 298 frames.
M07UP56A0710I421 candoulii 
LOG (lattice-best-path:main():lattice-best-path.cc:99) For utterance M07UP57A0404I43, best cost 18.0195 + 2613.6 = 2631.62 over 298 frames.
M07UP57A0404I43 dhanoura 
LOG (lattice-best-path:main():lattice-best-path.cc:99) For utterance M07UP57A0406I300, best cost 20.4739 + 4335.81 = 4356.28 over 498 frames.
M07UP57A0406I300 maadhougadxhqa 
LOG (lattice-best-path:main():lattice-best-path.cc:99) For utterance M07UP57A0409I42, best cost 14.2649 + 2475.71 = 2489.98 over 298 frames.
M07UP57A0409I42 bulandashahara 
LOG (lattice-best-path:main():lattice-best-path.cc:99) For utterance M07UP57A0411I301, best cost 19.9672 + 4467.49 = 4487.46 over 498 frames.
M07UP57A0411I301 badaayuun 
LOG (lattice-best-path:main():lattice-best-path.cc:99) For utterance M07UP57A0413I301, best cost 19.3748 + 4129.16 = 4148.54 over 498 frames.
M07UP57A0413I301 candousii 
LOG (lattice-best-path:main():lattice-best-path.cc:99) For utterance M07UP57A0413I41, best cost 11.8469 + 2884 = 2895.85 over 298 frames.
M07UP57A0413I41 badaayuun 
LOG (lattice-best-path:main():lattice-best-path.cc:99) For utterance M07UP57A0413I507, best cost 11.112 + 2892.14 = 2903.25 over 298 frames.
M07UP57A0413I507 kheira 
LOG (lattice-best-path:main():lattice-best-path.cc:99) For utterance M07UP57A0416I301, best cost 24.9685 + 4758.31 = 4783.28 over 498 frames.
M07UP57A0416I301 puuranpura 
LOG (lattice-best-path:main():lattice-best-path.cc:99) For utterance M07UP57A0417I301, best cost 26.7277 + 4513.7 = 4540.43 over 498 frames.
M07UP57A0417I301 kaanapura 
LOG (lattice-best-path:main():lattice-best-path.cc:99) For utterance M07UP57A0417I42, best cost 12.7355 + 2889.48 = 2902.22 over 298 frames.
M07UP57A0417I42 maholii 
LOG (lattice-best-path:main():lattice-best-path.cc:99) For utterance M07UP57A0418I303, best cost 17.6676 + 4636.13 = 4653.8 over 498 frames.
M07UP57A0418I303 candousii 
LOG (lattice-best-path:main():lattice-best-path.cc:99) For utterance M07UP60A0942I416, best cost 12.0228 + 2398.03 = 2410.06 over 298 frames.
M07UP60A0942I416 baaraabankii 
LOG (lattice-best-path:main():lattice-best-path.cc:99) For utterance M07UP60A0942I418, best cost 14.7365 + 2610.49 = 2625.23 over 298 frames.
M07UP60A0942I418 tulsiipura 
LOG (lattice-best-path:main():lattice-best-path.cc:99) For utterance M07UP60A0944I42, best cost 16.4251 + 2738.2 = 2754.62 over 298 frames.
M07UP60A0944I42 phateehapura 
LOG (lattice-best-path:main():lattice-best-path.cc:99) For utterance M07UP60A0946I303, best cost 35.7254 + 4479.56 = 4515.29 over 498 frames.
M07UP60A0946I303 yusuphapura 
LOG (lattice-best-path:main():lattice-best-path.cc:99) For utterance M07UP60A0954I303, best cost 12.5228 + 3859.4 = 3871.92 over 498 frames.
M07UP60A0954I303 sultaanapura 
LOG (lattice-best-path:main():lattice-best-path.cc:99) For utterance M07UP60A0955I301, best cost 24.6873 + 4018.08 = 4042.77 over 498 frames.
M07UP60A0955I301 sultaanapura 
LOG (lattice-best-path:main():lattice-best-path.cc:99) For utterance M07UP60A0955I302, best cost 14.3497 + 3908.35 = 3922.7 over 498 frames.
M07UP60A0955I302 sandxii 
LOG (lattice-best-path:main():lattice-best-path.cc:99) For utterance M07UP60A0956I414, best cost 19.1701 + 2742.67 = 2761.84 over 298 frames.
M07UP60A0956I414 prataapagadxhqa 
LOG (lattice-best-path:main():lattice-best-path.cc:99) For utterance M07UP60A0957I412, best cost 16.6967 + 2589.49 = 2606.18 over 298 frames.
M07UP60A0957I412 baaraabankii 
LOG (lattice-best-path:main():lattice-best-path.cc:99) For utterance M07UP60A0957I413, best cost 16.852 + 2548.02 = 2564.88 over 298 frames.
M07UP60A0957I413 akbarapura 
LOG (lattice-best-path:main():lattice-best-path.cc:99) For utterance M07UP61A0966I300, best cost 17.4208 + 4067.88 = 4085.3 over 498 frames.
M07UP61A0966I300 daadarii 
LOG (lattice-best-path:main():lattice-best-path.cc:99) For utterance M07UP61A0968I301, best cost 16.5282 + 4032.64 = 4049.16 over 498 frames.
M07UP61A0968I301 baaraabankii 
LOG (lattice-best-path:main():lattice-best-path.cc:99) For utterance M07UP61A0971I302, best cost 21.9784 + 4222.65 = 4244.63 over 498 frames.
M07UP61A0971I302 bareelii 
LOG (lattice-best-path:main():lattice-best-path.cc:99) For utterance M07UP61A0972I44, best cost 23.3782 + 2778.26 = 2801.64 over 298 frames.
M07UP61A0972I44 phateehapura 
LOG (lattice-best-path:main():lattice-best-path.cc:99) For utterance M07UP61A0980I301, best cost 30.8454 + 4704.85 = 4735.7 over 498 frames.
M07UP61A0980I301 kiiratapura 
LOG (lattice-best-path:main():lattice-best-path.cc:99) For utterance M07UP64A0382I300, best cost 29.1966 + 4632 = 4661.19 over 498 frames.
M07UP64A0382I300 sambhala 
LOG (lattice-best-path:main():lattice-best-path.cc:99) For utterance M07UP64A0382I301, best cost 19.7471 + 4697.07 = 4716.82 over 498 frames.
M07UP64A0382I301 baaraabankii 
LOG (lattice-best-path:main():lattice-best-path.cc:99) For utterance M07UP64A0386I42, best cost 13.1075 + 2750.83 = 2763.93 over 298 frames.
M07UP64A0386I42 amarohaa 
LOG (lattice-best-path:main():lattice-best-path.cc:99) For utterance M07UP64A0389I42, best cost 18.6843 + 2447.1 = 2465.78 over 298 frames.
M07UP64A0389I42 amarohaa 
LOG (lattice-best-path:main():lattice-best-path.cc:99) For utterance M07UP64A0390I300, best cost 24.6314 + 4287.94 = 4312.57 over 498 frames.
M07UP64A0390I300 amarohaa 
LOG (lattice-best-path:main():lattice-best-path.cc:99) For utterance M07UP64A0391I302, best cost 33.9788 + 4312.98 = 4346.96 over 498 frames.
M07UP64A0391I302 candousii 
LOG (lattice-best-path:main():lattice-best-path.cc:99) For utterance M07UP64A0391I303, best cost 27.4262 + 4367.26 = 4394.68 over 498 frames.
M07UP64A0391I303 bahajoii 
LOG (lattice-best-path:main():lattice-best-path.cc:99) For utterance M07UP64A0392I301, best cost 12.8296 + 3802.97 = 3815.8 over 498 frames.
M07UP64A0392I301 balaraamapura 
LOG (lattice-best-path:main():lattice-best-path.cc:99) For utterance M07UP64A0393I41, best cost 16.5078 + 2846.37 = 2862.88 over 298 frames.
M07UP64A0393I41 raampuramaniiharana 
LOG (lattice-best-path:main():lattice-best-path.cc:99) For utterance M07UP64A0396I43, best cost 12.1049 + 2939.69 = 2951.8 over 300 frames.
M07UP64A0396I43 jasraa 
LOG (lattice-best-path:main():lattice-best-path.cc:99) For utterance M07UP64A0399I302, best cost 23.8829 + 4515.41 = 4539.3 over 498 frames.
M07UP64A0399I302 bijanoura 
LOG (lattice-best-path:main():lattice-best-path.cc:99) For utterance M07UP64A0400I300, best cost 31.5606 + 4710.9 = 4742.46 over 498 frames.
M07UP64A0400I300 txaandxaa 
LOG (lattice-best-path:main():lattice-best-path.cc:99) For utterance M07UP64A0400I426, best cost 16.8713 + 2677.64 = 2694.52 over 298 frames.
M07UP64A0400I426 khurajaa 
LOG (lattice-best-path:main():lattice-best-path.cc:99) For utterance M07UP64A0401I43, best cost 8.24476 + 2795.37 = 2803.62 over 300 frames.
M07UP64A0401I43 bilsii 
LOG (lattice-best-path:main():lattice-best-path.cc:99) For utterance M07UP66A0674I303, best cost 18.6524 + 4628.3 = 4646.95 over 498 frames.
M07UP66A0674I303 mirjaapura 
LOG (lattice-best-path:main():lattice-best-path.cc:99) For utterance M07UP66A0676I303, best cost 16.3506 + 4744.85 = 4761.2 over 498 frames.
M07UP66A0676I303 koushaamabii 
LOG (lattice-best-path:main():lattice-best-path.cc:99) For utterance M07UP66A0684I43, best cost 18.8351 + 2652.21 = 2671.05 over 298 frames.
M07UP66A0684I43 ilaahaabaada 
LOG (lattice-best-path:main():lattice-best-path.cc:99) For utterance M07UP66A0685I42, best cost 22.2914 + 2707.77 = 2730.06 over 298 frames.
M07UP66A0685I42 gopiiganja 
LOG (lattice-best-path:main():lattice-best-path.cc:99) For utterance M07UP66A0687I301, best cost 16.1015 + 3934.8 = 3950.9 over 498 frames.
M07UP66A0687I301 ilaahaabaada 
LOG (lattice-best-path:main():lattice-best-path.cc:99) For utterance M07UP66A0688I410, best cost 17.3107 + 2406.12 = 2423.43 over 298 frames.
M07UP66A0688I410 gopiiganja 
LOG (lattice-best-path:main():lattice-best-path.cc:99) For utterance M07UP66A0692I301, best cost 34.0437 + 4438.61 = 4472.65 over 498 frames.
M07UP66A0692I301 jangiipura 
LOG (lattice-best-path:main():lattice-best-path.cc:99) For utterance M07UP72A0730I42, best cost 14.0118 + 2771.63 = 2785.64 over 298 frames.
M07UP72A0730I42 kaasaganja 
LOG (lattice-best-path:main():lattice-best-path.cc:99) For utterance M07UP72A0730I46, best cost 23.0899 + 2670.03 = 2693.12 over 298 frames.
M07UP72A0730I46 candoulii 
LOG (lattice-best-path:main():lattice-best-path.cc:99) For utterance M07UP72A0731I42, best cost 19.4594 + 2942.78 = 2962.24 over 298 frames.
M07UP72A0731I42 caandapura 
LOG (lattice-best-path:main():lattice-best-path.cc:99) For utterance M07UP73A0922I300, best cost 21.6959 + 4771.97 = 4793.67 over 498 frames.
M07UP73A0922I300 prataapagadxhqa 
LOG (lattice-best-path:main():lattice-best-path.cc:99) For utterance M07UP73A0923I41, best cost 16.1882 + 2789.88 = 2806.07 over 298 frames.
M07UP73A0923I41 puuranpura 
LOG (lattice-best-path:main():lattice-best-path.cc:99) For utterance M07UP73A0924I41, best cost 14.767 + 2650.94 = 2665.71 over 298 frames.
M07UP73A0924I41 ambeedxakaranagara 
LOG (lattice-best-path:main():lattice-best-path.cc:99) For utterance M07UP73A0925I42, best cost 13.2444 + 2423.55 = 2436.79 over 298 frames.
M07UP73A0925I42 sahaaranapura 
LOG (lattice-best-path:main():lattice-best-path.cc:99) For utterance M07UP73A0927I43, best cost 21.3181 + 2561.34 = 2582.65 over 298 frames.
M07UP73A0927I43 baaraabankii 
LOG (lattice-best-path:main():lattice-best-path.cc:99) For utterance M07UP73A0929I42, best cost 26.3388 + 2785.13 = 2811.47 over 298 frames.
M07UP73A0929I42 aajamagadxhqa 
LOG (lattice-best-path:main():lattice-best-path.cc:99) For utterance M07UP73A0930I43, best cost 24.9484 + 2595.85 = 2620.79 over 298 frames.
M07UP73A0930I43 siitaapura 
LOG (lattice-best-path:main():lattice-best-path.cc:99) For utterance M07UP73A0931I49, best cost 18.1879 + 2757.24 = 2775.42 over 298 frames.
M07UP73A0931I49 ameitxhii 
LOG (lattice-best-path:main():lattice-best-path.cc:99) For utterance M07UP73A0937I42, best cost 13.1676 + 2611.26 = 2624.43 over 298 frames.
M07UP73A0937I42 lakhanauu 
LOG (lattice-best-path:main():lattice-best-path.cc:99) For utterance M07UP73A0938I42, best cost 17.1355 + 2558.65 = 2575.79 over 298 frames.
M07UP73A0938I42 ataroulii 
LOG (lattice-best-path:main():lattice-best-path.cc:99) For utterance M07UP74A0802I303, best cost 28.5236 + 4255.5 = 4284.03 over 498 frames.
M07UP74A0802I303 caandapura 
LOG (lattice-best-path:main():lattice-best-path.cc:99) For utterance M07UP74A0813I300, best cost 20.7265 + 4191.71 = 4212.44 over 498 frames.
M07UP74A0813I300 siyaanaa 
LOG (lattice-best-path:main():lattice-best-path.cc:99) For utterance M07UP74A0814I301, best cost 19.4671 + 4128.25 = 4147.72 over 504 frames.
M07UP74A0814I301 kaanapura 
LOG (lattice-best-path:main():lattice-best-path.cc:99) For utterance M07UP74A0817I42, best cost 19.7609 + 2558.59 = 2578.35 over 300 frames.
M07UP74A0817I42 bareelii 
LOG (lattice-scale:main():lattice-scale.cc:90) Done 554 lattices.
LOG (lattice-best-path:main():lattice-best-path.cc:99) For utterance M07UP75A0755I303, best cost 30.6709 + 4455.2 = 4485.87 over 498 frames.
M07UP75A0755I303 siiraa 
LOG (lattice-best-path:main():lattice-best-path.cc:99) For utterance M07UP75A0758I300, best cost 19.1949 + 4399.08 = 4418.27 over 498 frames.
M07UP75A0758I300 wansii 
LOG (lattice-best-path:main():lattice-best-path.cc:99) For utterance M07UP75A0764I302, best cost 23.9229 + 4627.94 = 4651.87 over 498 frames.
M07UP75A0764I302 gondxaa 
LOG (lattice-add-penalty:main():lattice-add-penalty.cc:62) Done adding word insertion penalty to 554 lattices.
LOG (lattice-best-path:main():lattice-best-path.cc:99) For utterance M07UP75A0764I42, best cost 17.2887 + 2833.66 = 2850.94 over 298 frames.
M07UP75A0764I42 moudahaa 
LOG (lattice-best-path:main():lattice-best-path.cc:99) For utterance M07UP75A0768I40, best cost 16.3181 + 2656.74 = 2673.06 over 298 frames.
M07UP75A0768I40 waaraanxasxii 
LOG (lattice-best-path:main():lattice-best-path.cc:99) For utterance M07UP75A0769I301, best cost 23.049 + 4205.76 = 4228.81 over 498 frames.
M07UP75A0769I301 jounapura 
LOG (lattice-best-path:main():lattice-best-path.cc:99) For utterance M07UP75A0770I303, best cost 28.1909 + 4351.84 = 4380.03 over 498 frames.
M07UP75A0770I303 siitaapura 
LOG (lattice-best-path:main():lattice-best-path.cc:99) For utterance M07UP75A0771I42, best cost 14.8544 + 2605.13 = 2619.98 over 298 frames.
M07UP75A0771I42 candoulii 
LOG (lattice-best-path:main():lattice-best-path.cc:99) For utterance M07UP75A0771I43, best cost 15.6009 + 2665.19 = 2680.79 over 298 frames.
M07UP75A0771I43 gaajiipura 
LOG (lattice-best-path:main():lattice-best-path.cc:99) For utterance M07UP75A0772I300, best cost 20.0204 + 4151.95 = 4171.97 over 498 frames.
M07UP75A0772I300 phateehapurasiikarii 
LOG (lattice-best-path:main():lattice-best-path.cc:99) For utterance M07UP75A0773I41, best cost 16.022 + 2531.98 = 2548 over 298 frames.
M07UP75A0773I41 mirjaapura 
LOG (lattice-best-path:main():lattice-best-path.cc:124) Overall cost per frame is 8.98608 = 0.050217 [graph] + 8.93586 [acoustic] over 207862 frames.
LOG (lattice-best-path:main():lattice-best-path.cc:128) Done 554 lattices, failed for 0
# Accounting: time=3 threads=1
# Ended (code 0) at Thu Jul 21 14:19:39 IST 2016, elapsed time 3 seconds
