# lattice-scale --inv-acoustic-scale=19 "ark:gunzip -c exp/mono/decode/lat.*.gz|" ark:- | lattice-add-penalty --word-ins-penalty=1.0 ark:- ark:- | lattice-best-path --word-symbol-table=exp/mono/graph/words.txt ark:- ark,t:- | utils/int2sym.pl -f 2- exp/mono/graph/words.txt | cat > exp/mono/decode/scoring_kaldi/penalty_1.0/19.txt 
# Started at Thu Jul 21 14:19:54 IST 2016
#
lattice-best-path --word-symbol-table=exp/mono/graph/words.txt ark:- ark,t:- 
lattice-add-penalty --word-ins-penalty=1.0 ark:- ark:- 
lattice-scale --inv-acoustic-scale=19 'ark:gunzip -c exp/mono/decode/lat.*.gz|' ark:- 
LOG (lattice-best-path:main():lattice-best-path.cc:99) For utterance F07UP02A0332I42, best cost 18.7754 + 1609.78 = 1628.55 over 300 frames.
F07UP02A0332I42 haapudxqa 
LOG (lattice-best-path:main():lattice-best-path.cc:99) For utterance F07UP02A0332I43, best cost 16.8206 + 1518.53 = 1535.35 over 298 frames.
F07UP02A0332I43 badaayuun 
LOG (lattice-best-path:main():lattice-best-path.cc:99) For utterance F07UP06A0432I42, best cost 20.8122 + 1411.65 = 1432.46 over 300 frames.
F07UP06A0432I42 shaahapura 
LOG (lattice-best-path:main():lattice-best-path.cc:99) For utterance F07UP07A0094I427, best cost 13.3893 + 1456.97 = 1470.36 over 298 frames.
F07UP07A0094I427 ouraiyaa 
LOG (lattice-best-path:main():lattice-best-path.cc:99) For utterance F07UP07A0096I44, best cost 14.1032 + 1605.42 = 1619.52 over 298 frames.
F07UP07A0096I44 mauu 
LOG (lattice-best-path:main():lattice-best-path.cc:99) For utterance F07UP09A0491I46, best cost 11.4348 + 1653.75 = 1665.18 over 298 frames.
F07UP09A0491I46 haapudxqa 
LOG (lattice-best-path:main():lattice-best-path.cc:99) For utterance F07UP11A1331I301, best cost 17.3761 + 2355.9 = 2373.27 over 498 frames.
F07UP11A1331I301 phateehapurasiikarii 
LOG (lattice-best-path:main():lattice-best-path.cc:99) For utterance F07UP19A0344I46, best cost 18.6794 + 1457.2 = 1475.87 over 298 frames.
F07UP19A0344I46 caandapura 
LOG (lattice-best-path:main():lattice-best-path.cc:99) For utterance F07UP21A0612I41, best cost 17.5536 + 1483.22 = 1500.77 over 298 frames.
F07UP21A0612I41 kamalaaganja 
LOG (lattice-best-path:main():lattice-best-path.cc:99) For utterance F07UP22A1336I429, best cost 17.4794 + 1534.59 = 1552.07 over 298 frames.
F07UP22A1336I429 deewariyaa 
LOG (lattice-best-path:main():lattice-best-path.cc:99) For utterance F07UP22A1336I501, best cost 17.698 + 1999.85 = 2017.54 over 398 frames.
F07UP22A1336I501 jamaniyaana 
LOG (lattice-best-path:main():lattice-best-path.cc:99) For utterance F07UP22A1343I301, best cost 15.7308 + 2389.61 = 2405.34 over 498 frames.
F07UP22A1343I301 gorakhapura 
LOG (lattice-best-path:main():lattice-best-path.cc:99) For utterance F07UP22A1343I47, best cost 16.3007 + 1647.59 = 1663.89 over 298 frames.
F07UP22A1343I47 mauu 
LOG (lattice-best-path:main():lattice-best-path.cc:99) For utterance F07UP22A1345I47, best cost 15.5732 + 1442.7 = 1458.27 over 298 frames.
F07UP22A1345I47 mauu 
LOG (lattice-best-path:main():lattice-best-path.cc:99) For utterance F07UP22A1346I435, best cost 25.1274 + 1610 = 1635.13 over 300 frames.
F07UP22A1346I435 dhaampura 
LOG (lattice-best-path:main():lattice-best-path.cc:99) For utterance F07UP23A0248I41, best cost 17.859 + 1688.95 = 1706.81 over 298 frames.
F07UP23A0248I41 sikaarapura 
LOG (lattice-best-path:main():lattice-best-path.cc:99) For utterance F07UP24A0182I302, best cost 25.1531 + 2691.71 = 2716.86 over 498 frames.
F07UP24A0182I302 sikaarapura 
LOG (lattice-best-path:main():lattice-best-path.cc:99) For utterance F07UP24A0182I41, best cost 24.2176 + 1636.79 = 1661 over 298 frames.
F07UP24A0182I41 phateehapurasiikarii 
LOG (lattice-best-path:main():lattice-best-path.cc:99) For utterance F07UP24A0183I302, best cost 15.5655 + 2817.59 = 2833.16 over 498 frames.
F07UP24A0183I302 itxaawaa 
LOG (lattice-best-path:main():lattice-best-path.cc:99) For utterance F07UP24A0183I47, best cost 16.125 + 1602.63 = 1618.75 over 298 frames.
F07UP24A0183I47 maadhougadxhqa 
LOG (lattice-best-path:main():lattice-best-path.cc:99) For utterance F07UP25A1208I300, best cost 25.4478 + 2628.59 = 2654.03 over 498 frames.
F07UP25A1208I300 siyaanaa 
LOG (lattice-best-path:main():lattice-best-path.cc:99) For utterance F07UP25A1212I41, best cost 15.2195 + 1694.18 = 1709.4 over 298 frames.
F07UP25A1212I41 caandapura 
LOG (lattice-best-path:main():lattice-best-path.cc:99) For utterance F07UP25A1215I42, best cost 16.4546 + 1650.18 = 1666.64 over 298 frames.
F07UP25A1215I42 payaagapura 
LOG (lattice-best-path:main():lattice-best-path.cc:99) For utterance F07UP26A0256I43, best cost 10.5845 + 1642.17 = 1652.75 over 298 frames.
F07UP26A0256I43 baandaa 
LOG (lattice-best-path:main():lattice-best-path.cc:99) For utterance F07UP28A0226I300, best cost 19.1478 + 2843.25 = 2862.4 over 498 frames.
F07UP28A0226I300 carakhaarii 
LOG (lattice-best-path:main():lattice-best-path.cc:99) For utterance F07UP28A0226I45, best cost 13.8638 + 1675.77 = 1689.63 over 298 frames.
F07UP28A0226I45 meeratxha 
LOG (lattice-best-path:main():lattice-best-path.cc:99) For utterance F07UP28A0227I301, best cost 28.0324 + 2807.55 = 2835.58 over 498 frames.
F07UP28A0227I301 meinapurii 
LOG (lattice-best-path:main():lattice-best-path.cc:99) For utterance F07UP28A0228I303, best cost 22.953 + 2909.46 = 2932.42 over 498 frames.
F07UP28A0228I303 kamalaaganja 
LOG (lattice-best-path:main():lattice-best-path.cc:99) For utterance F07UP29A0523I41, best cost 20.8418 + 1496.9 = 1517.74 over 298 frames.
F07UP29A0523I41 aliigadxhqa 
LOG (lattice-best-path:main():lattice-best-path.cc:99) For utterance F07UP29A0523I44, best cost 18.3922 + 1447.46 = 1465.85 over 298 frames.
F07UP29A0523I44 dhanoura 
LOG (lattice-best-path:main():lattice-best-path.cc:99) For utterance F07UP31A1293I42, best cost 14.0695 + 1691.6 = 1705.67 over 298 frames.
F07UP31A1293I42 bareelii 
LOG (lattice-best-path:main():lattice-best-path.cc:99) For utterance F07UP34A0567I44, best cost 21.1417 + 1569.67 = 1590.81 over 300 frames.
F07UP34A0567I44 phateehapura 
LOG (lattice-best-path:main():lattice-best-path.cc:99) For utterance F07UP35A0453I300, best cost 29.8511 + 2424.08 = 2453.94 over 498 frames.
F07UP35A0453I300 haapudxqa 
LOG (lattice-best-path:main():lattice-best-path.cc:99) For utterance F07UP37A0304I300, best cost 20.5404 + 2423.36 = 2443.9 over 498 frames.
F07UP37A0304I300 bilsii 
LOG (lattice-best-path:main():lattice-best-path.cc:99) For utterance F07UP38A0101I41, best cost 17.8267 + 1584.58 = 1602.4 over 298 frames.
F07UP38A0101I41 jamaniyaana 
LOG (lattice-best-path:main():lattice-best-path.cc:99) For utterance F07UP41A0286I40, best cost 14.223 + 1391.07 = 1405.29 over 298 frames.
F07UP41A0286I40 puuranpura 
LOG (lattice-best-path:main():lattice-best-path.cc:99) For utterance F07UP41A0286I42, best cost 9.91843 + 1321.31 = 1331.22 over 298 frames.
F07UP41A0286I42 mauu 
LOG (lattice-best-path:main():lattice-best-path.cc:99) For utterance F07UP52A0208I44, best cost 14.598 + 1665.75 = 1680.35 over 298 frames.
F07UP52A0208I44 maadhougadxhqa 
LOG (lattice-best-path:main():lattice-best-path.cc:99) For utterance F07UP54A1284I430, best cost 15.0022 + 1509.86 = 1524.86 over 298 frames.
F07UP54A1284I430 gaajiipura 
LOG (lattice-best-path:main():lattice-best-path.cc:99) For utterance F07UP57A0408I41, best cost 19.3175 + 1633.2 = 1652.51 over 298 frames.
F07UP57A0408I41 aliigadxhqa 
LOG (lattice-best-path:main():lattice-best-path.cc:99) For utterance F07UP60A0943I300, best cost 22.6835 + 2880.22 = 2902.91 over 498 frames.
F07UP60A0943I300 sirasaaganja 
LOG (lattice-best-path:main():lattice-best-path.cc:99) For utterance F07UP60A0944I303, best cost 21.1718 + 2358.79 = 2379.96 over 498 frames.
F07UP60A0944I303 sultaanapura 
LOG (lattice-best-path:main():lattice-best-path.cc:99) For utterance F07UP60A0949I300, best cost 30.5197 + 2547.72 = 2578.24 over 498 frames.
F07UP60A0949I300 aliiganja 
LOG (lattice-best-path:main():lattice-best-path.cc:99) For utterance F07UP60A0949I302, best cost 19.933 + 2403.79 = 2423.73 over 498 frames.
F07UP60A0949I302 sandxii 
LOG (lattice-best-path:main():lattice-best-path.cc:99) For utterance F07UP60A0949I303, best cost 27.1326 + 2393.83 = 2420.97 over 498 frames.
F07UP60A0949I303 sultaanapura 
LOG (lattice-best-path:main():lattice-best-path.cc:99) For utterance F07UP60A0953I41, best cost 19.9012 + 1464.52 = 1484.42 over 298 frames.
F07UP60A0953I41 siyaanaa 
LOG (lattice-best-path:main():lattice-best-path.cc:99) For utterance F07UP60A0962I427, best cost 19.6063 + 1590.55 = 1610.16 over 298 frames.
F07UP60A0962I427 siitaapura 
LOG (lattice-best-path:main():lattice-best-path.cc:99) For utterance F07UP60A0963I46, best cost 25.4986 + 1646.2 = 1671.7 over 298 frames.
F07UP60A0963I46 sultaanapura 
LOG (lattice-best-path:main():lattice-best-path.cc:99) For utterance F07UP64A0395I300, best cost 25.1722 + 2519.52 = 2544.7 over 498 frames.
F07UP64A0395I300 raampuramaniiharana 
LOG (lattice-best-path:main():lattice-best-path.cc:99) For utterance F07UP64A0397I301, best cost 23.911 + 2739.94 = 2763.85 over 498 frames.
F07UP64A0397I301 dxibiyaapura 
LOG (lattice-best-path:main():lattice-best-path.cc:99) For utterance F07UP64A0402I41, best cost 19.7285 + 1502.62 = 1522.35 over 298 frames.
F07UP64A0402I41 txaandxaaraamapura 
LOG (lattice-best-path:main():lattice-best-path.cc:99) For utterance F07UP72A0728I300, best cost 23.6053 + 2695.33 = 2718.94 over 498 frames.
F07UP72A0728I300 sonbhadra 
LOG (lattice-best-path:main():lattice-best-path.cc:99) For utterance F07UP75A0756I300, best cost 27.9879 + 2525.72 = 2553.71 over 498 frames.
F07UP75A0756I300 waaraanxasxii 
LOG (lattice-best-path:main():lattice-best-path.cc:99) For utterance F07UP75A0763I435, best cost 15.5178 + 1445.11 = 1460.63 over 300 frames.
F07UP75A0763I435 mirjaapura 
LOG (lattice-best-path:main():lattice-best-path.cc:99) For utterance M07UP01A0057I427, best cost 16.4276 + 1688.94 = 1705.37 over 298 frames.
M07UP01A0057I427 jaraara 
LOG (lattice-best-path:main():lattice-best-path.cc:99) For utterance M07UP01A0062I412, best cost 19.2151 + 1590.89 = 1610.11 over 298 frames.
M07UP01A0062I412 awaagadxhqa 
LOG (lattice-best-path:main():lattice-best-path.cc:99) For utterance M07UP01A0062I45, best cost 17.7238 + 1516.41 = 1534.13 over 300 frames.
M07UP01A0062I45 acaneeraa 
LOG (lattice-best-path:main():lattice-best-path.cc:99) For utterance M07UP01A0063I43, best cost 18.6714 + 1598.46 = 1617.13 over 298 frames.
M07UP01A0063I43 sandxiilaa 
LOG (lattice-best-path:main():lattice-best-path.cc:99) For utterance M07UP01A0069I413, best cost 16.2687 + 1567.98 = 1584.25 over 298 frames.
M07UP01A0069I413 sikaarapura 
LOG (lattice-best-path:main():lattice-best-path.cc:99) For utterance M07UP01A0160I420, best cost 14.289 + 1508.02 = 1522.31 over 298 frames.
M07UP01A0160I420 coubeepura 
LOG (lattice-best-path:main():lattice-best-path.cc:99) For utterance M07UP01A0160I430, best cost 14.586 + 1582.08 = 1596.67 over 298 frames.
M07UP01A0160I430 aliigadxhqa 
LOG (lattice-best-path:main():lattice-best-path.cc:99) For utterance M07UP01A0160I47, best cost 12.9045 + 1592.24 = 1605.14 over 298 frames.
M07UP01A0160I47 txaandxaa 
LOG (lattice-best-path:main():lattice-best-path.cc:99) For utterance M07UP02A0321I47, best cost 19.3265 + 1505.6 = 1524.92 over 300 frames.
M07UP02A0321I47 sikandaraabaada 
LOG (lattice-best-path:main():lattice-best-path.cc:99) For utterance M07UP02A0323I300, best cost 11.5829 + 2476.8 = 2488.38 over 498 frames.
M07UP02A0323I300 aliigadxhqa 
LOG (lattice-best-path:main():lattice-best-path.cc:99) For utterance M07UP02A0325I43, best cost 13.808 + 1642.69 = 1656.5 over 298 frames.
M07UP02A0325I43 mauu 
LOG (lattice-best-path:main():lattice-best-path.cc:99) For utterance M07UP02A0329I43, best cost 15.849 + 1451.09 = 1466.94 over 298 frames.
M07UP02A0329I43 phateehapura 
LOG (lattice-best-path:main():lattice-best-path.cc:99) For utterance M07UP02A0330I303, best cost 17.9914 + 2241.4 = 2259.4 over 498 frames.
M07UP02A0330I303 beewara 
LOG (lattice-best-path:main():lattice-best-path.cc:99) For utterance M07UP02A0333I45, best cost 20.6823 + 1545.96 = 1566.64 over 298 frames.
M07UP02A0333I45 tulsiipura 
LOG (lattice-best-path:main():lattice-best-path.cc:99) For utterance M07UP02A0335I301, best cost 17.0547 + 2679.1 = 2696.15 over 498 frames.
M07UP02A0335I301 koshiikalaan 
LOG (lattice-best-path:main():lattice-best-path.cc:99) For utterance M07UP02A0336I44, best cost 12.9193 + 1512.78 = 1525.69 over 290 frames.
M07UP02A0336I44 awaagadxhqa 
LOG (lattice-best-path:main():lattice-best-path.cc:99) For utterance M07UP02A0337I41, best cost 21.4426 + 1673.58 = 1695.02 over 298 frames.
M07UP02A0337I41 kaanapuradeehaata 
LOG (lattice-best-path:main():lattice-best-path.cc:99) For utterance M07UP02A0337I44, best cost 13.8547 + 1460.59 = 1474.45 over 298 frames.
M07UP02A0337I44 siyaanaa 
LOG (lattice-best-path:main():lattice-best-path.cc:99) For utterance M07UP04A1227I45, best cost 16.6216 + 1614.37 = 1631 over 298 frames.
M07UP04A1227I45 nagiinaa 
LOG (lattice-best-path:main():lattice-best-path.cc:99) For utterance M07UP04A1230I303, best cost 39.4002 + 2607.42 = 2646.82 over 498 frames.
M07UP04A1230I303 akbarapura 
LOG (lattice-best-path:main():lattice-best-path.cc:99) For utterance M07UP04A1235I41, best cost 23.9613 + 1636.09 = 1660.05 over 298 frames.
M07UP04A1235I41 santkabiiranagara 
LOG (lattice-best-path:main():lattice-best-path.cc:99) For utterance M07UP04A1235I46, best cost 19.9767 + 1432.09 = 1452.06 over 298 frames.
M07UP04A1235I46 aliigadxhqa 
LOG (lattice-best-path:main():lattice-best-path.cc:99) For utterance M07UP04A1236I303, best cost 31.6472 + 2586.44 = 2618.09 over 498 frames.
M07UP04A1236I303 sahiyaapura 
LOG (lattice-best-path:main():lattice-best-path.cc:99) For utterance M07UP04A1239I301, best cost 26.0376 + 2358.97 = 2385.01 over 498 frames.
M07UP04A1239I301 anuupashahara 
LOG (lattice-best-path:main():lattice-best-path.cc:99) For utterance M07UP04A1242I410, best cost 18.6684 + 1561.65 = 1580.32 over 298 frames.
M07UP04A1242I410 akbarapura 
LOG (lattice-best-path:main():lattice-best-path.cc:99) For utterance M07UP04A1243I300, best cost 26.221 + 2774.55 = 2800.77 over 498 frames.
M07UP04A1243I300 paliaakala 
LOG (lattice-best-path:main():lattice-best-path.cc:99) For utterance M07UP04A1243I435, best cost 23.5754 + 1516.83 = 1540.4 over 300 frames.
M07UP04A1243I435 sultaanapura 
LOG (lattice-best-path:main():lattice-best-path.cc:99) For utterance M07UP04A1244I44, best cost 13.583 + 1782.32 = 1795.9 over 298 frames.
M07UP04A1244I44 bastii 
LOG (lattice-best-path:main():lattice-best-path.cc:99) For utterance M07UP04A1245I48, best cost 23.9093 + 1707.68 = 1731.59 over 298 frames.
M07UP04A1245I48 sultaanapura 
LOG (lattice-best-path:main():lattice-best-path.cc:99) For utterance M07UP05A0903I43, best cost 19.1584 + 1496.74 = 1515.9 over 298 frames.
M07UP05A0903I43 mauu 
LOG (lattice-best-path:main():lattice-best-path.cc:99) For utterance M07UP05A0910I300, best cost 27.1512 + 2318.07 = 2345.22 over 498 frames.
M07UP05A0910I300 ambeedxakaranagara 
LOG (lattice-best-path:main():lattice-best-path.cc:99) For utterance M07UP05A0911I42, best cost 14.4142 + 1583.1 = 1597.51 over 298 frames.
M07UP05A0911I42 baaraabankii 
LOG (lattice-best-path:main():lattice-best-path.cc:99) For utterance M07UP05A0914I300, best cost 22.1921 + 2355.31 = 2377.5 over 498 frames.
M07UP05A0914I300 shaahajahaanapura 
LOG (lattice-best-path:main():lattice-best-path.cc:99) For utterance M07UP05A0914I302, best cost 29.8642 + 2444.21 = 2474.08 over 498 frames.
M07UP05A0914I302 kaasaganja 
LOG (lattice-best-path:main():lattice-best-path.cc:99) For utterance M07UP05A0915I301, best cost 18.7167 + 2389.34 = 2408.06 over 498 frames.
M07UP05A0915I301 siitaapura 
LOG (lattice-best-path:main():lattice-best-path.cc:99) For utterance M07UP05A0916I43, best cost 24.6052 + 1534.54 = 1559.15 over 298 frames.
M07UP05A0916I43 siitaapura 
LOG (lattice-best-path:main():lattice-best-path.cc:99) For utterance M07UP05A0920I411, best cost 15.3523 + 1506.86 = 1522.21 over 298 frames.
M07UP05A0920I411 caandapura 
LOG (lattice-best-path:main():lattice-best-path.cc:99) For utterance M07UP06A0427I301, best cost 16.1058 + 2152.12 = 2168.22 over 498 frames.
M07UP06A0427I301 puwaahaa 
LOG (lattice-best-path:main():lattice-best-path.cc:99) For utterance M07UP06A0428I41, best cost 13.317 + 1621.27 = 1634.59 over 298 frames.
M07UP06A0428I41 meeratxha 
LOG (lattice-best-path:main():lattice-best-path.cc:99) For utterance M07UP06A0429I411, best cost 14.961 + 1455.14 = 1470.1 over 298 frames.
M07UP06A0429I411 pancapeedxqwaa 
LOG (lattice-best-path:main():lattice-best-path.cc:99) For utterance M07UP06A0433I301, best cost 24.9016 + 2378.2 = 2403.1 over 498 frames.
M07UP06A0433I301 mawaanaa 
LOG (lattice-best-path:main():lattice-best-path.cc:99) For utterance M07UP06A0433I40, best cost 14.4776 + 1555.74 = 1570.22 over 298 frames.
M07UP06A0433I40 hasanapura 
LOG (lattice-best-path:main():lattice-best-path.cc:99) For utterance M07UP06A0433I41, best cost 22.2749 + 1631.33 = 1653.61 over 298 frames.
M07UP06A0433I41 bijanoura 
LOG (lattice-best-path:main():lattice-best-path.cc:99) For utterance M07UP06A0437I42, best cost 14.0055 + 1427.19 = 1441.19 over 298 frames.
M07UP06A0437I42 muraadaabaada 
LOG (lattice-best-path:main():lattice-best-path.cc:99) For utterance M07UP06A0438I41, best cost 13.8487 + 1435.82 = 1449.67 over 298 frames.
M07UP06A0438I41 meeratxha 
LOG (lattice-best-path:main():lattice-best-path.cc:99) For utterance M07UP06A0442I41, best cost 14.305 + 1641.54 = 1655.85 over 298 frames.
M07UP06A0442I41 sandxii 
LOG (lattice-best-path:main():lattice-best-path.cc:99) For utterance M07UP06A0442I42, best cost 16.5951 + 1561.53 = 1578.12 over 300 frames.
M07UP06A0442I42 gaajiipura 
LOG (lattice-best-path:main():lattice-best-path.cc:99) For utterance M07UP06A0444I43, best cost 16.0038 + 1400.56 = 1416.56 over 298 frames.
M07UP06A0444I43 jeewara 
LOG (lattice-best-path:main():lattice-best-path.cc:99) For utterance M07UP06A0445I301, best cost 17.3155 + 2576.83 = 2594.15 over 490 frames.
M07UP06A0445I301 bharawaarii 
LOG (lattice-best-path:main():lattice-best-path.cc:99) For utterance M07UP06A0447I41, best cost 16.9141 + 1447.23 = 1464.14 over 298 frames.
M07UP06A0447I41 kheira 
LOG (lattice-best-path:main():lattice-best-path.cc:99) For utterance M07UP07A0134I42, best cost 14.5896 + 1429.78 = 1444.37 over 298 frames.
M07UP07A0134I42 bijanoura 
LOG (lattice-best-path:main():lattice-best-path.cc:99) For utterance M07UP07A0134I436, best cost 19.0912 + 1545.63 = 1564.72 over 298 frames.
M07UP07A0134I436 kaanapuradeehaata 
LOG (lattice-best-path:main():lattice-best-path.cc:99) For utterance M07UP07A0136I410, best cost 16.6448 + 1644.48 = 1661.12 over 298 frames.
M07UP07A0136I410 daataaganja 
LOG (lattice-best-path:main():lattice-best-path.cc:99) For utterance M07UP07A0136I438, best cost 20.3138 + 1603.94 = 1624.26 over 298 frames.
M07UP07A0136I438 tulsiipura 
LOG (lattice-best-path:main():lattice-best-path.cc:99) For utterance M07UP07A0138I414, best cost 8.93124 + 1333.7 = 1342.63 over 298 frames.
M07UP07A0138I414 itxaawaa 
LOG (lattice-best-path:main():lattice-best-path.cc:99) For utterance M07UP07A0139I42, best cost 14.4628 + 1563.74 = 1578.2 over 298 frames.
M07UP07A0139I42 candousii 
LOG (lattice-best-path:main():lattice-best-path.cc:99) For utterance M07UP07A0142I43, best cost 12.2641 + 1677.65 = 1689.91 over 298 frames.
M07UP07A0142I43 sardhanaa 
LOG (lattice-best-path:main():lattice-best-path.cc:99) For utterance M07UP07A0143I45, best cost 16.579 + 1547.39 = 1563.96 over 298 frames.
M07UP07A0143I45 kaanapuradeehaata 
LOG (lattice-best-path:main():lattice-best-path.cc:99) For utterance M07UP07A0145I436, best cost 13.7494 + 1403.2 = 1416.95 over 298 frames.
M07UP07A0145I436 saalon 
LOG (lattice-best-path:main():lattice-best-path.cc:99) For utterance M07UP09A0483I300, best cost 17.9753 + 2296.74 = 2314.72 over 498 frames.
M07UP09A0483I300 karabii 
LOG (lattice-best-path:main():lattice-best-path.cc:99) For utterance M07UP09A0485I43, best cost 20.2967 + 1537.68 = 1557.98 over 298 frames.
M07UP09A0485I43 mirjaapura 
LOG (lattice-best-path:main():lattice-best-path.cc:99) For utterance M07UP09A0488I43, best cost 23.5388 + 1651.89 = 1675.43 over 298 frames.
M07UP09A0488I43 najiibaabaada 
LOG (lattice-best-path:main():lattice-best-path.cc:99) For utterance M07UP09A0489I300, best cost 23.7746 + 2441.2 = 2464.97 over 498 frames.
M07UP09A0489I300 partaawala 
LOG (lattice-best-path:main():lattice-best-path.cc:99) For utterance M07UP09A0490I301, best cost 16.01 + 2318.08 = 2334.09 over 498 frames.
M07UP09A0490I301 ameitxhii 
LOG (lattice-best-path:main():lattice-best-path.cc:99) For utterance M07UP09A0494I300, best cost 18.3133 + 2419.27 = 2437.58 over 498 frames.
M07UP09A0494I300 jounapura 
LOG (lattice-best-path:main():lattice-best-path.cc:99) For utterance M07UP09A0495I301, best cost 23.4444 + 2370.14 = 2393.59 over 498 frames.
M07UP09A0495I301 meeratxha 
LOG (lattice-best-path:main():lattice-best-path.cc:99) For utterance M07UP09A0495I41, best cost 22.3466 + 1569.79 = 1592.14 over 298 frames.
M07UP09A0495I41 mujjapharanagara 
LOG (lattice-best-path:main():lattice-best-path.cc:99) For utterance M07UP09A0496I303, best cost 18.4453 + 2299.12 = 2317.56 over 498 frames.
M07UP09A0496I303 gaajiyaabaada 
LOG (lattice-best-path:main():lattice-best-path.cc:99) For utterance M07UP09A0499I43, best cost 13.3876 + 1363.45 = 1376.83 over 298 frames.
M07UP09A0499I43 bahajoii 
LOG (lattice-best-path:main():lattice-best-path.cc:99) For utterance M07UP09A0500I42, best cost 11.7606 + 1645.99 = 1657.75 over 298 frames.
M07UP09A0500I42 baagapata 
LOG (lattice-best-path:main():lattice-best-path.cc:99) For utterance M07UP09A0500I44, best cost 19.4124 + 1487.79 = 1507.2 over 298 frames.
M07UP09A0500I44 haapudxqa 
LOG (lattice-best-path:main():lattice-best-path.cc:99) For utterance M07UP09A0503I301, best cost 14.9742 + 2516.27 = 2531.24 over 498 frames.
M07UP09A0503I301 beewara 
LOG (lattice-best-path:main():lattice-best-path.cc:99) For utterance M07UP09A0505I300, best cost 24.3108 + 2720.34 = 2744.66 over 498 frames.
M07UP09A0505I300 kaanapura 
LOG (lattice-best-path:main():lattice-best-path.cc:99) For utterance M07UP09A0505I504, best cost 20.6273 + 1546.3 = 1566.93 over 298 frames.
M07UP09A0505I504 tulsiipura 
LOG (lattice-best-path:main():lattice-best-path.cc:99) For utterance M07UP11A1317I41, best cost 14.6819 + 1415.75 = 1430.43 over 298 frames.
M07UP11A1317I41 mauu 
LOG (lattice-best-path:main():lattice-best-path.cc:99) For utterance M07UP11A1319I300, best cost 34.206 + 2400.64 = 2434.85 over 498 frames.
M07UP11A1319I300 baliiyaa 
LOG (lattice-best-path:main():lattice-best-path.cc:99) For utterance M07UP11A1328I301, best cost 29.2609 + 2373.42 = 2402.68 over 498 frames.
M07UP11A1328I301 gaajiipura 
LOG (lattice-best-path:main():lattice-best-path.cc:99) For utterance M07UP11A1337I301, best cost 25.9309 + 2391.93 = 2417.86 over 498 frames.
M07UP11A1337I301 phateehapurasiikarii 
LOG (lattice-best-path:main():lattice-best-path.cc:99) For utterance M07UP11A1349I303, best cost 23.5599 + 2687.92 = 2711.48 over 498 frames.
M07UP11A1349I303 sonbhadra 
LOG (lattice-best-path:main():lattice-best-path.cc:99) For utterance M07UP11A1351I302, best cost 30.8455 + 2496.2 = 2527.04 over 498 frames.
M07UP11A1351I302 baliiyaa 
LOG (lattice-best-path:main():lattice-best-path.cc:99) For utterance M07UP11A1352I427, best cost 13.8798 + 1469.48 = 1483.36 over 298 frames.
M07UP11A1352I427 baliiyaa 
LOG (lattice-best-path:main():lattice-best-path.cc:99) For utterance M07UP11A1352I429, best cost 14.7449 + 1451.3 = 1466.04 over 298 frames.
M07UP11A1352I429 gorakhapura 
LOG (lattice-best-path:main():lattice-best-path.cc:99) For utterance M07UP13A0882I300, best cost 20.041 + 2651.76 = 2671.8 over 498 frames.
M07UP13A0882I300 karneilganja 
LOG (lattice-best-path:main():lattice-best-path.cc:99) For utterance M07UP13A0882I301, best cost 19.9521 + 2713.49 = 2733.45 over 498 frames.
M07UP13A0882I301 balaraamapura 
LOG (lattice-best-path:main():lattice-best-path.cc:99) For utterance M07UP13A0884I303, best cost 19.8983 + 2702.64 = 2722.54 over 498 frames.
M07UP13A0884I303 kamalaaganja 
LOG (lattice-best-path:main():lattice-best-path.cc:99) For utterance M07UP13A0888I41, best cost 12.3203 + 1539.34 = 1551.66 over 298 frames.
M07UP13A0888I41 sandxiilaa 
LOG (lattice-best-path:main():lattice-best-path.cc:99) For utterance M07UP13A0889I41, best cost 18.8516 + 1730.35 = 1749.2 over 298 frames.
M07UP13A0889I41 sandxiilaa 
LOG (lattice-best-path:main():lattice-best-path.cc:99) For utterance M07UP13A0890I43, best cost 16.7631 + 1722.72 = 1739.48 over 298 frames.
M07UP13A0890I43 lakhanauu 
LOG (lattice-best-path:main():lattice-best-path.cc:99) For utterance M07UP13A0897I302, best cost 32.6707 + 2587.84 = 2620.51 over 498 frames.
M07UP13A0897I302 mujjapharanagara 
LOG (lattice-best-path:main():lattice-best-path.cc:99) For utterance M07UP13A0897I41, best cost 15.5399 + 1501.77 = 1517.31 over 298 frames.
M07UP13A0897I41 siitaapura 
LOG (lattice-best-path:main():lattice-best-path.cc:99) For utterance M07UP13A0898I303, best cost 23.6946 + 2656.57 = 2680.26 over 498 frames.
M07UP13A0898I303 baaraabankii 
LOG (lattice-best-path:main():lattice-best-path.cc:99) For utterance M07UP13A0900I436, best cost 18.5531 + 1546.75 = 1565.3 over 298 frames.
M07UP13A0900I436 baruaasumeerapura 
LOG (lattice-best-path:main():lattice-best-path.cc:99) For utterance M07UP14A0572I301, best cost 21.5228 + 2346.76 = 2368.28 over 498 frames.
M07UP14A0572I301 phateehapura 
LOG (lattice-best-path:main():lattice-best-path.cc:99) For utterance M07UP14A0576I41, best cost 19.2775 + 1583.16 = 1602.44 over 298 frames.
M07UP14A0576I41 baaraabankii 
LOG (lattice-best-path:main():lattice-best-path.cc:99) For utterance M07UP14A0583I300, best cost 27.7332 + 2663.93 = 2691.66 over 498 frames.
M07UP14A0583I300 baandaa 
LOG (lattice-best-path:main():lattice-best-path.cc:99) For utterance M07UP14A0588I41, best cost 16.9423 + 1583.16 = 1600.1 over 300 frames.
M07UP14A0588I41 pheijaabaada 
LOG (lattice-best-path:main():lattice-best-path.cc:99) For utterance M07UP14A0590I300, best cost 19.65 + 2482.51 = 2502.16 over 498 frames.
M07UP14A0590I300 baandaa 
LOG (lattice-best-path:main():lattice-best-path.cc:99) For utterance M07UP14A0590I43, best cost 20.7334 + 1581.04 = 1601.78 over 298 frames.
M07UP14A0590I43 bharawaarii 
LOG (lattice-best-path:main():lattice-best-path.cc:99) For utterance M07UP14A0591I302, best cost 18.4934 + 2379.88 = 2398.38 over 498 frames.
M07UP14A0591I302 raampuramaniiharana 
LOG (lattice-best-path:main():lattice-best-path.cc:99) For utterance M07UP14A0591I303, best cost 11.0874 + 2718.63 = 2729.72 over 498 frames.
M07UP14A0591I303 mauu 
LOG (lattice-best-path:main():lattice-best-path.cc:99) For utterance M07UP18A0362I47, best cost 18.1253 + 1538.61 = 1556.73 over 298 frames.
M07UP18A0362I47 prataapagadxhqa 
LOG (lattice-best-path:main():lattice-best-path.cc:99) For utterance M07UP18A0363I300, best cost 21.0344 + 2446.94 = 2467.97 over 498 frames.
M07UP18A0363I300 bijanoura 
LOG (lattice-best-path:main():lattice-best-path.cc:99) For utterance M07UP18A0363I302, best cost 15.035 + 2386.98 = 2402.02 over 498 frames.
M07UP18A0363I302 dudhii 
LOG (lattice-best-path:main():lattice-best-path.cc:99) For utterance M07UP18A0365I42, best cost 16.7685 + 1490.92 = 1507.69 over 298 frames.
M07UP18A0365I42 saalon 
LOG (lattice-best-path:main():lattice-best-path.cc:99) For utterance M07UP18A0366I41, best cost 18.6815 + 1542.43 = 1561.12 over 298 frames.
M07UP18A0366I41 haladxaura 
LOG (lattice-best-path:main():lattice-best-path.cc:99) For utterance M07UP18A0367I43, best cost 13.9083 + 1553.7 = 1567.6 over 298 frames.
M07UP18A0367I43 bareelii 
LOG (lattice-best-path:main():lattice-best-path.cc:99) For utterance M07UP18A0368I301, best cost 26.8718 + 2617.17 = 2644.04 over 498 frames.
M07UP18A0368I301 mahobaa 
LOG (lattice-best-path:main():lattice-best-path.cc:99) For utterance M07UP18A0368I49, best cost 15.4952 + 1583.45 = 1598.94 over 298 frames.
M07UP18A0368I49 haatharasa 
LOG (lattice-best-path:main():lattice-best-path.cc:99) For utterance M07UP18A0369I48, best cost 22.8575 + 1699.22 = 1722.07 over 298 frames.
M07UP18A0369I48 pharrukhaabaada 
LOG (lattice-best-path:main():lattice-best-path.cc:99) For utterance M07UP18A0371I300, best cost 22.1337 + 2757.42 = 2779.56 over 498 frames.
M07UP18A0371I300 badaayuun 
LOG (lattice-best-path:main():lattice-best-path.cc:99) For utterance M07UP18A0374I300, best cost 24.9212 + 2921.6 = 2946.52 over 498 frames.
M07UP18A0374I300 shaamalii 
LOG (lattice-best-path:main():lattice-best-path.cc:99) For utterance M07UP18A0374I48, best cost 23.4105 + 1683.46 = 1706.87 over 298 frames.
M07UP18A0374I48 sikaarapura 
LOG (lattice-best-path:main():lattice-best-path.cc:99) For utterance M07UP18A0375I45, best cost 16.0785 + 1670.64 = 1686.71 over 298 frames.
M07UP18A0375I45 karabii 
LOG (lattice-best-path:main():lattice-best-path.cc:99) For utterance M07UP18A0376I43, best cost 16.1846 + 1472.29 = 1488.47 over 298 frames.
M07UP18A0376I43 bareelii 
LOG (lattice-best-path:main():lattice-best-path.cc:99) For utterance M07UP18A0376I49, best cost 16.504 + 1478.59 = 1495.1 over 298 frames.
M07UP18A0376I49 haatharasa 
LOG (lattice-best-path:main():lattice-best-path.cc:99) For utterance M07UP18A0378I302, best cost 23.6614 + 2928.95 = 2952.61 over 498 frames.
M07UP18A0378I302 karabii 
LOG (lattice-best-path:main():lattice-best-path.cc:99) For utterance M07UP18A0380I300, best cost 15.9946 + 2643.79 = 2659.79 over 498 frames.
M07UP18A0380I300 bijanoura 
LOG (lattice-best-path:main():lattice-best-path.cc:99) For utterance M07UP19A0341I48, best cost 12.0273 + 1386.2 = 1398.22 over 298 frames.
M07UP19A0341I48 bahajoii 
LOG (lattice-best-path:main():lattice-best-path.cc:99) For utterance M07UP19A0345I300, best cost 25.8796 + 2903.31 = 2929.19 over 490 frames.
M07UP19A0345I300 bulandashahara 
LOG (lattice-best-path:main():lattice-best-path.cc:99) For utterance M07UP19A0345I45, best cost 21.0381 + 1475.05 = 1496.09 over 298 frames.
M07UP19A0345I45 haapudxqa 
LOG (lattice-best-path:main():lattice-best-path.cc:99) For utterance M07UP19A0346I301, best cost 26.6972 + 2803.94 = 2830.63 over 498 frames.
M07UP19A0346I301 aliigadxhqa 
LOG (lattice-best-path:main():lattice-best-path.cc:99) For utterance M07UP19A0348I301, best cost 33.3163 + 2468.06 = 2501.38 over 498 frames.
M07UP19A0348I301 txaandxaa 
LOG (lattice-best-path:main():lattice-best-path.cc:99) For utterance M07UP19A0354I301, best cost 24.3839 + 2842.44 = 2866.83 over 498 frames.
M07UP19A0354I301 aliigadxhqa 
LOG (lattice-best-path:main():lattice-best-path.cc:99) For utterance M07UP19A0354I303, best cost 19.9611 + 2785.21 = 2805.17 over 498 frames.
M07UP19A0354I303 beewara 
LOG (lattice-best-path:main():lattice-best-path.cc:99) For utterance M07UP19A0356I43, best cost 19.2348 + 1540.29 = 1559.53 over 298 frames.
M07UP19A0356I43 bharawaarii 
LOG (lattice-best-path:main():lattice-best-path.cc:99) For utterance M07UP19A0357I300, best cost 19.5415 + 2568.78 = 2588.32 over 498 frames.
M07UP19A0357I300 bulandashahara 
LOG (lattice-best-path:main():lattice-best-path.cc:99) For utterance M07UP19A0358I303, best cost 25.1713 + 2446.86 = 2472.03 over 498 frames.
M07UP19A0358I303 aliigadxhqa 
LOG (lattice-best-path:main():lattice-best-path.cc:99) For utterance M07UP19A0359I40, best cost 15.1735 + 1436.2 = 1451.37 over 298 frames.
M07UP19A0359I40 wajiirganja 
LOG (lattice-best-path:main():lattice-best-path.cc:99) For utterance M07UP20A0734I300, best cost 20.7447 + 2549.53 = 2570.28 over 498 frames.
M07UP20A0734I300 candoulii 
LOG (lattice-best-path:main():lattice-best-path.cc:99) For utterance M07UP20A0739I44, best cost 18.0523 + 1476.18 = 1494.23 over 298 frames.
M07UP20A0739I44 sonbhadra 
LOG (lattice-best-path:main():lattice-best-path.cc:99) For utterance M07UP20A0739I45, best cost 13.7699 + 1428.99 = 1442.76 over 300 frames.
M07UP20A0739I45 wansii 
LOG (lattice-best-path:main():lattice-best-path.cc:99) For utterance M07UP20A0740I302, best cost 24.7481 + 2469.25 = 2494 over 498 frames.
M07UP20A0740I302 kushiinagara 
LOG (lattice-best-path:main():lattice-best-path.cc:99) For utterance M07UP20A0742I302, best cost 16.4453 + 2241.3 = 2257.74 over 498 frames.
M07UP20A0742I302 candoulii 
LOG (lattice-best-path:main():lattice-best-path.cc:99) For utterance M07UP20A0750I40, best cost 17.5516 + 1546.45 = 1564 over 298 frames.
M07UP20A0750I40 candoulii 
LOG (lattice-best-path:main():lattice-best-path.cc:99) For utterance M07UP20A0753I43, best cost 11.1508 + 1682.2 = 1693.35 over 298 frames.
M07UP20A0753I43 waaraanxasxii 
LOG (lattice-best-path:main():lattice-best-path.cc:99) For utterance M07UP21A0593I302, best cost 26.9405 + 2677.91 = 2704.85 over 498 frames.
M07UP21A0593I302 karabii 
LOG (lattice-best-path:main():lattice-best-path.cc:99) For utterance M07UP21A0598I41, best cost 27.8044 + 1504.52 = 1532.33 over 298 frames.
M07UP21A0598I41 mauu 
LOG (lattice-best-path:main():lattice-best-path.cc:99) For utterance M07UP21A0600I300, best cost 24.7736 + 2653.26 = 2678.03 over 498 frames.
M07UP21A0600I300 caandapura 
LOG (lattice-best-path:main():lattice-best-path.cc:99) For utterance M07UP21A0600I42, best cost 26.4847 + 1496.11 = 1522.59 over 298 frames.
M07UP21A0600I42 waaraanxasxii 
LOG (lattice-best-path:main():lattice-best-path.cc:99) For utterance M07UP21A0606I301, best cost 34.2056 + 2636.33 = 2670.54 over 498 frames.
M07UP21A0606I301 citrakuutxa 
LOG (lattice-best-path:main():lattice-best-path.cc:99) For utterance M07UP21A0606I302, best cost 14.2903 + 2781.18 = 2795.47 over 498 frames.
M07UP21A0606I302 saalon 
LOG (lattice-best-path:main():lattice-best-path.cc:99) For utterance M07UP21A0607I301, best cost 23.686 + 2520.42 = 2544.11 over 498 frames.
M07UP21A0607I301 puuranpura 
LOG (lattice-best-path:main():lattice-best-path.cc:99) For utterance M07UP22A1323I47, best cost 10.5049 + 1329.65 = 1340.16 over 298 frames.
M07UP22A1323I47 mauu 
LOG (lattice-best-path:main():lattice-best-path.cc:99) For utterance M07UP22A1326I300, best cost 26.1375 + 2480.86 = 2507 over 498 frames.
M07UP22A1326I300 deewariyaa 
LOG (lattice-best-path:main():lattice-best-path.cc:99) For utterance M07UP22A1342I301, best cost 24.6969 + 2333.56 = 2358.26 over 498 frames.
M07UP22A1342I301 gorakhapura 
LOG (lattice-best-path:main():lattice-best-path.cc:99) For utterance M07UP22A1347I43, best cost 15.0301 + 1715.32 = 1730.35 over 298 frames.
M07UP22A1347I43 deewariyaa 
LOG (lattice-best-path:main():lattice-best-path.cc:99) For utterance M07UP22A1347I47, best cost 16.2909 + 1676.25 = 1692.54 over 300 frames.
M07UP22A1347I47 mauu 
LOG (lattice-best-path:main():lattice-best-path.cc:99) For utterance M07UP22A1355I301, best cost 28.1398 + 2682.21 = 2710.35 over 498 frames.
M07UP22A1355I301 gorakhapura 
LOG (lattice-best-path:main():lattice-best-path.cc:99) For utterance M07UP22A1355I47, best cost 19.456 + 1511.28 = 1530.74 over 298 frames.
M07UP22A1355I47 mohammadii 
LOG (lattice-best-path:main():lattice-best-path.cc:99) For utterance M07UP22A1357I300, best cost 27.1781 + 2456.13 = 2483.31 over 498 frames.
M07UP22A1357I300 jaganeira 
LOG (lattice-best-path:main():lattice-best-path.cc:99) For utterance M07UP22A1357I45, best cost 16.7457 + 1440.39 = 1457.14 over 298 frames.
M07UP22A1357I45 gorakhapura 
LOG (lattice-best-path:main():lattice-best-path.cc:99) For utterance M07UP22A1357I47, best cost 12.7785 + 1487.48 = 1500.26 over 298 frames.
M07UP22A1357I47 mauu 
LOG (lattice-best-path:main():lattice-best-path.cc:99) For utterance M07UP23A0224I44, best cost 17.6839 + 1680.82 = 1698.5 over 298 frames.
M07UP23A0224I44 aliiganja 
LOG (lattice-best-path:main():lattice-best-path.cc:99) For utterance M07UP23A0233I43, best cost 13.7966 + 1396.64 = 1410.43 over 298 frames.
M07UP23A0233I43 pheijaabaada 
LOG (lattice-best-path:main():lattice-best-path.cc:99) For utterance M07UP23A0234I41, best cost 18.631 + 1697.52 = 1716.15 over 298 frames.
M07UP23A0234I41 kaasaganja 
LOG (lattice-best-path:main():lattice-best-path.cc:99) For utterance M07UP23A0235I42, best cost 21.887 + 1685.96 = 1707.84 over 298 frames.
M07UP23A0235I42 pharrukhaabaada 
LOG (lattice-best-path:main():lattice-best-path.cc:99) For utterance M07UP23A0236I43, best cost 17.9646 + 1574.81 = 1592.77 over 298 frames.
M07UP23A0236I43 beewara 
LOG (lattice-best-path:main():lattice-best-path.cc:99) For utterance M07UP23A0239I40, best cost 15.9406 + 1649.33 = 1665.27 over 298 frames.
M07UP23A0239I40 paliaakala 
LOG (lattice-best-path:main():lattice-best-path.cc:99) For utterance M07UP23A0242I42, best cost 20.7755 + 1613.56 = 1634.33 over 298 frames.
M07UP23A0242I42 kaasaganja 
LOG (lattice-best-path:main():lattice-best-path.cc:99) For utterance M07UP24A0171I300, best cost 22.5798 + 2576.96 = 2599.54 over 498 frames.
M07UP24A0171I300 ilaahaabaada 
LOG (lattice-best-path:main():lattice-best-path.cc:99) For utterance M07UP24A0172I45, best cost 12.7077 + 1595.96 = 1608.66 over 298 frames.
M07UP24A0172I45 beewara 
LOG (lattice-best-path:main():lattice-best-path.cc:99) For utterance M07UP24A0172I49, best cost 13.6154 + 1600.53 = 1614.15 over 298 frames.
M07UP24A0172I49 ouraiyaa 
LOG (lattice-best-path:main():lattice-best-path.cc:99) For utterance M07UP24A0173I44, best cost 17.3542 + 1430.74 = 1448.09 over 298 frames.
M07UP24A0173I44 partaawala 
LOG (lattice-best-path:main():lattice-best-path.cc:99) For utterance M07UP24A0173I46, best cost 12.1607 + 1363.39 = 1375.55 over 298 frames.
M07UP24A0173I46 waaraanxasxii 
LOG (lattice-best-path:main():lattice-best-path.cc:99) For utterance M07UP24A0175I301, best cost 32.3586 + 2463.58 = 2495.93 over 498 frames.
M07UP24A0175I301 ouraiyaa 
LOG (lattice-best-path:main():lattice-best-path.cc:99) For utterance M07UP24A0177F606, best cost 35.2876 + 4746.03 = 4781.32 over 998 frames.
M07UP24A0177F606 phaateehaabaada 
LOG (lattice-best-path:main():lattice-best-path.cc:99) For utterance M07UP24A0179I302, best cost 19.5932 + 2471.03 = 2490.62 over 498 frames.
M07UP24A0179I302 itxaawaa 
LOG (lattice-best-path:main():lattice-best-path.cc:99) For utterance M07UP24A0181I301, best cost 24.5064 + 2798.27 = 2822.77 over 498 frames.
M07UP24A0181I301 wisawaana 
LOG (lattice-best-path:main():lattice-best-path.cc:99) For utterance M07UP24A0181I42, best cost 14.6357 + 1602.86 = 1617.49 over 298 frames.
M07UP24A0181I42 ghiroura 
LOG (lattice-best-path:main():lattice-best-path.cc:99) For utterance M07UP24A0181I48, best cost 15.7705 + 1556.82 = 1572.59 over 298 frames.
M07UP24A0181I48 siyaanaa 
LOG (lattice-best-path:main():lattice-best-path.cc:99) For utterance M07UP24A0185I303, best cost 27.8032 + 2601.96 = 2629.76 over 498 frames.
M07UP24A0185I303 sirasaaganja 
LOG (lattice-best-path:main():lattice-best-path.cc:99) For utterance M07UP24A0188I302, best cost 21.3054 + 2524.61 = 2545.91 over 498 frames.
M07UP24A0188I302 karabii 
LOG (lattice-best-path:main():lattice-best-path.cc:99) For utterance M07UP24A0191I300, best cost 16.9086 + 2362.25 = 2379.16 over 498 frames.
M07UP24A0191I300 itxaawaa 
LOG (lattice-best-path:main():lattice-best-path.cc:99) For utterance M07UP25A1205I302, best cost 28.7206 + 2781.24 = 2809.96 over 498 frames.
M07UP25A1205I302 akbarapura 
LOG (lattice-best-path:main():lattice-best-path.cc:99) For utterance M07UP25A1205I43, best cost 20.6978 + 1636.93 = 1657.63 over 298 frames.
M07UP25A1205I43 kaanapura 
LOG (lattice-best-path:main():lattice-best-path.cc:99) For utterance M07UP25A1206I45, best cost 20.5278 + 1588.8 = 1609.33 over 298 frames.
M07UP25A1206I45 lakhiimapurakhiirii 
LOG (lattice-best-path:main():lattice-best-path.cc:99) For utterance M07UP25A1209I41, best cost 17.4313 + 1568.67 = 1586.1 over 298 frames.
M07UP25A1209I41 kamalaaganja 
LOG (lattice-best-path:main():lattice-best-path.cc:99) For utterance M07UP25A1216I41, best cost 14.5044 + 1714.29 = 1728.8 over 298 frames.
M07UP25A1216I41 pheijaabaada 
LOG (lattice-best-path:main():lattice-best-path.cc:99) For utterance M07UP25A1220I300, best cost 21.1401 + 2594.38 = 2615.52 over 498 frames.
M07UP25A1220I300 pheijaabaada 
LOG (lattice-best-path:main():lattice-best-path.cc:99) For utterance M07UP25A1220I42, best cost 21.9972 + 1529.4 = 1551.4 over 298 frames.
M07UP25A1220I42 baaraabankii 
LOG (lattice-best-path:main():lattice-best-path.cc:99) For utterance M07UP25A1261I302, best cost 25.9349 + 2798.81 = 2824.74 over 500 frames.
M07UP25A1261I302 badaayuun 
LOG (lattice-best-path:main():lattice-best-path.cc:99) For utterance M07UP26A0214I42, best cost 13.6141 + 1726.07 = 1739.68 over 298 frames.
M07UP26A0214I42 aliigadxhqa 
LOG (lattice-best-path:main():lattice-best-path.cc:99) For utterance M07UP26A0255I48, best cost 17.3389 + 1533.2 = 1550.54 over 300 frames.
M07UP26A0255I48 sikaarapura 
LOG (lattice-best-path:main():lattice-best-path.cc:99) For utterance M07UP26A0257I47, best cost 14.6135 + 1388.66 = 1403.27 over 298 frames.
M07UP26A0257I47 kaasaganja 
LOG (lattice-best-path:main():lattice-best-path.cc:99) For utterance M07UP26A0258I414, best cost 21.0781 + 1485.73 = 1506.8 over 298 frames.
M07UP26A0258I414 mauu 
LOG (lattice-best-path:main():lattice-best-path.cc:99) For utterance M07UP26A0261I47, best cost 19.6148 + 1521.68 = 1541.3 over 298 frames.
M07UP26A0261I47 pukharaanyaan 
LOG (lattice-best-path:main():lattice-best-path.cc:99) For utterance M07UP26A0262I41, best cost 20.3331 + 1661.13 = 1681.47 over 298 frames.
M07UP26A0262I41 badaayuun 
LOG (lattice-best-path:main():lattice-best-path.cc:99) For utterance M07UP26A0263I43, best cost 16.7185 + 1432.41 = 1449.13 over 298 frames.
M07UP26A0263I43 awaagadxhqa 
LOG (lattice-best-path:main():lattice-best-path.cc:99) For utterance M07UP26A0267I44, best cost 14.1097 + 1511.43 = 1525.54 over 298 frames.
M07UP26A0267I44 kaasaganja 
LOG (lattice-best-path:main():lattice-best-path.cc:99) For utterance M07UP26A0269I47, best cost 17.1257 + 1661.02 = 1678.14 over 298 frames.
M07UP26A0269I47 kannouja 
LOG (lattice-best-path:main():lattice-best-path.cc:99) For utterance M07UP26A0270I42, best cost 16.1164 + 1587.19 = 1603.31 over 298 frames.
M07UP26A0270I42 aliiganja 
LOG (lattice-best-path:main():lattice-best-path.cc:99) For utterance M07UP26A0272I44, best cost 11.3271 + 1339.7 = 1351.02 over 298 frames.
M07UP26A0272I44 beewara 
LOG (lattice-best-path:main():lattice-best-path.cc:99) For utterance M07UP27A0641I438, best cost 20.4698 + 1500.59 = 1521.06 over 298 frames.
M07UP27A0641I438 baliiyaa 
LOG (lattice-best-path:main():lattice-best-path.cc:99) For utterance M07UP27A0647I41, best cost 13.0805 + 1492.63 = 1505.71 over 298 frames.
M07UP27A0647I41 phateehapura 
LOG (lattice-best-path:main():lattice-best-path.cc:99) For utterance M07UP27A0647I43, best cost 14.8035 + 1529.2 = 1544 over 298 frames.
M07UP27A0647I43 koushaamabii 
LOG (lattice-best-path:main():lattice-best-path.cc:99) For utterance M07UP27A0657I303, best cost 21.4024 + 2581.49 = 2602.89 over 498 frames.
M07UP27A0657I303 koushaamabii 
LOG (lattice-best-path:main():lattice-best-path.cc:99) For utterance M07UP28A0216I301, best cost 13.2911 + 2674.1 = 2687.39 over 498 frames.
M07UP28A0216I301 mauu 
LOG (lattice-best-path:main():lattice-best-path.cc:99) For utterance M07UP28A0218I300, best cost 29.7669 + 2530.54 = 2560.3 over 498 frames.
M07UP28A0218I300 itxaawaa 
LOG (lattice-best-path:main():lattice-best-path.cc:99) For utterance M07UP28A0219I40, best cost 16.6672 + 1511.2 = 1527.87 over 298 frames.
M07UP28A0219I40 sikohaabaada 
LOG (lattice-best-path:main():lattice-best-path.cc:99) For utterance M07UP28A0219I505, best cost 15.5133 + 1528.91 = 1544.43 over 300 frames.
M07UP28A0219I505 kheira 
LOG (lattice-best-path:main():lattice-best-path.cc:99) For utterance M07UP28A0225I302, best cost 14.3617 + 2671.77 = 2686.13 over 498 frames.
M07UP28A0225I302 charraa 
LOG (lattice-best-path:main():lattice-best-path.cc:99) For utterance M07UP28A0225I40, best cost 23.414 + 1518.14 = 1541.56 over 298 frames.
M07UP28A0225I40 aagaraa 
LOG (lattice-best-path:main():lattice-best-path.cc:99) For utterance M07UP28A0225I41, best cost 16.0134 + 1758.34 = 1774.36 over 298 frames.
M07UP28A0225I41 puuranpura 
LOG (lattice-best-path:main():lattice-best-path.cc:99) For utterance M07UP29A0506I301, best cost 20.6948 + 2390.6 = 2411.3 over 498 frames.
M07UP29A0506I301 baharaaica 
LOG (lattice-best-path:main():lattice-best-path.cc:99) For utterance M07UP29A0509I42, best cost 18.9794 + 1580.12 = 1599.1 over 298 frames.
M07UP29A0509I42 hamiirapura 
LOG (lattice-best-path:main():lattice-best-path.cc:99) For utterance M07UP29A0509I45, best cost 16.0214 + 1531.86 = 1547.88 over 298 frames.
M07UP29A0509I45 awaagadxhqa 
LOG (lattice-best-path:main():lattice-best-path.cc:99) For utterance M07UP29A0510I303, best cost 19.5633 + 2455.55 = 2475.12 over 500 frames.
M07UP29A0510I303 sikandraaraauu 
LOG (lattice-best-path:main():lattice-best-path.cc:99) For utterance M07UP29A0510I44, best cost 16.4299 + 1425.84 = 1442.27 over 298 frames.
M07UP29A0510I44 jaganeira 
LOG (lattice-best-path:main():lattice-best-path.cc:99) For utterance M07UP29A0511I301, best cost 17.0972 + 2555.15 = 2572.25 over 498 frames.
M07UP29A0511I301 partaawala 
LOG (lattice-best-path:main():lattice-best-path.cc:99) For utterance M07UP29A0511I42, best cost 15.8082 + 1617.95 = 1633.76 over 298 frames.
M07UP29A0511I42 kushiinagara 
LOG (lattice-best-path:main():lattice-best-path.cc:99) For utterance M07UP29A0513I44, best cost 14.8529 + 1511.86 = 1526.71 over 298 frames.
M07UP29A0513I44 siiraa 
LOG (lattice-best-path:main():lattice-best-path.cc:99) For utterance M07UP29A0514I41, best cost 13.4848 + 1564.03 = 1577.51 over 298 frames.
M07UP29A0514I41 aliigadxhqa 
LOG (lattice-best-path:main():lattice-best-path.cc:99) For utterance M07UP29A0516I41, best cost 16.6719 + 1670.44 = 1687.11 over 298 frames.
M07UP29A0516I41 tulsiipura 
LOG (lattice-best-path:main():lattice-best-path.cc:99) For utterance M07UP29A0517I303, best cost 19.9314 + 2554.53 = 2574.46 over 498 frames.
M07UP29A0517I303 bijanoura 
LOG (lattice-best-path:main():lattice-best-path.cc:99) For utterance M07UP29A0520I42, best cost 14.7977 + 1439.74 = 1454.53 over 298 frames.
M07UP29A0520I42 aliigadxhqa 
LOG (lattice-best-path:main():lattice-best-path.cc:99) For utterance M07UP29A0520I45, best cost 14.3547 + 1578.11 = 1592.47 over 298 frames.
M07UP29A0520I45 awaagadxhqa 
LOG (lattice-best-path:main():lattice-best-path.cc:99) For utterance M07UP29A0521I303, best cost 27.7696 + 2466.43 = 2494.2 over 498 frames.
M07UP29A0521I303 maadhawaganja 
LOG (lattice-best-path:main():lattice-best-path.cc:99) For utterance M07UP29A0521I47, best cost 15.1177 + 1435.06 = 1450.17 over 298 frames.
M07UP29A0521I47 sikandaraabaada 
LOG (lattice-best-path:main():lattice-best-path.cc:99) For utterance M07UP31A1290I43, best cost 15.3815 + 1492.04 = 1507.43 over 298 frames.
M07UP31A1290I43 sindhoulii 
LOG (lattice-best-path:main():lattice-best-path.cc:99) For utterance M07UP31A1291I42, best cost 18.686 + 1532.59 = 1551.27 over 298 frames.
M07UP31A1291I42 baliiyaa 
LOG (lattice-best-path:main():lattice-best-path.cc:99) For utterance M07UP31A1292I301, best cost 21.8944 + 2487.24 = 2509.13 over 498 frames.
M07UP31A1292I301 aajamagadxhqa 
LOG (lattice-best-path:main():lattice-best-path.cc:99) For utterance M07UP31A1294I302, best cost 34.8771 + 2431.43 = 2466.31 over 498 frames.
M07UP31A1294I302 jangiipura 
LOG (lattice-best-path:main():lattice-best-path.cc:99) For utterance M07UP31A1294I43, best cost 20.3244 + 1562.29 = 1582.62 over 298 frames.
M07UP31A1294I43 candoulii 
LOG (lattice-best-path:main():lattice-best-path.cc:99) For utterance M07UP31A1296I500, best cost 25.7998 + 2265.26 = 2291.06 over 498 frames.
M07UP31A1296I500 moudahaa 
LOG (lattice-best-path:main():lattice-best-path.cc:99) For utterance M07UP31A1300I300, best cost 22.3321 + 2846.87 = 2869.2 over 498 frames.
M07UP31A1300I300 gaajiipura 
LOG (lattice-best-path:main():lattice-best-path.cc:99) For utterance M07UP31A1302I301, best cost 34.2064 + 2502.68 = 2536.88 over 498 frames.
M07UP31A1302I301 aajamagadxhqa 
LOG (lattice-best-path:main():lattice-best-path.cc:99) For utterance M07UP31A1306I302, best cost 27.9342 + 2572.91 = 2600.84 over 498 frames.
M07UP31A1306I302 jangiipura 
LOG (lattice-best-path:main():lattice-best-path.cc:99) For utterance M07UP31A1306I303, best cost 20.2965 + 2893.26 = 2913.55 over 498 frames.
M07UP31A1306I303 kishanapura 
LOG (lattice-best-path:main():lattice-best-path.cc:99) For utterance M07UP31A1306I43, best cost 13.8601 + 1420.95 = 1434.81 over 298 frames.
M07UP31A1306I43 candoulii 
LOG (lattice-best-path:main():lattice-best-path.cc:99) For utterance M07UP31A1307I430, best cost 24.0305 + 1540.22 = 1564.25 over 298 frames.
M07UP31A1307I430 baliiyaa 
LOG (lattice-best-path:main():lattice-best-path.cc:99) For utterance M07UP31A1308I435, best cost 17.7944 + 1521.14 = 1538.94 over 298 frames.
M07UP31A1308I435 baliiyaa 
LOG (lattice-best-path:main():lattice-best-path.cc:99) For utterance M07UP31A1309I44, best cost 13.0868 + 1716.27 = 1729.35 over 298 frames.
M07UP31A1309I44 beewara 
LOG (lattice-best-path:main():lattice-best-path.cc:99) For utterance M07UP31A1310I45, best cost 22.4897 + 1629.04 = 1651.53 over 298 frames.
M07UP31A1310I45 gaajiipura 
LOG (lattice-best-path:main():lattice-best-path.cc:99) For utterance M07UP34A0551I43, best cost 16.7584 + 1658.02 = 1674.78 over 300 frames.
M07UP34A0551I43 citrakuutxa 
LOG (lattice-best-path:main():lattice-best-path.cc:99) For utterance M07UP34A0554I301, best cost 20.1535 + 2487.33 = 2507.49 over 498 frames.
M07UP34A0554I301 jaalouna 
LOG (lattice-best-path:main():lattice-best-path.cc:99) For utterance M07UP34A0555I300, best cost 32.4847 + 2837.19 = 2869.67 over 498 frames.
M07UP34A0555I300 phateehapurasiikarii 
LOG (lattice-best-path:main():lattice-best-path.cc:99) For utterance M07UP34A0558I42, best cost 23.1236 + 1596.92 = 1620.04 over 298 frames.
M07UP34A0558I42 baangaramauu 
LOG (lattice-best-path:main():lattice-best-path.cc:99) For utterance M07UP34A0559I303, best cost 27.0544 + 2566.39 = 2593.44 over 498 frames.
M07UP34A0559I303 uraii 
LOG (lattice-best-path:main():lattice-best-path.cc:99) For utterance M07UP34A0559I44, best cost 22.8717 + 1527.75 = 1550.62 over 298 frames.
M07UP34A0559I44 phateehapura 
LOG (lattice-best-path:main():lattice-best-path.cc:99) For utterance M07UP34A0561I300, best cost 18.4242 + 2825.8 = 2844.23 over 498 frames.
M07UP34A0561I300 jangiipura 
LOG (lattice-best-path:main():lattice-best-path.cc:99) For utterance M07UP34A0563I303, best cost 33.9587 + 2428.17 = 2462.13 over 498 frames.
M07UP34A0563I303 raatxha 
LOG (lattice-best-path:main():lattice-best-path.cc:99) For utterance M07UP34A0564I43, best cost 16.0297 + 1521.81 = 1537.84 over 298 frames.
M07UP34A0564I43 citrakuutxa 
LOG (lattice-best-path:main():lattice-best-path.cc:99) For utterance M07UP34A0566I301, best cost 28.8291 + 2387.04 = 2415.87 over 498 frames.
M07UP34A0566I301 hamiirapura 
LOG (lattice-best-path:main():lattice-best-path.cc:99) For utterance M07UP35A0443I41, best cost 15.0213 + 1588.96 = 1603.98 over 298 frames.
M07UP35A0443I41 amarohaa 
LOG (lattice-best-path:main():lattice-best-path.cc:99) For utterance M07UP35A0446I301, best cost 23.4782 + 2609.44 = 2632.92 over 498 frames.
M07UP35A0446I301 phirojaabaada 
LOG (lattice-best-path:main():lattice-best-path.cc:99) For utterance M07UP35A0448I301, best cost 28.7851 + 2368.61 = 2397.39 over 498 frames.
M07UP35A0448I301 bharawaarii 
LOG (lattice-best-path:main():lattice-best-path.cc:99) For utterance M07UP35A0450I301, best cost 28.2949 + 2802.66 = 2830.96 over 498 frames.
M07UP35A0450I301 anuupashahara 
LOG (lattice-best-path:main():lattice-best-path.cc:99) For utterance M07UP35A0452I303, best cost 32.7682 + 2385.97 = 2418.74 over 498 frames.
M07UP35A0452I303 haapudxqa 
LOG (lattice-best-path:main():lattice-best-path.cc:99) For utterance M07UP35A0455I303, best cost 34.306 + 2363.85 = 2398.16 over 498 frames.
M07UP35A0455I303 haapudxqa 
LOG (lattice-best-path:main():lattice-best-path.cc:99) For utterance M07UP35A0455I426, best cost 20.1402 + 1616.17 = 1636.31 over 298 frames.
M07UP35A0455I426 ghiroura 
LOG (lattice-best-path:main():lattice-best-path.cc:99) For utterance M07UP35A0456I43, best cost 19.5436 + 1536.93 = 1556.47 over 298 frames.
M07UP35A0456I43 baagapata 
LOG (lattice-best-path:main():lattice-best-path.cc:99) For utterance M07UP35A0457I41, best cost 20.8235 + 1629.13 = 1649.96 over 298 frames.
M07UP35A0457I41 kaanapura 
LOG (lattice-best-path:main():lattice-best-path.cc:99) For utterance M07UP35A0459I303, best cost 17.6697 + 2461.19 = 2478.86 over 498 frames.
M07UP35A0459I303 haapudxqa 
LOG (lattice-best-path:main():lattice-best-path.cc:99) For utterance M07UP36A0825I301, best cost 30.4293 + 2573.2 = 2603.63 over 498 frames.
M07UP36A0825I301 dhanoura 
LOG (lattice-best-path:main():lattice-best-path.cc:99) For utterance M07UP36A0825I40, best cost 16.958 + 1500.1 = 1517.06 over 298 frames.
M07UP36A0825I40 dhanoura 
LOG (lattice-best-path:main():lattice-best-path.cc:99) For utterance M07UP36A0827I300, best cost 30.7483 + 2318.74 = 2349.49 over 498 frames.
M07UP36A0827I300 hardoii 
LOG (lattice-best-path:main():lattice-best-path.cc:99) For utterance M07UP36A0829I302, best cost 23.1731 + 2552.99 = 2576.17 over 498 frames.
M07UP36A0829I302 sandxiilaa 
LOG (lattice-best-path:main():lattice-best-path.cc:99) For utterance M07UP36A0832I302, best cost 24.7134 + 2607.52 = 2632.24 over 498 frames.
M07UP36A0832I302 sandxiilaa 
LOG (lattice-best-path:main():lattice-best-path.cc:99) For utterance M07UP36A0840I41, best cost 15.7943 + 1425.11 = 1440.9 over 298 frames.
M07UP36A0840I41 baaraabankii 
LOG (lattice-best-path:main():lattice-best-path.cc:99) For utterance M07UP37A0301I42, best cost 9.15095 + 1342.23 = 1351.38 over 298 frames.
M07UP37A0301I42 badaayuun 
LOG (lattice-best-path:main():lattice-best-path.cc:99) For utterance M07UP37A0302I45, best cost 10.8029 + 1682.56 = 1693.37 over 298 frames.
M07UP37A0302I45 haatharasa 
LOG (lattice-best-path:main():lattice-best-path.cc:99) For utterance M07UP37A0306I47, best cost 16.7611 + 1682.69 = 1699.45 over 298 frames.
M07UP37A0306I47 daataaganja 
LOG (lattice-best-path:main():lattice-best-path.cc:99) For utterance M07UP37A0307I303, best cost 18.696 + 2679.05 = 2697.75 over 498 frames.
M07UP37A0307I303 haatharasa 
LOG (lattice-best-path:main():lattice-best-path.cc:99) For utterance M07UP37A0309I40, best cost 10.4279 + 1755.52 = 1765.95 over 298 frames.
M07UP37A0309I40 awaagadxhqa 
LOG (lattice-best-path:main():lattice-best-path.cc:99) For utterance M07UP37A0309I44, best cost 14.4844 + 1675.79 = 1690.27 over 300 frames.
M07UP37A0309I44 kaasaganja 
LOG (lattice-best-path:main():lattice-best-path.cc:99) For utterance M07UP37A0311I43, best cost 14.9113 + 1533.04 = 1547.95 over 298 frames.
M07UP37A0311I43 aliigadxhqa 
LOG (lattice-best-path:main():lattice-best-path.cc:99) For utterance M07UP37A0311I44, best cost 17.2481 + 1504.89 = 1522.14 over 298 frames.
M07UP37A0311I44 awaagadxhqa 
LOG (lattice-best-path:main():lattice-best-path.cc:99) For utterance M07UP37A0311I48, best cost 14.677 + 1388.74 = 1403.42 over 300 frames.
M07UP37A0311I48 aagaraa 
LOG (lattice-best-path:main():lattice-best-path.cc:99) For utterance M07UP37A0313I427, best cost 16.0889 + 1538.7 = 1554.79 over 298 frames.
M07UP37A0313I427 koshiikalaan 
LOG (lattice-best-path:main():lattice-best-path.cc:99) For utterance M07UP37A0314I300, best cost 25.0319 + 2743.54 = 2768.57 over 498 frames.
M07UP37A0314I300 eitxa 
LOG (lattice-best-path:main():lattice-best-path.cc:99) For utterance M07UP37A0316I305, best cost 16.7735 + 2834.41 = 2851.19 over 498 frames.
M07UP37A0316I305 haapudxqa 
LOG (lattice-best-path:main():lattice-best-path.cc:99) For utterance M07UP37A0317I47, best cost 16.1792 + 1489.26 = 1505.44 over 298 frames.
M07UP37A0317I47 pharrukhaabaada 
LOG (lattice-best-path:main():lattice-best-path.cc:99) For utterance M07UP37A0317I48, best cost 16.9536 + 1698.08 = 1715.04 over 298 frames.
M07UP37A0317I48 jeewara 
LOG (lattice-best-path:main():lattice-best-path.cc:99) For utterance M07UP37A0319I301, best cost 24.6728 + 2829.36 = 2854.03 over 498 frames.
M07UP37A0319I301 daadarii 
LOG (lattice-best-path:main():lattice-best-path.cc:99) For utterance M07UP38A0103I43, best cost 17.9412 + 1519.11 = 1537.05 over 298 frames.
M07UP38A0103I43 baruaasaagara 
LOG (lattice-best-path:main():lattice-best-path.cc:99) For utterance M07UP38A0107I43, best cost 13.3978 + 1550.35 = 1563.74 over 298 frames.
M07UP38A0107I43 raatxha 
LOG (lattice-best-path:main():lattice-best-path.cc:99) For utterance M07UP39A0774I301, best cost 20.163 + 2384.12 = 2404.28 over 498 frames.
M07UP39A0774I301 waaraanxasxii 
LOG (lattice-best-path:main():lattice-best-path.cc:99) For utterance M07UP39A0776I302, best cost 16.4387 + 2345.72 = 2362.16 over 498 frames.
M07UP39A0776I302 laalaganja 
LOG (lattice-best-path:main():lattice-best-path.cc:99) For utterance M07UP39A0777I300, best cost 14.3936 + 2481.52 = 2495.92 over 498 frames.
M07UP39A0777I300 jounapura 
LOG (lattice-best-path:main():lattice-best-path.cc:99) For utterance M07UP39A0777I423, best cost 17.033 + 1402.7 = 1419.73 over 298 frames.
M07UP39A0777I423 gopiiganja 
LOG (lattice-best-path:main():lattice-best-path.cc:99) For utterance M07UP39A0778I303, best cost 24.0616 + 2598.67 = 2622.73 over 498 frames.
M07UP39A0778I303 jaraara 
LOG (lattice-best-path:main():lattice-best-path.cc:99) For utterance M07UP39A0781I501, best cost 14.0566 + 2008.02 = 2022.08 over 398 frames.
M07UP39A0781I501 uraii 
LOG (lattice-best-path:main():lattice-best-path.cc:99) For utterance M07UP41A0273I301, best cost 19.6306 + 2923.2 = 2942.83 over 498 frames.
M07UP41A0273I301 danakoura 
LOG (lattice-best-path:main():lattice-best-path.cc:99) For utterance M07UP41A0273I47, best cost 15.7744 + 1570.32 = 1586.09 over 298 frames.
M07UP41A0273I47 gangoha 
LOG (lattice-best-path:main():lattice-best-path.cc:99) For utterance M07UP41A0275I300, best cost 18.6916 + 2386.44 = 2405.13 over 498 frames.
M07UP41A0275I300 khatoulii 
LOG (lattice-best-path:main():lattice-best-path.cc:99) For utterance M07UP41A0277I300, best cost 21.7506 + 2617.27 = 2639.02 over 498 frames.
M07UP41A0277I300 akbarapura 
LOG (lattice-best-path:main():lattice-best-path.cc:99) For utterance M07UP41A0277I43, best cost 16.4336 + 1643.86 = 1660.29 over 298 frames.
M07UP41A0277I43 baaraabankii 
LOG (lattice-best-path:main():lattice-best-path.cc:99) For utterance M07UP41A0279I301, best cost 19.3305 + 2597.67 = 2617 over 498 frames.
M07UP41A0279I301 pharrukhaabaada 
LOG (lattice-best-path:main():lattice-best-path.cc:99) For utterance M07UP41A0279I302, best cost 22.364 + 2526.56 = 2548.93 over 498 frames.
M07UP41A0279I302 dhanoura 
LOG (lattice-best-path:main():lattice-best-path.cc:99) For utterance M07UP41A0279I47, best cost 19.2227 + 1684.86 = 1704.09 over 298 frames.
M07UP41A0279I47 dxibiyaapura 
LOG (lattice-best-path:main():lattice-best-path.cc:99) For utterance M07UP41A0280I42, best cost 16.4035 + 1522.25 = 1538.65 over 298 frames.
M07UP41A0280I42 beewara 
LOG (lattice-best-path:main():lattice-best-path.cc:99) For utterance M07UP41A0280I45, best cost 17.4073 + 1671.72 = 1689.13 over 298 frames.
M07UP41A0280I45 pariikashitagadxhq 
LOG (lattice-best-path:main():lattice-best-path.cc:99) For utterance M07UP41A0283I48, best cost 12.9554 + 1387.32 = 1400.27 over 298 frames.
M07UP41A0283I48 itxaawaa 
LOG (lattice-best-path:main():lattice-best-path.cc:99) For utterance M07UP41A0289I303, best cost 25.5612 + 2564.98 = 2590.55 over 498 frames.
M07UP41A0289I303 candousii 
LOG (lattice-best-path:main():lattice-best-path.cc:99) For utterance M07UP41A0289I44, best cost 14.3944 + 1475.29 = 1489.69 over 300 frames.
M07UP41A0289I44 beewara 
LOG (lattice-best-path:main():lattice-best-path.cc:99) For utterance M07UP41A0290I47, best cost 17.7328 + 1495.35 = 1513.08 over 298 frames.
M07UP41A0290I47 kannouja 
LOG (lattice-best-path:main():lattice-best-path.cc:99) For utterance M07UP41A0291I43, best cost 18.5657 + 1420.94 = 1439.51 over 298 frames.
M07UP41A0291I43 kamalaaganja 
LOG (lattice-best-path:main():lattice-best-path.cc:99) For utterance M07UP41A0291I46, best cost 17.6734 + 1473 = 1490.67 over 298 frames.
M07UP41A0291I46 pharrukhaabaada 
LOG (lattice-best-path:main():lattice-best-path.cc:99) For utterance M07UP42A0111I46, best cost 19.1669 + 1463.04 = 1482.21 over 298 frames.
M07UP42A0111I46 kannouja 
LOG (lattice-best-path:main():lattice-best-path.cc:99) For utterance M07UP42A0116I430, best cost 12.0546 + 1611.15 = 1623.21 over 298 frames.
M07UP42A0116I430 aliigadxhqa 
LOG (lattice-best-path:main():lattice-best-path.cc:99) For utterance M07UP42A0117I419, best cost 18.8624 + 1503.24 = 1522.1 over 298 frames.
M07UP42A0117I419 puwaahaa 
LOG (lattice-best-path:main():lattice-best-path.cc:99) For utterance M07UP42A0117I423, best cost 14.9742 + 1607.1 = 1622.07 over 298 frames.
M07UP42A0117I423 dxibiyaapura 
LOG (lattice-best-path:main():lattice-best-path.cc:99) For utterance M07UP42A0119I300, best cost 22.302 + 2697.57 = 2719.87 over 498 frames.
M07UP42A0119I300 kaanapuradeehaata 
LOG (lattice-best-path:main():lattice-best-path.cc:99) For utterance M07UP42A0119I46, best cost 18.9235 + 1639.55 = 1658.47 over 298 frames.
M07UP42A0119I46 kannouja 
LOG (lattice-best-path:main():lattice-best-path.cc:99) For utterance M07UP42A0120I418, best cost 19.9612 + 1528.39 = 1548.35 over 298 frames.
M07UP42A0120I418 dudhii 
LOG (lattice-best-path:main():lattice-best-path.cc:99) For utterance M07UP42A0120I424, best cost 21.2463 + 1543.37 = 1564.62 over 298 frames.
M07UP42A0120I424 uttariipuraa 
LOG (lattice-best-path:main():lattice-best-path.cc:99) For utterance M07UP42A0120I429, best cost 17.2182 + 1605.01 = 1622.23 over 298 frames.
M07UP42A0120I429 maadhougadxhqa 
LOG (lattice-best-path:main():lattice-best-path.cc:99) For utterance M07UP42A0122I302, best cost 20.4076 + 2645.36 = 2665.77 over 498 frames.
M07UP42A0122I302 pukharaanyaan 
LOG (lattice-best-path:main():lattice-best-path.cc:99) For utterance M07UP42A0122I424, best cost 17.6927 + 1637.06 = 1654.75 over 298 frames.
M07UP42A0122I424 wariipaala 
LOG (lattice-best-path:main():lattice-best-path.cc:99) For utterance M07UP42A0122I46, best cost 17.2469 + 1600.32 = 1617.56 over 298 frames.
M07UP42A0122I46 hamiirapura 
LOG (lattice-best-path:main():lattice-best-path.cc:99) For utterance M07UP42A0123I42, best cost 14.2936 + 1596.67 = 1610.96 over 298 frames.
M07UP42A0123I42 jaalouna 
LOG (lattice-best-path:main():lattice-best-path.cc:99) For utterance M07UP42A0123I424, best cost 15.8965 + 1655.58 = 1671.48 over 298 frames.
M07UP42A0123I424 dxibiyaapura 
LOG (lattice-best-path:main():lattice-best-path.cc:99) For utterance M07UP42A0124I45, best cost 18.7929 + 1524.69 = 1543.48 over 298 frames.
M07UP42A0124I45 kannouja 
LOG (lattice-best-path:main():lattice-best-path.cc:99) For utterance M07UP42A0126I437, best cost 15.5064 + 1625.05 = 1640.56 over 298 frames.
M07UP42A0126I437 badaayuun 
LOG (lattice-best-path:main():lattice-best-path.cc:99) For utterance M07UP43A0148I300, best cost 21.2605 + 2789.99 = 2811.25 over 498 frames.
M07UP43A0148I300 saalon 
LOG (lattice-best-path:main():lattice-best-path.cc:99) For utterance M07UP43A0151I42, best cost 18.2558 + 1702.56 = 1720.81 over 298 frames.
M07UP43A0151I42 karabii 
LOG (lattice-best-path:main():lattice-best-path.cc:99) For utterance M07UP43A0154I43, best cost 15.2282 + 1408.75 = 1423.98 over 298 frames.
M07UP43A0154I43 phateehapura 
LOG (lattice-best-path:main():lattice-best-path.cc:99) For utterance M07UP43A0154I44, best cost 16.1208 + 1451.99 = 1468.11 over 298 frames.
M07UP43A0154I44 kaanapura 
LOG (lattice-best-path:main():lattice-best-path.cc:99) For utterance M07UP43A0158I41, best cost 12.8284 + 1617.92 = 1630.75 over 298 frames.
M07UP43A0158I41 tulsiipura 
LOG (lattice-best-path:main():lattice-best-path.cc:99) For utterance M07UP45A0614I48, best cost 17.9034 + 1624.96 = 1642.86 over 298 frames.
M07UP45A0614I48 maadhougadxhqa 
LOG (lattice-best-path:main():lattice-best-path.cc:99) For utterance M07UP45A0616I43, best cost 17.1126 + 1540.03 = 1557.14 over 298 frames.
M07UP45A0616I43 bharawaarii 
LOG (lattice-best-path:main():lattice-best-path.cc:99) For utterance M07UP45A0624I41, best cost 18.2128 + 1550.37 = 1568.58 over 298 frames.
M07UP45A0624I41 jalaalaabaada 
LOG (lattice-best-path:main():lattice-best-path.cc:99) For utterance M07UP45A0624I44, best cost 20.1744 + 1529.03 = 1549.21 over 298 frames.
M07UP45A0624I44 kishanapura 
LOG (lattice-best-path:main():lattice-best-path.cc:99) For utterance M07UP45A0625I41, best cost 15.1034 + 1600.73 = 1615.84 over 298 frames.
M07UP45A0625I41 jeewara 
LOG (lattice-best-path:main():lattice-best-path.cc:99) For utterance M07UP45A0627I43, best cost 13.959 + 1399.05 = 1413.01 over 298 frames.
M07UP45A0627I43 dxiwaaii 
LOG (lattice-best-path:main():lattice-best-path.cc:99) For utterance M07UP45A0628I41, best cost 12.6711 + 1587.29 = 1599.96 over 298 frames.
M07UP45A0628I41 siyaanaa 
LOG (lattice-best-path:main():lattice-best-path.cc:99) For utterance M07UP45A0629I303, best cost 16.4069 + 2796.61 = 2813.02 over 498 frames.
M07UP45A0629I303 siitaapura 
LOG (lattice-best-path:main():lattice-best-path.cc:99) For utterance M07UP45A0634I48, best cost 17.0345 + 1506.26 = 1523.3 over 298 frames.
M07UP45A0634I48 prataapagadxhqa 
LOG (lattice-best-path:main():lattice-best-path.cc:99) For utterance M07UP45A0635I42, best cost 22.0426 + 1594.77 = 1616.82 over 298 frames.
M07UP45A0635I42 shamashaabaada 
LOG (lattice-best-path:main():lattice-best-path.cc:99) For utterance M07UP45A0636I300, best cost 13.5318 + 2299.07 = 2312.6 over 498 frames.
M07UP45A0636I300 sandxii 
LOG (lattice-best-path:main():lattice-best-path.cc:99) For utterance M07UP48A0013I417, best cost 21.6069 + 1538.7 = 1560.31 over 298 frames.
M07UP48A0013I417 sardhanaa 
LOG (lattice-best-path:main():lattice-best-path.cc:99) For utterance M07UP48A0013I43, best cost 14.054 + 1573.15 = 1587.21 over 298 frames.
M07UP48A0013I43 mauu 
LOG (lattice-best-path:main():lattice-best-path.cc:99) For utterance M07UP48A0014I44, best cost 13.562 + 1555.34 = 1568.9 over 298 frames.
M07UP48A0014I44 kaanapura 
LOG (lattice-best-path:main():lattice-best-path.cc:99) For utterance M07UP48A0015I422, best cost 16.0358 + 1559.44 = 1575.48 over 298 frames.
M07UP48A0015I422 ouraiyaa 
LOG (lattice-best-path:main():lattice-best-path.cc:99) For utterance M07UP48A0018I422, best cost 16.6524 + 1636.57 = 1653.22 over 298 frames.
M07UP48A0018I422 badaayuun 
LOG (lattice-best-path:main():lattice-best-path.cc:99) For utterance M07UP48A0020I43, best cost 11.5758 + 1436 = 1447.58 over 298 frames.
M07UP48A0020I43 siyaanaa 
LOG (lattice-best-path:main():lattice-best-path.cc:99) For utterance M07UP48A0021I45, best cost 20.2854 + 1425.7 = 1445.98 over 298 frames.
M07UP48A0021I45 gurusaraanya 
LOG (lattice-best-path:main():lattice-best-path.cc:99) For utterance M07UP48A0024I49, best cost 14.8773 + 1635.51 = 1650.38 over 304 frames.
M07UP48A0024I49 siiraa 
LOG (lattice-best-path:main():lattice-best-path.cc:99) For utterance M07UP48A0028I45, best cost 16.7609 + 1625.29 = 1642.05 over 298 frames.
M07UP48A0028I45 gaajiipura 
LOG (lattice-best-path:main():lattice-best-path.cc:99) For utterance M07UP48A0031I44, best cost 18.6522 + 1636.12 = 1654.77 over 298 frames.
M07UP48A0031I44 acaneeraa 
LOG (lattice-best-path:main():lattice-best-path.cc:99) For utterance M07UP49A0861I41, best cost 17.8186 + 1433.1 = 1450.92 over 300 frames.
M07UP49A0861I41 kaanapuradeehaata 
LOG (lattice-best-path:main():lattice-best-path.cc:99) For utterance M07UP49A0863I300, best cost 29.5428 + 2671.02 = 2700.56 over 498 frames.
M07UP49A0863I300 jaalouna 
LOG (lattice-best-path:main():lattice-best-path.cc:99) For utterance M07UP49A0866I504, best cost 17.948 + 1730.7 = 1748.65 over 298 frames.
M07UP49A0866I504 baliiyaa 
LOG (lattice-best-path:main():lattice-best-path.cc:99) For utterance M07UP49A0869I301, best cost 23.7993 + 2602.93 = 2626.73 over 498 frames.
M07UP49A0869I301 baaraabankii 
LOG (lattice-best-path:main():lattice-best-path.cc:99) For utterance M07UP49A0880I43, best cost 22.4372 + 1512.72 = 1535.16 over 298 frames.
M07UP49A0880I43 siitaapura 
LOG (lattice-best-path:main():lattice-best-path.cc:99) For utterance M07UP51A0032I301, best cost 22.4731 + 2382.51 = 2404.98 over 430 frames.
M07UP51A0032I301 badaayuun 
LOG (lattice-best-path:main():lattice-best-path.cc:99) For utterance M07UP51A0033I42, best cost 18.9334 + 1602.47 = 1621.4 over 298 frames.
M07UP51A0033I42 ghiroura 
LOG (lattice-best-path:main():lattice-best-path.cc:99) For utterance M07UP51A0033I48, best cost 18.4197 + 1651.59 = 1670.01 over 298 frames.
M07UP51A0033I48 mauraniipura 
LOG (lattice-best-path:main():lattice-best-path.cc:99) For utterance M07UP51A0035I302, best cost 23.8973 + 2599.79 = 2623.69 over 498 frames.
M07UP51A0035I302 raatxha 
LOG (lattice-best-path:main():lattice-best-path.cc:99) For utterance M07UP51A0036I300, best cost 18.0226 + 2693.29 = 2711.32 over 498 frames.
M07UP51A0036I300 maadhougadxhqa 
LOG (lattice-best-path:main():lattice-best-path.cc:99) For utterance M07UP51A0036I44, best cost 17.5331 + 1509.7 = 1527.23 over 298 frames.
M07UP51A0036I44 jhaansii 
LOG (lattice-best-path:main():lattice-best-path.cc:99) For utterance M07UP51A0036I45, best cost 15.4598 + 1533.16 = 1548.62 over 298 frames.
M07UP51A0036I45 ciragaanwa 
LOG (lattice-best-path:main():lattice-best-path.cc:99) For utterance M07UP51A0036I48, best cost 15.3676 + 1563.95 = 1579.32 over 298 frames.
M07UP51A0036I48 mahobaa 
LOG (lattice-best-path:main():lattice-best-path.cc:99) For utterance M07UP51A0038I48, best cost 11.1037 + 1611.6 = 1622.71 over 298 frames.
M07UP51A0038I48 badaayuun 
LOG (lattice-best-path:main():lattice-best-path.cc:99) For utterance M07UP51A0041I300, best cost 18.0125 + 2277.52 = 2295.53 over 498 frames.
M07UP51A0041I300 mahobaa 
LOG (lattice-best-path:main():lattice-best-path.cc:99) For utterance M07UP51A0042I302, best cost 22.4546 + 2418.68 = 2441.14 over 498 frames.
M07UP51A0042I302 badaayuun 
LOG (lattice-best-path:main():lattice-best-path.cc:99) For utterance M07UP51A0043I410, best cost 16.3674 + 1539 = 1555.37 over 298 frames.
M07UP51A0043I410 baruaasumeerapura 
LOG (lattice-best-path:main():lattice-best-path.cc:99) For utterance M07UP51A0043I44, best cost 23.2062 + 1604.9 = 1628.1 over 298 frames.
M07UP51A0043I44 ghiroura 
LOG (lattice-best-path:main():lattice-best-path.cc:99) For utterance M07UP51A0043I45, best cost 20.2083 + 1466.01 = 1486.22 over 298 frames.
M07UP51A0043I45 raatxha 
LOG (lattice-best-path:main():lattice-best-path.cc:99) For utterance M07UP51A0044I303, best cost 36.9458 + 2456.94 = 2493.89 over 498 frames.
M07UP51A0044I303 mahobaa 
LOG (lattice-best-path:main():lattice-best-path.cc:99) For utterance M07UP51A0045I412, best cost 17.5133 + 1615.71 = 1633.22 over 298 frames.
M07UP51A0045I412 badaayuun 
LOG (lattice-best-path:main():lattice-best-path.cc:99) For utterance M07UP51A0046I412, best cost 18.9177 + 1433.41 = 1452.33 over 298 frames.
M07UP51A0046I412 raatxha 
LOG (lattice-best-path:main():lattice-best-path.cc:99) For utterance M07UP51A0046I43, best cost 21.4552 + 1556 = 1577.46 over 298 frames.
M07UP51A0046I43 paliaakala 
LOG (lattice-best-path:main():lattice-best-path.cc:99) For utterance M07UP51A0049I44, best cost 22.0878 + 1649.79 = 1671.87 over 298 frames.
M07UP51A0049I44 baruaasaagara 
LOG (lattice-best-path:main():lattice-best-path.cc:99) For utterance M07UP51A0049I48, best cost 19.9462 + 1666.37 = 1686.32 over 298 frames.
M07UP51A0049I48 mauraniipura 
LOG (lattice-best-path:main():lattice-best-path.cc:99) For utterance M07UP51A0050I300, best cost 27.538 + 2443.26 = 2470.8 over 498 frames.
M07UP51A0050I300 mahobaa 
LOG (lattice-best-path:main():lattice-best-path.cc:99) For utterance M07UP51A0050I42, best cost 21.4935 + 1531.67 = 1553.17 over 298 frames.
M07UP51A0050I42 hamiirapura 
LOG (lattice-best-path:main():lattice-best-path.cc:99) For utterance M07UP51A0050I45, best cost 12.3655 + 1561.11 = 1573.48 over 298 frames.
M07UP51A0050I45 siiraa 
LOG (lattice-best-path:main():lattice-best-path.cc:99) For utterance M07UP51A0052I301, best cost 21.6606 + 2380.35 = 2402.01 over 498 frames.
M07UP51A0052I301 montxha 
LOG (lattice-best-path:main():lattice-best-path.cc:99) For utterance M07UP51A0052I303, best cost 21.6008 + 2285.5 = 2307.1 over 498 frames.
M07UP51A0052I303 mawaanaa 
LOG (lattice-best-path:main():lattice-best-path.cc:99) For utterance M07UP51A0052I412, best cost 16.0131 + 1429.75 = 1445.77 over 298 frames.
M07UP51A0052I412 gondxaa 
LOG (lattice-best-path:main():lattice-best-path.cc:99) For utterance M07UP51A0052I45, best cost 14.8043 + 1499.68 = 1514.48 over 298 frames.
M07UP51A0052I45 ciragaanwa 
LOG (lattice-best-path:main():lattice-best-path.cc:99) For utterance M07UP51A0053I302, best cost 23.8721 + 2443.01 = 2466.88 over 498 frames.
M07UP51A0053I302 raatxha 
LOG (lattice-best-path:main():lattice-best-path.cc:99) For utterance M07UP51A0054I40, best cost 14.4098 + 1680.73 = 1695.14 over 298 frames.
M07UP51A0054I40 beewara 
LOG (lattice-best-path:main():lattice-best-path.cc:99) For utterance M07UP51A0054I47, best cost 19.7442 + 1663.01 = 1682.76 over 298 frames.
M07UP51A0054I47 baaraabankii 
LOG (lattice-best-path:main():lattice-best-path.cc:99) For utterance M07UP51A0094I411, best cost 25.9437 + 1476.97 = 1502.91 over 298 frames.
M07UP51A0094I411 kuraaraa 
LOG (lattice-best-path:main():lattice-best-path.cc:99) For utterance M07UP52A0193I300, best cost 26.8524 + 2520.55 = 2547.4 over 498 frames.
M07UP52A0193I300 meinapurii 
LOG (lattice-best-path:main():lattice-best-path.cc:99) For utterance M07UP52A0193I302, best cost 28.8051 + 2458.05 = 2486.85 over 498 frames.
M07UP52A0193I302 jasawantanagara 
LOG (lattice-best-path:main():lattice-best-path.cc:99) For utterance M07UP52A0193I43, best cost 18.9027 + 1444.78 = 1463.68 over 298 frames.
M07UP52A0193I43 lakhanauu 
LOG (lattice-best-path:main():lattice-best-path.cc:99) For utterance M07UP52A0195I45, best cost 20.7134 + 1650.73 = 1671.44 over 298 frames.
M07UP52A0195I45 deewariyaa 
LOG (lattice-best-path:main():lattice-best-path.cc:99) For utterance M07UP52A0196I300, best cost 24.7982 + 2569.71 = 2594.51 over 498 frames.
M07UP52A0196I300 ameitxhii 
LOG (lattice-best-path:main():lattice-best-path.cc:99) For utterance M07UP52A0196I41, best cost 11.8643 + 1560.39 = 1572.25 over 292 frames.
M07UP52A0196I41 moudahaa 
LOG (lattice-best-path:main():lattice-best-path.cc:99) For utterance M07UP52A0199I41, best cost 18.1956 + 1724.25 = 1742.44 over 298 frames.
M07UP52A0199I41 haatharasa 
LOG (lattice-best-path:main():lattice-best-path.cc:99) For utterance M07UP52A0202I302, best cost 29.0842 + 2795.03 = 2824.12 over 498 frames.
M07UP52A0202I302 meinapurii 
LOG (lattice-best-path:main():lattice-best-path.cc:99) For utterance M07UP52A0202I40, best cost 17.0032 + 1684.27 = 1701.27 over 298 frames.
M07UP52A0202I40 baangaramauu 
LOG (lattice-best-path:main():lattice-best-path.cc:99) For utterance M07UP52A0202I45, best cost 15.0637 + 1715.75 = 1730.81 over 298 frames.
M07UP52A0202I45 phirojaabaada 
LOG (lattice-best-path:main():lattice-best-path.cc:99) For utterance M07UP52A0205I43, best cost 19.5839 + 1577 = 1596.58 over 298 frames.
M07UP52A0205I43 beewara 
LOG (lattice-best-path:main():lattice-best-path.cc:99) For utterance M07UP52A0206I302, best cost 26.5084 + 2538.2 = 2564.7 over 498 frames.
M07UP52A0206I302 mauu 
LOG (lattice-best-path:main():lattice-best-path.cc:99) For utterance M07UP52A0206I40, best cost 14.619 + 1684.43 = 1699.05 over 298 frames.
M07UP52A0206I40 saalon 
LOG (lattice-best-path:main():lattice-best-path.cc:99) For utterance M07UP52A0207I42, best cost 19.2827 + 1649.77 = 1669.05 over 298 frames.
M07UP52A0207I42 awaagadxhqa 
LOG (lattice-best-path:main():lattice-best-path.cc:99) For utterance M07UP52A0210I300, best cost 24.8867 + 2724.03 = 2748.92 over 498 frames.
M07UP52A0210I300 karabii 
LOG (lattice-best-path:main():lattice-best-path.cc:99) For utterance M07UP52A0210I43, best cost 25.0168 + 1635.65 = 1660.67 over 298 frames.
M07UP52A0210I43 sirasaaganja 
LOG (lattice-best-path:main():lattice-best-path.cc:99) For utterance M07UP52A0210I603, best cost 40.8751 + 5523.02 = 5563.9 over 998 frames.
M07UP52A0210I603 tamkuhiirodxqa 
LOG (lattice-best-path:main():lattice-best-path.cc:99) For utterance M07UP52A0211I300, best cost 22.0351 + 2910.62 = 2932.66 over 500 frames.
M07UP52A0211I300 meinapurii 
LOG (lattice-best-path:main():lattice-best-path.cc:99) For utterance M07UP52A0213I45, best cost 14.0896 + 1374.78 = 1388.87 over 298 frames.
M07UP52A0213I45 bahajoii 
LOG (lattice-best-path:main():lattice-best-path.cc:99) For utterance M07UP53A0072I44, best cost 17.3262 + 1628.71 = 1646.04 over 298 frames.
M07UP53A0072I44 ghiroura 
LOG (lattice-best-path:main():lattice-best-path.cc:99) For utterance M07UP53A0076I413, best cost 17.9793 + 1585.12 = 1603.1 over 298 frames.
M07UP53A0076I413 kheiraagadxhqa 
LOG (lattice-best-path:main():lattice-best-path.cc:99) For utterance M07UP53A0079I42, best cost 17.6057 + 1623.21 = 1640.82 over 298 frames.
M07UP53A0079I42 haatharasa 
LOG (lattice-best-path:main():lattice-best-path.cc:99) For utterance M07UP53A0080I41, best cost 16.2144 + 1359.66 = 1375.88 over 298 frames.
M07UP53A0080I41 aliigadxhqa 
LOG (lattice-best-path:main():lattice-best-path.cc:99) For utterance M07UP53A0080I413, best cost 20.4234 + 1498.43 = 1518.85 over 298 frames.
M07UP53A0080I413 kaasaganja 
LOG (lattice-best-path:main():lattice-best-path.cc:99) For utterance M07UP53A0080I42, best cost 15.291 + 1446.07 = 1461.36 over 298 frames.
M07UP53A0080I42 khatoulii 
LOG (lattice-best-path:main():lattice-best-path.cc:99) For utterance M07UP53A0081I424, best cost 11.8142 + 1390.32 = 1402.14 over 298 frames.
M07UP53A0081I424 coubeepura 
LOG (lattice-best-path:main():lattice-best-path.cc:99) For utterance M07UP53A0083I419, best cost 16.6302 + 1563.03 = 1579.66 over 298 frames.
M07UP53A0083I419 phateehapurasiikarii 
LOG (lattice-best-path:main():lattice-best-path.cc:99) For utterance M07UP53A0085I45, best cost 15.6091 + 1675.46 = 1691.07 over 300 frames.
M07UP53A0085I45 aagaraa 
LOG (lattice-best-path:main():lattice-best-path.cc:99) For utterance M07UP53A0088I413, best cost 19.6332 + 1625.75 = 1645.38 over 298 frames.
M07UP53A0088I413 kheiraagadxhqa 
LOG (lattice-best-path:main():lattice-best-path.cc:99) For utterance M07UP53A0090I410, best cost 17.9698 + 1690.07 = 1708.04 over 300 frames.
M07UP53A0090I410 ataroulii 
LOG (lattice-best-path:main():lattice-best-path.cc:99) For utterance M07UP54A1272I428, best cost 11.9637 + 1572.52 = 1584.48 over 298 frames.
M07UP54A1272I428 mauu 
LOG (lattice-best-path:main():lattice-best-path.cc:99) For utterance M07UP54A1280I300, best cost 34.3678 + 2646.98 = 2681.35 over 498 frames.
M07UP54A1280I300 mauraniipura 
LOG (lattice-best-path:main():lattice-best-path.cc:99) For utterance M07UP54A1290I45, best cost 17.1905 + 1622.96 = 1640.15 over 300 frames.
M07UP54A1290I45 gaajiipura 
LOG (lattice-best-path:main():lattice-best-path.cc:99) For utterance M07UP55A0462I422, best cost 13.7082 + 1484.09 = 1497.8 over 298 frames.
M07UP55A0462I422 jaganeira 
LOG (lattice-best-path:main():lattice-best-path.cc:99) For utterance M07UP55A0464I303, best cost 20.4699 + 2439.72 = 2460.19 over 498 frames.
M07UP55A0464I303 haapudxqa 
LOG (lattice-best-path:main():lattice-best-path.cc:99) For utterance M07UP55A0464I42, best cost 17.3574 + 1581.21 = 1598.57 over 298 frames.
M07UP55A0464I42 meeratxha 
LOG (lattice-best-path:main():lattice-best-path.cc:99) For utterance M07UP55A0469I300, best cost 31.9294 + 2587.35 = 2619.28 over 498 frames.
M07UP55A0469I300 jaganeira 
LOG (lattice-best-path:main():lattice-best-path.cc:99) For utterance M07UP55A0469I40, best cost 22.3274 + 1489.14 = 1511.46 over 298 frames.
M07UP55A0469I40 kheiraagadxhqa 
LOG (lattice-best-path:main():lattice-best-path.cc:99) For utterance M07UP55A0470I301, best cost 24.8016 + 2516.01 = 2540.81 over 498 frames.
M07UP55A0470I301 haapudxqa 
LOG (lattice-best-path:main():lattice-best-path.cc:99) For utterance M07UP55A0474I40, best cost 20.3513 + 1687.48 = 1707.83 over 298 frames.
M07UP55A0474I40 montxha 
LOG (lattice-best-path:main():lattice-best-path.cc:99) For utterance M07UP55A0476I42, best cost 23.7264 + 1668.39 = 1692.12 over 298 frames.
M07UP55A0476I42 beewara 
LOG (lattice-best-path:main():lattice-best-path.cc:99) For utterance M07UP55A0477I301, best cost 23.2858 + 2499.93 = 2523.21 over 498 frames.
M07UP55A0477I301 chutxamalpura 
LOG (lattice-best-path:main():lattice-best-path.cc:99) For utterance M07UP55A0480I300, best cost 19.7259 + 2644.16 = 2663.88 over 498 frames.
M07UP55A0480I300 meeratxha 
LOG (lattice-best-path:main():lattice-best-path.cc:99) For utterance M07UP56A0695I300, best cost 19.8786 + 2797.88 = 2817.76 over 498 frames.
M07UP56A0695I300 mirjaapura 
LOG (lattice-best-path:main():lattice-best-path.cc:99) For utterance M07UP56A0699I301, best cost 28.5244 + 2538.81 = 2567.34 over 498 frames.
M07UP56A0699I301 sonbhadra 
LOG (lattice-best-path:main():lattice-best-path.cc:99) For utterance M07UP56A0706I43, best cost 14.9025 + 1663.43 = 1678.33 over 298 frames.
M07UP56A0706I43 waaraanxasxii 
LOG (lattice-best-path:main():lattice-best-path.cc:99) For utterance M07UP56A0707I45, best cost 14.7931 + 1399.81 = 1414.6 over 298 frames.
M07UP56A0707I45 candoulii 
LOG (lattice-best-path:main():lattice-best-path.cc:99) For utterance M07UP56A0708I47, best cost 25.8554 + 1581.24 = 1607.1 over 298 frames.
M07UP56A0708I47 sonbhadra 
LOG (lattice-best-path:main():lattice-best-path.cc:99) For utterance M07UP56A0710I421, best cost 22.9635 + 1560.79 = 1583.75 over 298 frames.
M07UP56A0710I421 candoulii 
LOG (lattice-best-path:main():lattice-best-path.cc:99) For utterance M07UP57A0404I43, best cost 16.6869 + 1515.11 = 1531.79 over 298 frames.
M07UP57A0404I43 badaayuun 
LOG (lattice-best-path:main():lattice-best-path.cc:99) For utterance M07UP57A0406I300, best cost 21.4739 + 2510.21 = 2531.68 over 498 frames.
M07UP57A0406I300 maadhougadxhqa 
LOG (lattice-best-path:main():lattice-best-path.cc:99) For utterance M07UP57A0409I42, best cost 15.2649 + 1433.31 = 1448.57 over 298 frames.
M07UP57A0409I42 bulandashahara 
LOG (lattice-best-path:main():lattice-best-path.cc:99) For utterance M07UP57A0411I301, best cost 20.9672 + 2586.44 = 2607.41 over 498 frames.
M07UP57A0411I301 badaayuun 
LOG (lattice-best-path:main():lattice-best-path.cc:99) For utterance M07UP57A0413I301, best cost 20.3748 + 2390.57 = 2410.94 over 498 frames.
M07UP57A0413I301 candousii 
LOG (lattice-best-path:main():lattice-best-path.cc:99) For utterance M07UP57A0413I41, best cost 12.8469 + 1669.68 = 1682.53 over 298 frames.
M07UP57A0413I41 badaayuun 
LOG (lattice-best-path:main():lattice-best-path.cc:99) For utterance M07UP57A0413I507, best cost 12.112 + 1674.4 = 1686.51 over 298 frames.
M07UP57A0413I507 kheira 
LOG (lattice-best-path:main():lattice-best-path.cc:99) For utterance M07UP57A0416I301, best cost 25.9685 + 2754.81 = 2780.78 over 498 frames.
M07UP57A0416I301 puuranpura 
LOG (lattice-best-path:main():lattice-best-path.cc:99) For utterance M07UP57A0417I301, best cost 27.7277 + 2613.2 = 2640.92 over 498 frames.
M07UP57A0417I301 kaanapura 
LOG (lattice-best-path:main():lattice-best-path.cc:99) For utterance M07UP57A0417I42, best cost 13.7355 + 1672.86 = 1686.59 over 298 frames.
M07UP57A0417I42 maholii 
LOG (lattice-best-path:main():lattice-best-path.cc:99) For utterance M07UP57A0418I303, best cost 18.6676 + 2684.07 = 2702.74 over 498 frames.
M07UP57A0418I303 candousii 
LOG (lattice-best-path:main():lattice-best-path.cc:99) For utterance M07UP60A0942I416, best cost 13.0228 + 1388.34 = 1401.36 over 298 frames.
M07UP60A0942I416 baaraabankii 
LOG (lattice-best-path:main():lattice-best-path.cc:99) For utterance M07UP60A0942I418, best cost 15.7365 + 1511.34 = 1527.07 over 298 frames.
M07UP60A0942I418 tulsiipura 
LOG (lattice-best-path:main():lattice-best-path.cc:99) For utterance M07UP60A0944I42, best cost 17.4251 + 1585.27 = 1602.7 over 298 frames.
M07UP60A0944I42 phateehapura 
LOG (lattice-best-path:main():lattice-best-path.cc:99) For utterance M07UP60A0946I303, best cost 36.7254 + 2593.43 = 2630.16 over 498 frames.
M07UP60A0946I303 yusuphapura 
LOG (lattice-best-path:main():lattice-best-path.cc:99) For utterance M07UP60A0954I303, best cost 13.5228 + 2234.39 = 2247.91 over 498 frames.
M07UP60A0954I303 sultaanapura 
LOG (lattice-best-path:main():lattice-best-path.cc:99) For utterance M07UP60A0955I301, best cost 25.6873 + 2326.26 = 2351.94 over 498 frames.
M07UP60A0955I301 sultaanapura 
LOG (lattice-best-path:main():lattice-best-path.cc:99) For utterance M07UP60A0955I302, best cost 15.3497 + 2262.73 = 2278.08 over 498 frames.
M07UP60A0955I302 sandxii 
LOG (lattice-best-path:main():lattice-best-path.cc:99) For utterance M07UP60A0956I414, best cost 20.1701 + 1587.86 = 1608.03 over 298 frames.
M07UP60A0956I414 prataapagadxhqa 
LOG (lattice-best-path:main():lattice-best-path.cc:99) For utterance M07UP60A0957I412, best cost 17.6967 + 1499.18 = 1516.87 over 298 frames.
M07UP60A0957I412 baaraabankii 
LOG (lattice-best-path:main():lattice-best-path.cc:99) For utterance M07UP60A0957I413, best cost 17.852 + 1475.17 = 1493.02 over 298 frames.
M07UP60A0957I413 akbarapura 
LOG (lattice-best-path:main():lattice-best-path.cc:99) For utterance M07UP61A0966I300, best cost 18.4208 + 2355.09 = 2373.51 over 498 frames.
M07UP61A0966I300 daadarii 
LOG (lattice-best-path:main():lattice-best-path.cc:99) For utterance M07UP61A0968I301, best cost 17.5282 + 2334.68 = 2352.21 over 498 frames.
M07UP61A0968I301 baaraabankii 
LOG (lattice-best-path:main():lattice-best-path.cc:99) For utterance M07UP61A0971I302, best cost 22.9784 + 2444.69 = 2467.67 over 498 frames.
M07UP61A0971I302 bareelii 
LOG (lattice-best-path:main():lattice-best-path.cc:99) For utterance M07UP61A0972I44, best cost 24.3782 + 1608.47 = 1632.84 over 298 frames.
M07UP61A0972I44 phateehapura 
LOG (lattice-best-path:main():lattice-best-path.cc:99) For utterance M07UP61A0980I301, best cost 31.8454 + 2723.86 = 2755.71 over 498 frames.
M07UP61A0980I301 kiiratapura 
LOG (lattice-best-path:main():lattice-best-path.cc:99) For utterance M07UP64A0382I300, best cost 30.1966 + 2681.68 = 2711.88 over 498 frames.
M07UP64A0382I300 sambhala 
LOG (lattice-best-path:main():lattice-best-path.cc:99) For utterance M07UP64A0382I301, best cost 20.7471 + 2719.36 = 2740.1 over 498 frames.
M07UP64A0382I301 baaraabankii 
LOG (lattice-best-path:main():lattice-best-path.cc:99) For utterance M07UP64A0386I42, best cost 14.1075 + 1592.58 = 1606.69 over 298 frames.
M07UP64A0386I42 amarohaa 
LOG (lattice-best-path:main():lattice-best-path.cc:99) For utterance M07UP64A0389I42, best cost 19.6843 + 1416.74 = 1436.43 over 298 frames.
M07UP64A0389I42 amarohaa 
LOG (lattice-best-path:main():lattice-best-path.cc:99) For utterance M07UP64A0390I300, best cost 25.6314 + 2482.49 = 2508.12 over 498 frames.
M07UP64A0390I300 amarohaa 
LOG (lattice-best-path:main():lattice-best-path.cc:99) For utterance M07UP64A0391I302, best cost 34.9788 + 2496.99 = 2531.97 over 498 frames.
M07UP64A0391I302 candousii 
LOG (lattice-best-path:main():lattice-best-path.cc:99) For utterance M07UP64A0391I303, best cost 28.4262 + 2528.41 = 2556.84 over 498 frames.
M07UP64A0391I303 bahajoii 
LOG (lattice-best-path:main():lattice-best-path.cc:99) For utterance M07UP64A0392I301, best cost 13.8296 + 2201.72 = 2215.55 over 498 frames.
M07UP64A0392I301 balaraamapura 
LOG (lattice-best-path:main():lattice-best-path.cc:99) For utterance M07UP64A0393I41, best cost 17.5078 + 1647.9 = 1665.41 over 298 frames.
M07UP64A0393I41 raampuramaniiharana 
LOG (lattice-best-path:main():lattice-best-path.cc:99) For utterance M07UP64A0396I43, best cost 13.1049 + 1701.93 = 1715.03 over 300 frames.
M07UP64A0396I43 jasraa 
LOG (lattice-best-path:main():lattice-best-path.cc:99) For utterance M07UP64A0399I302, best cost 20.8291 + 2617.69 = 2638.52 over 498 frames.
M07UP64A0399I302 eitxa 
LOG (lattice-best-path:main():lattice-best-path.cc:99) For utterance M07UP64A0400I300, best cost 24.8815 + 2732.28 = 2757.17 over 498 frames.
M07UP64A0400I300 aliigadxhqa 
LOG (lattice-best-path:main():lattice-best-path.cc:99) For utterance M07UP64A0400I426, best cost 17.8713 + 1550.21 = 1568.09 over 298 frames.
M07UP64A0400I426 khurajaa 
LOG (lattice-best-path:main():lattice-best-path.cc:99) For utterance M07UP64A0401I43, best cost 9.24476 + 1618.37 = 1627.62 over 300 frames.
M07UP64A0401I43 bilsii 
LOG (lattice-best-path:main():lattice-best-path.cc:99) For utterance M07UP66A0674I303, best cost 19.6524 + 2679.54 = 2699.19 over 498 frames.
M07UP66A0674I303 mirjaapura 
LOG (lattice-best-path:main():lattice-best-path.cc:99) For utterance M07UP66A0676I303, best cost 17.3506 + 2747.02 = 2764.37 over 498 frames.
M07UP66A0676I303 koushaamabii 
LOG (lattice-best-path:main():lattice-best-path.cc:99) For utterance M07UP66A0684I43, best cost 19.8351 + 1535.49 = 1555.33 over 298 frames.
M07UP66A0684I43 ilaahaabaada 
LOG (lattice-best-path:main():lattice-best-path.cc:99) For utterance M07UP66A0685I42, best cost 23.2914 + 1567.65 = 1590.95 over 298 frames.
M07UP66A0685I42 gopiiganja 
LOG (lattice-best-path:main():lattice-best-path.cc:99) For utterance M07UP66A0687I301, best cost 17.1015 + 2278.04 = 2295.14 over 498 frames.
M07UP66A0687I301 ilaahaabaada 
LOG (lattice-best-path:main():lattice-best-path.cc:99) For utterance M07UP66A0688I410, best cost 18.3107 + 1393.02 = 1411.33 over 298 frames.
M07UP66A0688I410 gopiiganja 
LOG (lattice-best-path:main():lattice-best-path.cc:99) For utterance M07UP66A0692I301, best cost 35.0437 + 2569.72 = 2604.76 over 498 frames.
M07UP66A0692I301 jangiipura 
LOG (lattice-best-path:main():lattice-best-path.cc:99) For utterance M07UP72A0730I42, best cost 15.0118 + 1604.63 = 1619.64 over 298 frames.
M07UP72A0730I42 kaasaganja 
LOG (lattice-best-path:main():lattice-best-path.cc:99) For utterance M07UP72A0730I46, best cost 24.0899 + 1545.81 = 1569.9 over 298 frames.
M07UP72A0730I46 candoulii 
LOG (lattice-best-path:main():lattice-best-path.cc:99) For utterance M07UP72A0731I42, best cost 20.4594 + 1703.72 = 1724.17 over 298 frames.
M07UP72A0731I42 caandapura 
LOG (lattice-best-path:main():lattice-best-path.cc:99) For utterance M07UP73A0922I300, best cost 22.6959 + 2762.72 = 2785.42 over 498 frames.
M07UP73A0922I300 prataapagadxhqa 
LOG (lattice-best-path:main():lattice-best-path.cc:99) For utterance M07UP73A0923I41, best cost 17.1882 + 1615.2 = 1632.38 over 298 frames.
M07UP73A0923I41 puuranpura 
LOG (lattice-best-path:main():lattice-best-path.cc:99) For utterance M07UP73A0924I41, best cost 15.767 + 1534.76 = 1550.52 over 298 frames.
M07UP73A0924I41 ambeedxakaranagara 
LOG (lattice-best-path:main():lattice-best-path.cc:99) For utterance M07UP73A0925I42, best cost 14.2444 + 1403.11 = 1417.35 over 298 frames.
M07UP73A0925I42 sahaaranapura 
LOG (lattice-best-path:main():lattice-best-path.cc:99) For utterance M07UP73A0927I43, best cost 22.3181 + 1482.88 = 1505.2 over 298 frames.
M07UP73A0927I43 baaraabankii 
LOG (lattice-best-path:main():lattice-best-path.cc:99) For utterance M07UP73A0929I42, best cost 27.3388 + 1612.44 = 1639.78 over 298 frames.
M07UP73A0929I42 aajamagadxhqa 
LOG (lattice-best-path:main():lattice-best-path.cc:99) For utterance M07UP73A0930I43, best cost 25.9484 + 1502.86 = 1528.81 over 298 frames.
M07UP73A0930I43 siitaapura 
LOG (lattice-best-path:main():lattice-best-path.cc:99) For utterance M07UP73A0931I49, best cost 19.1879 + 1596.29 = 1615.48 over 298 frames.
M07UP73A0931I49 ameitxhii 
LOG (lattice-best-path:main():lattice-best-path.cc:99) For utterance M07UP73A0937I42, best cost 14.1676 + 1511.78 = 1525.95 over 298 frames.
M07UP73A0937I42 lakhanauu 
LOG (lattice-best-path:main():lattice-best-path.cc:99) For utterance M07UP73A0938I42, best cost 18.1355 + 1481.32 = 1499.46 over 298 frames.
M07UP73A0938I42 ataroulii 
LOG (lattice-best-path:main():lattice-best-path.cc:99) For utterance M07UP74A0802I303, best cost 29.5236 + 2463.71 = 2493.24 over 498 frames.
M07UP74A0802I303 caandapura 
LOG (lattice-best-path:main():lattice-best-path.cc:99) For utterance M07UP74A0813I300, best cost 21.3105 + 2427.12 = 2448.43 over 498 frames.
M07UP74A0813I300 gondxaa 
LOG (lattice-best-path:main():lattice-best-path.cc:99) For utterance M07UP74A0814I301, best cost 20.4671 + 2390.04 = 2410.51 over 504 frames.
M07UP74A0814I301 kaanapura 
LOG (lattice-best-path:main():lattice-best-path.cc:99) For utterance M07UP74A0817I42, best cost 20.7609 + 1481.29 = 1502.05 over 300 frames.
M07UP74A0817I42 bareelii 
LOG (lattice-best-path:main():lattice-best-path.cc:99) For utterance M07UP75A0755I303, best cost 31.6709 + 2579.32 = 2610.99 over 498 frames.
M07UP75A0755I303 siiraa 
LOG (lattice-best-path:main():lattice-best-path.cc:99) For utterance M07UP75A0758I300, best cost 20.1949 + 2546.83 = 2567.03 over 498 frames.
M07UP75A0758I300 wansii 
LOG (lattice-best-path:main():lattice-best-path.cc:99) For utterance M07UP75A0764I302, best cost 24.9229 + 2679.34 = 2704.26 over 498 frames.
M07UP75A0764I302 gondxaa 
LOG (lattice-scale:main():lattice-scale.cc:90) Done 554 lattices.
LOG (lattice-best-path:main():lattice-best-path.cc:99) For utterance M07UP75A0764I42, best cost 18.2887 + 1640.54 = 1658.83 over 298 frames.
M07UP75A0764I42 moudahaa 
LOG (lattice-best-path:main():lattice-best-path.cc:99) For utterance M07UP75A0768I40, best cost 17.3181 + 1538.11 = 1555.43 over 298 frames.
M07UP75A0768I40 waaraanxasxii 
LOG (lattice-best-path:main():lattice-best-path.cc:99) For utterance M07UP75A0769I301, best cost 24.049 + 2434.91 = 2458.96 over 498 frames.
M07UP75A0769I301 jounapura 
LOG (lattice-add-penalty:main():lattice-add-penalty.cc:62) Done adding word insertion penalty to 554 lattices.
LOG (lattice-best-path:main():lattice-best-path.cc:99) For utterance M07UP75A0770I303, best cost 29.1909 + 2519.49 = 2548.68 over 498 frames.
M07UP75A0770I303 siitaapura 
LOG (lattice-best-path:main():lattice-best-path.cc:99) For utterance M07UP75A0771I42, best cost 15.8544 + 1508.23 = 1524.09 over 298 frames.
M07UP75A0771I42 candoulii 
LOG (lattice-best-path:main():lattice-best-path.cc:99) For utterance M07UP75A0771I43, best cost 16.6009 + 1543 = 1559.6 over 298 frames.
M07UP75A0771I43 gaajiipura 
LOG (lattice-best-path:main():lattice-best-path.cc:99) For utterance M07UP75A0772I300, best cost 21.0204 + 2403.76 = 2424.78 over 498 frames.
M07UP75A0772I300 phateehapurasiikarii 
LOG (lattice-best-path:main():lattice-best-path.cc:99) For utterance M07UP75A0773I41, best cost 17.022 + 1465.88 = 1482.91 over 298 frames.
M07UP75A0773I41 mirjaapura 
LOG (lattice-best-path:main():lattice-best-path.cc:124) Overall cost per frame is 5.22615 = 0.0523389 [graph] + 5.17381 [acoustic] over 207862 frames.
LOG (lattice-best-path:main():lattice-best-path.cc:128) Done 554 lattices, failed for 0
# Accounting: time=2 threads=1
# Ended (code 0) at Thu Jul 21 14:19:56 IST 2016, elapsed time 2 seconds
