# lattice-scale --inv-acoustic-scale=16 "ark:gunzip -c exp/tri1_1600_25600/decode/lat.*.gz|" ark:- | lattice-add-penalty --word-ins-penalty=1.0 ark:- ark:- | lattice-best-path --word-symbol-table=exp/tri1_1600_25600/graph/words.txt ark:- ark,t:- | utils/int2sym.pl -f 2- exp/tri1_1600_25600/graph/words.txt | cat > exp/tri1_1600_25600/decode/scoring_kaldi/penalty_1.0/16.txt 
# Started at Mon Jul 25 02:12:11 IST 2016
#
lattice-scale --inv-acoustic-scale=16 'ark:gunzip -c exp/tri1_1600_25600/decode/lat.*.gz|' ark:- 
lattice-add-penalty --word-ins-penalty=1.0 ark:- ark:- 
lattice-best-path --word-symbol-table=exp/tri1_1600_25600/graph/words.txt ark:- ark,t:- 
LOG (lattice-best-path:main():lattice-best-path.cc:99) For utterance F07UP02A0332I42, best cost 20.6643 + 1897.39 = 1918.06 over 300 frames.
F07UP02A0332I42 chatarapura 
LOG (lattice-best-path:main():lattice-best-path.cc:99) For utterance F07UP02A0332I43, best cost 16.6415 + 1794.89 = 1811.53 over 298 frames.
F07UP02A0332I43 bhopaala 
LOG (lattice-best-path:main():lattice-best-path.cc:99) For utterance F07UP06A0432I42, best cost 24.526 + 1661.44 = 1685.97 over 300 frames.
F07UP06A0432I42 dhaara 
LOG (lattice-best-path:main():lattice-best-path.cc:99) For utterance F07UP07A0094I427, best cost 13.8068 + 1725.08 = 1738.89 over 298 frames.
F07UP07A0094I427 umariyaa 
LOG (lattice-best-path:main():lattice-best-path.cc:99) For utterance F07UP07A0096I44, best cost 14.4056 + 1890.36 = 1904.77 over 298 frames.
F07UP07A0096I44 dhaara 
LOG (lattice-best-path:main():lattice-best-path.cc:99) For utterance F07UP09A0491I46, best cost 12.3927 + 1948.91 = 1961.3 over 298 frames.
F07UP09A0491I46 shahadxola 
LOG (lattice-best-path:main():lattice-best-path.cc:99) For utterance F07UP11A1331I301, best cost 16.1555 + 2786.87 = 2803.02 over 498 frames.
F07UP11A1331I301 shaajaapura 
LOG (lattice-best-path:main():lattice-best-path.cc:99) For utterance F07UP19A0344I46, best cost 18.5219 + 1708.58 = 1727.1 over 298 frames.
F07UP19A0344I46 siwanii 
LOG (lattice-best-path:main():lattice-best-path.cc:99) For utterance F07UP21A0612I41, best cost 20.7604 + 1756.17 = 1776.93 over 298 frames.
F07UP21A0612I41 burahaanapura 
LOG (lattice-best-path:main():lattice-best-path.cc:99) For utterance F07UP22A1336I429, best cost 16.9629 + 1806.62 = 1823.58 over 298 frames.
F07UP22A1336I429 datiyaa 
LOG (lattice-best-path:main():lattice-best-path.cc:99) For utterance F07UP22A1336I501, best cost 18.1964 + 2325.52 = 2343.72 over 398 frames.
F07UP22A1336I501 umariyaa 
LOG (lattice-best-path:main():lattice-best-path.cc:99) For utterance F07UP22A1343I301, best cost 15.3964 + 2791.1 = 2806.5 over 498 frames.
F07UP22A1343I301 burahaanapura 
LOG (lattice-best-path:main():lattice-best-path.cc:99) For utterance F07UP22A1343I47, best cost 18.1902 + 1941.66 = 1959.85 over 298 frames.
F07UP22A1343I47 jhaabuaa 
LOG (lattice-best-path:main():lattice-best-path.cc:99) For utterance F07UP22A1345I47, best cost 15.289 + 1704.83 = 1720.12 over 298 frames.
F07UP22A1345I47 siihoura 
LOG (lattice-best-path:main():lattice-best-path.cc:99) For utterance F07UP22A1346I435, best cost 21.2212 + 1894.89 = 1916.11 over 300 frames.
F07UP22A1346I435 jabalapura 
LOG (lattice-best-path:main():lattice-best-path.cc:99) For utterance F07UP23A0248I41, best cost 17.1723 + 2005.83 = 2023 over 298 frames.
F07UP23A0248I41 chatarapura 
LOG (lattice-best-path:main():lattice-best-path.cc:99) For utterance F07UP24A0182I302, best cost 20.1029 + 3166.08 = 3186.18 over 498 frames.
F07UP24A0182I302 chindawaadxqaa 
LOG (lattice-best-path:main():lattice-best-path.cc:99) For utterance F07UP24A0182I41, best cost 18.244 + 1945.32 = 1963.56 over 298 frames.
F07UP24A0182I41 chatarapura 
LOG (lattice-best-path:main():lattice-best-path.cc:99) For utterance F07UP24A0183I302, best cost 15.0949 + 3342.71 = 3357.8 over 498 frames.
F07UP24A0183I302 dhaara 
LOG (lattice-best-path:main():lattice-best-path.cc:99) For utterance F07UP24A0183I47, best cost 17.0724 + 1900.35 = 1917.42 over 298 frames.
F07UP24A0183I47 raajagadxhqa 
LOG (lattice-best-path:main():lattice-best-path.cc:99) For utterance F07UP25A1212I41, best cost 12.5539 + 1996.61 = 2009.16 over 298 frames.
F07UP25A1212I41 haradaa 
LOG (lattice-best-path:main():lattice-best-path.cc:99) For utterance F07UP25A1215I42, best cost 16.6069 + 1939.25 = 1955.86 over 298 frames.
F07UP25A1215I42 raajagadxhqa 
LOG (lattice-best-path:main():lattice-best-path.cc:99) For utterance F07UP26A0256I43, best cost 14.1035 + 1936.77 = 1950.87 over 298 frames.
F07UP26A0256I43 mureinaa 
LOG (lattice-best-path:main():lattice-best-path.cc:99) For utterance F07UP28A0226I300, best cost 17.8525 + 3336.23 = 3354.08 over 498 frames.
F07UP28A0226I300 shaajaapura 
LOG (lattice-best-path:main():lattice-best-path.cc:99) For utterance F07UP28A0226I45, best cost 13.2742 + 1978.58 = 1991.85 over 298 frames.
F07UP28A0226I45 datiyaa 
LOG (lattice-best-path:main():lattice-best-path.cc:99) For utterance F07UP28A0227I301, best cost 28.0702 + 3296.86 = 3324.93 over 498 frames.
F07UP28A0227I301 shiwapurii 
LOG (lattice-best-path:main():lattice-best-path.cc:99) For utterance F07UP28A0228I303, best cost 17.1443 + 3427.04 = 3444.18 over 498 frames.
F07UP28A0228I303 hoshangaabaada 
LOG (lattice-best-path:main():lattice-best-path.cc:99) For utterance F07UP29A0523I41, best cost 19.5708 + 1758.25 = 1777.82 over 298 frames.
F07UP29A0523I41 saagara 
LOG (lattice-best-path:main():lattice-best-path.cc:99) For utterance F07UP29A0523I44, best cost 20.7934 + 1694.98 = 1715.77 over 298 frames.
F07UP29A0523I44 anuupapura 
LOG (lattice-best-path:main():lattice-best-path.cc:99) For utterance F07UP31A1293I42, best cost 15.4809 + 1992.94 = 2008.42 over 298 frames.
F07UP31A1293I42 umariyaa 
LOG (lattice-best-path:main():lattice-best-path.cc:99) For utterance F07UP34A0567I44, best cost 18.8173 + 1840.09 = 1858.9 over 300 frames.
F07UP34A0567I44 chatarapura 
LOG (lattice-best-path:main():lattice-best-path.cc:99) For utterance F07UP35A0453I300, best cost 30.2481 + 2848.26 = 2878.51 over 498 frames.
F07UP35A0453I300 shaajaapura 
LOG (lattice-best-path:main():lattice-best-path.cc:99) For utterance F07UP37A0304I300, best cost 19.0128 + 2863.63 = 2882.64 over 498 frames.
F07UP37A0304I300 haradaa 
LOG (lattice-best-path:main():lattice-best-path.cc:99) For utterance F07UP38A0101I41, best cost 22.0266 + 1881.16 = 1903.19 over 298 frames.
F07UP38A0101I41 jabalapura 
LOG (lattice-best-path:main():lattice-best-path.cc:99) For utterance F07UP41A0286I40, best cost 13.2939 + 1643.65 = 1656.94 over 298 frames.
F07UP41A0286I40 damoha 
LOG (lattice-best-path:main():lattice-best-path.cc:99) For utterance F07UP41A0286I42, best cost 11.6756 + 1545.98 = 1557.66 over 298 frames.
F07UP41A0286I42 siwanii 
LOG (lattice-best-path:main():lattice-best-path.cc:99) For utterance F07UP52A0208I44, best cost 12.9463 + 1960.29 = 1973.24 over 298 frames.
F07UP52A0208I44 dhaara 
LOG (lattice-best-path:main():lattice-best-path.cc:99) For utterance F07UP54A1284I430, best cost 15.792 + 1767.47 = 1783.26 over 298 frames.
F07UP54A1284I430 aliraajapura 
LOG (lattice-best-path:main():lattice-best-path.cc:99) For utterance F07UP57A0408I41, best cost 19.1662 + 1935.51 = 1954.68 over 298 frames.
F07UP57A0408I41 siidhii 
LOG (lattice-best-path:main():lattice-best-path.cc:99) For utterance F07UP60A0943I300, best cost 23.4394 + 3373.65 = 3397.09 over 498 frames.
F07UP60A0943I300 saagara 
LOG (lattice-best-path:main():lattice-best-path.cc:99) For utterance F07UP60A0944I303, best cost 20.2008 + 2772.26 = 2792.46 over 498 frames.
F07UP60A0944I303 anuupapura 
LOG (lattice-best-path:main():lattice-best-path.cc:99) For utterance F07UP60A0949I300, best cost 27.2462 + 2987.66 = 3014.9 over 498 frames.
F07UP60A0949I300 shiwapurii 
LOG (lattice-best-path:main():lattice-best-path.cc:99) For utterance F07UP60A0949I302, best cost 25.6615 + 2801.44 = 2827.11 over 498 frames.
F07UP60A0949I302 singaroulii 
LOG (lattice-best-path:main():lattice-best-path.cc:99) For utterance F07UP60A0949I303, best cost 25.8943 + 2808 = 2833.9 over 498 frames.
F07UP60A0949I303 badxqawaanii 
LOG (lattice-best-path:main():lattice-best-path.cc:99) For utterance F07UP60A0953I41, best cost 18.8266 + 1726.3 = 1745.12 over 298 frames.
F07UP60A0953I41 gwaaliyara 
LOG (lattice-best-path:main():lattice-best-path.cc:99) For utterance F07UP60A0962I427, best cost 15.4115 + 1865.22 = 1880.63 over 298 frames.
F07UP60A0962I427 chatarapura 
LOG (lattice-best-path:main():lattice-best-path.cc:99) For utterance F07UP60A0963I46, best cost 24.8846 + 1938.13 = 1963.01 over 298 frames.
F07UP60A0963I46 chatarapura 
LOG (lattice-best-path:main():lattice-best-path.cc:99) For utterance F07UP64A0395I300, best cost 19.7861 + 2957.27 = 2977.06 over 498 frames.
F07UP64A0395I300 dhaara 
LOG (lattice-best-path:main():lattice-best-path.cc:99) For utterance F07UP64A0397I301, best cost 15.7262 + 3233.19 = 3248.91 over 498 frames.
F07UP64A0397I301 datiyaa 
LOG (lattice-best-path:main():lattice-best-path.cc:99) For utterance F07UP64A0402I41, best cost 17.441 + 1768.29 = 1785.73 over 298 frames.
F07UP64A0402I41 khandxawaa 
LOG (lattice-best-path:main():lattice-best-path.cc:99) For utterance F07UP72A0728I300, best cost 21.3884 + 3172.71 = 3194.1 over 498 frames.
F07UP72A0728I300 saagara 
LOG (lattice-best-path:main():lattice-best-path.cc:99) For utterance F07UP75A0756I300, best cost 27.8788 + 2949.65 = 2977.53 over 498 frames.
F07UP75A0756I300 kharagona 
LOG (lattice-best-path:main():lattice-best-path.cc:99) For utterance F07UP75A0763I435, best cost 12.5543 + 1697.36 = 1709.91 over 300 frames.
F07UP75A0763I435 anuupapura 
LOG (lattice-best-path:main():lattice-best-path.cc:99) For utterance M07UP01A0057I427, best cost 14.5397 + 1997.34 = 2011.88 over 298 frames.
M07UP01A0057I427 saagara 
LOG (lattice-best-path:main():lattice-best-path.cc:99) For utterance M07UP01A0062I412, best cost 18.9312 + 1890.38 = 1909.31 over 298 frames.
M07UP01A0062I412 saagara 
LOG (lattice-best-path:main():lattice-best-path.cc:99) For utterance M07UP01A0062I45, best cost 18.7725 + 1789 = 1807.77 over 300 frames.
M07UP01A0062I45 datiyaa 
LOG (lattice-best-path:main():lattice-best-path.cc:99) For utterance M07UP01A0063I43, best cost 17.6415 + 1900.8 = 1918.44 over 298 frames.
M07UP01A0063I43 saagara 
LOG (lattice-best-path:main():lattice-best-path.cc:99) For utterance M07UP01A0069I413, best cost 19.5445 + 1832.55 = 1852.1 over 298 frames.
M07UP01A0069I413 ratalaama 
LOG (lattice-best-path:main():lattice-best-path.cc:99) For utterance M07UP01A0160I420, best cost 17.0035 + 1798.2 = 1815.2 over 298 frames.
M07UP01A0160I420 jabalapura 
LOG (lattice-best-path:main():lattice-best-path.cc:99) For utterance M07UP01A0160I430, best cost 16.4337 + 1868.41 = 1884.84 over 298 frames.
M07UP01A0160I430 umariyaa 
LOG (lattice-best-path:main():lattice-best-path.cc:99) For utterance M07UP01A0160I47, best cost 13.4066 + 1903.57 = 1916.98 over 298 frames.
M07UP01A0160I47 satanaa 
LOG (lattice-best-path:main():lattice-best-path.cc:99) For utterance M07UP02A0321I47, best cost 17.9651 + 1776.33 = 1794.29 over 300 frames.
M07UP02A0321I47 singaroulii 
LOG (lattice-best-path:main():lattice-best-path.cc:99) For utterance M07UP02A0323I300, best cost 11.6114 + 2901.95 = 2913.56 over 498 frames.
M07UP02A0323I300 riiwaa 
LOG (lattice-best-path:main():lattice-best-path.cc:99) For utterance M07UP02A0325I43, best cost 14.4864 + 1940.04 = 1954.52 over 298 frames.
M07UP02A0325I43 dhaara 
LOG (lattice-best-path:main():lattice-best-path.cc:99) For utterance M07UP02A0329I43, best cost 19.3974 + 1701.19 = 1720.58 over 298 frames.
M07UP02A0329I43 chatarapura 
LOG (lattice-best-path:main():lattice-best-path.cc:99) For utterance M07UP02A0330I303, best cost 17.5704 + 2612.52 = 2630.09 over 498 frames.
M07UP02A0330I303 siihoura 
LOG (lattice-best-path:main():lattice-best-path.cc:99) For utterance M07UP02A0333I45, best cost 21.5172 + 1807.29 = 1828.81 over 298 frames.
M07UP02A0333I45 satanaa 
LOG (lattice-best-path:main():lattice-best-path.cc:99) For utterance M07UP02A0335I301, best cost 16.3213 + 3151.33 = 3167.66 over 498 frames.
M07UP02A0335I301 dhaara 
LOG (lattice-best-path:main():lattice-best-path.cc:99) For utterance M07UP02A0336I44, best cost 16.9865 + 1785.35 = 1802.34 over 290 frames.
M07UP02A0336I44 raajagadxhqa 
LOG (lattice-best-path:main():lattice-best-path.cc:99) For utterance M07UP02A0337I41, best cost 19.6882 + 1971.5 = 1991.18 over 298 frames.
M07UP02A0337I41 bhindxa 
LOG (lattice-best-path:main():lattice-best-path.cc:99) For utterance M07UP02A0337I44, best cost 14.6218 + 1705.06 = 1719.68 over 298 frames.
M07UP02A0337I44 satanaa 
LOG (lattice-best-path:main():lattice-best-path.cc:99) For utterance M07UP04A1227I45, best cost 16.4791 + 1896.95 = 1913.43 over 298 frames.
M07UP04A1227I45 datiyaa 
LOG (lattice-best-path:main():lattice-best-path.cc:99) For utterance M07UP04A1230I303, best cost 41.1248 + 3046.56 = 3087.68 over 498 frames.
M07UP04A1230I303 chatarapura 
LOG (lattice-best-path:main():lattice-best-path.cc:99) For utterance M07UP04A1235I41, best cost 14.2275 + 1941.7 = 1955.92 over 298 frames.
M07UP04A1235I41 satanaa 
LOG (lattice-best-path:main():lattice-best-path.cc:99) For utterance M07UP04A1235I46, best cost 17.6836 + 1667.57 = 1685.25 over 298 frames.
M07UP04A1235I46 raajagadxhqa 
LOG (lattice-best-path:main():lattice-best-path.cc:99) For utterance M07UP04A1236I303, best cost 29.5435 + 3026.69 = 3056.23 over 498 frames.
M07UP04A1236I303 shaajaapura 
LOG (lattice-best-path:main():lattice-best-path.cc:99) For utterance M07UP04A1239I301, best cost 25.3125 + 2788.17 = 2813.48 over 498 frames.
M07UP04A1239I301 ashokanagara 
LOG (lattice-best-path:main():lattice-best-path.cc:99) For utterance M07UP04A1242I410, best cost 18.288 + 1820.6 = 1838.89 over 298 frames.
M07UP04A1242I410 jabalapura 
LOG (lattice-best-path:main():lattice-best-path.cc:99) For utterance M07UP04A1243I300, best cost 28.9056 + 3236.23 = 3265.14 over 498 frames.
M07UP04A1243I300 txikamagadxhq 
LOG (lattice-best-path:main():lattice-best-path.cc:99) For utterance M07UP04A1243I435, best cost 19.5814 + 1786.56 = 1806.14 over 300 frames.
M07UP04A1243I435 chatarapura 
LOG (lattice-best-path:main():lattice-best-path.cc:99) For utterance M07UP04A1244I44, best cost 16.7279 + 2089.78 = 2106.51 over 298 frames.
M07UP04A1244I44 datiyaa 
LOG (lattice-best-path:main():lattice-best-path.cc:99) For utterance M07UP04A1245I48, best cost 20.2252 + 2007.9 = 2028.12 over 298 frames.
M07UP04A1245I48 chatarapura 
LOG (lattice-best-path:main():lattice-best-path.cc:99) For utterance M07UP05A0903I43, best cost 20.8163 + 1754.09 = 1774.91 over 298 frames.
M07UP05A0903I43 siihoura 
LOG (lattice-best-path:main():lattice-best-path.cc:99) For utterance M07UP05A0910I300, best cost 27.5119 + 2739.47 = 2766.98 over 498 frames.
M07UP05A0910I300 burahaanapura 
LOG (lattice-best-path:main():lattice-best-path.cc:99) For utterance M07UP05A0911I42, best cost 14.4319 + 1879.74 = 1894.17 over 298 frames.
M07UP05A0911I42 badxqawaanii 
LOG (lattice-best-path:main():lattice-best-path.cc:99) For utterance M07UP05A0914I300, best cost 19.4088 + 2763.37 = 2782.77 over 498 frames.
M07UP05A0914I300 raayeseena 
LOG (lattice-best-path:main():lattice-best-path.cc:99) For utterance M07UP05A0914I302, best cost 34.0339 + 2877.84 = 2911.87 over 498 frames.
M07UP05A0914I302 chatarapura 
LOG (lattice-best-path:main():lattice-best-path.cc:99) For utterance M07UP05A0915I301, best cost 17.1026 + 2786.02 = 2803.12 over 498 frames.
M07UP05A0915I301 chatarapura 
LOG (lattice-best-path:main():lattice-best-path.cc:99) For utterance M07UP05A0916I43, best cost 25.7414 + 1807.93 = 1833.68 over 298 frames.
M07UP05A0916I43 shiwapurii 
LOG (lattice-best-path:main():lattice-best-path.cc:99) For utterance M07UP05A0920I411, best cost 15.4592 + 1773.7 = 1789.16 over 298 frames.
M07UP05A0920I411 chatarapura 
LOG (lattice-best-path:main():lattice-best-path.cc:99) For utterance M07UP06A0427I301, best cost 16.9159 + 2526.09 = 2543 over 498 frames.
M07UP06A0427I301 siwanii 
LOG (lattice-best-path:main():lattice-best-path.cc:99) For utterance M07UP06A0428I41, best cost 10.5388 + 1916.44 = 1926.97 over 298 frames.
M07UP06A0428I41 dhaara 
LOG (lattice-best-path:main():lattice-best-path.cc:99) For utterance M07UP06A0429I411, best cost 15.6113 + 1705.52 = 1721.13 over 298 frames.
M07UP06A0429I411 umariyaa 
LOG (lattice-best-path:main():lattice-best-path.cc:99) For utterance M07UP06A0433I301, best cost 25.5942 + 2794.57 = 2820.16 over 498 frames.
M07UP06A0433I301 chindawaadxqaa 
LOG (lattice-best-path:main():lattice-best-path.cc:99) For utterance M07UP06A0433I40, best cost 17.5676 + 1816.98 = 1834.55 over 298 frames.
M07UP06A0433I40 chatarapura 
LOG (lattice-best-path:main():lattice-best-path.cc:99) For utterance M07UP06A0433I41, best cost 22.239 + 1923.15 = 1945.38 over 298 frames.
M07UP06A0433I41 deewaasa 
LOG (lattice-best-path:main():lattice-best-path.cc:99) For utterance M07UP06A0437I42, best cost 12.1114 + 1689.36 = 1701.47 over 298 frames.
M07UP06A0437I42 mureinaa 
LOG (lattice-best-path:main():lattice-best-path.cc:99) For utterance M07UP06A0438I41, best cost 15.8569 + 1718.61 = 1734.46 over 298 frames.
M07UP06A0438I41 niimaca 
LOG (lattice-best-path:main():lattice-best-path.cc:99) For utterance M07UP06A0442I41, best cost 15.5147 + 1930.06 = 1945.58 over 298 frames.
M07UP06A0442I41 damoha 
LOG (lattice-best-path:main():lattice-best-path.cc:99) For utterance M07UP06A0442I42, best cost 16.6423 + 1837.59 = 1854.23 over 300 frames.
M07UP06A0442I42 saagara 
LOG (lattice-best-path:main():lattice-best-path.cc:99) For utterance M07UP06A0444I43, best cost 19.2437 + 1645.26 = 1664.5 over 298 frames.
M07UP06A0444I43 siihoura 
LOG (lattice-best-path:main():lattice-best-path.cc:99) For utterance M07UP06A0445I301, best cost 21.1582 + 3018.87 = 3040.03 over 490 frames.
M07UP06A0445I301 badxqawaanii 
LOG (lattice-best-path:main():lattice-best-path.cc:99) For utterance M07UP06A0447I41, best cost 17.4099 + 1699.41 = 1716.82 over 298 frames.
M07UP06A0447I41 bhindxa 
LOG (lattice-best-path:main():lattice-best-path.cc:99) For utterance M07UP07A0134I42, best cost 13.536 + 1686.86 = 1700.4 over 298 frames.
M07UP07A0134I42 mandasoura 
LOG (lattice-best-path:main():lattice-best-path.cc:99) For utterance M07UP07A0134I436, best cost 15.2499 + 1825.34 = 1840.59 over 298 frames.
M07UP07A0134I436 umariyaa 
LOG (lattice-best-path:main():lattice-best-path.cc:99) For utterance M07UP07A0136I410, best cost 16.9151 + 1950.76 = 1967.67 over 298 frames.
M07UP07A0136I410 badxqawaanii 
LOG (lattice-best-path:main():lattice-best-path.cc:99) For utterance M07UP07A0136I438, best cost 20.547 + 1891.74 = 1912.29 over 298 frames.
M07UP07A0136I438 datiyaa 
LOG (lattice-best-path:main():lattice-best-path.cc:99) For utterance M07UP07A0138I414, best cost 9.70525 + 1575.16 = 1584.86 over 298 frames.
M07UP07A0138I414 gwaaliyara 
LOG (lattice-best-path:main():lattice-best-path.cc:99) For utterance M07UP07A0139I42, best cost 12.8606 + 1836.54 = 1849.4 over 298 frames.
M07UP07A0139I42 shiwapurii 
LOG (lattice-best-path:main():lattice-best-path.cc:99) For utterance M07UP07A0142I43, best cost 13.2458 + 1968.79 = 1982.03 over 298 frames.
M07UP07A0142I43 satanaa 
LOG (lattice-best-path:main():lattice-best-path.cc:99) For utterance M07UP07A0143I45, best cost 18.451 + 1852.47 = 1870.92 over 298 frames.
M07UP07A0143I45 burahaanapura 
LOG (lattice-best-path:main():lattice-best-path.cc:99) For utterance M07UP07A0145I436, best cost 14.7174 + 1667.15 = 1681.86 over 298 frames.
M07UP07A0145I436 badxqawaanii 
LOG (lattice-best-path:main():lattice-best-path.cc:99) For utterance M07UP09A0483I300, best cost 13.2295 + 2726.54 = 2739.77 over 498 frames.
M07UP09A0483I300 katxanii 
LOG (lattice-best-path:main():lattice-best-path.cc:99) For utterance M07UP09A0485I43, best cost 23.1717 + 1816.49 = 1839.66 over 298 frames.
M07UP09A0485I43 gwaaliyara 
LOG (lattice-best-path:main():lattice-best-path.cc:99) For utterance M07UP09A0488I43, best cost 18.497 + 1945.8 = 1964.3 over 298 frames.
M07UP09A0488I43 hoshangaabaada 
LOG (lattice-best-path:main():lattice-best-path.cc:99) For utterance M07UP09A0489I300, best cost 22.4953 + 2866.13 = 2888.63 over 498 frames.
M07UP09A0489I300 saagara 
LOG (lattice-best-path:main():lattice-best-path.cc:99) For utterance M07UP09A0490I301, best cost 20.8147 + 2751.14 = 2771.95 over 498 frames.
M07UP09A0490I301 katxanii 
LOG (lattice-best-path:main():lattice-best-path.cc:99) For utterance M07UP09A0494I300, best cost 19.3157 + 2848.9 = 2868.21 over 498 frames.
M07UP09A0494I300 shiwapurii 
LOG (lattice-best-path:main():lattice-best-path.cc:99) For utterance M07UP09A0495I301, best cost 20.6377 + 2808.92 = 2829.55 over 498 frames.
M07UP09A0495I301 betuula 
LOG (lattice-best-path:main():lattice-best-path.cc:99) For utterance M07UP09A0495I41, best cost 17.3362 + 1852.99 = 1870.33 over 298 frames.
M07UP09A0495I41 mandasoura 
LOG (lattice-best-path:main():lattice-best-path.cc:99) For utterance M07UP09A0496I303, best cost 17.9195 + 2711.29 = 2729.21 over 498 frames.
M07UP09A0496I303 raajagadxhqa 
LOG (lattice-best-path:main():lattice-best-path.cc:99) For utterance M07UP09A0499I43, best cost 13.6321 + 1599.32 = 1612.95 over 298 frames.
M07UP09A0499I43 shahadxola 
LOG (lattice-best-path:main():lattice-best-path.cc:99) For utterance M07UP09A0500I42, best cost 11.5074 + 1937.58 = 1949.09 over 298 frames.
M07UP09A0500I42 dhaara 
LOG (lattice-best-path:main():lattice-best-path.cc:99) For utterance M07UP09A0500I44, best cost 19.3679 + 1740.7 = 1760.06 over 298 frames.
M07UP09A0500I44 anuupapura 
LOG (lattice-best-path:main():lattice-best-path.cc:99) For utterance M07UP09A0503I301, best cost 15.8887 + 2974.46 = 2990.35 over 498 frames.
M07UP09A0503I301 niimaca 
LOG (lattice-best-path:main():lattice-best-path.cc:99) For utterance M07UP09A0505I300, best cost 24.488 + 3211.4 = 3235.89 over 498 frames.
M07UP09A0505I300 chatarapura 
LOG (lattice-best-path:main():lattice-best-path.cc:99) For utterance M07UP09A0505I504, best cost 21.2072 + 1839.34 = 1860.55 over 298 frames.
M07UP09A0505I504 shiwapurii 
LOG (lattice-best-path:main():lattice-best-path.cc:99) For utterance M07UP11A1317I41, best cost 16.1842 + 1679.87 = 1696.06 over 298 frames.
M07UP11A1317I41 mandxalaa 
LOG (lattice-best-path:main():lattice-best-path.cc:99) For utterance M07UP11A1319I300, best cost 30.7044 + 2784.14 = 2814.84 over 498 frames.
M07UP11A1319I300 umariyaa 
LOG (lattice-best-path:main():lattice-best-path.cc:99) For utterance M07UP11A1328I301, best cost 29.1467 + 2774.63 = 2803.78 over 498 frames.
M07UP11A1328I301 jabalapura 
LOG (lattice-best-path:main():lattice-best-path.cc:99) For utterance M07UP11A1337I301, best cost 21.502 + 2809.79 = 2831.29 over 498 frames.
M07UP11A1337I301 shaajaapura 
LOG (lattice-best-path:main():lattice-best-path.cc:99) For utterance M07UP11A1349I303, best cost 23.3384 + 3150.02 = 3173.36 over 498 frames.
M07UP11A1349I303 riiwaa 
LOG (lattice-best-path:main():lattice-best-path.cc:99) For utterance M07UP11A1351I302, best cost 26.793 + 2906.57 = 2933.36 over 498 frames.
M07UP11A1351I302 umariyaa 
LOG (lattice-best-path:main():lattice-best-path.cc:99) For utterance M07UP11A1352I427, best cost 14.7733 + 1706.37 = 1721.14 over 298 frames.
M07UP11A1352I427 umariyaa 
LOG (lattice-best-path:main():lattice-best-path.cc:99) For utterance M07UP11A1352I429, best cost 15.1614 + 1690.86 = 1706.02 over 298 frames.
M07UP11A1352I429 burahaanapura 
LOG (lattice-best-path:main():lattice-best-path.cc:99) For utterance M07UP13A0882I300, best cost 19.2099 + 3124.47 = 3143.68 over 498 frames.
M07UP13A0882I300 badxqawaanii 
LOG (lattice-best-path:main():lattice-best-path.cc:99) For utterance M07UP13A0882I301, best cost 24.654 + 3209.51 = 3234.16 over 498 frames.
M07UP13A0882I301 ratalaama 
LOG (lattice-best-path:main():lattice-best-path.cc:99) For utterance M07UP13A0884I303, best cost 23.1271 + 3179.16 = 3202.28 over 498 frames.
M07UP13A0884I303 ashokanagara 
LOG (lattice-best-path:main():lattice-best-path.cc:99) For utterance M07UP13A0888I41, best cost 13.8946 + 1823.02 = 1836.92 over 298 frames.
M07UP13A0888I41 datiyaa 
LOG (lattice-best-path:main():lattice-best-path.cc:99) For utterance M07UP13A0889I41, best cost 21.4512 + 2037.31 = 2058.77 over 298 frames.
M07UP13A0889I41 haradaa 
LOG (lattice-best-path:main():lattice-best-path.cc:99) For utterance M07UP13A0890I43, best cost 15.9672 + 2059.58 = 2075.55 over 298 frames.
M07UP13A0890I43 satanaa 
LOG (lattice-best-path:main():lattice-best-path.cc:99) For utterance M07UP13A0897I302, best cost 30.9448 + 3036.33 = 3067.28 over 498 frames.
M07UP13A0897I302 raajagadxhqa 
LOG (lattice-best-path:main():lattice-best-path.cc:99) For utterance M07UP13A0897I41, best cost 17.2269 + 1767.09 = 1784.31 over 298 frames.
M07UP13A0897I41 burahaanapura 
LOG (lattice-best-path:main():lattice-best-path.cc:99) For utterance M07UP13A0898I303, best cost 23.9076 + 3127.09 = 3151 over 498 frames.
M07UP13A0898I303 badxqawaanii 
LOG (lattice-best-path:main():lattice-best-path.cc:99) For utterance M07UP13A0900I436, best cost 12.9493 + 1808.55 = 1821.5 over 298 frames.
M07UP13A0900I436 anuupapura 
LOG (lattice-best-path:main():lattice-best-path.cc:99) For utterance M07UP14A0572I301, best cost 21.7212 + 2770.5 = 2792.22 over 498 frames.
M07UP14A0572I301 chatarapura 
LOG (lattice-best-path:main():lattice-best-path.cc:99) For utterance M07UP14A0576I41, best cost 18.9221 + 1868.62 = 1887.54 over 298 frames.
M07UP14A0576I41 badxqawaanii 
LOG (lattice-best-path:main():lattice-best-path.cc:99) For utterance M07UP14A0583I300, best cost 24.7305 + 3127.8 = 3152.53 over 498 frames.
M07UP14A0583I300 datiyaa 
LOG (lattice-best-path:main():lattice-best-path.cc:99) For utterance M07UP14A0588I41, best cost 22.719 + 1848.28 = 1871 over 300 frames.
M07UP14A0588I41 raajagadxhqa 
LOG (lattice-best-path:main():lattice-best-path.cc:99) For utterance M07UP14A0590I300, best cost 21.8535 + 2901.38 = 2923.23 over 498 frames.
M07UP14A0590I300 siwanii 
LOG (lattice-best-path:main():lattice-best-path.cc:99) For utterance M07UP14A0590I43, best cost 20.6291 + 1853.2 = 1873.83 over 298 frames.
M07UP14A0590I43 singaroulii 
LOG (lattice-best-path:main():lattice-best-path.cc:99) For utterance M07UP14A0591I302, best cost 17.1533 + 2800.67 = 2817.82 over 498 frames.
M07UP14A0591I302 baalaaghaatxa 
LOG (lattice-best-path:main():lattice-best-path.cc:99) For utterance M07UP14A0591I303, best cost 13.6098 + 3170.86 = 3184.47 over 498 frames.
M07UP14A0591I303 siidhii 
LOG (lattice-best-path:main():lattice-best-path.cc:99) For utterance M07UP18A0362I47, best cost 16.1508 + 1805.06 = 1821.21 over 298 frames.
M07UP18A0362I47 datiyaa 
LOG (lattice-best-path:main():lattice-best-path.cc:99) For utterance M07UP18A0363I300, best cost 23.995 + 2867.78 = 2891.78 over 498 frames.
M07UP18A0363I300 gwaaliyara 
LOG (lattice-best-path:main():lattice-best-path.cc:99) For utterance M07UP18A0363I302, best cost 22.3993 + 2781.34 = 2803.74 over 498 frames.
M07UP18A0363I302 shiwapurii 
LOG (lattice-best-path:main():lattice-best-path.cc:99) For utterance M07UP18A0365I42, best cost 16.7075 + 1749.19 = 1765.89 over 298 frames.
M07UP18A0365I42 bhopaala 
LOG (lattice-best-path:main():lattice-best-path.cc:99) For utterance M07UP18A0366I41, best cost 19.1789 + 1815.96 = 1835.14 over 298 frames.
M07UP18A0366I41 raajagadxhqa 
LOG (lattice-best-path:main():lattice-best-path.cc:99) For utterance M07UP18A0367I43, best cost 15.3239 + 1838.61 = 1853.93 over 298 frames.
M07UP18A0367I43 burahaanapura 
LOG (lattice-best-path:main():lattice-best-path.cc:99) For utterance M07UP18A0368I301, best cost 28.4423 + 3078.89 = 3107.33 over 498 frames.
M07UP18A0368I301 badxqawaanii 
LOG (lattice-best-path:main():lattice-best-path.cc:99) For utterance M07UP18A0368I49, best cost 15.7465 + 1856.55 = 1872.3 over 298 frames.
M07UP18A0368I49 haradaa 
LOG (lattice-best-path:main():lattice-best-path.cc:99) For utterance M07UP18A0369I48, best cost 23.312 + 2015.57 = 2038.88 over 298 frames.
M07UP18A0369I48 badxqawaanii 
LOG (lattice-best-path:main():lattice-best-path.cc:99) For utterance M07UP18A0371I300, best cost 21.5585 + 3237.14 = 3258.7 over 498 frames.
M07UP18A0371I300 satanaa 
LOG (lattice-best-path:main():lattice-best-path.cc:99) For utterance M07UP18A0374I300, best cost 22.7836 + 3449.08 = 3471.87 over 498 frames.
M07UP18A0374I300 badxqawaanii 
LOG (lattice-best-path:main():lattice-best-path.cc:99) For utterance M07UP18A0374I48, best cost 19.0922 + 1985.8 = 2004.89 over 298 frames.
M07UP18A0374I48 txikamagadxhq 
LOG (lattice-best-path:main():lattice-best-path.cc:99) For utterance M07UP18A0375I45, best cost 17.174 + 1953.97 = 1971.15 over 298 frames.
M07UP18A0375I45 katxanii 
LOG (lattice-best-path:main():lattice-best-path.cc:99) For utterance M07UP18A0376I43, best cost 17.2401 + 1732.93 = 1750.17 over 298 frames.
M07UP18A0376I43 raayeseena 
LOG (lattice-best-path:main():lattice-best-path.cc:99) For utterance M07UP18A0376I49, best cost 16.3616 + 1741.97 = 1758.33 over 298 frames.
M07UP18A0376I49 saagara 
LOG (lattice-best-path:main():lattice-best-path.cc:99) For utterance M07UP18A0378I302, best cost 25.3294 + 3427.85 = 3453.18 over 498 frames.
M07UP18A0378I302 satanaa 
LOG (lattice-best-path:main():lattice-best-path.cc:99) For utterance M07UP18A0380I300, best cost 21.6387 + 3111.46 = 3133.1 over 498 frames.
M07UP18A0380I300 bhindxa 
LOG (lattice-best-path:main():lattice-best-path.cc:99) For utterance M07UP19A0341I48, best cost 12.3886 + 1629.04 = 1641.43 over 298 frames.
M07UP19A0341I48 singaroulii 
LOG (lattice-best-path:main():lattice-best-path.cc:99) For utterance M07UP19A0345I300, best cost 24.0411 + 3398.29 = 3422.34 over 490 frames.
M07UP19A0345I300 widishaa 
LOG (lattice-best-path:main():lattice-best-path.cc:99) For utterance M07UP19A0345I45, best cost 17.7771 + 1747.25 = 1765.02 over 298 frames.
M07UP19A0345I45 shiwapurii 
LOG (lattice-best-path:main():lattice-best-path.cc:99) For utterance M07UP19A0346I301, best cost 25.3668 + 3258.84 = 3284.2 over 498 frames.
M07UP19A0346I301 raajagadxhqa 
LOG (lattice-best-path:main():lattice-best-path.cc:99) For utterance M07UP19A0348I301, best cost 30.1532 + 2882.02 = 2912.17 over 498 frames.
M07UP19A0348I301 raajagadxhqa 
LOG (lattice-best-path:main():lattice-best-path.cc:99) For utterance M07UP19A0354I301, best cost 24.3813 + 3335.76 = 3360.14 over 498 frames.
M07UP19A0354I301 shiwapurii 
LOG (lattice-best-path:main():lattice-best-path.cc:99) For utterance M07UP19A0354I303, best cost 25.4894 + 3238.8 = 3264.29 over 498 frames.
M07UP19A0354I303 deewaasa 
LOG (lattice-best-path:main():lattice-best-path.cc:99) For utterance M07UP19A0356I43, best cost 20.7628 + 1812.7 = 1833.47 over 298 frames.
M07UP19A0356I43 baalaaghaatxa 
LOG (lattice-best-path:main():lattice-best-path.cc:99) For utterance M07UP19A0357I300, best cost 18.4156 + 3007.25 = 3025.67 over 498 frames.
M07UP19A0357I300 raajagadxhqa 
LOG (lattice-best-path:main():lattice-best-path.cc:99) For utterance M07UP19A0358I303, best cost 25.2312 + 2845.95 = 2871.18 over 498 frames.
M07UP19A0358I303 raajagadxhqa 
LOG (lattice-best-path:main():lattice-best-path.cc:99) For utterance M07UP19A0359I40, best cost 13.0537 + 1690.82 = 1703.87 over 298 frames.
M07UP19A0359I40 mureinaa 
LOG (lattice-best-path:main():lattice-best-path.cc:99) For utterance M07UP20A0734I300, best cost 25.6002 + 2970.35 = 2995.95 over 498 frames.
M07UP20A0734I300 singaroulii 
LOG (lattice-best-path:main():lattice-best-path.cc:99) For utterance M07UP20A0739I44, best cost 17.6036 + 1731.22 = 1748.83 over 298 frames.
M07UP20A0739I44 anuupapura 
LOG (lattice-best-path:main():lattice-best-path.cc:99) For utterance M07UP20A0739I45, best cost 15.0395 + 1675.28 = 1690.32 over 300 frames.
M07UP20A0739I45 gwaaliyara 
LOG (lattice-best-path:main():lattice-best-path.cc:99) For utterance M07UP20A0740I302, best cost 22.0679 + 2874.22 = 2896.28 over 498 frames.
M07UP20A0740I302 singaroulii 
LOG (lattice-best-path:main():lattice-best-path.cc:99) For utterance M07UP20A0742I302, best cost 17.0902 + 2633.99 = 2651.08 over 498 frames.
M07UP20A0742I302 singaroulii 
LOG (lattice-best-path:main():lattice-best-path.cc:99) For utterance M07UP20A0750I40, best cost 22.8163 + 1818.06 = 1840.87 over 298 frames.
M07UP20A0750I40 singaroulii 
LOG (lattice-best-path:main():lattice-best-path.cc:99) For utterance M07UP20A0753I43, best cost 18.5152 + 1978.17 = 1996.68 over 298 frames.
M07UP20A0753I43 mandasoura 
LOG (lattice-best-path:main():lattice-best-path.cc:99) For utterance M07UP21A0593I302, best cost 24.1535 + 3165.1 = 3189.25 over 498 frames.
M07UP21A0593I302 katxanii 
LOG (lattice-best-path:main():lattice-best-path.cc:99) For utterance M07UP21A0598I41, best cost 23.5898 + 1767.45 = 1791.04 over 298 frames.
M07UP21A0598I41 siihoura 
LOG (lattice-best-path:main():lattice-best-path.cc:99) For utterance M07UP21A0600I300, best cost 30.667 + 3069.52 = 3100.19 over 498 frames.
M07UP21A0600I300 chatarapura 
LOG (lattice-best-path:main():lattice-best-path.cc:99) For utterance M07UP21A0600I42, best cost 26.5358 + 1756.09 = 1782.62 over 298 frames.
M07UP21A0600I42 mandasoura 
LOG (lattice-best-path:main():lattice-best-path.cc:99) For utterance M07UP21A0606I301, best cost 33.4803 + 3091.09 = 3124.57 over 498 frames.
M07UP21A0606I301 chatarapura 
LOG (lattice-best-path:main():lattice-best-path.cc:99) For utterance M07UP21A0606I302, best cost 14.2135 + 3274.15 = 3288.36 over 498 frames.
M07UP21A0606I302 saagara 
LOG (lattice-best-path:main():lattice-best-path.cc:99) For utterance M07UP21A0607I301, best cost 30.0705 + 2952.92 = 2982.99 over 498 frames.
M07UP21A0607I301 shyopura 
LOG (lattice-best-path:main():lattice-best-path.cc:99) For utterance M07UP22A1323I47, best cost 11.3309 + 1569.43 = 1580.76 over 298 frames.
M07UP22A1323I47 mureinaa 
LOG (lattice-best-path:main():lattice-best-path.cc:99) For utterance M07UP22A1326I300, best cost 22.983 + 2937.45 = 2960.44 over 498 frames.
M07UP22A1326I300 deewaasa 
LOG (lattice-best-path:main():lattice-best-path.cc:99) For utterance M07UP22A1342I301, best cost 25.4608 + 2743.2 = 2768.66 over 498 frames.
M07UP22A1342I301 burahaanapura 
LOG (lattice-best-path:main():lattice-best-path.cc:99) For utterance M07UP22A1347I43, best cost 17.2819 + 2027.96 = 2045.24 over 298 frames.
M07UP22A1347I43 deewaasa 
LOG (lattice-best-path:main():lattice-best-path.cc:99) For utterance M07UP22A1347I47, best cost 18.1575 + 1973.23 = 1991.39 over 300 frames.
M07UP22A1347I47 siwanii 
LOG (lattice-best-path:main():lattice-best-path.cc:99) For utterance M07UP22A1355I301, best cost 22.797 + 3145.89 = 3168.69 over 498 frames.
M07UP22A1355I301 burahaanapura 
LOG (lattice-best-path:main():lattice-best-path.cc:99) For utterance M07UP22A1355I47, best cost 17.9669 + 1782.69 = 1800.66 over 298 frames.
M07UP22A1355I47 kharagona 
LOG (lattice-best-path:main():lattice-best-path.cc:99) For utterance M07UP22A1357I300, best cost 25.329 + 2892.82 = 2918.15 over 498 frames.
M07UP22A1357I300 siihoura 
LOG (lattice-best-path:main():lattice-best-path.cc:99) For utterance M07UP22A1357I45, best cost 15.5328 + 1698.49 = 1714.02 over 298 frames.
M07UP22A1357I45 burahaanapura 
LOG (lattice-best-path:main():lattice-best-path.cc:99) For utterance M07UP22A1357I47, best cost 13.6065 + 1762.17 = 1775.77 over 298 frames.
M07UP22A1357I47 siihoura 
LOG (lattice-best-path:main():lattice-best-path.cc:99) For utterance M07UP23A0224I44, best cost 16.6492 + 1992.19 = 2008.84 over 298 frames.
M07UP23A0224I44 aliraajapura 
LOG (lattice-best-path:main():lattice-best-path.cc:99) For utterance M07UP23A0233I43, best cost 14.0218 + 1648.25 = 1662.27 over 298 frames.
M07UP23A0233I43 hoshangaabaada 
LOG (lattice-best-path:main():lattice-best-path.cc:99) For utterance M07UP23A0234I41, best cost 20.6179 + 2005.69 = 2026.31 over 298 frames.
M07UP23A0234I41 raajagadxhqa 
LOG (lattice-best-path:main():lattice-best-path.cc:99) For utterance M07UP23A0235I42, best cost 16.7041 + 1998.34 = 2015.05 over 298 frames.
M07UP23A0235I42 ashokanagara 
LOG (lattice-best-path:main():lattice-best-path.cc:99) For utterance M07UP23A0236I43, best cost 18.8712 + 1851.22 = 1870.09 over 298 frames.
M07UP23A0236I43 deewaasa 
LOG (lattice-best-path:main():lattice-best-path.cc:99) For utterance M07UP23A0239I40, best cost 11.4694 + 1944.78 = 1956.25 over 298 frames.
M07UP23A0239I40 haradaa 
LOG (lattice-best-path:main():lattice-best-path.cc:99) For utterance M07UP23A0242I42, best cost 19.0528 + 1914.75 = 1933.8 over 298 frames.
M07UP23A0242I42 saagara 
LOG (lattice-best-path:main():lattice-best-path.cc:99) For utterance M07UP24A0171I300, best cost 22.1599 + 3040.2 = 3062.36 over 498 frames.
M07UP24A0171I300 ratalaama 
LOG (lattice-best-path:main():lattice-best-path.cc:99) For utterance M07UP24A0172I45, best cost 15.5467 + 1878.03 = 1893.58 over 298 frames.
M07UP24A0172I45 deewaasa 
LOG (lattice-best-path:main():lattice-best-path.cc:99) For utterance M07UP24A0172I49, best cost 15.0549 + 1897.7 = 1912.76 over 298 frames.
M07UP24A0172I49 umariyaa 
LOG (lattice-best-path:main():lattice-best-path.cc:99) For utterance M07UP24A0173I44, best cost 17.7756 + 1679.51 = 1697.28 over 298 frames.
M07UP24A0173I44 saagara 
LOG (lattice-best-path:main():lattice-best-path.cc:99) For utterance M07UP24A0173I46, best cost 11.9174 + 1609.21 = 1621.13 over 298 frames.
M07UP24A0173I46 mureinaa 
LOG (lattice-best-path:main():lattice-best-path.cc:99) For utterance M07UP24A0175I301, best cost 27.0131 + 2896.89 = 2923.9 over 498 frames.
M07UP24A0175I301 umariyaa 
LOG (lattice-best-path:main():lattice-best-path.cc:99) For utterance M07UP24A0177F606, best cost 36.4806 + 5613.88 = 5650.36 over 998 frames.
M07UP24A0177F606 jhaabuaa 
LOG (lattice-best-path:main():lattice-best-path.cc:99) For utterance M07UP24A0179I302, best cost 19.631 + 2897.47 = 2917.1 over 498 frames.
M07UP24A0179I302 jhaabuaa 
LOG (lattice-best-path:main():lattice-best-path.cc:99) For utterance M07UP24A0181I301, best cost 20.2659 + 3297.93 = 3318.2 over 498 frames.
M07UP24A0181I301 haradaa 
LOG (lattice-best-path:main():lattice-best-path.cc:99) For utterance M07UP24A0181I42, best cost 11.4858 + 1885.31 = 1896.79 over 298 frames.
M07UP24A0181I42 siihoura 
LOG (lattice-best-path:main():lattice-best-path.cc:99) For utterance M07UP24A0181I48, best cost 15.5329 + 1850.81 = 1866.34 over 298 frames.
M07UP24A0181I48 deewaasa 
LOG (lattice-best-path:main():lattice-best-path.cc:99) For utterance M07UP24A0185I303, best cost 23.5234 + 3080.06 = 3103.58 over 498 frames.
M07UP24A0185I303 saagara 
LOG (lattice-best-path:main():lattice-best-path.cc:99) For utterance M07UP24A0188I302, best cost 21.0428 + 2974.9 = 2995.94 over 498 frames.
M07UP24A0188I302 mureinaa 
LOG (lattice-best-path:main():lattice-best-path.cc:99) For utterance M07UP24A0191I300, best cost 18.9559 + 2797.11 = 2816.07 over 498 frames.
M07UP24A0191I300 jhaabuaa 
LOG (lattice-best-path:main():lattice-best-path.cc:99) For utterance M07UP25A1205I302, best cost 26.0913 + 3259.67 = 3285.76 over 498 frames.
M07UP25A1205I302 anuupapura 
LOG (lattice-best-path:main():lattice-best-path.cc:99) For utterance M07UP25A1205I43, best cost 18.9018 + 1926.93 = 1945.83 over 298 frames.
M07UP25A1205I43 anuupapura 
LOG (lattice-best-path:main():lattice-best-path.cc:99) For utterance M07UP25A1206I45, best cost 24.2998 + 1874.16 = 1898.46 over 298 frames.
M07UP25A1206I45 gunaa 
LOG (lattice-best-path:main():lattice-best-path.cc:99) For utterance M07UP25A1209I41, best cost 17.8156 + 1842.64 = 1860.45 over 298 frames.
M07UP25A1209I41 raajagadxhqa 
LOG (lattice-best-path:main():lattice-best-path.cc:99) For utterance M07UP25A1216I41, best cost 16.2532 + 2015.54 = 2031.8 over 298 frames.
M07UP25A1216I41 haradaa 
LOG (lattice-best-path:main():lattice-best-path.cc:99) For utterance M07UP25A1220I300, best cost 34.6643 + 3016.4 = 3051.07 over 498 frames.
M07UP25A1220I300 raajagadxhqa 
LOG (lattice-best-path:main():lattice-best-path.cc:99) For utterance M07UP25A1220I42, best cost 22.1938 + 1818.15 = 1840.35 over 298 frames.
M07UP25A1220I42 jabalapura 
LOG (lattice-best-path:main():lattice-best-path.cc:99) For utterance M07UP25A1261I302, best cost 21.9175 + 3297.89 = 3319.81 over 500 frames.
M07UP25A1261I302 dhaara 
LOG (lattice-best-path:main():lattice-best-path.cc:99) For utterance M07UP26A0214I42, best cost 13.1862 + 2032.7 = 2045.89 over 298 frames.
M07UP26A0214I42 riiwaa 
LOG (lattice-best-path:main():lattice-best-path.cc:99) For utterance M07UP26A0255I48, best cost 19.0792 + 1806.97 = 1826.05 over 300 frames.
M07UP26A0255I48 widishaa 
LOG (lattice-best-path:main():lattice-best-path.cc:99) For utterance M07UP26A0257I47, best cost 15.4011 + 1635.49 = 1650.89 over 298 frames.
M07UP26A0257I47 ashokanagara 
LOG (lattice-best-path:main():lattice-best-path.cc:99) For utterance M07UP26A0258I414, best cost 17.8476 + 1754.51 = 1772.36 over 298 frames.
M07UP26A0258I414 dhaara 
LOG (lattice-best-path:main():lattice-best-path.cc:99) For utterance M07UP26A0261I47, best cost 13.4237 + 1788.95 = 1802.38 over 298 frames.
M07UP26A0261I47 satanaa 
LOG (lattice-best-path:main():lattice-best-path.cc:99) For utterance M07UP26A0262I41, best cost 15.4569 + 1946.51 = 1961.97 over 298 frames.
M07UP26A0262I41 gwaaliyara 
LOG (lattice-best-path:main():lattice-best-path.cc:99) For utterance M07UP26A0263I43, best cost 17.8898 + 1671.32 = 1689.21 over 298 frames.
M07UP26A0263I43 saagara 
LOG (lattice-best-path:main():lattice-best-path.cc:99) For utterance M07UP26A0267I44, best cost 14.1418 + 1772.43 = 1786.57 over 298 frames.
M07UP26A0267I44 katxanii 
LOG (lattice-best-path:main():lattice-best-path.cc:99) For utterance M07UP26A0269I47, best cost 16.4543 + 1952.67 = 1969.13 over 298 frames.
M07UP26A0269I47 anuupapura 
LOG (lattice-best-path:main():lattice-best-path.cc:99) For utterance M07UP26A0270I42, best cost 17.2402 + 1890.64 = 1907.88 over 298 frames.
M07UP26A0270I42 aliraajapura 
LOG (lattice-best-path:main():lattice-best-path.cc:99) For utterance M07UP26A0272I44, best cost 11.3537 + 1559.95 = 1571.3 over 298 frames.
M07UP26A0272I44 deewaasa 
LOG (lattice-best-path:main():lattice-best-path.cc:99) For utterance M07UP27A0641I438, best cost 15.5069 + 1749.12 = 1764.63 over 298 frames.
M07UP27A0641I438 umariyaa 
LOG (lattice-best-path:main():lattice-best-path.cc:99) For utterance M07UP27A0647I41, best cost 14.9378 + 1757.96 = 1772.9 over 298 frames.
M07UP27A0647I41 chatarapura 
LOG (lattice-best-path:main():lattice-best-path.cc:99) For utterance M07UP27A0647I43, best cost 18.6369 + 1796.58 = 1815.21 over 298 frames.
M07UP27A0647I43 katxanii 
LOG (lattice-best-path:main():lattice-best-path.cc:99) For utterance M07UP27A0657I303, best cost 20.8552 + 3054.45 = 3075.3 over 498 frames.
M07UP27A0657I303 shiwapurii 
LOG (lattice-best-path:main():lattice-best-path.cc:99) For utterance M07UP28A0216I301, best cost 11.8729 + 3155 = 3166.87 over 498 frames.
M07UP28A0216I301 haradaa 
LOG (lattice-best-path:main():lattice-best-path.cc:99) For utterance M07UP28A0218I300, best cost 23.8852 + 2981.29 = 3005.18 over 498 frames.
M07UP28A0218I300 deewaasa 
LOG (lattice-best-path:main():lattice-best-path.cc:99) For utterance M07UP28A0219I40, best cost 14.5268 + 1793.18 = 1807.71 over 298 frames.
M07UP28A0219I40 haradaa 
LOG (lattice-best-path:main():lattice-best-path.cc:99) For utterance M07UP28A0219I505, best cost 15.6816 + 1797.63 = 1813.31 over 300 frames.
M07UP28A0219I505 dhaara 
LOG (lattice-best-path:main():lattice-best-path.cc:99) For utterance M07UP28A0225I302, best cost 17.0449 + 3116.31 = 3133.36 over 498 frames.
M07UP28A0225I302 mureinaa 
LOG (lattice-best-path:main():lattice-best-path.cc:99) For utterance M07UP28A0225I40, best cost 23.6313 + 1772.61 = 1796.24 over 298 frames.
M07UP28A0225I40 haradaa 
LOG (lattice-best-path:main():lattice-best-path.cc:99) For utterance M07UP28A0225I41, best cost 13.5166 + 2086.13 = 2099.64 over 298 frames.
M07UP28A0225I41 damoha 
LOG (lattice-best-path:main():lattice-best-path.cc:99) For utterance M07UP29A0506I301, best cost 20.938 + 2798.42 = 2819.36 over 498 frames.
M07UP29A0506I301 raajagadxhqa 
LOG (lattice-best-path:main():lattice-best-path.cc:99) For utterance M07UP29A0509I42, best cost 22.2677 + 1843.45 = 1865.72 over 298 frames.
M07UP29A0509I42 aliraajapura 
LOG (lattice-best-path:main():lattice-best-path.cc:99) For utterance M07UP29A0509I45, best cost 14.6169 + 1800.24 = 1814.86 over 298 frames.
M07UP29A0509I45 gwaaliyara 
LOG (lattice-best-path:main():lattice-best-path.cc:99) For utterance M07UP29A0510I303, best cost 20.1331 + 2908.72 = 2928.85 over 500 frames.
M07UP29A0510I303 txikamagadxhq 
LOG (lattice-best-path:main():lattice-best-path.cc:99) For utterance M07UP29A0510I44, best cost 16.0292 + 1673.85 = 1689.87 over 298 frames.
M07UP29A0510I44 anuupapura 
LOG (lattice-best-path:main():lattice-best-path.cc:99) For utterance M07UP29A0511I301, best cost 17.0254 + 3012.53 = 3029.55 over 498 frames.
M07UP29A0511I301 raajagadxhqa 
LOG (lattice-best-path:main():lattice-best-path.cc:99) For utterance M07UP29A0511I42, best cost 15.8315 + 1917.63 = 1933.46 over 298 frames.
M07UP29A0511I42 mureinaa 
LOG (lattice-best-path:main():lattice-best-path.cc:99) For utterance M07UP29A0513I44, best cost 11.2738 + 1768.04 = 1779.31 over 298 frames.
M07UP29A0513I44 datiyaa 
LOG (lattice-best-path:main():lattice-best-path.cc:99) For utterance M07UP29A0514I41, best cost 16.3331 + 1832.4 = 1848.73 over 298 frames.
M07UP29A0514I41 raajagadxhqa 
LOG (lattice-best-path:main():lattice-best-path.cc:99) For utterance M07UP29A0516I41, best cost 11.792 + 1971.19 = 1982.98 over 298 frames.
M07UP29A0516I41 raajagadxhqa 
LOG (lattice-best-path:main():lattice-best-path.cc:99) For utterance M07UP29A0517I303, best cost 20.8633 + 3005.21 = 3026.07 over 498 frames.
M07UP29A0517I303 txikamagadxhq 
LOG (lattice-best-path:main():lattice-best-path.cc:99) For utterance M07UP29A0520I42, best cost 16.3773 + 1691.22 = 1707.6 over 298 frames.
M07UP29A0520I42 aliraajapura 
LOG (lattice-best-path:main():lattice-best-path.cc:99) For utterance M07UP29A0520I45, best cost 19.9298 + 1859.27 = 1879.2 over 298 frames.
M07UP29A0520I45 gwaaliyara 
LOG (lattice-best-path:main():lattice-best-path.cc:99) For utterance M07UP29A0521I303, best cost 25.935 + 2910.36 = 2936.29 over 498 frames.
M07UP29A0521I303 raajagadxhqa 
LOG (lattice-best-path:main():lattice-best-path.cc:99) For utterance M07UP29A0521I47, best cost 17.3042 + 1698.18 = 1715.48 over 298 frames.
M07UP29A0521I47 mandasoura 
LOG (lattice-best-path:main():lattice-best-path.cc:99) For utterance M07UP31A1290I43, best cost 14.0397 + 1759.72 = 1773.75 over 298 frames.
M07UP31A1290I43 singaroulii 
LOG (lattice-best-path:main():lattice-best-path.cc:99) For utterance M07UP31A1291I42, best cost 21.4632 + 1799.41 = 1820.88 over 298 frames.
M07UP31A1291I42 umariyaa 
LOG (lattice-best-path:main():lattice-best-path.cc:99) For utterance M07UP31A1292I301, best cost 22.5584 + 2933.68 = 2956.24 over 498 frames.
M07UP31A1292I301 raajagadxhqa 
LOG (lattice-best-path:main():lattice-best-path.cc:99) For utterance M07UP31A1294I302, best cost 33.266 + 2852.51 = 2885.77 over 498 frames.
M07UP31A1294I302 jabalapura 
LOG (lattice-best-path:main():lattice-best-path.cc:99) For utterance M07UP31A1294I43, best cost 20.7495 + 1826.38 = 1847.13 over 298 frames.
M07UP31A1294I43 singaroulii 
LOG (lattice-best-path:main():lattice-best-path.cc:99) For utterance M07UP31A1296I500, best cost 24.6436 + 2649.55 = 2674.2 over 498 frames.
M07UP31A1296I500 mureinaa 
LOG (lattice-best-path:main():lattice-best-path.cc:99) For utterance M07UP31A1300I300, best cost 25.6263 + 3339.96 = 3365.59 over 498 frames.
M07UP31A1300I300 aliraajapura 
LOG (lattice-best-path:main():lattice-best-path.cc:99) For utterance M07UP31A1302I301, best cost 30.3919 + 2937.7 = 2968.09 over 498 frames.
M07UP31A1302I301 raajagadxhqa 
LOG (lattice-best-path:main():lattice-best-path.cc:99) For utterance M07UP31A1306I302, best cost 32.6582 + 3009.19 = 3041.85 over 498 frames.
M07UP31A1306I302 aliraajapura 
LOG (lattice-best-path:main():lattice-best-path.cc:99) For utterance M07UP31A1306I303, best cost 20.3951 + 3405.78 = 3426.18 over 498 frames.
M07UP31A1306I303 hoshangaabaada 
LOG (lattice-best-path:main():lattice-best-path.cc:99) For utterance M07UP31A1306I43, best cost 14.1118 + 1656.06 = 1670.17 over 298 frames.
M07UP31A1306I43 singaroulii 
LOG (lattice-best-path:main():lattice-best-path.cc:99) For utterance M07UP31A1307I430, best cost 23.8271 + 1793.26 = 1817.08 over 298 frames.
M07UP31A1307I430 gwaaliyara 
LOG (lattice-best-path:main():lattice-best-path.cc:99) For utterance M07UP31A1308I435, best cost 19.5009 + 1780.33 = 1799.83 over 298 frames.
M07UP31A1308I435 gwaaliyara 
LOG (lattice-best-path:main():lattice-best-path.cc:99) For utterance M07UP31A1309I44, best cost 15.7765 + 2017.17 = 2032.95 over 298 frames.
M07UP31A1309I44 deewaasa 
LOG (lattice-best-path:main():lattice-best-path.cc:99) For utterance M07UP31A1310I45, best cost 19.0849 + 1922.66 = 1941.74 over 298 frames.
M07UP31A1310I45 shaajaapura 
LOG (lattice-best-path:main():lattice-best-path.cc:99) For utterance M07UP34A0551I43, best cost 14.3255 + 1935.25 = 1949.58 over 300 frames.
M07UP34A0551I43 deewaasa 
LOG (lattice-best-path:main():lattice-best-path.cc:99) For utterance M07UP34A0554I301, best cost 20.3983 + 2914.34 = 2934.74 over 498 frames.
M07UP34A0554I301 baalaaghaatxa 
LOG (lattice-best-path:main():lattice-best-path.cc:99) For utterance M07UP34A0555I300, best cost 25.5302 + 3335.66 = 3361.19 over 498 frames.
M07UP34A0555I300 shiwapurii 
LOG (lattice-best-path:main():lattice-best-path.cc:99) For utterance M07UP34A0558I42, best cost 17.7689 + 1885.48 = 1903.25 over 298 frames.
M07UP34A0558I42 baalaaghaatxa 
LOG (lattice-best-path:main():lattice-best-path.cc:99) For utterance M07UP34A0559I303, best cost 27.5896 + 2995.16 = 3022.75 over 498 frames.
M07UP34A0559I303 ujjeina 
LOG (lattice-best-path:main():lattice-best-path.cc:99) For utterance M07UP34A0559I44, best cost 20.8602 + 1804.25 = 1825.11 over 298 frames.
M07UP34A0559I44 chatarapura 
LOG (lattice-best-path:main():lattice-best-path.cc:99) For utterance M07UP34A0561I300, best cost 24.5125 + 3328.99 = 3353.5 over 498 frames.
M07UP34A0561I300 aliraajapura 
LOG (lattice-best-path:main():lattice-best-path.cc:99) For utterance M07UP34A0563I303, best cost 37.279 + 2849.27 = 2886.55 over 498 frames.
M07UP34A0563I303 dhaara 
LOG (lattice-best-path:main():lattice-best-path.cc:99) For utterance M07UP34A0564I43, best cost 15.957 + 1804.89 = 1820.84 over 298 frames.
M07UP34A0564I43 chatarapura 
LOG (lattice-best-path:main():lattice-best-path.cc:99) For utterance M07UP34A0566I301, best cost 24.6291 + 2822.05 = 2846.68 over 498 frames.
M07UP34A0566I301 aliraajapura 
LOG (lattice-best-path:main():lattice-best-path.cc:99) For utterance M07UP35A0443I41, best cost 17.8184 + 1875.06 = 1892.88 over 298 frames.
M07UP35A0443I41 haradaa 
LOG (lattice-best-path:main():lattice-best-path.cc:99) For utterance M07UP35A0446I301, best cost 19.8558 + 3068.1 = 3087.96 over 498 frames.
M07UP35A0446I301 hoshangaabaada 
LOG (lattice-best-path:main():lattice-best-path.cc:99) For utterance M07UP35A0448I301, best cost 28.034 + 2773.28 = 2801.31 over 498 frames.
M07UP35A0448I301 raajagadxhqa 
LOG (lattice-best-path:main():lattice-best-path.cc:99) For utterance M07UP35A0450I301, best cost 27.9426 + 3286.35 = 3314.29 over 498 frames.
M07UP35A0450I301 gwaaliyara 
LOG (lattice-best-path:main():lattice-best-path.cc:99) For utterance M07UP35A0452I303, best cost 33.8244 + 2817.82 = 2851.64 over 498 frames.
M07UP35A0452I303 anuupapura 
LOG (lattice-best-path:main():lattice-best-path.cc:99) For utterance M07UP35A0455I303, best cost 30.394 + 2788.03 = 2818.42 over 498 frames.
M07UP35A0455I303 shaajaapura 
LOG (lattice-best-path:main():lattice-best-path.cc:99) For utterance M07UP35A0455I426, best cost 22.6751 + 1904.64 = 1927.31 over 298 frames.
M07UP35A0455I426 bhindxa 
LOG (lattice-best-path:main():lattice-best-path.cc:99) For utterance M07UP35A0456I43, best cost 21.3355 + 1827.61 = 1848.94 over 298 frames.
M07UP35A0456I43 jabalapura 
LOG (lattice-best-path:main():lattice-best-path.cc:99) For utterance M07UP35A0457I41, best cost 18.2233 + 1925.53 = 1943.75 over 298 frames.
M07UP35A0457I41 burahaanapura 
LOG (lattice-best-path:main():lattice-best-path.cc:99) For utterance M07UP35A0459I303, best cost 17.1532 + 2909.69 = 2926.84 over 498 frames.
M07UP35A0459I303 saagara 
LOG (lattice-best-path:main():lattice-best-path.cc:99) For utterance M07UP36A0825I301, best cost 33.255 + 3021.65 = 3054.9 over 498 frames.
M07UP36A0825I301 satanaa 
LOG (lattice-best-path:main():lattice-best-path.cc:99) For utterance M07UP36A0825I40, best cost 17.5534 + 1775.83 = 1793.38 over 298 frames.
M07UP36A0825I40 anuupapura 
LOG (lattice-best-path:main():lattice-best-path.cc:99) For utterance M07UP36A0827I300, best cost 32.6169 + 2749.26 = 2781.87 over 498 frames.
M07UP36A0827I300 katxanii 
LOG (lattice-best-path:main():lattice-best-path.cc:99) For utterance M07UP36A0829I302, best cost 30.9378 + 3012 = 3042.94 over 498 frames.
M07UP36A0829I302 aliraajapura 
LOG (lattice-best-path:main():lattice-best-path.cc:99) For utterance M07UP36A0832I302, best cost 23.4841 + 3073.37 = 3096.85 over 498 frames.
M07UP36A0832I302 satanaa 
LOG (lattice-best-path:main():lattice-best-path.cc:99) For utterance M07UP36A0840I41, best cost 15.9541 + 1679.47 = 1695.42 over 298 frames.
M07UP36A0840I41 badxqawaanii 
LOG (lattice-best-path:main():lattice-best-path.cc:99) For utterance M07UP37A0301I42, best cost 9.15269 + 1590.42 = 1599.58 over 298 frames.
M07UP37A0301I42 badxqawaanii 
LOG (lattice-best-path:main():lattice-best-path.cc:99) For utterance M07UP37A0302I45, best cost 10.9312 + 1992.8 = 2003.73 over 298 frames.
M07UP37A0302I45 haradaa 
LOG (lattice-best-path:main():lattice-best-path.cc:99) For utterance M07UP37A0306I47, best cost 16.5827 + 2003.31 = 2019.89 over 298 frames.
M07UP37A0306I47 saagara 
LOG (lattice-best-path:main():lattice-best-path.cc:99) For utterance M07UP37A0307I303, best cost 17.8415 + 3199.48 = 3217.33 over 498 frames.
M07UP37A0307I303 siwanii 
LOG (lattice-best-path:main():lattice-best-path.cc:99) For utterance M07UP37A0309I40, best cost 9.44234 + 2069.3 = 2078.74 over 298 frames.
M07UP37A0309I40 dhaara 
LOG (lattice-best-path:main():lattice-best-path.cc:99) For utterance M07UP37A0309I44, best cost 15.8676 + 1984.59 = 2000.46 over 300 frames.
M07UP37A0309I44 katxanii 
LOG (lattice-best-path:main():lattice-best-path.cc:99) For utterance M07UP37A0311I43, best cost 17.5341 + 1787.78 = 1805.31 over 298 frames.
M07UP37A0311I43 raajagadxhqa 
LOG (lattice-best-path:main():lattice-best-path.cc:99) For utterance M07UP37A0311I44, best cost 19.0644 + 1767.93 = 1787 over 298 frames.
M07UP37A0311I44 saagara 
LOG (lattice-best-path:main():lattice-best-path.cc:99) For utterance M07UP37A0311I48, best cost 13.0573 + 1622.33 = 1635.39 over 300 frames.
M07UP37A0311I48 haradaa 
LOG (lattice-best-path:main():lattice-best-path.cc:99) For utterance M07UP37A0313I427, best cost 15.8472 + 1826.52 = 1842.36 over 298 frames.
M07UP37A0313I427 datiyaa 
LOG (lattice-best-path:main():lattice-best-path.cc:99) For utterance M07UP37A0314I300, best cost 19.2681 + 3228.42 = 3247.69 over 498 frames.
M07UP37A0314I300 bhindxa 
LOG (lattice-best-path:main():lattice-best-path.cc:99) For utterance M07UP37A0316I305, best cost 16.0679 + 3350.07 = 3366.14 over 498 frames.
M07UP37A0316I305 dhaara 
LOG (lattice-best-path:main():lattice-best-path.cc:99) For utterance M07UP37A0317I47, best cost 12.7854 + 1763.58 = 1776.37 over 298 frames.
M07UP37A0317I47 haradaa 
LOG (lattice-best-path:main():lattice-best-path.cc:99) For utterance M07UP37A0317I48, best cost 15.4771 + 1995.84 = 2011.32 over 298 frames.
M07UP37A0317I48 siidhii 
LOG (lattice-best-path:main():lattice-best-path.cc:99) For utterance M07UP37A0319I301, best cost 21.7983 + 3349.42 = 3371.22 over 498 frames.
M07UP37A0319I301 raajagadxhqa 
LOG (lattice-best-path:main():lattice-best-path.cc:99) For utterance M07UP38A0103I43, best cost 15.3341 + 1795.57 = 1810.9 over 298 frames.
M07UP38A0103I43 saagara 
LOG (lattice-best-path:main():lattice-best-path.cc:99) For utterance M07UP38A0107I43, best cost 12.679 + 1826.92 = 1839.6 over 298 frames.
M07UP38A0107I43 dhaara 
LOG (lattice-best-path:main():lattice-best-path.cc:99) For utterance M07UP39A0774I301, best cost 21.8116 + 2770.1 = 2791.91 over 498 frames.
M07UP39A0774I301 shiwapurii 
LOG (lattice-best-path:main():lattice-best-path.cc:99) For utterance M07UP39A0776I302, best cost 13.3974 + 2739.61 = 2753.01 over 498 frames.
M07UP39A0776I302 jabalapura 
LOG (lattice-best-path:main():lattice-best-path.cc:99) For utterance M07UP39A0777I300, best cost 15.3185 + 2894.56 = 2909.88 over 498 frames.
M07UP39A0777I300 jabalapura 
LOG (lattice-best-path:main():lattice-best-path.cc:99) For utterance M07UP39A0777I423, best cost 13.7326 + 1643.99 = 1657.72 over 298 frames.
M07UP39A0777I423 niimaca 
LOG (lattice-best-path:main():lattice-best-path.cc:99) For utterance M07UP39A0778I303, best cost 27.1798 + 3046.13 = 3073.31 over 498 frames.
M07UP39A0778I303 indoura 
LOG (lattice-best-path:main():lattice-best-path.cc:99) For utterance M07UP39A0781I501, best cost 12.5581 + 2368.99 = 2381.55 over 398 frames.
M07UP39A0781I501 mureinaa 
LOG (lattice-best-path:main():lattice-best-path.cc:99) For utterance M07UP41A0273I301, best cost 16.8292 + 3434.92 = 3451.75 over 498 frames.
M07UP41A0273I301 bhindxa 
LOG (lattice-best-path:main():lattice-best-path.cc:99) For utterance M07UP41A0273I47, best cost 14.263 + 1868.66 = 1882.92 over 298 frames.
M07UP41A0273I47 shiwapurii 
LOG (lattice-best-path:main():lattice-best-path.cc:99) For utterance M07UP41A0275I300, best cost 22.6716 + 2799.96 = 2822.63 over 498 frames.
M07UP41A0275I300 anuupapura 
LOG (lattice-best-path:main():lattice-best-path.cc:99) For utterance M07UP41A0277I300, best cost 21.2208 + 3111.48 = 3132.7 over 498 frames.
M07UP41A0277I300 anuupapura 
LOG (lattice-best-path:main():lattice-best-path.cc:99) For utterance M07UP41A0277I43, best cost 17.1145 + 1960.92 = 1978.03 over 298 frames.
M07UP41A0277I43 badxqawaanii 
LOG (lattice-best-path:main():lattice-best-path.cc:99) For utterance M07UP41A0279I301, best cost 19.0907 + 3077.13 = 3096.22 over 498 frames.
M07UP41A0279I301 khandxawaa 
LOG (lattice-best-path:main():lattice-best-path.cc:99) For utterance M07UP41A0279I302, best cost 20.2998 + 2961.87 = 2982.17 over 498 frames.
M07UP41A0279I302 indoura 
LOG (lattice-best-path:main():lattice-best-path.cc:99) For utterance M07UP41A0279I47, best cost 15.9022 + 2007.05 = 2022.95 over 298 frames.
M07UP41A0279I47 siwanii 
LOG (lattice-best-path:main():lattice-best-path.cc:99) For utterance M07UP41A0280I42, best cost 14.1716 + 1817.38 = 1831.55 over 298 frames.
M07UP41A0280I42 deewaasa 
LOG (lattice-best-path:main():lattice-best-path.cc:99) For utterance M07UP41A0280I45, best cost 20.0323 + 1970.56 = 1990.59 over 298 frames.
M07UP41A0280I45 txikamagadxhq 
LOG (lattice-best-path:main():lattice-best-path.cc:99) For utterance M07UP41A0283I48, best cost 13.5416 + 1637.39 = 1650.93 over 298 frames.
M07UP41A0283I48 khandxawaa 
LOG (lattice-best-path:main():lattice-best-path.cc:99) For utterance M07UP41A0289I303, best cost 25.8392 + 3038.54 = 3064.38 over 498 frames.
M07UP41A0289I303 khandxawaa 
LOG (lattice-best-path:main():lattice-best-path.cc:99) For utterance M07UP41A0289I44, best cost 16.1106 + 1744.29 = 1760.4 over 300 frames.
M07UP41A0289I44 deewaasa 
LOG (lattice-best-path:main():lattice-best-path.cc:99) For utterance M07UP41A0290I47, best cost 16.4838 + 1770.65 = 1787.13 over 298 frames.
M07UP41A0290I47 gunaa 
LOG (lattice-best-path:main():lattice-best-path.cc:99) For utterance M07UP41A0291I43, best cost 16.7881 + 1687.14 = 1703.93 over 298 frames.
M07UP41A0291I43 txikamagadxhq 
LOG (lattice-best-path:main():lattice-best-path.cc:99) For utterance M07UP41A0291I46, best cost 16.6591 + 1754.33 = 1770.99 over 298 frames.
M07UP41A0291I46 khandxawaa 
LOG (lattice-best-path:main():lattice-best-path.cc:99) For utterance M07UP42A0111I46, best cost 18.6713 + 1726.03 = 1744.7 over 298 frames.
M07UP42A0111I46 siihoura 
LOG (lattice-best-path:main():lattice-best-path.cc:99) For utterance M07UP42A0116I430, best cost 13.4966 + 1897.8 = 1911.29 over 298 frames.
M07UP42A0116I430 aliraajapura 
LOG (lattice-best-path:main():lattice-best-path.cc:99) For utterance M07UP42A0117I419, best cost 17.0998 + 1780.46 = 1797.56 over 298 frames.
M07UP42A0117I419 pannaa 
LOG (lattice-best-path:main():lattice-best-path.cc:99) For utterance M07UP42A0117I423, best cost 13.4442 + 1876.7 = 1890.15 over 298 frames.
M07UP42A0117I423 shaajaapura 
LOG (lattice-best-path:main():lattice-best-path.cc:99) For utterance M07UP42A0119I300, best cost 23.4496 + 3213.1 = 3236.55 over 498 frames.
M07UP42A0119I300 umariyaa 
LOG (lattice-best-path:main():lattice-best-path.cc:99) For utterance M07UP42A0119I46, best cost 19.4158 + 1948.4 = 1967.81 over 298 frames.
M07UP42A0119I46 anuupapura 
LOG (lattice-best-path:main():lattice-best-path.cc:99) For utterance M07UP42A0120I418, best cost 16.8456 + 1788.12 = 1804.96 over 298 frames.
M07UP42A0120I418 gunaa 
LOG (lattice-best-path:main():lattice-best-path.cc:99) For utterance M07UP42A0120I424, best cost 17.7239 + 1817.68 = 1835.41 over 298 frames.
M07UP42A0120I424 riiwaa 
LOG (lattice-best-path:main():lattice-best-path.cc:99) For utterance M07UP42A0120I429, best cost 17.4812 + 1896.52 = 1914 over 298 frames.
M07UP42A0120I429 siihoura 
LOG (lattice-best-path:main():lattice-best-path.cc:99) For utterance M07UP42A0122I302, best cost 17.0669 + 3123.94 = 3141 over 498 frames.
M07UP42A0122I302 umariyaa 
LOG (lattice-best-path:main():lattice-best-path.cc:99) For utterance M07UP42A0122I424, best cost 18.9852 + 1926.36 = 1945.34 over 298 frames.
M07UP42A0122I424 badxqawaanii 
LOG (lattice-best-path:main():lattice-best-path.cc:99) For utterance M07UP42A0122I46, best cost 24.1027 + 1874.29 = 1898.4 over 298 frames.
M07UP42A0122I46 aliraajapura 
LOG (lattice-best-path:main():lattice-best-path.cc:99) For utterance M07UP42A0123I42, best cost 18.0971 + 1882.32 = 1900.42 over 298 frames.
M07UP42A0123I42 jabalapura 
LOG (lattice-best-path:main():lattice-best-path.cc:99) For utterance M07UP42A0123I424, best cost 14.1898 + 1951.19 = 1965.38 over 298 frames.
M07UP42A0123I424 burahaanapura 
LOG (lattice-best-path:main():lattice-best-path.cc:99) For utterance M07UP42A0124I45, best cost 16.6901 + 1797.31 = 1814 over 298 frames.
M07UP42A0124I45 ratalaama 
LOG (lattice-best-path:main():lattice-best-path.cc:99) For utterance M07UP42A0126I437, best cost 17.0749 + 1898.36 = 1915.43 over 298 frames.
M07UP42A0126I437 dhaara 
LOG (lattice-best-path:main():lattice-best-path.cc:99) For utterance M07UP43A0148I300, best cost 22.6409 + 3292.85 = 3315.49 over 498 frames.
M07UP43A0148I300 siidhii 
LOG (lattice-best-path:main():lattice-best-path.cc:99) For utterance M07UP43A0151I42, best cost 19.1661 + 2009.91 = 2029.08 over 298 frames.
M07UP43A0151I42 datiyaa 
LOG (lattice-best-path:main():lattice-best-path.cc:99) For utterance M07UP43A0154I43, best cost 14.6152 + 1637.56 = 1652.17 over 298 frames.
M07UP43A0154I43 chatarapura 
LOG (lattice-best-path:main():lattice-best-path.cc:99) For utterance M07UP43A0154I44, best cost 16.3381 + 1705.31 = 1721.65 over 298 frames.
M07UP43A0154I44 shaajaapura 
LOG (lattice-best-path:main():lattice-best-path.cc:99) For utterance M07UP43A0158I41, best cost 16.1493 + 1907.45 = 1923.6 over 298 frames.
M07UP43A0158I41 umariyaa 
LOG (lattice-best-path:main():lattice-best-path.cc:99) For utterance M07UP45A0614I48, best cost 17.0485 + 1908.43 = 1925.48 over 298 frames.
M07UP45A0614I48 raajagadxhqa 
LOG (lattice-best-path:main():lattice-best-path.cc:99) For utterance M07UP45A0616I43, best cost 19.1822 + 1810.59 = 1829.77 over 298 frames.
M07UP45A0616I43 gwaaliyara 
LOG (lattice-best-path:main():lattice-best-path.cc:99) For utterance M07UP45A0624I41, best cost 18.815 + 1821.18 = 1840 over 298 frames.
M07UP45A0624I41 hoshangaabaada 
LOG (lattice-best-path:main():lattice-best-path.cc:99) For utterance M07UP45A0624I44, best cost 22.5594 + 1790.1 = 1812.66 over 298 frames.
M07UP45A0624I44 chatarapura 
LOG (lattice-best-path:main():lattice-best-path.cc:99) For utterance M07UP45A0625I41, best cost 15.1351 + 1887.77 = 1902.91 over 298 frames.
M07UP45A0625I41 deewaasa 
LOG (lattice-best-path:main():lattice-best-path.cc:99) For utterance M07UP45A0627I43, best cost 14.4115 + 1642.23 = 1656.64 over 298 frames.
M07UP45A0627I43 gwaaliyara 
LOG (lattice-best-path:main():lattice-best-path.cc:99) For utterance M07UP45A0628I41, best cost 17.4723 + 1858.32 = 1875.79 over 298 frames.
M07UP45A0628I41 gunaa 
LOG (lattice-best-path:main():lattice-best-path.cc:99) For utterance M07UP45A0629I303, best cost 20.9593 + 3295.18 = 3316.14 over 498 frames.
M07UP45A0629I303 siihoura 
LOG (lattice-best-path:main():lattice-best-path.cc:99) For utterance M07UP45A0634I48, best cost 18.2145 + 1762.78 = 1781 over 298 frames.
M07UP45A0634I48 saagara 
LOG (lattice-best-path:main():lattice-best-path.cc:99) For utterance M07UP45A0635I42, best cost 20.5205 + 1868.54 = 1889.06 over 298 frames.
M07UP45A0635I42 gwaaliyara 
LOG (lattice-best-path:main():lattice-best-path.cc:99) For utterance M07UP45A0636I300, best cost 13.0284 + 2716.36 = 2729.39 over 498 frames.
M07UP45A0636I300 siidhii 
LOG (lattice-best-path:main():lattice-best-path.cc:99) For utterance M07UP48A0013I417, best cost 20.2619 + 1813.52 = 1833.78 over 298 frames.
M07UP48A0013I417 katxanii 
LOG (lattice-best-path:main():lattice-best-path.cc:99) For utterance M07UP48A0013I43, best cost 14.4526 + 1854.7 = 1869.16 over 298 frames.
M07UP48A0013I43 jhaabuaa 
LOG (lattice-best-path:main():lattice-best-path.cc:99) For utterance M07UP48A0014I44, best cost 12.5528 + 1850.66 = 1863.21 over 298 frames.
M07UP48A0014I44 dhaara 
LOG (lattice-best-path:main():lattice-best-path.cc:99) For utterance M07UP48A0015I422, best cost 17.735 + 1823.35 = 1841.09 over 298 frames.
M07UP48A0015I422 gwaaliyara 
LOG (lattice-best-path:main():lattice-best-path.cc:99) For utterance M07UP48A0018I422, best cost 12.7873 + 1941.23 = 1954.02 over 298 frames.
M07UP48A0018I422 mandasoura 
LOG (lattice-best-path:main():lattice-best-path.cc:99) For utterance M07UP48A0020I43, best cost 13.0426 + 1703.09 = 1716.13 over 298 frames.
M07UP48A0020I43 siwanii 
LOG (lattice-best-path:main():lattice-best-path.cc:99) For utterance M07UP48A0021I45, best cost 16.9603 + 1681.44 = 1698.4 over 298 frames.
M07UP48A0021I45 mandxalaa 
LOG (lattice-best-path:main():lattice-best-path.cc:99) For utterance M07UP48A0024I49, best cost 17.6649 + 1929.92 = 1947.58 over 304 frames.
M07UP48A0024I49 niimaca 
LOG (lattice-best-path:main():lattice-best-path.cc:99) For utterance M07UP48A0028I45, best cost 13.2156 + 1910.39 = 1923.6 over 298 frames.
M07UP48A0028I45 jabalapura 
LOG (lattice-best-path:main():lattice-best-path.cc:99) For utterance M07UP48A0031I44, best cost 18.0928 + 1934.87 = 1952.97 over 298 frames.
M07UP48A0031I44 siihoura 
LOG (lattice-best-path:main():lattice-best-path.cc:99) For utterance M07UP49A0861I41, best cost 15.7986 + 1695.87 = 1711.67 over 300 frames.
M07UP49A0861I41 umariyaa 
LOG (lattice-best-path:main():lattice-best-path.cc:99) For utterance M07UP49A0863I300, best cost 28.8826 + 3124.84 = 3153.72 over 498 frames.
M07UP49A0863I300 satanaa 
LOG (lattice-best-path:main():lattice-best-path.cc:99) For utterance M07UP49A0866I504, best cost 17.8513 + 2030.84 = 2048.69 over 298 frames.
M07UP49A0866I504 umariyaa 
LOG (lattice-best-path:main():lattice-best-path.cc:99) For utterance M07UP49A0869I301, best cost 22.8534 + 3069.59 = 3092.45 over 498 frames.
M07UP49A0869I301 badxqawaanii 
LOG (lattice-best-path:main():lattice-best-path.cc:99) For utterance M07UP49A0880I43, best cost 25.9038 + 1793.83 = 1819.73 over 298 frames.
M07UP49A0880I43 shiwapurii 
LOG (lattice-best-path:main():lattice-best-path.cc:99) For utterance M07UP51A0032I301, best cost 16.6267 + 2817 = 2833.62 over 430 frames.
M07UP51A0032I301 jabalapura 
LOG (lattice-best-path:main():lattice-best-path.cc:99) For utterance M07UP51A0033I42, best cost 19.8112 + 1886.29 = 1906.1 over 298 frames.
M07UP51A0033I42 aliraajapura 
LOG (lattice-best-path:main():lattice-best-path.cc:99) For utterance M07UP51A0033I48, best cost 18.1922 + 1961.82 = 1980.01 over 298 frames.
M07UP51A0033I48 burahaanapura 
LOG (lattice-best-path:main():lattice-best-path.cc:99) For utterance M07UP51A0035I302, best cost 27.6766 + 3051.34 = 3079.01 over 498 frames.
M07UP51A0035I302 dhaara 
LOG (lattice-best-path:main():lattice-best-path.cc:99) For utterance M07UP51A0036I300, best cost 18.366 + 3180.28 = 3198.65 over 498 frames.
M07UP51A0036I300 siihoura 
LOG (lattice-best-path:main():lattice-best-path.cc:99) For utterance M07UP51A0036I44, best cost 18.0543 + 1793.04 = 1811.09 over 298 frames.
M07UP51A0036I44 shiwapurii 
LOG (lattice-best-path:main():lattice-best-path.cc:99) For utterance M07UP51A0036I45, best cost 17.776 + 1808.72 = 1826.5 over 298 frames.
M07UP51A0036I45 ratalaama 
LOG (lattice-best-path:main():lattice-best-path.cc:99) For utterance M07UP51A0036I48, best cost 17.9842 + 1835.44 = 1853.42 over 298 frames.
M07UP51A0036I48 jhaabuaa 
LOG (lattice-best-path:main():lattice-best-path.cc:99) For utterance M07UP51A0038I48, best cost 18.6617 + 1893.13 = 1911.79 over 298 frames.
M07UP51A0038I48 aliraajapura 
LOG (lattice-best-path:main():lattice-best-path.cc:99) For utterance M07UP51A0041I300, best cost 17.6921 + 2680.44 = 2698.14 over 498 frames.
M07UP51A0041I300 siihoura 
LOG (lattice-best-path:main():lattice-best-path.cc:99) For utterance M07UP51A0042I302, best cost 27.9585 + 2856.69 = 2884.65 over 498 frames.
M07UP51A0042I302 dhaara 
LOG (lattice-best-path:main():lattice-best-path.cc:99) For utterance M07UP51A0043I410, best cost 13.6266 + 1830.42 = 1844.04 over 298 frames.
M07UP51A0043I410 haradaa 
LOG (lattice-best-path:main():lattice-best-path.cc:99) For utterance M07UP51A0043I44, best cost 18.1339 + 1900.2 = 1918.33 over 298 frames.
M07UP51A0043I44 shiwapurii 
LOG (lattice-best-path:main():lattice-best-path.cc:99) For utterance M07UP51A0043I45, best cost 20.7318 + 1726.05 = 1746.78 over 298 frames.
M07UP51A0043I45 riiwaa 
LOG (lattice-best-path:main():lattice-best-path.cc:99) For utterance M07UP51A0044I303, best cost 36.7865 + 2896.32 = 2933.1 over 498 frames.
M07UP51A0044I303 khandxawaa 
LOG (lattice-best-path:main():lattice-best-path.cc:99) For utterance M07UP51A0045I412, best cost 22.9899 + 1895.71 = 1918.7 over 298 frames.
M07UP51A0045I412 mandxalaa 
LOG (lattice-best-path:main():lattice-best-path.cc:99) For utterance M07UP51A0046I412, best cost 17.202 + 1702.85 = 1720.06 over 298 frames.
M07UP51A0046I412 dhaara 
LOG (lattice-best-path:main():lattice-best-path.cc:99) For utterance M07UP51A0046I43, best cost 20.8841 + 1841.71 = 1862.59 over 298 frames.
M07UP51A0046I43 mandasoura 
LOG (lattice-best-path:main():lattice-best-path.cc:99) For utterance M07UP51A0049I44, best cost 17.222 + 1963.04 = 1980.27 over 298 frames.
M07UP51A0049I44 haradaa 
LOG (lattice-best-path:main():lattice-best-path.cc:99) For utterance M07UP51A0049I48, best cost 20.4342 + 1972.01 = 1992.44 over 298 frames.
M07UP51A0049I48 burahaanapura 
LOG (lattice-best-path:main():lattice-best-path.cc:99) For utterance M07UP51A0050I300, best cost 24.5539 + 2880.27 = 2904.83 over 498 frames.
M07UP51A0050I300 jhaabuaa 
LOG (lattice-best-path:main():lattice-best-path.cc:99) For utterance M07UP51A0050I42, best cost 23.6304 + 1810.54 = 1834.17 over 298 frames.
M07UP51A0050I42 chatarapura 
LOG (lattice-best-path:main():lattice-best-path.cc:99) For utterance M07UP51A0050I45, best cost 12.8439 + 1852.37 = 1865.21 over 298 frames.
M07UP51A0050I45 mureinaa 
LOG (lattice-best-path:main():lattice-best-path.cc:99) For utterance M07UP51A0052I301, best cost 19.8664 + 2796.49 = 2816.35 over 498 frames.
M07UP51A0052I301 haradaa 
LOG (lattice-best-path:main():lattice-best-path.cc:99) For utterance M07UP51A0052I303, best cost 20.046 + 2686.15 = 2706.2 over 498 frames.
M07UP51A0052I303 riiwaa 
LOG (lattice-best-path:main():lattice-best-path.cc:99) For utterance M07UP51A0052I412, best cost 15.7661 + 1683.86 = 1699.63 over 298 frames.
M07UP51A0052I412 gunaa 
LOG (lattice-best-path:main():lattice-best-path.cc:99) For utterance M07UP51A0052I45, best cost 17.6931 + 1783.58 = 1801.27 over 298 frames.
M07UP51A0052I45 siihoura 
LOG (lattice-best-path:main():lattice-best-path.cc:99) For utterance M07UP51A0053I302, best cost 23.0088 + 2888.27 = 2911.28 over 498 frames.
M07UP51A0053I302 dhaara 
LOG (lattice-best-path:main():lattice-best-path.cc:99) For utterance M07UP51A0054I40, best cost 13.8747 + 1974.38 = 1988.26 over 298 frames.
M07UP51A0054I40 deewaasa 
LOG (lattice-best-path:main():lattice-best-path.cc:99) For utterance M07UP51A0054I47, best cost 19.4258 + 1956.07 = 1975.49 over 298 frames.
M07UP51A0054I47 burahaanapura 
LOG (lattice-best-path:main():lattice-best-path.cc:99) For utterance M07UP51A0094I411, best cost 25.4378 + 1738.14 = 1763.58 over 298 frames.
M07UP51A0094I411 saagara 
LOG (lattice-best-path:main():lattice-best-path.cc:99) For utterance M07UP52A0193I300, best cost 25.364 + 2966.58 = 2991.94 over 498 frames.
M07UP52A0193I300 betuula 
LOG (lattice-best-path:main():lattice-best-path.cc:99) For utterance M07UP52A0193I302, best cost 29.2553 + 2892.78 = 2922.04 over 498 frames.
M07UP52A0193I302 ashokanagara 
LOG (lattice-best-path:main():lattice-best-path.cc:99) For utterance M07UP52A0193I43, best cost 19.0776 + 1696.04 = 1715.12 over 298 frames.
M07UP52A0193I43 katxanii 
LOG (lattice-best-path:main():lattice-best-path.cc:99) For utterance M07UP52A0195I45, best cost 16.0445 + 1960.02 = 1976.06 over 298 frames.
M07UP52A0195I45 hoshangaabaada 
LOG (lattice-best-path:main():lattice-best-path.cc:99) For utterance M07UP52A0196I300, best cost 25.45 + 3024.34 = 3049.79 over 498 frames.
M07UP52A0196I300 dxindxorii 
LOG (lattice-best-path:main():lattice-best-path.cc:99) For utterance M07UP52A0196I41, best cost 13.0616 + 1841.47 = 1854.53 over 292 frames.
M07UP52A0196I41 dhaara 
LOG (lattice-best-path:main():lattice-best-path.cc:99) For utterance M07UP52A0199I41, best cost 14.7287 + 2046.91 = 2061.64 over 298 frames.
M07UP52A0199I41 haradaa 
LOG (lattice-best-path:main():lattice-best-path.cc:99) For utterance M07UP52A0202I302, best cost 26.7713 + 3292.81 = 3319.58 over 498 frames.
M07UP52A0202I302 shiwapurii 
LOG (lattice-best-path:main():lattice-best-path.cc:99) For utterance M07UP52A0202I40, best cost 14.8084 + 1993.12 = 2007.93 over 298 frames.
M07UP52A0202I40 betuula 
LOG (lattice-best-path:main():lattice-best-path.cc:99) For utterance M07UP52A0202I45, best cost 21.1256 + 2013.52 = 2034.64 over 298 frames.
M07UP52A0202I45 hoshangaabaada 
LOG (lattice-best-path:main():lattice-best-path.cc:99) For utterance M07UP52A0205I43, best cost 19.0075 + 1859.17 = 1878.18 over 298 frames.
M07UP52A0205I43 saagara 
LOG (lattice-best-path:main():lattice-best-path.cc:99) For utterance M07UP52A0206I302, best cost 26.5592 + 2966.63 = 2993.19 over 498 frames.
M07UP52A0206I302 dxindxorii 
LOG (lattice-best-path:main():lattice-best-path.cc:99) For utterance M07UP52A0206I40, best cost 12.0744 + 1974.1 = 1986.17 over 298 frames.
M07UP52A0206I40 damoha 
LOG (lattice-best-path:main():lattice-best-path.cc:99) For utterance M07UP52A0207I42, best cost 18.7373 + 1933.96 = 1952.7 over 298 frames.
M07UP52A0207I42 saagara 
LOG (lattice-best-path:main():lattice-best-path.cc:99) For utterance M07UP52A0210I300, best cost 25.4159 + 3232.06 = 3257.47 over 498 frames.
M07UP52A0210I300 mureinaa 
LOG (lattice-best-path:main():lattice-best-path.cc:99) For utterance M07UP52A0210I43, best cost 15.1132 + 1939.44 = 1954.55 over 298 frames.
M07UP52A0210I43 saagara 
LOG (lattice-best-path:main():lattice-best-path.cc:99) For utterance M07UP52A0210I603, best cost 36.1713 + 6515.69 = 6551.86 over 998 frames.
M07UP52A0210I603 dhaara 
LOG (lattice-best-path:main():lattice-best-path.cc:99) For utterance M07UP52A0211I300, best cost 19.364 + 3423.24 = 3442.6 over 500 frames.
M07UP52A0211I300 mureinaa 
LOG (lattice-best-path:main():lattice-best-path.cc:99) For utterance M07UP52A0213I45, best cost 14.7834 + 1613.74 = 1628.52 over 298 frames.
M07UP52A0213I45 burahaanapura 
LOG (lattice-best-path:main():lattice-best-path.cc:99) For utterance M07UP53A0072I44, best cost 18.6583 + 1915.52 = 1934.18 over 298 frames.
M07UP53A0072I44 riiwaa 
LOG (lattice-best-path:main():lattice-best-path.cc:99) For utterance M07UP53A0076I413, best cost 20.5545 + 1868.62 = 1889.17 over 298 frames.
M07UP53A0076I413 raajagadxhqa 
LOG (lattice-best-path:main():lattice-best-path.cc:99) For utterance M07UP53A0079I42, best cost 14.3811 + 1923.07 = 1937.45 over 298 frames.
M07UP53A0079I42 saagara 
LOG (lattice-best-path:main():lattice-best-path.cc:99) For utterance M07UP53A0080I41, best cost 17.0184 + 1586.66 = 1603.68 over 298 frames.
M07UP53A0080I41 raajagadxhqa 
LOG (lattice-best-path:main():lattice-best-path.cc:99) For utterance M07UP53A0080I413, best cost 20.6518 + 1748.54 = 1769.2 over 298 frames.
M07UP53A0080I413 saagara 
LOG (lattice-best-path:main():lattice-best-path.cc:99) For utterance M07UP53A0080I42, best cost 16.4553 + 1711.79 = 1728.24 over 298 frames.
M07UP53A0080I42 badxqawaanii 
LOG (lattice-best-path:main():lattice-best-path.cc:99) For utterance M07UP53A0081I424, best cost 12.3435 + 1640.75 = 1653.09 over 298 frames.
M07UP53A0081I424 hoshangaabaada 
LOG (lattice-best-path:main():lattice-best-path.cc:99) For utterance M07UP53A0083I419, best cost 15.8877 + 1852.18 = 1868.06 over 298 frames.
M07UP53A0083I419 shiwapurii 
LOG (lattice-best-path:main():lattice-best-path.cc:99) For utterance M07UP53A0085I45, best cost 19.0658 + 1972.88 = 1991.95 over 300 frames.
M07UP53A0085I45 saagara 
LOG (lattice-best-path:main():lattice-best-path.cc:99) For utterance M07UP53A0088I413, best cost 20.0976 + 1918.41 = 1938.5 over 298 frames.
M07UP53A0088I413 saagara 
LOG (lattice-best-path:main():lattice-best-path.cc:99) For utterance M07UP53A0090I410, best cost 17.2487 + 2003.63 = 2020.88 over 300 frames.
M07UP53A0090I410 singaroulii 
LOG (lattice-best-path:main():lattice-best-path.cc:99) For utterance M07UP54A1272I428, best cost 12.9597 + 1858.46 = 1871.42 over 298 frames.
M07UP54A1272I428 damoha 
LOG (lattice-best-path:main():lattice-best-path.cc:99) For utterance M07UP54A1280I300, best cost 23.6733 + 3105.35 = 3129.02 over 498 frames.
M07UP54A1280I300 siidhii 
LOG (lattice-best-path:main():lattice-best-path.cc:99) For utterance M07UP54A1290I45, best cost 17.3892 + 1910.54 = 1927.93 over 300 frames.
M07UP54A1290I45 jabalapura 
LOG (lattice-best-path:main():lattice-best-path.cc:99) For utterance M07UP55A0462I422, best cost 14.1867 + 1746.3 = 1760.48 over 298 frames.
M07UP55A0462I422 gwaaliyara 
LOG (lattice-best-path:main():lattice-best-path.cc:99) For utterance M07UP55A0464I303, best cost 20.7338 + 2851.65 = 2872.39 over 498 frames.
M07UP55A0464I303 shaajaapura 
LOG (lattice-best-path:main():lattice-best-path.cc:99) For utterance M07UP55A0464I42, best cost 19.9296 + 1857.93 = 1877.86 over 298 frames.
M07UP55A0464I42 niimaca 
LOG (lattice-best-path:main():lattice-best-path.cc:99) For utterance M07UP55A0469I300, best cost 32.4576 + 3050.13 = 3082.58 over 498 frames.
M07UP55A0469I300 jhaabuaa 
LOG (lattice-best-path:main():lattice-best-path.cc:99) For utterance M07UP55A0469I40, best cost 27.9435 + 1753.39 = 1781.33 over 298 frames.
M07UP55A0469I40 dhaara 
LOG (lattice-best-path:main():lattice-best-path.cc:99) For utterance M07UP55A0470I301, best cost 24.9408 + 2968.18 = 2993.12 over 498 frames.
M07UP55A0470I301 chatarapura 
LOG (lattice-best-path:main():lattice-best-path.cc:99) For utterance M07UP55A0474I40, best cost 14.9876 + 1996.98 = 2011.97 over 298 frames.
M07UP55A0474I40 damoha 
LOG (lattice-best-path:main():lattice-best-path.cc:99) For utterance M07UP55A0476I42, best cost 22.9048 + 1969.9 = 1992.8 over 298 frames.
M07UP55A0476I42 mureinaa 
LOG (lattice-best-path:main():lattice-best-path.cc:99) For utterance M07UP55A0477I301, best cost 25.3728 + 2944.24 = 2969.61 over 498 frames.
M07UP55A0477I301 jabalapura 
LOG (lattice-best-path:main():lattice-best-path.cc:99) For utterance M07UP55A0480I300, best cost 17.6529 + 3123.13 = 3140.78 over 498 frames.
M07UP55A0480I300 raajagadxhqa 
LOG (lattice-best-path:main():lattice-best-path.cc:99) For utterance M07UP56A0695I300, best cost 22.8022 + 3294.58 = 3317.39 over 498 frames.
M07UP56A0695I300 aliraajapura 
LOG (lattice-best-path:main():lattice-best-path.cc:99) For utterance M07UP56A0699I301, best cost 25.5949 + 2977.98 = 3003.58 over 498 frames.
M07UP56A0699I301 ashokanagara 
LOG (lattice-best-path:main():lattice-best-path.cc:99) For utterance M07UP56A0706I43, best cost 18.3035 + 1956.09 = 1974.4 over 298 frames.
M07UP56A0706I43 gwaaliyara 
LOG (lattice-best-path:main():lattice-best-path.cc:99) For utterance M07UP56A0707I45, best cost 14.0566 + 1640.27 = 1654.33 over 298 frames.
M07UP56A0707I45 singaroulii 
LOG (lattice-best-path:main():lattice-best-path.cc:99) For utterance M07UP56A0708I47, best cost 26.7071 + 1877.72 = 1904.42 over 298 frames.
M07UP56A0708I47 hoshangaabaada 
LOG (lattice-best-path:main():lattice-best-path.cc:99) For utterance M07UP56A0710I421, best cost 21.662 + 1840.26 = 1861.92 over 298 frames.
M07UP56A0710I421 singaroulii 
LOG (lattice-best-path:main():lattice-best-path.cc:99) For utterance M07UP57A0404I43, best cost 16.1498 + 1760.23 = 1776.38 over 298 frames.
M07UP57A0404I43 katxanii 
LOG (lattice-best-path:main():lattice-best-path.cc:99) For utterance M07UP57A0406I300, best cost 22.2969 + 2953.18 = 2975.47 over 498 frames.
M07UP57A0406I300 mandasoura 
LOG (lattice-best-path:main():lattice-best-path.cc:99) For utterance M07UP57A0409I42, best cost 15.9318 + 1693.59 = 1709.52 over 298 frames.
M07UP57A0409I42 jabalapura 
LOG (lattice-best-path:main():lattice-best-path.cc:99) For utterance M07UP57A0411I301, best cost 18.7393 + 3054.49 = 3073.23 over 498 frames.
M07UP57A0411I301 badxqawaanii 
LOG (lattice-best-path:main():lattice-best-path.cc:99) For utterance M07UP57A0413I301, best cost 20.7926 + 2829.72 = 2850.51 over 498 frames.
M07UP57A0413I301 shiwapurii 
LOG (lattice-best-path:main():lattice-best-path.cc:99) For utterance M07UP57A0413I41, best cost 14.2623 + 1965.26 = 1979.52 over 298 frames.
M07UP57A0413I41 dhaara 
LOG (lattice-best-path:main():lattice-best-path.cc:99) For utterance M07UP57A0413I507, best cost 12.128 + 1978.79 = 1990.91 over 298 frames.
M07UP57A0413I507 dhaara 
LOG (lattice-best-path:main():lattice-best-path.cc:99) For utterance M07UP57A0416I301, best cost 27.4805 + 3233.9 = 3261.38 over 498 frames.
M07UP57A0416I301 saagara 
LOG (lattice-best-path:main():lattice-best-path.cc:99) For utterance M07UP57A0417I301, best cost 27.4191 + 3057.67 = 3085.09 over 498 frames.
M07UP57A0417I301 shyopura 
LOG (lattice-best-path:main():lattice-best-path.cc:99) For utterance M07UP57A0417I42, best cost 16.5649 + 1969.56 = 1986.13 over 298 frames.
M07UP57A0417I42 dhaara 
LOG (lattice-best-path:main():lattice-best-path.cc:99) For utterance M07UP57A0418I303, best cost 17.4732 + 3155.75 = 3173.22 over 498 frames.
M07UP57A0418I303 katxanii 
LOG (lattice-best-path:main():lattice-best-path.cc:99) For utterance M07UP60A0942I416, best cost 12.7471 + 1634.15 = 1646.89 over 298 frames.
M07UP60A0942I416 badxqawaanii 
LOG (lattice-best-path:main():lattice-best-path.cc:99) For utterance M07UP60A0942I418, best cost 15.9959 + 1755.31 = 1771.3 over 298 frames.
M07UP60A0942I418 txikamagadxhq 
LOG (lattice-best-path:main():lattice-best-path.cc:99) For utterance M07UP60A0944I42, best cost 17.7205 + 1848.61 = 1866.33 over 298 frames.
M07UP60A0944I42 chatarapura 
LOG (lattice-best-path:main():lattice-best-path.cc:99) For utterance M07UP60A0946I303, best cost 32.5064 + 3039.73 = 3072.23 over 498 frames.
M07UP60A0946I303 chatarapura 
LOG (lattice-best-path:main():lattice-best-path.cc:99) For utterance M07UP60A0954I303, best cost 14.0659 + 2626.92 = 2640.99 over 498 frames.
M07UP60A0954I303 chatarapura 
LOG (lattice-best-path:main():lattice-best-path.cc:99) For utterance M07UP60A0955I301, best cost 28.0178 + 2713.6 = 2741.62 over 498 frames.
M07UP60A0955I301 chatarapura 
LOG (lattice-best-path:main():lattice-best-path.cc:99) For utterance M07UP60A0955I302, best cost 16.0482 + 2655.17 = 2671.22 over 498 frames.
M07UP60A0955I302 siwanii 
LOG (lattice-best-path:main():lattice-best-path.cc:99) For utterance M07UP60A0956I414, best cost 19.4758 + 1885.34 = 1904.82 over 298 frames.
M07UP60A0956I414 raajagadxhqa 
LOG (lattice-best-path:main():lattice-best-path.cc:99) For utterance M07UP60A0957I412, best cost 19.9389 + 1765.7 = 1785.64 over 298 frames.
M07UP60A0957I412 badxqawaanii 
LOG (lattice-best-path:main():lattice-best-path.cc:99) For utterance M07UP60A0957I413, best cost 15.185 + 1728.98 = 1744.16 over 298 frames.
M07UP60A0957I413 saagara 
LOG (lattice-best-path:main():lattice-best-path.cc:99) For utterance M07UP61A0966I300, best cost 20.753 + 2776.84 = 2797.59 over 498 frames.
M07UP61A0966I300 raayeseena 
LOG (lattice-best-path:main():lattice-best-path.cc:99) For utterance M07UP61A0968I301, best cost 17.9934 + 2727.86 = 2745.85 over 498 frames.
M07UP61A0968I301 badxqawaanii 
LOG (lattice-best-path:main():lattice-best-path.cc:99) For utterance M07UP61A0971I302, best cost 27.4614 + 2865.49 = 2892.95 over 498 frames.
M07UP61A0971I302 singaroulii 
LOG (lattice-best-path:main():lattice-best-path.cc:99) For utterance M07UP61A0972I44, best cost 18.344 + 1889.74 = 1908.08 over 298 frames.
M07UP61A0972I44 chatarapura 
LOG (lattice-best-path:main():lattice-best-path.cc:99) For utterance M07UP61A0980I301, best cost 27.1587 + 3206.1 = 3233.26 over 498 frames.
M07UP61A0980I301 chatarapura 
LOG (lattice-best-path:main():lattice-best-path.cc:99) For utterance M07UP64A0382I300, best cost 30.1005 + 3138.16 = 3168.26 over 498 frames.
M07UP64A0382I300 damoha 
LOG (lattice-best-path:main():lattice-best-path.cc:99) For utterance M07UP64A0382I301, best cost 20.6093 + 3211.97 = 3232.58 over 498 frames.
M07UP64A0382I301 mandasoura 
LOG (lattice-best-path:main():lattice-best-path.cc:99) For utterance M07UP64A0386I42, best cost 16.5747 + 1874.73 = 1891.3 over 298 frames.
M07UP64A0386I42 umariyaa 
LOG (lattice-best-path:main():lattice-best-path.cc:99) For utterance M07UP64A0389I42, best cost 19.0934 + 1666.69 = 1685.79 over 298 frames.
M07UP64A0389I42 damoha 
LOG (lattice-best-path:main():lattice-best-path.cc:99) For utterance M07UP64A0390I300, best cost 23.9589 + 2922.97 = 2946.93 over 498 frames.
M07UP64A0390I300 damoha 
LOG (lattice-best-path:main():lattice-best-path.cc:99) For utterance M07UP64A0391I302, best cost 40.4136 + 2937.83 = 2978.24 over 498 frames.
M07UP64A0391I302 indoura 
LOG (lattice-best-path:main():lattice-best-path.cc:99) For utterance M07UP64A0391I303, best cost 28.4165 + 2978.96 = 3007.37 over 498 frames.
M07UP64A0391I303 betuula 
LOG (lattice-best-path:main():lattice-best-path.cc:99) For utterance M07UP64A0392I301, best cost 13.6772 + 2574.24 = 2587.92 over 498 frames.
M07UP64A0392I301 baalaaghaatxa 
LOG (lattice-best-path:main():lattice-best-path.cc:99) For utterance M07UP64A0393I41, best cost 16.3467 + 1933.83 = 1950.18 over 298 frames.
M07UP64A0393I41 riiwaa 
LOG (lattice-best-path:main():lattice-best-path.cc:99) For utterance M07UP64A0396I43, best cost 15.3749 + 2009.96 = 2025.34 over 300 frames.
M07UP64A0396I43 katxanii 
LOG (lattice-best-path:main():lattice-best-path.cc:99) For utterance M07UP64A0399I302, best cost 26.1203 + 3049.95 = 3076.07 over 498 frames.
M07UP64A0399I302 siwanii 
LOG (lattice-best-path:main():lattice-best-path.cc:99) For utterance M07UP64A0400I300, best cost 36.2414 + 3190.48 = 3226.72 over 498 frames.
M07UP64A0400I300 saagara 
LOG (lattice-best-path:main():lattice-best-path.cc:99) For utterance M07UP64A0400I426, best cost 20.5807 + 1822.33 = 1842.91 over 298 frames.
M07UP64A0400I426 umariyaa 
LOG (lattice-best-path:main():lattice-best-path.cc:99) For utterance M07UP64A0401I43, best cost 14.5559 + 1908.12 = 1922.68 over 300 frames.
M07UP64A0401I43 badxqawaanii 
LOG (lattice-best-path:main():lattice-best-path.cc:99) For utterance M07UP66A0674I303, best cost 21.706 + 3147.1 = 3168.8 over 498 frames.
M07UP66A0674I303 aliraajapura 
LOG (lattice-best-path:main():lattice-best-path.cc:99) For utterance M07UP66A0676I303, best cost 18.0931 + 3226.83 = 3244.92 over 498 frames.
M07UP66A0676I303 umariyaa 
LOG (lattice-best-path:main():lattice-best-path.cc:99) For utterance M07UP66A0684I43, best cost 18.1647 + 1799.88 = 1818.05 over 298 frames.
M07UP66A0684I43 burahaanapura 
LOG (lattice-best-path:main():lattice-best-path.cc:99) For utterance M07UP66A0685I42, best cost 22.5887 + 1852.56 = 1875.15 over 298 frames.
M07UP66A0685I42 datiyaa 
LOG (lattice-best-path:main():lattice-best-path.cc:99) For utterance M07UP66A0687I301, best cost 14.0594 + 2691.88 = 2705.94 over 498 frames.
M07UP66A0687I301 dhaara 
LOG (lattice-best-path:main():lattice-best-path.cc:99) For utterance M07UP66A0688I410, best cost 18.1831 + 1649.75 = 1667.93 over 298 frames.
M07UP66A0688I410 gunaa 
LOG (lattice-best-path:main():lattice-best-path.cc:99) For utterance M07UP66A0692I301, best cost 22.3829 + 3027.92 = 3050.31 over 498 frames.
M07UP66A0692I301 hoshangaabaada 
LOG (lattice-best-path:main():lattice-best-path.cc:99) For utterance M07UP72A0730I42, best cost 15.3606 + 1883.97 = 1899.33 over 298 frames.
M07UP72A0730I42 ratalaama 
LOG (lattice-best-path:main():lattice-best-path.cc:99) For utterance M07UP72A0730I46, best cost 19.0344 + 1816.9 = 1835.93 over 298 frames.
M07UP72A0730I46 singaroulii 
LOG (lattice-best-path:main():lattice-best-path.cc:99) For utterance M07UP72A0731I42, best cost 19.7321 + 1995.96 = 2015.7 over 298 frames.
M07UP72A0731I42 jabalapura 
LOG (lattice-best-path:main():lattice-best-path.cc:99) For utterance M07UP73A0922I300, best cost 18.5218 + 3226.62 = 3245.14 over 498 frames.
M07UP73A0922I300 chatarapura 
LOG (lattice-best-path:main():lattice-best-path.cc:99) For utterance M07UP73A0923I41, best cost 14.2592 + 1895.66 = 1909.91 over 298 frames.
M07UP73A0923I41 siihoura 
LOG (lattice-best-path:main():lattice-best-path.cc:99) For utterance M07UP73A0924I41, best cost 17.7265 + 1815.86 = 1833.59 over 298 frames.
M07UP73A0924I41 aliraajapura 
LOG (lattice-best-path:main():lattice-best-path.cc:99) For utterance M07UP73A0925I42, best cost 14.1745 + 1632.89 = 1647.06 over 298 frames.
M07UP73A0925I42 raajagadxhqa 
LOG (lattice-best-path:main():lattice-best-path.cc:99) For utterance M07UP73A0927I43, best cost 23.4491 + 1753.54 = 1776.99 over 298 frames.
M07UP73A0927I43 kharagona 
LOG (lattice-best-path:main():lattice-best-path.cc:99) For utterance M07UP73A0929I42, best cost 24.4247 + 1886.28 = 1910.71 over 298 frames.
M07UP73A0929I42 raajagadxhqa 
LOG (lattice-best-path:main():lattice-best-path.cc:99) For utterance M07UP73A0930I43, best cost 24.9008 + 1782.39 = 1807.29 over 298 frames.
M07UP73A0930I43 gunaa 
LOG (lattice-best-path:main():lattice-best-path.cc:99) For utterance M07UP73A0931I49, best cost 17.3781 + 1886.48 = 1903.86 over 298 frames.
M07UP73A0931I49 datiyaa 
LOG (lattice-best-path:main():lattice-best-path.cc:99) For utterance M07UP73A0937I42, best cost 12.8306 + 1768.97 = 1781.8 over 298 frames.
M07UP73A0937I42 ratalaama 
LOG (lattice-best-path:main():lattice-best-path.cc:99) For utterance M07UP73A0938I42, best cost 17.7464 + 1743.29 = 1761.04 over 298 frames.
M07UP73A0938I42 indoura 
LOG (lattice-best-path:main():lattice-best-path.cc:99) For utterance M07UP74A0802I303, best cost 30.196 + 2898 = 2928.19 over 498 frames.
M07UP74A0802I303 burahaanapura 
LOG (lattice-best-path:main():lattice-best-path.cc:99) For utterance M07UP74A0813I300, best cost 20.9082 + 2832.55 = 2853.46 over 498 frames.
M07UP74A0813I300 gunaa 
LOG (lattice-best-path:main():lattice-best-path.cc:99) For utterance M07UP74A0814I301, best cost 20.7882 + 2798.23 = 2819.02 over 504 frames.
M07UP74A0814I301 anuupapura 
LOG (lattice-best-path:main():lattice-best-path.cc:99) For utterance M07UP74A0817I42, best cost 19.3887 + 1745.37 = 1764.75 over 300 frames.
M07UP74A0817I42 raayeseena 
LOG (lattice-best-path:main():lattice-best-path.cc:99) For utterance M07UP75A0755I303, best cost 31.3631 + 3019.21 = 3050.57 over 498 frames.
M07UP75A0755I303 mandxalaa 
LOG (lattice-scale:main():lattice-scale.cc:90) Done 553 lattices.
LOG (lattice-add-penalty:main():lattice-add-penalty.cc:62) Done adding word insertion penalty to 553 lattices.
LOG (lattice-best-path:main():lattice-best-path.cc:99) For utterance M07UP75A0758I300, best cost 22.9696 + 2992.57 = 3015.54 over 498 frames.
M07UP75A0758I300 katxanii 
LOG (lattice-best-path:main():lattice-best-path.cc:99) For utterance M07UP75A0764I302, best cost 28.0808 + 3123.94 = 3152.02 over 498 frames.
M07UP75A0764I302 mandxalaa 
LOG (lattice-best-path:main():lattice-best-path.cc:99) For utterance M07UP75A0764I42, best cost 20.0582 + 1909.14 = 1929.19 over 298 frames.
M07UP75A0764I42 burahaanapura 
LOG (lattice-best-path:main():lattice-best-path.cc:99) For utterance M07UP75A0768I40, best cost 15.0098 + 1791.41 = 1806.42 over 298 frames.
M07UP75A0768I40 ashokanagara 
LOG (lattice-best-path:main():lattice-best-path.cc:99) For utterance M07UP75A0769I301, best cost 25.409 + 2845.04 = 2870.44 over 498 frames.
M07UP75A0769I301 jabalapura 
LOG (lattice-best-path:main():lattice-best-path.cc:99) For utterance M07UP75A0770I303, best cost 29.9166 + 2947.76 = 2977.67 over 498 frames.
M07UP75A0770I303 khandxawaa 
LOG (lattice-best-path:main():lattice-best-path.cc:99) For utterance M07UP75A0771I42, best cost 16.3295 + 1777.3 = 1793.63 over 298 frames.
M07UP75A0771I42 singaroulii 
LOG (lattice-best-path:main():lattice-best-path.cc:99) For utterance M07UP75A0771I43, best cost 16.5403 + 1811.8 = 1828.34 over 298 frames.
M07UP75A0771I43 jabalapura 
LOG (lattice-best-path:main():lattice-best-path.cc:99) For utterance M07UP75A0772I300, best cost 15.9385 + 2824.61 = 2840.55 over 498 frames.
M07UP75A0772I300 shiwapurii 
LOG (lattice-best-path:main():lattice-best-path.cc:99) For utterance M07UP75A0773I41, best cost 13.7975 + 1730.1 = 1743.9 over 298 frames.
M07UP75A0773I41 shyopura 
LOG (lattice-best-path:main():lattice-best-path.cc:124) Overall cost per frame is 6.14029 = 0.0520248 [graph] + 6.08826 [acoustic] over 207364 frames.
LOG (lattice-best-path:main():lattice-best-path.cc:128) Done 553 lattices, failed for 0
# Accounting: time=1 threads=1
# Ended (code 0) at Mon Jul 25 02:12:12 IST 2016, elapsed time 1 seconds
