# lattice-scale --inv-acoustic-scale=11 "ark:gunzip -c exp/tri2_1600_25600/decode/lat.*.gz|" ark:- | lattice-add-penalty --word-ins-penalty=1.0 ark:- ark:- | lattice-best-path --word-symbol-table=exp/tri2_1600_25600/graph/words.txt ark:- ark,t:- | utils/int2sym.pl -f 2- exp/tri2_1600_25600/graph/words.txt | cat > exp/tri2_1600_25600/decode/scoring_kaldi/penalty_1.0/11.txt 
# Started at Thu Jul 21 15:06:48 IST 2016
#
lattice-scale --inv-acoustic-scale=11 'ark:gunzip -c exp/tri2_1600_25600/decode/lat.*.gz|' ark:- 
lattice-best-path --word-symbol-table=exp/tri2_1600_25600/graph/words.txt ark:- ark,t:- 
lattice-add-penalty --word-ins-penalty=1.0 ark:- ark:- 
LOG (lattice-best-path:main():lattice-best-path.cc:99) For utterance F07UP02A0332I42, best cost 17.7383 + 1433.46 = 1451.2 over 300 frames.
F07UP02A0332I42 haan 
LOG (lattice-best-path:main():lattice-best-path.cc:99) For utterance F07UP02A0332I43, best cost 15.6929 + 1304.33 = 1320.02 over 298 frames.
F07UP02A0332I43 haan 
LOG (lattice-best-path:main():lattice-best-path.cc:99) For utterance F07UP06A0432I42, best cost 21.6171 + 1100.86 = 1122.48 over 300 frames.
F07UP06A0432I42 haan 
LOG (lattice-best-path:main():lattice-best-path.cc:99) For utterance F07UP07A0094I427, best cost 14.3406 + 1238.27 = 1252.61 over 298 frames.
F07UP07A0094I427 nahiin 
LOG (lattice-best-path:main():lattice-best-path.cc:99) For utterance F07UP07A0096I44, best cost 21.7103 + 1477.59 = 1499.3 over 298 frames.
F07UP07A0096I44 haan 
LOG (lattice-best-path:main():lattice-best-path.cc:99) For utterance F07UP09A0491I46, best cost 11.9913 + 1493.76 = 1505.75 over 298 frames.
F07UP09A0491I46 haan 
LOG (lattice-best-path:main():lattice-best-path.cc:99) For utterance F07UP11A1331I301, best cost 13.1484 + 1877.88 = 1891.02 over 498 frames.
F07UP11A1331I301 nahiin 
LOG (lattice-best-path:main():lattice-best-path.cc:99) For utterance F07UP19A0344I46, best cost 18.9987 + 1133.5 = 1152.5 over 298 frames.
F07UP19A0344I46 haan 
LOG (lattice-best-path:main():lattice-best-path.cc:99) For utterance F07UP21A0612I41, best cost 14.2761 + 1241.01 = 1255.28 over 298 frames.
F07UP21A0612I41 haan 
LOG (lattice-best-path:main():lattice-best-path.cc:99) For utterance F07UP22A1336I429, best cost 13.6603 + 1344.84 = 1358.5 over 298 frames.
F07UP22A1336I429 nahiin 
LOG (lattice-best-path:main():lattice-best-path.cc:99) For utterance F07UP22A1336I501, best cost 16.9633 + 1631.81 = 1648.77 over 398 frames.
F07UP22A1336I501 nahiin 
LOG (lattice-best-path:main():lattice-best-path.cc:99) For utterance F07UP22A1343I301, best cost 14.1613 + 1897.49 = 1911.65 over 498 frames.
F07UP22A1343I301 nahiin 
LOG (lattice-best-path:main():lattice-best-path.cc:99) For utterance F07UP22A1343I47, best cost 17.1181 + 1509.23 = 1526.35 over 298 frames.
F07UP22A1343I47 nahiin 
LOG (lattice-best-path:main():lattice-best-path.cc:99) For utterance F07UP22A1345I47, best cost 14.7383 + 1158.8 = 1173.54 over 298 frames.
F07UP22A1345I47 haan 
LOG (lattice-best-path:main():lattice-best-path.cc:99) For utterance F07UP22A1346I435, best cost 19.2018 + 1502.75 = 1521.96 over 300 frames.
F07UP22A1346I435 nahiin 
LOG (lattice-best-path:main():lattice-best-path.cc:99) For utterance F07UP23A0248I41, best cost 14.4594 + 1667.68 = 1682.14 over 298 frames.
F07UP23A0248I41 nahiin 
LOG (lattice-best-path:main():lattice-best-path.cc:99) For utterance F07UP24A0182I302, best cost 21.1359 + 2459.91 = 2481.05 over 498 frames.
F07UP24A0182I302 nahiin 
LOG (lattice-best-path:main():lattice-best-path.cc:99) For utterance F07UP24A0182I41, best cost 12.7594 + 1579.04 = 1591.8 over 298 frames.
F07UP24A0182I41 nahiin 
LOG (lattice-best-path:main():lattice-best-path.cc:99) For utterance F07UP24A0183I302, best cost 13.8824 + 2720.44 = 2734.32 over 498 frames.
F07UP24A0183I302 haan 
LOG (lattice-best-path:main():lattice-best-path.cc:99) For utterance F07UP24A0183I47, best cost 14.4234 + 1467.47 = 1481.9 over 298 frames.
F07UP24A0183I47 haan 
LOG (lattice-best-path:main():lattice-best-path.cc:99) For utterance F07UP25A1212I41, best cost 11.6811 + 1635 = 1646.68 over 298 frames.
F07UP25A1212I41 haan 
LOG (lattice-best-path:main():lattice-best-path.cc:99) For utterance F07UP25A1215I42, best cost 15.9412 + 1487.32 = 1503.26 over 298 frames.
F07UP25A1215I42 haan 
LOG (lattice-best-path:main():lattice-best-path.cc:99) For utterance F07UP26A0256I43, best cost 18.0929 + 1469.94 = 1488.03 over 298 frames.
F07UP26A0256I43 nahiin 
LOG (lattice-best-path:main():lattice-best-path.cc:99) For utterance F07UP28A0226I300, best cost 18.0961 + 2684.45 = 2702.54 over 498 frames.
F07UP28A0226I300 nahiin 
LOG (lattice-best-path:main():lattice-best-path.cc:99) For utterance F07UP28A0226I45, best cost 12.5424 + 1572.3 = 1584.84 over 298 frames.
F07UP28A0226I45 nahiin 
LOG (lattice-best-path:main():lattice-best-path.cc:99) For utterance F07UP28A0227I301, best cost 19.8711 + 2618.06 = 2637.93 over 498 frames.
F07UP28A0227I301 nahiin 
LOG (lattice-best-path:main():lattice-best-path.cc:99) For utterance F07UP28A0228I303, best cost 14.8502 + 2800.56 = 2815.41 over 498 frames.
F07UP28A0228I303 haan 
LOG (lattice-best-path:main():lattice-best-path.cc:99) For utterance F07UP29A0523I41, best cost 17.7812 + 1321.88 = 1339.66 over 298 frames.
F07UP29A0523I41 nahiin 
LOG (lattice-best-path:main():lattice-best-path.cc:99) For utterance F07UP29A0523I44, best cost 15.8714 + 1215.86 = 1231.73 over 298 frames.
F07UP29A0523I44 haan 
LOG (lattice-best-path:main():lattice-best-path.cc:99) For utterance F07UP31A1293I42, best cost 15.5875 + 1588.4 = 1603.98 over 298 frames.
F07UP31A1293I42 nahiin 
LOG (lattice-best-path:main():lattice-best-path.cc:99) For utterance F07UP34A0567I44, best cost 15.7591 + 1357.54 = 1373.3 over 300 frames.
F07UP34A0567I44 haan 
LOG (lattice-best-path:main():lattice-best-path.cc:99) For utterance F07UP35A0453I300, best cost 24.4106 + 1971.96 = 1996.37 over 498 frames.
F07UP35A0453I300 haan 
LOG (lattice-best-path:main():lattice-best-path.cc:99) For utterance F07UP37A0304I300, best cost 18.8483 + 1931.95 = 1950.79 over 498 frames.
F07UP37A0304I300 nahiin 
LOG (lattice-best-path:main():lattice-best-path.cc:99) For utterance F07UP38A0101I41, best cost 11.9887 + 1471.51 = 1483.5 over 298 frames.
F07UP38A0101I41 haan 
LOG (lattice-best-path:main():lattice-best-path.cc:99) For utterance F07UP41A0286I40, best cost 11.8118 + 1055.72 = 1067.53 over 298 frames.
F07UP41A0286I40 nahiin 
LOG (lattice-best-path:main():lattice-best-path.cc:99) For utterance F07UP41A0286I42, best cost 9.13655 + 922.179 = 931.316 over 298 frames.
F07UP41A0286I42 nahiin 
LOG (lattice-best-path:main():lattice-best-path.cc:99) For utterance F07UP52A0208I44, best cost 12.3701 + 1527.99 = 1540.36 over 298 frames.
F07UP52A0208I44 nahiin 
LOG (lattice-best-path:main():lattice-best-path.cc:99) For utterance F07UP54A1284I430, best cost 13.524 + 1285.44 = 1298.97 over 298 frames.
F07UP54A1284I430 nahiin 
LOG (lattice-best-path:main():lattice-best-path.cc:99) For utterance F07UP57A0408I41, best cost 13.9032 + 1534.89 = 1548.79 over 298 frames.
F07UP57A0408I41 nahiin 
LOG (lattice-best-path:main():lattice-best-path.cc:99) For utterance F07UP60A0943I300, best cost 24.7546 + 2603.46 = 2628.22 over 498 frames.
F07UP60A0943I300 haan 
LOG (lattice-best-path:main():lattice-best-path.cc:99) For utterance F07UP60A0944I303, best cost 15.9678 + 1804.09 = 1820.06 over 498 frames.
F07UP60A0944I303 haan 
LOG (lattice-best-path:main():lattice-best-path.cc:99) For utterance F07UP60A0949I300, best cost 30.8564 + 2091.21 = 2122.06 over 498 frames.
F07UP60A0949I300 haan 
LOG (lattice-best-path:main():lattice-best-path.cc:99) For utterance F07UP60A0949I302, best cost 25.87 + 1851.25 = 1877.12 over 498 frames.
F07UP60A0949I302 nahiin 
LOG (lattice-best-path:main():lattice-best-path.cc:99) For utterance F07UP60A0949I303, best cost 22.6267 + 1846.39 = 1869.02 over 498 frames.
F07UP60A0949I303 haan 
LOG (lattice-best-path:main():lattice-best-path.cc:99) For utterance F07UP60A0953I41, best cost 16.294 + 1173.66 = 1189.95 over 298 frames.
F07UP60A0953I41 nahiin 
LOG (lattice-best-path:main():lattice-best-path.cc:99) For utterance F07UP60A0962I427, best cost 20.5519 + 1378.81 = 1399.36 over 298 frames.
F07UP60A0962I427 haan 
LOG (lattice-best-path:main():lattice-best-path.cc:99) For utterance F07UP60A0963I46, best cost 23.8713 + 1525.9 = 1549.77 over 298 frames.
F07UP60A0963I46 haan 
LOG (lattice-best-path:main():lattice-best-path.cc:99) For utterance F07UP64A0395I300, best cost 20.6141 + 2111.4 = 2132.01 over 498 frames.
F07UP64A0395I300 nahiin 
LOG (lattice-best-path:main():lattice-best-path.cc:99) For utterance F07UP64A0397I301, best cost 16.7055 + 2505.96 = 2522.67 over 498 frames.
F07UP64A0397I301 nahiin 
LOG (lattice-best-path:main():lattice-best-path.cc:99) For utterance F07UP64A0402I41, best cost 20.3557 + 1272.98 = 1293.33 over 298 frames.
F07UP64A0402I41 haan 
LOG (lattice-best-path:main():lattice-best-path.cc:99) For utterance F07UP72A0728I300, best cost 18.6616 + 2456.94 = 2475.6 over 498 frames.
F07UP72A0728I300 haan 
LOG (lattice-best-path:main():lattice-best-path.cc:99) For utterance F07UP75A0756I300, best cost 28.4299 + 2088.65 = 2117.08 over 498 frames.
F07UP75A0756I300 nahiin 
LOG (lattice-best-path:main():lattice-best-path.cc:99) For utterance F07UP75A0763I435, best cost 13.0146 + 1151.27 = 1164.29 over 300 frames.
F07UP75A0763I435 nahiin 
LOG (lattice-best-path:main():lattice-best-path.cc:99) For utterance M07UP01A0057I427, best cost 18.2025 + 1657.16 = 1675.37 over 298 frames.
M07UP01A0057I427 haan 
LOG (lattice-best-path:main():lattice-best-path.cc:99) For utterance M07UP01A0062I412, best cost 12.4986 + 1508.27 = 1520.77 over 298 frames.
M07UP01A0062I412 haan 
LOG (lattice-best-path:main():lattice-best-path.cc:99) For utterance M07UP01A0062I45, best cost 16.5634 + 1271.57 = 1288.14 over 300 frames.
M07UP01A0062I45 nahiin 
LOG (lattice-best-path:main():lattice-best-path.cc:99) For utterance M07UP01A0063I43, best cost 13.8164 + 1609.9 = 1623.71 over 298 frames.
M07UP01A0063I43 nahiin 
LOG (lattice-best-path:main():lattice-best-path.cc:99) For utterance M07UP01A0069I413, best cost 13.1606 + 1364.45 = 1377.61 over 298 frames.
M07UP01A0069I413 haan 
LOG (lattice-best-path:main():lattice-best-path.cc:99) For utterance M07UP01A0160I420, best cost 12.4261 + 1394.02 = 1406.45 over 298 frames.
M07UP01A0160I420 nahiin 
LOG (lattice-best-path:main():lattice-best-path.cc:99) For utterance M07UP01A0160I430, best cost 14.0331 + 1458.86 = 1472.9 over 298 frames.
M07UP01A0160I430 nahiin 
LOG (lattice-best-path:main():lattice-best-path.cc:99) For utterance M07UP01A0160I47, best cost 16.5033 + 1531.33 = 1547.84 over 298 frames.
M07UP01A0160I47 haan 
LOG (lattice-best-path:main():lattice-best-path.cc:99) For utterance M07UP02A0321I47, best cost 14.4144 + 1335.75 = 1350.16 over 300 frames.
M07UP02A0321I47 nahiin 
LOG (lattice-best-path:main():lattice-best-path.cc:99) For utterance M07UP02A0323I300, best cost 12.5857 + 2055.38 = 2067.96 over 498 frames.
M07UP02A0323I300 nahiin 
LOG (lattice-best-path:main():lattice-best-path.cc:99) For utterance M07UP02A0325I43, best cost 15.1024 + 1562.52 = 1577.62 over 298 frames.
M07UP02A0325I43 nahiin 
LOG (lattice-best-path:main():lattice-best-path.cc:99) For utterance M07UP02A0329I43, best cost 16.6565 + 1151.82 = 1168.47 over 298 frames.
M07UP02A0329I43 haan 
LOG (lattice-best-path:main():lattice-best-path.cc:99) For utterance M07UP02A0330I303, best cost 17.4546 + 1779.75 = 1797.2 over 498 frames.
M07UP02A0330I303 nahiin 
LOG (lattice-best-path:main():lattice-best-path.cc:99) For utterance M07UP02A0333I45, best cost 23.3647 + 1300.79 = 1324.15 over 298 frames.
M07UP02A0333I45 haan 
LOG (lattice-best-path:main():lattice-best-path.cc:99) For utterance M07UP02A0335I301, best cost 20.0457 + 2434.15 = 2454.19 over 498 frames.
M07UP02A0335I301 haan 
LOG (lattice-best-path:main():lattice-best-path.cc:99) For utterance M07UP02A0336I44, best cost 14.5958 + 1345.04 = 1359.64 over 290 frames.
M07UP02A0336I44 nahiin 
LOG (lattice-best-path:main():lattice-best-path.cc:99) For utterance M07UP02A0337I41, best cost 17.4027 + 1549.23 = 1566.63 over 298 frames.
M07UP02A0337I41 nahiin 
LOG (lattice-best-path:main():lattice-best-path.cc:99) For utterance M07UP02A0337I44, best cost 15.7968 + 1180.83 = 1196.63 over 298 frames.
M07UP02A0337I44 haan 
LOG (lattice-best-path:main():lattice-best-path.cc:99) For utterance M07UP04A1227I45, best cost 15.7806 + 1506.27 = 1522.05 over 298 frames.
M07UP04A1227I45 nahiin 
LOG (lattice-best-path:main():lattice-best-path.cc:99) For utterance M07UP04A1230I303, best cost 39.6694 + 2179.06 = 2218.73 over 498 frames.
M07UP04A1230I303 haan 
LOG (lattice-best-path:main():lattice-best-path.cc:99) For utterance M07UP04A1235I41, best cost 12.3398 + 1514.17 = 1526.51 over 298 frames.
M07UP04A1235I41 haan 
LOG (lattice-best-path:main():lattice-best-path.cc:99) For utterance M07UP04A1235I46, best cost 16.5452 + 1158.48 = 1175.03 over 298 frames.
M07UP04A1235I46 haan 
LOG (lattice-best-path:main():lattice-best-path.cc:99) For utterance M07UP04A1236I303, best cost 22.7976 + 2251.24 = 2274.04 over 498 frames.
M07UP04A1236I303 nahiin 
LOG (lattice-best-path:main():lattice-best-path.cc:99) For utterance M07UP04A1239I301, best cost 21.85 + 1918.37 = 1940.22 over 498 frames.
M07UP04A1239I301 haan 
LOG (lattice-best-path:main():lattice-best-path.cc:99) For utterance M07UP04A1242I410, best cost 16.9462 + 1395.17 = 1412.11 over 298 frames.
M07UP04A1242I410 haan 
LOG (lattice-best-path:main():lattice-best-path.cc:99) For utterance M07UP04A1243I300, best cost 18.3094 + 2540.21 = 2558.52 over 498 frames.
M07UP04A1243I300 nahiin 
LOG (lattice-best-path:main():lattice-best-path.cc:99) For utterance M07UP04A1243I435, best cost 19.3609 + 1359.73 = 1379.09 over 300 frames.
M07UP04A1243I435 haan 
LOG (lattice-best-path:main():lattice-best-path.cc:99) For utterance M07UP04A1244I44, best cost 16.9611 + 1688.48 = 1705.44 over 298 frames.
M07UP04A1244I44 nahiin 
LOG (lattice-best-path:main():lattice-best-path.cc:99) For utterance M07UP04A1245I48, best cost 19.1695 + 1663.12 = 1682.29 over 298 frames.
M07UP04A1245I48 haan 
LOG (lattice-best-path:main():lattice-best-path.cc:99) For utterance M07UP05A0903I43, best cost 20.4343 + 1216.36 = 1236.8 over 298 frames.
M07UP05A0903I43 haan 
LOG (lattice-best-path:main():lattice-best-path.cc:99) For utterance M07UP05A0910I300, best cost 17.6546 + 1769 = 1786.65 over 498 frames.
M07UP05A0910I300 nahiin 
LOG (lattice-best-path:main():lattice-best-path.cc:99) For utterance M07UP05A0911I42, best cost 17.1665 + 1434.28 = 1451.44 over 298 frames.
M07UP05A0911I42 nahiin 
LOG (lattice-best-path:main():lattice-best-path.cc:99) For utterance M07UP05A0914I300, best cost 19.7601 + 1873.99 = 1893.75 over 498 frames.
M07UP05A0914I300 nahiin 
LOG (lattice-best-path:main():lattice-best-path.cc:99) For utterance M07UP05A0914I302, best cost 28.1546 + 2089.12 = 2117.27 over 498 frames.
M07UP05A0914I302 haan 
LOG (lattice-best-path:main():lattice-best-path.cc:99) For utterance M07UP05A0915I301, best cost 16.2867 + 1974.74 = 1991.03 over 498 frames.
M07UP05A0915I301 haan 
LOG (lattice-best-path:main():lattice-best-path.cc:99) For utterance M07UP05A0916I43, best cost 25.0663 + 1359.36 = 1384.42 over 298 frames.
M07UP05A0916I43 haan 
LOG (lattice-best-path:main():lattice-best-path.cc:99) For utterance M07UP05A0920I411, best cost 16.2587 + 1334.67 = 1350.93 over 298 frames.
M07UP05A0920I411 haan 
LOG (lattice-best-path:main():lattice-best-path.cc:99) For utterance M07UP06A0427I301, best cost 13.8476 + 1443.43 = 1457.28 over 498 frames.
M07UP06A0427I301 haan 
LOG (lattice-best-path:main():lattice-best-path.cc:99) For utterance M07UP06A0428I41, best cost 12.8401 + 1470.54 = 1483.38 over 298 frames.
M07UP06A0428I41 haan 
LOG (lattice-best-path:main():lattice-best-path.cc:99) For utterance M07UP06A0429I411, best cost 14.3471 + 1205.43 = 1219.77 over 298 frames.
M07UP06A0429I411 nahiin 
LOG (lattice-best-path:main():lattice-best-path.cc:99) For utterance M07UP06A0433I301, best cost 21.2588 + 1839.45 = 1860.71 over 498 frames.
M07UP06A0433I301 nahiin 
LOG (lattice-best-path:main():lattice-best-path.cc:99) For utterance M07UP06A0433I40, best cost 17.9909 + 1340.76 = 1358.75 over 298 frames.
M07UP06A0433I40 haan 
LOG (lattice-best-path:main():lattice-best-path.cc:99) For utterance M07UP06A0433I41, best cost 23.0473 + 1455.46 = 1478.51 over 298 frames.
M07UP06A0433I41 nahiin 
LOG (lattice-best-path:main():lattice-best-path.cc:99) For utterance M07UP06A0437I42, best cost 11.9092 + 1157.2 = 1169.11 over 298 frames.
M07UP06A0437I42 haan 
LOG (lattice-best-path:main():lattice-best-path.cc:99) For utterance M07UP06A0438I41, best cost 13.4569 + 1285.05 = 1298.51 over 298 frames.
M07UP06A0438I41 nahiin 
LOG (lattice-best-path:main():lattice-best-path.cc:99) For utterance M07UP06A0442I41, best cost 14.2973 + 1489.01 = 1503.31 over 298 frames.
M07UP06A0442I41 nahiin 
LOG (lattice-best-path:main():lattice-best-path.cc:99) For utterance M07UP06A0442I42, best cost 19.7009 + 1325.83 = 1345.53 over 300 frames.
M07UP06A0442I42 haan 
LOG (lattice-best-path:main():lattice-best-path.cc:99) For utterance M07UP06A0444I43, best cost 19.1137 + 1151.67 = 1170.79 over 298 frames.
M07UP06A0444I43 nahiin 
LOG (lattice-best-path:main():lattice-best-path.cc:99) For utterance M07UP06A0445I301, best cost 23.5485 + 2209.4 = 2232.95 over 490 frames.
M07UP06A0445I301 haan 
LOG (lattice-best-path:main():lattice-best-path.cc:99) For utterance M07UP06A0447I41, best cost 17.8996 + 1187.66 = 1205.56 over 298 frames.
M07UP06A0447I41 nahiin 
LOG (lattice-best-path:main():lattice-best-path.cc:99) For utterance M07UP07A0134I42, best cost 12.4025 + 1146.36 = 1158.76 over 298 frames.
M07UP07A0134I42 nahiin 
LOG (lattice-best-path:main():lattice-best-path.cc:99) For utterance M07UP07A0134I436, best cost 13.7732 + 1430.98 = 1444.75 over 298 frames.
M07UP07A0134I436 haan 
LOG (lattice-best-path:main():lattice-best-path.cc:99) For utterance M07UP07A0136I410, best cost 13.9878 + 1533.66 = 1547.65 over 298 frames.
M07UP07A0136I410 nahiin 
LOG (lattice-best-path:main():lattice-best-path.cc:99) For utterance M07UP07A0136I438, best cost 22.3226 + 1469.63 = 1491.95 over 298 frames.
M07UP07A0136I438 nahiin 
LOG (lattice-best-path:main():lattice-best-path.cc:99) For utterance M07UP07A0138I414, best cost 10.1967 + 1009.32 = 1019.52 over 298 frames.
M07UP07A0138I414 haan 
LOG (lattice-best-path:main():lattice-best-path.cc:99) For utterance M07UP07A0139I42, best cost 12.0658 + 1379.89 = 1391.96 over 298 frames.
M07UP07A0139I42 nahiin 
LOG (lattice-best-path:main():lattice-best-path.cc:99) For utterance M07UP07A0142I43, best cost 11.0376 + 1542.44 = 1553.48 over 298 frames.
M07UP07A0142I43 haan 
LOG (lattice-best-path:main():lattice-best-path.cc:99) For utterance M07UP07A0143I45, best cost 14.6209 + 1505.38 = 1520 over 298 frames.
M07UP07A0143I45 haan 
LOG (lattice-best-path:main():lattice-best-path.cc:99) For utterance M07UP07A0145I436, best cost 14.3241 + 1120.17 = 1134.49 over 298 frames.
M07UP07A0145I436 haan 
LOG (lattice-best-path:main():lattice-best-path.cc:99) For utterance M07UP09A0483I300, best cost 12.8733 + 1697.98 = 1710.85 over 498 frames.
M07UP09A0483I300 nahiin 
LOG (lattice-best-path:main():lattice-best-path.cc:99) For utterance M07UP09A0485I43, best cost 20.7987 + 1352.24 = 1373.04 over 298 frames.
M07UP09A0485I43 haan 
LOG (lattice-best-path:main():lattice-best-path.cc:99) For utterance M07UP09A0488I43, best cost 10.4097 + 1594.85 = 1605.26 over 298 frames.
M07UP09A0488I43 nahiin 
LOG (lattice-best-path:main():lattice-best-path.cc:99) For utterance M07UP09A0489I300, best cost 20.3481 + 1959.21 = 1979.56 over 498 frames.
M07UP09A0489I300 nahiin 
LOG (lattice-best-path:main():lattice-best-path.cc:99) For utterance M07UP09A0490I301, best cost 15.8839 + 1715.81 = 1731.69 over 498 frames.
M07UP09A0490I301 nahiin 
LOG (lattice-best-path:main():lattice-best-path.cc:99) For utterance M07UP09A0494I300, best cost 18.6442 + 1884.7 = 1903.35 over 498 frames.
M07UP09A0494I300 haan 
LOG (lattice-best-path:main():lattice-best-path.cc:99) For utterance M07UP09A0495I301, best cost 21.6124 + 1884.23 = 1905.84 over 498 frames.
M07UP09A0495I301 nahiin 
LOG (lattice-best-path:main():lattice-best-path.cc:99) For utterance M07UP09A0495I41, best cost 19.7053 + 1386.57 = 1406.27 over 298 frames.
M07UP09A0495I41 nahiin 
LOG (lattice-best-path:main():lattice-best-path.cc:99) For utterance M07UP09A0496I303, best cost 14.2146 + 1833.87 = 1848.09 over 498 frames.
M07UP09A0496I303 haan 
LOG (lattice-best-path:main():lattice-best-path.cc:99) For utterance M07UP09A0499I43, best cost 12.5409 + 992.616 = 1005.16 over 298 frames.
M07UP09A0499I43 nahiin 
LOG (lattice-best-path:main():lattice-best-path.cc:99) For utterance M07UP09A0500I42, best cost 23.2943 + 1462.76 = 1486.06 over 298 frames.
M07UP09A0500I42 haan 
LOG (lattice-best-path:main():lattice-best-path.cc:99) For utterance M07UP09A0500I44, best cost 18.2268 + 1187.26 = 1205.49 over 298 frames.
M07UP09A0500I44 haan 
LOG (lattice-best-path:main():lattice-best-path.cc:99) For utterance M07UP09A0503I301, best cost 15.1897 + 2164.76 = 2179.95 over 498 frames.
M07UP09A0503I301 nahiin 
LOG (lattice-best-path:main():lattice-best-path.cc:99) For utterance M07UP09A0505I300, best cost 23.1709 + 2479.33 = 2502.5 over 498 frames.
M07UP09A0505I300 haan 
LOG (lattice-best-path:main():lattice-best-path.cc:99) For utterance M07UP09A0505I504, best cost 15.083 + 1439 = 1454.08 over 298 frames.
M07UP09A0505I504 nahiin 
LOG (lattice-best-path:main():lattice-best-path.cc:99) For utterance M07UP11A1317I41, best cost 14.596 + 1147.82 = 1162.42 over 298 frames.
M07UP11A1317I41 haan 
LOG (lattice-best-path:main():lattice-best-path.cc:99) For utterance M07UP11A1319I300, best cost 26.1095 + 1925.84 = 1951.95 over 498 frames.
M07UP11A1319I300 nahiin 
LOG (lattice-best-path:main():lattice-best-path.cc:99) For utterance M07UP11A1328I301, best cost 31.5578 + 1919.37 = 1950.92 over 498 frames.
M07UP11A1328I301 nahiin 
LOG (lattice-best-path:main():lattice-best-path.cc:99) For utterance M07UP11A1337I301, best cost 17.897 + 1893.72 = 1911.62 over 498 frames.
M07UP11A1337I301 nahiin 
LOG (lattice-best-path:main():lattice-best-path.cc:99) For utterance M07UP11A1349I303, best cost 23.2344 + 2343.82 = 2367.06 over 498 frames.
M07UP11A1349I303 nahiin 
LOG (lattice-best-path:main():lattice-best-path.cc:99) For utterance M07UP11A1351I302, best cost 24.3276 + 2043.87 = 2068.2 over 498 frames.
M07UP11A1351I302 nahiin 
LOG (lattice-best-path:main():lattice-best-path.cc:99) For utterance M07UP11A1352I427, best cost 15.5417 + 1205.72 = 1221.26 over 298 frames.
M07UP11A1352I427 nahiin 
LOG (lattice-best-path:main():lattice-best-path.cc:99) For utterance M07UP11A1352I429, best cost 14.8175 + 1201.91 = 1216.73 over 298 frames.
M07UP11A1352I429 haan 
LOG (lattice-best-path:main():lattice-best-path.cc:99) For utterance M07UP13A0882I300, best cost 17.3355 + 2413.88 = 2431.21 over 498 frames.
M07UP13A0882I300 haan 
LOG (lattice-best-path:main():lattice-best-path.cc:99) For utterance M07UP13A0882I301, best cost 20.0283 + 2474.41 = 2494.44 over 498 frames.
M07UP13A0882I301 haan 
LOG (lattice-best-path:main():lattice-best-path.cc:99) For utterance M07UP13A0884I303, best cost 21.0054 + 2433.95 = 2454.96 over 498 frames.
M07UP13A0884I303 nahiin 
LOG (lattice-best-path:main():lattice-best-path.cc:99) For utterance M07UP13A0888I41, best cost 14.7542 + 1366.88 = 1381.64 over 298 frames.
M07UP13A0888I41 haan 
LOG (lattice-best-path:main():lattice-best-path.cc:99) For utterance M07UP13A0889I41, best cost 21.04 + 1687.78 = 1708.82 over 298 frames.
M07UP13A0889I41 nahiin 
LOG (lattice-best-path:main():lattice-best-path.cc:99) For utterance M07UP13A0890I43, best cost 15.1507 + 1753.94 = 1769.09 over 298 frames.
M07UP13A0890I43 nahiin 
LOG (lattice-best-path:main():lattice-best-path.cc:99) For utterance M07UP13A0897I302, best cost 27.5487 + 2219.98 = 2247.53 over 498 frames.
M07UP13A0897I302 haan 
LOG (lattice-best-path:main():lattice-best-path.cc:99) For utterance M07UP13A0897I41, best cost 16.4204 + 1331.98 = 1348.4 over 298 frames.
M07UP13A0897I41 haan 
LOG (lattice-best-path:main():lattice-best-path.cc:99) For utterance M07UP13A0898I303, best cost 19.414 + 2429.51 = 2448.92 over 498 frames.
M07UP13A0898I303 haan 
LOG (lattice-best-path:main():lattice-best-path.cc:99) For utterance M07UP13A0900I436, best cost 17.0336 + 1358.29 = 1375.32 over 298 frames.
M07UP13A0900I436 nahiin 
LOG (lattice-best-path:main():lattice-best-path.cc:99) For utterance M07UP14A0572I301, best cost 19.577 + 1855.33 = 1874.91 over 498 frames.
M07UP14A0572I301 haan 
LOG (lattice-best-path:main():lattice-best-path.cc:99) For utterance M07UP14A0576I41, best cost 19.9823 + 1411.43 = 1431.41 over 298 frames.
M07UP14A0576I41 haan 
LOG (lattice-best-path:main():lattice-best-path.cc:99) For utterance M07UP14A0583I300, best cost 26.7225 + 2332.14 = 2358.86 over 498 frames.
M07UP14A0583I300 nahiin 
LOG (lattice-best-path:main():lattice-best-path.cc:99) For utterance M07UP14A0588I41, best cost 16.5822 + 1342.61 = 1359.19 over 300 frames.
M07UP14A0588I41 nahiin 
LOG (lattice-best-path:main():lattice-best-path.cc:99) For utterance M07UP14A0590I300, best cost 20.9318 + 1941.36 = 1962.29 over 498 frames.
M07UP14A0590I300 nahiin 
LOG (lattice-best-path:main():lattice-best-path.cc:99) For utterance M07UP14A0590I43, best cost 19.9418 + 1363.46 = 1383.4 over 298 frames.
M07UP14A0590I43 nahiin 
LOG (lattice-best-path:main():lattice-best-path.cc:99) For utterance M07UP14A0591I302, best cost 11.8458 + 1889.63 = 1901.47 over 498 frames.
M07UP14A0591I302 haan 
LOG (lattice-best-path:main():lattice-best-path.cc:99) For utterance M07UP14A0591I303, best cost 15.0509 + 2406.77 = 2421.82 over 498 frames.
M07UP14A0591I303 haan 
LOG (lattice-best-path:main():lattice-best-path.cc:99) For utterance M07UP18A0362I47, best cost 11.3559 + 1365.77 = 1377.13 over 298 frames.
M07UP18A0362I47 nahiin 
LOG (lattice-best-path:main():lattice-best-path.cc:99) For utterance M07UP18A0363I300, best cost 20.8614 + 1973.38 = 1994.24 over 498 frames.
M07UP18A0363I300 nahiin 
LOG (lattice-best-path:main():lattice-best-path.cc:99) For utterance M07UP18A0363I302, best cost 20.0533 + 1832.43 = 1852.48 over 498 frames.
M07UP18A0363I302 nahiin 
LOG (lattice-best-path:main():lattice-best-path.cc:99) For utterance M07UP18A0365I42, best cost 18.4516 + 1307.29 = 1325.74 over 298 frames.
M07UP18A0365I42 haan 
LOG (lattice-best-path:main():lattice-best-path.cc:99) For utterance M07UP18A0366I41, best cost 18.01 + 1346.6 = 1364.61 over 298 frames.
M07UP18A0366I41 nahiin 
LOG (lattice-best-path:main():lattice-best-path.cc:99) For utterance M07UP18A0367I43, best cost 14.6082 + 1362.93 = 1377.54 over 298 frames.
M07UP18A0367I43 haan 
LOG (lattice-best-path:main():lattice-best-path.cc:99) For utterance M07UP18A0368I301, best cost 30.0712 + 2315.31 = 2345.38 over 498 frames.
M07UP18A0368I301 haan 
LOG (lattice-best-path:main():lattice-best-path.cc:99) For utterance M07UP18A0368I49, best cost 18.7678 + 1374.77 = 1393.54 over 298 frames.
M07UP18A0368I49 nahiin 
LOG (lattice-best-path:main():lattice-best-path.cc:99) For utterance M07UP18A0369I48, best cost 21.97 + 1648.5 = 1670.47 over 298 frames.
M07UP18A0369I48 haan 
LOG (lattice-best-path:main():lattice-best-path.cc:99) For utterance M07UP18A0371I300, best cost 20.4145 + 2507.51 = 2527.93 over 498 frames.
M07UP18A0371I300 nahiin 
LOG (lattice-best-path:main():lattice-best-path.cc:99) For utterance M07UP18A0374I300, best cost 20.3179 + 2859.65 = 2879.97 over 498 frames.
M07UP18A0374I300 nahiin 
LOG (lattice-best-path:main():lattice-best-path.cc:99) For utterance M07UP18A0374I48, best cost 17.9021 + 1516.52 = 1534.42 over 298 frames.
M07UP18A0374I48 nahiin 
LOG (lattice-best-path:main():lattice-best-path.cc:99) For utterance M07UP18A0375I45, best cost 16.2018 + 1510.59 = 1526.79 over 298 frames.
M07UP18A0375I45 nahiin 
LOG (lattice-best-path:main():lattice-best-path.cc:99) For utterance M07UP18A0376I43, best cost 16.6951 + 1198.91 = 1215.61 over 298 frames.
M07UP18A0376I43 nahiin 
LOG (lattice-best-path:main():lattice-best-path.cc:99) For utterance M07UP18A0376I49, best cost 15.6211 + 1294.06 = 1309.68 over 298 frames.
M07UP18A0376I49 haan 
LOG (lattice-best-path:main():lattice-best-path.cc:99) For utterance M07UP18A0378I302, best cost 20.0237 + 2724.4 = 2744.43 over 498 frames.
M07UP18A0378I302 nahiin 
LOG (lattice-best-path:main():lattice-best-path.cc:99) For utterance M07UP18A0380I300, best cost 17.8523 + 2340.04 = 2357.89 over 498 frames.
M07UP18A0380I300 nahiin 
LOG (lattice-best-path:main():lattice-best-path.cc:99) For utterance M07UP19A0341I48, best cost 11.6106 + 1069.88 = 1081.49 over 298 frames.
M07UP19A0341I48 haan 
LOG (lattice-best-path:main():lattice-best-path.cc:99) For utterance M07UP19A0345I300, best cost 21.5142 + 2741.14 = 2762.65 over 490 frames.
M07UP19A0345I300 nahiin 
LOG (lattice-best-path:main():lattice-best-path.cc:99) For utterance M07UP19A0345I45, best cost 17.9862 + 1240.54 = 1258.52 over 298 frames.
M07UP19A0345I45 haan 
LOG (lattice-best-path:main():lattice-best-path.cc:99) For utterance M07UP19A0346I301, best cost 23.8037 + 2507.48 = 2531.29 over 498 frames.
M07UP19A0346I301 haan 
LOG (lattice-best-path:main():lattice-best-path.cc:99) For utterance M07UP19A0348I301, best cost 31.538 + 1963.34 = 1994.88 over 498 frames.
M07UP19A0348I301 nahiin 
LOG (lattice-best-path:main():lattice-best-path.cc:99) For utterance M07UP19A0354I301, best cost 21.9278 + 2628.19 = 2650.12 over 498 frames.
M07UP19A0354I301 nahiin 
LOG (lattice-best-path:main():lattice-best-path.cc:99) For utterance M07UP19A0354I303, best cost 25.1729 + 2497.86 = 2523.04 over 498 frames.
M07UP19A0354I303 nahiin 
LOG (lattice-best-path:main():lattice-best-path.cc:99) For utterance M07UP19A0356I43, best cost 17.5565 + 1320.59 = 1338.14 over 298 frames.
M07UP19A0356I43 nahiin 
LOG (lattice-best-path:main():lattice-best-path.cc:99) For utterance M07UP19A0357I300, best cost 29.3908 + 2128.87 = 2158.26 over 498 frames.
M07UP19A0357I300 nahiin 
LOG (lattice-best-path:main():lattice-best-path.cc:99) For utterance M07UP19A0358I303, best cost 25.4548 + 1908.73 = 1934.19 over 498 frames.
M07UP19A0358I303 nahiin 
LOG (lattice-best-path:main():lattice-best-path.cc:99) For utterance M07UP19A0359I40, best cost 12.0887 + 1193.22 = 1205.31 over 298 frames.
M07UP19A0359I40 nahiin 
LOG (lattice-best-path:main():lattice-best-path.cc:99) For utterance M07UP20A0734I300, best cost 30.6814 + 2115.12 = 2145.8 over 498 frames.
M07UP20A0734I300 haan 
LOG (lattice-best-path:main():lattice-best-path.cc:99) For utterance M07UP20A0739I44, best cost 19.1938 + 1205.46 = 1224.65 over 298 frames.
M07UP20A0739I44 haan 
LOG (lattice-best-path:main():lattice-best-path.cc:99) For utterance M07UP20A0739I45, best cost 12.7455 + 1102.57 = 1115.32 over 300 frames.
M07UP20A0739I45 haan 
LOG (lattice-best-path:main():lattice-best-path.cc:99) For utterance M07UP20A0740I302, best cost 17.9313 + 2042.94 = 2060.87 over 498 frames.
M07UP20A0740I302 nahiin 
LOG (lattice-best-path:main():lattice-best-path.cc:99) For utterance M07UP20A0742I302, best cost 16.7624 + 1662.79 = 1679.55 over 498 frames.
M07UP20A0742I302 nahiin 
LOG (lattice-best-path:main():lattice-best-path.cc:99) For utterance M07UP20A0750I40, best cost 18.3828 + 1386.21 = 1404.59 over 298 frames.
M07UP20A0750I40 haan 
LOG (lattice-best-path:main():lattice-best-path.cc:99) For utterance M07UP20A0753I43, best cost 12.4659 + 1603.63 = 1616.09 over 298 frames.
M07UP20A0753I43 nahiin 
LOG (lattice-best-path:main():lattice-best-path.cc:99) For utterance M07UP21A0593I302, best cost 26.2575 + 2414.35 = 2440.61 over 498 frames.
M07UP21A0593I302 nahiin 
LOG (lattice-best-path:main():lattice-best-path.cc:99) For utterance M07UP21A0598I41, best cost 18.0143 + 1247.56 = 1265.58 over 298 frames.
M07UP21A0598I41 haan 
LOG (lattice-best-path:main():lattice-best-path.cc:99) For utterance M07UP21A0600I300, best cost 29.4518 + 2273.22 = 2302.67 over 498 frames.
M07UP21A0600I300 nahiin 
LOG (lattice-best-path:main():lattice-best-path.cc:99) For utterance M07UP21A0600I42, best cost 27.0428 + 1287.99 = 1315.03 over 298 frames.
M07UP21A0600I42 haan 
LOG (lattice-best-path:main():lattice-best-path.cc:99) For utterance M07UP21A0606I301, best cost 23.3976 + 2257.34 = 2280.74 over 498 frames.
M07UP21A0606I301 nahiin 
LOG (lattice-best-path:main():lattice-best-path.cc:99) For utterance M07UP21A0606I302, best cost 18.7719 + 2531.28 = 2550.06 over 498 frames.
M07UP21A0606I302 haan 
LOG (lattice-best-path:main():lattice-best-path.cc:99) For utterance M07UP21A0607I301, best cost 24.0283 + 2077.84 = 2101.87 over 498 frames.
M07UP21A0607I301 haan 
LOG (lattice-best-path:main():lattice-best-path.cc:99) For utterance M07UP22A1323I47, best cost 10.5736 + 996.475 = 1007.05 over 298 frames.
M07UP22A1323I47 nahiin 
LOG (lattice-best-path:main():lattice-best-path.cc:99) For utterance M07UP22A1326I300, best cost 23.5424 + 2126.39 = 2149.93 over 498 frames.
M07UP22A1326I300 nahiin 
LOG (lattice-best-path:main():lattice-best-path.cc:99) For utterance M07UP22A1342I301, best cost 20.0112 + 1849.76 = 1869.77 over 498 frames.
M07UP22A1342I301 nahiin 
LOG (lattice-best-path:main():lattice-best-path.cc:99) For utterance M07UP22A1347I43, best cost 15.4974 + 1662.13 = 1677.63 over 298 frames.
M07UP22A1347I43 nahiin 
LOG (lattice-best-path:main():lattice-best-path.cc:99) For utterance M07UP22A1347I47, best cost 17.283 + 1581.28 = 1598.56 over 300 frames.
M07UP22A1347I47 nahiin 
LOG (lattice-best-path:main():lattice-best-path.cc:99) For utterance M07UP22A1355I301, best cost 22.7019 + 2395.77 = 2418.47 over 498 frames.
M07UP22A1355I301 haan 
LOG (lattice-best-path:main():lattice-best-path.cc:99) For utterance M07UP22A1355I47, best cost 18.6021 + 1322.53 = 1341.13 over 298 frames.
M07UP22A1355I47 nahiin 
LOG (lattice-best-path:main():lattice-best-path.cc:99) For utterance M07UP22A1357I300, best cost 20.1341 + 2038.51 = 2058.64 over 498 frames.
M07UP22A1357I300 nahiin 
LOG (lattice-best-path:main():lattice-best-path.cc:99) For utterance M07UP22A1357I45, best cost 12.1821 + 1254.14 = 1266.33 over 298 frames.
M07UP22A1357I45 nahiin 
LOG (lattice-best-path:main():lattice-best-path.cc:99) For utterance M07UP22A1357I47, best cost 13.3415 + 1264.2 = 1277.54 over 298 frames.
M07UP22A1357I47 nahiin 
LOG (lattice-best-path:main():lattice-best-path.cc:99) For utterance M07UP23A0224I44, best cost 17.8412 + 1637.84 = 1655.68 over 298 frames.
M07UP23A0224I44 haan 
LOG (lattice-best-path:main():lattice-best-path.cc:99) For utterance M07UP23A0233I43, best cost 13.2334 + 1096.02 = 1109.26 over 298 frames.
M07UP23A0233I43 haan 
LOG (lattice-best-path:main():lattice-best-path.cc:99) For utterance M07UP23A0234I41, best cost 14.8184 + 1682.56 = 1697.37 over 298 frames.
M07UP23A0234I41 haan 
LOG (lattice-best-path:main():lattice-best-path.cc:99) For utterance M07UP23A0235I42, best cost 11.8871 + 1633.76 = 1645.65 over 298 frames.
M07UP23A0235I42 nahiin 
LOG (lattice-best-path:main():lattice-best-path.cc:99) For utterance M07UP23A0236I43, best cost 17.7792 + 1450.32 = 1468.09 over 298 frames.
M07UP23A0236I43 nahiin 
LOG (lattice-best-path:main():lattice-best-path.cc:99) For utterance M07UP23A0239I40, best cost 11.6637 + 1553.68 = 1565.34 over 298 frames.
M07UP23A0239I40 haan 
LOG (lattice-best-path:main():lattice-best-path.cc:99) For utterance M07UP23A0242I42, best cost 18.3378 + 1519.06 = 1537.4 over 298 frames.
M07UP23A0242I42 haan 
LOG (lattice-best-path:main():lattice-best-path.cc:99) For utterance M07UP24A0171I300, best cost 21.7271 + 2214 = 2235.73 over 498 frames.
M07UP24A0171I300 haan 
LOG (lattice-best-path:main():lattice-best-path.cc:99) For utterance M07UP24A0172I45, best cost 12.8459 + 1506.9 = 1519.75 over 298 frames.
M07UP24A0172I45 haan 
LOG (lattice-best-path:main():lattice-best-path.cc:99) For utterance M07UP24A0172I49, best cost 13.6965 + 1488.44 = 1502.14 over 298 frames.
M07UP24A0172I49 nahiin 
LOG (lattice-best-path:main():lattice-best-path.cc:99) For utterance M07UP24A0173I44, best cost 12.3147 + 1155.06 = 1167.37 over 298 frames.
M07UP24A0173I44 nahiin 
LOG (lattice-best-path:main():lattice-best-path.cc:99) For utterance M07UP24A0173I46, best cost 10.7477 + 1030.56 = 1041.31 over 298 frames.
M07UP24A0173I46 nahiin 
LOG (lattice-best-path:main():lattice-best-path.cc:99) For utterance M07UP24A0175I301, best cost 27.6761 + 2165.09 = 2192.77 over 498 frames.
M07UP24A0175I301 nahiin 
LOG (lattice-best-path:main():lattice-best-path.cc:99) For utterance M07UP24A0177F606, best cost 22.9972 + 3810.36 = 3833.35 over 998 frames.
M07UP24A0177F606 nahiin 
LOG (lattice-best-path:main():lattice-best-path.cc:99) For utterance M07UP24A0179I302, best cost 25.1436 + 1994.33 = 2019.47 over 498 frames.
M07UP24A0179I302 haan 
LOG (lattice-best-path:main():lattice-best-path.cc:99) For utterance M07UP24A0181I301, best cost 12.7449 + 2716.14 = 2728.88 over 498 frames.
M07UP24A0181I301 nahiin 
LOG (lattice-best-path:main():lattice-best-path.cc:99) For utterance M07UP24A0181I42, best cost 13.1519 + 1547.43 = 1560.58 over 298 frames.
M07UP24A0181I42 nahiin 
LOG (lattice-best-path:main():lattice-best-path.cc:99) For utterance M07UP24A0181I48, best cost 16.5171 + 1462.66 = 1479.17 over 298 frames.
M07UP24A0181I48 haan 
LOG (lattice-best-path:main():lattice-best-path.cc:99) For utterance M07UP24A0185I303, best cost 18.7918 + 2360.89 = 2379.68 over 498 frames.
M07UP24A0185I303 nahiin 
LOG (lattice-best-path:main():lattice-best-path.cc:99) For utterance M07UP24A0188I302, best cost 21.4875 + 2139.07 = 2160.56 over 498 frames.
M07UP24A0188I302 nahiin 
LOG (lattice-best-path:main():lattice-best-path.cc:99) For utterance M07UP24A0191I300, best cost 16.6 + 1912.64 = 1929.24 over 498 frames.
M07UP24A0191I300 haan 
LOG (lattice-best-path:main():lattice-best-path.cc:99) For utterance M07UP25A1205I302, best cost 27.1553 + 2541.82 = 2568.97 over 498 frames.
M07UP25A1205I302 nahiin 
LOG (lattice-best-path:main():lattice-best-path.cc:99) For utterance M07UP25A1205I43, best cost 19.9252 + 1540.9 = 1560.82 over 298 frames.
M07UP25A1205I43 haan 
LOG (lattice-best-path:main():lattice-best-path.cc:99) For utterance M07UP25A1206I45, best cost 25.1727 + 1440.53 = 1465.7 over 298 frames.
M07UP25A1206I45 haan 
LOG (lattice-best-path:main():lattice-best-path.cc:99) For utterance M07UP25A1209I41, best cost 12.1353 + 1359.77 = 1371.9 over 298 frames.
M07UP25A1209I41 haan 
LOG (lattice-best-path:main():lattice-best-path.cc:99) For utterance M07UP25A1216I41, best cost 12.3747 + 1619.75 = 1632.13 over 298 frames.
M07UP25A1216I41 nahiin 
LOG (lattice-best-path:main():lattice-best-path.cc:99) For utterance M07UP25A1220I300, best cost 29.6702 + 2206.22 = 2235.89 over 498 frames.
M07UP25A1220I300 haan 
LOG (lattice-best-path:main():lattice-best-path.cc:99) For utterance M07UP25A1220I42, best cost 16.6684 + 1338.18 = 1354.84 over 298 frames.
M07UP25A1220I42 nahiin 
LOG (lattice-best-path:main():lattice-best-path.cc:99) For utterance M07UP25A1261I302, best cost 25.0219 + 2565.54 = 2590.56 over 500 frames.
M07UP25A1261I302 nahiin 
LOG (lattice-best-path:main():lattice-best-path.cc:99) For utterance M07UP26A0214I42, best cost 13.1684 + 1670.67 = 1683.84 over 298 frames.
M07UP26A0214I42 haan 
LOG (lattice-best-path:main():lattice-best-path.cc:99) For utterance M07UP26A0255I48, best cost 13.6559 + 1319.03 = 1332.68 over 300 frames.
M07UP26A0255I48 nahiin 
LOG (lattice-best-path:main():lattice-best-path.cc:99) For utterance M07UP26A0257I47, best cost 13.3312 + 1073.15 = 1086.48 over 298 frames.
M07UP26A0257I47 haan 
LOG (lattice-best-path:main():lattice-best-path.cc:99) For utterance M07UP26A0258I414, best cost 17.6302 + 1262.34 = 1279.97 over 298 frames.
M07UP26A0258I414 haan 
LOG (lattice-best-path:main():lattice-best-path.cc:99) For utterance M07UP26A0261I47, best cost 14.3463 + 1309.39 = 1323.74 over 298 frames.
M07UP26A0261I47 haan 
LOG (lattice-best-path:main():lattice-best-path.cc:99) For utterance M07UP26A0262I41, best cost 12.7482 + 1508.45 = 1521.2 over 298 frames.
M07UP26A0262I41 haan 
LOG (lattice-best-path:main():lattice-best-path.cc:99) For utterance M07UP26A0263I43, best cost 14.5604 + 1188.32 = 1202.88 over 298 frames.
M07UP26A0263I43 haan 
LOG (lattice-best-path:main():lattice-best-path.cc:99) For utterance M07UP26A0267I44, best cost 14.5475 + 1300.88 = 1315.43 over 298 frames.
M07UP26A0267I44 haan 
LOG (lattice-best-path:main():lattice-best-path.cc:99) For utterance M07UP26A0269I47, best cost 14.2715 + 1588.66 = 1602.93 over 298 frames.
M07UP26A0269I47 haan 
LOG (lattice-best-path:main():lattice-best-path.cc:99) For utterance M07UP26A0270I42, best cost 18.5123 + 1426.24 = 1444.75 over 298 frames.
M07UP26A0270I42 nahiin 
LOG (lattice-best-path:main():lattice-best-path.cc:99) For utterance M07UP26A0272I44, best cost 10.0306 + 1029.06 = 1039.09 over 298 frames.
M07UP26A0272I44 nahiin 
LOG (lattice-best-path:main():lattice-best-path.cc:99) For utterance M07UP27A0641I438, best cost 15.8029 + 1264.36 = 1280.16 over 298 frames.
M07UP27A0641I438 nahiin 
LOG (lattice-best-path:main():lattice-best-path.cc:99) For utterance M07UP27A0647I41, best cost 12.2662 + 1320.3 = 1332.57 over 298 frames.
M07UP27A0647I41 haan 
LOG (lattice-best-path:main():lattice-best-path.cc:99) For utterance M07UP27A0647I43, best cost 15.1448 + 1334.16 = 1349.31 over 298 frames.
M07UP27A0647I43 haan 
LOG (lattice-best-path:main():lattice-best-path.cc:99) For utterance M07UP27A0657I303, best cost 22.8303 + 2240.27 = 2263.1 over 498 frames.
M07UP27A0657I303 haan 
LOG (lattice-best-path:main():lattice-best-path.cc:99) For utterance M07UP28A0216I301, best cost 12.9238 + 2398.43 = 2411.36 over 498 frames.
M07UP28A0216I301 nahiin 
LOG (lattice-best-path:main():lattice-best-path.cc:99) For utterance M07UP28A0218I300, best cost 23.3106 + 2161.24 = 2184.55 over 498 frames.
M07UP28A0218I300 nahiin 
LOG (lattice-best-path:main():lattice-best-path.cc:99) For utterance M07UP28A0219I40, best cost 13.6736 + 1346.6 = 1360.27 over 298 frames.
M07UP28A0219I40 haan 
LOG (lattice-best-path:main():lattice-best-path.cc:99) For utterance M07UP28A0219I505, best cost 14.0777 + 1315.15 = 1329.23 over 300 frames.
M07UP28A0219I505 nahiin 
LOG (lattice-best-path:main():lattice-best-path.cc:99) For utterance M07UP28A0225I302, best cost 14.4954 + 2470.29 = 2484.79 over 498 frames.
M07UP28A0225I302 haan 
LOG (lattice-best-path:main():lattice-best-path.cc:99) For utterance M07UP28A0225I40, best cost 17.8603 + 1309.29 = 1327.15 over 298 frames.
M07UP28A0225I40 haan 
LOG (lattice-best-path:main():lattice-best-path.cc:99) For utterance M07UP28A0225I41, best cost 12.2009 + 1814.34 = 1826.54 over 298 frames.
M07UP28A0225I41 nahiin 
LOG (lattice-best-path:main():lattice-best-path.cc:99) For utterance M07UP29A0506I301, best cost 19.5704 + 1980.9 = 2000.48 over 498 frames.
M07UP29A0506I301 haan 
LOG (lattice-best-path:main():lattice-best-path.cc:99) For utterance M07UP29A0509I42, best cost 19.5734 + 1334.31 = 1353.88 over 298 frames.
M07UP29A0509I42 nahiin 
LOG (lattice-best-path:main():lattice-best-path.cc:99) For utterance M07UP29A0509I45, best cost 14.7977 + 1335.33 = 1350.12 over 298 frames.
M07UP29A0509I45 haan 
LOG (lattice-best-path:main():lattice-best-path.cc:99) For utterance M07UP29A0510I303, best cost 15.4975 + 2109.72 = 2125.22 over 500 frames.
M07UP29A0510I303 haan 
LOG (lattice-best-path:main():lattice-best-path.cc:99) For utterance M07UP29A0510I44, best cost 14.5902 + 1141.04 = 1155.63 over 298 frames.
M07UP29A0510I44 haan 
LOG (lattice-best-path:main():lattice-best-path.cc:99) For utterance M07UP29A0511I301, best cost 15.6989 + 2272.11 = 2287.81 over 498 frames.
M07UP29A0511I301 nahiin 
LOG (lattice-best-path:main():lattice-best-path.cc:99) For utterance M07UP29A0511I42, best cost 15.605 + 1498.21 = 1513.81 over 298 frames.
M07UP29A0511I42 nahiin 
LOG (lattice-best-path:main():lattice-best-path.cc:99) For utterance M07UP29A0513I44, best cost 14.0466 + 1276.51 = 1290.55 over 298 frames.
M07UP29A0513I44 nahiin 
LOG (lattice-best-path:main():lattice-best-path.cc:99) For utterance M07UP29A0514I41, best cost 14.5363 + 1374.19 = 1388.72 over 298 frames.
M07UP29A0514I41 nahiin 
LOG (lattice-best-path:main():lattice-best-path.cc:99) For utterance M07UP29A0516I41, best cost 15.0274 + 1586.05 = 1601.07 over 298 frames.
M07UP29A0516I41 haan 
LOG (lattice-best-path:main():lattice-best-path.cc:99) For utterance M07UP29A0517I303, best cost 14.4305 + 2150.94 = 2165.37 over 498 frames.
M07UP29A0517I303 haan 
LOG (lattice-best-path:main():lattice-best-path.cc:99) For utterance M07UP29A0520I42, best cost 15.4187 + 1198.48 = 1213.9 over 298 frames.
M07UP29A0520I42 nahiin 
LOG (lattice-best-path:main():lattice-best-path.cc:99) For utterance M07UP29A0520I45, best cost 18.7734 + 1474.18 = 1492.95 over 298 frames.
M07UP29A0520I45 nahiin 
LOG (lattice-best-path:main():lattice-best-path.cc:99) For utterance M07UP29A0521I303, best cost 25.2665 + 2055.19 = 2080.46 over 498 frames.
M07UP29A0521I303 haan 
LOG (lattice-best-path:main():lattice-best-path.cc:99) For utterance M07UP29A0521I47, best cost 18.5701 + 1229.21 = 1247.78 over 298 frames.
M07UP29A0521I47 haan 
LOG (lattice-best-path:main():lattice-best-path.cc:99) For utterance M07UP31A1290I43, best cost 16.4109 + 1258.54 = 1274.95 over 298 frames.
M07UP31A1290I43 nahiin 
LOG (lattice-best-path:main():lattice-best-path.cc:99) For utterance M07UP31A1291I42, best cost 19.031 + 1352.15 = 1371.18 over 298 frames.
M07UP31A1291I42 nahiin 
LOG (lattice-best-path:main():lattice-best-path.cc:99) For utterance M07UP31A1292I301, best cost 24.6279 + 2087.02 = 2111.64 over 498 frames.
M07UP31A1292I301 haan 
LOG (lattice-best-path:main():lattice-best-path.cc:99) For utterance M07UP31A1294I302, best cost 33.44 + 1947.65 = 1981.09 over 498 frames.
M07UP31A1294I302 nahiin 
LOG (lattice-best-path:main():lattice-best-path.cc:99) For utterance M07UP31A1294I43, best cost 22.3996 + 1398.55 = 1420.95 over 298 frames.
M07UP31A1294I43 haan 
LOG (lattice-best-path:main():lattice-best-path.cc:99) For utterance M07UP31A1296I500, best cost 23.5845 + 1657.4 = 1680.98 over 498 frames.
M07UP31A1296I500 nahiin 
LOG (lattice-best-path:main():lattice-best-path.cc:99) For utterance M07UP31A1300I300, best cost 21.8759 + 2686.13 = 2708 over 498 frames.
M07UP31A1300I300 nahiin 
LOG (lattice-best-path:main():lattice-best-path.cc:99) For utterance M07UP31A1302I301, best cost 29.5152 + 2153.81 = 2183.33 over 498 frames.
M07UP31A1302I301 haan 
LOG (lattice-best-path:main():lattice-best-path.cc:99) For utterance M07UP31A1306I302, best cost 35.695 + 2145.34 = 2181.04 over 498 frames.
M07UP31A1306I302 nahiin 
LOG (lattice-best-path:main():lattice-best-path.cc:99) For utterance M07UP31A1306I303, best cost 15.1791 + 2766.84 = 2782.02 over 498 frames.
M07UP31A1306I303 nahiin 
LOG (lattice-best-path:main():lattice-best-path.cc:99) For utterance M07UP31A1306I43, best cost 10.5321 + 1165.28 = 1175.81 over 298 frames.
M07UP31A1306I43 haan 
LOG (lattice-best-path:main():lattice-best-path.cc:99) For utterance M07UP31A1307I430, best cost 25.5476 + 1366.09 = 1391.64 over 298 frames.
M07UP31A1307I430 nahiin 
LOG (lattice-best-path:main():lattice-best-path.cc:99) For utterance M07UP31A1308I435, best cost 20.373 + 1321.7 = 1342.08 over 298 frames.
M07UP31A1308I435 nahiin 
LOG (lattice-best-path:main():lattice-best-path.cc:99) For utterance M07UP31A1309I44, best cost 8.53757 + 1675.22 = 1683.75 over 298 frames.
M07UP31A1309I44 nahiin 
LOG (lattice-best-path:main():lattice-best-path.cc:99) For utterance M07UP31A1310I45, best cost 19.657 + 1545.15 = 1564.8 over 298 frames.
M07UP31A1310I45 nahiin 
LOG (lattice-best-path:main():lattice-best-path.cc:99) For utterance M07UP34A0551I43, best cost 11.9689 + 1450.59 = 1462.56 over 300 frames.
M07UP34A0551I43 nahiin 
LOG (lattice-best-path:main():lattice-best-path.cc:99) For utterance M07UP34A0554I301, best cost 18.89 + 2024.29 = 2043.18 over 498 frames.
M07UP34A0554I301 nahiin 
LOG (lattice-best-path:main():lattice-best-path.cc:99) For utterance M07UP34A0555I300, best cost 19.8966 + 2718.4 = 2738.29 over 498 frames.
M07UP34A0555I300 nahiin 
LOG (lattice-best-path:main():lattice-best-path.cc:99) For utterance M07UP34A0558I42, best cost 15.0299 + 1404.22 = 1419.25 over 298 frames.
M07UP34A0558I42 haan 
LOG (lattice-best-path:main():lattice-best-path.cc:99) For utterance M07UP34A0559I303, best cost 25.9113 + 2149.73 = 2175.64 over 498 frames.
M07UP34A0559I303 nahiin 
LOG (lattice-best-path:main():lattice-best-path.cc:99) For utterance M07UP34A0559I44, best cost 24.0552 + 1316.08 = 1340.14 over 298 frames.
M07UP34A0559I44 haan 
LOG (lattice-best-path:main():lattice-best-path.cc:99) For utterance M07UP34A0561I300, best cost 26.7568 + 2614.62 = 2641.38 over 498 frames.
M07UP34A0561I300 haan 
LOG (lattice-best-path:main():lattice-best-path.cc:99) For utterance M07UP34A0563I303, best cost 40.3333 + 1948.1 = 1988.44 over 498 frames.
M07UP34A0563I303 haan 
LOG (lattice-best-path:main():lattice-best-path.cc:99) For utterance M07UP34A0564I43, best cost 18.8817 + 1340.2 = 1359.08 over 298 frames.
M07UP34A0564I43 nahiin 
LOG (lattice-best-path:main():lattice-best-path.cc:99) For utterance M07UP34A0566I301, best cost 21.8173 + 1925.12 = 1946.93 over 498 frames.
M07UP34A0566I301 haan 
LOG (lattice-best-path:main():lattice-best-path.cc:99) For utterance M07UP35A0443I41, best cost 16.0342 + 1415.71 = 1431.75 over 298 frames.
M07UP35A0443I41 haan 
LOG (lattice-best-path:main():lattice-best-path.cc:99) For utterance M07UP35A0446I301, best cost 15.7786 + 2228.93 = 2244.71 over 498 frames.
M07UP35A0446I301 nahiin 
LOG (lattice-best-path:main():lattice-best-path.cc:99) For utterance M07UP35A0448I301, best cost 25.9268 + 1895.11 = 1921.03 over 498 frames.
M07UP35A0448I301 haan 
LOG (lattice-best-path:main():lattice-best-path.cc:99) For utterance M07UP35A0450I301, best cost 23.1259 + 2699.28 = 2722.41 over 498 frames.
M07UP35A0450I301 haan 
LOG (lattice-best-path:main():lattice-best-path.cc:99) For utterance M07UP35A0452I303, best cost 33.3201 + 1890.44 = 1923.76 over 498 frames.
M07UP35A0452I303 haan 
LOG (lattice-best-path:main():lattice-best-path.cc:99) For utterance M07UP35A0455I303, best cost 27.1648 + 1867.5 = 1894.67 over 498 frames.
M07UP35A0455I303 haan 
LOG (lattice-best-path:main():lattice-best-path.cc:99) For utterance M07UP35A0455I426, best cost 15.6519 + 1516.46 = 1532.11 over 298 frames.
M07UP35A0455I426 nahiin 
LOG (lattice-best-path:main():lattice-best-path.cc:99) For utterance M07UP35A0456I43, best cost 19.4922 + 1403.95 = 1423.44 over 298 frames.
M07UP35A0456I43 haan 
LOG (lattice-best-path:main():lattice-best-path.cc:99) For utterance M07UP35A0457I41, best cost 20.527 + 1486.1 = 1506.62 over 298 frames.
M07UP35A0457I41 haan 
LOG (lattice-best-path:main():lattice-best-path.cc:99) For utterance M07UP35A0459I303, best cost 17.2254 + 1999.02 = 2016.25 over 498 frames.
M07UP35A0459I303 haan 
LOG (lattice-best-path:main():lattice-best-path.cc:99) For utterance M07UP36A0825I301, best cost 33.2063 + 2215.98 = 2249.19 over 498 frames.
M07UP36A0825I301 nahiin 
LOG (lattice-best-path:main():lattice-best-path.cc:99) For utterance M07UP36A0825I40, best cost 12.9046 + 1321.05 = 1333.95 over 298 frames.
M07UP36A0825I40 nahiin 
LOG (lattice-best-path:main():lattice-best-path.cc:99) For utterance M07UP36A0827I300, best cost 25.1903 + 1821.07 = 1846.26 over 498 frames.
M07UP36A0827I300 haan 
LOG (lattice-best-path:main():lattice-best-path.cc:99) For utterance M07UP36A0829I302, best cost 14.9202 + 2182.67 = 2197.59 over 498 frames.
M07UP36A0829I302 nahiin 
LOG (lattice-best-path:main():lattice-best-path.cc:99) For utterance M07UP36A0832I302, best cost 25.4961 + 2306.67 = 2332.17 over 498 frames.
M07UP36A0832I302 nahiin 
LOG (lattice-best-path:main():lattice-best-path.cc:99) For utterance M07UP36A0840I41, best cost 15.7932 + 1119.08 = 1134.87 over 298 frames.
M07UP36A0840I41 haan 
LOG (lattice-best-path:main():lattice-best-path.cc:99) For utterance M07UP37A0301I42, best cost 12.2266 + 981.251 = 993.478 over 298 frames.
M07UP37A0301I42 haan 
LOG (lattice-best-path:main():lattice-best-path.cc:99) For utterance M07UP37A0302I45, best cost 10.8973 + 1546.73 = 1557.63 over 298 frames.
M07UP37A0302I45 haan 
LOG (lattice-best-path:main():lattice-best-path.cc:99) For utterance M07UP37A0306I47, best cost 14.9165 + 1691.05 = 1705.97 over 298 frames.
M07UP37A0306I47 haan 
LOG (lattice-best-path:main():lattice-best-path.cc:99) For utterance M07UP37A0307I303, best cost 15.1291 + 2662.96 = 2678.08 over 498 frames.
M07UP37A0307I303 nahiin 
LOG (lattice-best-path:main():lattice-best-path.cc:99) For utterance M07UP37A0309I40, best cost 8.85127 + 1723.57 = 1732.42 over 298 frames.
M07UP37A0309I40 nahiin 
LOG (lattice-best-path:main():lattice-best-path.cc:99) For utterance M07UP37A0309I44, best cost 14.3519 + 1566.47 = 1580.83 over 300 frames.
M07UP37A0309I44 haan 
LOG (lattice-best-path:main():lattice-best-path.cc:99) For utterance M07UP37A0311I43, best cost 17.0712 + 1287.39 = 1304.46 over 298 frames.
M07UP37A0311I43 nahiin 
LOG (lattice-best-path:main():lattice-best-path.cc:99) For utterance M07UP37A0311I44, best cost 14.4211 + 1288.57 = 1302.99 over 298 frames.
M07UP37A0311I44 haan 
LOG (lattice-best-path:main():lattice-best-path.cc:99) For utterance M07UP37A0311I48, best cost 12.703 + 1068.46 = 1081.17 over 300 frames.
M07UP37A0311I48 haan 
LOG (lattice-best-path:main():lattice-best-path.cc:99) For utterance M07UP37A0313I427, best cost 11.2392 + 1370.8 = 1382.04 over 298 frames.
M07UP37A0313I427 nahiin 
LOG (lattice-best-path:main():lattice-best-path.cc:99) For utterance M07UP37A0314I300, best cost 20.1177 + 2517.31 = 2537.43 over 498 frames.
M07UP37A0314I300 nahiin 
LOG (lattice-best-path:main():lattice-best-path.cc:99) For utterance M07UP37A0316I305, best cost 16.4772 + 2776.53 = 2793.01 over 498 frames.
M07UP37A0316I305 haan 
LOG (lattice-best-path:main():lattice-best-path.cc:99) For utterance M07UP37A0317I47, best cost 13.9213 + 1267.92 = 1281.84 over 298 frames.
M07UP37A0317I47 haan 
LOG (lattice-best-path:main():lattice-best-path.cc:99) For utterance M07UP37A0317I48, best cost 16.1231 + 1594.25 = 1610.37 over 298 frames.
M07UP37A0317I48 nahiin 
LOG (lattice-best-path:main():lattice-best-path.cc:99) For utterance M07UP37A0319I301, best cost 15.0254 + 2742.55 = 2757.57 over 498 frames.
M07UP37A0319I301 nahiin 
LOG (lattice-best-path:main():lattice-best-path.cc:99) For utterance M07UP38A0103I43, best cost 14.5423 + 1353.44 = 1367.98 over 298 frames.
M07UP38A0103I43 haan 
LOG (lattice-best-path:main():lattice-best-path.cc:99) For utterance M07UP38A0107I43, best cost 12.6871 + 1382.13 = 1394.82 over 298 frames.
M07UP38A0107I43 haan 
LOG (lattice-best-path:main():lattice-best-path.cc:99) For utterance M07UP39A0774I301, best cost 19.9081 + 1934 = 1953.91 over 498 frames.
M07UP39A0774I301 nahiin 
LOG (lattice-best-path:main():lattice-best-path.cc:99) For utterance M07UP39A0776I302, best cost 11.3949 + 1898.66 = 1910.06 over 498 frames.
M07UP39A0776I302 nahiin 
LOG (lattice-best-path:main():lattice-best-path.cc:99) For utterance M07UP39A0777I300, best cost 25.2567 + 2050.51 = 2075.77 over 498 frames.
M07UP39A0777I300 haan 
LOG (lattice-best-path:main():lattice-best-path.cc:99) For utterance M07UP39A0777I423, best cost 10.6007 + 1053.72 = 1064.32 over 298 frames.
M07UP39A0777I423 nahiin 
LOG (lattice-best-path:main():lattice-best-path.cc:99) For utterance M07UP39A0778I303, best cost 19.6465 + 2213.57 = 2233.22 over 498 frames.
M07UP39A0778I303 haan 
LOG (lattice-best-path:main():lattice-best-path.cc:99) For utterance M07UP39A0781I501, best cost 17.8513 + 1678.07 = 1695.92 over 398 frames.
M07UP39A0781I501 nahiin 
LOG (lattice-best-path:main():lattice-best-path.cc:99) For utterance M07UP41A0273I301, best cost 13.4353 + 2809.79 = 2823.23 over 498 frames.
M07UP41A0273I301 nahiin 
LOG (lattice-best-path:main():lattice-best-path.cc:99) For utterance M07UP41A0273I47, best cost 11.6957 + 1473.31 = 1485 over 298 frames.
M07UP41A0273I47 nahiin 
LOG (lattice-best-path:main():lattice-best-path.cc:99) For utterance M07UP41A0275I300, best cost 22.2812 + 1868.95 = 1891.23 over 498 frames.
M07UP41A0275I300 haan 
LOG (lattice-best-path:main():lattice-best-path.cc:99) For utterance M07UP41A0277I300, best cost 13.3409 + 2431.22 = 2444.56 over 498 frames.
M07UP41A0277I300 nahiin 
LOG (lattice-best-path:main():lattice-best-path.cc:99) For utterance M07UP41A0277I43, best cost 12.8395 + 1607.34 = 1620.18 over 298 frames.
M07UP41A0277I43 nahiin 
LOG (lattice-best-path:main():lattice-best-path.cc:99) For utterance M07UP41A0279I301, best cost 17.7638 + 2384.39 = 2402.15 over 498 frames.
M07UP41A0279I301 haan 
LOG (lattice-best-path:main():lattice-best-path.cc:99) For utterance M07UP41A0279I302, best cost 16.276 + 2231.13 = 2247.41 over 498 frames.
M07UP41A0279I302 haan 
LOG (lattice-best-path:main():lattice-best-path.cc:99) For utterance M07UP41A0279I47, best cost 16.1424 + 1692.6 = 1708.74 over 298 frames.
M07UP41A0279I47 nahiin 
LOG (lattice-best-path:main():lattice-best-path.cc:99) For utterance M07UP41A0280I42, best cost 14.5457 + 1446.18 = 1460.73 over 298 frames.
M07UP41A0280I42 nahiin 
LOG (lattice-best-path:main():lattice-best-path.cc:99) For utterance M07UP41A0280I45, best cost 14.1649 + 1666.31 = 1680.47 over 298 frames.
M07UP41A0280I45 nahiin 
LOG (lattice-best-path:main():lattice-best-path.cc:99) For utterance M07UP41A0283I48, best cost 12.8131 + 1056.91 = 1069.73 over 298 frames.
M07UP41A0283I48 nahiin 
LOG (lattice-best-path:main():lattice-best-path.cc:99) For utterance M07UP41A0289I303, best cost 24.6654 + 2370.44 = 2395.1 over 498 frames.
M07UP41A0289I303 nahiin 
LOG (lattice-best-path:main():lattice-best-path.cc:99) For utterance M07UP41A0289I44, best cost 13.538 + 1260.13 = 1273.67 over 300 frames.
M07UP41A0289I44 nahiin 
LOG (lattice-best-path:main():lattice-best-path.cc:99) For utterance M07UP41A0290I47, best cost 16.5436 + 1264.65 = 1281.19 over 298 frames.
M07UP41A0290I47 haan 
LOG (lattice-best-path:main():lattice-best-path.cc:99) For utterance M07UP41A0291I43, best cost 14.2156 + 1168.09 = 1182.31 over 298 frames.
M07UP41A0291I43 haan 
LOG (lattice-best-path:main():lattice-best-path.cc:99) For utterance M07UP41A0291I46, best cost 13.7853 + 1271.45 = 1285.23 over 298 frames.
M07UP41A0291I46 haan 
LOG (lattice-best-path:main():lattice-best-path.cc:99) For utterance M07UP42A0111I46, best cost 17.8861 + 1188.35 = 1206.24 over 298 frames.
M07UP42A0111I46 haan 
LOG (lattice-best-path:main():lattice-best-path.cc:99) For utterance M07UP42A0116I430, best cost 13.0593 + 1497 = 1510.06 over 298 frames.
M07UP42A0116I430 haan 
LOG (lattice-best-path:main():lattice-best-path.cc:99) For utterance M07UP42A0117I419, best cost 15.0933 + 1333.26 = 1348.35 over 298 frames.
M07UP42A0117I419 haan 
LOG (lattice-best-path:main():lattice-best-path.cc:99) For utterance M07UP42A0117I423, best cost 13.1428 + 1473.35 = 1486.49 over 298 frames.
M07UP42A0117I423 nahiin 
LOG (lattice-best-path:main():lattice-best-path.cc:99) For utterance M07UP42A0119I300, best cost 14.7351 + 2673.98 = 2688.71 over 498 frames.
M07UP42A0119I300 haan 
LOG (lattice-best-path:main():lattice-best-path.cc:99) For utterance M07UP42A0119I46, best cost 17.5506 + 1574.93 = 1592.48 over 298 frames.
M07UP42A0119I46 haan 
LOG (lattice-best-path:main():lattice-best-path.cc:99) For utterance M07UP42A0120I418, best cost 18.146 + 1381.03 = 1399.17 over 298 frames.
M07UP42A0120I418 haan 
LOG (lattice-best-path:main():lattice-best-path.cc:99) For utterance M07UP42A0120I424, best cost 17.7561 + 1381.47 = 1399.23 over 298 frames.
M07UP42A0120I424 nahiin 
LOG (lattice-best-path:main():lattice-best-path.cc:99) For utterance M07UP42A0120I429, best cost 14.9359 + 1499.63 = 1514.57 over 298 frames.
M07UP42A0120I429 haan 
LOG (lattice-best-path:main():lattice-best-path.cc:99) For utterance M07UP42A0122I302, best cost 15.915 + 2356.03 = 2371.94 over 498 frames.
M07UP42A0122I302 nahiin 
LOG (lattice-best-path:main():lattice-best-path.cc:99) For utterance M07UP42A0122I424, best cost 16.2962 + 1459.86 = 1476.16 over 298 frames.
M07UP42A0122I424 haan 
LOG (lattice-best-path:main():lattice-best-path.cc:99) For utterance M07UP42A0122I46, best cost 18.5351 + 1419.85 = 1438.38 over 298 frames.
M07UP42A0122I46 haan 
LOG (lattice-best-path:main():lattice-best-path.cc:99) For utterance M07UP42A0123I42, best cost 16.9705 + 1444.5 = 1461.47 over 298 frames.
M07UP42A0123I42 haan 
LOG (lattice-best-path:main():lattice-best-path.cc:99) For utterance M07UP42A0123I424, best cost 11.9362 + 1540.43 = 1552.36 over 298 frames.
M07UP42A0123I424 nahiin 
LOG (lattice-best-path:main():lattice-best-path.cc:99) For utterance M07UP42A0124I45, best cost 16.6555 + 1319.86 = 1336.51 over 298 frames.
M07UP42A0124I45 haan 
LOG (lattice-best-path:main():lattice-best-path.cc:99) For utterance M07UP42A0126I437, best cost 15.3659 + 1434.07 = 1449.44 over 298 frames.
M07UP42A0126I437 nahiin 
LOG (lattice-best-path:main():lattice-best-path.cc:99) For utterance M07UP43A0148I300, best cost 22.9097 + 2592.71 = 2615.62 over 498 frames.
M07UP43A0148I300 nahiin 
LOG (lattice-best-path:main():lattice-best-path.cc:99) For utterance M07UP43A0151I42, best cost 11.0367 + 1672.76 = 1683.8 over 298 frames.
M07UP43A0151I42 nahiin 
LOG (lattice-best-path:main():lattice-best-path.cc:99) For utterance M07UP43A0154I43, best cost 14.5415 + 1185.84 = 1200.38 over 298 frames.
M07UP43A0154I43 haan 
LOG (lattice-best-path:main():lattice-best-path.cc:99) For utterance M07UP43A0154I44, best cost 17.0886 + 1246.21 = 1263.3 over 298 frames.
M07UP43A0154I44 haan 
LOG (lattice-best-path:main():lattice-best-path.cc:99) For utterance M07UP43A0158I41, best cost 10.7108 + 1476.12 = 1486.83 over 298 frames.
M07UP43A0158I41 nahiin 
LOG (lattice-best-path:main():lattice-best-path.cc:99) For utterance M07UP45A0614I48, best cost 12.3492 + 1466.95 = 1479.3 over 298 frames.
M07UP45A0614I48 haan 
LOG (lattice-best-path:main():lattice-best-path.cc:99) For utterance M07UP45A0616I43, best cost 15.9495 + 1369.54 = 1385.49 over 298 frames.
M07UP45A0616I43 nahiin 
LOG (lattice-best-path:main():lattice-best-path.cc:99) For utterance M07UP45A0624I41, best cost 19.2412 + 1349.32 = 1368.56 over 298 frames.
M07UP45A0624I41 haan 
LOG (lattice-best-path:main():lattice-best-path.cc:99) For utterance M07UP45A0624I44, best cost 23.0515 + 1339.43 = 1362.48 over 298 frames.
M07UP45A0624I44 nahiin 
LOG (lattice-best-path:main():lattice-best-path.cc:99) For utterance M07UP45A0625I41, best cost 18.1876 + 1457.73 = 1475.91 over 298 frames.
M07UP45A0625I41 nahiin 
LOG (lattice-best-path:main():lattice-best-path.cc:99) For utterance M07UP45A0627I43, best cost 10.1898 + 1108.49 = 1118.68 over 298 frames.
M07UP45A0627I43 haan 
LOG (lattice-best-path:main():lattice-best-path.cc:99) For utterance M07UP45A0628I41, best cost 16.9701 + 1423.79 = 1440.76 over 298 frames.
M07UP45A0628I41 haan 
LOG (lattice-best-path:main():lattice-best-path.cc:99) For utterance M07UP45A0629I303, best cost 21.1431 + 2631.28 = 2652.42 over 498 frames.
M07UP45A0629I303 nahiin 
LOG (lattice-best-path:main():lattice-best-path.cc:99) For utterance M07UP45A0634I48, best cost 18.8092 + 1271.93 = 1290.73 over 298 frames.
M07UP45A0634I48 haan 
LOG (lattice-best-path:main():lattice-best-path.cc:99) For utterance M07UP45A0635I42, best cost 18.2003 + 1415.93 = 1434.13 over 298 frames.
M07UP45A0635I42 haan 
LOG (lattice-best-path:main():lattice-best-path.cc:99) For utterance M07UP45A0636I300, best cost 15.6401 + 1722.53 = 1738.18 over 498 frames.
M07UP45A0636I300 haan 
LOG (lattice-best-path:main():lattice-best-path.cc:99) For utterance M07UP48A0013I417, best cost 17.5628 + 1346.52 = 1364.08 over 298 frames.
M07UP48A0013I417 haan 
LOG (lattice-best-path:main():lattice-best-path.cc:99) For utterance M07UP48A0013I43, best cost 20.2458 + 1436.64 = 1456.88 over 298 frames.
M07UP48A0013I43 nahiin 
LOG (lattice-best-path:main():lattice-best-path.cc:99) For utterance M07UP48A0014I44, best cost 13.6307 + 1468.62 = 1482.25 over 298 frames.
M07UP48A0014I44 nahiin 
LOG (lattice-best-path:main():lattice-best-path.cc:99) For utterance M07UP48A0015I422, best cost 16.1737 + 1406.77 = 1422.95 over 298 frames.
M07UP48A0015I422 nahiin 
LOG (lattice-best-path:main():lattice-best-path.cc:99) For utterance M07UP48A0018I422, best cost 16.2196 + 1525.79 = 1542 over 298 frames.
M07UP48A0018I422 nahiin 
LOG (lattice-best-path:main():lattice-best-path.cc:99) For utterance M07UP48A0020I43, best cost 11.6882 + 1172.01 = 1183.7 over 298 frames.
M07UP48A0020I43 haan 
LOG (lattice-best-path:main():lattice-best-path.cc:99) For utterance M07UP48A0021I45, best cost 17.4348 + 1153.42 = 1170.86 over 298 frames.
M07UP48A0021I45 nahiin 
LOG (lattice-best-path:main():lattice-best-path.cc:99) For utterance M07UP48A0024I49, best cost 21.4278 + 1473.24 = 1494.67 over 304 frames.
M07UP48A0024I49 nahiin 
LOG (lattice-best-path:main():lattice-best-path.cc:99) For utterance M07UP48A0028I45, best cost 11.8628 + 1481.08 = 1492.94 over 298 frames.
M07UP48A0028I45 haan 
LOG (lattice-best-path:main():lattice-best-path.cc:99) For utterance M07UP48A0031I44, best cost 13.6538 + 1560.7 = 1574.36 over 298 frames.
M07UP48A0031I44 nahiin 
LOG (lattice-best-path:main():lattice-best-path.cc:99) For utterance M07UP49A0861I41, best cost 14.871 + 1131.18 = 1146.05 over 300 frames.
M07UP49A0861I41 haan 
LOG (lattice-best-path:main():lattice-best-path.cc:99) For utterance M07UP49A0863I300, best cost 29.4545 + 2328.61 = 2358.06 over 498 frames.
M07UP49A0863I300 nahiin 
LOG (lattice-best-path:main():lattice-best-path.cc:99) For utterance M07UP49A0866I504, best cost 17.3339 + 1694.99 = 1712.33 over 298 frames.
M07UP49A0866I504 nahiin 
LOG (lattice-best-path:main():lattice-best-path.cc:99) For utterance M07UP49A0869I301, best cost 20.9589 + 2309.08 = 2330.04 over 498 frames.
M07UP49A0869I301 nahiin 
LOG (lattice-best-path:main():lattice-best-path.cc:99) For utterance M07UP49A0880I43, best cost 23.9648 + 1388.23 = 1412.19 over 298 frames.
M07UP49A0880I43 haan 
LOG (lattice-best-path:main():lattice-best-path.cc:99) For utterance M07UP51A0032I301, best cost 12.3257 + 2278.53 = 2290.86 over 430 frames.
M07UP51A0032I301 nahiin 
LOG (lattice-best-path:main():lattice-best-path.cc:99) For utterance M07UP51A0033I42, best cost 19.942 + 1441.29 = 1461.24 over 298 frames.
M07UP51A0033I42 haan 
LOG (lattice-best-path:main():lattice-best-path.cc:99) For utterance M07UP51A0033I48, best cost 12.9591 + 1658.67 = 1671.63 over 298 frames.
M07UP51A0033I48 haan 
LOG (lattice-best-path:main():lattice-best-path.cc:99) For utterance M07UP51A0035I302, best cost 27.1722 + 2331.86 = 2359.04 over 498 frames.
M07UP51A0035I302 nahiin 
LOG (lattice-best-path:main():lattice-best-path.cc:99) For utterance M07UP51A0036I300, best cost 19.2007 + 2508.41 = 2527.61 over 498 frames.
M07UP51A0036I300 nahiin 
LOG (lattice-best-path:main():lattice-best-path.cc:99) For utterance M07UP51A0036I44, best cost 20.1024 + 1309.01 = 1329.11 over 298 frames.
M07UP51A0036I44 haan 
LOG (lattice-best-path:main():lattice-best-path.cc:99) For utterance M07UP51A0036I45, best cost 20.3274 + 1339.73 = 1360.06 over 298 frames.
M07UP51A0036I45 haan 
LOG (lattice-best-path:main():lattice-best-path.cc:99) For utterance M07UP51A0036I48, best cost 17.6791 + 1418.4 = 1436.08 over 298 frames.
M07UP51A0036I48 haan 
LOG (lattice-best-path:main():lattice-best-path.cc:99) For utterance M07UP51A0038I48, best cost 16.5423 + 1497.2 = 1513.74 over 298 frames.
M07UP51A0038I48 haan 
LOG (lattice-best-path:main():lattice-best-path.cc:99) For utterance M07UP51A0041I300, best cost 20.7969 + 1664.93 = 1685.73 over 498 frames.
M07UP51A0041I300 haan 
LOG (lattice-best-path:main():lattice-best-path.cc:99) For utterance M07UP51A0042I302, best cost 26.2648 + 1963.24 = 1989.5 over 498 frames.
M07UP51A0042I302 haan 
LOG (lattice-best-path:main():lattice-best-path.cc:99) For utterance M07UP51A0043I410, best cost 12.5536 + 1351.73 = 1364.28 over 298 frames.
M07UP51A0043I410 haan 
LOG (lattice-best-path:main():lattice-best-path.cc:99) For utterance M07UP51A0043I44, best cost 23.4655 + 1439.66 = 1463.12 over 298 frames.
M07UP51A0043I44 nahiin 
LOG (lattice-best-path:main():lattice-best-path.cc:99) For utterance M07UP51A0043I45, best cost 20.1238 + 1160.1 = 1180.22 over 298 frames.
M07UP51A0043I45 haan 
LOG (lattice-best-path:main():lattice-best-path.cc:99) For utterance M07UP51A0044I303, best cost 31.7589 + 2013.78 = 2045.54 over 498 frames.
M07UP51A0044I303 nahiin 
LOG (lattice-best-path:main():lattice-best-path.cc:99) For utterance M07UP51A0045I412, best cost 17.3295 + 1471.9 = 1489.22 over 298 frames.
M07UP51A0045I412 haan 
LOG (lattice-best-path:main():lattice-best-path.cc:99) For utterance M07UP51A0046I412, best cost 18.4213 + 1175.65 = 1194.08 over 298 frames.
M07UP51A0046I412 haan 
LOG (lattice-best-path:main():lattice-best-path.cc:99) For utterance M07UP51A0046I43, best cost 21.8131 + 1375.46 = 1397.27 over 298 frames.
M07UP51A0046I43 haan 
LOG (lattice-best-path:main():lattice-best-path.cc:99) For utterance M07UP51A0049I44, best cost 17.1007 + 1588.18 = 1605.28 over 298 frames.
M07UP51A0049I44 nahiin 
LOG (lattice-best-path:main():lattice-best-path.cc:99) For utterance M07UP51A0049I48, best cost 20.8711 + 1593.95 = 1614.82 over 298 frames.
M07UP51A0049I48 nahiin 
LOG (lattice-best-path:main():lattice-best-path.cc:99) For utterance M07UP51A0050I300, best cost 24.6084 + 2075.03 = 2099.64 over 498 frames.
M07UP51A0050I300 haan 
LOG (lattice-best-path:main():lattice-best-path.cc:99) For utterance M07UP51A0050I42, best cost 20.2018 + 1337.76 = 1357.96 over 298 frames.
M07UP51A0050I42 haan 
LOG (lattice-best-path:main():lattice-best-path.cc:99) For utterance M07UP51A0050I45, best cost 16.8977 + 1412.81 = 1429.7 over 298 frames.
M07UP51A0050I45 haan 
LOG (lattice-best-path:main():lattice-best-path.cc:99) For utterance M07UP51A0052I301, best cost 21.4981 + 1927.84 = 1949.34 over 498 frames.
M07UP51A0052I301 nahiin 
LOG (lattice-best-path:main():lattice-best-path.cc:99) For utterance M07UP51A0052I303, best cost 14.3133 + 1791.31 = 1805.62 over 498 frames.
M07UP51A0052I303 haan 
LOG (lattice-best-path:main():lattice-best-path.cc:99) For utterance M07UP51A0052I412, best cost 17.6708 + 1162.2 = 1179.87 over 298 frames.
M07UP51A0052I412 haan 
LOG (lattice-best-path:main():lattice-best-path.cc:99) For utterance M07UP51A0052I45, best cost 15.9801 + 1375.7 = 1391.68 over 298 frames.
M07UP51A0052I45 haan 
LOG (lattice-best-path:main():lattice-best-path.cc:99) For utterance M07UP51A0053I302, best cost 24.4533 + 1984.03 = 2008.48 over 498 frames.
M07UP51A0053I302 haan 
LOG (lattice-best-path:main():lattice-best-path.cc:99) For utterance M07UP51A0054I40, best cost 16.2188 + 1600.7 = 1616.92 over 298 frames.
M07UP51A0054I40 nahiin 
LOG (lattice-best-path:main():lattice-best-path.cc:99) For utterance M07UP51A0054I47, best cost 16.0019 + 1546.38 = 1562.38 over 298 frames.
M07UP51A0054I47 haan 
LOG (lattice-best-path:main():lattice-best-path.cc:99) For utterance M07UP51A0094I411, best cost 23.0728 + 1243.04 = 1266.11 over 298 frames.
M07UP51A0094I411 nahiin 
LOG (lattice-best-path:main():lattice-best-path.cc:99) For utterance M07UP52A0193I300, best cost 18.0264 + 2122.17 = 2140.2 over 498 frames.
M07UP52A0193I300 nahiin 
LOG (lattice-best-path:main():lattice-best-path.cc:99) For utterance M07UP52A0193I302, best cost 25.6548 + 2018.15 = 2043.8 over 498 frames.
M07UP52A0193I302 haan 
LOG (lattice-best-path:main():lattice-best-path.cc:99) For utterance M07UP52A0193I43, best cost 13.7306 + 1152.89 = 1166.62 over 298 frames.
M07UP52A0193I43 haan 
LOG (lattice-best-path:main():lattice-best-path.cc:99) For utterance M07UP52A0195I45, best cost 14.7745 + 1576.41 = 1591.19 over 298 frames.
M07UP52A0195I45 nahiin 
LOG (lattice-best-path:main():lattice-best-path.cc:99) For utterance M07UP52A0196I300, best cost 24.7479 + 2185.74 = 2210.49 over 498 frames.
M07UP52A0196I300 nahiin 
LOG (lattice-best-path:main():lattice-best-path.cc:99) For utterance M07UP52A0196I41, best cost 9.25999 + 1363.23 = 1372.49 over 292 frames.
M07UP52A0196I41 haan 
LOG (lattice-best-path:main():lattice-best-path.cc:99) For utterance M07UP52A0199I41, best cost 17.0561 + 1680.55 = 1697.6 over 298 frames.
M07UP52A0199I41 haan 
LOG (lattice-best-path:main():lattice-best-path.cc:99) For utterance M07UP52A0202I302, best cost 20.3462 + 2663.29 = 2683.64 over 498 frames.
M07UP52A0202I302 haan 
LOG (lattice-best-path:main():lattice-best-path.cc:99) For utterance M07UP52A0202I40, best cost 13.0561 + 1600.34 = 1613.39 over 298 frames.
M07UP52A0202I40 nahiin 
LOG (lattice-best-path:main():lattice-best-path.cc:99) For utterance M07UP52A0202I45, best cost 15.5231 + 1629.81 = 1645.33 over 298 frames.
M07UP52A0202I45 haan 
LOG (lattice-best-path:main():lattice-best-path.cc:99) For utterance M07UP52A0205I43, best cost 18.718 + 1403.48 = 1422.19 over 298 frames.
M07UP52A0205I43 nahiin 
LOG (lattice-best-path:main():lattice-best-path.cc:99) For utterance M07UP52A0206I302, best cost 27.2656 + 2159.71 = 2186.98 over 498 frames.
M07UP52A0206I302 haan 
LOG (lattice-best-path:main():lattice-best-path.cc:99) For utterance M07UP52A0206I40, best cost 13.6567 + 1580.35 = 1594.01 over 298 frames.
M07UP52A0206I40 haan 
LOG (lattice-best-path:main():lattice-best-path.cc:99) For utterance M07UP52A0207I42, best cost 18.5027 + 1530.22 = 1548.73 over 298 frames.
M07UP52A0207I42 haan 
LOG (lattice-best-path:main():lattice-best-path.cc:99) For utterance M07UP52A0210I300, best cost 17.7208 + 2620.11 = 2637.84 over 498 frames.
M07UP52A0210I300 nahiin 
LOG (lattice-best-path:main():lattice-best-path.cc:99) For utterance M07UP52A0210I43, best cost 19.0513 + 1598.59 = 1617.64 over 298 frames.
M07UP52A0210I43 nahiin 
LOG (lattice-best-path:main():lattice-best-path.cc:99) For utterance M07UP52A0210I603, best cost 32.2068 + 5190.91 = 5223.12 over 998 frames.
M07UP52A0210I603 nahiin 
LOG (lattice-best-path:main():lattice-best-path.cc:99) For utterance M07UP52A0211I300, best cost 19.2401 + 2786.57 = 2805.81 over 500 frames.
M07UP52A0211I300 nahiin 
LOG (lattice-best-path:main():lattice-best-path.cc:99) For utterance M07UP52A0213I45, best cost 13.8415 + 1067.8 = 1081.64 over 298 frames.
M07UP52A0213I45 nahiin 
LOG (lattice-best-path:main():lattice-best-path.cc:99) For utterance M07UP53A0072I44, best cost 11.8649 + 1484.73 = 1496.6 over 298 frames.
M07UP53A0072I44 nahiin 
LOG (lattice-best-path:main():lattice-best-path.cc:99) For utterance M07UP53A0076I413, best cost 11.6929 + 1507.96 = 1519.66 over 298 frames.
M07UP53A0076I413 nahiin 
LOG (lattice-best-path:main():lattice-best-path.cc:99) For utterance M07UP53A0079I42, best cost 14.2778 + 1524.38 = 1538.66 over 298 frames.
M07UP53A0079I42 haan 
LOG (lattice-best-path:main():lattice-best-path.cc:99) For utterance M07UP53A0080I41, best cost 15.2144 + 1030.15 = 1045.37 over 298 frames.
M07UP53A0080I41 nahiin 
LOG (lattice-best-path:main():lattice-best-path.cc:99) For utterance M07UP53A0080I413, best cost 19.8386 + 1306.48 = 1326.31 over 298 frames.
M07UP53A0080I413 nahiin 
LOG (lattice-best-path:main():lattice-best-path.cc:99) For utterance M07UP53A0080I42, best cost 15.2447 + 1226.43 = 1241.67 over 298 frames.
M07UP53A0080I42 haan 
LOG (lattice-best-path:main():lattice-best-path.cc:99) For utterance M07UP53A0081I424, best cost 10.5448 + 1076.6 = 1087.14 over 298 frames.
M07UP53A0081I424 nahiin 
LOG (lattice-best-path:main():lattice-best-path.cc:99) For utterance M07UP53A0083I419, best cost 18.6819 + 1465.39 = 1484.07 over 298 frames.
M07UP53A0083I419 nahiin 
LOG (lattice-best-path:main():lattice-best-path.cc:99) For utterance M07UP53A0085I45, best cost 16.9634 + 1596.71 = 1613.67 over 300 frames.
M07UP53A0085I45 haan 
LOG (lattice-best-path:main():lattice-best-path.cc:99) For utterance M07UP53A0088I413, best cost 15.2693 + 1553.64 = 1568.91 over 298 frames.
M07UP53A0088I413 nahiin 
LOG (lattice-best-path:main():lattice-best-path.cc:99) For utterance M07UP53A0090I410, best cost 15.9725 + 1642.56 = 1658.53 over 300 frames.
M07UP53A0090I410 nahiin 
LOG (lattice-best-path:main():lattice-best-path.cc:99) For utterance M07UP54A1272I428, best cost 13.9306 + 1429.26 = 1443.19 over 298 frames.
M07UP54A1272I428 nahiin 
LOG (lattice-best-path:main():lattice-best-path.cc:99) For utterance M07UP54A1280I300, best cost 24.0322 + 2304.19 = 2328.23 over 498 frames.
M07UP54A1280I300 nahiin 
LOG (lattice-best-path:main():lattice-best-path.cc:99) For utterance M07UP54A1290I45, best cost 18.1255 + 1509.12 = 1527.24 over 300 frames.
M07UP54A1290I45 nahiin 
LOG (lattice-best-path:main():lattice-best-path.cc:99) For utterance M07UP55A0462I422, best cost 16.4543 + 1339.97 = 1356.42 over 298 frames.
M07UP55A0462I422 nahiin 
LOG (lattice-best-path:main():lattice-best-path.cc:99) For utterance M07UP55A0464I303, best cost 20.4279 + 2050.65 = 2071.08 over 498 frames.
M07UP55A0464I303 haan 
LOG (lattice-best-path:main():lattice-best-path.cc:99) For utterance M07UP55A0464I42, best cost 19.0063 + 1398.97 = 1417.98 over 298 frames.
M07UP55A0464I42 nahiin 
LOG (lattice-best-path:main():lattice-best-path.cc:99) For utterance M07UP55A0469I300, best cost 25.1957 + 2243.5 = 2268.69 over 498 frames.
M07UP55A0469I300 nahiin 
LOG (lattice-best-path:main():lattice-best-path.cc:99) For utterance M07UP55A0469I40, best cost 22.1338 + 1242.02 = 1264.16 over 298 frames.
M07UP55A0469I40 haan 
LOG (lattice-best-path:main():lattice-best-path.cc:99) For utterance M07UP55A0470I301, best cost 24.2104 + 2132.34 = 2156.55 over 498 frames.
M07UP55A0470I301 haan 
LOG (lattice-best-path:main():lattice-best-path.cc:99) For utterance M07UP55A0474I40, best cost 15.5755 + 1648.39 = 1663.97 over 298 frames.
M07UP55A0474I40 haan 
LOG (lattice-best-path:main():lattice-best-path.cc:99) For utterance M07UP55A0476I42, best cost 20.602 + 1599.21 = 1619.81 over 298 frames.
M07UP55A0476I42 nahiin 
LOG (lattice-best-path:main():lattice-best-path.cc:99) For utterance M07UP55A0477I301, best cost 21.4105 + 2050.18 = 2071.59 over 498 frames.
M07UP55A0477I301 haan 
LOG (lattice-best-path:main():lattice-best-path.cc:99) For utterance M07UP55A0480I300, best cost 16.9479 + 2337.73 = 2354.68 over 498 frames.
M07UP55A0480I300 nahiin 
LOG (lattice-best-path:main():lattice-best-path.cc:99) For utterance M07UP56A0695I300, best cost 32.3608 + 2575.95 = 2608.31 over 498 frames.
M07UP56A0695I300 nahiin 
LOG (lattice-best-path:main():lattice-best-path.cc:99) For utterance M07UP56A0699I301, best cost 35.4422 + 2201.66 = 2237.1 over 498 frames.
M07UP56A0699I301 haan 
LOG (lattice-best-path:main():lattice-best-path.cc:99) For utterance M07UP56A0706I43, best cost 17.9573 + 1523.98 = 1541.94 over 298 frames.
M07UP56A0706I43 nahiin 
LOG (lattice-best-path:main():lattice-best-path.cc:99) For utterance M07UP56A0707I45, best cost 13.2628 + 1059.46 = 1072.72 over 298 frames.
M07UP56A0707I45 nahiin 
LOG (lattice-best-path:main():lattice-best-path.cc:99) For utterance M07UP56A0708I47, best cost 20.5331 + 1472.71 = 1493.25 over 298 frames.
M07UP56A0708I47 haan 
LOG (lattice-best-path:main():lattice-best-path.cc:99) For utterance M07UP56A0710I421, best cost 21.4546 + 1392.25 = 1413.71 over 298 frames.
M07UP56A0710I421 haan 
LOG (lattice-best-path:main():lattice-best-path.cc:99) For utterance M07UP57A0404I43, best cost 20.9828 + 1230.9 = 1251.88 over 298 frames.
M07UP57A0404I43 nahiin 
LOG (lattice-best-path:main():lattice-best-path.cc:99) For utterance M07UP57A0406I300, best cost 21.2954 + 2121.83 = 2143.13 over 498 frames.
M07UP57A0406I300 haan 
LOG (lattice-best-path:main():lattice-best-path.cc:99) For utterance M07UP57A0409I42, best cost 10.868 + 1166.22 = 1177.08 over 298 frames.
M07UP57A0409I42 nahiin 
LOG (lattice-best-path:main():lattice-best-path.cc:99) For utterance M07UP57A0411I301, best cost 17.0594 + 2296.5 = 2313.56 over 498 frames.
M07UP57A0411I301 nahiin 
LOG (lattice-best-path:main():lattice-best-path.cc:99) For utterance M07UP57A0413I301, best cost 19.0841 + 1884.58 = 1903.66 over 498 frames.
M07UP57A0413I301 nahiin 
LOG (lattice-best-path:main():lattice-best-path.cc:99) For utterance M07UP57A0413I41, best cost 12.7529 + 1557.6 = 1570.36 over 298 frames.
M07UP57A0413I41 nahiin 
LOG (lattice-best-path:main():lattice-best-path.cc:99) For utterance M07UP57A0413I507, best cost 11.9111 + 1554.94 = 1566.85 over 298 frames.
M07UP57A0413I507 haan 
LOG (lattice-best-path:main():lattice-best-path.cc:99) For utterance M07UP57A0416I301, best cost 24.1648 + 2522.69 = 2546.86 over 498 frames.
M07UP57A0416I301 haan 
LOG (lattice-best-path:main():lattice-best-path.cc:99) For utterance M07UP57A0417I301, best cost 24.1783 + 2240.41 = 2264.58 over 498 frames.
M07UP57A0417I301 haan 
LOG (lattice-best-path:main():lattice-best-path.cc:99) For utterance M07UP57A0417I42, best cost 15.9092 + 1533.64 = 1549.54 over 298 frames.
M07UP57A0417I42 haan 
LOG (lattice-best-path:main():lattice-best-path.cc:99) For utterance M07UP57A0418I303, best cost 22.1199 + 2427.17 = 2449.29 over 498 frames.
M07UP57A0418I303 haan 
LOG (lattice-best-path:main():lattice-best-path.cc:99) For utterance M07UP60A0942I416, best cost 10.7599 + 1064.42 = 1075.18 over 298 frames.
M07UP60A0942I416 haan 
LOG (lattice-best-path:main():lattice-best-path.cc:99) For utterance M07UP60A0942I418, best cost 13.4398 + 1312.81 = 1326.25 over 298 frames.
M07UP60A0942I418 haan 
LOG (lattice-best-path:main():lattice-best-path.cc:99) For utterance M07UP60A0944I42, best cost 20.3967 + 1377.45 = 1397.85 over 298 frames.
M07UP60A0944I42 nahiin 
LOG (lattice-best-path:main():lattice-best-path.cc:99) For utterance M07UP60A0946I303, best cost 33.111 + 2298.28 = 2331.39 over 498 frames.
M07UP60A0946I303 haan 
LOG (lattice-best-path:main():lattice-best-path.cc:99) For utterance M07UP60A0954I303, best cost 15.5544 + 1571.67 = 1587.22 over 498 frames.
M07UP60A0954I303 haan 
LOG (lattice-best-path:main():lattice-best-path.cc:99) For utterance M07UP60A0955I301, best cost 25.8085 + 1684.83 = 1710.64 over 498 frames.
M07UP60A0955I301 haan 
LOG (lattice-best-path:main():lattice-best-path.cc:99) For utterance M07UP60A0955I302, best cost 10.9978 + 1567.72 = 1578.72 over 498 frames.
M07UP60A0955I302 nahiin 
LOG (lattice-best-path:main():lattice-best-path.cc:99) For utterance M07UP60A0956I414, best cost 18.4202 + 1517.3 = 1535.72 over 298 frames.
M07UP60A0956I414 nahiin 
LOG (lattice-best-path:main():lattice-best-path.cc:99) For utterance M07UP60A0957I412, best cost 16.5617 + 1280.51 = 1297.07 over 298 frames.
M07UP60A0957I412 haan 
LOG (lattice-best-path:main():lattice-best-path.cc:99) For utterance M07UP60A0957I413, best cost 13.9436 + 1236.08 = 1250.03 over 298 frames.
M07UP60A0957I413 haan 
LOG (lattice-best-path:main():lattice-best-path.cc:99) For utterance M07UP61A0966I300, best cost 18.6401 + 1857.26 = 1875.9 over 498 frames.
M07UP61A0966I300 nahiin 
LOG (lattice-best-path:main():lattice-best-path.cc:99) For utterance M07UP61A0968I301, best cost 21.3982 + 1776.84 = 1798.24 over 498 frames.
M07UP61A0968I301 haan 
LOG (lattice-best-path:main():lattice-best-path.cc:99) For utterance M07UP61A0971I302, best cost 22.0394 + 1963.08 = 1985.12 over 498 frames.
M07UP61A0971I302 nahiin 
LOG (lattice-best-path:main():lattice-best-path.cc:99) For utterance M07UP61A0972I44, best cost 16.8871 + 1490.02 = 1506.91 over 298 frames.
M07UP61A0972I44 haan 
LOG (lattice-best-path:main():lattice-best-path.cc:99) For utterance M07UP61A0980I301, best cost 28.4955 + 2524.79 = 2553.29 over 498 frames.
M07UP61A0980I301 haan 
LOG (lattice-best-path:main():lattice-best-path.cc:99) For utterance M07UP64A0382I300, best cost 32.9454 + 2400.78 = 2433.73 over 498 frames.
M07UP64A0382I300 haan 
LOG (lattice-best-path:main():lattice-best-path.cc:99) For utterance M07UP64A0382I301, best cost 16.0607 + 2527.93 = 2543.99 over 498 frames.
M07UP64A0382I301 nahiin 
LOG (lattice-best-path:main():lattice-best-path.cc:99) For utterance M07UP64A0386I42, best cost 14.1986 + 1412.82 = 1427.02 over 298 frames.
M07UP64A0386I42 nahiin 
LOG (lattice-best-path:main():lattice-best-path.cc:99) For utterance M07UP64A0389I42, best cost 20.6764 + 1101.51 = 1122.19 over 298 frames.
M07UP64A0389I42 haan 
LOG (lattice-best-path:main():lattice-best-path.cc:99) For utterance M07UP64A0390I300, best cost 26.2801 + 2054.5 = 2080.78 over 498 frames.
M07UP64A0390I300 haan 
LOG (lattice-best-path:main():lattice-best-path.cc:99) For utterance M07UP64A0391I302, best cost 26.0142 + 2219.68 = 2245.69 over 498 frames.
M07UP64A0391I302 nahiin 
LOG (lattice-best-path:main():lattice-best-path.cc:99) For utterance M07UP64A0391I303, best cost 30.0794 + 2176.26 = 2206.34 over 498 frames.
M07UP64A0391I303 nahiin 
LOG (lattice-best-path:main():lattice-best-path.cc:99) For utterance M07UP64A0392I301, best cost 10.5774 + 1519 = 1529.58 over 498 frames.
M07UP64A0392I301 haan 
LOG (lattice-best-path:main():lattice-best-path.cc:99) For utterance M07UP64A0393I41, best cost 10.665 + 1520.36 = 1531.02 over 298 frames.
M07UP64A0393I41 haan 
LOG (lattice-best-path:main():lattice-best-path.cc:99) For utterance M07UP64A0396I43, best cost 18.9163 + 1559.33 = 1578.24 over 300 frames.
M07UP64A0396I43 haan 
LOG (lattice-best-path:main():lattice-best-path.cc:99) For utterance M07UP64A0399I302, best cost 25.8479 + 2240.21 = 2266.05 over 498 frames.
M07UP64A0399I302 nahiin 
LOG (lattice-scale:main():lattice-scale.cc:90) Done 553 lattices.
LOG (lattice-best-path:main():lattice-best-path.cc:99) For utterance M07UP64A0400I300, best cost 27.5957 + 2416.39 = 2443.99 over 498 frames.
M07UP64A0400I300 haan 
LOG (lattice-best-path:main():lattice-best-path.cc:99) For utterance M07UP64A0400I426, best cost 17.9131 + 1349.69 = 1367.6 over 298 frames.
M07UP64A0400I426 haan 
LOG (lattice-best-path:main():lattice-best-path.cc:99) For utterance M07UP64A0401I43, best cost 14.1693 + 1445.93 = 1460.1 over 300 frames.
M07UP64A0401I43 haan 
LOG (lattice-best-path:main():lattice-best-path.cc:99) For utterance M07UP66A0674I303, best cost 19.6259 + 2309.03 = 2328.66 over 498 frames.
M07UP66A0674I303 nahiin 
LOG (lattice-best-path:main():lattice-best-path.cc:99) For utterance M07UP66A0676I303, best cost 13.8802 + 2459.51 = 2473.39 over 498 frames.
M07UP66A0676I303 haan 
LOG (lattice-best-path:main():lattice-best-path.cc:99) For utterance M07UP66A0684I43, best cost 23.6222 + 1295.33 = 1318.95 over 298 frames.
M07UP66A0684I43 nahiin 
LOG (lattice-best-path:main():lattice-best-path.cc:99) For utterance M07UP66A0685I42, best cost 15.1016 + 1347.65 = 1362.75 over 298 frames.
M07UP66A0685I42 haan 
LOG (lattice-best-path:main():lattice-best-path.cc:99) For utterance M07UP66A0687I301, best cost 11.3291 + 1655.18 = 1666.51 over 498 frames.
M07UP66A0687I301 nahiin 
LOG (lattice-best-path:main():lattice-best-path.cc:99) For utterance M07UP66A0688I410, best cost 17.478 + 1151.9 = 1169.38 over 298 frames.
M07UP66A0688I410 nahiin 
LOG (lattice-best-path:main():lattice-best-path.cc:99) For utterance M07UP66A0692I301, best cost 22.4691 + 2228.4 = 2250.87 over 498 frames.
M07UP66A0692I301 nahiin 
LOG (lattice-best-path:main():lattice-best-path.cc:99) For utterance M07UP72A0730I42, best cost 14.9483 + 1411.41 = 1426.36 over 298 frames.
M07UP72A0730I42 nahiin 
LOG (lattice-best-path:main():lattice-best-path.cc:99) For utterance M07UP72A0730I46, best cost 17.0862 + 1308.1 = 1325.19 over 298 frames.
M07UP72A0730I46 haan 
LOG (lattice-best-path:main():lattice-best-path.cc:99) For utterance M07UP72A0731I42, best cost 19.0352 + 1591.11 = 1610.14 over 298 frames.
M07UP72A0731I42 haan 
LOG (lattice-best-path:main():lattice-best-path.cc:99) For utterance M07UP73A0922I300, best cost 14.9123 + 2526.49 = 2541.4 over 498 frames.
M07UP73A0922I300 nahiin 
LOG (lattice-best-path:main():lattice-best-path.cc:99) For utterance M07UP73A0923I41, best cost 13.0982 + 1480.16 = 1493.26 over 298 frames.
M07UP73A0923I41 nahiin 
LOG (lattice-best-path:main():lattice-best-path.cc:99) For utterance M07UP73A0924I41, best cost 13.0129 + 1373.04 = 1386.05 over 298 frames.
M07UP73A0924I41 haan 
LOG (lattice-best-path:main():lattice-best-path.cc:99) For utterance M07UP73A0925I42, best cost 11.6918 + 1148.37 = 1160.07 over 298 frames.
M07UP73A0925I42 haan 
LOG (lattice-best-path:main():lattice-best-path.cc:99) For utterance M07UP73A0927I43, best cost 20.6306 + 1294.02 = 1314.65 over 298 frames.
M07UP73A0927I43 haan 
LOG (lattice-best-path:main():lattice-best-path.cc:99) For utterance M07UP73A0929I42, best cost 22.0551 + 1465.55 = 1487.6 over 298 frames.
M07UP73A0929I42 haan 
LOG (lattice-best-path:main():lattice-best-path.cc:99) For utterance M07UP73A0930I43, best cost 25.9476 + 1286.65 = 1312.6 over 298 frames.
M07UP73A0930I43 haan 
LOG (lattice-add-penalty:main():lattice-add-penalty.cc:62) Done adding word insertion penalty to 553 lattices.
LOG (lattice-best-path:main():lattice-best-path.cc:99) For utterance M07UP73A0931I49, best cost 17.0567 + 1450.44 = 1467.5 over 298 frames.
M07UP73A0931I49 nahiin 
LOG (lattice-best-path:main():lattice-best-path.cc:99) For utterance M07UP73A0937I42, best cost 15.1576 + 1236.58 = 1251.74 over 298 frames.
M07UP73A0937I42 haan 
LOG (lattice-best-path:main():lattice-best-path.cc:99) For utterance M07UP73A0938I42, best cost 16.7879 + 1236.96 = 1253.75 over 298 frames.
M07UP73A0938I42 nahiin 
LOG (lattice-best-path:main():lattice-best-path.cc:99) For utterance M07UP74A0802I303, best cost 29.3288 + 2036.8 = 2066.13 over 498 frames.
M07UP74A0802I303 haan 
LOG (lattice-best-path:main():lattice-best-path.cc:99) For utterance M07UP74A0813I300, best cost 22.0679 + 1896.26 = 1918.33 over 498 frames.
M07UP74A0813I300 haan 
LOG (lattice-best-path:main():lattice-best-path.cc:99) For utterance M07UP74A0814I301, best cost 30.1414 + 1846.72 = 1876.86 over 504 frames.
M07UP74A0814I301 haan 
LOG (lattice-best-path:main():lattice-best-path.cc:99) For utterance M07UP74A0817I42, best cost 19.9206 + 1233.65 = 1253.57 over 300 frames.
M07UP74A0817I42 nahiin 
LOG (lattice-best-path:main():lattice-best-path.cc:99) For utterance M07UP75A0755I303, best cost 32.5316 + 2198.22 = 2230.75 over 498 frames.
M07UP75A0755I303 nahiin 
LOG (lattice-best-path:main():lattice-best-path.cc:99) For utterance M07UP75A0758I300, best cost 22.1114 + 2169.37 = 2191.48 over 498 frames.
M07UP75A0758I300 haan 
LOG (lattice-best-path:main():lattice-best-path.cc:99) For utterance M07UP75A0764I302, best cost 31.9729 + 2287.46 = 2319.44 over 498 frames.
M07UP75A0764I302 nahiin 
LOG (lattice-best-path:main():lattice-best-path.cc:99) For utterance M07UP75A0764I42, best cost 18.3762 + 1424.44 = 1442.82 over 298 frames.
M07UP75A0764I42 haan 
LOG (lattice-best-path:main():lattice-best-path.cc:99) For utterance M07UP75A0768I40, best cost 13.4935 + 1280.3 = 1293.8 over 298 frames.
M07UP75A0768I40 haan 
LOG (lattice-best-path:main():lattice-best-path.cc:99) For utterance M07UP75A0769I301, best cost 22.1447 + 1949.38 = 1971.53 over 498 frames.
M07UP75A0769I301 haan 
LOG (lattice-best-path:main():lattice-best-path.cc:99) For utterance M07UP75A0770I303, best cost 24.716 + 2091.9 = 2116.62 over 498 frames.
M07UP75A0770I303 nahiin 
LOG (lattice-best-path:main():lattice-best-path.cc:99) For utterance M07UP75A0771I42, best cost 16.9946 + 1329.47 = 1346.47 over 298 frames.
M07UP75A0771I42 nahiin 
LOG (lattice-best-path:main():lattice-best-path.cc:99) For utterance M07UP75A0771I43, best cost 16.1667 + 1390.09 = 1406.26 over 298 frames.
M07UP75A0771I43 nahiin 
LOG (lattice-best-path:main():lattice-best-path.cc:99) For utterance M07UP75A0772I300, best cost 13.7259 + 2001.84 = 2015.57 over 498 frames.
M07UP75A0772I300 nahiin 
LOG (lattice-best-path:main():lattice-best-path.cc:99) For utterance M07UP75A0773I41, best cost 14.6 + 1227.13 = 1241.73 over 298 frames.
M07UP75A0773I41 nahiin 
LOG (lattice-best-path:main():lattice-best-path.cc:124) Overall cost per frame is 4.56228 = 0.0485791 [graph] + 4.5137 [acoustic] over 207364 frames.
LOG (lattice-best-path:main():lattice-best-path.cc:128) Done 553 lattices, failed for 0
# Accounting: time=1 threads=1
# Ended (code 0) at Thu Jul 21 15:06:49 IST 2016, elapsed time 1 seconds
