# lattice-scale --inv-acoustic-scale=15 "ark:gunzip -c exp/tri1_1600_25600/decode/lat.*.gz|" ark:- | lattice-add-penalty --word-ins-penalty=0.5 ark:- ark:- | lattice-best-path --word-symbol-table=exp/tri1_1600_25600/graph/words.txt ark:- ark,t:- | utils/int2sym.pl -f 2- exp/tri1_1600_25600/graph/words.txt | cat > exp/tri1_1600_25600/decode/scoring_kaldi/penalty_0.5/15.txt 
# Started at Mon Jul 25 00:37:35 IST 2016
#
lattice-scale --inv-acoustic-scale=15 'ark:gunzip -c exp/tri1_1600_25600/decode/lat.*.gz|' ark:- 
lattice-add-penalty --word-ins-penalty=0.5 ark:- ark:- 
lattice-best-path --word-symbol-table=exp/tri1_1600_25600/graph/words.txt ark:- ark,t:- 
LOG (lattice-best-path:main():lattice-best-path.cc:99) For utterance F07UP02A0332I42, best cost 20.2559 + 2029.41 = 2049.66 over 300 frames.
F07UP02A0332I42 uttarpradesh 
LOG (lattice-best-path:main():lattice-best-path.cc:99) For utterance F07UP02A0332I43, best cost 17.4128 + 1923.98 = 1941.4 over 298 frames.
F07UP02A0332I43 madhyapradesh 
LOG (lattice-best-path:main():lattice-best-path.cc:99) For utterance F07UP06A0432I42, best cost 21.1753 + 1787.98 = 1809.15 over 300 frames.
F07UP06A0432I42 eempii 
LOG (lattice-best-path:main():lattice-best-path.cc:99) For utterance F07UP07A0094I427, best cost 15.9497 + 1851.08 = 1867.03 over 298 frames.
F07UP07A0094I427 eempii 
LOG (lattice-best-path:main():lattice-best-path.cc:99) For utterance F07UP07A0096I44, best cost 17.7619 + 2018.38 = 2036.15 over 298 frames.
F07UP07A0096I44 yuupii 
LOG (lattice-best-path:main():lattice-best-path.cc:99) For utterance F07UP09A0491I46, best cost 16.9152 + 2082.46 = 2099.38 over 298 frames.
F07UP09A0491I46 eempii 
LOG (lattice-best-path:main():lattice-best-path.cc:99) For utterance F07UP11A1331I301, best cost 14.6613 + 2997.07 = 3011.73 over 498 frames.
F07UP11A1331I301 eempii 
LOG (lattice-best-path:main():lattice-best-path.cc:99) For utterance F07UP19A0344I46, best cost 18.3289 + 1829.95 = 1848.28 over 298 frames.
F07UP19A0344I46 madhyapradesh 
LOG (lattice-best-path:main():lattice-best-path.cc:99) For utterance F07UP21A0612I41, best cost 19.2639 + 1889.25 = 1908.51 over 298 frames.
F07UP21A0612I41 eempii 
LOG (lattice-best-path:main():lattice-best-path.cc:99) For utterance F07UP22A1336I429, best cost 20.5485 + 1948.64 = 1969.19 over 298 frames.
F07UP22A1336I429 madhyapradesh 
LOG (lattice-best-path:main():lattice-best-path.cc:99) For utterance F07UP22A1336I501, best cost 16.2876 + 2511.81 = 2528.1 over 398 frames.
F07UP22A1336I501 eempii 
LOG (lattice-best-path:main():lattice-best-path.cc:99) For utterance F07UP22A1343I301, best cost 16.5077 + 3007.82 = 3024.33 over 498 frames.
F07UP22A1343I301 uttarpradesh 
LOG (lattice-best-path:main():lattice-best-path.cc:99) For utterance F07UP22A1343I47, best cost 18.1699 + 2085.54 = 2103.71 over 298 frames.
F07UP22A1343I47 eempii 
LOG (lattice-best-path:main():lattice-best-path.cc:99) For utterance F07UP22A1345I47, best cost 14.4788 + 1828.19 = 1842.67 over 298 frames.
F07UP22A1345I47 yuupii 
LOG (lattice-best-path:main():lattice-best-path.cc:99) For utterance F07UP22A1346I435, best cost 21.2891 + 2042.69 = 2063.98 over 300 frames.
F07UP22A1346I435 uttarpradesh 
LOG (lattice-best-path:main():lattice-best-path.cc:99) For utterance F07UP23A0248I41, best cost 16.4482 + 2147.99 = 2164.44 over 298 frames.
F07UP23A0248I41 uttarpradesh 
LOG (lattice-best-path:main():lattice-best-path.cc:99) For utterance F07UP24A0182I302, best cost 18.5048 + 3397.08 = 3415.58 over 498 frames.
F07UP24A0182I302 yuupii 
LOG (lattice-best-path:main():lattice-best-path.cc:99) For utterance F07UP24A0182I41, best cost 16.7434 + 2080.28 = 2097.03 over 298 frames.
F07UP24A0182I41 eempii 
LOG (lattice-best-path:main():lattice-best-path.cc:99) For utterance F07UP24A0183I302, best cost 14.397 + 3567.25 = 3581.64 over 498 frames.
F07UP24A0183I302 yuupii 
LOG (lattice-best-path:main():lattice-best-path.cc:99) For utterance F07UP24A0183I47, best cost 18.5305 + 2033.93 = 2052.46 over 298 frames.
F07UP24A0183I47 madhyapradesh 
LOG (lattice-best-path:main():lattice-best-path.cc:99) For utterance F07UP25A1212I41, best cost 13.41 + 2130.47 = 2143.89 over 298 frames.
F07UP25A1212I41 uttarpradesh 
LOG (lattice-best-path:main():lattice-best-path.cc:99) For utterance F07UP25A1215I42, best cost 13.7847 + 2073.65 = 2087.44 over 298 frames.
F07UP25A1215I42 yuupii 
LOG (lattice-best-path:main():lattice-best-path.cc:99) For utterance F07UP26A0256I43, best cost 13.7033 + 2075.63 = 2089.34 over 298 frames.
F07UP26A0256I43 yuupii 
LOG (lattice-best-path:main():lattice-best-path.cc:99) For utterance F07UP28A0226I300, best cost 17.756 + 3571.58 = 3589.33 over 498 frames.
F07UP28A0226I300 yuupii 
LOG (lattice-best-path:main():lattice-best-path.cc:99) For utterance F07UP28A0226I45, best cost 11.3373 + 2120.18 = 2131.52 over 298 frames.
F07UP28A0226I45 yuupii 
LOG (lattice-best-path:main():lattice-best-path.cc:99) For utterance F07UP28A0227I301, best cost 26.8362 + 3526.65 = 3553.49 over 498 frames.
F07UP28A0227I301 eempii 
LOG (lattice-best-path:main():lattice-best-path.cc:99) For utterance F07UP28A0228I303, best cost 13.7109 + 3666.03 = 3679.74 over 498 frames.
F07UP28A0228I303 yuupii 
LOG (lattice-best-path:main():lattice-best-path.cc:99) For utterance F07UP29A0523I41, best cost 19.6128 + 1883.98 = 1903.6 over 298 frames.
F07UP29A0523I41 eempii 
LOG (lattice-best-path:main():lattice-best-path.cc:99) For utterance F07UP29A0523I44, best cost 16.0507 + 1826.09 = 1842.14 over 298 frames.
F07UP29A0523I44 yuupii 
LOG (lattice-best-path:main():lattice-best-path.cc:99) For utterance F07UP31A1293I42, best cost 14.0916 + 2134.17 = 2148.26 over 298 frames.
F07UP31A1293I42 eempii 
LOG (lattice-best-path:main():lattice-best-path.cc:99) For utterance F07UP34A0567I44, best cost 21.1348 + 1981.36 = 2002.49 over 300 frames.
F07UP34A0567I44 madhyapradesh 
LOG (lattice-best-path:main():lattice-best-path.cc:99) For utterance F07UP35A0453I300, best cost 28.0461 + 3051.69 = 3079.74 over 498 frames.
F07UP35A0453I300 uttarpradesh 
LOG (lattice-best-path:main():lattice-best-path.cc:99) For utterance F07UP37A0304I300, best cost 18.9763 + 3030.31 = 3049.29 over 498 frames.
F07UP37A0304I300 yuupii 
LOG (lattice-best-path:main():lattice-best-path.cc:99) For utterance F07UP38A0101I41, best cost 19.7246 + 2014.29 = 2034.01 over 298 frames.
F07UP38A0101I41 eempii 
LOG (lattice-best-path:main():lattice-best-path.cc:99) For utterance F07UP41A0286I40, best cost 12.4829 + 1759.58 = 1772.07 over 298 frames.
F07UP41A0286I40 eempii 
LOG (lattice-best-path:main():lattice-best-path.cc:99) For utterance F07UP41A0286I42, best cost 10.348 + 1646.2 = 1656.55 over 298 frames.
F07UP41A0286I42 eempii 
LOG (lattice-best-path:main():lattice-best-path.cc:99) For utterance F07UP52A0208I44, best cost 10.474 + 2100.54 = 2111.01 over 298 frames.
F07UP52A0208I44 yuupii 
LOG (lattice-best-path:main():lattice-best-path.cc:99) For utterance F07UP54A1284I430, best cost 14.519 + 1900.04 = 1914.56 over 298 frames.
F07UP54A1284I430 madhyapradesh 
LOG (lattice-best-path:main():lattice-best-path.cc:99) For utterance F07UP57A0408I41, best cost 18.3815 + 2072.11 = 2090.49 over 298 frames.
F07UP57A0408I41 eempii 
LOG (lattice-best-path:main():lattice-best-path.cc:99) For utterance F07UP60A0943I300, best cost 24.1224 + 3613.93 = 3638.05 over 498 frames.
F07UP60A0943I300 uttarpradesh 
LOG (lattice-best-path:main():lattice-best-path.cc:99) For utterance F07UP60A0944I303, best cost 18.2144 + 2973.83 = 2992.05 over 498 frames.
F07UP60A0944I303 eempii 
LOG (lattice-best-path:main():lattice-best-path.cc:99) For utterance F07UP60A0949I300, best cost 26.3338 + 3189.69 = 3216.03 over 498 frames.
F07UP60A0949I300 yuupii 
LOG (lattice-best-path:main():lattice-best-path.cc:99) For utterance F07UP60A0949I302, best cost 24.2865 + 3000.33 = 3024.61 over 498 frames.
F07UP60A0949I302 eempii 
LOG (lattice-best-path:main():lattice-best-path.cc:99) For utterance F07UP60A0949I303, best cost 26.5479 + 3007.57 = 3034.12 over 498 frames.
F07UP60A0949I303 uttarpradesh 
LOG (lattice-best-path:main():lattice-best-path.cc:99) For utterance F07UP60A0953I41, best cost 19.5554 + 1853.38 = 1872.93 over 298 frames.
F07UP60A0953I41 madhyapradesh 
LOG (lattice-best-path:main():lattice-best-path.cc:99) For utterance F07UP60A0962I427, best cost 14.1237 + 2010.84 = 2024.97 over 298 frames.
F07UP60A0962I427 yuupii 
LOG (lattice-best-path:main():lattice-best-path.cc:99) For utterance F07UP60A0963I46, best cost 25.1305 + 2076.29 = 2101.42 over 298 frames.
F07UP60A0963I46 eempii 
LOG (lattice-best-path:main():lattice-best-path.cc:99) For utterance F07UP64A0395I300, best cost 23.1071 + 3154.18 = 3177.29 over 498 frames.
F07UP64A0395I300 yuupii 
LOG (lattice-best-path:main():lattice-best-path.cc:99) For utterance F07UP64A0397I301, best cost 14.4452 + 3457.57 = 3472.01 over 498 frames.
F07UP64A0397I301 yuupii 
LOG (lattice-best-path:main():lattice-best-path.cc:99) For utterance F07UP64A0402I41, best cost 19.2671 + 1908.65 = 1927.92 over 298 frames.
F07UP64A0402I41 madhyapradesh 
LOG (lattice-best-path:main():lattice-best-path.cc:99) For utterance F07UP72A0728I300, best cost 22.6705 + 3385.11 = 3407.78 over 498 frames.
F07UP72A0728I300 uttarpradesh 
LOG (lattice-best-path:main():lattice-best-path.cc:99) For utterance F07UP75A0756I300, best cost 25.8409 + 3155.31 = 3181.15 over 498 frames.
F07UP75A0756I300 uttarpradesh 
LOG (lattice-best-path:main():lattice-best-path.cc:99) For utterance F07UP75A0763I435, best cost 11.8128 + 1812.92 = 1824.73 over 300 frames.
F07UP75A0763I435 eempii 
LOG (lattice-best-path:main():lattice-best-path.cc:99) For utterance M07UP01A0057I427, best cost 11.9391 + 2146.36 = 2158.3 over 298 frames.
M07UP01A0057I427 eempii 
LOG (lattice-best-path:main():lattice-best-path.cc:99) For utterance M07UP01A0062I412, best cost 20.8712 + 2033.65 = 2054.52 over 298 frames.
M07UP01A0062I412 uttarpradesh 
LOG (lattice-best-path:main():lattice-best-path.cc:99) For utterance M07UP01A0062I45, best cost 17.5828 + 1924.84 = 1942.42 over 300 frames.
M07UP01A0062I45 eempii 
LOG (lattice-best-path:main():lattice-best-path.cc:99) For utterance M07UP01A0063I43, best cost 16.6958 + 2039.26 = 2055.95 over 298 frames.
M07UP01A0063I43 eempii 
LOG (lattice-best-path:main():lattice-best-path.cc:99) For utterance M07UP01A0069I413, best cost 18.3372 + 1967.88 = 1986.22 over 298 frames.
M07UP01A0069I413 yuupii 
LOG (lattice-best-path:main():lattice-best-path.cc:99) For utterance M07UP01A0160I420, best cost 17.254 + 1941.85 = 1959.11 over 298 frames.
M07UP01A0160I420 uttarpradesh 
LOG (lattice-best-path:main():lattice-best-path.cc:99) For utterance M07UP01A0160I430, best cost 16.6897 + 2003.23 = 2019.92 over 298 frames.
M07UP01A0160I430 eempii 
LOG (lattice-best-path:main():lattice-best-path.cc:99) For utterance M07UP01A0160I47, best cost 11.389 + 2053.29 = 2064.68 over 298 frames.
M07UP01A0160I47 yuupii 
LOG (lattice-best-path:main():lattice-best-path.cc:99) For utterance M07UP02A0321I47, best cost 15.0786 + 1916.17 = 1931.25 over 300 frames.
M07UP02A0321I47 eempii 
LOG (lattice-best-path:main():lattice-best-path.cc:99) For utterance M07UP02A0323I300, best cost 12.6281 + 3106.95 = 3119.57 over 498 frames.
M07UP02A0323I300 eempii 
LOG (lattice-best-path:main():lattice-best-path.cc:99) For utterance M07UP02A0325I43, best cost 14.3581 + 2075.82 = 2090.18 over 298 frames.
M07UP02A0325I43 eempii 
LOG (lattice-best-path:main():lattice-best-path.cc:99) For utterance M07UP02A0329I43, best cost 17.9282 + 1821.04 = 1838.97 over 298 frames.
M07UP02A0329I43 madhyapradesh 
LOG (lattice-best-path:main():lattice-best-path.cc:99) For utterance M07UP02A0330I303, best cost 19.0238 + 2797.97 = 2816.99 over 498 frames.
M07UP02A0330I303 eempii 
LOG (lattice-best-path:main():lattice-best-path.cc:99) For utterance M07UP02A0333I45, best cost 20.594 + 1932.53 = 1953.12 over 298 frames.
M07UP02A0333I45 yuupii 
LOG (lattice-best-path:main():lattice-best-path.cc:99) For utterance M07UP02A0335I301, best cost 15.7243 + 3364.15 = 3379.87 over 498 frames.
M07UP02A0335I301 yuupii 
LOG (lattice-best-path:main():lattice-best-path.cc:99) For utterance M07UP02A0336I44, best cost 16.6605 + 1910.88 = 1927.54 over 290 frames.
M07UP02A0336I44 uttarpradesh 
LOG (lattice-best-path:main():lattice-best-path.cc:99) For utterance M07UP02A0337I41, best cost 21.0992 + 2111.47 = 2132.56 over 298 frames.
M07UP02A0337I41 eempii 
LOG (lattice-best-path:main():lattice-best-path.cc:99) For utterance M07UP02A0337I44, best cost 15.6788 + 1838.15 = 1853.83 over 298 frames.
M07UP02A0337I44 eempii 
LOG (lattice-best-path:main():lattice-best-path.cc:99) For utterance M07UP04A1227I45, best cost 16.7068 + 2047.52 = 2064.23 over 298 frames.
M07UP04A1227I45 yuupii 
LOG (lattice-best-path:main():lattice-best-path.cc:99) For utterance M07UP04A1230I303, best cost 40.972 + 3267.46 = 3308.44 over 498 frames.
M07UP04A1230I303 eempii 
LOG (lattice-best-path:main():lattice-best-path.cc:99) For utterance M07UP04A1235I41, best cost 13.868 + 2075.83 = 2089.7 over 298 frames.
M07UP04A1235I41 madhyapradesh 
LOG (lattice-best-path:main():lattice-best-path.cc:99) For utterance M07UP04A1235I46, best cost 17.9295 + 1805.78 = 1823.71 over 298 frames.
M07UP04A1235I46 madhyapradesh 
LOG (lattice-best-path:main():lattice-best-path.cc:99) For utterance M07UP04A1236I303, best cost 32.5005 + 3255.14 = 3287.64 over 498 frames.
M07UP04A1236I303 uttarpradesh 
LOG (lattice-best-path:main():lattice-best-path.cc:99) For utterance M07UP04A1239I301, best cost 25.469 + 2992.03 = 3017.5 over 498 frames.
M07UP04A1239I301 uttarpradesh 
LOG (lattice-best-path:main():lattice-best-path.cc:99) For utterance M07UP04A1242I410, best cost 20.4062 + 1977.46 = 1997.86 over 298 frames.
M07UP04A1242I410 uttarpradesh 
LOG (lattice-best-path:main():lattice-best-path.cc:99) For utterance M07UP04A1243I300, best cost 29.5741 + 3472.93 = 3502.5 over 498 frames.
M07UP04A1243I300 madhyapradesh 
LOG (lattice-best-path:main():lattice-best-path.cc:99) For utterance M07UP04A1243I435, best cost 19.2917 + 1928.07 = 1947.36 over 300 frames.
M07UP04A1243I435 uttarpradesh 
LOG (lattice-best-path:main():lattice-best-path.cc:99) For utterance M07UP04A1244I44, best cost 15.2318 + 2236.32 = 2251.55 over 298 frames.
M07UP04A1244I44 yuupii 
LOG (lattice-best-path:main():lattice-best-path.cc:99) For utterance M07UP04A1245I48, best cost 22.4891 + 2155.62 = 2178.11 over 298 frames.
M07UP04A1245I48 uttarpradesh 
LOG (lattice-best-path:main():lattice-best-path.cc:99) For utterance M07UP05A0903I43, best cost 19.9372 + 1882.64 = 1902.57 over 298 frames.
M07UP05A0903I43 yuupii 
LOG (lattice-best-path:main():lattice-best-path.cc:99) For utterance M07UP05A0910I300, best cost 26.0331 + 2919.28 = 2945.31 over 498 frames.
M07UP05A0910I300 eempii 
LOG (lattice-best-path:main():lattice-best-path.cc:99) For utterance M07UP05A0911I42, best cost 14.5368 + 2016.92 = 2031.46 over 298 frames.
M07UP05A0911I42 uttarpradesh 
LOG (lattice-best-path:main():lattice-best-path.cc:99) For utterance M07UP05A0914I300, best cost 20.7446 + 2949.07 = 2969.81 over 498 frames.
M07UP05A0914I300 eempii 
LOG (lattice-best-path:main():lattice-best-path.cc:99) For utterance M07UP05A0914I302, best cost 32.9947 + 3076.79 = 3109.78 over 498 frames.
M07UP05A0914I302 uttarpradesh 
LOG (lattice-best-path:main():lattice-best-path.cc:99) For utterance M07UP05A0915I301, best cost 17.0831 + 2994.04 = 3011.12 over 498 frames.
M07UP05A0915I301 uttarpradesh 
LOG (lattice-best-path:main():lattice-best-path.cc:99) For utterance M07UP05A0916I43, best cost 25.3423 + 1944.4 = 1969.74 over 298 frames.
M07UP05A0916I43 madhyapradesh 
LOG (lattice-best-path:main():lattice-best-path.cc:99) For utterance M07UP05A0920I411, best cost 17.6099 + 1915.11 = 1932.72 over 298 frames.
M07UP05A0920I411 uttarpradesh 
LOG (lattice-best-path:main():lattice-best-path.cc:99) For utterance M07UP06A0427I301, best cost 17.1188 + 2715.79 = 2732.9 over 498 frames.
M07UP06A0427I301 uttarpradesh 
LOG (lattice-best-path:main():lattice-best-path.cc:99) For utterance M07UP06A0428I41, best cost 13.4785 + 2045.21 = 2058.68 over 298 frames.
M07UP06A0428I41 eempii 
LOG (lattice-best-path:main():lattice-best-path.cc:99) For utterance M07UP06A0429I411, best cost 14.5115 + 1836.1 = 1850.61 over 298 frames.
M07UP06A0429I411 uttarpradesh 
LOG (lattice-best-path:main():lattice-best-path.cc:99) For utterance M07UP06A0433I301, best cost 26.0879 + 2998.62 = 3024.71 over 498 frames.
M07UP06A0433I301 madhyapradesh 
LOG (lattice-best-path:main():lattice-best-path.cc:99) For utterance M07UP06A0433I40, best cost 20.7756 + 1945.16 = 1965.94 over 298 frames.
M07UP06A0433I40 uttarpradesh 
LOG (lattice-best-path:main():lattice-best-path.cc:99) For utterance M07UP06A0433I41, best cost 21.4793 + 2056.48 = 2077.96 over 298 frames.
M07UP06A0433I41 eempii 
LOG (lattice-best-path:main():lattice-best-path.cc:99) For utterance M07UP06A0437I42, best cost 14.0899 + 1800.76 = 1814.85 over 298 frames.
M07UP06A0437I42 uttarpradesh 
LOG (lattice-best-path:main():lattice-best-path.cc:99) For utterance M07UP06A0438I41, best cost 15.7157 + 1837.2 = 1852.92 over 298 frames.
M07UP06A0438I41 eempii 
LOG (lattice-best-path:main():lattice-best-path.cc:99) For utterance M07UP06A0442I41, best cost 13.6495 + 2068.49 = 2082.14 over 298 frames.
M07UP06A0442I41 yuupii 
LOG (lattice-best-path:main():lattice-best-path.cc:99) For utterance M07UP06A0442I42, best cost 17.1672 + 1963.89 = 1981.06 over 300 frames.
M07UP06A0442I42 madhyapradesh 
LOG (lattice-best-path:main():lattice-best-path.cc:99) For utterance M07UP06A0444I43, best cost 20.1062 + 1771.22 = 1791.32 over 298 frames.
M07UP06A0444I43 eempii 
LOG (lattice-best-path:main():lattice-best-path.cc:99) For utterance M07UP06A0445I301, best cost 21.5385 + 3229.75 = 3251.29 over 490 frames.
M07UP06A0445I301 eempii 
LOG (lattice-best-path:main():lattice-best-path.cc:99) For utterance M07UP06A0447I41, best cost 17.1342 + 1822.47 = 1839.61 over 298 frames.
M07UP06A0447I41 eempii 
LOG (lattice-best-path:main():lattice-best-path.cc:99) For utterance M07UP07A0134I42, best cost 17.8775 + 1811.93 = 1829.81 over 298 frames.
M07UP07A0134I42 uttarpradesh 
LOG (lattice-best-path:main():lattice-best-path.cc:99) For utterance M07UP07A0134I436, best cost 17.3323 + 1985.94 = 2003.27 over 298 frames.
M07UP07A0134I436 uttarpradesh 
LOG (lattice-best-path:main():lattice-best-path.cc:99) For utterance M07UP07A0136I410, best cost 13.4224 + 2092.81 = 2106.23 over 298 frames.
M07UP07A0136I410 yuupii 
LOG (lattice-best-path:main():lattice-best-path.cc:99) For utterance M07UP07A0136I438, best cost 21.9162 + 2025.15 = 2047.07 over 298 frames.
M07UP07A0136I438 yuupii 
LOG (lattice-best-path:main():lattice-best-path.cc:99) For utterance M07UP07A0138I414, best cost 9.8426 + 1702.25 = 1712.09 over 298 frames.
M07UP07A0138I414 uttarpradesh 
LOG (lattice-best-path:main():lattice-best-path.cc:99) For utterance M07UP07A0139I42, best cost 12.5607 + 1964.58 = 1977.14 over 298 frames.
M07UP07A0139I42 eempii 
LOG (lattice-best-path:main():lattice-best-path.cc:99) For utterance M07UP07A0142I43, best cost 15.587 + 2107.1 = 2122.69 over 298 frames.
M07UP07A0142I43 eempii 
LOG (lattice-best-path:main():lattice-best-path.cc:99) For utterance M07UP07A0143I45, best cost 14.5246 + 1994.54 = 2009.06 over 298 frames.
M07UP07A0143I45 uttarpradesh 
LOG (lattice-best-path:main():lattice-best-path.cc:99) For utterance M07UP07A0145I436, best cost 13.0047 + 1805.69 = 1818.69 over 298 frames.
M07UP07A0145I436 yuupii 
LOG (lattice-best-path:main():lattice-best-path.cc:99) For utterance M07UP09A0483I300, best cost 12.6632 + 2912.45 = 2925.11 over 498 frames.
M07UP09A0483I300 yuupii 
LOG (lattice-best-path:main():lattice-best-path.cc:99) For utterance M07UP09A0485I43, best cost 21.4574 + 1962.62 = 1984.08 over 298 frames.
M07UP09A0485I43 eempii 
LOG (lattice-best-path:main():lattice-best-path.cc:99) For utterance M07UP09A0488I43, best cost 15.7494 + 2103.29 = 2119.04 over 298 frames.
M07UP09A0488I43 yuupii 
LOG (lattice-best-path:main():lattice-best-path.cc:99) For utterance M07UP09A0489I300, best cost 19.9404 + 3048.69 = 3068.63 over 498 frames.
M07UP09A0489I300 yuupii 
LOG (lattice-best-path:main():lattice-best-path.cc:99) For utterance M07UP09A0490I301, best cost 14.1048 + 2925.21 = 2939.31 over 498 frames.
M07UP09A0490I301 yuupii 
LOG (lattice-best-path:main():lattice-best-path.cc:99) For utterance M07UP09A0494I300, best cost 18.931 + 3055.35 = 3074.28 over 498 frames.
M07UP09A0494I300 uttarpradesh 
LOG (lattice-best-path:main():lattice-best-path.cc:99) For utterance M07UP09A0495I301, best cost 20.2484 + 3001.59 = 3021.84 over 498 frames.
M07UP09A0495I301 eempii 
LOG (lattice-best-path:main():lattice-best-path.cc:99) For utterance M07UP09A0495I41, best cost 20.4959 + 1979.59 = 2000.08 over 298 frames.
M07UP09A0495I41 madhyapradesh 
LOG (lattice-best-path:main():lattice-best-path.cc:99) For utterance M07UP09A0496I303, best cost 19.8645 + 2911.08 = 2930.94 over 498 frames.
M07UP09A0496I303 uttarpradesh 
LOG (lattice-best-path:main():lattice-best-path.cc:99) For utterance M07UP09A0499I43, best cost 14.4138 + 1706.8 = 1721.22 over 298 frames.
M07UP09A0499I43 eempii 
LOG (lattice-best-path:main():lattice-best-path.cc:99) For utterance M07UP09A0500I42, best cost 22.728 + 2063.6 = 2086.32 over 298 frames.
M07UP09A0500I42 yuupii 
LOG (lattice-best-path:main():lattice-best-path.cc:99) For utterance M07UP09A0500I44, best cost 17.7706 + 1875.02 = 1892.79 over 298 frames.
M07UP09A0500I44 yuupii 
LOG (lattice-best-path:main():lattice-best-path.cc:99) For utterance M07UP09A0503I301, best cost 15.4199 + 3181.86 = 3197.28 over 498 frames.
M07UP09A0503I301 eempii 
LOG (lattice-best-path:main():lattice-best-path.cc:99) For utterance M07UP09A0505I300, best cost 24.7991 + 3434.44 = 3459.24 over 498 frames.
M07UP09A0505I300 uttarpradesh 
LOG (lattice-best-path:main():lattice-best-path.cc:99) For utterance M07UP09A0505I504, best cost 18.8438 + 1964.07 = 1982.91 over 298 frames.
M07UP09A0505I504 eempii 
LOG (lattice-best-path:main():lattice-best-path.cc:99) For utterance M07UP11A1317I41, best cost 15.0496 + 1799.33 = 1814.38 over 298 frames.
M07UP11A1317I41 yuupii 
LOG (lattice-best-path:main():lattice-best-path.cc:99) For utterance M07UP11A1319I300, best cost 31.5713 + 3005.87 = 3037.44 over 498 frames.
M07UP11A1319I300 madhyapradesh 
LOG (lattice-best-path:main():lattice-best-path.cc:99) For utterance M07UP11A1328I301, best cost 30.3061 + 2983.3 = 3013.6 over 498 frames.
M07UP11A1328I301 madhyapradesh 
LOG (lattice-best-path:main():lattice-best-path.cc:99) For utterance M07UP11A1337I301, best cost 21.3449 + 3019.86 = 3041.2 over 498 frames.
M07UP11A1337I301 yuupii 
LOG (lattice-best-path:main():lattice-best-path.cc:99) For utterance M07UP11A1349I303, best cost 22.9047 + 3365.23 = 3388.13 over 498 frames.
M07UP11A1349I303 yuupii 
LOG (lattice-best-path:main():lattice-best-path.cc:99) For utterance M07UP11A1351I302, best cost 27.0402 + 3123.87 = 3150.91 over 498 frames.
M07UP11A1351I302 madhyapradesh 
LOG (lattice-best-path:main():lattice-best-path.cc:99) For utterance M07UP11A1352I427, best cost 14.7357 + 1846.5 = 1861.24 over 298 frames.
M07UP11A1352I427 eempii 
LOG (lattice-best-path:main():lattice-best-path.cc:99) For utterance M07UP11A1352I429, best cost 14.4235 + 1837.43 = 1851.85 over 298 frames.
M07UP11A1352I429 uttarpradesh 
LOG (lattice-best-path:main():lattice-best-path.cc:99) For utterance M07UP13A0882I300, best cost 19.4021 + 3343.72 = 3363.12 over 498 frames.
M07UP13A0882I300 eempii 
LOG (lattice-best-path:main():lattice-best-path.cc:99) For utterance M07UP13A0882I301, best cost 19.1501 + 3429.36 = 3448.51 over 498 frames.
M07UP13A0882I301 yuupii 
LOG (lattice-best-path:main():lattice-best-path.cc:99) For utterance M07UP13A0884I303, best cost 21.6799 + 3410.02 = 3431.7 over 498 frames.
M07UP13A0884I303 uttarpradesh 
LOG (lattice-best-path:main():lattice-best-path.cc:99) For utterance M07UP13A0888I41, best cost 14.5322 + 1962.99 = 1977.52 over 298 frames.
M07UP13A0888I41 eempii 
LOG (lattice-best-path:main():lattice-best-path.cc:99) For utterance M07UP13A0889I41, best cost 19.5381 + 2181.1 = 2200.64 over 298 frames.
M07UP13A0889I41 eempii 
LOG (lattice-best-path:main():lattice-best-path.cc:99) For utterance M07UP13A0890I43, best cost 15.2733 + 2205.03 = 2220.31 over 298 frames.
M07UP13A0890I43 yuupii 
LOG (lattice-best-path:main():lattice-best-path.cc:99) For utterance M07UP13A0897I302, best cost 31.4366 + 3250.94 = 3282.38 over 498 frames.
M07UP13A0897I302 uttarpradesh 
LOG (lattice-best-path:main():lattice-best-path.cc:99) For utterance M07UP13A0897I41, best cost 17.5412 + 1899.03 = 1916.57 over 298 frames.
M07UP13A0897I41 madhyapradesh 
LOG (lattice-best-path:main():lattice-best-path.cc:99) For utterance M07UP13A0898I303, best cost 23.5876 + 3348.5 = 3372.08 over 498 frames.
M07UP13A0898I303 eempii 
LOG (lattice-best-path:main():lattice-best-path.cc:99) For utterance M07UP13A0900I436, best cost 12.1518 + 1940.07 = 1952.22 over 298 frames.
M07UP13A0900I436 yuupii 
LOG (lattice-best-path:main():lattice-best-path.cc:99) For utterance M07UP14A0572I301, best cost 21.6479 + 2967.77 = 2989.42 over 498 frames.
M07UP14A0572I301 madhyapradesh 
LOG (lattice-best-path:main():lattice-best-path.cc:99) For utterance M07UP14A0576I41, best cost 20.3635 + 2000.26 = 2020.62 over 298 frames.
M07UP14A0576I41 eempii 
LOG (lattice-best-path:main():lattice-best-path.cc:99) For utterance M07UP14A0583I300, best cost 23.8466 + 3363.87 = 3387.71 over 498 frames.
M07UP14A0583I300 eempii 
LOG (lattice-best-path:main():lattice-best-path.cc:99) For utterance M07UP14A0588I41, best cost 20.0944 + 1990.91 = 2011 over 300 frames.
M07UP14A0588I41 madhyapradesh 
LOG (lattice-best-path:main():lattice-best-path.cc:99) For utterance M07UP14A0590I300, best cost 21.2019 + 3098.99 = 3120.19 over 498 frames.
M07UP14A0590I300 eempii 
LOG (lattice-best-path:main():lattice-best-path.cc:99) For utterance M07UP14A0590I43, best cost 21.3622 + 1978.85 = 2000.21 over 298 frames.
M07UP14A0590I43 uttarpradesh 
LOG (lattice-best-path:main():lattice-best-path.cc:99) For utterance M07UP14A0591I302, best cost 16.5162 + 2995.15 = 3011.67 over 498 frames.
M07UP14A0591I302 madhyapradesh 
LOG (lattice-best-path:main():lattice-best-path.cc:99) For utterance M07UP14A0591I303, best cost 13.3686 + 3380.05 = 3393.41 over 498 frames.
M07UP14A0591I303 yuupii 
LOG (lattice-best-path:main():lattice-best-path.cc:99) For utterance M07UP18A0362I47, best cost 18.9334 + 1940.34 = 1959.27 over 298 frames.
M07UP18A0362I47 madhyapradesh 
LOG (lattice-best-path:main():lattice-best-path.cc:99) For utterance M07UP18A0363I300, best cost 22.3851 + 3068.47 = 3090.85 over 498 frames.
M07UP18A0363I300 eempii 
LOG (lattice-best-path:main():lattice-best-path.cc:99) For utterance M07UP18A0363I302, best cost 22.0803 + 2971.03 = 2993.11 over 498 frames.
M07UP18A0363I302 eempii 
LOG (lattice-best-path:main():lattice-best-path.cc:99) For utterance M07UP18A0365I42, best cost 16.2921 + 1868.35 = 1884.65 over 298 frames.
M07UP18A0365I42 eempii 
LOG (lattice-best-path:main():lattice-best-path.cc:99) For utterance M07UP18A0366I41, best cost 18.3628 + 1954.16 = 1972.53 over 298 frames.
M07UP18A0366I41 eempii 
LOG (lattice-best-path:main():lattice-best-path.cc:99) For utterance M07UP18A0367I43, best cost 14.7215 + 1964.5 = 1979.23 over 298 frames.
M07UP18A0367I43 uttarpradesh 
LOG (lattice-best-path:main():lattice-best-path.cc:99) For utterance M07UP18A0368I301, best cost 28.6889 + 3295.96 = 3324.65 over 498 frames.
M07UP18A0368I301 madhyapradesh 
LOG (lattice-best-path:main():lattice-best-path.cc:99) For utterance M07UP18A0368I49, best cost 14.1922 + 1988.65 = 2002.84 over 298 frames.
M07UP18A0368I49 yuupii 
LOG (lattice-best-path:main():lattice-best-path.cc:99) For utterance M07UP18A0369I48, best cost 21.5711 + 2168.88 = 2190.45 over 298 frames.
M07UP18A0369I48 eempii 
LOG (lattice-best-path:main():lattice-best-path.cc:99) For utterance M07UP18A0371I300, best cost 20.7365 + 3454.04 = 3474.78 over 498 frames.
M07UP18A0371I300 yuupii 
LOG (lattice-best-path:main():lattice-best-path.cc:99) For utterance M07UP18A0374I300, best cost 21.1472 + 3685.44 = 3706.59 over 498 frames.
M07UP18A0374I300 eempii 
LOG (lattice-best-path:main():lattice-best-path.cc:99) For utterance M07UP18A0374I48, best cost 18.537 + 2122.84 = 2141.38 over 298 frames.
M07UP18A0374I48 madhyapradesh 
LOG (lattice-best-path:main():lattice-best-path.cc:99) For utterance M07UP18A0375I45, best cost 16.7331 + 2095.12 = 2111.85 over 298 frames.
M07UP18A0375I45 eempii 
LOG (lattice-best-path:main():lattice-best-path.cc:99) For utterance M07UP18A0376I43, best cost 14.2917 + 1852.35 = 1866.64 over 298 frames.
M07UP18A0376I43 eempii 
LOG (lattice-best-path:main():lattice-best-path.cc:99) For utterance M07UP18A0376I49, best cost 17.8086 + 1871.74 = 1889.55 over 298 frames.
M07UP18A0376I49 uttarpradesh 
LOG (lattice-best-path:main():lattice-best-path.cc:99) For utterance M07UP18A0378I302, best cost 26.0027 + 3656.02 = 3682.02 over 498 frames.
M07UP18A0378I302 eempii 
LOG (lattice-best-path:main():lattice-best-path.cc:99) For utterance M07UP18A0380I300, best cost 22.7975 + 3321.29 = 3344.09 over 498 frames.
M07UP18A0380I300 madhyapradesh 
LOG (lattice-best-path:main():lattice-best-path.cc:99) For utterance M07UP19A0341I48, best cost 11.1666 + 1748 = 1759.16 over 298 frames.
M07UP19A0341I48 yuupii 
LOG (lattice-best-path:main():lattice-best-path.cc:99) For utterance M07UP19A0345I300, best cost 25.2901 + 3622.41 = 3647.7 over 490 frames.
M07UP19A0345I300 uttarpradesh 
LOG (lattice-best-path:main():lattice-best-path.cc:99) For utterance M07UP19A0345I45, best cost 18.0938 + 1878.37 = 1896.47 over 298 frames.
M07UP19A0345I45 uttarpradesh 
LOG (lattice-best-path:main():lattice-best-path.cc:99) For utterance M07UP19A0346I301, best cost 25.5817 + 3491.31 = 3516.89 over 498 frames.
M07UP19A0346I301 madhyapradesh 
LOG (lattice-best-path:main():lattice-best-path.cc:99) For utterance M07UP19A0348I301, best cost 29.8539 + 3094.81 = 3124.66 over 498 frames.
M07UP19A0348I301 madhyapradesh 
LOG (lattice-best-path:main():lattice-best-path.cc:99) For utterance M07UP19A0354I301, best cost 22.6103 + 3566.44 = 3589.05 over 498 frames.
M07UP19A0354I301 eempii 
LOG (lattice-best-path:main():lattice-best-path.cc:99) For utterance M07UP19A0354I303, best cost 25.2528 + 3467.48 = 3492.73 over 498 frames.
M07UP19A0354I303 eempii 
LOG (lattice-best-path:main():lattice-best-path.cc:99) For utterance M07UP19A0356I43, best cost 20.0288 + 1946.32 = 1966.35 over 298 frames.
M07UP19A0356I43 uttarpradesh 
LOG (lattice-best-path:main():lattice-best-path.cc:99) For utterance M07UP19A0357I300, best cost 19.819 + 3217.74 = 3237.56 over 498 frames.
M07UP19A0357I300 madhyapradesh 
LOG (lattice-best-path:main():lattice-best-path.cc:99) For utterance M07UP19A0358I303, best cost 25.0488 + 3058.38 = 3083.43 over 498 frames.
M07UP19A0358I303 madhyapradesh 
LOG (lattice-best-path:main():lattice-best-path.cc:99) For utterance M07UP19A0359I40, best cost 12.927 + 1801.5 = 1814.42 over 298 frames.
M07UP19A0359I40 madhyapradesh 
LOG (lattice-best-path:main():lattice-best-path.cc:99) For utterance M07UP20A0734I300, best cost 25.9944 + 3189.04 = 3215.04 over 498 frames.
M07UP20A0734I300 yuupii 
LOG (lattice-best-path:main():lattice-best-path.cc:99) For utterance M07UP20A0739I44, best cost 20.2743 + 1840.79 = 1861.06 over 298 frames.
M07UP20A0739I44 uttarpradesh 
LOG (lattice-best-path:main():lattice-best-path.cc:99) For utterance M07UP20A0739I45, best cost 14.7353 + 1793.25 = 1807.99 over 300 frames.
M07UP20A0739I45 madhyapradesh 
LOG (lattice-best-path:main():lattice-best-path.cc:99) For utterance M07UP20A0740I302, best cost 21.8877 + 3092.04 = 3113.93 over 498 frames.
M07UP20A0740I302 eempii 
LOG (lattice-best-path:main():lattice-best-path.cc:99) For utterance M07UP20A0742I302, best cost 16.2124 + 2842.78 = 2859 over 498 frames.
M07UP20A0742I302 eempii 
LOG (lattice-best-path:main():lattice-best-path.cc:99) For utterance M07UP20A0750I40, best cost 23.5275 + 1957.47 = 1981 over 298 frames.
M07UP20A0750I40 eempii 
LOG (lattice-best-path:main():lattice-best-path.cc:99) For utterance M07UP20A0753I43, best cost 15.1175 + 2126.65 = 2141.77 over 298 frames.
M07UP20A0753I43 yuupii 
LOG (lattice-best-path:main():lattice-best-path.cc:99) For utterance M07UP21A0593I302, best cost 25.4698 + 3385.81 = 3411.28 over 498 frames.
M07UP21A0593I302 eempii 
LOG (lattice-best-path:main():lattice-best-path.cc:99) For utterance M07UP21A0598I41, best cost 23.6209 + 1895.34 = 1918.96 over 298 frames.
M07UP21A0598I41 yuupii 
LOG (lattice-best-path:main():lattice-best-path.cc:99) For utterance M07UP21A0600I300, best cost 28.8757 + 3292.07 = 3320.94 over 498 frames.
M07UP21A0600I300 yuupii 
LOG (lattice-best-path:main():lattice-best-path.cc:99) For utterance M07UP21A0600I42, best cost 24.3668 + 1891.69 = 1916.06 over 298 frames.
M07UP21A0600I42 eempii 
LOG (lattice-best-path:main():lattice-best-path.cc:99) For utterance M07UP21A0606I301, best cost 33.571 + 3309.96 = 3343.53 over 498 frames.
M07UP21A0606I301 uttarpradesh 
LOG (lattice-best-path:main():lattice-best-path.cc:99) For utterance M07UP21A0606I302, best cost 19.6603 + 3494.87 = 3514.53 over 498 frames.
M07UP21A0606I302 eempii 
LOG (lattice-best-path:main():lattice-best-path.cc:99) For utterance M07UP21A0607I301, best cost 28.7529 + 3158.51 = 3187.26 over 498 frames.
M07UP21A0607I301 yuupii 
LOG (lattice-best-path:main():lattice-best-path.cc:99) For utterance M07UP22A1323I47, best cost 10.5905 + 1685.66 = 1696.25 over 298 frames.
M07UP22A1323I47 eempii 
LOG (lattice-best-path:main():lattice-best-path.cc:99) For utterance M07UP22A1326I300, best cost 23.0597 + 3152.58 = 3175.64 over 498 frames.
M07UP22A1326I300 madhyapradesh 
LOG (lattice-best-path:main():lattice-best-path.cc:99) For utterance M07UP22A1342I301, best cost 23.8599 + 2940.69 = 2964.55 over 498 frames.
M07UP22A1342I301 eempii 
LOG (lattice-best-path:main():lattice-best-path.cc:99) For utterance M07UP22A1347I43, best cost 16.7509 + 2173.31 = 2190.06 over 298 frames.
M07UP22A1347I43 madhyapradesh 
LOG (lattice-best-path:main():lattice-best-path.cc:99) For utterance M07UP22A1347I47, best cost 16.7174 + 2110.62 = 2127.34 over 300 frames.
M07UP22A1347I47 yuupii 
LOG (lattice-best-path:main():lattice-best-path.cc:99) For utterance M07UP22A1355I301, best cost 20.5459 + 3380.68 = 3401.23 over 498 frames.
M07UP22A1355I301 eempii 
LOG (lattice-best-path:main():lattice-best-path.cc:99) For utterance M07UP22A1355I47, best cost 17.899 + 1906.93 = 1924.83 over 298 frames.
M07UP22A1355I47 eempii 
LOG (lattice-best-path:main():lattice-best-path.cc:99) For utterance M07UP22A1357I300, best cost 26.9099 + 3090.05 = 3116.96 over 498 frames.
M07UP22A1357I300 eempii 
LOG (lattice-best-path:main():lattice-best-path.cc:99) For utterance M07UP22A1357I45, best cost 14.5925 + 1840.83 = 1855.43 over 298 frames.
M07UP22A1357I45 uttarpradesh 
LOG (lattice-best-path:main():lattice-best-path.cc:99) For utterance M07UP22A1357I47, best cost 12.6998 + 1890.4 = 1903.1 over 298 frames.
M07UP22A1357I47 yuupii 
LOG (lattice-best-path:main():lattice-best-path.cc:99) For utterance M07UP23A0224I44, best cost 16.8725 + 2130.06 = 2146.94 over 298 frames.
M07UP23A0224I44 madhyapradesh 
LOG (lattice-best-path:main():lattice-best-path.cc:99) For utterance M07UP23A0233I43, best cost 13.1783 + 1771.54 = 1784.72 over 298 frames.
M07UP23A0233I43 eempii 
LOG (lattice-best-path:main():lattice-best-path.cc:99) For utterance M07UP23A0234I41, best cost 22.07 + 2148.52 = 2170.59 over 298 frames.
M07UP23A0234I41 uttarpradesh 
LOG (lattice-best-path:main():lattice-best-path.cc:99) For utterance M07UP23A0235I42, best cost 16.0185 + 2139.73 = 2155.75 over 298 frames.
M07UP23A0235I42 yuupii 
LOG (lattice-best-path:main():lattice-best-path.cc:99) For utterance M07UP23A0236I43, best cost 19.2165 + 1990.86 = 2010.08 over 298 frames.
M07UP23A0236I43 eempii 
LOG (lattice-best-path:main():lattice-best-path.cc:99) For utterance M07UP23A0239I40, best cost 13.0693 + 2081.15 = 2094.22 over 298 frames.
M07UP23A0239I40 eempii 
LOG (lattice-best-path:main():lattice-best-path.cc:99) For utterance M07UP23A0242I42, best cost 19.7493 + 2057.5 = 2077.25 over 298 frames.
M07UP23A0242I42 eempii 
LOG (lattice-best-path:main():lattice-best-path.cc:99) For utterance M07UP24A0171I300, best cost 23.3048 + 3249.13 = 3272.43 over 498 frames.
M07UP24A0171I300 eempii 
LOG (lattice-best-path:main():lattice-best-path.cc:99) For utterance M07UP24A0172I45, best cost 13.5772 + 2014.09 = 2027.66 over 298 frames.
M07UP24A0172I45 eempii 
LOG (lattice-best-path:main():lattice-best-path.cc:99) For utterance M07UP24A0172I49, best cost 13.4802 + 2052.33 = 2065.81 over 298 frames.
M07UP24A0172I49 eempii 
LOG (lattice-best-path:main():lattice-best-path.cc:99) For utterance M07UP24A0173I44, best cost 19.1343 + 1808.26 = 1827.4 over 298 frames.
M07UP24A0173I44 uttarpradesh 
LOG (lattice-best-path:main():lattice-best-path.cc:99) For utterance M07UP24A0173I46, best cost 11.9592 + 1727.3 = 1739.26 over 298 frames.
M07UP24A0173I46 eempii 
LOG (lattice-best-path:main():lattice-best-path.cc:99) For utterance M07UP24A0175I301, best cost 28.8041 + 3120.5 = 3149.3 over 498 frames.
M07UP24A0175I301 madhyapradesh 
LOG (lattice-best-path:main():lattice-best-path.cc:99) For utterance M07UP24A0177F606, best cost 25.7248 + 5981.81 = 6007.53 over 998 frames.
M07UP24A0177F606 eempii 
LOG (lattice-best-path:main():lattice-best-path.cc:99) For utterance M07UP24A0179I302, best cost 22.5981 + 3103.69 = 3126.29 over 498 frames.
M07UP24A0179I302 uttarpradesh 
LOG (lattice-best-path:main():lattice-best-path.cc:99) For utterance M07UP24A0181I301, best cost 22.5507 + 3532.85 = 3555.4 over 498 frames.
M07UP24A0181I301 yuupii 
LOG (lattice-best-path:main():lattice-best-path.cc:99) For utterance M07UP24A0181I42, best cost 14.9255 + 2046.68 = 2061.6 over 298 frames.
M07UP24A0181I42 uttarpradesh 
LOG (lattice-best-path:main():lattice-best-path.cc:99) For utterance M07UP24A0181I48, best cost 13.8188 + 1991.44 = 2005.26 over 298 frames.
M07UP24A0181I48 yuupii 
LOG (lattice-best-path:main():lattice-best-path.cc:99) For utterance M07UP24A0185I303, best cost 22.5734 + 3294.25 = 3316.82 over 498 frames.
M07UP24A0185I303 yuupii 
LOG (lattice-best-path:main():lattice-best-path.cc:99) For utterance M07UP24A0188I302, best cost 19.1952 + 3186.74 = 3205.94 over 498 frames.
M07UP24A0188I302 eempii 
LOG (lattice-best-path:main():lattice-best-path.cc:99) For utterance M07UP24A0191I300, best cost 18.7464 + 3002.78 = 3021.53 over 498 frames.
M07UP24A0191I300 eempii 
LOG (lattice-best-path:main():lattice-best-path.cc:99) For utterance M07UP25A1205I302, best cost 25.3376 + 3489.91 = 3515.25 over 498 frames.
M07UP25A1205I302 eempii 
LOG (lattice-best-path:main():lattice-best-path.cc:99) For utterance M07UP25A1205I43, best cost 16.5608 + 2076.59 = 2093.15 over 298 frames.
M07UP25A1205I43 eempii 
LOG (lattice-best-path:main():lattice-best-path.cc:99) For utterance M07UP25A1206I45, best cost 21.2344 + 2017.99 = 2039.22 over 298 frames.
M07UP25A1206I45 uttarpradesh 
LOG (lattice-best-path:main():lattice-best-path.cc:99) For utterance M07UP25A1209I41, best cost 21.1911 + 1975.08 = 1996.27 over 298 frames.
M07UP25A1209I41 uttarpradesh 
LOG (lattice-best-path:main():lattice-best-path.cc:99) For utterance M07UP25A1216I41, best cost 13.7258 + 2162.55 = 2176.28 over 298 frames.
M07UP25A1216I41 eempii 
LOG (lattice-best-path:main():lattice-best-path.cc:99) For utterance M07UP25A1220I300, best cost 36.3101 + 3229.28 = 3265.59 over 498 frames.
M07UP25A1220I300 eempii 
LOG (lattice-best-path:main():lattice-best-path.cc:99) For utterance M07UP25A1220I42, best cost 19.1482 + 1944.52 = 1963.67 over 298 frames.
M07UP25A1220I42 yuupii 
LOG (lattice-best-path:main():lattice-best-path.cc:99) For utterance M07UP25A1261I302, best cost 21.3319 + 3528.74 = 3550.07 over 500 frames.
M07UP25A1261I302 eempii 
LOG (lattice-best-path:main():lattice-best-path.cc:99) For utterance M07UP26A0214I42, best cost 12.6071 + 2178.23 = 2190.84 over 298 frames.
M07UP26A0214I42 yuupii 
LOG (lattice-best-path:main():lattice-best-path.cc:99) For utterance M07UP26A0255I48, best cost 19.9567 + 1946.24 = 1966.2 over 300 frames.
M07UP26A0255I48 madhyapradesh 
LOG (lattice-best-path:main():lattice-best-path.cc:99) For utterance M07UP26A0257I47, best cost 17.2379 + 1753.64 = 1770.88 over 298 frames.
M07UP26A0257I47 uttarpradesh 
LOG (lattice-best-path:main():lattice-best-path.cc:99) For utterance M07UP26A0258I414, best cost 21.7537 + 1869.99 = 1891.74 over 298 frames.
M07UP26A0258I414 yuupii 
LOG (lattice-best-path:main():lattice-best-path.cc:99) For utterance M07UP26A0261I47, best cost 13.5614 + 1909.91 = 1923.47 over 298 frames.
M07UP26A0261I47 yuupii 
LOG (lattice-best-path:main():lattice-best-path.cc:99) For utterance M07UP26A0262I41, best cost 11.8366 + 2094.16 = 2106 over 298 frames.
M07UP26A0262I41 yuupii 
LOG (lattice-best-path:main():lattice-best-path.cc:99) For utterance M07UP26A0263I43, best cost 18.4264 + 1811.69 = 1830.12 over 298 frames.
M07UP26A0263I43 eempii 
LOG (lattice-best-path:main():lattice-best-path.cc:99) For utterance M07UP26A0267I44, best cost 13.9628 + 1898.99 = 1912.96 over 298 frames.
M07UP26A0267I44 uttarpradesh 
LOG (lattice-best-path:main():lattice-best-path.cc:99) For utterance M07UP26A0269I47, best cost 16.7819 + 2092.77 = 2109.55 over 298 frames.
M07UP26A0269I47 madhyapradesh 
LOG (lattice-best-path:main():lattice-best-path.cc:99) For utterance M07UP26A0270I42, best cost 19.1695 + 2027.57 = 2046.74 over 298 frames.
M07UP26A0270I42 eempii 
LOG (lattice-best-path:main():lattice-best-path.cc:99) For utterance M07UP26A0272I44, best cost 10.9491 + 1678.04 = 1688.99 over 298 frames.
M07UP26A0272I44 eempii 
LOG (lattice-best-path:main():lattice-best-path.cc:99) For utterance M07UP27A0641I438, best cost 14.5397 + 1894.87 = 1909.41 over 298 frames.
M07UP27A0641I438 eempii 
LOG (lattice-best-path:main():lattice-best-path.cc:99) For utterance M07UP27A0647I41, best cost 15.7788 + 1901.67 = 1917.45 over 298 frames.
M07UP27A0647I41 madhyapradesh 
LOG (lattice-best-path:main():lattice-best-path.cc:99) For utterance M07UP27A0647I43, best cost 17.687 + 1926.13 = 1943.82 over 298 frames.
M07UP27A0647I43 eempii 
LOG (lattice-best-path:main():lattice-best-path.cc:99) For utterance M07UP27A0657I303, best cost 21.4666 + 3255.91 = 3277.38 over 498 frames.
M07UP27A0657I303 eempii 
LOG (lattice-best-path:main():lattice-best-path.cc:99) For utterance M07UP28A0216I301, best cost 15.3678 + 3350.76 = 3366.13 over 498 frames.
M07UP28A0216I301 yuupii 
LOG (lattice-best-path:main():lattice-best-path.cc:99) For utterance M07UP28A0218I300, best cost 28.1155 + 3188.27 = 3216.39 over 498 frames.
M07UP28A0218I300 yuupii 
LOG (lattice-best-path:main():lattice-best-path.cc:99) For utterance M07UP28A0219I40, best cost 16.0255 + 1933.1 = 1949.13 over 298 frames.
M07UP28A0219I40 eempii 
LOG (lattice-best-path:main():lattice-best-path.cc:99) For utterance M07UP28A0219I505, best cost 15.0305 + 1921.45 = 1936.48 over 300 frames.
M07UP28A0219I505 yuupii 
LOG (lattice-best-path:main():lattice-best-path.cc:99) For utterance M07UP28A0225I302, best cost 13.6171 + 3381.8 = 3395.42 over 498 frames.
M07UP28A0225I302 eempii 
LOG (lattice-best-path:main():lattice-best-path.cc:99) For utterance M07UP28A0225I40, best cost 20.3084 + 1905.77 = 1926.08 over 298 frames.
M07UP28A0225I40 eempii 
LOG (lattice-best-path:main():lattice-best-path.cc:99) For utterance M07UP28A0225I41, best cost 13.7524 + 2251.76 = 2265.51 over 298 frames.
M07UP28A0225I41 yuupii 
LOG (lattice-best-path:main():lattice-best-path.cc:99) For utterance M07UP29A0506I301, best cost 23.1509 + 3015.31 = 3038.46 over 498 frames.
M07UP29A0506I301 madhyapradesh 
LOG (lattice-best-path:main():lattice-best-path.cc:99) For utterance M07UP29A0509I42, best cost 23.0116 + 1972.22 = 1995.24 over 298 frames.
M07UP29A0509I42 eempii 
LOG (lattice-best-path:main():lattice-best-path.cc:99) For utterance M07UP29A0509I45, best cost 15.3945 + 1933.03 = 1948.43 over 298 frames.
M07UP29A0509I45 uttarpradesh 
LOG (lattice-best-path:main():lattice-best-path.cc:99) For utterance M07UP29A0510I303, best cost 21.6717 + 3120.51 = 3142.18 over 500 frames.
M07UP29A0510I303 uttarpradesh 
LOG (lattice-best-path:main():lattice-best-path.cc:99) For utterance M07UP29A0510I44, best cost 15.5323 + 1788.33 = 1803.87 over 298 frames.
M07UP29A0510I44 madhyapradesh 
LOG (lattice-best-path:main():lattice-best-path.cc:99) For utterance M07UP29A0511I301, best cost 18.219 + 3231.56 = 3249.78 over 498 frames.
M07UP29A0511I301 uttarpradesh 
LOG (lattice-best-path:main():lattice-best-path.cc:99) For utterance M07UP29A0511I42, best cost 18.344 + 2051.86 = 2070.21 over 298 frames.
M07UP29A0511I42 uttarpradesh 
LOG (lattice-best-path:main():lattice-best-path.cc:99) For utterance M07UP29A0513I44, best cost 13.8677 + 1887.34 = 1901.2 over 298 frames.
M07UP29A0513I44 uttarpradesh 
LOG (lattice-best-path:main():lattice-best-path.cc:99) For utterance M07UP29A0514I41, best cost 15.145 + 1973.05 = 1988.19 over 298 frames.
M07UP29A0514I41 madhyapradesh 
LOG (lattice-best-path:main():lattice-best-path.cc:99) For utterance M07UP29A0516I41, best cost 14.2045 + 2114.57 = 2128.78 over 298 frames.
M07UP29A0516I41 eempii 
LOG (lattice-best-path:main():lattice-best-path.cc:99) For utterance M07UP29A0517I303, best cost 18.7882 + 3217.23 = 3236.02 over 498 frames.
M07UP29A0517I303 eempii 
LOG (lattice-best-path:main():lattice-best-path.cc:99) For utterance M07UP29A0520I42, best cost 17.2126 + 1820.86 = 1838.07 over 298 frames.
M07UP29A0520I42 eempii 
LOG (lattice-best-path:main():lattice-best-path.cc:99) For utterance M07UP29A0520I45, best cost 20.4657 + 2002.68 = 2023.14 over 298 frames.
M07UP29A0520I45 eempii 
LOG (lattice-best-path:main():lattice-best-path.cc:99) For utterance M07UP29A0521I303, best cost 25.1189 + 3118.31 = 3143.43 over 498 frames.
M07UP29A0521I303 madhyapradesh 
LOG (lattice-best-path:main():lattice-best-path.cc:99) For utterance M07UP29A0521I47, best cost 16.5806 + 1832.61 = 1849.19 over 298 frames.
M07UP29A0521I47 uttarpradesh 
LOG (lattice-best-path:main():lattice-best-path.cc:99) For utterance M07UP31A1290I43, best cost 13.3615 + 1893.64 = 1907 over 298 frames.
M07UP31A1290I43 eempii 
LOG (lattice-best-path:main():lattice-best-path.cc:99) For utterance M07UP31A1291I42, best cost 21.3282 + 1940.52 = 1961.85 over 298 frames.
M07UP31A1291I42 madhyapradesh 
LOG (lattice-best-path:main():lattice-best-path.cc:99) For utterance M07UP31A1292I301, best cost 23.4875 + 3149.78 = 3173.27 over 498 frames.
M07UP31A1292I301 uttarpradesh 
LOG (lattice-best-path:main():lattice-best-path.cc:99) For utterance M07UP31A1294I302, best cost 32.3808 + 3070.75 = 3103.13 over 498 frames.
M07UP31A1294I302 eempii 
LOG (lattice-best-path:main():lattice-best-path.cc:99) For utterance M07UP31A1294I43, best cost 20.5448 + 1972.76 = 1993.31 over 298 frames.
M07UP31A1294I43 eempii 
LOG (lattice-best-path:main():lattice-best-path.cc:99) For utterance M07UP31A1296I500, best cost 22.8962 + 2850.49 = 2873.39 over 498 frames.
M07UP31A1296I500 yuupii 
LOG (lattice-best-path:main():lattice-best-path.cc:99) For utterance M07UP31A1300I300, best cost 25.2425 + 3579.11 = 3604.35 over 498 frames.
M07UP31A1300I300 yuupii 
LOG (lattice-best-path:main():lattice-best-path.cc:99) For utterance M07UP31A1302I301, best cost 30.5694 + 3163.3 = 3193.87 over 498 frames.
M07UP31A1302I301 madhyapradesh 
LOG (lattice-best-path:main():lattice-best-path.cc:99) For utterance M07UP31A1306I302, best cost 32.8435 + 3224.33 = 3257.17 over 498 frames.
M07UP31A1306I302 eempii 
LOG (lattice-best-path:main():lattice-best-path.cc:99) For utterance M07UP31A1306I303, best cost 22.3576 + 3646.17 = 3668.53 over 498 frames.
M07UP31A1306I303 eempii 
LOG (lattice-best-path:main():lattice-best-path.cc:99) For utterance M07UP31A1306I43, best cost 14.7489 + 1789.68 = 1804.43 over 298 frames.
M07UP31A1306I43 uttarpradesh 
LOG (lattice-best-path:main():lattice-best-path.cc:99) For utterance M07UP31A1307I430, best cost 26.5661 + 1938.61 = 1965.18 over 298 frames.
M07UP31A1307I430 madhyapradesh 
LOG (lattice-best-path:main():lattice-best-path.cc:99) For utterance M07UP31A1308I435, best cost 19.7625 + 1936.64 = 1956.4 over 298 frames.
M07UP31A1308I435 madhyapradesh 
LOG (lattice-best-path:main():lattice-best-path.cc:99) For utterance M07UP31A1309I44, best cost 15.6723 + 2162.03 = 2177.7 over 298 frames.
M07UP31A1309I44 eempii 
LOG (lattice-best-path:main():lattice-best-path.cc:99) For utterance M07UP31A1310I45, best cost 21.3365 + 2070.01 = 2091.35 over 298 frames.
M07UP31A1310I45 uttarpradesh 
LOG (lattice-best-path:main():lattice-best-path.cc:99) For utterance M07UP34A0551I43, best cost 13.3522 + 2074.26 = 2087.62 over 300 frames.
M07UP34A0551I43 eempii 
LOG (lattice-best-path:main():lattice-best-path.cc:99) For utterance M07UP34A0554I301, best cost 18.3526 + 3128.36 = 3146.71 over 498 frames.
M07UP34A0554I301 yuupii 
LOG (lattice-best-path:main():lattice-best-path.cc:99) For utterance M07UP34A0555I300, best cost 23.5542 + 3566.36 = 3589.91 over 498 frames.
M07UP34A0555I300 eempii 
LOG (lattice-best-path:main():lattice-best-path.cc:99) For utterance M07UP34A0558I42, best cost 14.5324 + 2024.55 = 2039.09 over 298 frames.
M07UP34A0558I42 yuupii 
LOG (lattice-best-path:main():lattice-best-path.cc:99) For utterance M07UP34A0559I303, best cost 28.1255 + 3213.24 = 3241.36 over 498 frames.
M07UP34A0559I303 eempii 
LOG (lattice-best-path:main():lattice-best-path.cc:99) For utterance M07UP34A0559I44, best cost 21.8962 + 1943.92 = 1965.82 over 298 frames.
M07UP34A0559I44 madhyapradesh 
LOG (lattice-best-path:main():lattice-best-path.cc:99) For utterance M07UP34A0561I300, best cost 22.8538 + 3573.61 = 3596.46 over 498 frames.
M07UP34A0561I300 eempii 
LOG (lattice-best-path:main():lattice-best-path.cc:99) For utterance M07UP34A0563I303, best cost 38.4717 + 3056.43 = 3094.91 over 498 frames.
M07UP34A0563I303 eempii 
LOG (lattice-best-path:main():lattice-best-path.cc:99) For utterance M07UP34A0564I43, best cost 14.4207 + 1936.82 = 1951.24 over 298 frames.
M07UP34A0564I43 yuupii 
LOG (lattice-best-path:main():lattice-best-path.cc:99) For utterance M07UP34A0566I301, best cost 27.9324 + 3028.87 = 3056.8 over 498 frames.
M07UP34A0566I301 madhyapradesh 
LOG (lattice-best-path:main():lattice-best-path.cc:99) For utterance M07UP35A0443I41, best cost 15.4825 + 2016.63 = 2032.12 over 298 frames.
M07UP35A0443I41 eempii 
LOG (lattice-best-path:main():lattice-best-path.cc:99) For utterance M07UP35A0446I301, best cost 23.66 + 3271.41 = 3295.07 over 498 frames.
M07UP35A0446I301 madhyapradesh 
LOG (lattice-best-path:main():lattice-best-path.cc:99) For utterance M07UP35A0448I301, best cost 21.3432 + 2985.99 = 3007.33 over 498 frames.
M07UP35A0448I301 yuupii 
LOG (lattice-best-path:main():lattice-best-path.cc:99) For utterance M07UP35A0450I301, best cost 29.0926 + 3509.42 = 3538.51 over 498 frames.
M07UP35A0450I301 madhyapradesh 
LOG (lattice-best-path:main():lattice-best-path.cc:99) For utterance M07UP35A0452I303, best cost 34.0835 + 3014.68 = 3048.77 over 498 frames.
M07UP35A0452I303 eempii 
LOG (lattice-best-path:main():lattice-best-path.cc:99) For utterance M07UP35A0455I303, best cost 31.2446 + 2982.26 = 3013.51 over 498 frames.
M07UP35A0455I303 eempii 
LOG (lattice-best-path:main():lattice-best-path.cc:99) For utterance M07UP35A0455I426, best cost 21.8197 + 2042.91 = 2064.73 over 298 frames.
M07UP35A0455I426 eempii 
LOG (lattice-best-path:main():lattice-best-path.cc:99) For utterance M07UP35A0456I43, best cost 20.0664 + 1965.38 = 1985.44 over 298 frames.
M07UP35A0456I43 uttarpradesh 
LOG (lattice-best-path:main():lattice-best-path.cc:99) For utterance M07UP35A0457I41, best cost 16.8628 + 2066.17 = 2083.03 over 298 frames.
M07UP35A0457I41 eempii 
LOG (lattice-best-path:main():lattice-best-path.cc:99) For utterance M07UP35A0459I303, best cost 18.3593 + 3112.57 = 3130.93 over 498 frames.
M07UP35A0459I303 yuupii 
LOG (lattice-best-path:main():lattice-best-path.cc:99) For utterance M07UP36A0825I301, best cost 34.7761 + 3237.43 = 3272.21 over 498 frames.
M07UP36A0825I301 yuupii 
LOG (lattice-best-path:main():lattice-best-path.cc:99) For utterance M07UP36A0825I40, best cost 18.5817 + 1907.27 = 1925.85 over 298 frames.
M07UP36A0825I40 eempii 
LOG (lattice-best-path:main():lattice-best-path.cc:99) For utterance M07UP36A0827I300, best cost 33.5795 + 2932.18 = 2965.75 over 498 frames.
M07UP36A0827I300 uttarpradesh 
LOG (lattice-best-path:main():lattice-best-path.cc:99) For utterance M07UP36A0829I302, best cost 20.7799 + 3225.18 = 3245.96 over 498 frames.
M07UP36A0829I302 yuupii 
LOG (lattice-best-path:main():lattice-best-path.cc:99) For utterance M07UP36A0832I302, best cost 25.1441 + 3295.2 = 3320.34 over 498 frames.
M07UP36A0832I302 uttarpradesh 
LOG (lattice-best-path:main():lattice-best-path.cc:99) For utterance M07UP36A0840I41, best cost 14.5586 + 1793.93 = 1808.49 over 298 frames.
M07UP36A0840I41 eempii 
LOG (lattice-best-path:main():lattice-best-path.cc:99) For utterance M07UP37A0301I42, best cost 10.6501 + 1699.94 = 1710.59 over 298 frames.
M07UP37A0301I42 eempii 
LOG (lattice-best-path:main():lattice-best-path.cc:99) For utterance M07UP37A0302I45, best cost 14.0727 + 2131.1 = 2145.17 over 298 frames.
M07UP37A0302I45 eempii 
LOG (lattice-best-path:main():lattice-best-path.cc:99) For utterance M07UP37A0306I47, best cost 16.9744 + 2152.74 = 2169.72 over 298 frames.
M07UP37A0306I47 madhyapradesh 
LOG (lattice-best-path:main():lattice-best-path.cc:99) For utterance M07UP37A0307I303, best cost 13.0992 + 3424.37 = 3437.47 over 498 frames.
M07UP37A0307I303 yuupii 
LOG (lattice-best-path:main():lattice-best-path.cc:99) For utterance M07UP37A0309I40, best cost 12.345 + 2211.76 = 2224.1 over 298 frames.
M07UP37A0309I40 yuupii 
LOG (lattice-best-path:main():lattice-best-path.cc:99) For utterance M07UP37A0309I44, best cost 15.7418 + 2124.71 = 2140.45 over 300 frames.
M07UP37A0309I44 eempii 
LOG (lattice-best-path:main():lattice-best-path.cc:99) For utterance M07UP37A0311I43, best cost 18.7051 + 1924.04 = 1942.75 over 298 frames.
M07UP37A0311I43 madhyapradesh 
LOG (lattice-best-path:main():lattice-best-path.cc:99) For utterance M07UP37A0311I44, best cost 17.9204 + 1909.91 = 1927.83 over 298 frames.
M07UP37A0311I44 yuupii 
LOG (lattice-best-path:main():lattice-best-path.cc:99) For utterance M07UP37A0311I48, best cost 14.9351 + 1759.52 = 1774.45 over 300 frames.
M07UP37A0311I48 eempii 
LOG (lattice-best-path:main():lattice-best-path.cc:99) For utterance M07UP37A0313I427, best cost 13.2939 + 1957.97 = 1971.26 over 298 frames.
M07UP37A0313I427 eempii 
LOG (lattice-best-path:main():lattice-best-path.cc:99) For utterance M07UP37A0314I300, best cost 19.5505 + 3445.13 = 3464.68 over 498 frames.
M07UP37A0314I300 yuupii 
LOG (lattice-best-path:main():lattice-best-path.cc:99) For utterance M07UP37A0316I305, best cost 15.0732 + 3585.7 = 3600.78 over 498 frames.
M07UP37A0316I305 yuupii 
LOG (lattice-best-path:main():lattice-best-path.cc:99) For utterance M07UP37A0317I47, best cost 17.3081 + 1887.06 = 1904.37 over 298 frames.
M07UP37A0317I47 uttarpradesh 
LOG (lattice-best-path:main():lattice-best-path.cc:99) For utterance M07UP37A0317I48, best cost 14.871 + 2134.13 = 2149.01 over 298 frames.
M07UP37A0317I48 yuupii 
LOG (lattice-best-path:main():lattice-best-path.cc:99) For utterance M07UP37A0319I301, best cost 19.6297 + 3584.14 = 3603.77 over 498 frames.
M07UP37A0319I301 yuupii 
LOG (lattice-best-path:main():lattice-best-path.cc:99) For utterance M07UP38A0103I43, best cost 17.7677 + 1930.83 = 1948.6 over 298 frames.
M07UP38A0103I43 madhyapradesh 
LOG (lattice-best-path:main():lattice-best-path.cc:99) For utterance M07UP38A0107I43, best cost 14.5885 + 1970.56 = 1985.15 over 298 frames.
M07UP38A0107I43 yuupii 
LOG (lattice-best-path:main():lattice-best-path.cc:99) For utterance M07UP39A0774I301, best cost 21.2975 + 2964.92 = 2986.22 over 498 frames.
M07UP39A0774I301 eempii 
LOG (lattice-best-path:main():lattice-best-path.cc:99) For utterance M07UP39A0776I302, best cost 16.4888 + 2957.81 = 2974.3 over 498 frames.
M07UP39A0776I302 uttarpradesh 
LOG (lattice-best-path:main():lattice-best-path.cc:99) For utterance M07UP39A0777I300, best cost 25.5431 + 3084.66 = 3110.21 over 498 frames.
M07UP39A0777I300 uttarpradesh 
LOG (lattice-best-path:main():lattice-best-path.cc:99) For utterance M07UP39A0777I423, best cost 12.4118 + 1757.67 = 1770.08 over 298 frames.
M07UP39A0777I423 eempii 
LOG (lattice-best-path:main():lattice-best-path.cc:99) For utterance M07UP39A0778I303, best cost 28.7578 + 3265.46 = 3294.22 over 498 frames.
M07UP39A0778I303 eempii 
LOG (lattice-best-path:main():lattice-best-path.cc:99) For utterance M07UP39A0781I501, best cost 12.2758 + 2536.28 = 2548.55 over 398 frames.
M07UP39A0781I501 eempii 
LOG (lattice-best-path:main():lattice-best-path.cc:99) For utterance M07UP41A0273I301, best cost 18.8144 + 3660.15 = 3678.96 over 498 frames.
M07UP41A0273I301 eempii 
LOG (lattice-best-path:main():lattice-best-path.cc:99) For utterance M07UP41A0273I47, best cost 14.3295 + 2000.52 = 2014.85 over 298 frames.
M07UP41A0273I47 uttarpradesh 
LOG (lattice-best-path:main():lattice-best-path.cc:99) For utterance M07UP41A0275I300, best cost 23.9431 + 2995.72 = 3019.66 over 498 frames.
M07UP41A0275I300 eempii 
LOG (lattice-best-path:main():lattice-best-path.cc:99) For utterance M07UP41A0277I300, best cost 15.9172 + 3315.58 = 3331.5 over 498 frames.
M07UP41A0277I300 uttarpradesh 
LOG (lattice-best-path:main():lattice-best-path.cc:99) For utterance M07UP41A0277I43, best cost 15.3252 + 2096.66 = 2111.99 over 298 frames.
M07UP41A0277I43 eempii 
LOG (lattice-best-path:main():lattice-best-path.cc:99) For utterance M07UP41A0279I301, best cost 20.5317 + 3292.28 = 3312.81 over 498 frames.
M07UP41A0279I301 uttarpradesh 
LOG (lattice-best-path:main():lattice-best-path.cc:99) For utterance M07UP41A0279I302, best cost 21.9801 + 3170.94 = 3192.92 over 498 frames.
M07UP41A0279I302 uttarpradesh 
LOG (lattice-best-path:main():lattice-best-path.cc:99) For utterance M07UP41A0279I47, best cost 15.4628 + 2143.56 = 2159.02 over 298 frames.
M07UP41A0279I47 yuupii 
LOG (lattice-best-path:main():lattice-best-path.cc:99) For utterance M07UP41A0280I42, best cost 14.2001 + 1949.67 = 1963.87 over 298 frames.
M07UP41A0280I42 eempii 
LOG (lattice-best-path:main():lattice-best-path.cc:99) For utterance M07UP41A0280I45, best cost 15.1689 + 2117.67 = 2132.84 over 298 frames.
M07UP41A0280I45 eempii 
LOG (lattice-best-path:main():lattice-best-path.cc:99) For utterance M07UP41A0283I48, best cost 14.0086 + 1763.95 = 1777.96 over 298 frames.
M07UP41A0283I48 madhyapradesh 
LOG (lattice-best-path:main():lattice-best-path.cc:99) For utterance M07UP41A0289I303, best cost 22.9956 + 3264.63 = 3287.63 over 498 frames.
M07UP41A0289I303 yuupii 
LOG (lattice-best-path:main():lattice-best-path.cc:99) For utterance M07UP41A0289I44, best cost 14.0033 + 1865.97 = 1879.98 over 300 frames.
M07UP41A0289I44 eempii 
LOG (lattice-best-path:main():lattice-best-path.cc:99) For utterance M07UP41A0290I47, best cost 15.7938 + 1908.78 = 1924.57 over 298 frames.
M07UP41A0290I47 yuupii 
LOG (lattice-best-path:main():lattice-best-path.cc:99) For utterance M07UP41A0291I43, best cost 17.4458 + 1814.86 = 1832.3 over 298 frames.
M07UP41A0291I43 uttarpradesh 
LOG (lattice-best-path:main():lattice-best-path.cc:99) For utterance M07UP41A0291I46, best cost 16.7299 + 1888.21 = 1904.94 over 298 frames.
M07UP41A0291I46 uttarpradesh 
LOG (lattice-best-path:main():lattice-best-path.cc:99) For utterance M07UP42A0111I46, best cost 17.4247 + 1855.78 = 1873.21 over 298 frames.
M07UP42A0111I46 eempii 
LOG (lattice-best-path:main():lattice-best-path.cc:99) For utterance M07UP42A0116I430, best cost 13.215 + 2040.41 = 2053.63 over 298 frames.
M07UP42A0116I430 eempii 
LOG (lattice-best-path:main():lattice-best-path.cc:99) For utterance M07UP42A0117I419, best cost 22.2826 + 1917.63 = 1939.91 over 298 frames.
M07UP42A0117I419 uttarpradesh 
LOG (lattice-best-path:main():lattice-best-path.cc:99) For utterance M07UP42A0117I423, best cost 13.32 + 2022.26 = 2035.58 over 298 frames.
M07UP42A0117I423 eempii 
LOG (lattice-best-path:main():lattice-best-path.cc:99) For utterance M07UP42A0119I300, best cost 22.4295 + 3437.89 = 3460.32 over 498 frames.
M07UP42A0119I300 uttarpradesh 
LOG (lattice-best-path:main():lattice-best-path.cc:99) For utterance M07UP42A0119I46, best cost 20.26 + 2093.99 = 2114.25 over 298 frames.
M07UP42A0119I46 yuupii 
LOG (lattice-best-path:main():lattice-best-path.cc:99) For utterance M07UP42A0120I418, best cost 19.6706 + 1936.35 = 1956.02 over 298 frames.
M07UP42A0120I418 yuupii 
LOG (lattice-best-path:main():lattice-best-path.cc:99) For utterance M07UP42A0120I424, best cost 19.9682 + 1946.6 = 1966.56 over 298 frames.
M07UP42A0120I424 madhyapradesh 
LOG (lattice-best-path:main():lattice-best-path.cc:99) For utterance M07UP42A0120I429, best cost 17.4477 + 2052.97 = 2070.41 over 298 frames.
M07UP42A0120I429 eempii 
LOG (lattice-best-path:main():lattice-best-path.cc:99) For utterance M07UP42A0122I302, best cost 17.3239 + 3350.75 = 3368.07 over 498 frames.
M07UP42A0122I302 yuupii 
LOG (lattice-best-path:main():lattice-best-path.cc:99) For utterance M07UP42A0122I424, best cost 15.2087 + 2061.83 = 2077.04 over 298 frames.
M07UP42A0122I424 eempii 
LOG (lattice-best-path:main():lattice-best-path.cc:99) For utterance M07UP42A0122I46, best cost 21.1332 + 2023.3 = 2044.44 over 298 frames.
M07UP42A0122I46 yuupii 
LOG (lattice-best-path:main():lattice-best-path.cc:99) For utterance M07UP42A0123I42, best cost 15.8765 + 2020.35 = 2036.23 over 298 frames.
M07UP42A0123I42 eempii 
LOG (lattice-best-path:main():lattice-best-path.cc:99) For utterance M07UP42A0123I424, best cost 13.8629 + 2091.64 = 2105.51 over 298 frames.
M07UP42A0123I424 madhyapradesh 
LOG (lattice-best-path:main():lattice-best-path.cc:99) For utterance M07UP42A0124I45, best cost 15.2068 + 1932.44 = 1947.65 over 298 frames.
M07UP42A0124I45 eempii 
LOG (lattice-best-path:main():lattice-best-path.cc:99) For utterance M07UP42A0126I437, best cost 16.7435 + 2030.69 = 2047.43 over 298 frames.
M07UP42A0126I437 eempii 
LOG (lattice-best-path:main():lattice-best-path.cc:99) For utterance M07UP43A0148I300, best cost 23.1815 + 3519.32 = 3542.5 over 498 frames.
M07UP43A0148I300 yuupii 
LOG (lattice-best-path:main():lattice-best-path.cc:99) For utterance M07UP43A0151I42, best cost 17.8625 + 2148.84 = 2166.71 over 298 frames.
M07UP43A0151I42 yuupii 
LOG (lattice-best-path:main():lattice-best-path.cc:99) For utterance M07UP43A0154I43, best cost 12.3008 + 1775.9 = 1788.2 over 298 frames.
M07UP43A0154I43 eempii 
LOG (lattice-best-path:main():lattice-best-path.cc:99) For utterance M07UP43A0154I44, best cost 13.2376 + 1845.1 = 1858.34 over 298 frames.
M07UP43A0154I44 yuupii 
LOG (lattice-best-path:main():lattice-best-path.cc:99) For utterance M07UP43A0158I41, best cost 14.2086 + 2047.64 = 2061.85 over 298 frames.
M07UP43A0158I41 eempii 
LOG (lattice-best-path:main():lattice-best-path.cc:99) For utterance M07UP45A0614I48, best cost 18.2968 + 2055.25 = 2073.55 over 298 frames.
M07UP45A0614I48 uttarpradesh 
LOG (lattice-best-path:main():lattice-best-path.cc:99) For utterance M07UP45A0616I43, best cost 19.1028 + 1948.21 = 1967.31 over 298 frames.
M07UP45A0616I43 madhyapradesh 
LOG (lattice-best-path:main():lattice-best-path.cc:99) For utterance M07UP45A0624I41, best cost 19.8267 + 1970.86 = 1990.68 over 298 frames.
M07UP45A0624I41 uttarpradesh 
LOG (lattice-best-path:main():lattice-best-path.cc:99) For utterance M07UP45A0624I44, best cost 23.2688 + 1936.42 = 1959.68 over 298 frames.
M07UP45A0624I44 uttarpradesh 
LOG (lattice-best-path:main():lattice-best-path.cc:99) For utterance M07UP45A0625I41, best cost 13.2819 + 2023.21 = 2036.49 over 298 frames.
M07UP45A0625I41 yuupii 
LOG (lattice-best-path:main():lattice-best-path.cc:99) For utterance M07UP45A0627I43, best cost 15.1412 + 1762.1 = 1777.24 over 298 frames.
M07UP45A0627I43 eempii 
LOG (lattice-best-path:main():lattice-best-path.cc:99) For utterance M07UP45A0628I41, best cost 16.2865 + 2002.2 = 2018.48 over 298 frames.
M07UP45A0628I41 eempii 
LOG (lattice-best-path:main():lattice-best-path.cc:99) For utterance M07UP45A0629I303, best cost 21.6887 + 3522.23 = 3543.91 over 498 frames.
M07UP45A0629I303 yuupii 
LOG (lattice-best-path:main():lattice-best-path.cc:99) For utterance M07UP45A0634I48, best cost 19.8523 + 1898.1 = 1917.95 over 298 frames.
M07UP45A0634I48 uttarpradesh 
LOG (lattice-best-path:main():lattice-best-path.cc:99) For utterance M07UP45A0635I42, best cost 19.9334 + 2006.81 = 2026.74 over 298 frames.
M07UP45A0635I42 madhyapradesh 
LOG (lattice-best-path:main():lattice-best-path.cc:99) For utterance M07UP45A0636I300, best cost 13.2405 + 2898.79 = 2912.03 over 498 frames.
M07UP45A0636I300 eempii 
LOG (lattice-best-path:main():lattice-best-path.cc:99) For utterance M07UP48A0013I417, best cost 18.6505 + 1941.79 = 1960.44 over 298 frames.
M07UP48A0013I417 eempii 
LOG (lattice-best-path:main():lattice-best-path.cc:99) For utterance M07UP48A0013I43, best cost 12.77 + 1984.85 = 1997.62 over 298 frames.
M07UP48A0013I43 yuupii 
LOG (lattice-best-path:main():lattice-best-path.cc:99) For utterance M07UP48A0014I44, best cost 12.4287 + 1976.29 = 1988.72 over 298 frames.
M07UP48A0014I44 eempii 
LOG (lattice-best-path:main():lattice-best-path.cc:99) For utterance M07UP48A0015I422, best cost 14.9178 + 1959.19 = 1974.11 over 298 frames.
M07UP48A0015I422 yuupii 
LOG (lattice-best-path:main():lattice-best-path.cc:99) For utterance M07UP48A0018I422, best cost 14.3976 + 2072.17 = 2086.57 over 298 frames.
M07UP48A0018I422 yuupii 
LOG (lattice-best-path:main():lattice-best-path.cc:99) For utterance M07UP48A0020I43, best cost 12.6523 + 1837.45 = 1850.1 over 298 frames.
M07UP48A0020I43 eempii 
LOG (lattice-best-path:main():lattice-best-path.cc:99) For utterance M07UP48A0021I45, best cost 17.3675 + 1796.87 = 1814.24 over 298 frames.
M07UP48A0021I45 uttarpradesh 
LOG (lattice-best-path:main():lattice-best-path.cc:99) For utterance M07UP48A0024I49, best cost 16.9239 + 2063.76 = 2080.69 over 304 frames.
M07UP48A0024I49 eempii 
LOG (lattice-best-path:main():lattice-best-path.cc:99) For utterance M07UP48A0028I45, best cost 16.0485 + 2046.09 = 2062.14 over 298 frames.
M07UP48A0028I45 madhyapradesh 
LOG (lattice-best-path:main():lattice-best-path.cc:99) For utterance M07UP48A0031I44, best cost 18.4955 + 2071.08 = 2089.58 over 298 frames.
M07UP48A0031I44 eempii 
LOG (lattice-best-path:main():lattice-best-path.cc:99) For utterance M07UP49A0861I41, best cost 16.7334 + 1817.93 = 1834.66 over 300 frames.
M07UP49A0861I41 uttarpradesh 
LOG (lattice-best-path:main():lattice-best-path.cc:99) For utterance M07UP49A0863I300, best cost 28.7761 + 3336.76 = 3365.54 over 498 frames.
M07UP49A0863I300 yuupii 
LOG (lattice-best-path:main():lattice-best-path.cc:99) For utterance M07UP49A0866I504, best cost 16.1163 + 2188.65 = 2204.76 over 298 frames.
M07UP49A0866I504 yuupii 
LOG (lattice-best-path:main():lattice-best-path.cc:99) For utterance M07UP49A0869I301, best cost 22.8086 + 3286.29 = 3309.1 over 498 frames.
M07UP49A0869I301 eempii 
LOG (lattice-best-path:main():lattice-best-path.cc:99) For utterance M07UP49A0880I43, best cost 24.6647 + 1929.82 = 1954.48 over 298 frames.
M07UP49A0880I43 uttarpradesh 
LOG (lattice-best-path:main():lattice-best-path.cc:99) For utterance M07UP51A0032I301, best cost 15.7308 + 3018.52 = 3034.25 over 430 frames.
M07UP51A0032I301 eempii 
LOG (lattice-best-path:main():lattice-best-path.cc:99) For utterance M07UP51A0033I42, best cost 17.4212 + 2020.08 = 2037.5 over 298 frames.
M07UP51A0033I42 eempii 
LOG (lattice-best-path:main():lattice-best-path.cc:99) For utterance M07UP51A0033I48, best cost 16.5334 + 2110.73 = 2127.27 over 298 frames.
M07UP51A0033I48 eempii 
LOG (lattice-best-path:main():lattice-best-path.cc:99) For utterance M07UP51A0035I302, best cost 30.5952 + 3274.71 = 3305.31 over 498 frames.
M07UP51A0035I302 yuupii 
LOG (lattice-best-path:main():lattice-best-path.cc:99) For utterance M07UP51A0036I300, best cost 17.0973 + 3407.06 = 3424.16 over 498 frames.
M07UP51A0036I300 yuupii 
LOG (lattice-best-path:main():lattice-best-path.cc:99) For utterance M07UP51A0036I44, best cost 18.2492 + 1911.73 = 1929.98 over 298 frames.
M07UP51A0036I44 eempii 
LOG (lattice-best-path:main():lattice-best-path.cc:99) For utterance M07UP51A0036I45, best cost 18.502 + 1942.19 = 1960.69 over 298 frames.
M07UP51A0036I45 eempii 
LOG (lattice-best-path:main():lattice-best-path.cc:99) For utterance M07UP51A0036I48, best cost 18.3612 + 1978.18 = 1996.55 over 298 frames.
M07UP51A0036I48 eempii 
LOG (lattice-best-path:main():lattice-best-path.cc:99) For utterance M07UP51A0038I48, best cost 15.7619 + 2037.9 = 2053.66 over 298 frames.
M07UP51A0038I48 yuupii 
LOG (lattice-best-path:main():lattice-best-path.cc:99) For utterance M07UP51A0041I300, best cost 15.5102 + 2874.08 = 2889.59 over 498 frames.
M07UP51A0041I300 yuupii 
LOG (lattice-best-path:main():lattice-best-path.cc:99) For utterance M07UP51A0042I302, best cost 24.7117 + 3065.9 = 3090.61 over 498 frames.
M07UP51A0042I302 yuupii 
LOG (lattice-best-path:main():lattice-best-path.cc:99) For utterance M07UP51A0043I410, best cost 14.0988 + 1964.46 = 1978.55 over 298 frames.
M07UP51A0043I410 eempii 
LOG (lattice-best-path:main():lattice-best-path.cc:99) For utterance M07UP51A0043I44, best cost 19.6687 + 2030.22 = 2049.88 over 298 frames.
M07UP51A0043I44 yuupii 
LOG (lattice-best-path:main():lattice-best-path.cc:99) For utterance M07UP51A0043I45, best cost 22.5168 + 1854.59 = 1877.1 over 298 frames.
M07UP51A0043I45 eempii 
LOG (lattice-best-path:main():lattice-best-path.cc:99) For utterance M07UP51A0044I303, best cost 34.6636 + 3104.78 = 3139.45 over 498 frames.
M07UP51A0044I303 eempii 
LOG (lattice-best-path:main():lattice-best-path.cc:99) For utterance M07UP51A0045I412, best cost 23.7853 + 2036.09 = 2059.88 over 298 frames.
M07UP51A0045I412 madhyapradesh 
LOG (lattice-best-path:main():lattice-best-path.cc:99) For utterance M07UP51A0046I412, best cost 15.6873 + 1831.74 = 1847.42 over 298 frames.
M07UP51A0046I412 eempii 
LOG (lattice-best-path:main():lattice-best-path.cc:99) For utterance M07UP51A0046I43, best cost 21.3617 + 1975.69 = 1997.05 over 298 frames.
M07UP51A0046I43 uttarpradesh 
LOG (lattice-best-path:main():lattice-best-path.cc:99) For utterance M07UP51A0049I44, best cost 16.6887 + 2107.45 = 2124.14 over 298 frames.
M07UP51A0049I44 madhyapradesh 
LOG (lattice-best-path:main():lattice-best-path.cc:99) For utterance M07UP51A0049I48, best cost 21.1434 + 2126.28 = 2147.42 over 298 frames.
M07UP51A0049I48 madhyapradesh 
LOG (lattice-best-path:main():lattice-best-path.cc:99) For utterance M07UP51A0050I300, best cost 22.4168 + 3092.26 = 3114.67 over 498 frames.
M07UP51A0050I300 eempii 
LOG (lattice-best-path:main():lattice-best-path.cc:99) For utterance M07UP51A0050I42, best cost 23.0887 + 1947.58 = 1970.67 over 298 frames.
M07UP51A0050I42 madhyapradesh 
LOG (lattice-best-path:main():lattice-best-path.cc:99) For utterance M07UP51A0050I45, best cost 11.707 + 1988.43 = 2000.13 over 298 frames.
M07UP51A0050I45 eempii 
LOG (lattice-best-path:main():lattice-best-path.cc:99) For utterance M07UP51A0052I301, best cost 21.4001 + 2986.24 = 3007.64 over 498 frames.
M07UP51A0052I301 eempii 
LOG (lattice-best-path:main():lattice-best-path.cc:99) For utterance M07UP51A0052I303, best cost 20.6137 + 2883.35 = 2903.97 over 498 frames.
M07UP51A0052I303 madhyapradesh 
LOG (lattice-best-path:main():lattice-best-path.cc:99) For utterance M07UP51A0052I412, best cost 17.6555 + 1825.07 = 1842.72 over 298 frames.
M07UP51A0052I412 madhyapradesh 
LOG (lattice-best-path:main():lattice-best-path.cc:99) For utterance M07UP51A0052I45, best cost 17.9407 + 1920.16 = 1938.1 over 298 frames.
M07UP51A0052I45 yuupii 
LOG (lattice-best-path:main():lattice-best-path.cc:99) For utterance M07UP51A0053I302, best cost 22.3506 + 3099.32 = 3121.67 over 498 frames.
M07UP51A0053I302 yuupii 
LOG (lattice-best-path:main():lattice-best-path.cc:99) For utterance M07UP51A0054I40, best cost 15.8329 + 2109.77 = 2125.6 over 298 frames.
M07UP51A0054I40 yuupii 
LOG (lattice-best-path:main():lattice-best-path.cc:99) For utterance M07UP51A0054I47, best cost 12.7964 + 2104.99 = 2117.79 over 298 frames.
M07UP51A0054I47 yuupii 
LOG (lattice-best-path:main():lattice-best-path.cc:99) For utterance M07UP51A0094I411, best cost 26.3654 + 1870.83 = 1897.19 over 298 frames.
M07UP51A0094I411 uttarpradesh 
LOG (lattice-best-path:main():lattice-best-path.cc:99) For utterance M07UP52A0193I300, best cost 24.2996 + 3174.44 = 3198.74 over 498 frames.
M07UP52A0193I300 eempii 
LOG (lattice-best-path:main():lattice-best-path.cc:99) For utterance M07UP52A0193I302, best cost 29.4093 + 3103.3 = 3132.71 over 498 frames.
M07UP52A0193I302 uttarpradesh 
LOG (lattice-best-path:main():lattice-best-path.cc:99) For utterance M07UP52A0193I43, best cost 21.0824 + 1821.07 = 1842.15 over 298 frames.
M07UP52A0193I43 uttarpradesh 
LOG (lattice-best-path:main():lattice-best-path.cc:99) For utterance M07UP52A0195I45, best cost 9.57732 + 2125.53 = 2135.11 over 298 frames.
M07UP52A0195I45 yuupii 
LOG (lattice-best-path:main():lattice-best-path.cc:99) For utterance M07UP52A0196I300, best cost 23.3944 + 3227.91 = 3251.3 over 498 frames.
M07UP52A0196I300 eempii 
LOG (lattice-best-path:main():lattice-best-path.cc:99) For utterance M07UP52A0196I41, best cost 16.3546 + 1971.87 = 1988.22 over 292 frames.
M07UP52A0196I41 yuupii 
LOG (lattice-best-path:main():lattice-best-path.cc:99) For utterance M07UP52A0199I41, best cost 14.9331 + 2190.52 = 2205.45 over 298 frames.
M07UP52A0199I41 yuupii 
LOG (lattice-best-path:main():lattice-best-path.cc:99) For utterance M07UP52A0202I302, best cost 25.7388 + 3523.51 = 3549.25 over 498 frames.
M07UP52A0202I302 eempii 
LOG (lattice-best-path:main():lattice-best-path.cc:99) For utterance M07UP52A0202I40, best cost 14.3729 + 2138.45 = 2152.82 over 298 frames.
M07UP52A0202I40 yuupii 
LOG (lattice-best-path:main():lattice-best-path.cc:99) For utterance M07UP52A0202I45, best cost 18.2863 + 2164.82 = 2183.1 over 298 frames.
M07UP52A0202I45 yuupii 
LOG (lattice-best-path:main():lattice-best-path.cc:99) For utterance M07UP52A0205I43, best cost 17.7809 + 1992.19 = 2009.97 over 298 frames.
M07UP52A0205I43 eempii 
LOG (lattice-best-path:main():lattice-best-path.cc:99) For utterance M07UP52A0206I302, best cost 26.3396 + 3189.77 = 3216.11 over 498 frames.
M07UP52A0206I302 eempii 
LOG (lattice-best-path:main():lattice-best-path.cc:99) For utterance M07UP52A0206I40, best cost 11.0509 + 2116.38 = 2127.43 over 298 frames.
M07UP52A0206I40 eempii 
LOG (lattice-best-path:main():lattice-best-path.cc:99) For utterance M07UP52A0207I42, best cost 18.9293 + 2084.83 = 2103.76 over 298 frames.
M07UP52A0207I42 eempii 
LOG (lattice-best-path:main():lattice-best-path.cc:99) For utterance M07UP52A0210I300, best cost 25.1731 + 3449.41 = 3474.58 over 498 frames.
M07UP52A0210I300 madhyapradesh 
LOG (lattice-best-path:main():lattice-best-path.cc:99) For utterance M07UP52A0210I43, best cost 18.7938 + 2079.79 = 2098.58 over 298 frames.
M07UP52A0210I43 uttarpradesh 
LOG (lattice-best-path:main():lattice-best-path.cc:99) For utterance M07UP52A0210I603, best cost 35.6411 + 6955.19 = 6990.83 over 998 frames.
M07UP52A0210I603 eempii 
LOG (lattice-best-path:main():lattice-best-path.cc:99) For utterance M07UP52A0211I300, best cost 19.0022 + 3654.01 = 3673.01 over 500 frames.
M07UP52A0211I300 eempii 
LOG (lattice-best-path:main():lattice-best-path.cc:99) For utterance M07UP52A0213I45, best cost 13.935 + 1730.72 = 1744.65 over 298 frames.
M07UP52A0213I45 eempii 
LOG (lattice-best-path:main():lattice-best-path.cc:99) For utterance M07UP53A0072I44, best cost 18.7713 + 2046.22 = 2064.99 over 298 frames.
M07UP53A0072I44 eempii 
LOG (lattice-best-path:main():lattice-best-path.cc:99) For utterance M07UP53A0076I413, best cost 18.645 + 2017.67 = 2036.31 over 298 frames.
M07UP53A0076I413 uttarpradesh 
LOG (lattice-best-path:main():lattice-best-path.cc:99) For utterance M07UP53A0079I42, best cost 15.1196 + 2060.78 = 2075.9 over 298 frames.
M07UP53A0079I42 uttarpradesh 
LOG (lattice-best-path:main():lattice-best-path.cc:99) For utterance M07UP53A0080I41, best cost 13.5931 + 1714.62 = 1728.21 over 298 frames.
M07UP53A0080I41 eempii 
LOG (lattice-best-path:main():lattice-best-path.cc:99) For utterance M07UP53A0080I413, best cost 22.497 + 1884.22 = 1906.72 over 298 frames.
M07UP53A0080I413 uttarpradesh 
LOG (lattice-best-path:main():lattice-best-path.cc:99) For utterance M07UP53A0080I42, best cost 14.2906 + 1845.33 = 1859.62 over 298 frames.
M07UP53A0080I42 eempii 
LOG (lattice-best-path:main():lattice-best-path.cc:99) For utterance M07UP53A0081I424, best cost 11.0338 + 1758.84 = 1769.88 over 298 frames.
M07UP53A0081I424 eempii 
LOG (lattice-best-path:main():lattice-best-path.cc:99) For utterance M07UP53A0083I419, best cost 17.4149 + 1986.97 = 2004.38 over 298 frames.
M07UP53A0083I419 uttarpradesh 
LOG (lattice-best-path:main():lattice-best-path.cc:99) For utterance M07UP53A0085I45, best cost 22.0488 + 2120.87 = 2142.91 over 300 frames.
M07UP53A0085I45 eempii 
LOG (lattice-best-path:main():lattice-best-path.cc:99) For utterance M07UP53A0088I413, best cost 20.4031 + 2066.02 = 2086.42 over 298 frames.
M07UP53A0088I413 eempii 
LOG (lattice-best-path:main():lattice-best-path.cc:99) For utterance M07UP53A0090I410, best cost 15.9948 + 2145.63 = 2161.62 over 300 frames.
M07UP53A0090I410 eempii 
LOG (lattice-best-path:main():lattice-best-path.cc:99) For utterance M07UP54A1272I428, best cost 12.4624 + 1991.63 = 2004.09 over 298 frames.
M07UP54A1272I428 eempii 
LOG (lattice-best-path:main():lattice-best-path.cc:99) For utterance M07UP54A1280I300, best cost 25.4427 + 3317.43 = 3342.87 over 498 frames.
M07UP54A1280I300 eempii 
LOG (lattice-best-path:main():lattice-best-path.cc:99) For utterance M07UP54A1290I45, best cost 16.6736 + 2056.07 = 2072.75 over 300 frames.
M07UP54A1290I45 eempii 
LOG (lattice-best-path:main():lattice-best-path.cc:99) For utterance M07UP55A0462I422, best cost 13.9505 + 1864.71 = 1878.66 over 298 frames.
M07UP55A0462I422 uttarpradesh 
LOG (lattice-best-path:main():lattice-best-path.cc:99) For utterance M07UP55A0464I303, best cost 18.4524 + 3063.98 = 3082.43 over 498 frames.
M07UP55A0464I303 yuupii 
LOG (lattice-best-path:main():lattice-best-path.cc:99) For utterance M07UP55A0464I42, best cost 16.7958 + 1986.47 = 2003.27 over 298 frames.
M07UP55A0464I42 eempii 
LOG (lattice-best-path:main():lattice-best-path.cc:99) For utterance M07UP55A0469I300, best cost 31.5985 + 3258.83 = 3290.43 over 498 frames.
M07UP55A0469I300 eempii 
LOG (lattice-best-path:main():lattice-best-path.cc:99) For utterance M07UP55A0469I40, best cost 22.6194 + 1881.82 = 1904.44 over 298 frames.
M07UP55A0469I40 eempii 
LOG (lattice-best-path:main():lattice-best-path.cc:99) For utterance M07UP55A0470I301, best cost 22.6945 + 3183.84 = 3206.53 over 498 frames.
M07UP55A0470I301 eempii 
LOG (lattice-best-path:main():lattice-best-path.cc:99) For utterance M07UP55A0474I40, best cost 14.456 + 2142.89 = 2157.35 over 298 frames.
M07UP55A0474I40 eempii 
LOG (lattice-best-path:main():lattice-best-path.cc:99) For utterance M07UP55A0476I42, best cost 22.9667 + 2104.31 = 2127.28 over 298 frames.
M07UP55A0476I42 eempii 
LOG (lattice-best-path:main():lattice-best-path.cc:99) For utterance M07UP55A0477I301, best cost 26.3379 + 3158.26 = 3184.59 over 498 frames.
M07UP55A0477I301 uttarpradesh 
LOG (lattice-best-path:main():lattice-best-path.cc:99) For utterance M07UP55A0480I300, best cost 18.7508 + 3334.86 = 3353.61 over 498 frames.
M07UP55A0480I300 yuupii 
LOG (lattice-best-path:main():lattice-best-path.cc:99) For utterance M07UP56A0695I300, best cost 20.0241 + 3528.7 = 3548.73 over 498 frames.
M07UP56A0695I300 eempii 
LOG (lattice-best-path:main():lattice-best-path.cc:99) For utterance M07UP56A0699I301, best cost 25.5173 + 3183.28 = 3208.8 over 498 frames.
M07UP56A0699I301 madhyapradesh 
LOG (lattice-best-path:main():lattice-best-path.cc:99) For utterance M07UP56A0706I43, best cost 13.4521 + 2099.16 = 2112.61 over 298 frames.
M07UP56A0706I43 yuupii 
LOG (lattice-best-path:main():lattice-best-path.cc:99) For utterance M07UP56A0707I45, best cost 14.3361 + 1765.15 = 1779.49 over 298 frames.
M07UP56A0707I45 uttarpradesh 
LOG (lattice-best-path:main():lattice-best-path.cc:99) For utterance M07UP56A0708I47, best cost 26.6826 + 2005.37 = 2032.05 over 298 frames.
M07UP56A0708I47 madhyapradesh 
LOG (lattice-best-path:main():lattice-best-path.cc:99) For utterance M07UP56A0710I421, best cost 23.6412 + 1976.24 = 1999.88 over 298 frames.
M07UP56A0710I421 eempii 
LOG (lattice-best-path:main():lattice-best-path.cc:99) For utterance M07UP57A0404I43, best cost 15.1999 + 1876.43 = 1891.63 over 298 frames.
M07UP57A0404I43 yuupii 
LOG (lattice-best-path:main():lattice-best-path.cc:99) For utterance M07UP57A0406I300, best cost 26.1044 + 3158.73 = 3184.83 over 498 frames.
M07UP57A0406I300 madhyapradesh 
LOG (lattice-best-path:main():lattice-best-path.cc:99) For utterance M07UP57A0409I42, best cost 15.3671 + 1817.66 = 1833.03 over 298 frames.
M07UP57A0409I42 uttarpradesh 
LOG (lattice-best-path:main():lattice-best-path.cc:99) For utterance M07UP57A0411I301, best cost 18.5199 + 3269.59 = 3288.11 over 498 frames.
M07UP57A0411I301 eempii 
LOG (lattice-best-path:main():lattice-best-path.cc:99) For utterance M07UP57A0413I301, best cost 21.1393 + 3021.06 = 3042.2 over 498 frames.
M07UP57A0413I301 yuupii 
LOG (lattice-best-path:main():lattice-best-path.cc:99) For utterance M07UP57A0413I41, best cost 13.5609 + 2104.97 = 2118.53 over 298 frames.
M07UP57A0413I41 eempii 
LOG (lattice-best-path:main():lattice-best-path.cc:99) For utterance M07UP57A0413I507, best cost 11.4996 + 2112.29 = 2123.79 over 298 frames.
M07UP57A0413I507 yuupii 
LOG (lattice-best-path:main():lattice-best-path.cc:99) For utterance M07UP57A0416I301, best cost 27.8119 + 3464.44 = 3492.25 over 498 frames.
M07UP57A0416I301 eempii 
LOG (lattice-best-path:main():lattice-best-path.cc:99) For utterance M07UP57A0417I301, best cost 23.3428 + 3275.01 = 3298.36 over 498 frames.
M07UP57A0417I301 yuupii 
LOG (lattice-best-path:main():lattice-best-path.cc:99) For utterance M07UP57A0417I42, best cost 12.4886 + 2111.26 = 2123.74 over 298 frames.
M07UP57A0417I42 eempii 
LOG (lattice-best-path:main():lattice-best-path.cc:99) For utterance M07UP57A0418I303, best cost 16.7331 + 3369.41 = 3386.15 over 498 frames.
M07UP57A0418I303 eempii 
LOG (lattice-best-path:main():lattice-best-path.cc:99) For utterance M07UP60A0942I416, best cost 10.9635 + 1758.09 = 1769.05 over 298 frames.
M07UP60A0942I416 eempii 
LOG (lattice-best-path:main():lattice-best-path.cc:99) For utterance M07UP60A0942I418, best cost 15.4518 + 1889.34 = 1904.79 over 298 frames.
M07UP60A0942I418 uttarpradesh 
LOG (lattice-best-path:main():lattice-best-path.cc:99) For utterance M07UP60A0944I42, best cost 18.0033 + 1991.66 = 2009.67 over 298 frames.
M07UP60A0944I42 madhyapradesh 
LOG (lattice-best-path:main():lattice-best-path.cc:99) For utterance M07UP60A0946I303, best cost 32.8604 + 3261.38 = 3294.24 over 498 frames.
M07UP60A0946I303 uttarpradesh 
LOG (lattice-best-path:main():lattice-best-path.cc:99) For utterance M07UP60A0954I303, best cost 14.7523 + 2808.44 = 2823.2 over 498 frames.
M07UP60A0954I303 uttarpradesh 
LOG (lattice-best-path:main():lattice-best-path.cc:99) For utterance M07UP60A0955I301, best cost 27.2849 + 2909.19 = 2936.48 over 498 frames.
M07UP60A0955I301 uttarpradesh 
LOG (lattice-best-path:main():lattice-best-path.cc:99) For utterance M07UP60A0955I302, best cost 17.8431 + 2831.55 = 2849.39 over 498 frames.
M07UP60A0955I302 eempii 
LOG (lattice-best-path:main():lattice-best-path.cc:99) For utterance M07UP60A0956I414, best cost 20.7977 + 2023.45 = 2044.25 over 298 frames.
M07UP60A0956I414 uttarpradesh 
LOG (lattice-best-path:main():lattice-best-path.cc:99) For utterance M07UP60A0957I412, best cost 19.0459 + 1900.7 = 1919.75 over 298 frames.
M07UP60A0957I412 madhyapradesh 
LOG (lattice-best-path:main():lattice-best-path.cc:99) For utterance M07UP60A0957I413, best cost 18.1892 + 1856.78 = 1874.97 over 298 frames.
M07UP60A0957I413 uttarpradesh 
LOG (lattice-best-path:main():lattice-best-path.cc:99) For utterance M07UP61A0966I300, best cost 20.0377 + 2966.37 = 2986.4 over 498 frames.
M07UP61A0966I300 eempii 
LOG (lattice-best-path:main():lattice-best-path.cc:99) For utterance M07UP61A0968I301, best cost 17.5553 + 2921.65 = 2939.21 over 498 frames.
M07UP61A0968I301 eempii 
LOG (lattice-best-path:main():lattice-best-path.cc:99) For utterance M07UP61A0971I302, best cost 28.7013 + 3072.06 = 3100.76 over 498 frames.
M07UP61A0971I302 madhyapradesh 
LOG (lattice-best-path:main():lattice-best-path.cc:99) For utterance M07UP61A0972I44, best cost 16.2873 + 2046.28 = 2062.57 over 298 frames.
M07UP61A0972I44 eempii 
LOG (lattice-best-path:main():lattice-best-path.cc:99) For utterance M07UP61A0980I301, best cost 31.1172 + 3440.54 = 3471.66 over 498 frames.
M07UP61A0980I301 madhyapradesh 
LOG (lattice-best-path:main():lattice-best-path.cc:99) For utterance M07UP64A0382I300, best cost 29.8717 + 3353.31 = 3383.19 over 498 frames.
M07UP64A0382I300 eempii 
LOG (lattice-best-path:main():lattice-best-path.cc:99) For utterance M07UP64A0382I301, best cost 23.3137 + 3428.99 = 3452.3 over 498 frames.
M07UP64A0382I301 uttarpradesh 
LOG (lattice-best-path:main():lattice-best-path.cc:99) For utterance M07UP64A0386I42, best cost 18.152 + 2011.53 = 2029.68 over 298 frames.
M07UP64A0386I42 eempii 
LOG (lattice-best-path:main():lattice-best-path.cc:99) For utterance M07UP64A0389I42, best cost 20.0633 + 1804.53 = 1824.6 over 298 frames.
M07UP64A0389I42 eempii 
LOG (lattice-best-path:main():lattice-best-path.cc:99) For utterance M07UP64A0390I300, best cost 24.4659 + 3127.49 = 3151.95 over 498 frames.
M07UP64A0390I300 eempii 
LOG (lattice-best-path:main():lattice-best-path.cc:99) For utterance M07UP64A0391I302, best cost 42.4752 + 3135 = 3177.48 over 498 frames.
M07UP64A0391I302 eempii 
LOG (lattice-best-path:main():lattice-best-path.cc:99) For utterance M07UP64A0391I303, best cost 29.4428 + 3180.74 = 3210.18 over 498 frames.
M07UP64A0391I303 uttarpradesh 
LOG (lattice-best-path:main():lattice-best-path.cc:99) For utterance M07UP64A0392I301, best cost 14.5044 + 2757.4 = 2771.9 over 498 frames.
M07UP64A0392I301 eempii 
LOG (lattice-best-path:main():lattice-best-path.cc:99) For utterance M07UP64A0393I41, best cost 17.9736 + 2072.72 = 2090.7 over 298 frames.
M07UP64A0393I41 eempii 
LOG (lattice-best-path:main():lattice-best-path.cc:99) For utterance M07UP64A0396I43, best cost 16.1277 + 2151.22 = 2167.35 over 300 frames.
M07UP64A0396I43 eempii 
LOG (lattice-best-path:main():lattice-best-path.cc:99) For utterance M07UP64A0399I302, best cost 25.8255 + 3254.31 = 3280.14 over 498 frames.
M07UP64A0399I302 yuupii 
LOG (lattice-best-path:main():lattice-best-path.cc:99) For utterance M07UP64A0400I300, best cost 40.2448 + 3412.25 = 3452.5 over 498 frames.
M07UP64A0400I300 eempii 
LOG (lattice-best-path:main():lattice-best-path.cc:99) For utterance M07UP64A0400I426, best cost 18.9082 + 1962.68 = 1981.59 over 298 frames.
M07UP64A0400I426 yuupii 
LOG (lattice-best-path:main():lattice-best-path.cc:99) For utterance M07UP64A0401I43, best cost 15.4624 + 2036.71 = 2052.17 over 300 frames.
M07UP64A0401I43 madhyapradesh 
LOG (lattice-best-path:main():lattice-best-path.cc:99) For utterance M07UP66A0674I303, best cost 19.1169 + 3379.46 = 3398.58 over 498 frames.
M07UP66A0674I303 eempii 
LOG (lattice-best-path:main():lattice-best-path.cc:99) For utterance M07UP66A0676I303, best cost 17.0279 + 3448.12 = 3465.15 over 498 frames.
M07UP66A0676I303 yuupii 
LOG (lattice-best-path:main():lattice-best-path.cc:99) For utterance M07UP66A0684I43, best cost 18.8512 + 1929.67 = 1948.53 over 298 frames.
M07UP66A0684I43 uttarpradesh 
LOG (lattice-best-path:main():lattice-best-path.cc:99) For utterance M07UP66A0685I42, best cost 21.4816 + 1973.34 = 1994.83 over 298 frames.
M07UP66A0685I42 yuupii 
LOG (lattice-best-path:main():lattice-best-path.cc:99) For utterance M07UP66A0687I301, best cost 17.8263 + 2887.62 = 2905.44 over 498 frames.
M07UP66A0687I301 uttarpradesh 
LOG (lattice-best-path:main():lattice-best-path.cc:99) For utterance M07UP66A0688I410, best cost 18.7041 + 1768.99 = 1787.69 over 298 frames.
M07UP66A0688I410 madhyapradesh 
LOG (lattice-best-path:main():lattice-best-path.cc:99) For utterance M07UP66A0692I301, best cost 24.775 + 3257.63 = 3282.4 over 498 frames.
M07UP66A0692I301 eempii 
LOG (lattice-best-path:main():lattice-best-path.cc:99) For utterance M07UP72A0730I42, best cost 16.3793 + 2017.92 = 2034.3 over 298 frames.
M07UP72A0730I42 uttarpradesh 
LOG (lattice-best-path:main():lattice-best-path.cc:99) For utterance M07UP72A0730I46, best cost 19.9418 + 1960.29 = 1980.23 over 298 frames.
M07UP72A0730I46 eempii 
LOG (lattice-best-path:main():lattice-best-path.cc:99) For utterance M07UP72A0731I42, best cost 19.6421 + 2143.9 = 2163.54 over 298 frames.
M07UP72A0731I42 madhyapradesh 
LOG (lattice-best-path:main():lattice-best-path.cc:99) For utterance M07UP73A0922I300, best cost 15.169 + 3458.42 = 3473.59 over 498 frames.
M07UP73A0922I300 yuupii 
LOG (lattice-best-path:main():lattice-best-path.cc:99) For utterance M07UP73A0923I41, best cost 13.5585 + 2031.97 = 2045.53 over 298 frames.
M07UP73A0923I41 yuupii 
LOG (lattice-scale:main():lattice-scale.cc:90) Done 553 lattices.
LOG (lattice-best-path:main():lattice-best-path.cc:99) For utterance M07UP73A0924I41, best cost 17.342 + 1937.35 = 1954.69 over 298 frames.
M07UP73A0924I41 uttarpradesh 
LOG (lattice-best-path:main():lattice-best-path.cc:99) For utterance M07UP73A0925I42, best cost 15.6796 + 1764.34 = 1780.02 over 298 frames.
M07UP73A0925I42 uttarpradesh 
LOG (lattice-best-path:main():lattice-best-path.cc:99) For utterance M07UP73A0927I43, best cost 21.5452 + 1867.13 = 1888.68 over 298 frames.
M07UP73A0927I43 eempii 
LOG (lattice-best-path:main():lattice-best-path.cc:99) For utterance M07UP73A0929I42, best cost 24.9372 + 2032.98 = 2057.92 over 298 frames.
M07UP73A0929I42 madhyapradesh 
LOG (lattice-best-path:main():lattice-best-path.cc:99) For utterance M07UP73A0930I43, best cost 22.7862 + 1912.1 = 1934.89 over 298 frames.
M07UP73A0930I43 yuupii 
LOG (lattice-best-path:main():lattice-best-path.cc:99) For utterance M07UP73A0931I49, best cost 16.2684 + 2007.59 = 2023.85 over 298 frames.
M07UP73A0931I49 eempii 
LOG (lattice-best-path:main():lattice-best-path.cc:99) For utterance M07UP73A0937I42, best cost 13.5403 + 1913.65 = 1927.19 over 298 frames.
M07UP73A0937I42 eempii 
LOG (lattice-best-path:main():lattice-best-path.cc:99) For utterance M07UP73A0938I42, best cost 16.9881 + 1866.73 = 1883.72 over 298 frames.
M07UP73A0938I42 yuupii 
LOG (lattice-best-path:main():lattice-best-path.cc:99) For utterance M07UP74A0802I303, best cost 30.0845 + 3110.38 = 3140.46 over 498 frames.
M07UP74A0802I303 madhyapradesh 
LOG (lattice-best-path:main():lattice-best-path.cc:99) For utterance M07UP74A0813I300, best cost 22.3451 + 3044.14 = 3066.49 over 498 frames.
M07UP74A0813I300 eempii 
LOG (lattice-best-path:main():lattice-best-path.cc:99) For utterance M07UP74A0814I301, best cost 20.9367 + 3017.22 = 3038.16 over 504 frames.
M07UP74A0814I301 yuupii 
LOG (lattice-best-path:main():lattice-best-path.cc:99) For utterance M07UP74A0817I42, best cost 19.3363 + 1876.79 = 1896.12 over 300 frames.
M07UP74A0817I42 eempii 
LOG (lattice-best-path:main():lattice-best-path.cc:99) For utterance M07UP75A0755I303, best cost 32.0451 + 3235.56 = 3267.61 over 498 frames.
M07UP75A0755I303 madhyapradesh 
LOG (lattice-best-path:main():lattice-best-path.cc:99) For utterance M07UP75A0758I300, best cost 22.8861 + 3194.13 = 3217.02 over 498 frames.
M07UP75A0758I300 eempii 
LOG (lattice-best-path:main():lattice-best-path.cc:99) For utterance M07UP75A0764I302, best cost 26.4804 + 3351.75 = 3378.23 over 498 frames.
M07UP75A0764I302 yuupii 
LOG (lattice-add-penalty:main():lattice-add-penalty.cc:62) Done adding word insertion penalty to 553 lattices.
LOG (lattice-best-path:main():lattice-best-path.cc:99) For utterance M07UP75A0764I42, best cost 19.3061 + 2050.31 = 2069.61 over 298 frames.
M07UP75A0764I42 madhyapradesh 
LOG (lattice-best-path:main():lattice-best-path.cc:99) For utterance M07UP75A0768I40, best cost 17.2113 + 1923.22 = 1940.43 over 298 frames.
M07UP75A0768I40 madhyapradesh 
LOG (lattice-best-path:main():lattice-best-path.cc:99) For utterance M07UP75A0769I301, best cost 26.4178 + 3071.68 = 3098.1 over 498 frames.
M07UP75A0769I301 uttarpradesh 
LOG (lattice-best-path:main():lattice-best-path.cc:99) For utterance M07UP75A0770I303, best cost 31.0208 + 3157.27 = 3188.29 over 498 frames.
M07UP75A0770I303 eempii 
LOG (lattice-best-path:main():lattice-best-path.cc:99) For utterance M07UP75A0771I42, best cost 15.9306 + 1921.5 = 1937.43 over 298 frames.
M07UP75A0771I42 eempii 
LOG (lattice-best-path:main():lattice-best-path.cc:99) For utterance M07UP75A0771I43, best cost 17.2489 + 1947.72 = 1964.97 over 298 frames.
M07UP75A0771I43 madhyapradesh 
LOG (lattice-best-path:main():lattice-best-path.cc:99) For utterance M07UP75A0772I300, best cost 16.8836 + 3022.6 = 3039.49 over 498 frames.
M07UP75A0772I300 uttarpradesh 
LOG (lattice-best-path:main():lattice-best-path.cc:99) For utterance M07UP75A0773I41, best cost 12.8543 + 1858.3 = 1871.16 over 298 frames.
M07UP75A0773I41 yuupii 
LOG (lattice-best-path:main():lattice-best-path.cc:124) Overall cost per frame is 6.57997 = 0.0516373 [graph] + 6.52833 [acoustic] over 207364 frames.
LOG (lattice-best-path:main():lattice-best-path.cc:128) Done 553 lattices, failed for 0
# Accounting: time=1 threads=1
# Ended (code 0) at Mon Jul 25 00:37:36 IST 2016, elapsed time 1 seconds
