# gmm-latgen-faster --max-active=7000 --beam=13.0 --lattice-beam=6.0 --acoustic-scale=0.083333 --allow-partial=true --word-symbol-table=exp/tri1_1600_25600/graph/words.txt exp/tri1_1600_25600/final.mdl exp/tri1_1600_25600/graph/HCLG.fst "ark,s,cs:apply-cmvn  --utt2spk=ark:data/test/split3/2/utt2spk scp:data/test/split3/2/cmvn.scp scp:data/test/split3/2/feats.scp ark:- | add-deltas  ark:- ark:- |" "ark:|gzip -c > exp/tri1_1600_25600/decode/lat.2.gz" 
# Started at Mon Jul 25 02:09:24 IST 2016
#
gmm-latgen-faster --max-active=7000 --beam=13.0 --lattice-beam=6.0 --acoustic-scale=0.083333 --allow-partial=true --word-symbol-table=exp/tri1_1600_25600/graph/words.txt exp/tri1_1600_25600/final.mdl exp/tri1_1600_25600/graph/HCLG.fst 'ark,s,cs:apply-cmvn  --utt2spk=ark:data/test/split3/2/utt2spk scp:data/test/split3/2/cmvn.scp scp:data/test/split3/2/feats.scp ark:- | add-deltas  ark:- ark:- |' 'ark:|gzip -c > exp/tri1_1600_25600/decode/lat.2.gz' 
apply-cmvn --utt2spk=ark:data/test/split3/2/utt2spk scp:data/test/split3/2/cmvn.scp scp:data/test/split3/2/feats.scp ark:- 
add-deltas ark:- ark:- 
M07UP20A0742I302 singaroulii 
LOG (gmm-latgen-faster:DecodeUtteranceLatticeFaster():decoder-wrappers.cc:285) Log-like per frame for utterance M07UP20A0742I302 is -7.08446 over 498 frames.
M07UP20A0750I40 singaroulii 
LOG (gmm-latgen-faster:DecodeUtteranceLatticeFaster():decoder-wrappers.cc:285) Log-like per frame for utterance M07UP20A0750I40 is -8.20766 over 298 frames.
M07UP20A0753I43 mandasoura 
LOG (gmm-latgen-faster:DecodeUtteranceLatticeFaster():decoder-wrappers.cc:285) Log-like per frame for utterance M07UP20A0753I43 is -8.90961 over 298 frames.
M07UP21A0593I302 katxanii 
LOG (gmm-latgen-faster:DecodeUtteranceLatticeFaster():decoder-wrappers.cc:285) Log-like per frame for utterance M07UP21A0593I302 is -8.52063 over 498 frames.
M07UP21A0598I41 siihoura 
LOG (gmm-latgen-faster:DecodeUtteranceLatticeFaster():decoder-wrappers.cc:285) Log-like per frame for utterance M07UP21A0598I41 is -7.98383 over 298 frames.
M07UP21A0600I300 chatarapura 
LOG (gmm-latgen-faster:DecodeUtteranceLatticeFaster():decoder-wrappers.cc:285) Log-like per frame for utterance M07UP21A0600I300 is -8.2778 over 498 frames.
M07UP21A0600I42 mandasoura 
LOG (gmm-latgen-faster:DecodeUtteranceLatticeFaster():decoder-wrappers.cc:285) Log-like per frame for utterance M07UP21A0600I42 is -7.94288 over 298 frames.
M07UP21A0606I301 chatarapura 
LOG (gmm-latgen-faster:DecodeUtteranceLatticeFaster():decoder-wrappers.cc:285) Log-like per frame for utterance M07UP21A0606I301 is -8.3412 over 498 frames.
M07UP21A0606I302 saagara 
LOG (gmm-latgen-faster:DecodeUtteranceLatticeFaster():decoder-wrappers.cc:285) Log-like per frame for utterance M07UP21A0606I302 is -8.79263 over 498 frames.
M07UP21A0607I301 shyopura 
LOG (gmm-latgen-faster:DecodeUtteranceLatticeFaster():decoder-wrappers.cc:285) Log-like per frame for utterance M07UP21A0607I301 is -7.96443 over 498 frames.
M07UP22A1323I47 mureinaa 
LOG (gmm-latgen-faster:DecodeUtteranceLatticeFaster():decoder-wrappers.cc:285) Log-like per frame for utterance M07UP22A1323I47 is -7.05668 over 298 frames.
M07UP22A1326I300 deewaasa 
LOG (gmm-latgen-faster:DecodeUtteranceLatticeFaster():decoder-wrappers.cc:285) Log-like per frame for utterance M07UP22A1326I300 is -7.90878 over 498 frames.
M07UP22A1342I301 burahaanapura 
LOG (gmm-latgen-faster:DecodeUtteranceLatticeFaster():decoder-wrappers.cc:285) Log-like per frame for utterance M07UP22A1342I301 is -7.39367 over 498 frames.
M07UP22A1347I43 deewaasa 
LOG (gmm-latgen-faster:DecodeUtteranceLatticeFaster():decoder-wrappers.cc:285) Log-like per frame for utterance M07UP22A1347I43 is -9.12823 over 298 frames.
M07UP22A1347I47 siwanii 
LOG (gmm-latgen-faster:DecodeUtteranceLatticeFaster():decoder-wrappers.cc:285) Log-like per frame for utterance M07UP22A1347I47 is -8.82709 over 300 frames.
M07UP22A1355I301 burahaanapura 
LOG (gmm-latgen-faster:DecodeUtteranceLatticeFaster():decoder-wrappers.cc:285) Log-like per frame for utterance M07UP22A1355I301 is -8.46647 over 498 frames.
M07UP22A1355I47 kharagona 
LOG (gmm-latgen-faster:DecodeUtteranceLatticeFaster():decoder-wrappers.cc:285) Log-like per frame for utterance M07UP22A1355I47 is -8.03316 over 298 frames.
M07UP22A1357I300 siihoura 
LOG (gmm-latgen-faster:DecodeUtteranceLatticeFaster():decoder-wrappers.cc:285) Log-like per frame for utterance M07UP22A1357I300 is -7.79398 over 498 frames.
M07UP22A1357I45 burahaanapura 
LOG (gmm-latgen-faster:DecodeUtteranceLatticeFaster():decoder-wrappers.cc:285) Log-like per frame for utterance M07UP22A1357I45 is -7.64824 over 298 frames.
M07UP22A1357I47 siihoura 
LOG (gmm-latgen-faster:DecodeUtteranceLatticeFaster():decoder-wrappers.cc:285) Log-like per frame for utterance M07UP22A1357I47 is -7.92668 over 298 frames.
M07UP23A0224I44 aliraajapura 
LOG (gmm-latgen-faster:DecodeUtteranceLatticeFaster():decoder-wrappers.cc:285) Log-like per frame for utterance M07UP23A0224I44 is -8.96607 over 298 frames.
M07UP23A0233I43 hoshangaabaada 
LOG (gmm-latgen-faster:DecodeUtteranceLatticeFaster():decoder-wrappers.cc:285) Log-like per frame for utterance M07UP23A0233I43 is -7.41838 over 298 frames.
M07UP23A0234I41 raajagadxhqa 
LOG (gmm-latgen-faster:DecodeUtteranceLatticeFaster():decoder-wrappers.cc:285) Log-like per frame for utterance M07UP23A0234I41 is -9.03982 over 298 frames.
M07UP23A0235I42 ashokanagara 
LOG (gmm-latgen-faster:DecodeUtteranceLatticeFaster():decoder-wrappers.cc:285) Log-like per frame for utterance M07UP23A0235I42 is -8.99379 over 298 frames.
M07UP23A0236I43 deewaasa 
LOG (gmm-latgen-faster:DecodeUtteranceLatticeFaster():decoder-wrappers.cc:285) Log-like per frame for utterance M07UP23A0236I43 is -8.3428 over 298 frames.
M07UP23A0239I40 haradaa 
LOG (gmm-latgen-faster:DecodeUtteranceLatticeFaster():decoder-wrappers.cc:285) Log-like per frame for utterance M07UP23A0239I40 is -8.73659 over 298 frames.
M07UP23A0242I42 saagara 
LOG (gmm-latgen-faster:DecodeUtteranceLatticeFaster():decoder-wrappers.cc:285) Log-like per frame for utterance M07UP23A0242I42 is -8.62767 over 298 frames.
M07UP24A0171I300 chindawaadxqaa 
LOG (gmm-latgen-faster:DecodeUtteranceLatticeFaster():decoder-wrappers.cc:285) Log-like per frame for utterance M07UP24A0171I300 is -8.17958 over 498 frames.
M07UP24A0172I45 deewaasa 
LOG (gmm-latgen-faster:DecodeUtteranceLatticeFaster():decoder-wrappers.cc:285) Log-like per frame for utterance M07UP24A0172I45 is -8.4516 over 298 frames.
M07UP24A0172I49 umariyaa 
LOG (gmm-latgen-faster:DecodeUtteranceLatticeFaster():decoder-wrappers.cc:285) Log-like per frame for utterance M07UP24A0172I49 is -8.53796 over 298 frames.
M07UP24A0173I44 saagara 
LOG (gmm-latgen-faster:DecodeUtteranceLatticeFaster():decoder-wrappers.cc:285) Log-like per frame for utterance M07UP24A0173I44 is -7.57083 over 298 frames.
M07UP24A0173I46 mureinaa 
LOG (gmm-latgen-faster:DecodeUtteranceLatticeFaster():decoder-wrappers.cc:285) Log-like per frame for utterance M07UP24A0173I46 is -7.23665 over 298 frames.
M07UP24A0175I301 umariyaa 
LOG (gmm-latgen-faster:DecodeUtteranceLatticeFaster():decoder-wrappers.cc:285) Log-like per frame for utterance M07UP24A0175I301 is -7.80826 over 498 frames.
M07UP24A0177F606 jhaabuaa 
LOG (gmm-latgen-faster:DecodeUtteranceLatticeFaster():decoder-wrappers.cc:285) Log-like per frame for utterance M07UP24A0177F606 is -7.5357 over 998 frames.
M07UP24A0179I302 jhaabuaa 
LOG (gmm-latgen-faster:DecodeUtteranceLatticeFaster():decoder-wrappers.cc:285) Log-like per frame for utterance M07UP24A0179I302 is -7.795 over 498 frames.
M07UP24A0181I301 haradaa 
LOG (gmm-latgen-faster:DecodeUtteranceLatticeFaster():decoder-wrappers.cc:285) Log-like per frame for utterance M07UP24A0181I301 is -8.86846 over 498 frames.
M07UP24A0181I42 siihoura 
LOG (gmm-latgen-faster:DecodeUtteranceLatticeFaster():decoder-wrappers.cc:285) Log-like per frame for utterance M07UP24A0181I42 is -8.47052 over 298 frames.
M07UP24A0181I48 deewaasa 
LOG (gmm-latgen-faster:DecodeUtteranceLatticeFaster():decoder-wrappers.cc:285) Log-like per frame for utterance M07UP24A0181I48 is -8.32976 over 298 frames.
M07UP24A0185I303 saagara 
LOG (gmm-latgen-faster:DecodeUtteranceLatticeFaster():decoder-wrappers.cc:285) Log-like per frame for utterance M07UP24A0185I303 is -8.29166 over 498 frames.
M07UP24A0188I302 mureinaa 
LOG (gmm-latgen-faster:DecodeUtteranceLatticeFaster():decoder-wrappers.cc:285) Log-like per frame for utterance M07UP24A0188I302 is -8.00514 over 498 frames.
M07UP24A0191I300 jhaabuaa 
LOG (gmm-latgen-faster:DecodeUtteranceLatticeFaster():decoder-wrappers.cc:285) Log-like per frame for utterance M07UP24A0191I300 is -7.52496 over 498 frames.
M07UP25A1205I302 anuupapura 
LOG (gmm-latgen-faster:DecodeUtteranceLatticeFaster():decoder-wrappers.cc:285) Log-like per frame for utterance M07UP25A1205I302 is -8.7777 over 498 frames.
M07UP25A1205I43 anuupapura 
LOG (gmm-latgen-faster:DecodeUtteranceLatticeFaster():decoder-wrappers.cc:285) Log-like per frame for utterance M07UP25A1205I43 is -8.68167 over 298 frames.
M07UP25A1206I45 gunaa 
LOG (gmm-latgen-faster:DecodeUtteranceLatticeFaster():decoder-wrappers.cc:285) Log-like per frame for utterance M07UP25A1206I45 is -8.46366 over 298 frames.
M07UP25A1209I41 raajagadxhqa 
LOG (gmm-latgen-faster:DecodeUtteranceLatticeFaster():decoder-wrappers.cc:285) Log-like per frame for utterance M07UP25A1209I41 is -8.30086 over 298 frames.
M07UP25A1216I41 haradaa 
LOG (gmm-latgen-faster:DecodeUtteranceLatticeFaster():decoder-wrappers.cc:285) Log-like per frame for utterance M07UP25A1216I41 is -9.06924 over 298 frames.
M07UP25A1220I300 raajagadxhqa 
LOG (gmm-latgen-faster:DecodeUtteranceLatticeFaster():decoder-wrappers.cc:285) Log-like per frame for utterance M07UP25A1220I300 is -8.14361 over 498 frames.
M07UP25A1220I42 jabalapura 
LOG (gmm-latgen-faster:DecodeUtteranceLatticeFaster():decoder-wrappers.cc:285) Log-like per frame for utterance M07UP25A1220I42 is -8.206 over 298 frames.
M07UP25A1261I302 dhaara 
LOG (gmm-latgen-faster:DecodeUtteranceLatticeFaster():decoder-wrappers.cc:285) Log-like per frame for utterance M07UP25A1261I302 is -8.83618 over 500 frames.
M07UP26A0214I42 riiwaa 
LOG (gmm-latgen-faster:DecodeUtteranceLatticeFaster():decoder-wrappers.cc:285) Log-like per frame for utterance M07UP26A0214I42 is -9.13572 over 298 frames.
M07UP26A0255I48 widishaa 
LOG (gmm-latgen-faster:DecodeUtteranceLatticeFaster():decoder-wrappers.cc:285) Log-like per frame for utterance M07UP26A0255I48 is -8.09121 over 300 frames.
M07UP26A0257I47 ashokanagara 
LOG (gmm-latgen-faster:DecodeUtteranceLatticeFaster():decoder-wrappers.cc:285) Log-like per frame for utterance M07UP26A0257I47 is -7.36591 over 298 frames.
M07UP26A0258I414 kharagona 
LOG (gmm-latgen-faster:DecodeUtteranceLatticeFaster():decoder-wrappers.cc:285) Log-like per frame for utterance M07UP26A0258I414 is -7.90214 over 298 frames.
M07UP26A0261I47 satanaa 
LOG (gmm-latgen-faster:DecodeUtteranceLatticeFaster():decoder-wrappers.cc:285) Log-like per frame for utterance M07UP26A0261I47 is -8.04593 over 298 frames.
M07UP26A0262I41 gwaaliyara 
LOG (gmm-latgen-faster:DecodeUtteranceLatticeFaster():decoder-wrappers.cc:285) Log-like per frame for utterance M07UP26A0262I41 is -8.7577 over 298 frames.
M07UP26A0263I43 saagara 
LOG (gmm-latgen-faster:DecodeUtteranceLatticeFaster():decoder-wrappers.cc:285) Log-like per frame for utterance M07UP26A0263I43 is -7.5346 over 298 frames.
M07UP26A0267I44 katxanii 
LOG (gmm-latgen-faster:DecodeUtteranceLatticeFaster():decoder-wrappers.cc:285) Log-like per frame for utterance M07UP26A0267I44 is -7.97441 over 298 frames.
M07UP26A0269I47 anuupapura 
LOG (gmm-latgen-faster:DecodeUtteranceLatticeFaster():decoder-wrappers.cc:285) Log-like per frame for utterance M07UP26A0269I47 is -8.78861 over 298 frames.
M07UP26A0270I42 aliraajapura 
LOG (gmm-latgen-faster:DecodeUtteranceLatticeFaster():decoder-wrappers.cc:285) Log-like per frame for utterance M07UP26A0270I42 is -8.51368 over 298 frames.
M07UP26A0272I44 deewaasa 
LOG (gmm-latgen-faster:DecodeUtteranceLatticeFaster():decoder-wrappers.cc:285) Log-like per frame for utterance M07UP26A0272I44 is -7.01436 over 298 frames.
M07UP27A0641I438 umariyaa 
LOG (gmm-latgen-faster:DecodeUtteranceLatticeFaster():decoder-wrappers.cc:285) Log-like per frame for utterance M07UP27A0641I438 is -7.8747 over 298 frames.
M07UP27A0647I41 chatarapura 
LOG (gmm-latgen-faster:DecodeUtteranceLatticeFaster():decoder-wrappers.cc:285) Log-like per frame for utterance M07UP27A0647I41 is -7.91235 over 298 frames.
M07UP27A0647I43 katxanii 
LOG (gmm-latgen-faster:DecodeUtteranceLatticeFaster():decoder-wrappers.cc:285) Log-like per frame for utterance M07UP27A0647I43 is -8.09753 over 298 frames.
M07UP27A0657I303 shiwapurii 
LOG (gmm-latgen-faster:DecodeUtteranceLatticeFaster():decoder-wrappers.cc:285) Log-like per frame for utterance M07UP27A0657I303 is -8.21774 over 498 frames.
M07UP28A0216I301 haradaa 
LOG (gmm-latgen-faster:DecodeUtteranceLatticeFaster():decoder-wrappers.cc:285) Log-like per frame for utterance M07UP28A0216I301 is -8.46892 over 498 frames.
M07UP28A0218I300 deewaasa 
LOG (gmm-latgen-faster:DecodeUtteranceLatticeFaster():decoder-wrappers.cc:285) Log-like per frame for utterance M07UP28A0218I300 is -8.02797 over 498 frames.
M07UP28A0219I40 haradaa 
LOG (gmm-latgen-faster:DecodeUtteranceLatticeFaster():decoder-wrappers.cc:285) Log-like per frame for utterance M07UP28A0219I40 is -8.06856 over 298 frames.
M07UP28A0219I505 dhaara 
LOG (gmm-latgen-faster:DecodeUtteranceLatticeFaster():decoder-wrappers.cc:285) Log-like per frame for utterance M07UP28A0219I505 is -8.03838 over 300 frames.
M07UP28A0225I302 mureinaa 
LOG (gmm-latgen-faster:DecodeUtteranceLatticeFaster():decoder-wrappers.cc:285) Log-like per frame for utterance M07UP28A0225I302 is -8.37573 over 498 frames.
M07UP28A0225I40 haradaa 
LOG (gmm-latgen-faster:DecodeUtteranceLatticeFaster():decoder-wrappers.cc:285) Log-like per frame for utterance M07UP28A0225I40 is -8.00707 over 298 frames.
M07UP28A0225I41 damoha 
LOG (gmm-latgen-faster:DecodeUtteranceLatticeFaster():decoder-wrappers.cc:285) Log-like per frame for utterance M07UP28A0225I41 is -9.37586 over 298 frames.
M07UP29A0506I301 raajagadxhqa 
LOG (gmm-latgen-faster:DecodeUtteranceLatticeFaster():decoder-wrappers.cc:285) Log-like per frame for utterance M07UP29A0506I301 is -7.53244 over 498 frames.
M07UP29A0509I42 aliraajapura 
LOG (gmm-latgen-faster:DecodeUtteranceLatticeFaster():decoder-wrappers.cc:285) Log-like per frame for utterance M07UP29A0509I42 is -8.31945 over 298 frames.
M07UP29A0509I45 gwaaliyara 
LOG (gmm-latgen-faster:DecodeUtteranceLatticeFaster():decoder-wrappers.cc:285) Log-like per frame for utterance M07UP29A0509I45 is -8.10043 over 298 frames.
M07UP29A0510I303 txikamagadxhq 
LOG (gmm-latgen-faster:DecodeUtteranceLatticeFaster():decoder-wrappers.cc:285) Log-like per frame for utterance M07UP29A0510I303 is -7.79481 over 500 frames.
M07UP29A0510I44 anuupapura 
LOG (gmm-latgen-faster:DecodeUtteranceLatticeFaster():decoder-wrappers.cc:285) Log-like per frame for utterance M07UP29A0510I44 is -7.53964 over 298 frames.
M07UP29A0511I301 raajagadxhqa 
LOG (gmm-latgen-faster:DecodeUtteranceLatticeFaster():decoder-wrappers.cc:285) Log-like per frame for utterance M07UP29A0511I301 is -8.09782 over 498 frames.
M07UP29A0511I42 hoshangaabaada 
LOG (gmm-latgen-faster:DecodeUtteranceLatticeFaster():decoder-wrappers.cc:285) Log-like per frame for utterance M07UP29A0511I42 is -8.62824 over 298 frames.
M07UP29A0513I44 siidhii 
LOG (gmm-latgen-faster:DecodeUtteranceLatticeFaster():decoder-wrappers.cc:285) Log-like per frame for utterance M07UP29A0513I44 is -7.94121 over 298 frames.
M07UP29A0514I41 raajagadxhqa 
LOG (gmm-latgen-faster:DecodeUtteranceLatticeFaster():decoder-wrappers.cc:285) Log-like per frame for utterance M07UP29A0514I41 is -8.25007 over 298 frames.
M07UP29A0516I41 raajagadxhqa 
LOG (gmm-latgen-faster:DecodeUtteranceLatticeFaster():decoder-wrappers.cc:285) Log-like per frame for utterance M07UP29A0516I41 is -8.85581 over 298 frames.
M07UP29A0517I303 txikamagadxhq 
LOG (gmm-latgen-faster:DecodeUtteranceLatticeFaster():decoder-wrappers.cc:285) Log-like per frame for utterance M07UP29A0517I303 is -8.08591 over 498 frames.
M07UP29A0520I42 aliraajapura 
LOG (gmm-latgen-faster:DecodeUtteranceLatticeFaster():decoder-wrappers.cc:285) Log-like per frame for utterance M07UP29A0520I42 is -7.61855 over 298 frames.
M07UP29A0520I45 gwaaliyara 
LOG (gmm-latgen-faster:DecodeUtteranceLatticeFaster():decoder-wrappers.cc:285) Log-like per frame for utterance M07UP29A0520I45 is -8.38239 over 298 frames.
M07UP29A0521I303 raajagadxhqa 
LOG (gmm-latgen-faster:DecodeUtteranceLatticeFaster():decoder-wrappers.cc:285) Log-like per frame for utterance M07UP29A0521I303 is -7.84216 over 498 frames.
M07UP29A0521I47 mandasoura 
LOG (gmm-latgen-faster:DecodeUtteranceLatticeFaster():decoder-wrappers.cc:285) Log-like per frame for utterance M07UP29A0521I47 is -7.65281 over 298 frames.
M07UP31A1290I43 singaroulii 
LOG (gmm-latgen-faster:DecodeUtteranceLatticeFaster():decoder-wrappers.cc:285) Log-like per frame for utterance M07UP31A1290I43 is -7.91717 over 298 frames.
M07UP31A1291I42 umariyaa 
LOG (gmm-latgen-faster:DecodeUtteranceLatticeFaster():decoder-wrappers.cc:285) Log-like per frame for utterance M07UP31A1291I42 is -8.11971 over 298 frames.
M07UP31A1292I301 raajagadxhqa 
LOG (gmm-latgen-faster:DecodeUtteranceLatticeFaster():decoder-wrappers.cc:285) Log-like per frame for utterance M07UP31A1292I301 is -7.89783 over 498 frames.
M07UP31A1294I302 jabalapura 
LOG (gmm-latgen-faster:DecodeUtteranceLatticeFaster():decoder-wrappers.cc:285) Log-like per frame for utterance M07UP31A1294I302 is -7.70199 over 498 frames.
M07UP31A1294I43 singaroulii 
LOG (gmm-latgen-faster:DecodeUtteranceLatticeFaster():decoder-wrappers.cc:285) Log-like per frame for utterance M07UP31A1294I43 is -8.23796 over 298 frames.
M07UP31A1296I500 mureinaa 
LOG (gmm-latgen-faster:DecodeUtteranceLatticeFaster():decoder-wrappers.cc:285) Log-like per frame for utterance M07UP31A1296I500 is -7.1413 over 498 frames.
M07UP31A1300I300 aliraajapura 
LOG (gmm-latgen-faster:DecodeUtteranceLatticeFaster():decoder-wrappers.cc:285) Log-like per frame for utterance M07UP31A1300I300 is -8.99176 over 498 frames.
M07UP31A1302I301 raajagadxhqa 
LOG (gmm-latgen-faster:DecodeUtteranceLatticeFaster():decoder-wrappers.cc:285) Log-like per frame for utterance M07UP31A1302I301 is -7.92431 over 498 frames.
M07UP31A1306I302 aliraajapura 
LOG (gmm-latgen-faster:DecodeUtteranceLatticeFaster():decoder-wrappers.cc:285) Log-like per frame for utterance M07UP31A1306I302 is -8.12029 over 498 frames.
M07UP31A1306I303 hoshangaabaada 
LOG (gmm-latgen-faster:DecodeUtteranceLatticeFaster():decoder-wrappers.cc:285) Log-like per frame for utterance M07UP31A1306I303 is -9.15746 over 498 frames.
M07UP31A1306I43 singaroulii 
LOG (gmm-latgen-faster:DecodeUtteranceLatticeFaster():decoder-wrappers.cc:285) Log-like per frame for utterance M07UP31A1306I43 is -7.45363 over 298 frames.
M07UP31A1307I430 gwaaliyara 
LOG (gmm-latgen-faster:DecodeUtteranceLatticeFaster():decoder-wrappers.cc:285) Log-like per frame for utterance M07UP31A1307I430 is -8.10009 over 298 frames.
M07UP31A1308I435 gwaaliyara 
LOG (gmm-latgen-faster:DecodeUtteranceLatticeFaster():decoder-wrappers.cc:285) Log-like per frame for utterance M07UP31A1308I435 is -8.02774 over 298 frames.
M07UP31A1309I44 deewaasa 
LOG (gmm-latgen-faster:DecodeUtteranceLatticeFaster():decoder-wrappers.cc:285) Log-like per frame for utterance M07UP31A1309I44 is -9.07494 over 298 frames.
M07UP31A1310I45 shaajaapura 
LOG (gmm-latgen-faster:DecodeUtteranceLatticeFaster():decoder-wrappers.cc:285) Log-like per frame for utterance M07UP31A1310I45 is -8.66314 over 298 frames.
M07UP34A0551I43 deewaasa 
LOG (gmm-latgen-faster:DecodeUtteranceLatticeFaster():decoder-wrappers.cc:285) Log-like per frame for utterance M07UP34A0551I43 is -8.64551 over 300 frames.
M07UP34A0554I301 baalaaghaatxa 
LOG (gmm-latgen-faster:DecodeUtteranceLatticeFaster():decoder-wrappers.cc:285) Log-like per frame for utterance M07UP34A0554I301 is -7.84171 over 498 frames.
M07UP34A0555I300 shiwapurii 
LOG (gmm-latgen-faster:DecodeUtteranceLatticeFaster():decoder-wrappers.cc:285) Log-like per frame for utterance M07UP34A0555I300 is -8.98005 over 498 frames.
M07UP34A0558I42 baalaaghaatxa 
LOG (gmm-latgen-faster:DecodeUtteranceLatticeFaster():decoder-wrappers.cc:285) Log-like per frame for utterance M07UP34A0558I42 is -8.49238 over 298 frames.
M07UP34A0559I303 ujjeina 
LOG (gmm-latgen-faster:DecodeUtteranceLatticeFaster():decoder-wrappers.cc:285) Log-like per frame for utterance M07UP34A0559I303 is -8.07254 over 498 frames.
M07UP34A0559I44 chatarapura 
LOG (gmm-latgen-faster:DecodeUtteranceLatticeFaster():decoder-wrappers.cc:285) Log-like per frame for utterance M07UP34A0559I44 is -8.13931 over 298 frames.
M07UP34A0561I300 aliraajapura 
LOG (gmm-latgen-faster:DecodeUtteranceLatticeFaster():decoder-wrappers.cc:285) Log-like per frame for utterance M07UP34A0561I300 is -8.96014 over 498 frames.
M07UP34A0563I303 dhaara 
LOG (gmm-latgen-faster:DecodeUtteranceLatticeFaster():decoder-wrappers.cc:285) Log-like per frame for utterance M07UP34A0563I303 is -7.70139 over 498 frames.
M07UP34A0564I43 chatarapura 
LOG (gmm-latgen-faster:DecodeUtteranceLatticeFaster():decoder-wrappers.cc:285) Log-like per frame for utterance M07UP34A0564I43 is -8.12571 over 298 frames.
M07UP34A0566I301 aliraajapura 
LOG (gmm-latgen-faster:DecodeUtteranceLatticeFaster():decoder-wrappers.cc:285) Log-like per frame for utterance M07UP34A0566I301 is -7.60311 over 498 frames.
M07UP35A0443I41 haradaa 
LOG (gmm-latgen-faster:DecodeUtteranceLatticeFaster():decoder-wrappers.cc:285) Log-like per frame for utterance M07UP35A0443I41 is -8.44593 over 298 frames.
M07UP35A0446I301 hoshangaabaada 
LOG (gmm-latgen-faster:DecodeUtteranceLatticeFaster():decoder-wrappers.cc:285) Log-like per frame for utterance M07UP35A0446I301 is -8.25229 over 498 frames.
M07UP35A0448I301 raajagadxhqa 
LOG (gmm-latgen-faster:DecodeUtteranceLatticeFaster():decoder-wrappers.cc:285) Log-like per frame for utterance M07UP35A0448I301 is -7.47937 over 498 frames.
M07UP35A0450I301 gwaaliyara 
LOG (gmm-latgen-faster:DecodeUtteranceLatticeFaster():decoder-wrappers.cc:285) Log-like per frame for utterance M07UP35A0450I301 is -8.85286 over 498 frames.
M07UP35A0452I303 anuupapura 
LOG (gmm-latgen-faster:DecodeUtteranceLatticeFaster():decoder-wrappers.cc:285) Log-like per frame for utterance M07UP35A0452I303 is -7.61024 over 498 frames.
M07UP35A0455I303 shaajaapura 
LOG (gmm-latgen-faster:DecodeUtteranceLatticeFaster():decoder-wrappers.cc:285) Log-like per frame for utterance M07UP35A0455I303 is -7.5236 over 498 frames.
M07UP35A0455I426 bhindxa 
LOG (gmm-latgen-faster:DecodeUtteranceLatticeFaster():decoder-wrappers.cc:285) Log-like per frame for utterance M07UP35A0455I426 is -8.59457 over 298 frames.
M07UP35A0456I43 jabalapura 
LOG (gmm-latgen-faster:DecodeUtteranceLatticeFaster():decoder-wrappers.cc:285) Log-like per frame for utterance M07UP35A0456I43 is -8.24542 over 298 frames.
M07UP35A0457I41 burahaanapura 
LOG (gmm-latgen-faster:DecodeUtteranceLatticeFaster():decoder-wrappers.cc:285) Log-like per frame for utterance M07UP35A0457I41 is -8.6731 over 298 frames.
M07UP35A0459I303 saagara 
LOG (gmm-latgen-faster:DecodeUtteranceLatticeFaster():decoder-wrappers.cc:285) Log-like per frame for utterance M07UP35A0459I303 is -7.82273 over 498 frames.
M07UP36A0825I301 satanaa 
LOG (gmm-latgen-faster:DecodeUtteranceLatticeFaster():decoder-wrappers.cc:285) Log-like per frame for utterance M07UP36A0825I301 is -8.15482 over 498 frames.
M07UP36A0825I40 anuupapura 
LOG (gmm-latgen-faster:DecodeUtteranceLatticeFaster():decoder-wrappers.cc:285) Log-like per frame for utterance M07UP36A0825I40 is -8.00105 over 298 frames.
M07UP36A0827I300 katxanii 
LOG (gmm-latgen-faster:DecodeUtteranceLatticeFaster():decoder-wrappers.cc:285) Log-like per frame for utterance M07UP36A0827I300 is -7.42425 over 498 frames.
M07UP36A0829I302 aliraajapura 
LOG (gmm-latgen-faster:DecodeUtteranceLatticeFaster():decoder-wrappers.cc:285) Log-like per frame for utterance M07UP36A0829I302 is -8.12435 over 498 frames.
M07UP36A0832I302 satanaa 
LOG (gmm-latgen-faster:DecodeUtteranceLatticeFaster():decoder-wrappers.cc:285) Log-like per frame for utterance M07UP36A0832I302 is -8.27368 over 498 frames.
M07UP36A0840I41 badxqawaanii 
LOG (gmm-latgen-faster:DecodeUtteranceLatticeFaster():decoder-wrappers.cc:285) Log-like per frame for utterance M07UP36A0840I41 is -7.56456 over 298 frames.
M07UP37A0301I42 badxqawaanii 
LOG (gmm-latgen-faster:DecodeUtteranceLatticeFaster():decoder-wrappers.cc:285) Log-like per frame for utterance M07UP37A0301I42 is -7.14331 over 298 frames.
M07UP37A0302I45 haradaa 
LOG (gmm-latgen-faster:DecodeUtteranceLatticeFaster():decoder-wrappers.cc:285) Log-like per frame for utterance M07UP37A0302I45 is -8.9496 over 298 frames.
M07UP37A0306I47 saagara 
LOG (gmm-latgen-faster:DecodeUtteranceLatticeFaster():decoder-wrappers.cc:285) Log-like per frame for utterance M07UP37A0306I47 is -9.0156 over 298 frames.
M07UP37A0307I303 siwanii 
LOG (gmm-latgen-faster:DecodeUtteranceLatticeFaster():decoder-wrappers.cc:285) Log-like per frame for utterance M07UP37A0307I303 is -8.60001 over 498 frames.
M07UP37A0309I40 dhaara 
LOG (gmm-latgen-faster:DecodeUtteranceLatticeFaster():decoder-wrappers.cc:285) Log-like per frame for utterance M07UP37A0309I40 is -9.28692 over 298 frames.
M07UP37A0309I44 katxanii 
LOG (gmm-latgen-faster:DecodeUtteranceLatticeFaster():decoder-wrappers.cc:285) Log-like per frame for utterance M07UP37A0309I44 is -8.86993 over 300 frames.
M07UP37A0311I43 raajagadxhqa 
LOG (gmm-latgen-faster:DecodeUtteranceLatticeFaster():decoder-wrappers.cc:285) Log-like per frame for utterance M07UP37A0311I43 is -8.05445 over 298 frames.
M07UP37A0311I44 gwaaliyara 
LOG (gmm-latgen-faster:DecodeUtteranceLatticeFaster():decoder-wrappers.cc:285) Log-like per frame for utterance M07UP37A0311I44 is -7.97055 over 298 frames.
M07UP37A0311I48 haradaa 
LOG (gmm-latgen-faster:DecodeUtteranceLatticeFaster():decoder-wrappers.cc:285) Log-like per frame for utterance M07UP37A0311I48 is -7.25054 over 300 frames.
M07UP37A0313I427 datiyaa 
LOG (gmm-latgen-faster:DecodeUtteranceLatticeFaster():decoder-wrappers.cc:285) Log-like per frame for utterance M07UP37A0313I427 is -8.22212 over 298 frames.
M07UP37A0314I300 bhindxa 
LOG (gmm-latgen-faster:DecodeUtteranceLatticeFaster():decoder-wrappers.cc:285) Log-like per frame for utterance M07UP37A0314I300 is -8.68035 over 498 frames.
M07UP37A0316I305 dhaara 
LOG (gmm-latgen-faster:DecodeUtteranceLatticeFaster():decoder-wrappers.cc:285) Log-like per frame for utterance M07UP37A0316I305 is -8.99962 over 498 frames.
M07UP37A0317I47 haradaa 
LOG (gmm-latgen-faster:DecodeUtteranceLatticeFaster():decoder-wrappers.cc:285) Log-like per frame for utterance M07UP37A0317I47 is -7.93027 over 298 frames.
M07UP37A0317I48 siihoura 
LOG (gmm-latgen-faster:DecodeUtteranceLatticeFaster():decoder-wrappers.cc:285) Log-like per frame for utterance M07UP37A0317I48 is -8.97727 over 298 frames.
M07UP37A0319I301 raajagadxhqa 
LOG (gmm-latgen-faster:DecodeUtteranceLatticeFaster():decoder-wrappers.cc:285) Log-like per frame for utterance M07UP37A0319I301 is -9.00938 over 498 frames.
M07UP38A0103I43 saagara 
LOG (gmm-latgen-faster:DecodeUtteranceLatticeFaster():decoder-wrappers.cc:285) Log-like per frame for utterance M07UP38A0103I43 is -8.08192 over 298 frames.
M07UP38A0107I43 dhaara 
LOG (gmm-latgen-faster:DecodeUtteranceLatticeFaster():decoder-wrappers.cc:285) Log-like per frame for utterance M07UP38A0107I43 is -8.21329 over 298 frames.
M07UP39A0774I301 shiwapurii 
LOG (gmm-latgen-faster:DecodeUtteranceLatticeFaster():decoder-wrappers.cc:285) Log-like per frame for utterance M07UP39A0774I301 is -7.45836 over 498 frames.
M07UP39A0776I302 jabalapura 
LOG (gmm-latgen-faster:DecodeUtteranceLatticeFaster():decoder-wrappers.cc:285) Log-like per frame for utterance M07UP39A0776I302 is -7.35983 over 498 frames.
M07UP39A0777I300 jabalapura 
LOG (gmm-latgen-faster:DecodeUtteranceLatticeFaster():decoder-wrappers.cc:285) Log-like per frame for utterance M07UP39A0777I300 is -7.77854 over 498 frames.
M07UP39A0777I423 niimaca 
LOG (gmm-latgen-faster:DecodeUtteranceLatticeFaster():decoder-wrappers.cc:285) Log-like per frame for utterance M07UP39A0777I423 is -7.39836 over 298 frames.
M07UP39A0778I303 indoura 
LOG (gmm-latgen-faster:DecodeUtteranceLatticeFaster():decoder-wrappers.cc:285) Log-like per frame for utterance M07UP39A0778I303 is -8.20818 over 498 frames.
M07UP39A0781I501 mureinaa 
LOG (gmm-latgen-faster:DecodeUtteranceLatticeFaster():decoder-wrappers.cc:285) Log-like per frame for utterance M07UP39A0781I501 is -7.96533 over 398 frames.
M07UP41A0273I301 gunaa 
LOG (gmm-latgen-faster:DecodeUtteranceLatticeFaster():decoder-wrappers.cc:285) Log-like per frame for utterance M07UP41A0273I301 is -9.22821 over 498 frames.
M07UP41A0273I47 shiwapurii 
LOG (gmm-latgen-faster:DecodeUtteranceLatticeFaster():decoder-wrappers.cc:285) Log-like per frame for utterance M07UP41A0273I47 is -8.40535 over 298 frames.
M07UP41A0275I300 anuupapura 
LOG (gmm-latgen-faster:DecodeUtteranceLatticeFaster():decoder-wrappers.cc:285) Log-like per frame for utterance M07UP41A0275I300 is -7.54003 over 498 frames.
M07UP41A0277I300 anuupapura 
LOG (gmm-latgen-faster:DecodeUtteranceLatticeFaster():decoder-wrappers.cc:285) Log-like per frame for utterance M07UP41A0277I300 is -8.37118 over 498 frames.
M07UP41A0277I43 badxqawaanii 
LOG (gmm-latgen-faster:DecodeUtteranceLatticeFaster():decoder-wrappers.cc:285) Log-like per frame for utterance M07UP41A0277I43 is -8.82772 over 298 frames.
M07UP41A0279I301 khandxawaa 
LOG (gmm-latgen-faster:DecodeUtteranceLatticeFaster():decoder-wrappers.cc:285) Log-like per frame for utterance M07UP41A0279I301 is -8.27493 over 498 frames.
M07UP41A0279I302 indoura 
LOG (gmm-latgen-faster:DecodeUtteranceLatticeFaster():decoder-wrappers.cc:285) Log-like per frame for utterance M07UP41A0279I302 is -7.96878 over 498 frames.
M07UP41A0279I47 siwanii 
LOG (gmm-latgen-faster:DecodeUtteranceLatticeFaster():decoder-wrappers.cc:285) Log-like per frame for utterance M07UP41A0279I47 is -9.03004 over 298 frames.
M07UP41A0280I42 deewaasa 
LOG (gmm-latgen-faster:DecodeUtteranceLatticeFaster():decoder-wrappers.cc:285) Log-like per frame for utterance M07UP41A0280I42 is -8.17562 over 298 frames.
M07UP41A0280I45 txikamagadxhq 
LOG (gmm-latgen-faster:DecodeUtteranceLatticeFaster():decoder-wrappers.cc:285) Log-like per frame for utterance M07UP41A0280I45 is -8.88064 over 298 frames.
M07UP41A0283I48 khandxawaa 
LOG (gmm-latgen-faster:DecodeUtteranceLatticeFaster():decoder-wrappers.cc:285) Log-like per frame for utterance M07UP41A0283I48 is -7.36818 over 298 frames.
M07UP41A0289I303 khandxawaa 
LOG (gmm-latgen-faster:DecodeUtteranceLatticeFaster():decoder-wrappers.cc:285) Log-like per frame for utterance M07UP41A0289I303 is -8.18515 over 498 frames.
M07UP41A0289I44 deewaasa 
LOG (gmm-latgen-faster:DecodeUtteranceLatticeFaster():decoder-wrappers.cc:285) Log-like per frame for utterance M07UP41A0289I44 is -7.80273 over 300 frames.
M07UP41A0290I47 gunaa 
LOG (gmm-latgen-faster:DecodeUtteranceLatticeFaster():decoder-wrappers.cc:285) Log-like per frame for utterance M07UP41A0290I47 is -7.97428 over 298 frames.
M07UP41A0291I43 txikamagadxhq 
LOG (gmm-latgen-faster:DecodeUtteranceLatticeFaster():decoder-wrappers.cc:285) Log-like per frame for utterance M07UP41A0291I43 is -7.60169 over 298 frames.
M07UP41A0291I46 khandxawaa 
LOG (gmm-latgen-faster:DecodeUtteranceLatticeFaster():decoder-wrappers.cc:285) Log-like per frame for utterance M07UP41A0291I46 is -7.90188 over 298 frames.
M07UP42A0111I46 siihoura 
LOG (gmm-latgen-faster:DecodeUtteranceLatticeFaster():decoder-wrappers.cc:285) Log-like per frame for utterance M07UP42A0111I46 is -7.78202 over 298 frames.
M07UP42A0116I430 aliraajapura 
LOG (gmm-latgen-faster:DecodeUtteranceLatticeFaster():decoder-wrappers.cc:285) Log-like per frame for utterance M07UP42A0116I430 is -8.53315 over 298 frames.
M07UP42A0117I419 pannaa 
LOG (gmm-latgen-faster:DecodeUtteranceLatticeFaster():decoder-wrappers.cc:285) Log-like per frame for utterance M07UP42A0117I419 is -8.02026 over 298 frames.
M07UP42A0117I423 shaajaapura 
LOG (gmm-latgen-faster:DecodeUtteranceLatticeFaster():decoder-wrappers.cc:285) Log-like per frame for utterance M07UP42A0117I423 is -8.43861 over 298 frames.
M07UP42A0119I300 umariyaa 
LOG (gmm-latgen-faster:DecodeUtteranceLatticeFaster():decoder-wrappers.cc:285) Log-like per frame for utterance M07UP42A0119I300 is -8.64773 over 498 frames.
M07UP42A0119I46 anuupapura 
LOG (gmm-latgen-faster:DecodeUtteranceLatticeFaster():decoder-wrappers.cc:285) Log-like per frame for utterance M07UP42A0119I46 is -8.77942 over 298 frames.
M07UP42A0120I418 gunaa 
LOG (gmm-latgen-faster:DecodeUtteranceLatticeFaster():decoder-wrappers.cc:285) Log-like per frame for utterance M07UP42A0120I418 is -8.05365 over 298 frames.
M07UP42A0120I424 riiwaa 
LOG (gmm-latgen-faster:DecodeUtteranceLatticeFaster():decoder-wrappers.cc:285) Log-like per frame for utterance M07UP42A0120I424 is -8.1889 over 298 frames.
M07UP42A0120I429 siihoura 
LOG (gmm-latgen-faster:DecodeUtteranceLatticeFaster():decoder-wrappers.cc:285) Log-like per frame for utterance M07UP42A0120I429 is -8.54082 over 298 frames.
M07UP42A0122I302 umariyaa 
LOG (gmm-latgen-faster:DecodeUtteranceLatticeFaster():decoder-wrappers.cc:285) Log-like per frame for utterance M07UP42A0122I302 is -8.39619 over 498 frames.
M07UP42A0122I424 badxqawaanii 
LOG (gmm-latgen-faster:DecodeUtteranceLatticeFaster():decoder-wrappers.cc:285) Log-like per frame for utterance M07UP42A0122I424 is -8.67936 over 298 frames.
M07UP42A0122I46 aliraajapura 
LOG (gmm-latgen-faster:DecodeUtteranceLatticeFaster():decoder-wrappers.cc:285) Log-like per frame for utterance M07UP42A0122I46 is -8.46359 over 298 frames.
LOG (apply-cmvn:main():apply-cmvn.cc:146) Applied cepstral mean normalization to 184 utterances, errors on 0
M07UP42A0123I42 jabalapura 
LOG (gmm-latgen-faster:DecodeUtteranceLatticeFaster():decoder-wrappers.cc:285) Log-like per frame for utterance M07UP42A0123I42 is -8.47937 over 298 frames.
M07UP42A0123I424 burahaanapura 
LOG (gmm-latgen-faster:DecodeUtteranceLatticeFaster():decoder-wrappers.cc:285) Log-like per frame for utterance M07UP42A0123I424 is -8.77439 over 298 frames.
M07UP42A0124I45 ratalaama 
LOG (gmm-latgen-faster:DecodeUtteranceLatticeFaster():decoder-wrappers.cc:285) Log-like per frame for utterance M07UP42A0124I45 is -8.09427 over 298 frames.
M07UP42A0126I437 dhaara 
LOG (gmm-latgen-faster:DecodeUtteranceLatticeFaster():decoder-wrappers.cc:285) Log-like per frame for utterance M07UP42A0126I437 is -8.54768 over 298 frames.
M07UP43A0148I300 siidhii 
LOG (gmm-latgen-faster:DecodeUtteranceLatticeFaster():decoder-wrappers.cc:285) Log-like per frame for utterance M07UP43A0148I300 is -8.85961 over 498 frames.
M07UP43A0151I42 datiyaa 
LOG (gmm-latgen-faster:DecodeUtteranceLatticeFaster():decoder-wrappers.cc:285) Log-like per frame for utterance M07UP43A0151I42 is -9.05382 over 298 frames.
LOG (gmm-latgen-faster:main():gmm-latgen-faster.cc:175) Time taken 156.674s: real-time factor assuming 100 frames/sec is 0.225593
LOG (gmm-latgen-faster:main():gmm-latgen-faster.cc:178) Done 184 utterances, failed for 0
LOG (gmm-latgen-faster:main():gmm-latgen-faster.cc:180) Overall log-likelihood per frame is -8.19294 over 69450 frames.
# Accounting: time=157 threads=1
# Ended (code 0) at Mon Jul 25 02:12:01 IST 2016, elapsed time 157 seconds
