# lattice-scale --inv-acoustic-scale=10 "ark:gunzip -c exp/tri1_1600_25600/decode/lat.*.gz|" ark:- | lattice-add-penalty --word-ins-penalty=0.0 ark:- ark:- | lattice-best-path --word-symbol-table=exp/tri1_1600_25600/graph/words.txt ark:- ark,t:- | utils/int2sym.pl -f 2- exp/tri1_1600_25600/graph/words.txt | cat > exp/tri1_1600_25600/decode/scoring_kaldi/penalty_0.0/10.txt 
# Started at Mon Jul 25 00:37:31 IST 2016
#
lattice-best-path --word-symbol-table=exp/tri1_1600_25600/graph/words.txt ark:- ark,t:- 
lattice-scale --inv-acoustic-scale=10 'ark:gunzip -c exp/tri1_1600_25600/decode/lat.*.gz|' ark:- 
lattice-add-penalty --word-ins-penalty=0.0 ark:- ark:- 
LOG (lattice-best-path:main():lattice-best-path.cc:99) For utterance F07UP02A0332I42, best cost 19.7559 + 3044.11 = 3063.87 over 300 frames.
F07UP02A0332I42 uttarpradesh 
LOG (lattice-best-path:main():lattice-best-path.cc:99) For utterance F07UP02A0332I43, best cost 16.9128 + 2885.97 = 2902.89 over 298 frames.
F07UP02A0332I43 madhyapradesh 
LOG (lattice-best-path:main():lattice-best-path.cc:99) For utterance F07UP06A0432I42, best cost 20.6753 + 2681.97 = 2702.64 over 300 frames.
F07UP06A0432I42 eempii 
LOG (lattice-best-path:main():lattice-best-path.cc:99) For utterance F07UP07A0094I427, best cost 15.4497 + 2776.62 = 2792.07 over 298 frames.
F07UP07A0094I427 eempii 
LOG (lattice-best-path:main():lattice-best-path.cc:99) For utterance F07UP07A0096I44, best cost 17.2619 + 3027.58 = 3044.84 over 298 frames.
F07UP07A0096I44 yuupii 
LOG (lattice-best-path:main():lattice-best-path.cc:99) For utterance F07UP09A0491I46, best cost 16.4152 + 3123.7 = 3140.11 over 298 frames.
F07UP09A0491I46 eempii 
LOG (lattice-best-path:main():lattice-best-path.cc:99) For utterance F07UP11A1331I301, best cost 14.1613 + 4495.6 = 4509.76 over 498 frames.
F07UP11A1331I301 eempii 
LOG (lattice-best-path:main():lattice-best-path.cc:99) For utterance F07UP19A0344I46, best cost 17.8289 + 2744.93 = 2762.76 over 298 frames.
F07UP19A0344I46 madhyapradesh 
LOG (lattice-best-path:main():lattice-best-path.cc:99) For utterance F07UP21A0612I41, best cost 18.7639 + 2833.87 = 2852.64 over 298 frames.
F07UP21A0612I41 eempii 
LOG (lattice-best-path:main():lattice-best-path.cc:99) For utterance F07UP22A1336I429, best cost 20.0485 + 2922.95 = 2943 over 298 frames.
F07UP22A1336I429 madhyapradesh 
LOG (lattice-best-path:main():lattice-best-path.cc:99) For utterance F07UP22A1336I501, best cost 15.7876 + 3767.71 = 3783.5 over 398 frames.
F07UP22A1336I501 eempii 
LOG (lattice-best-path:main():lattice-best-path.cc:99) For utterance F07UP22A1343I301, best cost 16.0077 + 4511.73 = 4527.74 over 498 frames.
F07UP22A1343I301 uttarpradesh 
LOG (lattice-best-path:main():lattice-best-path.cc:99) For utterance F07UP22A1343I47, best cost 17.6699 + 3128.32 = 3145.99 over 298 frames.
F07UP22A1343I47 eempii 
LOG (lattice-best-path:main():lattice-best-path.cc:99) For utterance F07UP22A1345I47, best cost 13.9788 + 2742.28 = 2756.26 over 298 frames.
F07UP22A1345I47 yuupii 
LOG (lattice-best-path:main():lattice-best-path.cc:99) For utterance F07UP22A1346I435, best cost 20.7891 + 3064.04 = 3084.83 over 300 frames.
F07UP22A1346I435 uttarpradesh 
LOG (lattice-best-path:main():lattice-best-path.cc:99) For utterance F07UP23A0248I41, best cost 15.9482 + 3221.98 = 3237.93 over 298 frames.
F07UP23A0248I41 uttarpradesh 
LOG (lattice-best-path:main():lattice-best-path.cc:99) For utterance F07UP24A0182I302, best cost 18.0048 + 5095.62 = 5113.62 over 498 frames.
F07UP24A0182I302 yuupii 
LOG (lattice-best-path:main():lattice-best-path.cc:99) For utterance F07UP24A0182I41, best cost 16.2434 + 3120.43 = 3136.67 over 298 frames.
F07UP24A0182I41 eempii 
LOG (lattice-best-path:main():lattice-best-path.cc:99) For utterance F07UP24A0183I302, best cost 13.897 + 5350.87 = 5364.77 over 498 frames.
F07UP24A0183I302 yuupii 
LOG (lattice-best-path:main():lattice-best-path.cc:99) For utterance F07UP24A0183I47, best cost 18.0305 + 3050.89 = 3068.92 over 298 frames.
F07UP24A0183I47 madhyapradesh 
LOG (lattice-best-path:main():lattice-best-path.cc:99) For utterance F07UP25A1212I41, best cost 12.91 + 3195.71 = 3208.62 over 298 frames.
F07UP25A1212I41 uttarpradesh 
LOG (lattice-best-path:main():lattice-best-path.cc:99) For utterance F07UP25A1215I42, best cost 13.2847 + 3110.48 = 3123.76 over 298 frames.
F07UP25A1215I42 yuupii 
LOG (lattice-best-path:main():lattice-best-path.cc:99) For utterance F07UP26A0256I43, best cost 13.2033 + 3113.45 = 3126.66 over 298 frames.
F07UP26A0256I43 yuupii 
LOG (lattice-best-path:main():lattice-best-path.cc:99) For utterance F07UP28A0226I300, best cost 17.256 + 5357.36 = 5374.62 over 498 frames.
F07UP28A0226I300 yuupii 
LOG (lattice-best-path:main():lattice-best-path.cc:99) For utterance F07UP28A0226I45, best cost 10.8373 + 3180.28 = 3191.11 over 298 frames.
F07UP28A0226I45 yuupii 
LOG (lattice-best-path:main():lattice-best-path.cc:99) For utterance F07UP28A0227I301, best cost 26.3362 + 5289.98 = 5316.32 over 498 frames.
F07UP28A0227I301 eempii 
LOG (lattice-best-path:main():lattice-best-path.cc:99) For utterance F07UP28A0228I303, best cost 13.2109 + 5499.04 = 5512.26 over 498 frames.
F07UP28A0228I303 yuupii 
LOG (lattice-best-path:main():lattice-best-path.cc:99) For utterance F07UP29A0523I41, best cost 19.1128 + 2825.98 = 2845.09 over 298 frames.
F07UP29A0523I41 eempii 
LOG (lattice-best-path:main():lattice-best-path.cc:99) For utterance F07UP29A0523I44, best cost 15.5507 + 2739.14 = 2754.69 over 298 frames.
F07UP29A0523I44 yuupii 
LOG (lattice-best-path:main():lattice-best-path.cc:99) For utterance F07UP31A1293I42, best cost 13.5916 + 3201.25 = 3214.84 over 298 frames.
F07UP31A1293I42 eempii 
LOG (lattice-best-path:main():lattice-best-path.cc:99) For utterance F07UP34A0567I44, best cost 20.6348 + 2972.04 = 2992.67 over 300 frames.
F07UP34A0567I44 madhyapradesh 
LOG (lattice-best-path:main():lattice-best-path.cc:99) For utterance F07UP35A0453I300, best cost 27.5461 + 4577.53 = 4605.08 over 498 frames.
F07UP35A0453I300 uttarpradesh 
LOG (lattice-best-path:main():lattice-best-path.cc:99) For utterance F07UP37A0304I300, best cost 18.4763 + 4545.47 = 4563.94 over 498 frames.
F07UP37A0304I300 yuupii 
LOG (lattice-best-path:main():lattice-best-path.cc:99) For utterance F07UP38A0101I41, best cost 19.2246 + 3021.43 = 3040.66 over 298 frames.
F07UP38A0101I41 eempii 
LOG (lattice-best-path:main():lattice-best-path.cc:99) For utterance F07UP41A0286I40, best cost 11.9829 + 2639.38 = 2651.36 over 298 frames.
F07UP41A0286I40 eempii 
LOG (lattice-best-path:main():lattice-best-path.cc:99) For utterance F07UP41A0286I42, best cost 9.84797 + 2469.3 = 2479.15 over 298 frames.
F07UP41A0286I42 eempii 
LOG (lattice-best-path:main():lattice-best-path.cc:99) For utterance F07UP52A0208I44, best cost 9.97397 + 3150.81 = 3160.78 over 298 frames.
F07UP52A0208I44 yuupii 
LOG (lattice-best-path:main():lattice-best-path.cc:99) For utterance F07UP54A1284I430, best cost 14.019 + 2850.06 = 2864.08 over 298 frames.
F07UP54A1284I430 madhyapradesh 
LOG (lattice-best-path:main():lattice-best-path.cc:99) For utterance F07UP57A0408I41, best cost 17.8815 + 3108.17 = 3126.05 over 298 frames.
F07UP57A0408I41 eempii 
LOG (lattice-best-path:main():lattice-best-path.cc:99) For utterance F07UP60A0943I300, best cost 23.6224 + 5420.89 = 5444.52 over 498 frames.
F07UP60A0943I300 uttarpradesh 
LOG (lattice-best-path:main():lattice-best-path.cc:99) For utterance F07UP60A0944I303, best cost 17.7144 + 4460.75 = 4478.47 over 498 frames.
F07UP60A0944I303 eempii 
LOG (lattice-best-path:main():lattice-best-path.cc:99) For utterance F07UP60A0949I300, best cost 25.8338 + 4784.54 = 4810.37 over 498 frames.
F07UP60A0949I300 yuupii 
LOG (lattice-best-path:main():lattice-best-path.cc:99) For utterance F07UP60A0949I302, best cost 23.7865 + 4500.49 = 4524.28 over 498 frames.
F07UP60A0949I302 eempii 
LOG (lattice-best-path:main():lattice-best-path.cc:99) For utterance F07UP60A0949I303, best cost 26.0479 + 4511.35 = 4537.4 over 498 frames.
F07UP60A0949I303 uttarpradesh 
LOG (lattice-best-path:main():lattice-best-path.cc:99) For utterance F07UP60A0953I41, best cost 19.0554 + 2780.06 = 2799.12 over 298 frames.
F07UP60A0953I41 madhyapradesh 
LOG (lattice-best-path:main():lattice-best-path.cc:99) For utterance F07UP60A0962I427, best cost 13.6237 + 3016.26 = 3029.89 over 298 frames.
F07UP60A0962I427 yuupii 
LOG (lattice-best-path:main():lattice-best-path.cc:99) For utterance F07UP60A0963I46, best cost 24.6305 + 3114.44 = 3139.07 over 298 frames.
F07UP60A0963I46 eempii 
LOG (lattice-best-path:main():lattice-best-path.cc:99) For utterance F07UP64A0395I300, best cost 22.6071 + 4731.27 = 4753.88 over 498 frames.
F07UP64A0395I300 yuupii 
LOG (lattice-best-path:main():lattice-best-path.cc:99) For utterance F07UP64A0397I301, best cost 13.9452 + 5186.35 = 5200.29 over 498 frames.
F07UP64A0397I301 yuupii 
LOG (lattice-best-path:main():lattice-best-path.cc:99) For utterance F07UP64A0402I41, best cost 18.7671 + 2862.97 = 2881.74 over 298 frames.
F07UP64A0402I41 madhyapradesh 
LOG (lattice-best-path:main():lattice-best-path.cc:99) For utterance F07UP72A0728I300, best cost 22.1705 + 5077.67 = 5099.84 over 498 frames.
F07UP72A0728I300 uttarpradesh 
LOG (lattice-best-path:main():lattice-best-path.cc:99) For utterance F07UP75A0756I300, best cost 25.3409 + 4732.96 = 4758.3 over 498 frames.
F07UP75A0756I300 uttarpradesh 
LOG (lattice-best-path:main():lattice-best-path.cc:99) For utterance F07UP75A0763I435, best cost 11.3128 + 2719.38 = 2730.69 over 300 frames.
F07UP75A0763I435 eempii 
LOG (lattice-best-path:main():lattice-best-path.cc:99) For utterance M07UP01A0057I427, best cost 11.4391 + 3219.53 = 3230.97 over 298 frames.
M07UP01A0057I427 eempii 
LOG (lattice-best-path:main():lattice-best-path.cc:99) For utterance M07UP01A0062I412, best cost 20.3712 + 3050.48 = 3070.85 over 298 frames.
M07UP01A0062I412 uttarpradesh 
LOG (lattice-best-path:main():lattice-best-path.cc:99) For utterance M07UP01A0062I45, best cost 17.0828 + 2887.26 = 2904.34 over 300 frames.
M07UP01A0062I45 eempii 
LOG (lattice-best-path:main():lattice-best-path.cc:99) For utterance M07UP01A0063I43, best cost 16.1958 + 3058.88 = 3075.08 over 298 frames.
M07UP01A0063I43 eempii 
LOG (lattice-best-path:main():lattice-best-path.cc:99) For utterance M07UP01A0069I413, best cost 17.8372 + 2951.83 = 2969.66 over 298 frames.
M07UP01A0069I413 yuupii 
LOG (lattice-best-path:main():lattice-best-path.cc:99) For utterance M07UP01A0160I420, best cost 16.754 + 2912.78 = 2929.54 over 298 frames.
M07UP01A0160I420 uttarpradesh 
LOG (lattice-best-path:main():lattice-best-path.cc:99) For utterance M07UP01A0160I430, best cost 16.1897 + 3004.85 = 3021.04 over 298 frames.
M07UP01A0160I430 eempii 
LOG (lattice-best-path:main():lattice-best-path.cc:99) For utterance M07UP01A0160I47, best cost 10.889 + 3079.94 = 3090.82 over 298 frames.
M07UP01A0160I47 yuupii 
LOG (lattice-best-path:main():lattice-best-path.cc:99) For utterance M07UP02A0321I47, best cost 18.2793 + 2869.05 = 2887.33 over 300 frames.
M07UP02A0321I47 madhyapradesh 
LOG (lattice-best-path:main():lattice-best-path.cc:99) For utterance M07UP02A0323I300, best cost 12.1281 + 4660.42 = 4672.55 over 498 frames.
M07UP02A0323I300 eempii 
LOG (lattice-best-path:main():lattice-best-path.cc:99) For utterance M07UP02A0325I43, best cost 13.8581 + 3113.74 = 3127.59 over 298 frames.
M07UP02A0325I43 eempii 
LOG (lattice-best-path:main():lattice-best-path.cc:99) For utterance M07UP02A0329I43, best cost 17.4282 + 2731.56 = 2748.99 over 298 frames.
M07UP02A0329I43 madhyapradesh 
LOG (lattice-best-path:main():lattice-best-path.cc:99) For utterance M07UP02A0330I303, best cost 19.2332 + 4196.1 = 4215.33 over 498 frames.
M07UP02A0330I303 madhyapradesh 
LOG (lattice-best-path:main():lattice-best-path.cc:99) For utterance M07UP02A0333I45, best cost 20.094 + 2898.79 = 2918.89 over 298 frames.
M07UP02A0333I45 yuupii 
LOG (lattice-best-path:main():lattice-best-path.cc:99) For utterance M07UP02A0335I301, best cost 15.2243 + 5046.22 = 5061.44 over 498 frames.
M07UP02A0335I301 yuupii 
LOG (lattice-best-path:main():lattice-best-path.cc:99) For utterance M07UP02A0336I44, best cost 16.1605 + 2866.32 = 2882.48 over 290 frames.
M07UP02A0336I44 uttarpradesh 
LOG (lattice-best-path:main():lattice-best-path.cc:99) For utterance M07UP02A0337I41, best cost 20.5992 + 3167.2 = 3187.8 over 298 frames.
M07UP02A0337I41 eempii 
LOG (lattice-best-path:main():lattice-best-path.cc:99) For utterance M07UP02A0337I44, best cost 15.1788 + 2757.22 = 2772.4 over 298 frames.
M07UP02A0337I44 eempii 
LOG (lattice-best-path:main():lattice-best-path.cc:99) For utterance M07UP04A1227I45, best cost 16.2068 + 3071.28 = 3087.49 over 298 frames.
M07UP04A1227I45 yuupii 
LOG (lattice-best-path:main():lattice-best-path.cc:99) For utterance M07UP04A1230I303, best cost 40.472 + 4901.2 = 4941.67 over 498 frames.
M07UP04A1230I303 eempii 
LOG (lattice-best-path:main():lattice-best-path.cc:99) For utterance M07UP04A1235I41, best cost 13.368 + 3113.74 = 3127.11 over 298 frames.
M07UP04A1235I41 madhyapradesh 
LOG (lattice-best-path:main():lattice-best-path.cc:99) For utterance M07UP04A1235I46, best cost 17.4295 + 2708.67 = 2726.1 over 298 frames.
M07UP04A1235I46 madhyapradesh 
LOG (lattice-best-path:main():lattice-best-path.cc:99) For utterance M07UP04A1236I303, best cost 32.0005 + 4882.71 = 4914.71 over 498 frames.
M07UP04A1236I303 uttarpradesh 
LOG (lattice-best-path:main():lattice-best-path.cc:99) For utterance M07UP04A1239I301, best cost 24.969 + 4488.05 = 4513.02 over 498 frames.
M07UP04A1239I301 uttarpradesh 
LOG (lattice-best-path:main():lattice-best-path.cc:99) For utterance M07UP04A1242I410, best cost 19.9062 + 2966.18 = 2986.09 over 298 frames.
M07UP04A1242I410 uttarpradesh 
LOG (lattice-best-path:main():lattice-best-path.cc:99) For utterance M07UP04A1243I300, best cost 29.0741 + 5209.4 = 5238.47 over 498 frames.
M07UP04A1243I300 madhyapradesh 
LOG (lattice-best-path:main():lattice-best-path.cc:99) For utterance M07UP04A1243I435, best cost 18.7917 + 2892.1 = 2910.9 over 300 frames.
M07UP04A1243I435 uttarpradesh 
LOG (lattice-best-path:main():lattice-best-path.cc:99) For utterance M07UP04A1244I44, best cost 14.7318 + 3354.48 = 3369.21 over 298 frames.
M07UP04A1244I44 yuupii 
LOG (lattice-best-path:main():lattice-best-path.cc:99) For utterance M07UP04A1245I48, best cost 21.9891 + 3233.44 = 3255.43 over 298 frames.
M07UP04A1245I48 uttarpradesh 
LOG (lattice-best-path:main():lattice-best-path.cc:99) For utterance M07UP05A0903I43, best cost 19.4372 + 2823.95 = 2843.39 over 298 frames.
M07UP05A0903I43 yuupii 
LOG (lattice-best-path:main():lattice-best-path.cc:99) For utterance M07UP05A0910I300, best cost 25.5331 + 4378.92 = 4404.45 over 498 frames.
M07UP05A0910I300 eempii 
LOG (lattice-best-path:main():lattice-best-path.cc:99) For utterance M07UP05A0911I42, best cost 14.0368 + 3025.38 = 3039.42 over 298 frames.
M07UP05A0911I42 uttarpradesh 
LOG (lattice-best-path:main():lattice-best-path.cc:99) For utterance M07UP05A0914I300, best cost 20.2446 + 4423.6 = 4443.85 over 498 frames.
M07UP05A0914I300 eempii 
LOG (lattice-best-path:main():lattice-best-path.cc:99) For utterance M07UP05A0914I302, best cost 32.4947 + 4615.18 = 4647.68 over 498 frames.
M07UP05A0914I302 uttarpradesh 
LOG (lattice-best-path:main():lattice-best-path.cc:99) For utterance M07UP05A0915I301, best cost 16.5831 + 4491.06 = 4507.64 over 498 frames.
M07UP05A0915I301 uttarpradesh 
LOG (lattice-best-path:main():lattice-best-path.cc:99) For utterance M07UP05A0916I43, best cost 24.8423 + 2916.6 = 2941.44 over 298 frames.
M07UP05A0916I43 madhyapradesh 
LOG (lattice-best-path:main():lattice-best-path.cc:99) For utterance M07UP05A0920I411, best cost 17.1099 + 2872.66 = 2889.77 over 298 frames.
M07UP05A0920I411 uttarpradesh 
LOG (lattice-best-path:main():lattice-best-path.cc:99) For utterance M07UP06A0427I301, best cost 16.6188 + 4073.68 = 4090.3 over 498 frames.
M07UP06A0427I301 uttarpradesh 
LOG (lattice-best-path:main():lattice-best-path.cc:99) For utterance M07UP06A0428I41, best cost 12.9785 + 3067.81 = 3080.79 over 298 frames.
M07UP06A0428I41 eempii 
LOG (lattice-best-path:main():lattice-best-path.cc:99) For utterance M07UP06A0429I411, best cost 14.0115 + 2754.15 = 2768.16 over 298 frames.
M07UP06A0429I411 uttarpradesh 
LOG (lattice-best-path:main():lattice-best-path.cc:99) For utterance M07UP06A0433I301, best cost 25.5879 + 4497.93 = 4523.52 over 498 frames.
M07UP06A0433I301 madhyapradesh 
LOG (lattice-best-path:main():lattice-best-path.cc:99) For utterance M07UP06A0433I40, best cost 20.2756 + 2917.74 = 2938.02 over 298 frames.
M07UP06A0433I40 uttarpradesh 
LOG (lattice-best-path:main():lattice-best-path.cc:99) For utterance M07UP06A0433I41, best cost 20.9793 + 3084.73 = 3105.71 over 298 frames.
M07UP06A0433I41 eempii 
LOG (lattice-best-path:main():lattice-best-path.cc:99) For utterance M07UP06A0437I42, best cost 13.5899 + 2701.14 = 2714.73 over 298 frames.
M07UP06A0437I42 uttarpradesh 
LOG (lattice-best-path:main():lattice-best-path.cc:99) For utterance M07UP06A0438I41, best cost 15.2157 + 2755.81 = 2771.02 over 298 frames.
M07UP06A0438I41 eempii 
LOG (lattice-best-path:main():lattice-best-path.cc:99) For utterance M07UP06A0442I41, best cost 13.1495 + 3102.74 = 3115.89 over 298 frames.
M07UP06A0442I41 yuupii 
LOG (lattice-best-path:main():lattice-best-path.cc:99) For utterance M07UP06A0442I42, best cost 16.6672 + 2945.83 = 2962.5 over 300 frames.
M07UP06A0442I42 madhyapradesh 
LOG (lattice-best-path:main():lattice-best-path.cc:99) For utterance M07UP06A0444I43, best cost 19.6062 + 2656.82 = 2676.43 over 298 frames.
M07UP06A0444I43 eempii 
LOG (lattice-best-path:main():lattice-best-path.cc:99) For utterance M07UP06A0445I301, best cost 21.0385 + 4844.63 = 4865.67 over 490 frames.
M07UP06A0445I301 eempii 
LOG (lattice-best-path:main():lattice-best-path.cc:99) For utterance M07UP06A0447I41, best cost 16.6342 + 2733.71 = 2750.34 over 298 frames.
M07UP06A0447I41 eempii 
LOG (lattice-best-path:main():lattice-best-path.cc:99) For utterance M07UP07A0134I42, best cost 17.3775 + 2717.89 = 2735.27 over 298 frames.
M07UP07A0134I42 uttarpradesh 
LOG (lattice-best-path:main():lattice-best-path.cc:99) For utterance M07UP07A0134I436, best cost 16.8323 + 2978.91 = 2995.74 over 298 frames.
M07UP07A0134I436 uttarpradesh 
LOG (lattice-best-path:main():lattice-best-path.cc:99) For utterance M07UP07A0136I410, best cost 12.9224 + 3139.21 = 3152.14 over 298 frames.
M07UP07A0136I410 yuupii 
LOG (lattice-best-path:main():lattice-best-path.cc:99) For utterance M07UP07A0136I438, best cost 21.4162 + 3037.73 = 3059.15 over 298 frames.
M07UP07A0136I438 yuupii 
LOG (lattice-best-path:main():lattice-best-path.cc:99) For utterance M07UP07A0138I414, best cost 9.3426 + 2553.37 = 2562.71 over 298 frames.
M07UP07A0138I414 uttarpradesh 
LOG (lattice-best-path:main():lattice-best-path.cc:99) For utterance M07UP07A0139I42, best cost 12.0607 + 2946.87 = 2958.93 over 298 frames.
M07UP07A0139I42 eempii 
LOG (lattice-best-path:main():lattice-best-path.cc:99) For utterance M07UP07A0142I43, best cost 15.087 + 3160.65 = 3175.74 over 298 frames.
M07UP07A0142I43 eempii 
LOG (lattice-best-path:main():lattice-best-path.cc:99) For utterance M07UP07A0143I45, best cost 14.0246 + 2991.8 = 3005.83 over 298 frames.
M07UP07A0143I45 uttarpradesh 
LOG (lattice-best-path:main():lattice-best-path.cc:99) For utterance M07UP07A0145I436, best cost 12.5047 + 2708.53 = 2721.04 over 298 frames.
M07UP07A0145I436 yuupii 
LOG (lattice-best-path:main():lattice-best-path.cc:99) For utterance M07UP09A0483I300, best cost 12.1632 + 4368.67 = 4380.83 over 498 frames.
M07UP09A0483I300 yuupii 
LOG (lattice-best-path:main():lattice-best-path.cc:99) For utterance M07UP09A0485I43, best cost 20.9574 + 2943.94 = 2964.89 over 298 frames.
M07UP09A0485I43 eempii 
LOG (lattice-best-path:main():lattice-best-path.cc:99) For utterance M07UP09A0488I43, best cost 15.2494 + 3154.93 = 3170.18 over 298 frames.
M07UP09A0488I43 yuupii 
LOG (lattice-best-path:main():lattice-best-path.cc:99) For utterance M07UP09A0489I300, best cost 19.4404 + 4573.03 = 4592.48 over 498 frames.
M07UP09A0489I300 yuupii 
LOG (lattice-best-path:main():lattice-best-path.cc:99) For utterance M07UP09A0490I301, best cost 13.6048 + 4387.81 = 4401.42 over 498 frames.
M07UP09A0490I301 yuupii 
LOG (lattice-best-path:main():lattice-best-path.cc:99) For utterance M07UP09A0494I300, best cost 18.431 + 4583.03 = 4601.46 over 498 frames.
M07UP09A0494I300 uttarpradesh 
LOG (lattice-best-path:main():lattice-best-path.cc:99) For utterance M07UP09A0495I301, best cost 19.7484 + 4502.38 = 4522.13 over 498 frames.
M07UP09A0495I301 eempii 
LOG (lattice-best-path:main():lattice-best-path.cc:99) For utterance M07UP09A0495I41, best cost 19.9959 + 2969.38 = 2989.38 over 298 frames.
M07UP09A0495I41 madhyapradesh 
LOG (lattice-best-path:main():lattice-best-path.cc:99) For utterance M07UP09A0496I303, best cost 19.3645 + 4366.61 = 4385.98 over 498 frames.
M07UP09A0496I303 uttarpradesh 
LOG (lattice-best-path:main():lattice-best-path.cc:99) For utterance M07UP09A0499I43, best cost 13.9138 + 2560.21 = 2574.12 over 298 frames.
M07UP09A0499I43 eempii 
LOG (lattice-best-path:main():lattice-best-path.cc:99) For utterance M07UP09A0500I42, best cost 22.228 + 3095.39 = 3117.62 over 298 frames.
M07UP09A0500I42 yuupii 
LOG (lattice-best-path:main():lattice-best-path.cc:99) For utterance M07UP09A0500I44, best cost 17.2706 + 2812.53 = 2829.8 over 298 frames.
M07UP09A0500I44 yuupii 
LOG (lattice-best-path:main():lattice-best-path.cc:99) For utterance M07UP09A0503I301, best cost 14.9199 + 4772.78 = 4787.7 over 498 frames.
M07UP09A0503I301 eempii 
LOG (lattice-best-path:main():lattice-best-path.cc:99) For utterance M07UP09A0505I300, best cost 24.2991 + 5151.66 = 5175.96 over 498 frames.
M07UP09A0505I300 uttarpradesh 
LOG (lattice-best-path:main():lattice-best-path.cc:99) For utterance M07UP09A0505I504, best cost 18.3438 + 2946.1 = 2964.45 over 298 frames.
M07UP09A0505I504 eempii 
LOG (lattice-best-path:main():lattice-best-path.cc:99) For utterance M07UP11A1317I41, best cost 14.5496 + 2698.99 = 2713.54 over 298 frames.
M07UP11A1317I41 yuupii 
LOG (lattice-best-path:main():lattice-best-path.cc:99) For utterance M07UP11A1319I300, best cost 31.0713 + 4508.81 = 4539.88 over 498 frames.
M07UP11A1319I300 madhyapradesh 
LOG (lattice-best-path:main():lattice-best-path.cc:99) For utterance M07UP11A1328I301, best cost 29.8061 + 4474.94 = 4504.75 over 498 frames.
M07UP11A1328I301 madhyapradesh 
LOG (lattice-best-path:main():lattice-best-path.cc:99) For utterance M07UP11A1337I301, best cost 20.8449 + 4529.79 = 4550.63 over 498 frames.
M07UP11A1337I301 yuupii 
LOG (lattice-best-path:main():lattice-best-path.cc:99) For utterance M07UP11A1349I303, best cost 22.4047 + 5047.84 = 5070.25 over 498 frames.
M07UP11A1349I303 yuupii 
LOG (lattice-best-path:main():lattice-best-path.cc:99) For utterance M07UP11A1351I302, best cost 26.5402 + 4685.8 = 4712.34 over 498 frames.
M07UP11A1351I302 madhyapradesh 
LOG (lattice-best-path:main():lattice-best-path.cc:99) For utterance M07UP11A1352I427, best cost 14.2357 + 2769.76 = 2783.99 over 298 frames.
M07UP11A1352I427 eempii 
LOG (lattice-best-path:main():lattice-best-path.cc:99) For utterance M07UP11A1352I429, best cost 13.9235 + 2756.15 = 2770.07 over 298 frames.
M07UP11A1352I429 uttarpradesh 
LOG (lattice-best-path:main():lattice-best-path.cc:99) For utterance M07UP13A0882I300, best cost 18.9021 + 5015.58 = 5034.49 over 498 frames.
M07UP13A0882I300 eempii 
LOG (lattice-best-path:main():lattice-best-path.cc:99) For utterance M07UP13A0882I301, best cost 18.6501 + 5144.03 = 5162.68 over 498 frames.
M07UP13A0882I301 yuupii 
LOG (lattice-best-path:main():lattice-best-path.cc:99) For utterance M07UP13A0884I303, best cost 21.1799 + 5115.03 = 5136.21 over 498 frames.
M07UP13A0884I303 uttarpradesh 
LOG (lattice-best-path:main():lattice-best-path.cc:99) For utterance M07UP13A0888I41, best cost 14.0322 + 2944.48 = 2958.51 over 298 frames.
M07UP13A0888I41 eempii 
LOG (lattice-best-path:main():lattice-best-path.cc:99) For utterance M07UP13A0889I41, best cost 19.0381 + 3271.65 = 3290.68 over 298 frames.
M07UP13A0889I41 eempii 
LOG (lattice-best-path:main():lattice-best-path.cc:99) For utterance M07UP13A0890I43, best cost 14.7733 + 3307.55 = 3322.32 over 298 frames.
M07UP13A0890I43 yuupii 
LOG (lattice-best-path:main():lattice-best-path.cc:99) For utterance M07UP13A0897I302, best cost 30.9366 + 4876.41 = 4907.34 over 498 frames.
M07UP13A0897I302 uttarpradesh 
LOG (lattice-best-path:main():lattice-best-path.cc:99) For utterance M07UP13A0897I41, best cost 17.0412 + 2848.55 = 2865.59 over 298 frames.
M07UP13A0897I41 madhyapradesh 
LOG (lattice-best-path:main():lattice-best-path.cc:99) For utterance M07UP13A0898I303, best cost 23.0876 + 5022.74 = 5045.83 over 498 frames.
M07UP13A0898I303 eempii 
LOG (lattice-best-path:main():lattice-best-path.cc:99) For utterance M07UP13A0900I436, best cost 11.6518 + 2910.1 = 2921.75 over 298 frames.
M07UP13A0900I436 yuupii 
LOG (lattice-best-path:main():lattice-best-path.cc:99) For utterance M07UP14A0572I301, best cost 21.1479 + 4451.65 = 4472.8 over 498 frames.
M07UP14A0572I301 madhyapradesh 
LOG (lattice-best-path:main():lattice-best-path.cc:99) For utterance M07UP14A0576I41, best cost 19.8635 + 3000.39 = 3020.25 over 298 frames.
M07UP14A0576I41 eempii 
LOG (lattice-best-path:main():lattice-best-path.cc:99) For utterance M07UP14A0583I300, best cost 23.3466 + 5045.8 = 5069.15 over 498 frames.
M07UP14A0583I300 eempii 
LOG (lattice-best-path:main():lattice-best-path.cc:99) For utterance M07UP14A0588I41, best cost 19.5944 + 2986.36 = 3005.95 over 300 frames.
M07UP14A0588I41 madhyapradesh 
LOG (lattice-best-path:main():lattice-best-path.cc:99) For utterance M07UP14A0590I300, best cost 20.7019 + 4648.48 = 4669.18 over 498 frames.
M07UP14A0590I300 eempii 
LOG (lattice-best-path:main():lattice-best-path.cc:99) For utterance M07UP14A0590I43, best cost 20.8622 + 2968.28 = 2989.14 over 298 frames.
M07UP14A0590I43 uttarpradesh 
LOG (lattice-best-path:main():lattice-best-path.cc:99) For utterance M07UP14A0591I302, best cost 16.0162 + 4492.73 = 4508.75 over 498 frames.
M07UP14A0591I302 madhyapradesh 
LOG (lattice-best-path:main():lattice-best-path.cc:99) For utterance M07UP14A0591I303, best cost 12.8686 + 5070.07 = 5082.94 over 498 frames.
M07UP14A0591I303 yuupii 
LOG (lattice-best-path:main():lattice-best-path.cc:99) For utterance M07UP18A0362I47, best cost 18.4334 + 2910.51 = 2928.94 over 298 frames.
M07UP18A0362I47 madhyapradesh 
LOG (lattice-best-path:main():lattice-best-path.cc:99) For utterance M07UP18A0363I300, best cost 21.8851 + 4602.7 = 4624.59 over 498 frames.
M07UP18A0363I300 eempii 
LOG (lattice-best-path:main():lattice-best-path.cc:99) For utterance M07UP18A0363I302, best cost 21.5803 + 4456.54 = 4478.12 over 498 frames.
M07UP18A0363I302 eempii 
LOG (lattice-best-path:main():lattice-best-path.cc:99) For utterance M07UP18A0365I42, best cost 15.7921 + 2802.53 = 2818.32 over 298 frames.
M07UP18A0365I42 eempii 
LOG (lattice-best-path:main():lattice-best-path.cc:99) For utterance M07UP18A0366I41, best cost 17.8628 + 2931.24 = 2949.11 over 298 frames.
M07UP18A0366I41 eempii 
LOG (lattice-best-path:main():lattice-best-path.cc:99) For utterance M07UP18A0367I43, best cost 14.2215 + 2946.76 = 2960.98 over 298 frames.
M07UP18A0367I43 uttarpradesh 
LOG (lattice-best-path:main():lattice-best-path.cc:99) For utterance M07UP18A0368I301, best cost 28.1889 + 4943.93 = 4972.12 over 498 frames.
M07UP18A0368I301 madhyapradesh 
LOG (lattice-best-path:main():lattice-best-path.cc:99) For utterance M07UP18A0368I49, best cost 13.6922 + 2982.98 = 2996.67 over 298 frames.
M07UP18A0368I49 yuupii 
LOG (lattice-best-path:main():lattice-best-path.cc:99) For utterance M07UP18A0369I48, best cost 21.0711 + 3253.32 = 3274.39 over 298 frames.
M07UP18A0369I48 eempii 
LOG (lattice-best-path:main():lattice-best-path.cc:99) For utterance M07UP18A0371I300, best cost 20.2365 + 5181.06 = 5201.3 over 498 frames.
M07UP18A0371I300 yuupii 
LOG (lattice-best-path:main():lattice-best-path.cc:99) For utterance M07UP18A0374I300, best cost 20.6472 + 5528.16 = 5548.81 over 498 frames.
M07UP18A0374I300 eempii 
LOG (lattice-best-path:main():lattice-best-path.cc:99) For utterance M07UP18A0374I48, best cost 18.037 + 3184.26 = 3202.29 over 298 frames.
M07UP18A0374I48 madhyapradesh 
LOG (lattice-best-path:main():lattice-best-path.cc:99) For utterance M07UP18A0375I45, best cost 16.2331 + 3142.68 = 3158.91 over 298 frames.
M07UP18A0375I45 eempii 
LOG (lattice-best-path:main():lattice-best-path.cc:99) For utterance M07UP18A0376I43, best cost 13.7917 + 2778.52 = 2792.31 over 298 frames.
M07UP18A0376I43 eempii 
LOG (lattice-best-path:main():lattice-best-path.cc:99) For utterance M07UP18A0376I49, best cost 17.3086 + 2807.61 = 2824.92 over 298 frames.
M07UP18A0376I49 uttarpradesh 
LOG (lattice-best-path:main():lattice-best-path.cc:99) For utterance M07UP18A0378I302, best cost 25.5027 + 5484.03 = 5509.53 over 498 frames.
M07UP18A0378I302 eempii 
LOG (lattice-best-path:main():lattice-best-path.cc:99) For utterance M07UP18A0380I300, best cost 22.2975 + 4981.94 = 5004.24 over 498 frames.
M07UP18A0380I300 madhyapradesh 
LOG (lattice-best-path:main():lattice-best-path.cc:99) For utterance M07UP19A0341I48, best cost 10.6666 + 2622 = 2632.66 over 298 frames.
M07UP19A0341I48 yuupii 
LOG (lattice-best-path:main():lattice-best-path.cc:99) For utterance M07UP19A0345I300, best cost 24.7901 + 5433.62 = 5458.41 over 490 frames.
M07UP19A0345I300 uttarpradesh 
LOG (lattice-best-path:main():lattice-best-path.cc:99) For utterance M07UP19A0345I45, best cost 17.5938 + 2817.56 = 2835.15 over 298 frames.
M07UP19A0345I45 uttarpradesh 
LOG (lattice-best-path:main():lattice-best-path.cc:99) For utterance M07UP19A0346I301, best cost 25.0817 + 5236.97 = 5262.05 over 498 frames.
M07UP19A0346I301 madhyapradesh 
LOG (lattice-best-path:main():lattice-best-path.cc:99) For utterance M07UP19A0348I301, best cost 31.0079 + 4639.87 = 4670.88 over 498 frames.
M07UP19A0348I301 eempii 
LOG (lattice-best-path:main():lattice-best-path.cc:99) For utterance M07UP19A0354I301, best cost 22.1103 + 5349.66 = 5371.77 over 498 frames.
M07UP19A0354I301 eempii 
LOG (lattice-best-path:main():lattice-best-path.cc:99) For utterance M07UP19A0354I303, best cost 24.7528 + 5201.22 = 5225.97 over 498 frames.
M07UP19A0354I303 eempii 
LOG (lattice-best-path:main():lattice-best-path.cc:99) For utterance M07UP19A0356I43, best cost 19.5288 + 2919.49 = 2939.01 over 298 frames.
M07UP19A0356I43 uttarpradesh 
LOG (lattice-best-path:main():lattice-best-path.cc:99) For utterance M07UP19A0357I300, best cost 19.319 + 4826.61 = 4845.93 over 498 frames.
M07UP19A0357I300 madhyapradesh 
LOG (lattice-best-path:main():lattice-best-path.cc:99) For utterance M07UP19A0358I303, best cost 24.5488 + 4587.58 = 4612.12 over 498 frames.
M07UP19A0358I303 madhyapradesh 
LOG (lattice-best-path:main():lattice-best-path.cc:99) For utterance M07UP19A0359I40, best cost 12.427 + 2702.25 = 2714.67 over 298 frames.
M07UP19A0359I40 madhyapradesh 
LOG (lattice-best-path:main():lattice-best-path.cc:99) For utterance M07UP20A0734I300, best cost 25.4944 + 4783.57 = 4809.06 over 498 frames.
M07UP20A0734I300 yuupii 
LOG (lattice-best-path:main():lattice-best-path.cc:99) For utterance M07UP20A0739I44, best cost 19.7743 + 2761.18 = 2780.95 over 298 frames.
M07UP20A0739I44 uttarpradesh 
LOG (lattice-best-path:main():lattice-best-path.cc:99) For utterance M07UP20A0739I45, best cost 14.2353 + 2689.88 = 2704.11 over 300 frames.
M07UP20A0739I45 madhyapradesh 
LOG (lattice-best-path:main():lattice-best-path.cc:99) For utterance M07UP20A0740I302, best cost 21.3877 + 4638.06 = 4659.45 over 498 frames.
M07UP20A0740I302 eempii 
LOG (lattice-best-path:main():lattice-best-path.cc:99) For utterance M07UP20A0742I302, best cost 15.7124 + 4264.17 = 4279.89 over 498 frames.
M07UP20A0742I302 eempii 
LOG (lattice-best-path:main():lattice-best-path.cc:99) For utterance M07UP20A0750I40, best cost 23.0275 + 2936.21 = 2959.23 over 298 frames.
M07UP20A0750I40 eempii 
LOG (lattice-best-path:main():lattice-best-path.cc:99) For utterance M07UP20A0753I43, best cost 14.6175 + 3189.98 = 3204.6 over 298 frames.
M07UP20A0753I43 yuupii 
LOG (lattice-best-path:main():lattice-best-path.cc:99) For utterance M07UP21A0593I302, best cost 24.9698 + 5078.72 = 5103.69 over 498 frames.
M07UP21A0593I302 eempii 
LOG (lattice-best-path:main():lattice-best-path.cc:99) For utterance M07UP21A0598I41, best cost 23.1209 + 2843.01 = 2866.13 over 298 frames.
M07UP21A0598I41 yuupii 
LOG (lattice-best-path:main():lattice-best-path.cc:99) For utterance M07UP21A0600I300, best cost 28.3757 + 4938.1 = 4966.48 over 498 frames.
M07UP21A0600I300 yuupii 
LOG (lattice-best-path:main():lattice-best-path.cc:99) For utterance M07UP21A0600I42, best cost 23.8668 + 2837.54 = 2861.4 over 298 frames.
M07UP21A0600I42 eempii 
LOG (lattice-best-path:main():lattice-best-path.cc:99) For utterance M07UP21A0606I301, best cost 33.071 + 4964.93 = 4998 over 498 frames.
M07UP21A0606I301 uttarpradesh 
LOG (lattice-best-path:main():lattice-best-path.cc:99) For utterance M07UP21A0606I302, best cost 19.1603 + 5242.3 = 5261.46 over 498 frames.
M07UP21A0606I302 eempii 
LOG (lattice-best-path:main():lattice-best-path.cc:99) For utterance M07UP21A0607I301, best cost 28.2529 + 4737.77 = 4766.02 over 498 frames.
M07UP21A0607I301 yuupii 
LOG (lattice-best-path:main():lattice-best-path.cc:99) For utterance M07UP22A1323I47, best cost 10.0905 + 2528.49 = 2538.58 over 298 frames.
M07UP22A1323I47 eempii 
LOG (lattice-best-path:main():lattice-best-path.cc:99) For utterance M07UP22A1326I300, best cost 22.5597 + 4728.86 = 4751.42 over 498 frames.
M07UP22A1326I300 madhyapradesh 
LOG (lattice-best-path:main():lattice-best-path.cc:99) For utterance M07UP22A1342I301, best cost 23.3599 + 4411.04 = 4434.4 over 498 frames.
M07UP22A1342I301 eempii 
LOG (lattice-best-path:main():lattice-best-path.cc:99) For utterance M07UP22A1347I43, best cost 16.2509 + 3259.96 = 3276.21 over 298 frames.
M07UP22A1347I43 madhyapradesh 
LOG (lattice-best-path:main():lattice-best-path.cc:99) For utterance M07UP22A1347I47, best cost 16.2174 + 3165.93 = 3182.15 over 300 frames.
M07UP22A1347I47 yuupii 
LOG (lattice-best-path:main():lattice-best-path.cc:99) For utterance M07UP22A1355I301, best cost 20.0459 + 5071.02 = 5091.07 over 498 frames.
M07UP22A1355I301 eempii 
LOG (lattice-best-path:main():lattice-best-path.cc:99) For utterance M07UP22A1355I47, best cost 17.399 + 2860.39 = 2877.79 over 298 frames.
M07UP22A1355I47 eempii 
LOG (lattice-best-path:main():lattice-best-path.cc:99) For utterance M07UP22A1357I300, best cost 26.4099 + 4635.07 = 4661.48 over 498 frames.
M07UP22A1357I300 eempii 
LOG (lattice-best-path:main():lattice-best-path.cc:99) For utterance M07UP22A1357I45, best cost 14.0925 + 2761.25 = 2775.34 over 298 frames.
M07UP22A1357I45 uttarpradesh 
LOG (lattice-best-path:main():lattice-best-path.cc:99) For utterance M07UP22A1357I47, best cost 12.1998 + 2835.6 = 2847.8 over 298 frames.
M07UP22A1357I47 yuupii 
LOG (lattice-best-path:main():lattice-best-path.cc:99) For utterance M07UP23A0224I44, best cost 16.3725 + 3195.09 = 3211.47 over 298 frames.
M07UP23A0224I44 madhyapradesh 
LOG (lattice-best-path:main():lattice-best-path.cc:99) For utterance M07UP23A0233I43, best cost 12.6783 + 2657.31 = 2669.99 over 298 frames.
M07UP23A0233I43 eempii 
LOG (lattice-best-path:main():lattice-best-path.cc:99) For utterance M07UP23A0234I41, best cost 21.57 + 3222.79 = 3244.36 over 298 frames.
M07UP23A0234I41 uttarpradesh 
LOG (lattice-best-path:main():lattice-best-path.cc:99) For utterance M07UP23A0235I42, best cost 15.5185 + 3209.59 = 3225.11 over 298 frames.
M07UP23A0235I42 yuupii 
LOG (lattice-best-path:main():lattice-best-path.cc:99) For utterance M07UP23A0236I43, best cost 18.7165 + 2986.29 = 3005.01 over 298 frames.
M07UP23A0236I43 eempii 
LOG (lattice-best-path:main():lattice-best-path.cc:99) For utterance M07UP23A0239I40, best cost 12.5693 + 3121.73 = 3134.3 over 298 frames.
M07UP23A0239I40 eempii 
LOG (lattice-best-path:main():lattice-best-path.cc:99) For utterance M07UP23A0242I42, best cost 22.5532 + 3082.58 = 3105.13 over 298 frames.
M07UP23A0242I42 uttarpradesh 
LOG (lattice-best-path:main():lattice-best-path.cc:99) For utterance M07UP24A0171I300, best cost 22.8048 + 4873.69 = 4896.5 over 498 frames.
M07UP24A0171I300 eempii 
LOG (lattice-best-path:main():lattice-best-path.cc:99) For utterance M07UP24A0172I45, best cost 13.0772 + 3021.13 = 3034.21 over 298 frames.
M07UP24A0172I45 eempii 
LOG (lattice-best-path:main():lattice-best-path.cc:99) For utterance M07UP24A0172I49, best cost 12.9802 + 3078.5 = 3091.48 over 298 frames.
M07UP24A0172I49 eempii 
LOG (lattice-best-path:main():lattice-best-path.cc:99) For utterance M07UP24A0173I44, best cost 18.6343 + 2712.4 = 2731.03 over 298 frames.
M07UP24A0173I44 uttarpradesh 
LOG (lattice-best-path:main():lattice-best-path.cc:99) For utterance M07UP24A0173I46, best cost 11.4592 + 2590.94 = 2602.4 over 298 frames.
M07UP24A0173I46 eempii 
LOG (lattice-best-path:main():lattice-best-path.cc:99) For utterance M07UP24A0175I301, best cost 28.3041 + 4680.74 = 4709.05 over 498 frames.
M07UP24A0175I301 madhyapradesh 
LOG (lattice-best-path:main():lattice-best-path.cc:99) For utterance M07UP24A0177F606, best cost 25.2248 + 8972.71 = 8997.93 over 998 frames.
M07UP24A0177F606 eempii 
LOG (lattice-best-path:main():lattice-best-path.cc:99) For utterance M07UP24A0179I302, best cost 22.0981 + 4655.54 = 4677.64 over 498 frames.
M07UP24A0179I302 uttarpradesh 
LOG (lattice-best-path:main():lattice-best-path.cc:99) For utterance M07UP24A0181I301, best cost 22.0507 + 5299.28 = 5321.33 over 498 frames.
M07UP24A0181I301 yuupii 
LOG (lattice-best-path:main():lattice-best-path.cc:99) For utterance M07UP24A0181I42, best cost 14.4255 + 3070.01 = 3084.44 over 298 frames.
M07UP24A0181I42 uttarpradesh 
LOG (lattice-best-path:main():lattice-best-path.cc:99) For utterance M07UP24A0181I48, best cost 13.3188 + 2987.16 = 3000.48 over 298 frames.
M07UP24A0181I48 yuupii 
LOG (lattice-best-path:main():lattice-best-path.cc:99) For utterance M07UP24A0185I303, best cost 22.0734 + 4941.37 = 4963.45 over 498 frames.
M07UP24A0185I303 yuupii 
LOG (lattice-best-path:main():lattice-best-path.cc:99) For utterance M07UP24A0188I302, best cost 18.6952 + 4780.11 = 4798.81 over 498 frames.
M07UP24A0188I302 eempii 
LOG (lattice-best-path:main():lattice-best-path.cc:99) For utterance M07UP24A0191I300, best cost 18.2464 + 4504.17 = 4522.42 over 498 frames.
M07UP24A0191I300 eempii 
LOG (lattice-best-path:main():lattice-best-path.cc:99) For utterance M07UP25A1205I302, best cost 24.8376 + 5234.87 = 5259.71 over 498 frames.
M07UP25A1205I302 eempii 
LOG (lattice-best-path:main():lattice-best-path.cc:99) For utterance M07UP25A1205I43, best cost 16.0608 + 3114.89 = 3130.95 over 298 frames.
M07UP25A1205I43 eempii 
LOG (lattice-best-path:main():lattice-best-path.cc:99) For utterance M07UP25A1206I45, best cost 20.7344 + 3026.99 = 3047.72 over 298 frames.
M07UP25A1206I45 uttarpradesh 
LOG (lattice-best-path:main():lattice-best-path.cc:99) For utterance M07UP25A1209I41, best cost 20.6911 + 2962.61 = 2983.3 over 298 frames.
M07UP25A1209I41 uttarpradesh 
LOG (lattice-best-path:main():lattice-best-path.cc:99) For utterance M07UP25A1216I41, best cost 13.2258 + 3243.82 = 3257.05 over 298 frames.
M07UP25A1216I41 eempii 
LOG (lattice-best-path:main():lattice-best-path.cc:99) For utterance M07UP25A1220I300, best cost 35.8101 + 4843.92 = 4879.73 over 498 frames.
M07UP25A1220I300 eempii 
LOG (lattice-best-path:main():lattice-best-path.cc:99) For utterance M07UP25A1220I42, best cost 18.6482 + 2916.79 = 2935.44 over 298 frames.
M07UP25A1220I42 yuupii 
LOG (lattice-best-path:main():lattice-best-path.cc:99) For utterance M07UP25A1261I302, best cost 20.8319 + 5293.11 = 5313.94 over 500 frames.
M07UP25A1261I302 eempii 
LOG (lattice-best-path:main():lattice-best-path.cc:99) For utterance M07UP26A0214I42, best cost 12.1071 + 3267.35 = 3279.46 over 298 frames.
M07UP26A0214I42 yuupii 
LOG (lattice-best-path:main():lattice-best-path.cc:99) For utterance M07UP26A0255I48, best cost 19.4567 + 2919.37 = 2938.82 over 300 frames.
M07UP26A0255I48 madhyapradesh 
LOG (lattice-best-path:main():lattice-best-path.cc:99) For utterance M07UP26A0257I47, best cost 16.7379 + 2630.46 = 2647.2 over 298 frames.
M07UP26A0257I47 uttarpradesh 
LOG (lattice-best-path:main():lattice-best-path.cc:99) For utterance M07UP26A0258I414, best cost 21.2537 + 2804.98 = 2826.23 over 298 frames.
M07UP26A0258I414 yuupii 
LOG (lattice-best-path:main():lattice-best-path.cc:99) For utterance M07UP26A0261I47, best cost 13.0614 + 2864.86 = 2877.92 over 298 frames.
M07UP26A0261I47 yuupii 
LOG (lattice-best-path:main():lattice-best-path.cc:99) For utterance M07UP26A0262I41, best cost 11.3366 + 3141.24 = 3152.57 over 298 frames.
M07UP26A0262I41 yuupii 
LOG (lattice-best-path:main():lattice-best-path.cc:99) For utterance M07UP26A0263I43, best cost 17.9264 + 2717.54 = 2735.47 over 298 frames.
M07UP26A0263I43 eempii 
LOG (lattice-best-path:main():lattice-best-path.cc:99) For utterance M07UP26A0267I44, best cost 13.4628 + 2848.49 = 2861.95 over 298 frames.
M07UP26A0267I44 uttarpradesh 
LOG (lattice-best-path:main():lattice-best-path.cc:99) For utterance M07UP26A0269I47, best cost 16.2819 + 3139.15 = 3155.43 over 298 frames.
M07UP26A0269I47 madhyapradesh 
LOG (lattice-best-path:main():lattice-best-path.cc:99) For utterance M07UP26A0270I42, best cost 18.6695 + 3041.35 = 3060.02 over 298 frames.
M07UP26A0270I42 eempii 
LOG (lattice-best-path:main():lattice-best-path.cc:99) For utterance M07UP26A0272I44, best cost 10.4491 + 2517.06 = 2527.51 over 298 frames.
M07UP26A0272I44 eempii 
LOG (lattice-best-path:main():lattice-best-path.cc:99) For utterance M07UP27A0641I438, best cost 14.0397 + 2842.3 = 2856.34 over 298 frames.
M07UP27A0641I438 eempii 
LOG (lattice-best-path:main():lattice-best-path.cc:99) For utterance M07UP27A0647I41, best cost 15.2788 + 2852.5 = 2867.78 over 298 frames.
M07UP27A0647I41 madhyapradesh 
LOG (lattice-best-path:main():lattice-best-path.cc:99) For utterance M07UP27A0647I43, best cost 17.187 + 2889.2 = 2906.39 over 298 frames.
M07UP27A0647I43 eempii 
LOG (lattice-best-path:main():lattice-best-path.cc:99) For utterance M07UP27A0657I303, best cost 20.9666 + 4883.87 = 4904.84 over 498 frames.
M07UP27A0657I303 eempii 
LOG (lattice-best-path:main():lattice-best-path.cc:99) For utterance M07UP28A0216I301, best cost 14.8678 + 5026.14 = 5041.01 over 498 frames.
M07UP28A0216I301 yuupii 
LOG (lattice-best-path:main():lattice-best-path.cc:99) For utterance M07UP28A0218I300, best cost 27.6155 + 4782.4 = 4810.02 over 498 frames.
M07UP28A0218I300 yuupii 
LOG (lattice-best-path:main():lattice-best-path.cc:99) For utterance M07UP28A0219I40, best cost 15.5255 + 2899.65 = 2915.18 over 298 frames.
M07UP28A0219I40 eempii 
LOG (lattice-best-path:main():lattice-best-path.cc:99) For utterance M07UP28A0219I505, best cost 14.5305 + 2882.17 = 2896.7 over 300 frames.
M07UP28A0219I505 yuupii 
LOG (lattice-best-path:main():lattice-best-path.cc:99) For utterance M07UP28A0225I302, best cost 13.1171 + 5072.7 = 5085.82 over 498 frames.
M07UP28A0225I302 eempii 
LOG (lattice-best-path:main():lattice-best-path.cc:99) For utterance M07UP28A0225I40, best cost 22.3978 + 2855.03 = 2877.43 over 298 frames.
M07UP28A0225I40 yuupii 
LOG (lattice-best-path:main():lattice-best-path.cc:99) For utterance M07UP28A0225I41, best cost 13.2524 + 3377.64 = 3390.89 over 298 frames.
M07UP28A0225I41 yuupii 
LOG (lattice-best-path:main():lattice-best-path.cc:99) For utterance M07UP29A0506I301, best cost 22.6509 + 4522.96 = 4545.61 over 498 frames.
M07UP29A0506I301 madhyapradesh 
LOG (lattice-best-path:main():lattice-best-path.cc:99) For utterance M07UP29A0509I42, best cost 22.5116 + 2958.34 = 2980.85 over 298 frames.
M07UP29A0509I42 eempii 
LOG (lattice-best-path:main():lattice-best-path.cc:99) For utterance M07UP29A0509I45, best cost 14.8945 + 2899.55 = 2914.45 over 298 frames.
M07UP29A0509I45 uttarpradesh 
LOG (lattice-best-path:main():lattice-best-path.cc:99) For utterance M07UP29A0510I303, best cost 21.1717 + 4680.77 = 4701.94 over 500 frames.
M07UP29A0510I303 uttarpradesh 
LOG (lattice-best-path:main():lattice-best-path.cc:99) For utterance M07UP29A0510I44, best cost 15.0323 + 2682.5 = 2697.53 over 298 frames.
M07UP29A0510I44 madhyapradesh 
LOG (lattice-best-path:main():lattice-best-path.cc:99) For utterance M07UP29A0511I301, best cost 17.719 + 4847.35 = 4865.06 over 498 frames.
M07UP29A0511I301 uttarpradesh 
LOG (lattice-best-path:main():lattice-best-path.cc:99) For utterance M07UP29A0511I42, best cost 17.844 + 3077.79 = 3095.64 over 298 frames.
M07UP29A0511I42 uttarpradesh 
LOG (lattice-best-path:main():lattice-best-path.cc:99) For utterance M07UP29A0513I44, best cost 13.3677 + 2831.01 = 2844.37 over 298 frames.
M07UP29A0513I44 uttarpradesh 
LOG (lattice-best-path:main():lattice-best-path.cc:99) For utterance M07UP29A0514I41, best cost 14.645 + 2959.57 = 2974.22 over 298 frames.
M07UP29A0514I41 madhyapradesh 
LOG (lattice-best-path:main():lattice-best-path.cc:99) For utterance M07UP29A0516I41, best cost 13.7045 + 3171.86 = 3185.56 over 298 frames.
M07UP29A0516I41 eempii 
LOG (lattice-best-path:main():lattice-best-path.cc:99) For utterance M07UP29A0517I303, best cost 18.2882 + 4825.84 = 4844.13 over 498 frames.
M07UP29A0517I303 eempii 
LOG (lattice-best-path:main():lattice-best-path.cc:99) For utterance M07UP29A0520I42, best cost 16.7126 + 2731.29 = 2748.01 over 298 frames.
M07UP29A0520I42 eempii 
LOG (lattice-best-path:main():lattice-best-path.cc:99) For utterance M07UP29A0520I45, best cost 19.9657 + 3004.01 = 3023.98 over 298 frames.
M07UP29A0520I45 eempii 
LOG (lattice-best-path:main():lattice-best-path.cc:99) For utterance M07UP29A0521I303, best cost 24.6189 + 4677.47 = 4702.09 over 498 frames.
M07UP29A0521I303 madhyapradesh 
LOG (lattice-best-path:main():lattice-best-path.cc:99) For utterance M07UP29A0521I47, best cost 16.0806 + 2748.92 = 2765 over 298 frames.
M07UP29A0521I47 uttarpradesh 
LOG (lattice-best-path:main():lattice-best-path.cc:99) For utterance M07UP31A1290I43, best cost 12.8615 + 2840.46 = 2853.32 over 298 frames.
M07UP31A1290I43 eempii 
LOG (lattice-best-path:main():lattice-best-path.cc:99) For utterance M07UP31A1291I42, best cost 20.8282 + 2910.78 = 2931.61 over 298 frames.
M07UP31A1291I42 madhyapradesh 
LOG (lattice-best-path:main():lattice-best-path.cc:99) For utterance M07UP31A1292I301, best cost 22.9875 + 4724.68 = 4747.66 over 498 frames.
M07UP31A1292I301 uttarpradesh 
LOG (lattice-best-path:main():lattice-best-path.cc:99) For utterance M07UP31A1294I302, best cost 31.8808 + 4606.12 = 4638 over 498 frames.
M07UP31A1294I302 eempii 
LOG (lattice-best-path:main():lattice-best-path.cc:99) For utterance M07UP31A1294I43, best cost 20.0448 + 2959.14 = 2979.19 over 298 frames.
M07UP31A1294I43 eempii 
LOG (lattice-best-path:main():lattice-best-path.cc:99) For utterance M07UP31A1296I500, best cost 22.3962 + 4275.73 = 4298.13 over 498 frames.
M07UP31A1296I500 yuupii 
LOG (lattice-best-path:main():lattice-best-path.cc:99) For utterance M07UP31A1300I300, best cost 24.7425 + 5368.66 = 5393.4 over 498 frames.
M07UP31A1300I300 yuupii 
LOG (lattice-best-path:main():lattice-best-path.cc:99) For utterance M07UP31A1302I301, best cost 30.0694 + 4744.95 = 4775.02 over 498 frames.
M07UP31A1302I301 madhyapradesh 
LOG (lattice-best-path:main():lattice-best-path.cc:99) For utterance M07UP31A1306I302, best cost 32.3435 + 4836.49 = 4868.83 over 498 frames.
M07UP31A1306I302 eempii 
LOG (lattice-best-path:main():lattice-best-path.cc:99) For utterance M07UP31A1306I303, best cost 21.8576 + 5469.25 = 5491.11 over 498 frames.
M07UP31A1306I303 eempii 
LOG (lattice-best-path:main():lattice-best-path.cc:99) For utterance M07UP31A1306I43, best cost 14.2489 + 2684.53 = 2698.78 over 298 frames.
M07UP31A1306I43 uttarpradesh 
LOG (lattice-best-path:main():lattice-best-path.cc:99) For utterance M07UP31A1307I430, best cost 26.0661 + 2907.92 = 2933.98 over 298 frames.
M07UP31A1307I430 madhyapradesh 
LOG (lattice-best-path:main():lattice-best-path.cc:99) For utterance M07UP31A1308I435, best cost 19.2625 + 2904.96 = 2924.22 over 298 frames.
M07UP31A1308I435 madhyapradesh 
LOG (lattice-best-path:main():lattice-best-path.cc:99) For utterance M07UP31A1309I44, best cost 15.1723 + 3243.04 = 3258.21 over 298 frames.
M07UP31A1309I44 eempii 
LOG (lattice-best-path:main():lattice-best-path.cc:99) For utterance M07UP31A1310I45, best cost 20.8365 + 3105.01 = 3125.85 over 298 frames.
M07UP31A1310I45 uttarpradesh 
LOG (lattice-best-path:main():lattice-best-path.cc:99) For utterance M07UP34A0551I43, best cost 12.8522 + 3111.4 = 3124.25 over 300 frames.
M07UP34A0551I43 eempii 
LOG (lattice-best-path:main():lattice-best-path.cc:99) For utterance M07UP34A0554I301, best cost 17.8526 + 4692.53 = 4710.39 over 498 frames.
M07UP34A0554I301 yuupii 
LOG (lattice-best-path:main():lattice-best-path.cc:99) For utterance M07UP34A0555I300, best cost 23.0542 + 5349.54 = 5372.59 over 498 frames.
M07UP34A0555I300 eempii 
LOG (lattice-best-path:main():lattice-best-path.cc:99) For utterance M07UP34A0558I42, best cost 14.0324 + 3036.83 = 3050.86 over 298 frames.
M07UP34A0558I42 yuupii 
LOG (lattice-best-path:main():lattice-best-path.cc:99) For utterance M07UP34A0559I303, best cost 27.6255 + 4819.85 = 4847.48 over 498 frames.
M07UP34A0559I303 eempii 
LOG (lattice-best-path:main():lattice-best-path.cc:99) For utterance M07UP34A0559I44, best cost 21.3962 + 2915.88 = 2937.27 over 298 frames.
M07UP34A0559I44 madhyapradesh 
LOG (lattice-best-path:main():lattice-best-path.cc:99) For utterance M07UP34A0561I300, best cost 22.3538 + 5360.41 = 5382.76 over 498 frames.
M07UP34A0561I300 eempii 
LOG (lattice-best-path:main():lattice-best-path.cc:99) For utterance M07UP34A0563I303, best cost 37.9717 + 4584.65 = 4622.62 over 498 frames.
M07UP34A0563I303 eempii 
LOG (lattice-best-path:main():lattice-best-path.cc:99) For utterance M07UP34A0564I43, best cost 13.9207 + 2905.23 = 2919.15 over 298 frames.
M07UP34A0564I43 yuupii 
LOG (lattice-best-path:main():lattice-best-path.cc:99) For utterance M07UP34A0566I301, best cost 27.4324 + 4543.3 = 4570.73 over 498 frames.
M07UP34A0566I301 madhyapradesh 
LOG (lattice-best-path:main():lattice-best-path.cc:99) For utterance M07UP35A0443I41, best cost 14.9825 + 3024.95 = 3039.93 over 298 frames.
M07UP35A0443I41 eempii 
LOG (lattice-best-path:main():lattice-best-path.cc:99) For utterance M07UP35A0446I301, best cost 23.16 + 4907.12 = 4930.28 over 498 frames.
M07UP35A0446I301 madhyapradesh 
LOG (lattice-best-path:main():lattice-best-path.cc:99) For utterance M07UP35A0448I301, best cost 28.5156 + 4469.82 = 4498.34 over 498 frames.
M07UP35A0448I301 madhyapradesh 
LOG (lattice-best-path:main():lattice-best-path.cc:99) For utterance M07UP35A0450I301, best cost 28.5926 + 5264.13 = 5292.73 over 498 frames.
M07UP35A0450I301 madhyapradesh 
LOG (lattice-best-path:main():lattice-best-path.cc:99) For utterance M07UP35A0452I303, best cost 33.5835 + 4522.02 = 4555.61 over 498 frames.
M07UP35A0452I303 eempii 
LOG (lattice-best-path:main():lattice-best-path.cc:99) For utterance M07UP35A0455I303, best cost 30.7446 + 4473.4 = 4504.14 over 498 frames.
M07UP35A0455I303 eempii 
LOG (lattice-best-path:main():lattice-best-path.cc:99) For utterance M07UP35A0455I426, best cost 21.3197 + 3064.37 = 3085.69 over 298 frames.
M07UP35A0455I426 eempii 
LOG (lattice-best-path:main():lattice-best-path.cc:99) For utterance M07UP35A0456I43, best cost 19.5664 + 2948.06 = 2967.63 over 298 frames.
M07UP35A0456I43 uttarpradesh 
LOG (lattice-best-path:main():lattice-best-path.cc:99) For utterance M07UP35A0457I41, best cost 16.3628 + 3099.25 = 3115.61 over 298 frames.
M07UP35A0457I41 eempii 
LOG (lattice-best-path:main():lattice-best-path.cc:99) For utterance M07UP35A0459I303, best cost 17.8593 + 4668.85 = 4686.71 over 498 frames.
M07UP35A0459I303 yuupii 
LOG (lattice-best-path:main():lattice-best-path.cc:99) For utterance M07UP36A0825I301, best cost 34.2761 + 4856.15 = 4890.42 over 498 frames.
M07UP36A0825I301 yuupii 
LOG (lattice-best-path:main():lattice-best-path.cc:99) For utterance M07UP36A0825I40, best cost 18.0817 + 2860.9 = 2878.98 over 298 frames.
M07UP36A0825I40 eempii 
LOG (lattice-best-path:main():lattice-best-path.cc:99) For utterance M07UP36A0827I300, best cost 33.0795 + 4398.26 = 4431.34 over 498 frames.
M07UP36A0827I300 uttarpradesh 
LOG (lattice-best-path:main():lattice-best-path.cc:99) For utterance M07UP36A0829I302, best cost 20.2799 + 4837.77 = 4858.05 over 498 frames.
M07UP36A0829I302 yuupii 
LOG (lattice-best-path:main():lattice-best-path.cc:99) For utterance M07UP36A0832I302, best cost 24.6441 + 4942.8 = 4967.44 over 498 frames.
M07UP36A0832I302 uttarpradesh 
LOG (lattice-best-path:main():lattice-best-path.cc:99) For utterance M07UP36A0840I41, best cost 14.0586 + 2690.9 = 2704.96 over 298 frames.
M07UP36A0840I41 eempii 
LOG (lattice-best-path:main():lattice-best-path.cc:99) For utterance M07UP37A0301I42, best cost 10.1501 + 2549.92 = 2560.07 over 298 frames.
M07UP37A0301I42 eempii 
LOG (lattice-best-path:main():lattice-best-path.cc:99) For utterance M07UP37A0302I45, best cost 13.5727 + 3196.65 = 3210.22 over 298 frames.
M07UP37A0302I45 eempii 
LOG (lattice-best-path:main():lattice-best-path.cc:99) For utterance M07UP37A0306I47, best cost 16.4744 + 3229.11 = 3245.59 over 298 frames.
M07UP37A0306I47 madhyapradesh 
LOG (lattice-best-path:main():lattice-best-path.cc:99) For utterance M07UP37A0307I303, best cost 12.5992 + 5136.56 = 5149.16 over 498 frames.
M07UP37A0307I303 yuupii 
LOG (lattice-best-path:main():lattice-best-path.cc:99) For utterance M07UP37A0309I40, best cost 11.845 + 3317.63 = 3329.48 over 298 frames.
M07UP37A0309I40 yuupii 
LOG (lattice-best-path:main():lattice-best-path.cc:99) For utterance M07UP37A0309I44, best cost 15.2418 + 3187.06 = 3202.3 over 300 frames.
M07UP37A0309I44 eempii 
LOG (lattice-best-path:main():lattice-best-path.cc:99) For utterance M07UP37A0311I43, best cost 18.2051 + 2886.07 = 2904.27 over 298 frames.
M07UP37A0311I43 madhyapradesh 
LOG (lattice-best-path:main():lattice-best-path.cc:99) For utterance M07UP37A0311I44, best cost 17.4204 + 2864.86 = 2882.28 over 298 frames.
M07UP37A0311I44 yuupii 
LOG (lattice-best-path:main():lattice-best-path.cc:99) For utterance M07UP37A0311I48, best cost 14.4351 + 2639.28 = 2653.71 over 300 frames.
M07UP37A0311I48 eempii 
LOG (lattice-best-path:main():lattice-best-path.cc:99) For utterance M07UP37A0313I427, best cost 12.7939 + 2936.95 = 2949.74 over 298 frames.
M07UP37A0313I427 eempii 
LOG (lattice-best-path:main():lattice-best-path.cc:99) For utterance M07UP37A0314I300, best cost 19.0505 + 5167.7 = 5186.75 over 498 frames.
M07UP37A0314I300 yuupii 
LOG (lattice-best-path:main():lattice-best-path.cc:99) For utterance M07UP37A0316I305, best cost 14.5732 + 5378.55 = 5393.13 over 498 frames.
M07UP37A0316I305 yuupii 
LOG (lattice-best-path:main():lattice-best-path.cc:99) For utterance M07UP37A0317I47, best cost 16.8081 + 2830.59 = 2847.4 over 298 frames.
M07UP37A0317I47 uttarpradesh 
LOG (lattice-best-path:main():lattice-best-path.cc:99) For utterance M07UP37A0317I48, best cost 14.371 + 3201.2 = 3215.57 over 298 frames.
M07UP37A0317I48 yuupii 
LOG (lattice-best-path:main():lattice-best-path.cc:99) For utterance M07UP37A0319I301, best cost 19.1297 + 5376.22 = 5395.35 over 498 frames.
M07UP37A0319I301 yuupii 
LOG (lattice-best-path:main():lattice-best-path.cc:99) For utterance M07UP38A0103I43, best cost 17.2677 + 2896.24 = 2913.51 over 298 frames.
M07UP38A0103I43 madhyapradesh 
LOG (lattice-best-path:main():lattice-best-path.cc:99) For utterance M07UP38A0107I43, best cost 14.0885 + 2955.84 = 2969.93 over 298 frames.
M07UP38A0107I43 yuupii 
LOG (lattice-best-path:main():lattice-best-path.cc:99) For utterance M07UP39A0774I301, best cost 20.7975 + 4447.38 = 4468.18 over 498 frames.
M07UP39A0774I301 eempii 
LOG (lattice-best-path:main():lattice-best-path.cc:99) For utterance M07UP39A0776I302, best cost 15.9888 + 4436.71 = 4452.7 over 498 frames.
M07UP39A0776I302 uttarpradesh 
LOG (lattice-best-path:main():lattice-best-path.cc:99) For utterance M07UP39A0777I300, best cost 25.0431 + 4626.99 = 4652.04 over 498 frames.
M07UP39A0777I300 uttarpradesh 
LOG (lattice-best-path:main():lattice-best-path.cc:99) For utterance M07UP39A0777I423, best cost 11.9118 + 2636.5 = 2648.41 over 298 frames.
M07UP39A0777I423 eempii 
LOG (lattice-best-path:main():lattice-best-path.cc:99) For utterance M07UP39A0778I303, best cost 28.2578 + 4898.19 = 4926.45 over 498 frames.
M07UP39A0778I303 eempii 
LOG (lattice-best-path:main():lattice-best-path.cc:99) For utterance M07UP39A0781I501, best cost 11.7758 + 3804.42 = 3816.19 over 398 frames.
M07UP39A0781I501 eempii 
LOG (lattice-best-path:main():lattice-best-path.cc:99) For utterance M07UP41A0273I301, best cost 18.3144 + 5490.23 = 5508.54 over 498 frames.
M07UP41A0273I301 eempii 
LOG (lattice-best-path:main():lattice-best-path.cc:99) For utterance M07UP41A0273I47, best cost 13.8295 + 3000.78 = 3014.61 over 298 frames.
M07UP41A0273I47 uttarpradesh 
LOG (lattice-best-path:main():lattice-best-path.cc:99) For utterance M07UP41A0275I300, best cost 23.4431 + 4493.58 = 4517.03 over 498 frames.
M07UP41A0275I300 eempii 
LOG (lattice-best-path:main():lattice-best-path.cc:99) For utterance M07UP41A0277I300, best cost 15.4172 + 4973.37 = 4988.79 over 498 frames.
M07UP41A0277I300 uttarpradesh 
LOG (lattice-best-path:main():lattice-best-path.cc:99) For utterance M07UP41A0277I43, best cost 14.8252 + 3144.99 = 3159.82 over 298 frames.
M07UP41A0277I43 eempii 
LOG (lattice-best-path:main():lattice-best-path.cc:99) For utterance M07UP41A0279I301, best cost 20.0317 + 4938.41 = 4958.45 over 498 frames.
M07UP41A0279I301 uttarpradesh 
LOG (lattice-best-path:main():lattice-best-path.cc:99) For utterance M07UP41A0279I302, best cost 21.4801 + 4756.41 = 4777.89 over 498 frames.
M07UP41A0279I302 uttarpradesh 
LOG (lattice-best-path:main():lattice-best-path.cc:99) For utterance M07UP41A0279I47, best cost 14.9628 + 3215.33 = 3230.3 over 298 frames.
M07UP41A0279I47 yuupii 
LOG (lattice-best-path:main():lattice-best-path.cc:99) For utterance M07UP41A0280I42, best cost 13.7001 + 2924.51 = 2938.21 over 298 frames.
M07UP41A0280I42 eempii 
LOG (lattice-best-path:main():lattice-best-path.cc:99) For utterance M07UP41A0280I45, best cost 14.6689 + 3176.5 = 3191.17 over 298 frames.
M07UP41A0280I45 eempii 
LOG (lattice-best-path:main():lattice-best-path.cc:99) For utterance M07UP41A0283I48, best cost 13.5086 + 2645.92 = 2659.43 over 298 frames.
M07UP41A0283I48 madhyapradesh 
LOG (lattice-best-path:main():lattice-best-path.cc:99) For utterance M07UP41A0289I303, best cost 25.9271 + 4893.19 = 4919.12 over 498 frames.
M07UP41A0289I303 eempii 
LOG (lattice-best-path:main():lattice-best-path.cc:99) For utterance M07UP41A0289I44, best cost 13.5033 + 2798.96 = 2812.46 over 300 frames.
M07UP41A0289I44 eempii 
LOG (lattice-best-path:main():lattice-best-path.cc:99) For utterance M07UP41A0290I47, best cost 15.2938 + 2863.17 = 2878.46 over 298 frames.
M07UP41A0290I47 yuupii 
LOG (lattice-best-path:main():lattice-best-path.cc:99) For utterance M07UP41A0291I43, best cost 16.9458 + 2722.28 = 2739.23 over 298 frames.
M07UP41A0291I43 uttarpradesh 
LOG (lattice-best-path:main():lattice-best-path.cc:99) For utterance M07UP41A0291I46, best cost 16.2299 + 2832.32 = 2848.55 over 298 frames.
M07UP41A0291I46 uttarpradesh 
LOG (lattice-best-path:main():lattice-best-path.cc:99) For utterance M07UP42A0111I46, best cost 16.9247 + 2783.67 = 2800.6 over 298 frames.
M07UP42A0111I46 eempii 
LOG (lattice-best-path:main():lattice-best-path.cc:99) For utterance M07UP42A0116I430, best cost 16.9608 + 3055.06 = 3072.02 over 298 frames.
M07UP42A0116I430 madhyapradesh 
LOG (lattice-best-path:main():lattice-best-path.cc:99) For utterance M07UP42A0117I419, best cost 21.7826 + 2876.45 = 2898.23 over 298 frames.
M07UP42A0117I419 uttarpradesh 
LOG (lattice-best-path:main():lattice-best-path.cc:99) For utterance M07UP42A0117I423, best cost 12.82 + 3033.39 = 3046.21 over 298 frames.
M07UP42A0117I423 eempii 
LOG (lattice-best-path:main():lattice-best-path.cc:99) For utterance M07UP42A0119I300, best cost 21.9295 + 5156.84 = 5178.77 over 498 frames.
M07UP42A0119I300 uttarpradesh 
LOG (lattice-best-path:main():lattice-best-path.cc:99) For utterance M07UP42A0119I46, best cost 19.76 + 3140.98 = 3160.74 over 298 frames.
M07UP42A0119I46 yuupii 
LOG (lattice-best-path:main():lattice-best-path.cc:99) For utterance M07UP42A0120I418, best cost 19.1706 + 2904.53 = 2923.7 over 298 frames.
M07UP42A0120I418 yuupii 
LOG (lattice-best-path:main():lattice-best-path.cc:99) For utterance M07UP42A0120I424, best cost 19.4682 + 2919.89 = 2939.36 over 298 frames.
M07UP42A0120I424 madhyapradesh 
LOG (lattice-best-path:main():lattice-best-path.cc:99) For utterance M07UP42A0120I429, best cost 16.9477 + 3079.45 = 3096.4 over 298 frames.
M07UP42A0120I429 eempii 
LOG (lattice-best-path:main():lattice-best-path.cc:99) For utterance M07UP42A0122I302, best cost 16.8239 + 5026.12 = 5042.95 over 498 frames.
M07UP42A0122I302 yuupii 
LOG (lattice-best-path:main():lattice-best-path.cc:99) For utterance M07UP42A0122I424, best cost 14.7087 + 3092.74 = 3107.45 over 298 frames.
M07UP42A0122I424 eempii 
LOG (lattice-best-path:main():lattice-best-path.cc:99) For utterance M07UP42A0122I46, best cost 20.6332 + 3034.96 = 3055.59 over 298 frames.
M07UP42A0122I46 yuupii 
LOG (lattice-best-path:main():lattice-best-path.cc:99) For utterance M07UP42A0123I42, best cost 15.3765 + 3030.53 = 3045.9 over 298 frames.
M07UP42A0123I42 eempii 
LOG (lattice-best-path:main():lattice-best-path.cc:99) For utterance M07UP42A0123I424, best cost 13.3629 + 3137.46 = 3150.83 over 298 frames.
M07UP42A0123I424 madhyapradesh 
LOG (lattice-best-path:main():lattice-best-path.cc:99) For utterance M07UP42A0124I45, best cost 14.7068 + 2898.66 = 2913.37 over 298 frames.
M07UP42A0124I45 eempii 
LOG (lattice-best-path:main():lattice-best-path.cc:99) For utterance M07UP42A0126I437, best cost 16.2435 + 3046.04 = 3062.28 over 298 frames.
M07UP42A0126I437 eempii 
LOG (lattice-best-path:main():lattice-best-path.cc:99) For utterance M07UP43A0148I300, best cost 22.6815 + 5278.98 = 5301.66 over 498 frames.
M07UP43A0148I300 yuupii 
LOG (lattice-best-path:main():lattice-best-path.cc:99) For utterance M07UP43A0151I42, best cost 17.3625 + 3223.27 = 3240.63 over 298 frames.
M07UP43A0151I42 yuupii 
LOG (lattice-best-path:main():lattice-best-path.cc:99) For utterance M07UP43A0154I43, best cost 11.8008 + 2663.85 = 2675.65 over 298 frames.
M07UP43A0154I43 eempii 
LOG (lattice-best-path:main():lattice-best-path.cc:99) For utterance M07UP43A0154I44, best cost 16.7866 + 2762.77 = 2779.55 over 298 frames.
M07UP43A0154I44 uttarpradesh 
LOG (lattice-best-path:main():lattice-best-path.cc:99) For utterance M07UP43A0158I41, best cost 13.7086 + 3071.46 = 3085.17 over 298 frames.
M07UP43A0158I41 eempii 
LOG (lattice-best-path:main():lattice-best-path.cc:99) For utterance M07UP45A0614I48, best cost 17.7968 + 3082.88 = 3100.67 over 298 frames.
M07UP45A0614I48 uttarpradesh 
LOG (lattice-best-path:main():lattice-best-path.cc:99) For utterance M07UP45A0616I43, best cost 18.6028 + 2922.31 = 2940.91 over 298 frames.
M07UP45A0616I43 madhyapradesh 
LOG (lattice-best-path:main():lattice-best-path.cc:99) For utterance M07UP45A0624I41, best cost 19.3267 + 2956.29 = 2975.61 over 298 frames.
M07UP45A0624I41 uttarpradesh 
LOG (lattice-best-path:main():lattice-best-path.cc:99) For utterance M07UP45A0624I44, best cost 22.7688 + 2904.62 = 2927.39 over 298 frames.
M07UP45A0624I44 uttarpradesh 
LOG (lattice-best-path:main():lattice-best-path.cc:99) For utterance M07UP45A0625I41, best cost 12.7819 + 3034.82 = 3047.6 over 298 frames.
M07UP45A0625I41 yuupii 
LOG (lattice-best-path:main():lattice-best-path.cc:99) For utterance M07UP45A0627I43, best cost 14.6412 + 2643.15 = 2657.79 over 298 frames.
M07UP45A0627I43 eempii 
LOG (lattice-best-path:main():lattice-best-path.cc:99) For utterance M07UP45A0628I41, best cost 15.7865 + 3003.29 = 3019.08 over 298 frames.
M07UP45A0628I41 eempii 
LOG (lattice-best-path:main():lattice-best-path.cc:99) For utterance M07UP45A0629I303, best cost 21.1887 + 5283.34 = 5304.53 over 498 frames.
M07UP45A0629I303 yuupii 
LOG (lattice-best-path:main():lattice-best-path.cc:99) For utterance M07UP45A0634I48, best cost 19.3523 + 2847.15 = 2866.5 over 298 frames.
M07UP45A0634I48 uttarpradesh 
LOG (lattice-best-path:main():lattice-best-path.cc:99) For utterance M07UP45A0635I42, best cost 19.4334 + 3010.22 = 3029.65 over 298 frames.
M07UP45A0635I42 madhyapradesh 
LOG (lattice-best-path:main():lattice-best-path.cc:99) For utterance M07UP45A0636I300, best cost 12.7405 + 4348.19 = 4360.93 over 498 frames.
M07UP45A0636I300 eempii 
LOG (lattice-best-path:main():lattice-best-path.cc:99) For utterance M07UP48A0013I417, best cost 18.1505 + 2912.68 = 2930.83 over 298 frames.
M07UP48A0013I417 eempii 
LOG (lattice-best-path:main():lattice-best-path.cc:99) For utterance M07UP48A0013I43, best cost 12.27 + 2977.28 = 2989.55 over 298 frames.
M07UP48A0013I43 yuupii 
LOG (lattice-best-path:main():lattice-best-path.cc:99) For utterance M07UP48A0014I44, best cost 11.9287 + 2964.43 = 2976.36 over 298 frames.
M07UP48A0014I44 eempii 
LOG (lattice-best-path:main():lattice-best-path.cc:99) For utterance M07UP48A0015I422, best cost 14.4178 + 2938.78 = 2953.2 over 298 frames.
M07UP48A0015I422 yuupii 
LOG (lattice-best-path:main():lattice-best-path.cc:99) For utterance M07UP48A0018I422, best cost 13.8976 + 3108.26 = 3122.15 over 298 frames.
M07UP48A0018I422 yuupii 
LOG (lattice-best-path:main():lattice-best-path.cc:99) For utterance M07UP48A0020I43, best cost 15.4943 + 2752.74 = 2768.23 over 298 frames.
M07UP48A0020I43 uttarpradesh 
LOG (lattice-best-path:main():lattice-best-path.cc:99) For utterance M07UP48A0021I45, best cost 16.8675 + 2695.3 = 2712.17 over 298 frames.
M07UP48A0021I45 uttarpradesh 
LOG (lattice-best-path:main():lattice-best-path.cc:99) For utterance M07UP48A0024I49, best cost 16.4239 + 3095.65 = 3112.07 over 304 frames.
M07UP48A0024I49 eempii 
LOG (lattice-best-path:main():lattice-best-path.cc:99) For utterance M07UP48A0028I45, best cost 15.5485 + 3069.14 = 3084.68 over 298 frames.
M07UP48A0028I45 madhyapradesh 
LOG (lattice-best-path:main():lattice-best-path.cc:99) For utterance M07UP48A0031I44, best cost 17.9955 + 3106.63 = 3124.62 over 298 frames.
M07UP48A0031I44 eempii 
LOG (lattice-best-path:main():lattice-best-path.cc:99) For utterance M07UP49A0861I41, best cost 16.2334 + 2726.89 = 2743.12 over 300 frames.
M07UP49A0861I41 uttarpradesh 
LOG (lattice-best-path:main():lattice-best-path.cc:99) For utterance M07UP49A0863I300, best cost 28.2761 + 5005.14 = 5033.42 over 498 frames.
M07UP49A0863I300 yuupii 
LOG (lattice-best-path:main():lattice-best-path.cc:99) For utterance M07UP49A0866I504, best cost 15.6163 + 3282.97 = 3298.59 over 298 frames.
M07UP49A0866I504 yuupii 
LOG (lattice-best-path:main():lattice-best-path.cc:99) For utterance M07UP49A0869I301, best cost 22.3086 + 4929.44 = 4951.75 over 498 frames.
M07UP49A0869I301 eempii 
LOG (lattice-best-path:main():lattice-best-path.cc:99) For utterance M07UP49A0880I43, best cost 24.1647 + 2894.73 = 2918.89 over 298 frames.
M07UP49A0880I43 uttarpradesh 
LOG (lattice-best-path:main():lattice-best-path.cc:99) For utterance M07UP51A0032I301, best cost 15.2308 + 4527.78 = 4543.02 over 430 frames.
M07UP51A0032I301 eempii 
LOG (lattice-best-path:main():lattice-best-path.cc:99) For utterance M07UP51A0033I42, best cost 16.9212 + 3030.13 = 3047.05 over 298 frames.
M07UP51A0033I42 eempii 
LOG (lattice-best-path:main():lattice-best-path.cc:99) For utterance M07UP51A0033I48, best cost 16.0334 + 3166.1 = 3182.13 over 298 frames.
M07UP51A0033I48 eempii 
LOG (lattice-best-path:main():lattice-best-path.cc:99) For utterance M07UP51A0035I302, best cost 30.0952 + 4912.07 = 4942.17 over 498 frames.
M07UP51A0035I302 yuupii 
LOG (lattice-best-path:main():lattice-best-path.cc:99) For utterance M07UP51A0036I300, best cost 16.5973 + 5110.59 = 5127.19 over 498 frames.
M07UP51A0036I300 yuupii 
LOG (lattice-best-path:main():lattice-best-path.cc:99) For utterance M07UP51A0036I44, best cost 17.7492 + 2867.6 = 2885.34 over 298 frames.
M07UP51A0036I44 eempii 
LOG (lattice-best-path:main():lattice-best-path.cc:99) For utterance M07UP51A0036I45, best cost 18.002 + 2913.28 = 2931.29 over 298 frames.
M07UP51A0036I45 eempii 
LOG (lattice-best-path:main():lattice-best-path.cc:99) For utterance M07UP51A0036I48, best cost 17.8612 + 2967.28 = 2985.14 over 298 frames.
M07UP51A0036I48 eempii 
LOG (lattice-best-path:main():lattice-best-path.cc:99) For utterance M07UP51A0038I48, best cost 15.2619 + 3056.85 = 3072.11 over 298 frames.
M07UP51A0038I48 yuupii 
LOG (lattice-best-path:main():lattice-best-path.cc:99) For utterance M07UP51A0041I300, best cost 17.7481 + 4307.98 = 4325.73 over 498 frames.
M07UP51A0041I300 eempii 
LOG (lattice-best-path:main():lattice-best-path.cc:99) For utterance M07UP51A0042I302, best cost 24.2117 + 4598.85 = 4623.06 over 498 frames.
M07UP51A0042I302 yuupii 
LOG (lattice-best-path:main():lattice-best-path.cc:99) For utterance M07UP51A0043I410, best cost 13.5988 + 2946.68 = 2960.28 over 298 frames.
M07UP51A0043I410 eempii 
LOG (lattice-best-path:main():lattice-best-path.cc:99) For utterance M07UP51A0043I44, best cost 19.1687 + 3045.32 = 3064.49 over 298 frames.
M07UP51A0043I44 yuupii 
LOG (lattice-best-path:main():lattice-best-path.cc:99) For utterance M07UP51A0043I45, best cost 22.0168 + 2781.88 = 2803.9 over 298 frames.
M07UP51A0043I45 eempii 
LOG (lattice-best-path:main():lattice-best-path.cc:99) For utterance M07UP51A0044I303, best cost 34.1636 + 4657.17 = 4691.34 over 498 frames.
M07UP51A0044I303 eempii 
LOG (lattice-best-path:main():lattice-best-path.cc:99) For utterance M07UP51A0045I412, best cost 23.2853 + 3054.14 = 3077.42 over 298 frames.
M07UP51A0045I412 madhyapradesh 
LOG (lattice-best-path:main():lattice-best-path.cc:99) For utterance M07UP51A0046I412, best cost 15.1873 + 2747.6 = 2762.79 over 298 frames.
M07UP51A0046I412 eempii 
LOG (lattice-best-path:main():lattice-best-path.cc:99) For utterance M07UP51A0046I43, best cost 20.8617 + 2963.53 = 2984.39 over 298 frames.
M07UP51A0046I43 uttarpradesh 
LOG (lattice-best-path:main():lattice-best-path.cc:99) For utterance M07UP51A0049I44, best cost 16.1887 + 3161.18 = 3177.37 over 298 frames.
M07UP51A0049I44 madhyapradesh 
LOG (lattice-best-path:main():lattice-best-path.cc:99) For utterance M07UP51A0049I48, best cost 21.4777 + 3188.29 = 3209.77 over 298 frames.
M07UP51A0049I48 uttarpradesh 
LOG (lattice-best-path:main():lattice-best-path.cc:99) For utterance M07UP51A0050I300, best cost 21.9168 + 4638.38 = 4660.3 over 498 frames.
M07UP51A0050I300 eempii 
LOG (lattice-best-path:main():lattice-best-path.cc:99) For utterance M07UP51A0050I42, best cost 22.5887 + 2921.37 = 2943.96 over 298 frames.
M07UP51A0050I42 madhyapradesh 
LOG (lattice-best-path:main():lattice-best-path.cc:99) For utterance M07UP51A0050I45, best cost 11.207 + 2982.64 = 2993.85 over 298 frames.
M07UP51A0050I45 eempii 
LOG (lattice-best-path:main():lattice-best-path.cc:99) For utterance M07UP51A0052I301, best cost 20.9001 + 4479.36 = 4500.26 over 498 frames.
M07UP51A0052I301 eempii 
LOG (lattice-best-path:main():lattice-best-path.cc:99) For utterance M07UP51A0052I303, best cost 20.1137 + 4325.03 = 4345.15 over 498 frames.
M07UP51A0052I303 madhyapradesh 
LOG (lattice-best-path:main():lattice-best-path.cc:99) For utterance M07UP51A0052I412, best cost 17.1555 + 2737.6 = 2754.76 over 298 frames.
M07UP51A0052I412 madhyapradesh 
LOG (lattice-best-path:main():lattice-best-path.cc:99) For utterance M07UP51A0052I45, best cost 17.4407 + 2880.24 = 2897.68 over 298 frames.
M07UP51A0052I45 yuupii 
LOG (lattice-best-path:main():lattice-best-path.cc:99) For utterance M07UP51A0053I302, best cost 21.8506 + 4648.98 = 4670.83 over 498 frames.
M07UP51A0053I302 yuupii 
LOG (lattice-best-path:main():lattice-best-path.cc:99) For utterance M07UP51A0054I40, best cost 15.3329 + 3164.65 = 3179.98 over 298 frames.
M07UP51A0054I40 yuupii 
LOG (lattice-best-path:main():lattice-best-path.cc:99) For utterance M07UP51A0054I47, best cost 12.2964 + 3157.48 = 3169.78 over 298 frames.
M07UP51A0054I47 yuupii 
LOG (lattice-best-path:main():lattice-best-path.cc:99) For utterance M07UP51A0094I411, best cost 25.8654 + 2806.24 = 2832.11 over 298 frames.
M07UP51A0094I411 uttarpradesh 
LOG (lattice-best-path:main():lattice-best-path.cc:99) For utterance M07UP52A0193I300, best cost 23.7996 + 4761.67 = 4785.47 over 498 frames.
M07UP52A0193I300 eempii 
LOG (lattice-best-path:main():lattice-best-path.cc:99) For utterance M07UP52A0193I302, best cost 28.9093 + 4654.95 = 4683.86 over 498 frames.
M07UP52A0193I302 uttarpradesh 
LOG (lattice-best-path:main():lattice-best-path.cc:99) For utterance M07UP52A0193I43, best cost 20.5824 + 2731.6 = 2752.18 over 298 frames.
M07UP52A0193I43 uttarpradesh 
LOG (lattice-best-path:main():lattice-best-path.cc:99) For utterance M07UP52A0195I45, best cost 9.07732 + 3188.29 = 3197.37 over 298 frames.
M07UP52A0195I45 yuupii 
LOG (lattice-best-path:main():lattice-best-path.cc:99) For utterance M07UP52A0196I300, best cost 22.8944 + 4841.86 = 4864.76 over 498 frames.
M07UP52A0196I300 eempii 
LOG (lattice-best-path:main():lattice-best-path.cc:99) For utterance M07UP52A0196I41, best cost 15.8546 + 2957.8 = 2973.65 over 292 frames.
M07UP52A0196I41 yuupii 
LOG (lattice-best-path:main():lattice-best-path.cc:99) For utterance M07UP52A0199I41, best cost 14.4331 + 3285.78 = 3300.21 over 298 frames.
M07UP52A0199I41 yuupii 
LOG (lattice-best-path:main():lattice-best-path.cc:99) For utterance M07UP52A0202I302, best cost 25.2388 + 5285.27 = 5310.5 over 498 frames.
M07UP52A0202I302 eempii 
LOG (lattice-best-path:main():lattice-best-path.cc:99) For utterance M07UP52A0202I40, best cost 13.8729 + 3207.67 = 3221.55 over 298 frames.
M07UP52A0202I40 yuupii 
LOG (lattice-best-path:main():lattice-best-path.cc:99) For utterance M07UP52A0202I45, best cost 18.4218 + 3246.52 = 3264.94 over 298 frames.
M07UP52A0202I45 eempii 
LOG (lattice-best-path:main():lattice-best-path.cc:99) For utterance M07UP52A0205I43, best cost 17.2809 + 2988.29 = 3005.57 over 298 frames.
M07UP52A0205I43 eempii 
LOG (lattice-best-path:main():lattice-best-path.cc:99) For utterance M07UP52A0206I302, best cost 25.8396 + 4784.65 = 4810.49 over 498 frames.
M07UP52A0206I302 eempii 
LOG (lattice-best-path:main():lattice-best-path.cc:99) For utterance M07UP52A0206I40, best cost 10.5509 + 3174.58 = 3185.13 over 298 frames.
M07UP52A0206I40 eempii 
LOG (lattice-best-path:main():lattice-best-path.cc:99) For utterance M07UP52A0207I42, best cost 18.4293 + 3127.24 = 3145.67 over 298 frames.
M07UP52A0207I42 eempii 
LOG (lattice-best-path:main():lattice-best-path.cc:99) For utterance M07UP52A0210I300, best cost 24.6731 + 5174.11 = 5198.78 over 498 frames.
M07UP52A0210I300 madhyapradesh 
LOG (lattice-best-path:main():lattice-best-path.cc:99) For utterance M07UP52A0210I43, best cost 18.2938 + 3119.68 = 3137.98 over 298 frames.
M07UP52A0210I43 uttarpradesh 
LOG (lattice-best-path:main():lattice-best-path.cc:99) For utterance M07UP52A0210I603, best cost 35.1411 + 10432.8 = 10467.9 over 998 frames.
M07UP52A0210I603 eempii 
LOG (lattice-best-path:main():lattice-best-path.cc:99) For utterance M07UP52A0211I300, best cost 18.5022 + 5481.02 = 5499.52 over 500 frames.
M07UP52A0211I300 eempii 
LOG (lattice-best-path:main():lattice-best-path.cc:99) For utterance M07UP52A0213I45, best cost 13.435 + 2596.08 = 2609.51 over 298 frames.
M07UP52A0213I45 eempii 
LOG (lattice-best-path:main():lattice-best-path.cc:99) For utterance M07UP53A0072I44, best cost 18.2713 + 3069.33 = 3087.6 over 298 frames.
M07UP53A0072I44 eempii 
LOG (lattice-best-path:main():lattice-best-path.cc:99) For utterance M07UP53A0076I413, best cost 18.145 + 3026.5 = 3044.65 over 298 frames.
M07UP53A0076I413 uttarpradesh 
LOG (lattice-best-path:main():lattice-best-path.cc:99) For utterance M07UP53A0079I42, best cost 14.6196 + 3091.16 = 3105.78 over 298 frames.
M07UP53A0079I42 uttarpradesh 
LOG (lattice-best-path:main():lattice-best-path.cc:99) For utterance M07UP53A0080I41, best cost 13.0931 + 2571.93 = 2585.02 over 298 frames.
M07UP53A0080I41 eempii 
LOG (lattice-best-path:main():lattice-best-path.cc:99) For utterance M07UP53A0080I413, best cost 21.997 + 2826.34 = 2848.33 over 298 frames.
M07UP53A0080I413 uttarpradesh 
LOG (lattice-best-path:main():lattice-best-path.cc:99) For utterance M07UP53A0080I42, best cost 13.7906 + 2768 = 2781.79 over 298 frames.
M07UP53A0080I42 eempii 
LOG (lattice-best-path:main():lattice-best-path.cc:99) For utterance M07UP53A0081I424, best cost 10.5338 + 2638.26 = 2648.8 over 298 frames.
M07UP53A0081I424 eempii 
LOG (lattice-best-path:main():lattice-best-path.cc:99) For utterance M07UP53A0083I419, best cost 16.9149 + 2980.45 = 2997.37 over 298 frames.
M07UP53A0083I419 uttarpradesh 
LOG (lattice-best-path:main():lattice-best-path.cc:99) For utterance M07UP53A0085I45, best cost 21.5488 + 3181.3 = 3202.85 over 300 frames.
M07UP53A0085I45 eempii 
LOG (lattice-best-path:main():lattice-best-path.cc:99) For utterance M07UP53A0088I413, best cost 19.9031 + 3099.03 = 3118.93 over 298 frames.
M07UP53A0088I413 eempii 
LOG (lattice-best-path:main():lattice-best-path.cc:99) For utterance M07UP53A0090I410, best cost 15.4948 + 3218.44 = 3233.94 over 300 frames.
M07UP53A0090I410 eempii 
LOG (lattice-best-path:main():lattice-best-path.cc:99) For utterance M07UP54A1272I428, best cost 11.9624 + 2987.44 = 2999.41 over 298 frames.
M07UP54A1272I428 eempii 
LOG (lattice-best-path:main():lattice-best-path.cc:99) For utterance M07UP54A1280I300, best cost 24.9427 + 4976.15 = 5001.09 over 498 frames.
M07UP54A1280I300 eempii 
LOG (lattice-best-path:main():lattice-best-path.cc:99) For utterance M07UP54A1290I45, best cost 16.1736 + 3084.11 = 3100.29 over 300 frames.
M07UP54A1290I45 eempii 
LOG (lattice-best-path:main():lattice-best-path.cc:99) For utterance M07UP55A0462I422, best cost 13.4505 + 2797.07 = 2810.52 over 298 frames.
M07UP55A0462I422 uttarpradesh 
LOG (lattice-best-path:main():lattice-best-path.cc:99) For utterance M07UP55A0464I303, best cost 21.1275 + 4592.74 = 4613.87 over 498 frames.
M07UP55A0464I303 uttarpradesh 
LOG (lattice-best-path:main():lattice-best-path.cc:99) For utterance M07UP55A0464I42, best cost 16.2958 + 2979.71 = 2996.01 over 298 frames.
M07UP55A0464I42 eempii 
LOG (lattice-best-path:main():lattice-best-path.cc:99) For utterance M07UP55A0469I300, best cost 31.0985 + 4888.24 = 4919.34 over 498 frames.
M07UP55A0469I300 eempii 
LOG (lattice-best-path:main():lattice-best-path.cc:99) For utterance M07UP55A0469I40, best cost 24.9009 + 2819.89 = 2844.79 over 298 frames.
M07UP55A0469I40 yuupii 
LOG (lattice-best-path:main():lattice-best-path.cc:99) For utterance M07UP55A0470I301, best cost 22.1945 + 4775.76 = 4797.95 over 498 frames.
M07UP55A0470I301 eempii 
LOG (lattice-best-path:main():lattice-best-path.cc:99) For utterance M07UP55A0474I40, best cost 15.3204 + 3212.35 = 3227.67 over 298 frames.
M07UP55A0474I40 yuupii 
LOG (lattice-best-path:main():lattice-best-path.cc:99) For utterance M07UP55A0476I42, best cost 22.4667 + 3156.47 = 3178.94 over 298 frames.
M07UP55A0476I42 eempii 
LOG (lattice-best-path:main():lattice-best-path.cc:99) For utterance M07UP55A0477I301, best cost 25.8379 + 4737.38 = 4763.22 over 498 frames.
M07UP55A0477I301 uttarpradesh 
LOG (lattice-best-path:main():lattice-best-path.cc:99) For utterance M07UP55A0480I300, best cost 18.2508 + 5002.29 = 5020.54 over 498 frames.
M07UP55A0480I300 yuupii 
LOG (lattice-best-path:main():lattice-best-path.cc:99) For utterance M07UP56A0695I300, best cost 19.5241 + 5293.05 = 5312.58 over 498 frames.
M07UP56A0695I300 eempii 
LOG (lattice-best-path:main():lattice-best-path.cc:99) For utterance M07UP56A0699I301, best cost 25.0173 + 4774.92 = 4799.93 over 498 frames.
M07UP56A0699I301 madhyapradesh 
LOG (lattice-best-path:main():lattice-best-path.cc:99) For utterance M07UP56A0706I43, best cost 12.9521 + 3148.73 = 3161.68 over 298 frames.
M07UP56A0706I43 yuupii 
LOG (lattice-best-path:main():lattice-best-path.cc:99) For utterance M07UP56A0707I45, best cost 13.8361 + 2647.73 = 2661.57 over 298 frames.
M07UP56A0707I45 uttarpradesh 
LOG (lattice-best-path:main():lattice-best-path.cc:99) For utterance M07UP56A0708I47, best cost 26.1826 + 3008.06 = 3034.24 over 298 frames.
M07UP56A0708I47 madhyapradesh 
LOG (lattice-best-path:main():lattice-best-path.cc:99) For utterance M07UP56A0710I421, best cost 23.1412 + 2964.35 = 2987.5 over 298 frames.
M07UP56A0710I421 eempii 
LOG (lattice-best-path:main():lattice-best-path.cc:99) For utterance M07UP57A0404I43, best cost 14.6999 + 2814.64 = 2829.34 over 298 frames.
M07UP57A0404I43 yuupii 
LOG (lattice-best-path:main():lattice-best-path.cc:99) For utterance M07UP57A0406I300, best cost 25.6044 + 4738.09 = 4763.69 over 498 frames.
M07UP57A0406I300 madhyapradesh 
LOG (lattice-best-path:main():lattice-best-path.cc:99) For utterance M07UP57A0409I42, best cost 14.8671 + 2726.5 = 2741.36 over 298 frames.
M07UP57A0409I42 uttarpradesh 
LOG (lattice-best-path:main():lattice-best-path.cc:99) For utterance M07UP57A0411I301, best cost 18.0199 + 4904.39 = 4922.41 over 498 frames.
M07UP57A0411I301 eempii 
LOG (lattice-best-path:main():lattice-best-path.cc:99) For utterance M07UP57A0413I301, best cost 20.6393 + 4531.58 = 4552.22 over 498 frames.
M07UP57A0413I301 yuupii 
LOG (lattice-best-path:main():lattice-best-path.cc:99) For utterance M07UP57A0413I41, best cost 13.0609 + 3157.45 = 3170.51 over 298 frames.
M07UP57A0413I41 eempii 
LOG (lattice-best-path:main():lattice-best-path.cc:99) For utterance M07UP57A0413I507, best cost 10.9996 + 3168.44 = 3179.44 over 298 frames.
M07UP57A0413I507 yuupii 
LOG (lattice-best-path:main():lattice-best-path.cc:99) For utterance M07UP57A0416I301, best cost 27.3119 + 5196.65 = 5223.96 over 498 frames.
M07UP57A0416I301 eempii 
LOG (lattice-best-path:main():lattice-best-path.cc:99) For utterance M07UP57A0417I301, best cost 22.8428 + 4912.52 = 4935.36 over 498 frames.
M07UP57A0417I301 yuupii 
LOG (lattice-best-path:main():lattice-best-path.cc:99) For utterance M07UP57A0417I42, best cost 11.9886 + 3166.88 = 3178.87 over 298 frames.
M07UP57A0417I42 eempii 
LOG (lattice-best-path:main():lattice-best-path.cc:99) For utterance M07UP57A0418I303, best cost 16.2331 + 5054.12 = 5070.35 over 498 frames.
M07UP57A0418I303 eempii 
LOG (lattice-best-path:main():lattice-best-path.cc:99) For utterance M07UP60A0942I416, best cost 12.3218 + 2635.23 = 2647.55 over 298 frames.
M07UP60A0942I416 yuupii 
LOG (lattice-best-path:main():lattice-best-path.cc:99) For utterance M07UP60A0942I418, best cost 14.9518 + 2834.01 = 2848.96 over 298 frames.
M07UP60A0942I418 uttarpradesh 
LOG (lattice-best-path:main():lattice-best-path.cc:99) For utterance M07UP60A0944I42, best cost 17.5033 + 2987.5 = 3005 over 298 frames.
M07UP60A0944I42 madhyapradesh 
LOG (lattice-best-path:main():lattice-best-path.cc:99) For utterance M07UP60A0946I303, best cost 32.3604 + 4892.07 = 4924.43 over 498 frames.
M07UP60A0946I303 uttarpradesh 
LOG (lattice-best-path:main():lattice-best-path.cc:99) For utterance M07UP60A0954I303, best cost 14.2523 + 4212.67 = 4226.92 over 498 frames.
M07UP60A0954I303 uttarpradesh 
LOG (lattice-best-path:main():lattice-best-path.cc:99) For utterance M07UP60A0955I301, best cost 26.7849 + 4363.79 = 4390.57 over 498 frames.
M07UP60A0955I301 uttarpradesh 
LOG (lattice-best-path:main():lattice-best-path.cc:99) For utterance M07UP60A0955I302, best cost 17.3431 + 4247.33 = 4264.67 over 498 frames.
M07UP60A0955I302 eempii 
LOG (lattice-best-path:main():lattice-best-path.cc:99) For utterance M07UP60A0956I414, best cost 20.2977 + 3035.17 = 3055.47 over 298 frames.
M07UP60A0956I414 uttarpradesh 
LOG (lattice-best-path:main():lattice-best-path.cc:99) For utterance M07UP60A0957I412, best cost 18.5459 + 2851.06 = 2869.6 over 298 frames.
M07UP60A0957I412 madhyapradesh 
LOG (lattice-best-path:main():lattice-best-path.cc:99) For utterance M07UP60A0957I413, best cost 17.6892 + 2785.18 = 2802.86 over 298 frames.
M07UP60A0957I413 uttarpradesh 
LOG (lattice-best-path:main():lattice-best-path.cc:99) For utterance M07UP61A0966I300, best cost 19.5377 + 4449.55 = 4469.09 over 498 frames.
M07UP61A0966I300 eempii 
LOG (lattice-best-path:main():lattice-best-path.cc:99) For utterance M07UP61A0968I301, best cost 17.0553 + 4382.48 = 4399.53 over 498 frames.
M07UP61A0968I301 eempii 
LOG (lattice-best-path:main():lattice-best-path.cc:99) For utterance M07UP61A0971I302, best cost 28.2013 + 4608.09 = 4636.29 over 498 frames.
M07UP61A0971I302 madhyapradesh 
LOG (lattice-best-path:main():lattice-best-path.cc:99) For utterance M07UP61A0972I44, best cost 15.7873 + 3069.42 = 3085.21 over 298 frames.
M07UP61A0972I44 eempii 
LOG (lattice-best-path:main():lattice-best-path.cc:99) For utterance M07UP61A0980I301, best cost 30.6172 + 5160.81 = 5191.43 over 498 frames.
M07UP61A0980I301 madhyapradesh 
LOG (lattice-best-path:main():lattice-best-path.cc:99) For utterance M07UP64A0382I300, best cost 29.3717 + 5029.97 = 5059.34 over 498 frames.
M07UP64A0382I300 eempii 
LOG (lattice-best-path:main():lattice-best-path.cc:99) For utterance M07UP64A0382I301, best cost 22.8137 + 5143.48 = 5166.3 over 498 frames.
M07UP64A0382I301 uttarpradesh 
LOG (lattice-best-path:main():lattice-best-path.cc:99) For utterance M07UP64A0386I42, best cost 17.652 + 3017.29 = 3034.94 over 298 frames.
M07UP64A0386I42 eempii 
LOG (lattice-best-path:main():lattice-best-path.cc:99) For utterance M07UP64A0389I42, best cost 19.5633 + 2706.8 = 2726.36 over 298 frames.
M07UP64A0389I42 eempii 
LOG (lattice-best-path:main():lattice-best-path.cc:99) For utterance M07UP64A0390I300, best cost 23.9659 + 4691.23 = 4715.19 over 498 frames.
M07UP64A0390I300 eempii 
LOG (lattice-best-path:main():lattice-best-path.cc:99) For utterance M07UP64A0391I302, best cost 41.9752 + 4702.51 = 4744.48 over 498 frames.
M07UP64A0391I302 eempii 
LOG (lattice-best-path:main():lattice-best-path.cc:99) For utterance M07UP64A0391I303, best cost 28.9428 + 4771.11 = 4800.06 over 498 frames.
M07UP64A0391I303 uttarpradesh 
LOG (lattice-best-path:main():lattice-best-path.cc:99) For utterance M07UP64A0392I301, best cost 14.0044 + 4136.09 = 4150.1 over 498 frames.
M07UP64A0392I301 eempii 
LOG (lattice-best-path:main():lattice-best-path.cc:99) For utterance M07UP64A0393I41, best cost 17.4736 + 3109.08 = 3126.56 over 298 frames.
M07UP64A0393I41 eempii 
LOG (lattice-best-path:main():lattice-best-path.cc:99) For utterance M07UP64A0396I43, best cost 15.6277 + 3226.83 = 3242.46 over 300 frames.
M07UP64A0396I43 eempii 
LOG (lattice-best-path:main():lattice-best-path.cc:99) For utterance M07UP64A0399I302, best cost 28.8984 + 4877.35 = 4906.25 over 498 frames.
M07UP64A0399I302 eempii 
LOG (lattice-best-path:main():lattice-best-path.cc:99) For utterance M07UP64A0400I300, best cost 39.7448 + 5118.38 = 5158.12 over 498 frames.
M07UP64A0400I300 eempii 
LOG (lattice-best-path:main():lattice-best-path.cc:99) For utterance M07UP64A0400I426, best cost 18.4082 + 2944.02 = 2962.43 over 298 frames.
M07UP64A0400I426 yuupii 
LOG (lattice-best-path:main():lattice-best-path.cc:99) For utterance M07UP64A0401I43, best cost 14.9624 + 3055.07 = 3070.03 over 300 frames.
M07UP64A0401I43 madhyapradesh 
LOG (lattice-best-path:main():lattice-best-path.cc:99) For utterance M07UP66A0674I303, best cost 18.6169 + 5069.19 = 5087.81 over 498 frames.
M07UP66A0674I303 eempii 
LOG (lattice-best-path:main():lattice-best-path.cc:99) For utterance M07UP66A0676I303, best cost 16.872 + 5171.76 = 5188.64 over 498 frames.
M07UP66A0676I303 eempii 
LOG (lattice-best-path:main():lattice-best-path.cc:99) For utterance M07UP66A0684I43, best cost 21.5507 + 2891.27 = 2912.82 over 298 frames.
M07UP66A0684I43 madhyapradesh 
LOG (lattice-best-path:main():lattice-best-path.cc:99) For utterance M07UP66A0685I42, best cost 20.9816 + 2960.02 = 2981 over 298 frames.
M07UP66A0685I42 yuupii 
LOG (lattice-best-path:main():lattice-best-path.cc:99) For utterance M07UP66A0687I301, best cost 17.3263 + 4331.42 = 4348.75 over 498 frames.
M07UP66A0687I301 uttarpradesh 
LOG (lattice-best-path:main():lattice-best-path.cc:99) For utterance M07UP66A0688I410, best cost 18.2041 + 2653.49 = 2671.69 over 298 frames.
M07UP66A0688I410 madhyapradesh 
LOG (lattice-best-path:main():lattice-best-path.cc:99) For utterance M07UP66A0692I301, best cost 24.275 + 4886.44 = 4910.72 over 498 frames.
M07UP66A0692I301 eempii 
LOG (lattice-best-path:main():lattice-best-path.cc:99) For utterance M07UP72A0730I42, best cost 15.8793 + 3026.88 = 3042.76 over 298 frames.
M07UP72A0730I42 uttarpradesh 
LOG (lattice-best-path:main():lattice-best-path.cc:99) For utterance M07UP72A0730I46, best cost 19.4418 + 2940.44 = 2959.88 over 298 frames.
LOG (lattice-scale:main():lattice-scale.cc:90) Done 553 lattices.
M07UP72A0730I46 eempii 
LOG (lattice-best-path:main():lattice-best-path.cc:99) For utterance M07UP72A0731I42, best cost 19.1421 + 3215.85 = 3234.99 over 298 frames.
M07UP72A0731I42 madhyapradesh 
LOG (lattice-best-path:main():lattice-best-path.cc:99) For utterance M07UP73A0922I300, best cost 14.669 + 5187.63 = 5202.3 over 498 frames.
M07UP73A0922I300 yuupii 
LOG (lattice-best-path:main():lattice-best-path.cc:99) For utterance M07UP73A0923I41, best cost 13.0585 + 3047.95 = 3061.01 over 298 frames.
M07UP73A0923I41 yuupii 
LOG (lattice-best-path:main():lattice-best-path.cc:99) For utterance M07UP73A0924I41, best cost 16.842 + 2906.03 = 2922.87 over 298 frames.
M07UP73A0924I41 uttarpradesh 
LOG (lattice-best-path:main():lattice-best-path.cc:99) For utterance M07UP73A0925I42, best cost 15.1796 + 2646.51 = 2661.69 over 298 frames.
M07UP73A0925I42 uttarpradesh 
LOG (lattice-best-path:main():lattice-best-path.cc:99) For utterance M07UP73A0927I43, best cost 21.0452 + 2800.7 = 2821.74 over 298 frames.
M07UP73A0927I43 eempii 
LOG (lattice-best-path:main():lattice-best-path.cc:99) For utterance M07UP73A0929I42, best cost 24.4372 + 3049.47 = 3073.91 over 298 frames.
M07UP73A0929I42 madhyapradesh 
LOG (lattice-best-path:main():lattice-best-path.cc:99) For utterance M07UP73A0930I43, best cost 22.2862 + 2868.15 = 2890.44 over 298 frames.
M07UP73A0930I43 yuupii 
LOG (lattice-best-path:main():lattice-best-path.cc:99) For utterance M07UP73A0931I49, best cost 15.7684 + 3011.38 = 3027.15 over 298 frames.
M07UP73A0931I49 eempii 
LOG (lattice-best-path:main():lattice-best-path.cc:99) For utterance M07UP73A0937I42, best cost 15.9254 + 2867.29 = 2883.21 over 298 frames.
M07UP73A0937I42 uttarpradesh 
LOG (lattice-best-path:main():lattice-best-path.cc:99) For utterance M07UP73A0938I42, best cost 16.4881 + 2800.1 = 2816.58 over 298 frames.
M07UP73A0938I42 yuupii 
LOG (lattice-best-path:main():lattice-best-path.cc:99) For utterance M07UP74A0802I303, best cost 29.5845 + 4665.56 = 4695.15 over 498 frames.
M07UP74A0802I303 madhyapradesh 
LOG (lattice-best-path:main():lattice-best-path.cc:99) For utterance M07UP74A0813I300, best cost 21.8451 + 4566.22 = 4588.06 over 498 frames.
M07UP74A0813I300 eempii 
LOG (lattice-best-path:main():lattice-best-path.cc:99) For utterance M07UP74A0814I301, best cost 20.4367 + 4525.84 = 4546.27 over 504 frames.
M07UP74A0814I301 yuupii 
LOG (lattice-best-path:main():lattice-best-path.cc:99) For utterance M07UP74A0817I42, best cost 18.8363 + 2815.18 = 2834.02 over 300 frames.
M07UP74A0817I42 eempii 
LOG (lattice-add-penalty:main():lattice-add-penalty.cc:62) Done adding word insertion penalty to 553 lattices.
LOG (lattice-best-path:main():lattice-best-path.cc:99) For utterance M07UP75A0755I303, best cost 31.5451 + 4853.34 = 4884.89 over 498 frames.
M07UP75A0755I303 madhyapradesh 
LOG (lattice-best-path:main():lattice-best-path.cc:99) For utterance M07UP75A0758I300, best cost 22.3861 + 4791.2 = 4813.58 over 498 frames.
M07UP75A0758I300 eempii 
LOG (lattice-best-path:main():lattice-best-path.cc:99) For utterance M07UP75A0764I302, best cost 25.9804 + 5027.62 = 5053.6 over 498 frames.
M07UP75A0764I302 yuupii 
LOG (lattice-best-path:main():lattice-best-path.cc:99) For utterance M07UP75A0764I42, best cost 18.8061 + 3075.46 = 3094.27 over 298 frames.
M07UP75A0764I42 madhyapradesh 
LOG (lattice-best-path:main():lattice-best-path.cc:99) For utterance M07UP75A0768I40, best cost 16.7113 + 2884.83 = 2901.54 over 298 frames.
M07UP75A0768I40 madhyapradesh 
LOG (lattice-best-path:main():lattice-best-path.cc:99) For utterance M07UP75A0769I301, best cost 25.9178 + 4607.52 = 4633.43 over 498 frames.
M07UP75A0769I301 uttarpradesh 
LOG (lattice-best-path:main():lattice-best-path.cc:99) For utterance M07UP75A0770I303, best cost 30.5208 + 4735.9 = 4766.42 over 498 frames.
M07UP75A0770I303 eempii 
LOG (lattice-best-path:main():lattice-best-path.cc:99) For utterance M07UP75A0771I42, best cost 15.4306 + 2882.25 = 2897.68 over 298 frames.
M07UP75A0771I42 eempii 
LOG (lattice-best-path:main():lattice-best-path.cc:99) For utterance M07UP75A0771I43, best cost 16.7489 + 2921.58 = 2938.33 over 298 frames.
M07UP75A0771I43 madhyapradesh 
LOG (lattice-best-path:main():lattice-best-path.cc:99) For utterance M07UP75A0772I300, best cost 20.0465 + 4529.15 = 4549.2 over 498 frames.
M07UP75A0772I300 madhyapradesh 
LOG (lattice-best-path:main():lattice-best-path.cc:99) For utterance M07UP75A0773I41, best cost 16.2171 + 2783.21 = 2799.43 over 298 frames.
M07UP75A0773I41 uttarpradesh 
LOG (lattice-best-path:main():lattice-best-path.cc:124) Overall cost per frame is 9.84274 = 0.0506203 [graph] + 9.79212 [acoustic] over 207364 frames.
LOG (lattice-best-path:main():lattice-best-path.cc:128) Done 553 lattices, failed for 0
# Accounting: time=1 threads=1
# Ended (code 0) at Mon Jul 25 00:37:32 IST 2016, elapsed time 1 seconds
