# lattice-scale --inv-acoustic-scale=13 "ark:gunzip -c exp/tri1_1600_25600/decode/lat.*.gz|" ark:- | lattice-add-penalty --word-ins-penalty=0.0 ark:- ark:- | lattice-best-path --word-symbol-table=exp/tri1_1600_25600/graph/words.txt ark:- ark,t:- | utils/int2sym.pl -f 2- exp/tri1_1600_25600/graph/words.txt | cat > exp/tri1_1600_25600/decode/scoring_kaldi/penalty_0.0/13.txt 
# Started at Mon Jul 25 00:37:32 IST 2016
#
lattice-add-penalty --word-ins-penalty=0.0 ark:- ark:- 
lattice-scale --inv-acoustic-scale=13 'ark:gunzip -c exp/tri1_1600_25600/decode/lat.*.gz|' ark:- 
lattice-best-path --word-symbol-table=exp/tri1_1600_25600/graph/words.txt ark:- ark,t:- 
LOG (lattice-best-path:main():lattice-best-path.cc:99) For utterance F07UP02A0332I42, best cost 19.7559 + 2341.62 = 2361.38 over 300 frames.
F07UP02A0332I42 uttarpradesh 
LOG (lattice-best-path:main():lattice-best-path.cc:99) For utterance F07UP02A0332I43, best cost 16.9128 + 2219.98 = 2236.89 over 298 frames.
F07UP02A0332I43 madhyapradesh 
LOG (lattice-best-path:main():lattice-best-path.cc:99) For utterance F07UP06A0432I42, best cost 20.6753 + 2063.05 = 2083.73 over 300 frames.
F07UP06A0432I42 eempii 
LOG (lattice-best-path:main():lattice-best-path.cc:99) For utterance F07UP07A0094I427, best cost 15.4497 + 2135.86 = 2151.31 over 298 frames.
F07UP07A0094I427 eempii 
LOG (lattice-best-path:main():lattice-best-path.cc:99) For utterance F07UP07A0096I44, best cost 17.2619 + 2328.91 = 2346.17 over 298 frames.
F07UP07A0096I44 yuupii 
LOG (lattice-best-path:main():lattice-best-path.cc:99) For utterance F07UP09A0491I46, best cost 16.4152 + 2402.84 = 2419.26 over 298 frames.
F07UP09A0491I46 eempii 
LOG (lattice-best-path:main():lattice-best-path.cc:99) For utterance F07UP11A1331I301, best cost 14.1613 + 3458.15 = 3472.31 over 498 frames.
F07UP11A1331I301 eempii 
LOG (lattice-best-path:main():lattice-best-path.cc:99) For utterance F07UP19A0344I46, best cost 17.8289 + 2111.49 = 2129.31 over 298 frames.
F07UP19A0344I46 madhyapradesh 
LOG (lattice-best-path:main():lattice-best-path.cc:99) For utterance F07UP21A0612I41, best cost 18.7639 + 2179.9 = 2198.67 over 298 frames.
F07UP21A0612I41 eempii 
LOG (lattice-best-path:main():lattice-best-path.cc:99) For utterance F07UP22A1336I429, best cost 20.0485 + 2248.43 = 2268.48 over 298 frames.
F07UP22A1336I429 madhyapradesh 
LOG (lattice-best-path:main():lattice-best-path.cc:99) For utterance F07UP22A1336I501, best cost 15.7876 + 2898.24 = 2914.03 over 398 frames.
F07UP22A1336I501 eempii 
LOG (lattice-best-path:main():lattice-best-path.cc:99) For utterance F07UP22A1343I301, best cost 16.0077 + 3470.56 = 3486.57 over 498 frames.
F07UP22A1343I301 uttarpradesh 
LOG (lattice-best-path:main():lattice-best-path.cc:99) For utterance F07UP22A1343I47, best cost 17.6699 + 2406.4 = 2424.07 over 298 frames.
F07UP22A1343I47 eempii 
LOG (lattice-best-path:main():lattice-best-path.cc:99) For utterance F07UP22A1345I47, best cost 13.9788 + 2109.45 = 2123.43 over 298 frames.
F07UP22A1345I47 yuupii 
LOG (lattice-best-path:main():lattice-best-path.cc:99) For utterance F07UP22A1346I435, best cost 20.7891 + 2356.95 = 2377.74 over 300 frames.
F07UP22A1346I435 uttarpradesh 
LOG (lattice-best-path:main():lattice-best-path.cc:99) For utterance F07UP23A0248I41, best cost 15.9482 + 2478.45 = 2494.4 over 298 frames.
F07UP23A0248I41 uttarpradesh 
LOG (lattice-best-path:main():lattice-best-path.cc:99) For utterance F07UP24A0182I302, best cost 18.0048 + 3919.7 = 3937.71 over 498 frames.
F07UP24A0182I302 yuupii 
LOG (lattice-best-path:main():lattice-best-path.cc:99) For utterance F07UP24A0182I41, best cost 16.2434 + 2400.33 = 2416.57 over 298 frames.
F07UP24A0182I41 eempii 
LOG (lattice-best-path:main():lattice-best-path.cc:99) For utterance F07UP24A0183I302, best cost 13.897 + 4116.05 = 4129.95 over 498 frames.
F07UP24A0183I302 yuupii 
LOG (lattice-best-path:main():lattice-best-path.cc:99) For utterance F07UP24A0183I47, best cost 18.0305 + 2346.84 = 2364.87 over 298 frames.
F07UP24A0183I47 madhyapradesh 
LOG (lattice-best-path:main():lattice-best-path.cc:99) For utterance F07UP25A1212I41, best cost 12.91 + 2458.24 = 2471.15 over 298 frames.
F07UP25A1212I41 uttarpradesh 
LOG (lattice-best-path:main():lattice-best-path.cc:99) For utterance F07UP25A1215I42, best cost 13.2847 + 2392.68 = 2405.96 over 298 frames.
F07UP25A1215I42 yuupii 
LOG (lattice-best-path:main():lattice-best-path.cc:99) For utterance F07UP26A0256I43, best cost 13.2033 + 2394.96 = 2408.17 over 298 frames.
F07UP26A0256I43 yuupii 
LOG (lattice-best-path:main():lattice-best-path.cc:99) For utterance F07UP28A0226I300, best cost 17.256 + 4121.05 = 4138.3 over 498 frames.
F07UP28A0226I300 yuupii 
LOG (lattice-best-path:main():lattice-best-path.cc:99) For utterance F07UP28A0226I45, best cost 10.8373 + 2446.37 = 2457.2 over 298 frames.
F07UP28A0226I45 yuupii 
LOG (lattice-best-path:main():lattice-best-path.cc:99) For utterance F07UP28A0227I301, best cost 26.3362 + 4069.22 = 4095.55 over 498 frames.
F07UP28A0227I301 eempii 
LOG (lattice-best-path:main():lattice-best-path.cc:99) For utterance F07UP28A0228I303, best cost 13.2109 + 4230.03 = 4243.25 over 498 frames.
F07UP28A0228I303 yuupii 
LOG (lattice-best-path:main():lattice-best-path.cc:99) For utterance F07UP29A0523I41, best cost 19.1128 + 2173.83 = 2192.94 over 298 frames.
F07UP29A0523I41 eempii 
LOG (lattice-best-path:main():lattice-best-path.cc:99) For utterance F07UP29A0523I44, best cost 15.5507 + 2107.03 = 2122.58 over 298 frames.
F07UP29A0523I44 yuupii 
LOG (lattice-best-path:main():lattice-best-path.cc:99) For utterance F07UP31A1293I42, best cost 13.5916 + 2462.5 = 2476.09 over 298 frames.
F07UP31A1293I42 eempii 
LOG (lattice-best-path:main():lattice-best-path.cc:99) For utterance F07UP34A0567I44, best cost 20.6348 + 2286.18 = 2306.82 over 300 frames.
F07UP34A0567I44 madhyapradesh 
LOG (lattice-best-path:main():lattice-best-path.cc:99) For utterance F07UP35A0453I300, best cost 27.5461 + 3521.18 = 3548.73 over 498 frames.
F07UP35A0453I300 uttarpradesh 
LOG (lattice-best-path:main():lattice-best-path.cc:99) For utterance F07UP37A0304I300, best cost 18.4763 + 3496.51 = 3514.99 over 498 frames.
F07UP37A0304I300 yuupii 
LOG (lattice-best-path:main():lattice-best-path.cc:99) For utterance F07UP38A0101I41, best cost 19.2246 + 2324.18 = 2343.41 over 298 frames.
F07UP38A0101I41 eempii 
LOG (lattice-best-path:main():lattice-best-path.cc:99) For utterance F07UP41A0286I40, best cost 11.9829 + 2030.29 = 2042.27 over 298 frames.
F07UP41A0286I40 eempii 
LOG (lattice-best-path:main():lattice-best-path.cc:99) For utterance F07UP41A0286I42, best cost 9.84797 + 1899.46 = 1909.31 over 298 frames.
F07UP41A0286I42 eempii 
LOG (lattice-best-path:main():lattice-best-path.cc:99) For utterance F07UP52A0208I44, best cost 9.97397 + 2423.7 = 2433.67 over 298 frames.
F07UP52A0208I44 yuupii 
LOG (lattice-best-path:main():lattice-best-path.cc:99) For utterance F07UP54A1284I430, best cost 14.019 + 2192.35 = 2206.37 over 298 frames.
F07UP54A1284I430 madhyapradesh 
LOG (lattice-best-path:main():lattice-best-path.cc:99) For utterance F07UP57A0408I41, best cost 17.8815 + 2390.9 = 2408.78 over 298 frames.
F07UP57A0408I41 eempii 
LOG (lattice-best-path:main():lattice-best-path.cc:99) For utterance F07UP60A0943I300, best cost 23.6224 + 4169.92 = 4193.54 over 498 frames.
F07UP60A0943I300 uttarpradesh 
LOG (lattice-best-path:main():lattice-best-path.cc:99) For utterance F07UP60A0944I303, best cost 17.7144 + 3431.35 = 3449.06 over 498 frames.
F07UP60A0944I303 eempii 
LOG (lattice-best-path:main():lattice-best-path.cc:99) For utterance F07UP60A0949I300, best cost 25.8338 + 3680.41 = 3706.25 over 498 frames.
F07UP60A0949I300 yuupii 
LOG (lattice-best-path:main():lattice-best-path.cc:99) For utterance F07UP60A0949I302, best cost 23.7865 + 3461.92 = 3485.7 over 498 frames.
F07UP60A0949I302 eempii 
LOG (lattice-best-path:main():lattice-best-path.cc:99) For utterance F07UP60A0949I303, best cost 26.0479 + 3470.27 = 3496.32 over 498 frames.
F07UP60A0949I303 uttarpradesh 
LOG (lattice-best-path:main():lattice-best-path.cc:99) For utterance F07UP60A0953I41, best cost 19.0554 + 2138.51 = 2157.57 over 298 frames.
F07UP60A0953I41 madhyapradesh 
LOG (lattice-best-path:main():lattice-best-path.cc:99) For utterance F07UP60A0962I427, best cost 13.6237 + 2320.2 = 2333.83 over 298 frames.
F07UP60A0962I427 yuupii 
LOG (lattice-best-path:main():lattice-best-path.cc:99) For utterance F07UP60A0963I46, best cost 24.6305 + 2395.72 = 2420.35 over 298 frames.
F07UP60A0963I46 eempii 
LOG (lattice-best-path:main():lattice-best-path.cc:99) For utterance F07UP64A0395I300, best cost 22.6071 + 3639.44 = 3662.05 over 498 frames.
F07UP64A0395I300 yuupii 
LOG (lattice-best-path:main():lattice-best-path.cc:99) For utterance F07UP64A0397I301, best cost 13.9452 + 3989.5 = 4003.44 over 498 frames.
F07UP64A0397I301 yuupii 
LOG (lattice-best-path:main():lattice-best-path.cc:99) For utterance F07UP64A0402I41, best cost 18.7671 + 2202.29 = 2221.06 over 298 frames.
F07UP64A0402I41 madhyapradesh 
LOG (lattice-best-path:main():lattice-best-path.cc:99) For utterance F07UP72A0728I300, best cost 22.1705 + 3905.9 = 3928.07 over 498 frames.
F07UP72A0728I300 uttarpradesh 
LOG (lattice-best-path:main():lattice-best-path.cc:99) For utterance F07UP75A0756I300, best cost 25.3409 + 3640.74 = 3666.08 over 498 frames.
F07UP75A0756I300 uttarpradesh 
LOG (lattice-best-path:main():lattice-best-path.cc:99) For utterance F07UP75A0763I435, best cost 11.3128 + 2091.83 = 2103.14 over 300 frames.
F07UP75A0763I435 eempii 
LOG (lattice-best-path:main():lattice-best-path.cc:99) For utterance M07UP01A0057I427, best cost 11.4391 + 2476.57 = 2488 over 298 frames.
M07UP01A0057I427 eempii 
LOG (lattice-best-path:main():lattice-best-path.cc:99) For utterance M07UP01A0062I412, best cost 20.3712 + 2346.52 = 2366.89 over 298 frames.
M07UP01A0062I412 uttarpradesh 
LOG (lattice-best-path:main():lattice-best-path.cc:99) For utterance M07UP01A0062I45, best cost 17.0828 + 2220.97 = 2238.05 over 300 frames.
M07UP01A0062I45 eempii 
LOG (lattice-best-path:main():lattice-best-path.cc:99) For utterance M07UP01A0063I43, best cost 16.1958 + 2352.99 = 2369.18 over 298 frames.
M07UP01A0063I43 eempii 
LOG (lattice-best-path:main():lattice-best-path.cc:99) For utterance M07UP01A0069I413, best cost 17.8372 + 2270.64 = 2288.47 over 298 frames.
M07UP01A0069I413 yuupii 
LOG (lattice-best-path:main():lattice-best-path.cc:99) For utterance M07UP01A0160I420, best cost 16.754 + 2240.6 = 2257.35 over 298 frames.
M07UP01A0160I420 uttarpradesh 
LOG (lattice-best-path:main():lattice-best-path.cc:99) For utterance M07UP01A0160I430, best cost 16.1897 + 2311.42 = 2327.61 over 298 frames.
M07UP01A0160I430 eempii 
LOG (lattice-best-path:main():lattice-best-path.cc:99) For utterance M07UP01A0160I47, best cost 10.889 + 2369.18 = 2380.07 over 298 frames.
M07UP01A0160I47 yuupii 
LOG (lattice-best-path:main():lattice-best-path.cc:99) For utterance M07UP02A0321I47, best cost 18.2793 + 2206.96 = 2225.24 over 300 frames.
M07UP02A0321I47 madhyapradesh 
LOG (lattice-best-path:main():lattice-best-path.cc:99) For utterance M07UP02A0323I300, best cost 12.1281 + 3584.94 = 3597.07 over 498 frames.
M07UP02A0323I300 eempii 
LOG (lattice-best-path:main():lattice-best-path.cc:99) For utterance M07UP02A0325I43, best cost 13.8581 + 2395.18 = 2409.04 over 298 frames.
M07UP02A0325I43 eempii 
LOG (lattice-best-path:main():lattice-best-path.cc:99) For utterance M07UP02A0329I43, best cost 17.4282 + 2101.2 = 2118.63 over 298 frames.
M07UP02A0329I43 madhyapradesh 
LOG (lattice-best-path:main():lattice-best-path.cc:99) For utterance M07UP02A0330I303, best cost 18.5238 + 3228.43 = 3246.95 over 498 frames.
M07UP02A0330I303 eempii 
LOG (lattice-best-path:main():lattice-best-path.cc:99) For utterance M07UP02A0333I45, best cost 20.094 + 2229.84 = 2249.93 over 298 frames.
M07UP02A0333I45 yuupii 
LOG (lattice-best-path:main():lattice-best-path.cc:99) For utterance M07UP02A0335I301, best cost 15.2243 + 3881.71 = 3896.93 over 498 frames.
M07UP02A0335I301 yuupii 
LOG (lattice-best-path:main():lattice-best-path.cc:99) For utterance M07UP02A0336I44, best cost 16.1605 + 2204.86 = 2221.02 over 290 frames.
M07UP02A0336I44 uttarpradesh 
LOG (lattice-best-path:main():lattice-best-path.cc:99) For utterance M07UP02A0337I41, best cost 20.5992 + 2436.31 = 2456.91 over 298 frames.
M07UP02A0337I41 eempii 
LOG (lattice-best-path:main():lattice-best-path.cc:99) For utterance M07UP02A0337I44, best cost 15.1788 + 2120.94 = 2136.12 over 298 frames.
M07UP02A0337I44 eempii 
LOG (lattice-best-path:main():lattice-best-path.cc:99) For utterance M07UP04A1227I45, best cost 16.2068 + 2362.52 = 2378.73 over 298 frames.
M07UP04A1227I45 yuupii 
LOG (lattice-best-path:main():lattice-best-path.cc:99) For utterance M07UP04A1230I303, best cost 40.472 + 3770.15 = 3810.62 over 498 frames.
M07UP04A1230I303 eempii 
LOG (lattice-best-path:main():lattice-best-path.cc:99) For utterance M07UP04A1235I41, best cost 13.368 + 2395.19 = 2408.55 over 298 frames.
M07UP04A1235I41 madhyapradesh 
LOG (lattice-best-path:main():lattice-best-path.cc:99) For utterance M07UP04A1235I46, best cost 17.4295 + 2083.6 = 2101.03 over 298 frames.
M07UP04A1235I46 madhyapradesh 
LOG (lattice-best-path:main():lattice-best-path.cc:99) For utterance M07UP04A1236I303, best cost 32.0005 + 3755.93 = 3787.93 over 498 frames.
M07UP04A1236I303 uttarpradesh 
LOG (lattice-best-path:main():lattice-best-path.cc:99) For utterance M07UP04A1239I301, best cost 24.969 + 3452.35 = 3477.31 over 498 frames.
M07UP04A1239I301 uttarpradesh 
LOG (lattice-best-path:main():lattice-best-path.cc:99) For utterance M07UP04A1242I410, best cost 19.9062 + 2281.68 = 2301.59 over 298 frames.
M07UP04A1242I410 uttarpradesh 
LOG (lattice-best-path:main():lattice-best-path.cc:99) For utterance M07UP04A1243I300, best cost 29.0741 + 4007.23 = 4036.3 over 498 frames.
M07UP04A1243I300 madhyapradesh 
LOG (lattice-best-path:main():lattice-best-path.cc:99) For utterance M07UP04A1243I435, best cost 18.7917 + 2224.7 = 2243.49 over 300 frames.
M07UP04A1243I435 uttarpradesh 
LOG (lattice-best-path:main():lattice-best-path.cc:99) For utterance M07UP04A1244I44, best cost 14.7318 + 2580.37 = 2595.1 over 298 frames.
M07UP04A1244I44 yuupii 
LOG (lattice-best-path:main():lattice-best-path.cc:99) For utterance M07UP04A1245I48, best cost 21.9891 + 2487.26 = 2509.25 over 298 frames.
M07UP04A1245I48 uttarpradesh 
LOG (lattice-best-path:main():lattice-best-path.cc:99) For utterance M07UP05A0903I43, best cost 19.4372 + 2172.27 = 2191.71 over 298 frames.
M07UP05A0903I43 yuupii 
LOG (lattice-best-path:main():lattice-best-path.cc:99) For utterance M07UP05A0910I300, best cost 25.5331 + 3368.4 = 3393.93 over 498 frames.
M07UP05A0910I300 eempii 
LOG (lattice-best-path:main():lattice-best-path.cc:99) For utterance M07UP05A0911I42, best cost 14.0368 + 2327.22 = 2341.25 over 298 frames.
M07UP05A0911I42 uttarpradesh 
LOG (lattice-best-path:main():lattice-best-path.cc:99) For utterance M07UP05A0914I300, best cost 20.2446 + 3402.77 = 3423.02 over 498 frames.
M07UP05A0914I300 eempii 
LOG (lattice-best-path:main():lattice-best-path.cc:99) For utterance M07UP05A0914I302, best cost 32.4947 + 3550.14 = 3582.63 over 498 frames.
M07UP05A0914I302 uttarpradesh 
LOG (lattice-best-path:main():lattice-best-path.cc:99) For utterance M07UP05A0915I301, best cost 16.5831 + 3454.66 = 3471.24 over 498 frames.
M07UP05A0915I301 uttarpradesh 
LOG (lattice-best-path:main():lattice-best-path.cc:99) For utterance M07UP05A0916I43, best cost 24.8423 + 2243.54 = 2268.38 over 298 frames.
M07UP05A0916I43 madhyapradesh 
LOG (lattice-best-path:main():lattice-best-path.cc:99) For utterance M07UP05A0920I411, best cost 17.1099 + 2209.74 = 2226.85 over 298 frames.
M07UP05A0920I411 uttarpradesh 
LOG (lattice-best-path:main():lattice-best-path.cc:99) For utterance M07UP06A0427I301, best cost 16.6188 + 3133.6 = 3150.22 over 498 frames.
M07UP06A0427I301 uttarpradesh 
LOG (lattice-best-path:main():lattice-best-path.cc:99) For utterance M07UP06A0428I41, best cost 12.9785 + 2359.85 = 2372.83 over 298 frames.
M07UP06A0428I41 eempii 
LOG (lattice-best-path:main():lattice-best-path.cc:99) For utterance M07UP06A0429I411, best cost 14.0115 + 2118.58 = 2132.59 over 298 frames.
M07UP06A0429I411 uttarpradesh 
LOG (lattice-best-path:main():lattice-best-path.cc:99) For utterance M07UP06A0433I301, best cost 25.5879 + 3459.94 = 3485.53 over 498 frames.
M07UP06A0433I301 madhyapradesh 
LOG (lattice-best-path:main():lattice-best-path.cc:99) For utterance M07UP06A0433I40, best cost 20.2756 + 2244.42 = 2264.69 over 298 frames.
M07UP06A0433I40 uttarpradesh 
LOG (lattice-best-path:main():lattice-best-path.cc:99) For utterance M07UP06A0433I41, best cost 20.9793 + 2372.87 = 2393.85 over 298 frames.
M07UP06A0433I41 eempii 
LOG (lattice-best-path:main():lattice-best-path.cc:99) For utterance M07UP06A0437I42, best cost 13.5899 + 2077.8 = 2091.39 over 298 frames.
M07UP06A0437I42 uttarpradesh 
LOG (lattice-best-path:main():lattice-best-path.cc:99) For utterance M07UP06A0438I41, best cost 15.2157 + 2119.85 = 2135.07 over 298 frames.
M07UP06A0438I41 eempii 
LOG (lattice-best-path:main():lattice-best-path.cc:99) For utterance M07UP06A0442I41, best cost 13.1495 + 2386.72 = 2399.87 over 298 frames.
M07UP06A0442I41 yuupii 
LOG (lattice-best-path:main():lattice-best-path.cc:99) For utterance M07UP06A0442I42, best cost 16.6672 + 2266.02 = 2282.69 over 300 frames.
M07UP06A0442I42 madhyapradesh 
LOG (lattice-best-path:main():lattice-best-path.cc:99) For utterance M07UP06A0444I43, best cost 19.6062 + 2043.71 = 2063.32 over 298 frames.
M07UP06A0444I43 eempii 
LOG (lattice-best-path:main():lattice-best-path.cc:99) For utterance M07UP06A0445I301, best cost 21.0385 + 3726.64 = 3747.68 over 490 frames.
M07UP06A0445I301 eempii 
LOG (lattice-best-path:main():lattice-best-path.cc:99) For utterance M07UP06A0447I41, best cost 16.6342 + 2102.85 = 2119.49 over 298 frames.
M07UP06A0447I41 eempii 
LOG (lattice-best-path:main():lattice-best-path.cc:99) For utterance M07UP07A0134I42, best cost 17.3775 + 2090.69 = 2108.06 over 298 frames.
M07UP07A0134I42 uttarpradesh 
LOG (lattice-best-path:main():lattice-best-path.cc:99) For utterance M07UP07A0134I436, best cost 16.8323 + 2291.47 = 2308.3 over 298 frames.
M07UP07A0134I436 uttarpradesh 
LOG (lattice-best-path:main():lattice-best-path.cc:99) For utterance M07UP07A0136I410, best cost 12.9224 + 2414.78 = 2427.7 over 298 frames.
M07UP07A0136I410 yuupii 
LOG (lattice-best-path:main():lattice-best-path.cc:99) For utterance M07UP07A0136I438, best cost 21.4162 + 2336.71 = 2358.13 over 298 frames.
M07UP07A0136I438 yuupii 
LOG (lattice-best-path:main():lattice-best-path.cc:99) For utterance M07UP07A0138I414, best cost 9.3426 + 1964.13 = 1973.47 over 298 frames.
M07UP07A0138I414 uttarpradesh 
LOG (lattice-best-path:main():lattice-best-path.cc:99) For utterance M07UP07A0139I42, best cost 12.0607 + 2266.82 = 2278.88 over 298 frames.
M07UP07A0139I42 eempii 
LOG (lattice-best-path:main():lattice-best-path.cc:99) For utterance M07UP07A0142I43, best cost 15.087 + 2431.27 = 2446.36 over 298 frames.
M07UP07A0142I43 eempii 
LOG (lattice-best-path:main():lattice-best-path.cc:99) For utterance M07UP07A0143I45, best cost 14.0246 + 2301.39 = 2315.41 over 298 frames.
M07UP07A0143I45 uttarpradesh 
LOG (lattice-best-path:main():lattice-best-path.cc:99) For utterance M07UP07A0145I436, best cost 12.5047 + 2083.49 = 2095.99 over 298 frames.
M07UP07A0145I436 yuupii 
LOG (lattice-best-path:main():lattice-best-path.cc:99) For utterance M07UP09A0483I300, best cost 12.1632 + 3360.52 = 3372.68 over 498 frames.
M07UP09A0483I300 yuupii 
LOG (lattice-best-path:main():lattice-best-path.cc:99) For utterance M07UP09A0485I43, best cost 20.9574 + 2264.57 = 2285.52 over 298 frames.
M07UP09A0485I43 eempii 
LOG (lattice-best-path:main():lattice-best-path.cc:99) For utterance M07UP09A0488I43, best cost 15.2494 + 2426.87 = 2442.12 over 298 frames.
M07UP09A0488I43 yuupii 
LOG (lattice-best-path:main():lattice-best-path.cc:99) For utterance M07UP09A0489I300, best cost 19.4404 + 3517.72 = 3537.16 over 498 frames.
M07UP09A0489I300 yuupii 
LOG (lattice-best-path:main():lattice-best-path.cc:99) For utterance M07UP09A0490I301, best cost 13.6048 + 3375.24 = 3388.84 over 498 frames.
M07UP09A0490I301 yuupii 
LOG (lattice-best-path:main():lattice-best-path.cc:99) For utterance M07UP09A0494I300, best cost 18.431 + 3525.41 = 3543.84 over 498 frames.
M07UP09A0494I300 uttarpradesh 
LOG (lattice-best-path:main():lattice-best-path.cc:99) For utterance M07UP09A0495I301, best cost 19.7484 + 3463.37 = 3483.12 over 498 frames.
M07UP09A0495I301 eempii 
LOG (lattice-best-path:main():lattice-best-path.cc:99) For utterance M07UP09A0495I41, best cost 19.9959 + 2284.14 = 2304.13 over 298 frames.
M07UP09A0495I41 madhyapradesh 
LOG (lattice-best-path:main():lattice-best-path.cc:99) For utterance M07UP09A0496I303, best cost 19.3645 + 3358.93 = 3378.3 over 498 frames.
M07UP09A0496I303 uttarpradesh 
LOG (lattice-best-path:main():lattice-best-path.cc:99) For utterance M07UP09A0499I43, best cost 13.9138 + 1969.39 = 1983.3 over 298 frames.
M07UP09A0499I43 eempii 
LOG (lattice-best-path:main():lattice-best-path.cc:99) For utterance M07UP09A0500I42, best cost 22.228 + 2381.07 = 2403.3 over 298 frames.
M07UP09A0500I42 yuupii 
LOG (lattice-best-path:main():lattice-best-path.cc:99) For utterance M07UP09A0500I44, best cost 17.2706 + 2163.49 = 2180.76 over 298 frames.
M07UP09A0500I44 yuupii 
LOG (lattice-best-path:main():lattice-best-path.cc:99) For utterance M07UP09A0503I301, best cost 14.9199 + 3671.37 = 3686.29 over 498 frames.
M07UP09A0503I301 eempii 
LOG (lattice-best-path:main():lattice-best-path.cc:99) For utterance M07UP09A0505I300, best cost 24.2991 + 3962.82 = 3987.11 over 498 frames.
M07UP09A0505I300 uttarpradesh 
LOG (lattice-best-path:main():lattice-best-path.cc:99) For utterance M07UP09A0505I504, best cost 18.3438 + 2266.23 = 2284.58 over 298 frames.
M07UP09A0505I504 eempii 
LOG (lattice-best-path:main():lattice-best-path.cc:99) For utterance M07UP11A1317I41, best cost 14.5496 + 2076.15 = 2090.7 over 298 frames.
M07UP11A1317I41 yuupii 
LOG (lattice-best-path:main():lattice-best-path.cc:99) For utterance M07UP11A1319I300, best cost 31.0713 + 3468.32 = 3499.39 over 498 frames.
M07UP11A1319I300 madhyapradesh 
LOG (lattice-best-path:main():lattice-best-path.cc:99) For utterance M07UP11A1328I301, best cost 29.8061 + 3442.26 = 3472.07 over 498 frames.
M07UP11A1328I301 madhyapradesh 
LOG (lattice-best-path:main():lattice-best-path.cc:99) For utterance M07UP11A1337I301, best cost 20.8449 + 3484.45 = 3505.3 over 498 frames.
M07UP11A1337I301 yuupii 
LOG (lattice-best-path:main():lattice-best-path.cc:99) For utterance M07UP11A1349I303, best cost 22.4047 + 3882.96 = 3905.36 over 498 frames.
M07UP11A1349I303 yuupii 
LOG (lattice-best-path:main():lattice-best-path.cc:99) For utterance M07UP11A1351I302, best cost 26.5402 + 3604.47 = 3631.01 over 498 frames.
M07UP11A1351I302 madhyapradesh 
LOG (lattice-best-path:main():lattice-best-path.cc:99) For utterance M07UP11A1352I427, best cost 14.2357 + 2130.58 = 2144.82 over 298 frames.
M07UP11A1352I427 eempii 
LOG (lattice-best-path:main():lattice-best-path.cc:99) For utterance M07UP11A1352I429, best cost 13.9235 + 2120.11 = 2134.04 over 298 frames.
M07UP11A1352I429 uttarpradesh 
LOG (lattice-best-path:main():lattice-best-path.cc:99) For utterance M07UP13A0882I300, best cost 18.9021 + 3858.14 = 3877.04 over 498 frames.
M07UP13A0882I300 eempii 
LOG (lattice-best-path:main():lattice-best-path.cc:99) For utterance M07UP13A0882I301, best cost 18.6501 + 3956.95 = 3975.6 over 498 frames.
M07UP13A0882I301 yuupii 
LOG (lattice-best-path:main():lattice-best-path.cc:99) For utterance M07UP13A0884I303, best cost 21.1799 + 3934.64 = 3955.82 over 498 frames.
M07UP13A0884I303 uttarpradesh 
LOG (lattice-best-path:main():lattice-best-path.cc:99) For utterance M07UP13A0888I41, best cost 14.0322 + 2264.98 = 2279.02 over 298 frames.
M07UP13A0888I41 eempii 
LOG (lattice-best-path:main():lattice-best-path.cc:99) For utterance M07UP13A0889I41, best cost 19.0381 + 2516.65 = 2535.69 over 298 frames.
M07UP13A0889I41 eempii 
LOG (lattice-best-path:main():lattice-best-path.cc:99) For utterance M07UP13A0890I43, best cost 14.7733 + 2544.27 = 2559.04 over 298 frames.
M07UP13A0890I43 yuupii 
LOG (lattice-best-path:main():lattice-best-path.cc:99) For utterance M07UP13A0897I302, best cost 30.9366 + 3751.08 = 3782.02 over 498 frames.
M07UP13A0897I302 uttarpradesh 
LOG (lattice-best-path:main():lattice-best-path.cc:99) For utterance M07UP13A0897I41, best cost 17.0412 + 2191.19 = 2208.23 over 298 frames.
M07UP13A0897I41 madhyapradesh 
LOG (lattice-best-path:main():lattice-best-path.cc:99) For utterance M07UP13A0898I303, best cost 23.0876 + 3863.65 = 3886.74 over 498 frames.
M07UP13A0898I303 eempii 
LOG (lattice-best-path:main():lattice-best-path.cc:99) For utterance M07UP13A0900I436, best cost 11.6518 + 2238.54 = 2250.19 over 298 frames.
M07UP13A0900I436 yuupii 
LOG (lattice-best-path:main():lattice-best-path.cc:99) For utterance M07UP14A0572I301, best cost 21.1479 + 3424.35 = 3445.5 over 498 frames.
M07UP14A0572I301 madhyapradesh 
LOG (lattice-best-path:main():lattice-best-path.cc:99) For utterance M07UP14A0576I41, best cost 19.8635 + 2307.99 = 2327.85 over 298 frames.
M07UP14A0576I41 eempii 
LOG (lattice-best-path:main():lattice-best-path.cc:99) For utterance M07UP14A0583I300, best cost 23.3466 + 3881.38 = 3904.73 over 498 frames.
M07UP14A0583I300 eempii 
LOG (lattice-best-path:main():lattice-best-path.cc:99) For utterance M07UP14A0588I41, best cost 19.5944 + 2297.2 = 2316.79 over 300 frames.
M07UP14A0588I41 madhyapradesh 
LOG (lattice-best-path:main():lattice-best-path.cc:99) For utterance M07UP14A0590I300, best cost 20.7019 + 3575.75 = 3596.46 over 498 frames.
M07UP14A0590I300 eempii 
LOG (lattice-best-path:main():lattice-best-path.cc:99) For utterance M07UP14A0590I43, best cost 20.8622 + 2283.29 = 2304.15 over 298 frames.
M07UP14A0590I43 uttarpradesh 
LOG (lattice-best-path:main():lattice-best-path.cc:99) For utterance M07UP14A0591I302, best cost 16.0162 + 3455.95 = 3471.96 over 498 frames.
M07UP14A0591I302 madhyapradesh 
LOG (lattice-best-path:main():lattice-best-path.cc:99) For utterance M07UP14A0591I303, best cost 12.8686 + 3900.05 = 3912.92 over 498 frames.
M07UP14A0591I303 yuupii 
LOG (lattice-best-path:main():lattice-best-path.cc:99) For utterance M07UP18A0362I47, best cost 18.4334 + 2238.85 = 2257.29 over 298 frames.
M07UP18A0362I47 madhyapradesh 
LOG (lattice-best-path:main():lattice-best-path.cc:99) For utterance M07UP18A0363I300, best cost 21.8851 + 3540.54 = 3562.43 over 498 frames.
M07UP18A0363I300 eempii 
LOG (lattice-best-path:main():lattice-best-path.cc:99) For utterance M07UP18A0363I302, best cost 21.5803 + 3428.11 = 3449.69 over 498 frames.
M07UP18A0363I302 eempii 
LOG (lattice-best-path:main():lattice-best-path.cc:99) For utterance M07UP18A0365I42, best cost 15.7921 + 2155.79 = 2171.59 over 298 frames.
M07UP18A0365I42 eempii 
LOG (lattice-best-path:main():lattice-best-path.cc:99) For utterance M07UP18A0366I41, best cost 17.8628 + 2254.8 = 2272.67 over 298 frames.
M07UP18A0366I41 eempii 
LOG (lattice-best-path:main():lattice-best-path.cc:99) For utterance M07UP18A0367I43, best cost 14.2215 + 2266.74 = 2280.96 over 298 frames.
M07UP18A0367I43 uttarpradesh 
LOG (lattice-best-path:main():lattice-best-path.cc:99) For utterance M07UP18A0368I301, best cost 28.1889 + 3803.03 = 3831.22 over 498 frames.
M07UP18A0368I301 madhyapradesh 
LOG (lattice-best-path:main():lattice-best-path.cc:99) For utterance M07UP18A0368I49, best cost 13.6922 + 2294.6 = 2308.29 over 298 frames.
M07UP18A0368I49 yuupii 
LOG (lattice-best-path:main():lattice-best-path.cc:99) For utterance M07UP18A0369I48, best cost 21.0711 + 2502.56 = 2523.63 over 298 frames.
M07UP18A0369I48 eempii 
LOG (lattice-best-path:main():lattice-best-path.cc:99) For utterance M07UP18A0371I300, best cost 20.2365 + 3985.43 = 4005.67 over 498 frames.
M07UP18A0371I300 yuupii 
LOG (lattice-best-path:main():lattice-best-path.cc:99) For utterance M07UP18A0374I300, best cost 20.6472 + 4252.43 = 4273.08 over 498 frames.
M07UP18A0374I300 eempii 
LOG (lattice-best-path:main():lattice-best-path.cc:99) For utterance M07UP18A0374I48, best cost 18.037 + 2449.43 = 2467.47 over 298 frames.
M07UP18A0374I48 madhyapradesh 
LOG (lattice-best-path:main():lattice-best-path.cc:99) For utterance M07UP18A0375I45, best cost 16.2331 + 2417.45 = 2433.68 over 298 frames.
M07UP18A0375I45 eempii 
LOG (lattice-best-path:main():lattice-best-path.cc:99) For utterance M07UP18A0376I43, best cost 13.7917 + 2137.33 = 2151.12 over 298 frames.
M07UP18A0376I43 eempii 
LOG (lattice-best-path:main():lattice-best-path.cc:99) For utterance M07UP18A0376I49, best cost 17.3086 + 2159.7 = 2177.01 over 298 frames.
M07UP18A0376I49 uttarpradesh 
LOG (lattice-best-path:main():lattice-best-path.cc:99) For utterance M07UP18A0378I302, best cost 25.5027 + 4218.48 = 4243.98 over 498 frames.
M07UP18A0378I302 eempii 
LOG (lattice-best-path:main():lattice-best-path.cc:99) For utterance M07UP18A0380I300, best cost 22.2975 + 3832.26 = 3854.56 over 498 frames.
M07UP18A0380I300 madhyapradesh 
LOG (lattice-best-path:main():lattice-best-path.cc:99) For utterance M07UP19A0341I48, best cost 10.6666 + 2016.92 = 2027.59 over 298 frames.
M07UP19A0341I48 yuupii 
LOG (lattice-best-path:main():lattice-best-path.cc:99) For utterance M07UP19A0345I300, best cost 24.7901 + 4179.71 = 4204.5 over 490 frames.
M07UP19A0345I300 uttarpradesh 
LOG (lattice-best-path:main():lattice-best-path.cc:99) For utterance M07UP19A0345I45, best cost 17.5938 + 2167.35 = 2184.95 over 298 frames.
M07UP19A0345I45 uttarpradesh 
LOG (lattice-best-path:main():lattice-best-path.cc:99) For utterance M07UP19A0346I301, best cost 25.0817 + 4028.44 = 4053.52 over 498 frames.
M07UP19A0346I301 madhyapradesh 
LOG (lattice-best-path:main():lattice-best-path.cc:99) For utterance M07UP19A0348I301, best cost 31.0079 + 3569.13 = 3600.14 over 498 frames.
M07UP19A0348I301 eempii 
LOG (lattice-best-path:main():lattice-best-path.cc:99) For utterance M07UP19A0354I301, best cost 22.1103 + 4115.12 = 4137.23 over 498 frames.
M07UP19A0354I301 eempii 
LOG (lattice-best-path:main():lattice-best-path.cc:99) For utterance M07UP19A0354I303, best cost 24.7528 + 4000.94 = 4025.69 over 498 frames.
M07UP19A0354I303 eempii 
LOG (lattice-best-path:main():lattice-best-path.cc:99) For utterance M07UP19A0356I43, best cost 19.5288 + 2245.76 = 2265.29 over 298 frames.
M07UP19A0356I43 uttarpradesh 
LOG (lattice-best-path:main():lattice-best-path.cc:99) For utterance M07UP19A0357I300, best cost 19.319 + 3712.78 = 3732.1 over 498 frames.
M07UP19A0357I300 madhyapradesh 
LOG (lattice-best-path:main():lattice-best-path.cc:99) For utterance M07UP19A0358I303, best cost 24.5488 + 3528.9 = 3553.45 over 498 frames.
M07UP19A0358I303 madhyapradesh 
LOG (lattice-best-path:main():lattice-best-path.cc:99) For utterance M07UP19A0359I40, best cost 12.427 + 2078.65 = 2091.08 over 298 frames.
M07UP19A0359I40 madhyapradesh 
LOG (lattice-best-path:main():lattice-best-path.cc:99) For utterance M07UP20A0734I300, best cost 25.4944 + 3679.67 = 3705.16 over 498 frames.
M07UP20A0734I300 yuupii 
LOG (lattice-best-path:main():lattice-best-path.cc:99) For utterance M07UP20A0739I44, best cost 19.7743 + 2123.98 = 2143.76 over 298 frames.
M07UP20A0739I44 uttarpradesh 
LOG (lattice-best-path:main():lattice-best-path.cc:99) For utterance M07UP20A0739I45, best cost 14.2353 + 2069.14 = 2083.37 over 300 frames.
M07UP20A0739I45 madhyapradesh 
LOG (lattice-best-path:main():lattice-best-path.cc:99) For utterance M07UP20A0740I302, best cost 21.3877 + 3567.74 = 3589.12 over 498 frames.
M07UP20A0740I302 eempii 
LOG (lattice-best-path:main():lattice-best-path.cc:99) For utterance M07UP20A0742I302, best cost 15.7124 + 3280.13 = 3295.85 over 498 frames.
M07UP20A0742I302 eempii 
LOG (lattice-best-path:main():lattice-best-path.cc:99) For utterance M07UP20A0750I40, best cost 23.0275 + 2258.62 = 2281.65 over 298 frames.
M07UP20A0750I40 eempii 
LOG (lattice-best-path:main():lattice-best-path.cc:99) For utterance M07UP20A0753I43, best cost 14.6175 + 2453.83 = 2468.45 over 298 frames.
M07UP20A0753I43 yuupii 
LOG (lattice-best-path:main():lattice-best-path.cc:99) For utterance M07UP21A0593I302, best cost 24.9698 + 3906.7 = 3931.67 over 498 frames.
M07UP21A0593I302 eempii 
LOG (lattice-best-path:main():lattice-best-path.cc:99) For utterance M07UP21A0598I41, best cost 23.1209 + 2186.93 = 2210.05 over 298 frames.
M07UP21A0598I41 yuupii 
LOG (lattice-best-path:main():lattice-best-path.cc:99) For utterance M07UP21A0600I300, best cost 28.3757 + 3798.54 = 3826.92 over 498 frames.
M07UP21A0600I300 yuupii 
LOG (lattice-best-path:main():lattice-best-path.cc:99) For utterance M07UP21A0600I42, best cost 23.8668 + 2182.72 = 2206.59 over 298 frames.
M07UP21A0600I42 eempii 
LOG (lattice-best-path:main():lattice-best-path.cc:99) For utterance M07UP21A0606I301, best cost 33.071 + 3819.18 = 3852.25 over 498 frames.
M07UP21A0606I301 uttarpradesh 
LOG (lattice-best-path:main():lattice-best-path.cc:99) For utterance M07UP21A0606I302, best cost 19.1603 + 4032.54 = 4051.7 over 498 frames.
M07UP21A0606I302 eempii 
LOG (lattice-best-path:main():lattice-best-path.cc:99) For utterance M07UP21A0607I301, best cost 28.2529 + 3644.43 = 3672.69 over 498 frames.
M07UP21A0607I301 yuupii 
LOG (lattice-best-path:main():lattice-best-path.cc:99) For utterance M07UP22A1323I47, best cost 10.0905 + 1944.99 = 1955.08 over 298 frames.
M07UP22A1323I47 eempii 
LOG (lattice-best-path:main():lattice-best-path.cc:99) For utterance M07UP22A1326I300, best cost 22.5597 + 3637.59 = 3660.15 over 498 frames.
M07UP22A1326I300 madhyapradesh 
LOG (lattice-best-path:main():lattice-best-path.cc:99) For utterance M07UP22A1342I301, best cost 23.3599 + 3393.11 = 3416.47 over 498 frames.
M07UP22A1342I301 eempii 
LOG (lattice-best-path:main():lattice-best-path.cc:99) For utterance M07UP22A1347I43, best cost 16.2509 + 2507.66 = 2523.91 over 298 frames.
M07UP22A1347I43 madhyapradesh 
LOG (lattice-best-path:main():lattice-best-path.cc:99) For utterance M07UP22A1347I47, best cost 16.2174 + 2435.33 = 2451.55 over 300 frames.
M07UP22A1347I47 yuupii 
LOG (lattice-best-path:main():lattice-best-path.cc:99) For utterance M07UP22A1355I301, best cost 20.0459 + 3900.79 = 3920.83 over 498 frames.
M07UP22A1355I301 eempii 
LOG (lattice-best-path:main():lattice-best-path.cc:99) For utterance M07UP22A1355I47, best cost 17.399 + 2200.3 = 2217.7 over 298 frames.
M07UP22A1355I47 eempii 
LOG (lattice-best-path:main():lattice-best-path.cc:99) For utterance M07UP22A1357I300, best cost 26.4099 + 3565.44 = 3591.85 over 498 frames.
M07UP22A1357I300 eempii 
LOG (lattice-best-path:main():lattice-best-path.cc:99) For utterance M07UP22A1357I45, best cost 14.0925 + 2124.04 = 2138.13 over 298 frames.
M07UP22A1357I45 uttarpradesh 
LOG (lattice-best-path:main():lattice-best-path.cc:99) For utterance M07UP22A1357I47, best cost 12.1998 + 2181.23 = 2193.43 over 298 frames.
M07UP22A1357I47 yuupii 
LOG (lattice-best-path:main():lattice-best-path.cc:99) For utterance M07UP23A0224I44, best cost 16.3725 + 2457.76 = 2474.14 over 298 frames.
M07UP23A0224I44 madhyapradesh 
LOG (lattice-best-path:main():lattice-best-path.cc:99) For utterance M07UP23A0233I43, best cost 12.6783 + 2044.09 = 2056.77 over 298 frames.
M07UP23A0233I43 eempii 
LOG (lattice-best-path:main():lattice-best-path.cc:99) For utterance M07UP23A0234I41, best cost 21.57 + 2479.07 = 2500.64 over 298 frames.
M07UP23A0234I41 uttarpradesh 
LOG (lattice-best-path:main():lattice-best-path.cc:99) For utterance M07UP23A0235I42, best cost 15.5185 + 2468.92 = 2484.44 over 298 frames.
M07UP23A0235I42 yuupii 
LOG (lattice-best-path:main():lattice-best-path.cc:99) For utterance M07UP23A0236I43, best cost 18.7165 + 2297.15 = 2315.86 over 298 frames.
M07UP23A0236I43 eempii 
LOG (lattice-best-path:main():lattice-best-path.cc:99) For utterance M07UP23A0239I40, best cost 12.5693 + 2401.33 = 2413.9 over 298 frames.
M07UP23A0239I40 eempii 
LOG (lattice-best-path:main():lattice-best-path.cc:99) For utterance M07UP23A0242I42, best cost 19.2493 + 2374.04 = 2393.28 over 298 frames.
M07UP23A0242I42 eempii 
LOG (lattice-best-path:main():lattice-best-path.cc:99) For utterance M07UP24A0171I300, best cost 22.8048 + 3749 = 3771.8 over 498 frames.
M07UP24A0171I300 eempii 
LOG (lattice-best-path:main():lattice-best-path.cc:99) For utterance M07UP24A0172I45, best cost 13.0772 + 2323.95 = 2337.02 over 298 frames.
M07UP24A0172I45 eempii 
LOG (lattice-best-path:main():lattice-best-path.cc:99) For utterance M07UP24A0172I49, best cost 12.9802 + 2368.08 = 2381.06 over 298 frames.
M07UP24A0172I49 eempii 
LOG (lattice-best-path:main():lattice-best-path.cc:99) For utterance M07UP24A0173I44, best cost 18.6343 + 2086.46 = 2105.09 over 298 frames.
M07UP24A0173I44 uttarpradesh 
LOG (lattice-best-path:main():lattice-best-path.cc:99) For utterance M07UP24A0173I46, best cost 11.4592 + 1993.03 = 2004.49 over 298 frames.
M07UP24A0173I46 eempii 
LOG (lattice-best-path:main():lattice-best-path.cc:99) For utterance M07UP24A0175I301, best cost 28.3041 + 3600.57 = 3628.88 over 498 frames.
M07UP24A0175I301 madhyapradesh 
LOG (lattice-best-path:main():lattice-best-path.cc:99) For utterance M07UP24A0177F606, best cost 25.2248 + 6902.08 = 6927.31 over 998 frames.
M07UP24A0177F606 eempii 
LOG (lattice-best-path:main():lattice-best-path.cc:99) For utterance M07UP24A0179I302, best cost 22.0981 + 3581.18 = 3603.28 over 498 frames.
M07UP24A0179I302 uttarpradesh 
LOG (lattice-best-path:main():lattice-best-path.cc:99) For utterance M07UP24A0181I301, best cost 22.0507 + 4076.37 = 4098.42 over 498 frames.
M07UP24A0181I301 yuupii 
LOG (lattice-best-path:main():lattice-best-path.cc:99) For utterance M07UP24A0181I42, best cost 14.4255 + 2361.55 = 2375.98 over 298 frames.
M07UP24A0181I42 uttarpradesh 
LOG (lattice-best-path:main():lattice-best-path.cc:99) For utterance M07UP24A0181I48, best cost 13.3188 + 2297.81 = 2311.13 over 298 frames.
M07UP24A0181I48 yuupii 
LOG (lattice-best-path:main():lattice-best-path.cc:99) For utterance M07UP24A0185I303, best cost 22.0734 + 3801.06 = 3823.13 over 498 frames.
M07UP24A0185I303 yuupii 
LOG (lattice-best-path:main():lattice-best-path.cc:99) For utterance M07UP24A0188I302, best cost 18.6952 + 3677.01 = 3695.7 over 498 frames.
M07UP24A0188I302 eempii 
LOG (lattice-best-path:main():lattice-best-path.cc:99) For utterance M07UP24A0191I300, best cost 18.2464 + 3464.75 = 3482.99 over 498 frames.
M07UP24A0191I300 eempii 
LOG (lattice-best-path:main():lattice-best-path.cc:99) For utterance M07UP25A1205I302, best cost 24.8376 + 4026.82 = 4051.66 over 498 frames.
M07UP25A1205I302 eempii 
LOG (lattice-best-path:main():lattice-best-path.cc:99) For utterance M07UP25A1205I43, best cost 16.0608 + 2396.07 = 2412.13 over 298 frames.
M07UP25A1205I43 eempii 
LOG (lattice-best-path:main():lattice-best-path.cc:99) For utterance M07UP25A1206I45, best cost 20.7344 + 2328.45 = 2349.18 over 298 frames.
M07UP25A1206I45 uttarpradesh 
LOG (lattice-best-path:main():lattice-best-path.cc:99) For utterance M07UP25A1209I41, best cost 20.6911 + 2278.93 = 2299.62 over 298 frames.
M07UP25A1209I41 uttarpradesh 
LOG (lattice-best-path:main():lattice-best-path.cc:99) For utterance M07UP25A1216I41, best cost 13.2258 + 2495.25 = 2508.48 over 298 frames.
M07UP25A1216I41 eempii 
LOG (lattice-best-path:main():lattice-best-path.cc:99) For utterance M07UP25A1220I300, best cost 35.8101 + 3726.09 = 3761.9 over 498 frames.
M07UP25A1220I300 eempii 
LOG (lattice-best-path:main():lattice-best-path.cc:99) For utterance M07UP25A1220I42, best cost 18.6482 + 2243.68 = 2262.33 over 298 frames.
M07UP25A1220I42 yuupii 
LOG (lattice-best-path:main():lattice-best-path.cc:99) For utterance M07UP25A1261I302, best cost 20.8319 + 4071.62 = 4092.45 over 500 frames.
M07UP25A1261I302 eempii 
LOG (lattice-best-path:main():lattice-best-path.cc:99) For utterance M07UP26A0214I42, best cost 12.1071 + 2513.35 = 2525.45 over 298 frames.
M07UP26A0214I42 yuupii 
LOG (lattice-best-path:main():lattice-best-path.cc:99) For utterance M07UP26A0255I48, best cost 19.4567 + 2245.67 = 2265.12 over 300 frames.
M07UP26A0255I48 madhyapradesh 
LOG (lattice-best-path:main():lattice-best-path.cc:99) For utterance M07UP26A0257I47, best cost 16.7379 + 2023.43 = 2040.17 over 298 frames.
M07UP26A0257I47 uttarpradesh 
LOG (lattice-best-path:main():lattice-best-path.cc:99) For utterance M07UP26A0258I414, best cost 21.2537 + 2157.68 = 2178.93 over 298 frames.
M07UP26A0258I414 yuupii 
LOG (lattice-best-path:main():lattice-best-path.cc:99) For utterance M07UP26A0261I47, best cost 13.0614 + 2203.74 = 2216.8 over 298 frames.
M07UP26A0261I47 yuupii 
LOG (lattice-best-path:main():lattice-best-path.cc:99) For utterance M07UP26A0262I41, best cost 11.3366 + 2416.34 = 2427.67 over 298 frames.
M07UP26A0262I41 yuupii 
LOG (lattice-best-path:main():lattice-best-path.cc:99) For utterance M07UP26A0263I43, best cost 17.9264 + 2090.42 = 2108.34 over 298 frames.
M07UP26A0263I43 eempii 
LOG (lattice-best-path:main():lattice-best-path.cc:99) For utterance M07UP26A0267I44, best cost 13.4628 + 2191.15 = 2204.61 over 298 frames.
M07UP26A0267I44 uttarpradesh 
LOG (lattice-best-path:main():lattice-best-path.cc:99) For utterance M07UP26A0269I47, best cost 16.2819 + 2414.73 = 2431.01 over 298 frames.
M07UP26A0269I47 madhyapradesh 
LOG (lattice-best-path:main():lattice-best-path.cc:99) For utterance M07UP26A0270I42, best cost 18.6695 + 2339.5 = 2358.17 over 298 frames.
M07UP26A0270I42 eempii 
LOG (lattice-best-path:main():lattice-best-path.cc:99) For utterance M07UP26A0272I44, best cost 10.4491 + 1936.2 = 1946.65 over 298 frames.
M07UP26A0272I44 eempii 
LOG (lattice-best-path:main():lattice-best-path.cc:99) For utterance M07UP27A0641I438, best cost 14.0397 + 2186.38 = 2200.42 over 298 frames.
M07UP27A0641I438 eempii 
LOG (lattice-best-path:main():lattice-best-path.cc:99) For utterance M07UP27A0647I41, best cost 15.2788 + 2194.23 = 2209.51 over 298 frames.
M07UP27A0647I41 madhyapradesh 
LOG (lattice-best-path:main():lattice-best-path.cc:99) For utterance M07UP27A0647I43, best cost 17.187 + 2222.46 = 2239.65 over 298 frames.
M07UP27A0647I43 eempii 
LOG (lattice-best-path:main():lattice-best-path.cc:99) For utterance M07UP27A0657I303, best cost 20.9666 + 3756.82 = 3777.79 over 498 frames.
M07UP27A0657I303 eempii 
LOG (lattice-best-path:main():lattice-best-path.cc:99) For utterance M07UP28A0216I301, best cost 14.8678 + 3866.27 = 3881.13 over 498 frames.
M07UP28A0216I301 yuupii 
LOG (lattice-best-path:main():lattice-best-path.cc:99) For utterance M07UP28A0218I300, best cost 27.6155 + 3678.77 = 3706.39 over 498 frames.
M07UP28A0218I300 yuupii 
LOG (lattice-best-path:main():lattice-best-path.cc:99) For utterance M07UP28A0219I40, best cost 15.5255 + 2230.5 = 2246.03 over 298 frames.
M07UP28A0219I40 eempii 
LOG (lattice-best-path:main():lattice-best-path.cc:99) For utterance M07UP28A0219I505, best cost 14.5305 + 2217.05 = 2231.59 over 300 frames.
M07UP28A0219I505 yuupii 
LOG (lattice-best-path:main():lattice-best-path.cc:99) For utterance M07UP28A0225I302, best cost 13.1171 + 3902.08 = 3915.2 over 498 frames.
M07UP28A0225I302 eempii 
LOG (lattice-best-path:main():lattice-best-path.cc:99) For utterance M07UP28A0225I40, best cost 22.3978 + 2196.18 = 2218.58 over 298 frames.
M07UP28A0225I40 yuupii 
LOG (lattice-best-path:main():lattice-best-path.cc:99) For utterance M07UP28A0225I41, best cost 13.2524 + 2598.18 = 2611.44 over 298 frames.
M07UP28A0225I41 yuupii 
LOG (lattice-best-path:main():lattice-best-path.cc:99) For utterance M07UP29A0506I301, best cost 22.6509 + 3479.2 = 3501.85 over 498 frames.
M07UP29A0506I301 madhyapradesh 
LOG (lattice-best-path:main():lattice-best-path.cc:99) For utterance M07UP29A0509I42, best cost 22.5116 + 2275.64 = 2298.16 over 298 frames.
M07UP29A0509I42 eempii 
LOG (lattice-best-path:main():lattice-best-path.cc:99) For utterance M07UP29A0509I45, best cost 14.8945 + 2230.42 = 2245.32 over 298 frames.
M07UP29A0509I45 uttarpradesh 
LOG (lattice-best-path:main():lattice-best-path.cc:99) For utterance M07UP29A0510I303, best cost 21.1717 + 3600.59 = 3621.76 over 500 frames.
M07UP29A0510I303 uttarpradesh 
LOG (lattice-best-path:main():lattice-best-path.cc:99) For utterance M07UP29A0510I44, best cost 15.0323 + 2063.46 = 2078.49 over 298 frames.
M07UP29A0510I44 madhyapradesh 
LOG (lattice-best-path:main():lattice-best-path.cc:99) For utterance M07UP29A0511I301, best cost 17.719 + 3728.73 = 3746.45 over 498 frames.
M07UP29A0511I301 uttarpradesh 
LOG (lattice-best-path:main():lattice-best-path.cc:99) For utterance M07UP29A0511I42, best cost 17.844 + 2367.53 = 2385.38 over 298 frames.
M07UP29A0511I42 uttarpradesh 
LOG (lattice-best-path:main():lattice-best-path.cc:99) For utterance M07UP29A0513I44, best cost 13.3677 + 2177.7 = 2191.06 over 298 frames.
M07UP29A0513I44 uttarpradesh 
LOG (lattice-best-path:main():lattice-best-path.cc:99) For utterance M07UP29A0514I41, best cost 14.645 + 2276.59 = 2291.24 over 298 frames.
M07UP29A0514I41 madhyapradesh 
LOG (lattice-best-path:main():lattice-best-path.cc:99) For utterance M07UP29A0516I41, best cost 13.7045 + 2439.89 = 2453.6 over 298 frames.
M07UP29A0516I41 eempii 
LOG (lattice-best-path:main():lattice-best-path.cc:99) For utterance M07UP29A0517I303, best cost 18.2882 + 3712.19 = 3730.47 over 498 frames.
M07UP29A0517I303 eempii 
LOG (lattice-best-path:main():lattice-best-path.cc:99) For utterance M07UP29A0520I42, best cost 16.7126 + 2100.99 = 2117.71 over 298 frames.
M07UP29A0520I42 eempii 
LOG (lattice-best-path:main():lattice-best-path.cc:99) For utterance M07UP29A0520I45, best cost 19.9657 + 2310.78 = 2330.75 over 298 frames.
M07UP29A0520I45 eempii 
LOG (lattice-best-path:main():lattice-best-path.cc:99) For utterance M07UP29A0521I303, best cost 24.6189 + 3598.05 = 3622.67 over 498 frames.
M07UP29A0521I303 madhyapradesh 
LOG (lattice-best-path:main():lattice-best-path.cc:99) For utterance M07UP29A0521I47, best cost 16.0806 + 2114.55 = 2130.63 over 298 frames.
M07UP29A0521I47 uttarpradesh 
LOG (lattice-best-path:main():lattice-best-path.cc:99) For utterance M07UP31A1290I43, best cost 12.8615 + 2184.97 = 2197.83 over 298 frames.
M07UP31A1290I43 eempii 
LOG (lattice-best-path:main():lattice-best-path.cc:99) For utterance M07UP31A1291I42, best cost 20.8282 + 2239.06 = 2259.89 over 298 frames.
M07UP31A1291I42 madhyapradesh 
LOG (lattice-best-path:main():lattice-best-path.cc:99) For utterance M07UP31A1292I301, best cost 22.9875 + 3634.37 = 3657.35 over 498 frames.
M07UP31A1292I301 uttarpradesh 
LOG (lattice-best-path:main():lattice-best-path.cc:99) For utterance M07UP31A1294I302, best cost 31.8808 + 3543.17 = 3575.05 over 498 frames.
M07UP31A1294I302 eempii 
LOG (lattice-best-path:main():lattice-best-path.cc:99) For utterance M07UP31A1294I43, best cost 20.0448 + 2276.27 = 2296.31 over 298 frames.
M07UP31A1294I43 eempii 
LOG (lattice-best-path:main():lattice-best-path.cc:99) For utterance M07UP31A1296I500, best cost 22.3962 + 3289.03 = 3311.42 over 498 frames.
M07UP31A1296I500 yuupii 
LOG (lattice-best-path:main():lattice-best-path.cc:99) For utterance M07UP31A1300I300, best cost 24.7425 + 4129.74 = 4154.48 over 498 frames.
M07UP31A1300I300 yuupii 
LOG (lattice-best-path:main():lattice-best-path.cc:99) For utterance M07UP31A1302I301, best cost 30.0694 + 3649.96 = 3680.03 over 498 frames.
M07UP31A1302I301 madhyapradesh 
LOG (lattice-best-path:main():lattice-best-path.cc:99) For utterance M07UP31A1306I302, best cost 32.3435 + 3720.38 = 3752.72 over 498 frames.
M07UP31A1306I302 eempii 
LOG (lattice-best-path:main():lattice-best-path.cc:99) For utterance M07UP31A1306I303, best cost 21.8576 + 4207.12 = 4228.98 over 498 frames.
M07UP31A1306I303 eempii 
LOG (lattice-best-path:main():lattice-best-path.cc:99) For utterance M07UP31A1306I43, best cost 14.2489 + 2065.02 = 2079.27 over 298 frames.
M07UP31A1306I43 uttarpradesh 
LOG (lattice-best-path:main():lattice-best-path.cc:99) For utterance M07UP31A1307I430, best cost 26.0661 + 2236.86 = 2262.93 over 298 frames.
M07UP31A1307I430 madhyapradesh 
LOG (lattice-best-path:main():lattice-best-path.cc:99) For utterance M07UP31A1308I435, best cost 19.2625 + 2234.58 = 2253.85 over 298 frames.
M07UP31A1308I435 madhyapradesh 
LOG (lattice-best-path:main():lattice-best-path.cc:99) For utterance M07UP31A1309I44, best cost 15.1723 + 2494.65 = 2509.82 over 298 frames.
M07UP31A1309I44 eempii 
LOG (lattice-best-path:main():lattice-best-path.cc:99) For utterance M07UP31A1310I45, best cost 20.8365 + 2388.47 = 2409.31 over 298 frames.
M07UP31A1310I45 uttarpradesh 
LOG (lattice-best-path:main():lattice-best-path.cc:99) For utterance M07UP34A0551I43, best cost 12.8522 + 2393.38 = 2406.23 over 300 frames.
M07UP34A0551I43 eempii 
LOG (lattice-best-path:main():lattice-best-path.cc:99) For utterance M07UP34A0554I301, best cost 17.8526 + 3609.64 = 3627.49 over 498 frames.
M07UP34A0554I301 yuupii 
LOG (lattice-best-path:main():lattice-best-path.cc:99) For utterance M07UP34A0555I300, best cost 23.0542 + 4115.03 = 4138.08 over 498 frames.
M07UP34A0555I300 eempii 
LOG (lattice-best-path:main():lattice-best-path.cc:99) For utterance M07UP34A0558I42, best cost 14.0324 + 2336.02 = 2350.06 over 298 frames.
M07UP34A0558I42 yuupii 
LOG (lattice-best-path:main():lattice-best-path.cc:99) For utterance M07UP34A0559I303, best cost 27.6255 + 3707.58 = 3735.21 over 498 frames.
M07UP34A0559I303 eempii 
LOG (lattice-best-path:main():lattice-best-path.cc:99) For utterance M07UP34A0559I44, best cost 21.3962 + 2242.98 = 2264.38 over 298 frames.
M07UP34A0559I44 madhyapradesh 
LOG (lattice-best-path:main():lattice-best-path.cc:99) For utterance M07UP34A0561I300, best cost 22.3538 + 4123.39 = 4145.75 over 498 frames.
M07UP34A0561I300 eempii 
LOG (lattice-best-path:main():lattice-best-path.cc:99) For utterance M07UP34A0563I303, best cost 37.9717 + 3526.65 = 3564.63 over 498 frames.
M07UP34A0563I303 eempii 
LOG (lattice-best-path:main():lattice-best-path.cc:99) For utterance M07UP34A0564I43, best cost 13.9207 + 2234.79 = 2248.71 over 298 frames.
M07UP34A0564I43 yuupii 
LOG (lattice-best-path:main():lattice-best-path.cc:99) For utterance M07UP34A0566I301, best cost 27.4324 + 3494.85 = 3522.28 over 498 frames.
M07UP34A0566I301 madhyapradesh 
LOG (lattice-best-path:main():lattice-best-path.cc:99) For utterance M07UP35A0443I41, best cost 14.9825 + 2326.89 = 2341.87 over 298 frames.
M07UP35A0443I41 eempii 
LOG (lattice-best-path:main():lattice-best-path.cc:99) For utterance M07UP35A0446I301, best cost 23.16 + 3774.71 = 3797.87 over 498 frames.
M07UP35A0446I301 madhyapradesh 
LOG (lattice-best-path:main():lattice-best-path.cc:99) For utterance M07UP35A0448I301, best cost 20.8432 + 3445.37 = 3466.22 over 498 frames.
M07UP35A0448I301 yuupii 
LOG (lattice-best-path:main():lattice-best-path.cc:99) For utterance M07UP35A0450I301, best cost 28.5926 + 4049.33 = 4077.93 over 498 frames.
M07UP35A0450I301 madhyapradesh 
LOG (lattice-best-path:main():lattice-best-path.cc:99) For utterance M07UP35A0452I303, best cost 33.5835 + 3478.48 = 3512.06 over 498 frames.
M07UP35A0452I303 eempii 
LOG (lattice-best-path:main():lattice-best-path.cc:99) For utterance M07UP35A0455I303, best cost 30.7446 + 3441.07 = 3471.82 over 498 frames.
M07UP35A0455I303 eempii 
LOG (lattice-best-path:main():lattice-best-path.cc:99) For utterance M07UP35A0455I426, best cost 21.3197 + 2357.21 = 2378.53 over 298 frames.
M07UP35A0455I426 eempii 
LOG (lattice-best-path:main():lattice-best-path.cc:99) For utterance M07UP35A0456I43, best cost 19.5664 + 2267.74 = 2287.31 over 298 frames.
M07UP35A0456I43 uttarpradesh 
LOG (lattice-best-path:main():lattice-best-path.cc:99) For utterance M07UP35A0457I41, best cost 16.3628 + 2384.04 = 2400.4 over 298 frames.
M07UP35A0457I41 eempii 
LOG (lattice-best-path:main():lattice-best-path.cc:99) For utterance M07UP35A0459I303, best cost 17.8593 + 3591.43 = 3609.29 over 498 frames.
M07UP35A0459I303 yuupii 
LOG (lattice-best-path:main():lattice-best-path.cc:99) For utterance M07UP36A0825I301, best cost 34.2761 + 3735.5 = 3769.77 over 498 frames.
M07UP36A0825I301 yuupii 
LOG (lattice-best-path:main():lattice-best-path.cc:99) For utterance M07UP36A0825I40, best cost 18.0817 + 2200.69 = 2218.77 over 298 frames.
M07UP36A0825I40 eempii 
LOG (lattice-best-path:main():lattice-best-path.cc:99) For utterance M07UP36A0827I300, best cost 33.0795 + 3383.28 = 3416.36 over 498 frames.
M07UP36A0827I300 uttarpradesh 
LOG (lattice-best-path:main():lattice-best-path.cc:99) For utterance M07UP36A0829I302, best cost 20.2799 + 3721.36 = 3741.64 over 498 frames.
M07UP36A0829I302 yuupii 
LOG (lattice-best-path:main():lattice-best-path.cc:99) For utterance M07UP36A0832I302, best cost 24.6441 + 3802.15 = 3826.8 over 498 frames.
M07UP36A0832I302 uttarpradesh 
LOG (lattice-best-path:main():lattice-best-path.cc:99) For utterance M07UP36A0840I41, best cost 14.0586 + 2069.92 = 2083.98 over 298 frames.
M07UP36A0840I41 eempii 
LOG (lattice-best-path:main():lattice-best-path.cc:99) For utterance M07UP37A0301I42, best cost 10.1501 + 1961.47 = 1971.62 over 298 frames.
M07UP37A0301I42 eempii 
LOG (lattice-best-path:main():lattice-best-path.cc:99) For utterance M07UP37A0302I45, best cost 13.5727 + 2458.96 = 2472.53 over 298 frames.
M07UP37A0302I45 eempii 
LOG (lattice-best-path:main():lattice-best-path.cc:99) For utterance M07UP37A0306I47, best cost 16.4744 + 2483.93 = 2500.41 over 298 frames.
M07UP37A0306I47 madhyapradesh 
LOG (lattice-best-path:main():lattice-best-path.cc:99) For utterance M07UP37A0307I303, best cost 12.5992 + 3951.2 = 3963.8 over 498 frames.
M07UP37A0307I303 yuupii 
LOG (lattice-best-path:main():lattice-best-path.cc:99) For utterance M07UP37A0309I40, best cost 11.845 + 2552.03 = 2563.87 over 298 frames.
M07UP37A0309I40 yuupii 
LOG (lattice-best-path:main():lattice-best-path.cc:99) For utterance M07UP37A0309I44, best cost 15.2418 + 2451.59 = 2466.83 over 300 frames.
M07UP37A0309I44 eempii 
LOG (lattice-best-path:main():lattice-best-path.cc:99) For utterance M07UP37A0311I43, best cost 18.2051 + 2220.05 = 2238.26 over 298 frames.
M07UP37A0311I43 madhyapradesh 
LOG (lattice-best-path:main():lattice-best-path.cc:99) For utterance M07UP37A0311I44, best cost 17.4204 + 2203.74 = 2221.16 over 298 frames.
M07UP37A0311I44 yuupii 
LOG (lattice-best-path:main():lattice-best-path.cc:99) For utterance M07UP37A0311I48, best cost 14.4351 + 2030.21 = 2044.65 over 300 frames.
M07UP37A0311I48 eempii 
LOG (lattice-best-path:main():lattice-best-path.cc:99) For utterance M07UP37A0313I427, best cost 12.7939 + 2259.19 = 2271.99 over 298 frames.
M07UP37A0313I427 eempii 
LOG (lattice-best-path:main():lattice-best-path.cc:99) For utterance M07UP37A0314I300, best cost 19.0505 + 3975.15 = 3994.21 over 498 frames.
M07UP37A0314I300 yuupii 
LOG (lattice-best-path:main():lattice-best-path.cc:99) For utterance M07UP37A0316I305, best cost 14.5732 + 4137.35 = 4151.92 over 498 frames.
M07UP37A0316I305 yuupii 
LOG (lattice-best-path:main():lattice-best-path.cc:99) For utterance M07UP37A0317I47, best cost 16.8081 + 2177.38 = 2194.19 over 298 frames.
M07UP37A0317I47 uttarpradesh 
LOG (lattice-best-path:main():lattice-best-path.cc:99) For utterance M07UP37A0317I48, best cost 14.371 + 2462.46 = 2476.83 over 298 frames.
M07UP37A0317I48 yuupii 
LOG (lattice-best-path:main():lattice-best-path.cc:99) For utterance M07UP37A0319I301, best cost 19.1297 + 4135.55 = 4154.68 over 498 frames.
M07UP37A0319I301 yuupii 
LOG (lattice-best-path:main():lattice-best-path.cc:99) For utterance M07UP38A0103I43, best cost 17.2677 + 2227.88 = 2245.15 over 298 frames.
M07UP38A0103I43 madhyapradesh 
LOG (lattice-best-path:main():lattice-best-path.cc:99) For utterance M07UP38A0107I43, best cost 14.0885 + 2273.73 = 2287.81 over 298 frames.
M07UP38A0107I43 yuupii 
LOG (lattice-best-path:main():lattice-best-path.cc:99) For utterance M07UP39A0774I301, best cost 20.7975 + 3421.06 = 3441.86 over 498 frames.
M07UP39A0774I301 eempii 
LOG (lattice-best-path:main():lattice-best-path.cc:99) For utterance M07UP39A0776I302, best cost 15.9888 + 3412.86 = 3428.84 over 498 frames.
M07UP39A0776I302 uttarpradesh 
LOG (lattice-best-path:main():lattice-best-path.cc:99) For utterance M07UP39A0777I300, best cost 25.0431 + 3559.23 = 3584.27 over 498 frames.
M07UP39A0777I300 uttarpradesh 
LOG (lattice-best-path:main():lattice-best-path.cc:99) For utterance M07UP39A0777I423, best cost 11.9118 + 2028.08 = 2039.99 over 298 frames.
M07UP39A0777I423 eempii 
LOG (lattice-best-path:main():lattice-best-path.cc:99) For utterance M07UP39A0778I303, best cost 28.2578 + 3767.84 = 3796.1 over 498 frames.
M07UP39A0778I303 eempii 
LOG (lattice-best-path:main():lattice-best-path.cc:99) For utterance M07UP39A0781I501, best cost 11.7758 + 2926.47 = 2938.25 over 398 frames.
M07UP39A0781I501 eempii 
LOG (lattice-best-path:main():lattice-best-path.cc:99) For utterance M07UP41A0273I301, best cost 18.3144 + 4223.25 = 4241.56 over 498 frames.
M07UP41A0273I301 eempii 
LOG (lattice-best-path:main():lattice-best-path.cc:99) For utterance M07UP41A0273I47, best cost 13.8295 + 2308.29 = 2322.12 over 298 frames.
M07UP41A0273I47 uttarpradesh 
LOG (lattice-best-path:main():lattice-best-path.cc:99) For utterance M07UP41A0275I300, best cost 23.4431 + 3456.6 = 3480.05 over 498 frames.
M07UP41A0275I300 eempii 
LOG (lattice-best-path:main():lattice-best-path.cc:99) For utterance M07UP41A0277I300, best cost 15.4172 + 3825.67 = 3841.09 over 498 frames.
M07UP41A0277I300 uttarpradesh 
LOG (lattice-best-path:main():lattice-best-path.cc:99) For utterance M07UP41A0277I43, best cost 14.8252 + 2419.23 = 2434.05 over 298 frames.
M07UP41A0277I43 eempii 
LOG (lattice-best-path:main():lattice-best-path.cc:99) For utterance M07UP41A0279I301, best cost 20.0317 + 3798.78 = 3818.81 over 498 frames.
M07UP41A0279I301 uttarpradesh 
LOG (lattice-best-path:main():lattice-best-path.cc:99) For utterance M07UP41A0279I302, best cost 21.4801 + 3658.78 = 3680.26 over 498 frames.
M07UP41A0279I302 uttarpradesh 
LOG (lattice-best-path:main():lattice-best-path.cc:99) For utterance M07UP41A0279I47, best cost 14.9628 + 2473.33 = 2488.3 over 298 frames.
M07UP41A0279I47 yuupii 
LOG (lattice-best-path:main():lattice-best-path.cc:99) For utterance M07UP41A0280I42, best cost 13.7001 + 2249.62 = 2263.32 over 298 frames.
M07UP41A0280I42 eempii 
LOG (lattice-best-path:main():lattice-best-path.cc:99) For utterance M07UP41A0280I45, best cost 14.6689 + 2443.46 = 2458.13 over 298 frames.
M07UP41A0280I45 eempii 
LOG (lattice-best-path:main():lattice-best-path.cc:99) For utterance M07UP41A0283I48, best cost 13.5086 + 2035.32 = 2048.83 over 298 frames.
M07UP41A0283I48 madhyapradesh 
LOG (lattice-best-path:main():lattice-best-path.cc:99) For utterance M07UP41A0289I303, best cost 22.4956 + 3766.88 = 3789.38 over 498 frames.
M07UP41A0289I303 yuupii 
LOG (lattice-best-path:main():lattice-best-path.cc:99) For utterance M07UP41A0289I44, best cost 13.5033 + 2153.05 = 2166.55 over 300 frames.
M07UP41A0289I44 eempii 
LOG (lattice-best-path:main():lattice-best-path.cc:99) For utterance M07UP41A0290I47, best cost 15.2938 + 2202.44 = 2217.73 over 298 frames.
M07UP41A0290I47 yuupii 
LOG (lattice-best-path:main():lattice-best-path.cc:99) For utterance M07UP41A0291I43, best cost 16.9458 + 2094.06 = 2111.01 over 298 frames.
M07UP41A0291I43 uttarpradesh 
LOG (lattice-best-path:main():lattice-best-path.cc:99) For utterance M07UP41A0291I46, best cost 16.2299 + 2178.7 = 2194.93 over 298 frames.
M07UP41A0291I46 uttarpradesh 
LOG (lattice-best-path:main():lattice-best-path.cc:99) For utterance M07UP42A0111I46, best cost 16.9247 + 2141.29 = 2158.21 over 298 frames.
M07UP42A0111I46 eempii 
LOG (lattice-best-path:main():lattice-best-path.cc:99) For utterance M07UP42A0116I430, best cost 16.9608 + 2350.04 = 2367 over 298 frames.
M07UP42A0116I430 madhyapradesh 
LOG (lattice-best-path:main():lattice-best-path.cc:99) For utterance M07UP42A0117I419, best cost 21.7826 + 2212.65 = 2234.43 over 298 frames.
M07UP42A0117I419 uttarpradesh 
LOG (lattice-best-path:main():lattice-best-path.cc:99) For utterance M07UP42A0117I423, best cost 12.82 + 2333.37 = 2346.19 over 298 frames.
M07UP42A0117I423 eempii 
LOG (lattice-best-path:main():lattice-best-path.cc:99) For utterance M07UP42A0119I300, best cost 21.9295 + 3966.8 = 3988.73 over 498 frames.
M07UP42A0119I300 uttarpradesh 
LOG (lattice-best-path:main():lattice-best-path.cc:99) For utterance M07UP42A0119I46, best cost 19.76 + 2416.14 = 2435.9 over 298 frames.
M07UP42A0119I46 yuupii 
LOG (lattice-best-path:main():lattice-best-path.cc:99) For utterance M07UP42A0120I418, best cost 19.1706 + 2234.25 = 2253.43 over 298 frames.
M07UP42A0120I418 yuupii 
LOG (lattice-best-path:main():lattice-best-path.cc:99) For utterance M07UP42A0120I424, best cost 19.4682 + 2246.07 = 2265.54 over 298 frames.
M07UP42A0120I424 madhyapradesh 
LOG (lattice-best-path:main():lattice-best-path.cc:99) For utterance M07UP42A0120I429, best cost 16.9477 + 2368.81 = 2385.76 over 298 frames.
M07UP42A0120I429 eempii 
LOG (lattice-best-path:main():lattice-best-path.cc:99) For utterance M07UP42A0122I302, best cost 16.8239 + 3866.25 = 3883.07 over 498 frames.
M07UP42A0122I302 yuupii 
LOG (lattice-best-path:main():lattice-best-path.cc:99) For utterance M07UP42A0122I424, best cost 14.7087 + 2379.03 = 2393.74 over 298 frames.
M07UP42A0122I424 eempii 
LOG (lattice-best-path:main():lattice-best-path.cc:99) For utterance M07UP42A0122I46, best cost 20.6332 + 2334.58 = 2355.22 over 298 frames.
M07UP42A0122I46 yuupii 
LOG (lattice-best-path:main():lattice-best-path.cc:99) For utterance M07UP42A0123I42, best cost 15.3765 + 2331.18 = 2346.55 over 298 frames.
M07UP42A0123I42 eempii 
LOG (lattice-best-path:main():lattice-best-path.cc:99) For utterance M07UP42A0123I424, best cost 13.3629 + 2413.43 = 2426.8 over 298 frames.
M07UP42A0123I424 madhyapradesh 
LOG (lattice-best-path:main():lattice-best-path.cc:99) For utterance M07UP42A0124I45, best cost 14.7068 + 2229.74 = 2244.44 over 298 frames.
M07UP42A0124I45 eempii 
LOG (lattice-best-path:main():lattice-best-path.cc:99) For utterance M07UP42A0126I437, best cost 16.2435 + 2343.1 = 2359.35 over 298 frames.
M07UP42A0126I437 eempii 
LOG (lattice-best-path:main():lattice-best-path.cc:99) For utterance M07UP43A0148I300, best cost 22.6815 + 4060.75 = 4083.43 over 498 frames.
M07UP43A0148I300 yuupii 
LOG (lattice-best-path:main():lattice-best-path.cc:99) For utterance M07UP43A0151I42, best cost 17.3625 + 2479.44 = 2496.8 over 298 frames.
M07UP43A0151I42 yuupii 
LOG (lattice-best-path:main():lattice-best-path.cc:99) For utterance M07UP43A0154I43, best cost 11.8008 + 2049.12 = 2060.92 over 298 frames.
M07UP43A0154I43 eempii 
LOG (lattice-best-path:main():lattice-best-path.cc:99) For utterance M07UP43A0154I44, best cost 14.5403 + 2127.08 = 2141.62 over 298 frames.
M07UP43A0154I44 eempii 
LOG (lattice-best-path:main():lattice-best-path.cc:99) For utterance M07UP43A0158I41, best cost 13.7086 + 2362.66 = 2376.37 over 298 frames.
M07UP43A0158I41 eempii 
LOG (lattice-best-path:main():lattice-best-path.cc:99) For utterance M07UP45A0614I48, best cost 17.7968 + 2371.44 = 2389.24 over 298 frames.
M07UP45A0614I48 uttarpradesh 
LOG (lattice-best-path:main():lattice-best-path.cc:99) For utterance M07UP45A0616I43, best cost 18.6028 + 2247.93 = 2266.53 over 298 frames.
M07UP45A0616I43 madhyapradesh 
LOG (lattice-best-path:main():lattice-best-path.cc:99) For utterance M07UP45A0624I41, best cost 19.3267 + 2274.07 = 2293.39 over 298 frames.
M07UP45A0624I41 uttarpradesh 
LOG (lattice-best-path:main():lattice-best-path.cc:99) For utterance M07UP45A0624I44, best cost 22.7688 + 2234.33 = 2257.09 over 298 frames.
M07UP45A0624I44 uttarpradesh 
LOG (lattice-best-path:main():lattice-best-path.cc:99) For utterance M07UP45A0625I41, best cost 12.7819 + 2334.48 = 2347.26 over 298 frames.
M07UP45A0625I41 yuupii 
LOG (lattice-best-path:main():lattice-best-path.cc:99) For utterance M07UP45A0627I43, best cost 14.6412 + 2033.19 = 2047.84 over 298 frames.
M07UP45A0627I43 eempii 
LOG (lattice-best-path:main():lattice-best-path.cc:99) For utterance M07UP45A0628I41, best cost 15.7865 + 2310.23 = 2326.01 over 298 frames.
M07UP45A0628I41 eempii 
LOG (lattice-best-path:main():lattice-best-path.cc:99) For utterance M07UP45A0629I303, best cost 21.1887 + 4064.11 = 4085.29 over 498 frames.
M07UP45A0629I303 yuupii 
LOG (lattice-best-path:main():lattice-best-path.cc:99) For utterance M07UP45A0634I48, best cost 19.3523 + 2190.11 = 2209.47 over 298 frames.
M07UP45A0634I48 uttarpradesh 
LOG (lattice-best-path:main():lattice-best-path.cc:99) For utterance M07UP45A0635I42, best cost 19.4334 + 2315.55 = 2334.98 over 298 frames.
M07UP45A0635I42 madhyapradesh 
LOG (lattice-best-path:main():lattice-best-path.cc:99) For utterance M07UP45A0636I300, best cost 12.7405 + 3344.76 = 3357.5 over 498 frames.
M07UP45A0636I300 eempii 
LOG (lattice-best-path:main():lattice-best-path.cc:99) For utterance M07UP48A0013I417, best cost 18.1505 + 2240.53 = 2258.68 over 298 frames.
M07UP48A0013I417 eempii 
LOG (lattice-best-path:main():lattice-best-path.cc:99) For utterance M07UP48A0013I43, best cost 12.27 + 2290.21 = 2302.48 over 298 frames.
M07UP48A0013I43 yuupii 
LOG (lattice-best-path:main():lattice-best-path.cc:99) For utterance M07UP48A0014I44, best cost 11.9287 + 2280.33 = 2292.26 over 298 frames.
M07UP48A0014I44 eempii 
LOG (lattice-best-path:main():lattice-best-path.cc:99) For utterance M07UP48A0015I422, best cost 14.4178 + 2260.6 = 2275.02 over 298 frames.
M07UP48A0015I422 yuupii 
LOG (lattice-best-path:main():lattice-best-path.cc:99) For utterance M07UP48A0018I422, best cost 13.8976 + 2390.97 = 2404.86 over 298 frames.
M07UP48A0018I422 yuupii 
LOG (lattice-best-path:main():lattice-best-path.cc:99) For utterance M07UP48A0020I43, best cost 12.1523 + 2120.13 = 2132.28 over 298 frames.
M07UP48A0020I43 eempii 
LOG (lattice-best-path:main():lattice-best-path.cc:99) For utterance M07UP48A0021I45, best cost 16.8675 + 2073.31 = 2090.18 over 298 frames.
M07UP48A0021I45 uttarpradesh 
LOG (lattice-best-path:main():lattice-best-path.cc:99) For utterance M07UP48A0024I49, best cost 16.4239 + 2381.27 = 2397.69 over 304 frames.
M07UP48A0024I49 eempii 
LOG (lattice-best-path:main():lattice-best-path.cc:99) For utterance M07UP48A0028I45, best cost 15.5485 + 2360.87 = 2376.42 over 298 frames.
M07UP48A0028I45 madhyapradesh 
LOG (lattice-best-path:main():lattice-best-path.cc:99) For utterance M07UP48A0031I44, best cost 17.9955 + 2389.71 = 2407.71 over 298 frames.
M07UP48A0031I44 eempii 
LOG (lattice-best-path:main():lattice-best-path.cc:99) For utterance M07UP49A0861I41, best cost 16.2334 + 2097.61 = 2113.84 over 300 frames.
M07UP49A0861I41 uttarpradesh 
LOG (lattice-best-path:main():lattice-best-path.cc:99) For utterance M07UP49A0863I300, best cost 28.2761 + 3850.11 = 3878.39 over 498 frames.
M07UP49A0863I300 yuupii 
LOG (lattice-best-path:main():lattice-best-path.cc:99) For utterance M07UP49A0866I504, best cost 15.6163 + 2525.36 = 2540.98 over 298 frames.
M07UP49A0866I504 yuupii 
LOG (lattice-best-path:main():lattice-best-path.cc:99) For utterance M07UP49A0869I301, best cost 22.3086 + 3791.87 = 3814.18 over 498 frames.
M07UP49A0869I301 eempii 
LOG (lattice-best-path:main():lattice-best-path.cc:99) For utterance M07UP49A0880I43, best cost 24.1647 + 2226.71 = 2250.88 over 298 frames.
M07UP49A0880I43 uttarpradesh 
LOG (lattice-best-path:main():lattice-best-path.cc:99) For utterance M07UP51A0032I301, best cost 15.2308 + 3482.91 = 3498.14 over 430 frames.
M07UP51A0032I301 eempii 
LOG (lattice-best-path:main():lattice-best-path.cc:99) For utterance M07UP51A0033I42, best cost 16.9212 + 2330.87 = 2347.79 over 298 frames.
M07UP51A0033I42 eempii 
LOG (lattice-best-path:main():lattice-best-path.cc:99) For utterance M07UP51A0033I48, best cost 16.0334 + 2435.46 = 2451.5 over 298 frames.
M07UP51A0033I48 eempii 
LOG (lattice-best-path:main():lattice-best-path.cc:99) For utterance M07UP51A0035I302, best cost 30.0952 + 3778.52 = 3808.61 over 498 frames.
M07UP51A0035I302 yuupii 
LOG (lattice-best-path:main():lattice-best-path.cc:99) For utterance M07UP51A0036I300, best cost 16.5973 + 3931.22 = 3947.82 over 498 frames.
M07UP51A0036I300 yuupii 
LOG (lattice-best-path:main():lattice-best-path.cc:99) For utterance M07UP51A0036I44, best cost 17.7492 + 2205.84 = 2223.59 over 298 frames.
M07UP51A0036I44 eempii 
LOG (lattice-best-path:main():lattice-best-path.cc:99) For utterance M07UP51A0036I45, best cost 18.002 + 2240.99 = 2258.99 over 298 frames.
M07UP51A0036I45 eempii 
LOG (lattice-best-path:main():lattice-best-path.cc:99) For utterance M07UP51A0036I48, best cost 17.8612 + 2282.52 = 2300.38 over 298 frames.
M07UP51A0036I48 eempii 
LOG (lattice-best-path:main():lattice-best-path.cc:99) For utterance M07UP51A0038I48, best cost 15.2619 + 2351.42 = 2366.68 over 298 frames.
M07UP51A0038I48 yuupii 
LOG (lattice-best-path:main():lattice-best-path.cc:99) For utterance M07UP51A0041I300, best cost 15.0102 + 3316.25 = 3331.26 over 498 frames.
M07UP51A0041I300 yuupii 
LOG (lattice-best-path:main():lattice-best-path.cc:99) For utterance M07UP51A0042I302, best cost 24.2117 + 3537.58 = 3561.79 over 498 frames.
M07UP51A0042I302 yuupii 
LOG (lattice-best-path:main():lattice-best-path.cc:99) For utterance M07UP51A0043I410, best cost 13.5988 + 2266.68 = 2280.28 over 298 frames.
M07UP51A0043I410 eempii 
LOG (lattice-best-path:main():lattice-best-path.cc:99) For utterance M07UP51A0043I44, best cost 19.1687 + 2342.56 = 2361.73 over 298 frames.
M07UP51A0043I44 yuupii 
LOG (lattice-best-path:main():lattice-best-path.cc:99) For utterance M07UP51A0043I45, best cost 22.0168 + 2139.91 = 2161.92 over 298 frames.
M07UP51A0043I45 eempii 
LOG (lattice-best-path:main():lattice-best-path.cc:99) For utterance M07UP51A0044I303, best cost 34.1636 + 3582.44 = 3616.6 over 498 frames.
M07UP51A0044I303 eempii 
LOG (lattice-best-path:main():lattice-best-path.cc:99) For utterance M07UP51A0045I412, best cost 23.2853 + 2349.34 = 2372.62 over 298 frames.
M07UP51A0045I412 madhyapradesh 
LOG (lattice-best-path:main():lattice-best-path.cc:99) For utterance M07UP51A0046I412, best cost 15.1873 + 2113.54 = 2128.73 over 298 frames.
M07UP51A0046I412 eempii 
LOG (lattice-best-path:main():lattice-best-path.cc:99) For utterance M07UP51A0046I43, best cost 20.8617 + 2279.64 = 2300.5 over 298 frames.
M07UP51A0046I43 uttarpradesh 
LOG (lattice-best-path:main():lattice-best-path.cc:99) For utterance M07UP51A0049I44, best cost 16.1887 + 2431.68 = 2447.87 over 298 frames.
M07UP51A0049I44 madhyapradesh 
LOG (lattice-best-path:main():lattice-best-path.cc:99) For utterance M07UP51A0049I48, best cost 21.4777 + 2452.53 = 2474.01 over 298 frames.
M07UP51A0049I48 uttarpradesh 
LOG (lattice-best-path:main():lattice-best-path.cc:99) For utterance M07UP51A0050I300, best cost 21.9168 + 3567.99 = 3589.9 over 498 frames.
M07UP51A0050I300 eempii 
LOG (lattice-best-path:main():lattice-best-path.cc:99) For utterance M07UP51A0050I42, best cost 22.5887 + 2247.21 = 2269.8 over 298 frames.
M07UP51A0050I42 madhyapradesh 
LOG (lattice-best-path:main():lattice-best-path.cc:99) For utterance M07UP51A0050I45, best cost 11.207 + 2294.34 = 2305.54 over 298 frames.
M07UP51A0050I45 eempii 
LOG (lattice-best-path:main():lattice-best-path.cc:99) For utterance M07UP51A0052I301, best cost 20.9001 + 3445.66 = 3466.56 over 498 frames.
M07UP51A0052I301 eempii 
LOG (lattice-best-path:main():lattice-best-path.cc:99) For utterance M07UP51A0052I303, best cost 20.1137 + 3326.95 = 3347.06 over 498 frames.
M07UP51A0052I303 madhyapradesh 
LOG (lattice-best-path:main():lattice-best-path.cc:99) For utterance M07UP51A0052I412, best cost 17.1555 + 2105.85 = 2123 over 298 frames.
M07UP51A0052I412 madhyapradesh 
LOG (lattice-best-path:main():lattice-best-path.cc:99) For utterance M07UP51A0052I45, best cost 17.4407 + 2215.57 = 2233.01 over 298 frames.
M07UP51A0052I45 yuupii 
LOG (lattice-best-path:main():lattice-best-path.cc:99) For utterance M07UP51A0053I302, best cost 21.8506 + 3576.14 = 3597.99 over 498 frames.
M07UP51A0053I302 yuupii 
LOG (lattice-best-path:main():lattice-best-path.cc:99) For utterance M07UP51A0054I40, best cost 15.3329 + 2434.35 = 2449.68 over 298 frames.
M07UP51A0054I40 yuupii 
LOG (lattice-best-path:main():lattice-best-path.cc:99) For utterance M07UP51A0054I47, best cost 12.2964 + 2428.83 = 2441.13 over 298 frames.
M07UP51A0054I47 yuupii 
LOG (lattice-best-path:main():lattice-best-path.cc:99) For utterance M07UP51A0094I411, best cost 25.8654 + 2158.65 = 2184.51 over 298 frames.
M07UP51A0094I411 uttarpradesh 
LOG (lattice-best-path:main():lattice-best-path.cc:99) For utterance M07UP52A0193I300, best cost 23.7996 + 3662.82 = 3686.62 over 498 frames.
M07UP52A0193I300 eempii 
LOG (lattice-best-path:main():lattice-best-path.cc:99) For utterance M07UP52A0193I302, best cost 28.9093 + 3580.73 = 3609.64 over 498 frames.
M07UP52A0193I302 uttarpradesh 
LOG (lattice-best-path:main():lattice-best-path.cc:99) For utterance M07UP52A0193I43, best cost 20.5824 + 2101.23 = 2121.81 over 298 frames.
M07UP52A0193I43 uttarpradesh 
LOG (lattice-best-path:main():lattice-best-path.cc:99) For utterance M07UP52A0195I45, best cost 9.07732 + 2452.53 = 2461.61 over 298 frames.
M07UP52A0195I45 yuupii 
LOG (lattice-best-path:main():lattice-best-path.cc:99) For utterance M07UP52A0196I300, best cost 22.8944 + 3724.51 = 3747.41 over 498 frames.
M07UP52A0196I300 eempii 
LOG (lattice-best-path:main():lattice-best-path.cc:99) For utterance M07UP52A0196I41, best cost 15.8546 + 2275.23 = 2291.08 over 292 frames.
M07UP52A0196I41 yuupii 
LOG (lattice-best-path:main():lattice-best-path.cc:99) For utterance M07UP52A0199I41, best cost 14.4331 + 2527.52 = 2541.95 over 298 frames.
M07UP52A0199I41 yuupii 
LOG (lattice-best-path:main():lattice-best-path.cc:99) For utterance M07UP52A0202I302, best cost 25.2388 + 4065.59 = 4090.83 over 498 frames.
M07UP52A0202I302 eempii 
LOG (lattice-best-path:main():lattice-best-path.cc:99) For utterance M07UP52A0202I40, best cost 13.8729 + 2467.44 = 2481.31 over 298 frames.
M07UP52A0202I40 yuupii 
LOG (lattice-best-path:main():lattice-best-path.cc:99) For utterance M07UP52A0202I45, best cost 17.7863 + 2497.87 = 2515.65 over 298 frames.
M07UP52A0202I45 yuupii 
LOG (lattice-best-path:main():lattice-best-path.cc:99) For utterance M07UP52A0205I43, best cost 17.2809 + 2298.68 = 2315.96 over 298 frames.
M07UP52A0205I43 eempii 
LOG (lattice-best-path:main():lattice-best-path.cc:99) For utterance M07UP52A0206I302, best cost 25.8396 + 3680.5 = 3706.34 over 498 frames.
M07UP52A0206I302 eempii 
LOG (lattice-best-path:main():lattice-best-path.cc:99) For utterance M07UP52A0206I40, best cost 10.5509 + 2441.98 = 2452.53 over 298 frames.
M07UP52A0206I40 eempii 
LOG (lattice-best-path:main():lattice-best-path.cc:99) For utterance M07UP52A0207I42, best cost 18.4293 + 2405.57 = 2424 over 298 frames.
M07UP52A0207I42 eempii 
LOG (lattice-best-path:main():lattice-best-path.cc:99) For utterance M07UP52A0210I300, best cost 24.6731 + 3980.08 = 4004.76 over 498 frames.
M07UP52A0210I300 madhyapradesh 
LOG (lattice-best-path:main():lattice-best-path.cc:99) For utterance M07UP52A0210I43, best cost 18.2938 + 2399.76 = 2418.05 over 298 frames.
M07UP52A0210I43 uttarpradesh 
LOG (lattice-best-path:main():lattice-best-path.cc:99) For utterance M07UP52A0210I603, best cost 35.1411 + 8025.22 = 8060.36 over 998 frames.
M07UP52A0210I603 eempii 
LOG (lattice-best-path:main():lattice-best-path.cc:99) For utterance M07UP52A0211I300, best cost 18.5022 + 4216.17 = 4234.67 over 500 frames.
M07UP52A0211I300 eempii 
LOG (lattice-best-path:main():lattice-best-path.cc:99) For utterance M07UP52A0213I45, best cost 13.435 + 1996.98 = 2010.42 over 298 frames.
M07UP52A0213I45 eempii 
LOG (lattice-best-path:main():lattice-best-path.cc:99) For utterance M07UP53A0072I44, best cost 18.2713 + 2361.02 = 2379.29 over 298 frames.
M07UP53A0072I44 eempii 
LOG (lattice-best-path:main():lattice-best-path.cc:99) For utterance M07UP53A0076I413, best cost 18.145 + 2328.08 = 2346.22 over 298 frames.
M07UP53A0076I413 uttarpradesh 
LOG (lattice-best-path:main():lattice-best-path.cc:99) For utterance M07UP53A0079I42, best cost 14.6196 + 2377.82 = 2392.44 over 298 frames.
M07UP53A0079I42 uttarpradesh 
LOG (lattice-best-path:main():lattice-best-path.cc:99) For utterance M07UP53A0080I41, best cost 13.0931 + 1978.4 = 1991.5 over 298 frames.
M07UP53A0080I41 eempii 
LOG (lattice-best-path:main():lattice-best-path.cc:99) For utterance M07UP53A0080I413, best cost 21.997 + 2174.1 = 2196.1 over 298 frames.
M07UP53A0080I413 uttarpradesh 
LOG (lattice-best-path:main():lattice-best-path.cc:99) For utterance M07UP53A0080I42, best cost 13.7906 + 2129.23 = 2143.02 over 298 frames.
M07UP53A0080I42 eempii 
LOG (lattice-best-path:main():lattice-best-path.cc:99) For utterance M07UP53A0081I424, best cost 10.5338 + 2029.43 = 2039.97 over 298 frames.
M07UP53A0081I424 eempii 
LOG (lattice-best-path:main():lattice-best-path.cc:99) For utterance M07UP53A0083I419, best cost 16.9149 + 2292.66 = 2309.57 over 298 frames.
M07UP53A0083I419 uttarpradesh 
LOG (lattice-best-path:main():lattice-best-path.cc:99) For utterance M07UP53A0085I45, best cost 21.5488 + 2447.15 = 2468.7 over 300 frames.
M07UP53A0085I45 eempii 
LOG (lattice-best-path:main():lattice-best-path.cc:99) For utterance M07UP53A0088I413, best cost 19.9031 + 2383.87 = 2403.77 over 298 frames.
M07UP53A0088I413 eempii 
LOG (lattice-best-path:main():lattice-best-path.cc:99) For utterance M07UP53A0090I410, best cost 15.4948 + 2475.72 = 2491.22 over 300 frames.
M07UP53A0090I410 eempii 
LOG (lattice-best-path:main():lattice-best-path.cc:99) For utterance M07UP54A1272I428, best cost 11.9624 + 2298.03 = 2310 over 298 frames.
M07UP54A1272I428 eempii 
LOG (lattice-best-path:main():lattice-best-path.cc:99) For utterance M07UP54A1280I300, best cost 24.9427 + 3827.81 = 3852.75 over 498 frames.
M07UP54A1280I300 eempii 
LOG (lattice-best-path:main():lattice-best-path.cc:99) For utterance M07UP54A1290I45, best cost 16.1736 + 2372.39 = 2388.57 over 300 frames.
M07UP54A1290I45 eempii 
LOG (lattice-best-path:main():lattice-best-path.cc:99) For utterance M07UP55A0462I422, best cost 13.4505 + 2151.59 = 2165.04 over 298 frames.
M07UP55A0462I422 uttarpradesh 
LOG (lattice-best-path:main():lattice-best-path.cc:99) For utterance M07UP55A0464I303, best cost 17.9524 + 3535.36 = 3553.31 over 498 frames.
M07UP55A0464I303 yuupii 
LOG (lattice-best-path:main():lattice-best-path.cc:99) For utterance M07UP55A0464I42, best cost 16.2958 + 2292.08 = 2308.38 over 298 frames.
M07UP55A0464I42 eempii 
LOG (lattice-best-path:main():lattice-best-path.cc:99) For utterance M07UP55A0469I300, best cost 31.0985 + 3760.19 = 3791.29 over 498 frames.
M07UP55A0469I300 eempii 
LOG (lattice-best-path:main():lattice-best-path.cc:99) For utterance M07UP55A0469I40, best cost 22.1194 + 2171.33 = 2193.45 over 298 frames.
M07UP55A0469I40 eempii 
LOG (lattice-best-path:main():lattice-best-path.cc:99) For utterance M07UP55A0470I301, best cost 22.1945 + 3673.66 = 3695.85 over 498 frames.
M07UP55A0470I301 eempii 
LOG (lattice-best-path:main():lattice-best-path.cc:99) For utterance M07UP55A0474I40, best cost 15.3204 + 2471.04 = 2486.36 over 298 frames.
M07UP55A0474I40 yuupii 
LOG (lattice-best-path:main():lattice-best-path.cc:99) For utterance M07UP55A0476I42, best cost 22.4667 + 2428.06 = 2450.52 over 298 frames.
M07UP55A0476I42 eempii 
LOG (lattice-best-path:main():lattice-best-path.cc:99) For utterance M07UP55A0477I301, best cost 25.8379 + 3644.14 = 3669.98 over 498 frames.
M07UP55A0477I301 uttarpradesh 
LOG (lattice-best-path:main():lattice-best-path.cc:99) For utterance M07UP55A0480I300, best cost 18.2508 + 3847.92 = 3866.17 over 498 frames.
M07UP55A0480I300 yuupii 
LOG (lattice-best-path:main():lattice-best-path.cc:99) For utterance M07UP56A0695I300, best cost 19.5241 + 4071.58 = 4091.1 over 498 frames.
M07UP56A0695I300 eempii 
LOG (lattice-best-path:main():lattice-best-path.cc:99) For utterance M07UP56A0699I301, best cost 25.0173 + 3673.01 = 3698.03 over 498 frames.
M07UP56A0699I301 madhyapradesh 
LOG (lattice-best-path:main():lattice-best-path.cc:99) For utterance M07UP56A0706I43, best cost 12.9521 + 2422.1 = 2435.05 over 298 frames.
M07UP56A0706I43 yuupii 
LOG (lattice-best-path:main():lattice-best-path.cc:99) For utterance M07UP56A0707I45, best cost 13.8361 + 2036.71 = 2050.55 over 298 frames.
M07UP56A0707I45 uttarpradesh 
LOG (lattice-best-path:main():lattice-best-path.cc:99) For utterance M07UP56A0708I47, best cost 26.1826 + 2313.89 = 2340.07 over 298 frames.
M07UP56A0708I47 madhyapradesh 
LOG (lattice-best-path:main():lattice-best-path.cc:99) For utterance M07UP56A0710I421, best cost 23.1412 + 2280.27 = 2303.41 over 298 frames.
M07UP56A0710I421 eempii 
LOG (lattice-best-path:main():lattice-best-path.cc:99) For utterance M07UP57A0404I43, best cost 14.6999 + 2165.11 = 2179.81 over 298 frames.
M07UP57A0404I43 yuupii 
LOG (lattice-best-path:main():lattice-best-path.cc:99) For utterance M07UP57A0406I300, best cost 25.6044 + 3644.68 = 3670.29 over 498 frames.
M07UP57A0406I300 madhyapradesh 
LOG (lattice-best-path:main():lattice-best-path.cc:99) For utterance M07UP57A0409I42, best cost 14.8671 + 2097.31 = 2112.17 over 298 frames.
M07UP57A0409I42 uttarpradesh 
LOG (lattice-best-path:main():lattice-best-path.cc:99) For utterance M07UP57A0411I301, best cost 18.0199 + 3772.6 = 3790.62 over 498 frames.
M07UP57A0411I301 eempii 
LOG (lattice-best-path:main():lattice-best-path.cc:99) For utterance M07UP57A0413I301, best cost 20.6393 + 3485.83 = 3506.47 over 498 frames.
M07UP57A0413I301 yuupii 
LOG (lattice-best-path:main():lattice-best-path.cc:99) For utterance M07UP57A0413I41, best cost 13.0609 + 2428.81 = 2441.87 over 298 frames.
M07UP57A0413I41 eempii 
LOG (lattice-best-path:main():lattice-best-path.cc:99) For utterance M07UP57A0413I507, best cost 10.9996 + 2437.26 = 2448.26 over 298 frames.
M07UP57A0413I507 yuupii 
LOG (lattice-best-path:main():lattice-best-path.cc:99) For utterance M07UP57A0416I301, best cost 27.3119 + 3997.43 = 4024.74 over 498 frames.
M07UP57A0416I301 eempii 
LOG (lattice-best-path:main():lattice-best-path.cc:99) For utterance M07UP57A0417I301, best cost 22.8428 + 3778.86 = 3801.7 over 498 frames.
M07UP57A0417I301 yuupii 
LOG (lattice-best-path:main():lattice-best-path.cc:99) For utterance M07UP57A0417I42, best cost 11.9886 + 2436.06 = 2448.05 over 298 frames.
M07UP57A0417I42 eempii 
LOG (lattice-best-path:main():lattice-best-path.cc:99) For utterance M07UP57A0418I303, best cost 16.2331 + 3887.78 = 3904.02 over 498 frames.
M07UP57A0418I303 eempii 
LOG (lattice-best-path:main():lattice-best-path.cc:99) For utterance M07UP60A0942I416, best cost 10.4635 + 2028.56 = 2039.03 over 298 frames.
M07UP60A0942I416 eempii 
LOG (lattice-best-path:main():lattice-best-path.cc:99) For utterance M07UP60A0942I418, best cost 14.9518 + 2180.01 = 2194.96 over 298 frames.
M07UP60A0942I418 uttarpradesh 
LOG (lattice-best-path:main():lattice-best-path.cc:99) For utterance M07UP60A0944I42, best cost 17.5033 + 2298.07 = 2315.58 over 298 frames.
M07UP60A0944I42 madhyapradesh 
LOG (lattice-best-path:main():lattice-best-path.cc:99) For utterance M07UP60A0946I303, best cost 32.3604 + 3763.13 = 3795.49 over 498 frames.
M07UP60A0946I303 uttarpradesh 
LOG (lattice-best-path:main():lattice-best-path.cc:99) For utterance M07UP60A0954I303, best cost 14.2523 + 3240.51 = 3254.77 over 498 frames.
M07UP60A0954I303 uttarpradesh 
LOG (lattice-best-path:main():lattice-best-path.cc:99) For utterance M07UP60A0955I301, best cost 26.7849 + 3356.76 = 3383.54 over 498 frames.
M07UP60A0955I301 uttarpradesh 
LOG (lattice-best-path:main():lattice-best-path.cc:99) For utterance M07UP60A0955I302, best cost 17.3431 + 3267.17 = 3284.52 over 498 frames.
M07UP60A0955I302 eempii 
LOG (lattice-best-path:main():lattice-best-path.cc:99) For utterance M07UP60A0956I414, best cost 20.2977 + 2334.75 = 2355.05 over 298 frames.
M07UP60A0956I414 uttarpradesh 
LOG (lattice-best-path:main():lattice-best-path.cc:99) For utterance M07UP60A0957I412, best cost 18.5459 + 2193.12 = 2211.67 over 298 frames.
M07UP60A0957I412 madhyapradesh 
LOG (lattice-best-path:main():lattice-best-path.cc:99) For utterance M07UP60A0957I413, best cost 17.6892 + 2142.44 = 2160.13 over 298 frames.
M07UP60A0957I413 uttarpradesh 
LOG (lattice-best-path:main():lattice-best-path.cc:99) For utterance M07UP61A0966I300, best cost 19.5377 + 3422.73 = 3442.27 over 498 frames.
M07UP61A0966I300 eempii 
LOG (lattice-best-path:main():lattice-best-path.cc:99) For utterance M07UP61A0968I301, best cost 17.0553 + 3371.14 = 3388.19 over 498 frames.
M07UP61A0968I301 eempii 
LOG (lattice-best-path:main():lattice-best-path.cc:99) For utterance M07UP61A0971I302, best cost 28.2013 + 3544.69 = 3572.89 over 498 frames.
M07UP61A0971I302 madhyapradesh 
LOG (lattice-best-path:main():lattice-best-path.cc:99) For utterance M07UP61A0972I44, best cost 15.7873 + 2361.1 = 2376.88 over 298 frames.
M07UP61A0972I44 eempii 
LOG (lattice-best-path:main():lattice-best-path.cc:99) For utterance M07UP61A0980I301, best cost 30.6172 + 3969.86 = 4000.47 over 498 frames.
M07UP61A0980I301 madhyapradesh 
LOG (lattice-best-path:main():lattice-best-path.cc:99) For utterance M07UP64A0382I300, best cost 29.3717 + 3869.21 = 3898.58 over 498 frames.
M07UP64A0382I300 eempii 
LOG (lattice-best-path:main():lattice-best-path.cc:99) For utterance M07UP64A0382I301, best cost 22.8137 + 3956.53 = 3979.34 over 498 frames.
M07UP64A0382I301 uttarpradesh 
LOG (lattice-best-path:main():lattice-best-path.cc:99) For utterance M07UP64A0386I42, best cost 17.652 + 2320.99 = 2338.65 over 298 frames.
M07UP64A0386I42 eempii 
LOG (lattice-best-path:main():lattice-best-path.cc:99) For utterance M07UP64A0389I42, best cost 19.5633 + 2082.16 = 2101.72 over 298 frames.
M07UP64A0389I42 eempii 
LOG (lattice-best-path:main():lattice-best-path.cc:99) For utterance M07UP64A0390I300, best cost 23.9659 + 3608.64 = 3632.6 over 498 frames.
M07UP64A0390I300 eempii 
LOG (lattice-best-path:main():lattice-best-path.cc:99) For utterance M07UP64A0391I302, best cost 41.9752 + 3617.31 = 3659.29 over 498 frames.
M07UP64A0391I302 eempii 
LOG (lattice-best-path:main():lattice-best-path.cc:99) For utterance M07UP64A0391I303, best cost 28.9428 + 3670.09 = 3699.03 over 498 frames.
M07UP64A0391I303 uttarpradesh 
LOG (lattice-best-path:main():lattice-best-path.cc:99) For utterance M07UP64A0392I301, best cost 14.0044 + 3181.61 = 3195.62 over 498 frames.
M07UP64A0392I301 eempii 
LOG (lattice-best-path:main():lattice-best-path.cc:99) For utterance M07UP64A0393I41, best cost 17.4736 + 2391.6 = 2409.08 over 298 frames.
M07UP64A0393I41 eempii 
LOG (lattice-best-path:main():lattice-best-path.cc:99) For utterance M07UP64A0396I43, best cost 15.6277 + 2482.18 = 2497.81 over 300 frames.
M07UP64A0396I43 eempii 
LOG (lattice-best-path:main():lattice-best-path.cc:99) For utterance M07UP64A0399I302, best cost 25.3255 + 3754.98 = 3780.3 over 498 frames.
M07UP64A0399I302 yuupii 
LOG (lattice-best-path:main():lattice-best-path.cc:99) For utterance M07UP64A0400I300, best cost 39.7448 + 3937.22 = 3976.96 over 498 frames.
M07UP64A0400I300 eempii 
LOG (lattice-best-path:main():lattice-best-path.cc:99) For utterance M07UP64A0400I426, best cost 18.4082 + 2264.63 = 2283.04 over 298 frames.
M07UP64A0400I426 yuupii 
LOG (lattice-best-path:main():lattice-best-path.cc:99) For utterance M07UP64A0401I43, best cost 14.9624 + 2350.05 = 2365.01 over 300 frames.
M07UP64A0401I43 madhyapradesh 
LOG (lattice-best-path:main():lattice-best-path.cc:99) For utterance M07UP66A0674I303, best cost 18.6169 + 3899.38 = 3918 over 498 frames.
M07UP66A0674I303 eempii 
LOG (lattice-best-path:main():lattice-best-path.cc:99) For utterance M07UP66A0676I303, best cost 16.5279 + 3978.6 = 3995.13 over 498 frames.
M07UP66A0676I303 yuupii 
LOG (lattice-best-path:main():lattice-best-path.cc:99) For utterance M07UP66A0684I43, best cost 18.3512 + 2226.55 = 2244.9 over 298 frames.
M07UP66A0684I43 uttarpradesh 
LOG (lattice-best-path:main():lattice-best-path.cc:99) For utterance M07UP66A0685I42, best cost 20.9816 + 2276.93 = 2297.92 over 298 frames.
M07UP66A0685I42 yuupii 
LOG (lattice-best-path:main():lattice-best-path.cc:99) For utterance M07UP66A0687I301, best cost 17.3263 + 3331.86 = 3349.19 over 498 frames.
M07UP66A0687I301 uttarpradesh 
LOG (lattice-best-path:main():lattice-best-path.cc:99) For utterance M07UP66A0688I410, best cost 18.2041 + 2041.14 = 2059.35 over 298 frames.
M07UP66A0688I410 madhyapradesh 
LOG (lattice-best-path:main():lattice-best-path.cc:99) For utterance M07UP66A0692I301, best cost 24.275 + 3758.8 = 3783.08 over 498 frames.
M07UP66A0692I301 eempii 
LOG (lattice-best-path:main():lattice-best-path.cc:99) For utterance M07UP72A0730I42, best cost 15.8793 + 2328.37 = 2344.25 over 298 frames.
M07UP72A0730I42 uttarpradesh 
LOG (lattice-best-path:main():lattice-best-path.cc:99) For utterance M07UP72A0730I46, best cost 19.4418 + 2261.88 = 2281.32 over 298 frames.
LOG (lattice-scale:main():lattice-scale.cc:90) Done 553 lattices.
M07UP72A0730I46 eempii 
LOG (lattice-best-path:main():lattice-best-path.cc:99) For utterance M07UP72A0731I42, best cost 19.1421 + 2473.73 = 2492.87 over 298 frames.
M07UP72A0731I42 madhyapradesh 
LOG (lattice-best-path:main():lattice-best-path.cc:99) For utterance M07UP73A0922I300, best cost 14.669 + 3990.48 = 4005.15 over 498 frames.
M07UP73A0922I300 yuupii 
LOG (lattice-best-path:main():lattice-best-path.cc:99) For utterance M07UP73A0923I41, best cost 13.0585 + 2344.58 = 2357.64 over 298 frames.
M07UP73A0923I41 yuupii 
LOG (lattice-best-path:main():lattice-best-path.cc:99) For utterance M07UP73A0924I41, best cost 16.842 + 2235.41 = 2252.25 over 298 frames.
M07UP73A0924I41 uttarpradesh 
LOG (lattice-best-path:main():lattice-best-path.cc:99) For utterance M07UP73A0925I42, best cost 15.1796 + 2035.78 = 2050.96 over 298 frames.
M07UP73A0925I42 uttarpradesh 
LOG (lattice-best-path:main():lattice-best-path.cc:99) For utterance M07UP73A0927I43, best cost 21.0452 + 2154.38 = 2175.43 over 298 frames.
M07UP73A0927I43 eempii 
LOG (lattice-best-path:main():lattice-best-path.cc:99) For utterance M07UP73A0929I42, best cost 24.4372 + 2345.75 = 2370.18 over 298 frames.
M07UP73A0929I42 madhyapradesh 
LOG (lattice-best-path:main():lattice-best-path.cc:99) For utterance M07UP73A0930I43, best cost 22.2862 + 2206.27 = 2228.56 over 298 frames.
M07UP73A0930I43 yuupii 
LOG (lattice-best-path:main():lattice-best-path.cc:99) For utterance M07UP73A0931I49, best cost 15.7684 + 2316.44 = 2332.21 over 298 frames.
M07UP73A0931I49 eempii 
LOG (lattice-best-path:main():lattice-best-path.cc:99) For utterance M07UP73A0937I42, best cost 13.0403 + 2208.06 = 2221.1 over 298 frames.
M07UP73A0937I42 eempii 
LOG (lattice-best-path:main():lattice-best-path.cc:99) For utterance M07UP73A0938I42, best cost 16.4881 + 2153.92 = 2170.41 over 298 frames.
M07UP73A0938I42 yuupii 
LOG (lattice-best-path:main():lattice-best-path.cc:99) For utterance M07UP74A0802I303, best cost 29.5845 + 3588.9 = 3618.48 over 498 frames.
M07UP74A0802I303 madhyapradesh 
LOG (lattice-best-path:main():lattice-best-path.cc:99) For utterance M07UP74A0813I300, best cost 21.8451 + 3512.47 = 3534.32 over 498 frames.
M07UP74A0813I300 eempii 
LOG (lattice-best-path:main():lattice-best-path.cc:99) For utterance M07UP74A0814I301, best cost 20.4367 + 3481.41 = 3501.85 over 504 frames.
M07UP74A0814I301 yuupii 
LOG (lattice-best-path:main():lattice-best-path.cc:99) For utterance M07UP74A0817I42, best cost 18.8363 + 2165.52 = 2184.36 over 300 frames.
M07UP74A0817I42 eempii 
LOG (lattice-add-penalty:main():lattice-add-penalty.cc:62) Done adding word insertion penalty to 553 lattices.
LOG (lattice-best-path:main():lattice-best-path.cc:99) For utterance M07UP75A0755I303, best cost 31.5451 + 3733.34 = 3764.88 over 498 frames.
M07UP75A0755I303 madhyapradesh 
LOG (lattice-best-path:main():lattice-best-path.cc:99) For utterance M07UP75A0758I300, best cost 22.3861 + 3685.54 = 3707.92 over 498 frames.
M07UP75A0758I300 eempii 
LOG (lattice-best-path:main():lattice-best-path.cc:99) For utterance M07UP75A0764I302, best cost 25.9804 + 3867.4 = 3893.38 over 498 frames.
M07UP75A0764I302 yuupii 
LOG (lattice-best-path:main():lattice-best-path.cc:99) For utterance M07UP75A0764I42, best cost 18.8061 + 2365.74 = 2384.54 over 298 frames.
M07UP75A0764I42 madhyapradesh 
LOG (lattice-best-path:main():lattice-best-path.cc:99) For utterance M07UP75A0768I40, best cost 16.7113 + 2219.1 = 2235.81 over 298 frames.
M07UP75A0768I40 madhyapradesh 
LOG (lattice-best-path:main():lattice-best-path.cc:99) For utterance M07UP75A0769I301, best cost 25.9178 + 3544.24 = 3570.16 over 498 frames.
M07UP75A0769I301 uttarpradesh 
LOG (lattice-best-path:main():lattice-best-path.cc:99) For utterance M07UP75A0770I303, best cost 30.5208 + 3643 = 3673.52 over 498 frames.
M07UP75A0770I303 eempii 
LOG (lattice-best-path:main():lattice-best-path.cc:99) For utterance M07UP75A0771I42, best cost 15.4306 + 2217.12 = 2232.55 over 298 frames.
M07UP75A0771I42 eempii 
LOG (lattice-best-path:main():lattice-best-path.cc:99) For utterance M07UP75A0771I43, best cost 16.7489 + 2247.37 = 2264.12 over 298 frames.
M07UP75A0771I43 madhyapradesh 
LOG (lattice-best-path:main():lattice-best-path.cc:99) For utterance M07UP75A0772I300, best cost 16.3836 + 3487.62 = 3504 over 498 frames.
M07UP75A0772I300 uttarpradesh 
LOG (lattice-best-path:main():lattice-best-path.cc:99) For utterance M07UP75A0773I41, best cost 12.3543 + 2144.19 = 2156.55 over 298 frames.
M07UP75A0773I41 yuupii 
LOG (lattice-best-path:main():lattice-best-path.cc:124) Overall cost per frame is 7.58298 = 0.0503819 [graph] + 7.5326 [acoustic] over 207364 frames.
LOG (lattice-best-path:main():lattice-best-path.cc:128) Done 553 lattices, failed for 0
# Accounting: time=1 threads=1
# Ended (code 0) at Mon Jul 25 00:37:33 IST 2016, elapsed time 1 seconds
