# lattice-scale --inv-acoustic-scale=20 "ark:gunzip -c exp/tri1_1600_25600/decode/lat.*.gz|" ark:- | lattice-add-penalty --word-ins-penalty=0.0 ark:- ark:- | lattice-best-path --word-symbol-table=exp/tri1_1600_25600/graph/words.txt ark:- ark,t:- | utils/int2sym.pl -f 2- exp/tri1_1600_25600/graph/words.txt | cat > exp/tri1_1600_25600/decode/scoring_kaldi/penalty_0.0/20.txt 
# Started at Mon Jul 25 00:37:33 IST 2016
#
lattice-best-path --word-symbol-table=exp/tri1_1600_25600/graph/words.txt ark:- ark,t:- 
lattice-scale --inv-acoustic-scale=20 'ark:gunzip -c exp/tri1_1600_25600/decode/lat.*.gz|' ark:- 
lattice-add-penalty --word-ins-penalty=0.0 ark:- ark:- 
LOG (lattice-best-path:main():lattice-best-path.cc:99) For utterance F07UP02A0332I42, best cost 19.7559 + 1522.06 = 1541.81 over 300 frames.
F07UP02A0332I42 uttarpradesh 
LOG (lattice-best-path:main():lattice-best-path.cc:99) For utterance F07UP02A0332I43, best cost 16.9128 + 1442.99 = 1459.9 over 298 frames.
F07UP02A0332I43 madhyapradesh 
LOG (lattice-best-path:main():lattice-best-path.cc:99) For utterance F07UP06A0432I42, best cost 20.6753 + 1340.98 = 1361.66 over 300 frames.
F07UP06A0432I42 eempii 
LOG (lattice-best-path:main():lattice-best-path.cc:99) For utterance F07UP07A0094I427, best cost 15.4497 + 1388.31 = 1403.76 over 298 frames.
F07UP07A0094I427 eempii 
LOG (lattice-best-path:main():lattice-best-path.cc:99) For utterance F07UP07A0096I44, best cost 17.2619 + 1513.79 = 1531.05 over 298 frames.
F07UP07A0096I44 yuupii 
LOG (lattice-best-path:main():lattice-best-path.cc:99) For utterance F07UP09A0491I46, best cost 16.4152 + 1561.85 = 1578.26 over 298 frames.
F07UP09A0491I46 eempii 
LOG (lattice-best-path:main():lattice-best-path.cc:99) For utterance F07UP11A1331I301, best cost 14.1613 + 2247.8 = 2261.96 over 498 frames.
F07UP11A1331I301 eempii 
LOG (lattice-best-path:main():lattice-best-path.cc:99) For utterance F07UP19A0344I46, best cost 17.8289 + 1372.47 = 1390.29 over 298 frames.
F07UP19A0344I46 madhyapradesh 
LOG (lattice-best-path:main():lattice-best-path.cc:99) For utterance F07UP21A0612I41, best cost 18.7639 + 1416.94 = 1435.7 over 298 frames.
F07UP21A0612I41 eempii 
LOG (lattice-best-path:main():lattice-best-path.cc:99) For utterance F07UP22A1336I429, best cost 20.0485 + 1461.48 = 1481.53 over 298 frames.
F07UP22A1336I429 madhyapradesh 
LOG (lattice-best-path:main():lattice-best-path.cc:99) For utterance F07UP22A1336I501, best cost 15.7876 + 1883.86 = 1899.64 over 398 frames.
F07UP22A1336I501 eempii 
LOG (lattice-best-path:main():lattice-best-path.cc:99) For utterance F07UP22A1343I301, best cost 16.0077 + 2255.87 = 2271.87 over 498 frames.
F07UP22A1343I301 uttarpradesh 
LOG (lattice-best-path:main():lattice-best-path.cc:99) For utterance F07UP22A1343I47, best cost 17.6699 + 1564.16 = 1581.83 over 298 frames.
F07UP22A1343I47 eempii 
LOG (lattice-best-path:main():lattice-best-path.cc:99) For utterance F07UP22A1345I47, best cost 13.9788 + 1371.14 = 1385.12 over 298 frames.
F07UP22A1345I47 yuupii 
LOG (lattice-best-path:main():lattice-best-path.cc:99) For utterance F07UP22A1346I435, best cost 20.7891 + 1532.02 = 1552.81 over 300 frames.
F07UP22A1346I435 uttarpradesh 
LOG (lattice-best-path:main():lattice-best-path.cc:99) For utterance F07UP23A0248I41, best cost 12.9627 + 1613.66 = 1626.62 over 298 frames.
F07UP23A0248I41 yuupii 
LOG (lattice-best-path:main():lattice-best-path.cc:99) For utterance F07UP24A0182I302, best cost 18.0048 + 2547.81 = 2565.81 over 498 frames.
F07UP24A0182I302 yuupii 
LOG (lattice-best-path:main():lattice-best-path.cc:99) For utterance F07UP24A0182I41, best cost 16.2434 + 1560.21 = 1576.46 over 298 frames.
F07UP24A0182I41 eempii 
LOG (lattice-best-path:main():lattice-best-path.cc:99) For utterance F07UP24A0183I302, best cost 13.897 + 2675.44 = 2689.33 over 498 frames.
F07UP24A0183I302 yuupii 
LOG (lattice-best-path:main():lattice-best-path.cc:99) For utterance F07UP24A0183I47, best cost 18.0305 + 1525.44 = 1543.48 over 298 frames.
F07UP24A0183I47 madhyapradesh 
LOG (lattice-best-path:main():lattice-best-path.cc:99) For utterance F07UP25A1212I41, best cost 12.91 + 1597.86 = 1610.77 over 298 frames.
F07UP25A1212I41 uttarpradesh 
LOG (lattice-best-path:main():lattice-best-path.cc:99) For utterance F07UP25A1215I42, best cost 13.2847 + 1555.24 = 1568.52 over 298 frames.
F07UP25A1215I42 yuupii 
LOG (lattice-best-path:main():lattice-best-path.cc:99) For utterance F07UP26A0256I43, best cost 13.2033 + 1556.73 = 1569.93 over 298 frames.
F07UP26A0256I43 yuupii 
LOG (lattice-best-path:main():lattice-best-path.cc:99) For utterance F07UP28A0226I300, best cost 17.256 + 2678.68 = 2695.94 over 498 frames.
F07UP28A0226I300 yuupii 
LOG (lattice-best-path:main():lattice-best-path.cc:99) For utterance F07UP28A0226I45, best cost 10.8373 + 1590.14 = 1600.98 over 298 frames.
F07UP28A0226I45 yuupii 
LOG (lattice-best-path:main():lattice-best-path.cc:99) For utterance F07UP28A0227I301, best cost 26.3362 + 2644.99 = 2671.33 over 498 frames.
F07UP28A0227I301 eempii 
LOG (lattice-best-path:main():lattice-best-path.cc:99) For utterance F07UP28A0228I303, best cost 13.2109 + 2749.52 = 2762.73 over 498 frames.
F07UP28A0228I303 yuupii 
LOG (lattice-best-path:main():lattice-best-path.cc:99) For utterance F07UP29A0523I41, best cost 19.1128 + 1412.99 = 1432.1 over 298 frames.
F07UP29A0523I41 eempii 
LOG (lattice-best-path:main():lattice-best-path.cc:99) For utterance F07UP29A0523I44, best cost 15.5507 + 1369.57 = 1385.12 over 298 frames.
F07UP29A0523I44 yuupii 
LOG (lattice-best-path:main():lattice-best-path.cc:99) For utterance F07UP31A1293I42, best cost 13.5916 + 1600.63 = 1614.22 over 298 frames.
F07UP31A1293I42 eempii 
LOG (lattice-best-path:main():lattice-best-path.cc:99) For utterance F07UP34A0567I44, best cost 20.6348 + 1486.02 = 1506.65 over 300 frames.
F07UP34A0567I44 madhyapradesh 
LOG (lattice-best-path:main():lattice-best-path.cc:99) For utterance F07UP35A0453I300, best cost 27.5461 + 2288.77 = 2316.31 over 498 frames.
F07UP35A0453I300 uttarpradesh 
LOG (lattice-best-path:main():lattice-best-path.cc:99) For utterance F07UP37A0304I300, best cost 18.4763 + 2272.73 = 2291.21 over 498 frames.
F07UP37A0304I300 yuupii 
LOG (lattice-best-path:main():lattice-best-path.cc:99) For utterance F07UP38A0101I41, best cost 19.2246 + 1510.72 = 1529.94 over 298 frames.
F07UP38A0101I41 eempii 
LOG (lattice-best-path:main():lattice-best-path.cc:99) For utterance F07UP41A0286I40, best cost 11.9829 + 1319.69 = 1331.67 over 298 frames.
F07UP41A0286I40 eempii 
LOG (lattice-best-path:main():lattice-best-path.cc:99) For utterance F07UP41A0286I42, best cost 9.84797 + 1234.65 = 1244.5 over 298 frames.
F07UP41A0286I42 eempii 
LOG (lattice-best-path:main():lattice-best-path.cc:99) For utterance F07UP52A0208I44, best cost 9.97397 + 1575.4 = 1585.38 over 298 frames.
F07UP52A0208I44 yuupii 
LOG (lattice-best-path:main():lattice-best-path.cc:99) For utterance F07UP54A1284I430, best cost 14.019 + 1425.03 = 1439.05 over 298 frames.
F07UP54A1284I430 madhyapradesh 
LOG (lattice-best-path:main():lattice-best-path.cc:99) For utterance F07UP57A0408I41, best cost 17.8815 + 1554.08 = 1571.97 over 298 frames.
F07UP57A0408I41 eempii 
LOG (lattice-best-path:main():lattice-best-path.cc:99) For utterance F07UP60A0943I300, best cost 23.6224 + 2710.45 = 2734.07 over 498 frames.
F07UP60A0943I300 uttarpradesh 
LOG (lattice-best-path:main():lattice-best-path.cc:99) For utterance F07UP60A0944I303, best cost 17.7144 + 2230.38 = 2248.09 over 498 frames.
F07UP60A0944I303 eempii 
LOG (lattice-best-path:main():lattice-best-path.cc:99) For utterance F07UP60A0949I300, best cost 25.8338 + 2392.27 = 2418.1 over 498 frames.
F07UP60A0949I300 yuupii 
LOG (lattice-best-path:main():lattice-best-path.cc:99) For utterance F07UP60A0949I302, best cost 23.7865 + 2250.25 = 2274.03 over 498 frames.
F07UP60A0949I302 eempii 
LOG (lattice-best-path:main():lattice-best-path.cc:99) For utterance F07UP60A0949I303, best cost 26.0479 + 2255.68 = 2281.72 over 498 frames.
F07UP60A0949I303 uttarpradesh 
LOG (lattice-best-path:main():lattice-best-path.cc:99) For utterance F07UP60A0953I41, best cost 19.0554 + 1390.03 = 1409.09 over 298 frames.
F07UP60A0953I41 madhyapradesh 
LOG (lattice-best-path:main():lattice-best-path.cc:99) For utterance F07UP60A0962I427, best cost 13.6237 + 1508.13 = 1521.75 over 298 frames.
F07UP60A0962I427 yuupii 
LOG (lattice-best-path:main():lattice-best-path.cc:99) For utterance F07UP60A0963I46, best cost 24.6305 + 1557.22 = 1581.85 over 298 frames.
F07UP60A0963I46 eempii 
LOG (lattice-best-path:main():lattice-best-path.cc:99) For utterance F07UP64A0395I300, best cost 22.6071 + 2365.64 = 2388.24 over 498 frames.
F07UP64A0395I300 yuupii 
LOG (lattice-best-path:main():lattice-best-path.cc:99) For utterance F07UP64A0397I301, best cost 13.9452 + 2593.17 = 2607.12 over 498 frames.
F07UP64A0397I301 yuupii 
LOG (lattice-best-path:main():lattice-best-path.cc:99) For utterance F07UP64A0402I41, best cost 17.2185 + 1433.01 = 1450.23 over 298 frames.
F07UP64A0402I41 uttarpradesh 
LOG (lattice-best-path:main():lattice-best-path.cc:99) For utterance F07UP72A0728I300, best cost 22.1705 + 2538.83 = 2561.01 over 498 frames.
F07UP72A0728I300 uttarpradesh 
LOG (lattice-best-path:main():lattice-best-path.cc:99) For utterance F07UP75A0756I300, best cost 25.3409 + 2366.48 = 2391.82 over 498 frames.
F07UP75A0756I300 uttarpradesh 
LOG (lattice-best-path:main():lattice-best-path.cc:99) For utterance F07UP75A0763I435, best cost 11.3128 + 1359.69 = 1371 over 300 frames.
F07UP75A0763I435 eempii 
LOG (lattice-best-path:main():lattice-best-path.cc:99) For utterance M07UP01A0057I427, best cost 11.4391 + 1609.77 = 1621.21 over 298 frames.
M07UP01A0057I427 eempii 
LOG (lattice-best-path:main():lattice-best-path.cc:99) For utterance M07UP01A0062I412, best cost 20.3712 + 1525.24 = 1545.61 over 298 frames.
M07UP01A0062I412 uttarpradesh 
LOG (lattice-best-path:main():lattice-best-path.cc:99) For utterance M07UP01A0062I45, best cost 17.0828 + 1443.63 = 1460.71 over 300 frames.
M07UP01A0062I45 eempii 
LOG (lattice-best-path:main():lattice-best-path.cc:99) For utterance M07UP01A0063I43, best cost 16.1958 + 1529.44 = 1545.64 over 298 frames.
M07UP01A0063I43 eempii 
LOG (lattice-best-path:main():lattice-best-path.cc:99) For utterance M07UP01A0069I413, best cost 16.1896 + 1477.38 = 1493.57 over 298 frames.
M07UP01A0069I413 eempii 
LOG (lattice-best-path:main():lattice-best-path.cc:99) For utterance M07UP01A0160I420, best cost 16.754 + 1456.39 = 1473.14 over 298 frames.
M07UP01A0160I420 uttarpradesh 
LOG (lattice-best-path:main():lattice-best-path.cc:99) For utterance M07UP01A0160I430, best cost 16.1897 + 1502.43 = 1518.62 over 298 frames.
M07UP01A0160I430 eempii 
LOG (lattice-best-path:main():lattice-best-path.cc:99) For utterance M07UP01A0160I47, best cost 10.889 + 1539.97 = 1550.86 over 298 frames.
M07UP01A0160I47 yuupii 
LOG (lattice-best-path:main():lattice-best-path.cc:99) For utterance M07UP02A0321I47, best cost 14.5786 + 1437.13 = 1451.71 over 300 frames.
M07UP02A0321I47 eempii 
LOG (lattice-best-path:main():lattice-best-path.cc:99) For utterance M07UP02A0323I300, best cost 12.1281 + 2330.21 = 2342.34 over 498 frames.
M07UP02A0323I300 eempii 
LOG (lattice-best-path:main():lattice-best-path.cc:99) For utterance M07UP02A0325I43, best cost 13.8581 + 1556.87 = 1570.73 over 298 frames.
M07UP02A0325I43 eempii 
LOG (lattice-best-path:main():lattice-best-path.cc:99) For utterance M07UP02A0329I43, best cost 17.4282 + 1365.78 = 1383.21 over 298 frames.
M07UP02A0329I43 madhyapradesh 
LOG (lattice-best-path:main():lattice-best-path.cc:99) For utterance M07UP02A0330I303, best cost 18.5238 + 2098.48 = 2117 over 498 frames.
M07UP02A0330I303 eempii 
LOG (lattice-best-path:main():lattice-best-path.cc:99) For utterance M07UP02A0333I45, best cost 20.094 + 1449.4 = 1469.49 over 298 frames.
M07UP02A0333I45 yuupii 
LOG (lattice-best-path:main():lattice-best-path.cc:99) For utterance M07UP02A0335I301, best cost 15.2243 + 2523.11 = 2538.33 over 498 frames.
M07UP02A0335I301 yuupii 
LOG (lattice-best-path:main():lattice-best-path.cc:99) For utterance M07UP02A0336I44, best cost 16.1605 + 1433.16 = 1449.32 over 290 frames.
M07UP02A0336I44 uttarpradesh 
LOG (lattice-best-path:main():lattice-best-path.cc:99) For utterance M07UP02A0337I41, best cost 20.5992 + 1583.6 = 1604.2 over 298 frames.
M07UP02A0337I41 eempii 
LOG (lattice-best-path:main():lattice-best-path.cc:99) For utterance M07UP02A0337I44, best cost 15.1788 + 1378.61 = 1393.79 over 298 frames.
M07UP02A0337I44 eempii 
LOG (lattice-best-path:main():lattice-best-path.cc:99) For utterance M07UP04A1227I45, best cost 16.2068 + 1535.64 = 1551.85 over 298 frames.
M07UP04A1227I45 yuupii 
LOG (lattice-best-path:main():lattice-best-path.cc:99) For utterance M07UP04A1230I303, best cost 40.472 + 2450.6 = 2491.07 over 498 frames.
M07UP04A1230I303 eempii 
LOG (lattice-best-path:main():lattice-best-path.cc:99) For utterance M07UP04A1235I41, best cost 13.368 + 1556.87 = 1570.24 over 298 frames.
M07UP04A1235I41 madhyapradesh 
LOG (lattice-best-path:main():lattice-best-path.cc:99) For utterance M07UP04A1235I46, best cost 17.4295 + 1354.34 = 1371.77 over 298 frames.
M07UP04A1235I46 madhyapradesh 
LOG (lattice-best-path:main():lattice-best-path.cc:99) For utterance M07UP04A1236I303, best cost 32.0005 + 2441.35 = 2473.35 over 498 frames.
M07UP04A1236I303 uttarpradesh 
LOG (lattice-best-path:main():lattice-best-path.cc:99) For utterance M07UP04A1239I301, best cost 24.969 + 2244.02 = 2268.99 over 498 frames.
M07UP04A1239I301 uttarpradesh 
LOG (lattice-best-path:main():lattice-best-path.cc:99) For utterance M07UP04A1242I410, best cost 19.9062 + 1483.09 = 1503 over 298 frames.
M07UP04A1242I410 uttarpradesh 
LOG (lattice-best-path:main():lattice-best-path.cc:99) For utterance M07UP04A1243I300, best cost 29.0741 + 2604.7 = 2633.77 over 498 frames.
M07UP04A1243I300 madhyapradesh 
LOG (lattice-best-path:main():lattice-best-path.cc:99) For utterance M07UP04A1243I435, best cost 18.7917 + 1446.05 = 1464.84 over 300 frames.
M07UP04A1243I435 uttarpradesh 
LOG (lattice-best-path:main():lattice-best-path.cc:99) For utterance M07UP04A1244I44, best cost 14.7318 + 1677.24 = 1691.97 over 298 frames.
M07UP04A1244I44 yuupii 
LOG (lattice-best-path:main():lattice-best-path.cc:99) For utterance M07UP04A1245I48, best cost 21.9891 + 1616.72 = 1638.71 over 298 frames.
M07UP04A1245I48 uttarpradesh 
LOG (lattice-best-path:main():lattice-best-path.cc:99) For utterance M07UP05A0903I43, best cost 19.4372 + 1411.98 = 1431.41 over 298 frames.
M07UP05A0903I43 yuupii 
LOG (lattice-best-path:main():lattice-best-path.cc:99) For utterance M07UP05A0910I300, best cost 25.5331 + 2189.46 = 2214.99 over 498 frames.
M07UP05A0910I300 eempii 
LOG (lattice-best-path:main():lattice-best-path.cc:99) For utterance M07UP05A0911I42, best cost 14.0368 + 1512.69 = 1526.73 over 298 frames.
M07UP05A0911I42 uttarpradesh 
LOG (lattice-best-path:main():lattice-best-path.cc:99) For utterance M07UP05A0914I300, best cost 20.2446 + 2211.8 = 2232.05 over 498 frames.
M07UP05A0914I300 eempii 
LOG (lattice-best-path:main():lattice-best-path.cc:99) For utterance M07UP05A0914I302, best cost 32.4947 + 2307.59 = 2340.09 over 498 frames.
M07UP05A0914I302 uttarpradesh 
LOG (lattice-best-path:main():lattice-best-path.cc:99) For utterance M07UP05A0915I301, best cost 16.5831 + 2245.53 = 2262.11 over 498 frames.
M07UP05A0915I301 uttarpradesh 
LOG (lattice-best-path:main():lattice-best-path.cc:99) For utterance M07UP05A0916I43, best cost 24.8423 + 1458.3 = 1483.14 over 298 frames.
M07UP05A0916I43 madhyapradesh 
LOG (lattice-best-path:main():lattice-best-path.cc:99) For utterance M07UP05A0920I411, best cost 17.1099 + 1436.33 = 1453.44 over 298 frames.
M07UP05A0920I411 uttarpradesh 
LOG (lattice-best-path:main():lattice-best-path.cc:99) For utterance M07UP06A0427I301, best cost 16.6188 + 2036.84 = 2053.46 over 498 frames.
M07UP06A0427I301 uttarpradesh 
LOG (lattice-best-path:main():lattice-best-path.cc:99) For utterance M07UP06A0428I41, best cost 12.9785 + 1533.9 = 1546.88 over 298 frames.
M07UP06A0428I41 eempii 
LOG (lattice-best-path:main():lattice-best-path.cc:99) For utterance M07UP06A0429I411, best cost 14.0115 + 1377.08 = 1391.09 over 298 frames.
M07UP06A0429I411 uttarpradesh 
LOG (lattice-best-path:main():lattice-best-path.cc:99) For utterance M07UP06A0433I301, best cost 25.5879 + 2248.96 = 2274.55 over 498 frames.
M07UP06A0433I301 madhyapradesh 
LOG (lattice-best-path:main():lattice-best-path.cc:99) For utterance M07UP06A0433I40, best cost 20.2756 + 1458.87 = 1479.15 over 298 frames.
M07UP06A0433I40 uttarpradesh 
LOG (lattice-best-path:main():lattice-best-path.cc:99) For utterance M07UP06A0433I41, best cost 20.9793 + 1542.36 = 1563.34 over 298 frames.
M07UP06A0433I41 eempii 
LOG (lattice-best-path:main():lattice-best-path.cc:99) For utterance M07UP06A0437I42, best cost 13.5899 + 1350.57 = 1364.16 over 298 frames.
M07UP06A0437I42 uttarpradesh 
LOG (lattice-best-path:main():lattice-best-path.cc:99) For utterance M07UP06A0438I41, best cost 15.2157 + 1377.9 = 1393.12 over 298 frames.
M07UP06A0438I41 eempii 
LOG (lattice-best-path:main():lattice-best-path.cc:99) For utterance M07UP06A0442I41, best cost 13.1495 + 1551.37 = 1564.52 over 298 frames.
M07UP06A0442I41 yuupii 
LOG (lattice-best-path:main():lattice-best-path.cc:99) For utterance M07UP06A0442I42, best cost 16.6672 + 1472.92 = 1489.58 over 300 frames.
M07UP06A0442I42 madhyapradesh 
LOG (lattice-best-path:main():lattice-best-path.cc:99) For utterance M07UP06A0444I43, best cost 19.6062 + 1328.41 = 1348.02 over 298 frames.
M07UP06A0444I43 eempii 
LOG (lattice-best-path:main():lattice-best-path.cc:99) For utterance M07UP06A0445I301, best cost 19.4994 + 2423.71 = 2443.21 over 490 frames.
M07UP06A0445I301 yuupii 
LOG (lattice-best-path:main():lattice-best-path.cc:99) For utterance M07UP06A0447I41, best cost 16.6342 + 1366.86 = 1383.49 over 298 frames.
M07UP06A0447I41 eempii 
LOG (lattice-best-path:main():lattice-best-path.cc:99) For utterance M07UP07A0134I42, best cost 13.527 + 1362.18 = 1375.71 over 298 frames.
M07UP07A0134I42 eempii 
LOG (lattice-best-path:main():lattice-best-path.cc:99) For utterance M07UP07A0134I436, best cost 16.8323 + 1489.45 = 1506.29 over 298 frames.
M07UP07A0134I436 uttarpradesh 
LOG (lattice-best-path:main():lattice-best-path.cc:99) For utterance M07UP07A0136I410, best cost 12.9224 + 1569.61 = 1582.53 over 298 frames.
M07UP07A0136I410 yuupii 
LOG (lattice-best-path:main():lattice-best-path.cc:99) For utterance M07UP07A0136I438, best cost 21.4162 + 1518.86 = 1540.28 over 298 frames.
M07UP07A0136I438 yuupii 
LOG (lattice-best-path:main():lattice-best-path.cc:99) For utterance M07UP07A0138I414, best cost 9.3426 + 1276.68 = 1286.03 over 298 frames.
M07UP07A0138I414 uttarpradesh 
LOG (lattice-best-path:main():lattice-best-path.cc:99) For utterance M07UP07A0139I42, best cost 12.0607 + 1473.43 = 1485.49 over 298 frames.
M07UP07A0139I42 eempii 
LOG (lattice-best-path:main():lattice-best-path.cc:99) For utterance M07UP07A0142I43, best cost 15.087 + 1580.33 = 1595.41 over 298 frames.
M07UP07A0142I43 eempii 
LOG (lattice-best-path:main():lattice-best-path.cc:99) For utterance M07UP07A0143I45, best cost 14.0246 + 1495.9 = 1509.93 over 298 frames.
M07UP07A0143I45 uttarpradesh 
LOG (lattice-best-path:main():lattice-best-path.cc:99) For utterance M07UP07A0145I436, best cost 12.5047 + 1354.27 = 1366.77 over 298 frames.
M07UP07A0145I436 yuupii 
LOG (lattice-best-path:main():lattice-best-path.cc:99) For utterance M07UP09A0483I300, best cost 12.1632 + 2184.33 = 2196.5 over 498 frames.
M07UP09A0483I300 yuupii 
LOG (lattice-best-path:main():lattice-best-path.cc:99) For utterance M07UP09A0485I43, best cost 20.9574 + 1471.97 = 1492.93 over 298 frames.
M07UP09A0485I43 eempii 
LOG (lattice-best-path:main():lattice-best-path.cc:99) For utterance M07UP09A0488I43, best cost 15.2494 + 1577.47 = 1592.71 over 298 frames.
M07UP09A0488I43 yuupii 
LOG (lattice-best-path:main():lattice-best-path.cc:99) For utterance M07UP09A0489I300, best cost 19.4404 + 2286.52 = 2305.96 over 498 frames.
M07UP09A0489I300 yuupii 
LOG (lattice-best-path:main():lattice-best-path.cc:99) For utterance M07UP09A0490I301, best cost 13.6048 + 2193.91 = 2207.51 over 498 frames.
M07UP09A0490I301 yuupii 
LOG (lattice-best-path:main():lattice-best-path.cc:99) For utterance M07UP09A0494I300, best cost 18.431 + 2291.51 = 2309.94 over 498 frames.
M07UP09A0494I300 uttarpradesh 
LOG (lattice-best-path:main():lattice-best-path.cc:99) For utterance M07UP09A0495I301, best cost 19.7484 + 2251.19 = 2270.94 over 498 frames.
M07UP09A0495I301 eempii 
LOG (lattice-best-path:main():lattice-best-path.cc:99) For utterance M07UP09A0495I41, best cost 19.9959 + 1484.69 = 1504.69 over 298 frames.
M07UP09A0495I41 madhyapradesh 
LOG (lattice-best-path:main():lattice-best-path.cc:99) For utterance M07UP09A0496I303, best cost 19.3645 + 2183.31 = 2202.67 over 498 frames.
M07UP09A0496I303 uttarpradesh 
LOG (lattice-best-path:main():lattice-best-path.cc:99) For utterance M07UP09A0499I43, best cost 13.9138 + 1280.1 = 1294.02 over 298 frames.
M07UP09A0499I43 eempii 
LOG (lattice-best-path:main():lattice-best-path.cc:99) For utterance M07UP09A0500I42, best cost 22.228 + 1547.7 = 1569.92 over 298 frames.
M07UP09A0500I42 yuupii 
LOG (lattice-best-path:main():lattice-best-path.cc:99) For utterance M07UP09A0500I44, best cost 17.2706 + 1406.27 = 1423.54 over 298 frames.
M07UP09A0500I44 yuupii 
LOG (lattice-best-path:main():lattice-best-path.cc:99) For utterance M07UP09A0503I301, best cost 14.9199 + 2386.39 = 2401.31 over 498 frames.
M07UP09A0503I301 eempii 
LOG (lattice-best-path:main():lattice-best-path.cc:99) For utterance M07UP09A0505I300, best cost 24.2991 + 2575.83 = 2600.13 over 498 frames.
M07UP09A0505I300 uttarpradesh 
LOG (lattice-best-path:main():lattice-best-path.cc:99) For utterance M07UP09A0505I504, best cost 18.3438 + 1473.05 = 1491.4 over 298 frames.
M07UP09A0505I504 eempii 
LOG (lattice-best-path:main():lattice-best-path.cc:99) For utterance M07UP11A1317I41, best cost 14.5496 + 1349.5 = 1364.05 over 298 frames.
M07UP11A1317I41 yuupii 
LOG (lattice-best-path:main():lattice-best-path.cc:99) For utterance M07UP11A1319I300, best cost 31.0713 + 2254.41 = 2285.48 over 498 frames.
M07UP11A1319I300 madhyapradesh 
LOG (lattice-best-path:main():lattice-best-path.cc:99) For utterance M07UP11A1328I301, best cost 29.8061 + 2237.47 = 2267.28 over 498 frames.
M07UP11A1328I301 madhyapradesh 
LOG (lattice-best-path:main():lattice-best-path.cc:99) For utterance M07UP11A1337I301, best cost 20.8449 + 2264.89 = 2285.74 over 498 frames.
M07UP11A1337I301 yuupii 
LOG (lattice-best-path:main():lattice-best-path.cc:99) For utterance M07UP11A1349I303, best cost 22.4047 + 2523.92 = 2546.33 over 498 frames.
M07UP11A1349I303 yuupii 
LOG (lattice-best-path:main():lattice-best-path.cc:99) For utterance M07UP11A1351I302, best cost 22.7567 + 2346.62 = 2369.38 over 498 frames.
M07UP11A1351I302 eempii 
LOG (lattice-best-path:main():lattice-best-path.cc:99) For utterance M07UP11A1352I427, best cost 14.2357 + 1384.88 = 1399.11 over 298 frames.
M07UP11A1352I427 eempii 
LOG (lattice-best-path:main():lattice-best-path.cc:99) For utterance M07UP11A1352I429, best cost 13.9235 + 1378.07 = 1392 over 298 frames.
M07UP11A1352I429 uttarpradesh 
LOG (lattice-best-path:main():lattice-best-path.cc:99) For utterance M07UP13A0882I300, best cost 18.9021 + 2507.79 = 2526.69 over 498 frames.
M07UP13A0882I300 eempii 
LOG (lattice-best-path:main():lattice-best-path.cc:99) For utterance M07UP13A0882I301, best cost 18.6501 + 2572.02 = 2590.67 over 498 frames.
M07UP13A0882I301 yuupii 
LOG (lattice-best-path:main():lattice-best-path.cc:99) For utterance M07UP13A0884I303, best cost 21.1799 + 2557.52 = 2578.7 over 498 frames.
M07UP13A0884I303 uttarpradesh 
LOG (lattice-best-path:main():lattice-best-path.cc:99) For utterance M07UP13A0888I41, best cost 14.0322 + 1472.24 = 1486.27 over 298 frames.
M07UP13A0888I41 eempii 
LOG (lattice-best-path:main():lattice-best-path.cc:99) For utterance M07UP13A0889I41, best cost 19.0381 + 1635.82 = 1654.86 over 298 frames.
M07UP13A0889I41 eempii 
LOG (lattice-best-path:main():lattice-best-path.cc:99) For utterance M07UP13A0890I43, best cost 14.7733 + 1653.78 = 1668.55 over 298 frames.
M07UP13A0890I43 yuupii 
LOG (lattice-best-path:main():lattice-best-path.cc:99) For utterance M07UP13A0897I302, best cost 30.9366 + 2438.2 = 2469.14 over 498 frames.
M07UP13A0897I302 uttarpradesh 
LOG (lattice-best-path:main():lattice-best-path.cc:99) For utterance M07UP13A0897I41, best cost 17.0412 + 1424.28 = 1441.32 over 298 frames.
M07UP13A0897I41 madhyapradesh 
LOG (lattice-best-path:main():lattice-best-path.cc:99) For utterance M07UP13A0898I303, best cost 23.0876 + 2511.37 = 2534.46 over 498 frames.
M07UP13A0898I303 eempii 
LOG (lattice-best-path:main():lattice-best-path.cc:99) For utterance M07UP13A0900I436, best cost 11.6518 + 1455.05 = 1466.7 over 298 frames.
M07UP13A0900I436 yuupii 
LOG (lattice-best-path:main():lattice-best-path.cc:99) For utterance M07UP14A0572I301, best cost 21.1479 + 2225.83 = 2246.97 over 498 frames.
M07UP14A0572I301 madhyapradesh 
LOG (lattice-best-path:main():lattice-best-path.cc:99) For utterance M07UP14A0576I41, best cost 19.8635 + 1500.19 = 1520.06 over 298 frames.
M07UP14A0576I41 eempii 
LOG (lattice-best-path:main():lattice-best-path.cc:99) For utterance M07UP14A0583I300, best cost 23.3466 + 2522.9 = 2546.25 over 498 frames.
M07UP14A0583I300 eempii 
LOG (lattice-best-path:main():lattice-best-path.cc:99) For utterance M07UP14A0588I41, best cost 19.5944 + 1493.18 = 1512.77 over 300 frames.
M07UP14A0588I41 madhyapradesh 
LOG (lattice-best-path:main():lattice-best-path.cc:99) For utterance M07UP14A0590I300, best cost 20.3514 + 2324.55 = 2344.9 over 498 frames.
M07UP14A0590I300 yuupii 
LOG (lattice-best-path:main():lattice-best-path.cc:99) For utterance M07UP14A0590I43, best cost 20.8622 + 1484.14 = 1505 over 298 frames.
M07UP14A0590I43 uttarpradesh 
LOG (lattice-best-path:main():lattice-best-path.cc:99) For utterance M07UP14A0591I302, best cost 9.91865 + 2251.25 = 2261.16 over 498 frames.
M07UP14A0591I302 yuupii 
LOG (lattice-best-path:main():lattice-best-path.cc:99) For utterance M07UP14A0591I303, best cost 12.8686 + 2535.03 = 2547.9 over 498 frames.
M07UP14A0591I303 yuupii 
LOG (lattice-best-path:main():lattice-best-path.cc:99) For utterance M07UP18A0362I47, best cost 18.4334 + 1455.26 = 1473.69 over 298 frames.
M07UP18A0362I47 madhyapradesh 
LOG (lattice-best-path:main():lattice-best-path.cc:99) For utterance M07UP18A0363I300, best cost 21.8851 + 2301.35 = 2323.24 over 498 frames.
M07UP18A0363I300 eempii 
LOG (lattice-best-path:main():lattice-best-path.cc:99) For utterance M07UP18A0363I302, best cost 21.5803 + 2228.27 = 2249.85 over 498 frames.
M07UP18A0363I302 eempii 
LOG (lattice-best-path:main():lattice-best-path.cc:99) For utterance M07UP18A0365I42, best cost 15.224 + 1401.82 = 1417.04 over 298 frames.
M07UP18A0365I42 yuupii 
LOG (lattice-best-path:main():lattice-best-path.cc:99) For utterance M07UP18A0366I41, best cost 17.8628 + 1465.62 = 1483.48 over 298 frames.
M07UP18A0366I41 eempii 
LOG (lattice-best-path:main():lattice-best-path.cc:99) For utterance M07UP18A0367I43, best cost 14.2215 + 1473.38 = 1487.6 over 298 frames.
M07UP18A0367I43 uttarpradesh 
LOG (lattice-best-path:main():lattice-best-path.cc:99) For utterance M07UP18A0368I301, best cost 28.1889 + 2471.97 = 2500.16 over 498 frames.
M07UP18A0368I301 madhyapradesh 
LOG (lattice-best-path:main():lattice-best-path.cc:99) For utterance M07UP18A0368I49, best cost 13.6922 + 1491.49 = 1505.18 over 298 frames.
M07UP18A0368I49 yuupii 
LOG (lattice-best-path:main():lattice-best-path.cc:99) For utterance M07UP18A0369I48, best cost 21.0711 + 1626.66 = 1647.73 over 298 frames.
M07UP18A0369I48 eempii 
LOG (lattice-best-path:main():lattice-best-path.cc:99) For utterance M07UP18A0371I300, best cost 20.2365 + 2590.53 = 2610.77 over 498 frames.
M07UP18A0371I300 yuupii 
LOG (lattice-best-path:main():lattice-best-path.cc:99) For utterance M07UP18A0374I300, best cost 20.6472 + 2764.08 = 2784.73 over 498 frames.
M07UP18A0374I300 eempii 
LOG (lattice-best-path:main():lattice-best-path.cc:99) For utterance M07UP18A0374I48, best cost 18.037 + 1592.13 = 1610.17 over 298 frames.
M07UP18A0374I48 madhyapradesh 
LOG (lattice-best-path:main():lattice-best-path.cc:99) For utterance M07UP18A0375I45, best cost 16.2331 + 1571.34 = 1587.57 over 298 frames.
M07UP18A0375I45 eempii 
LOG (lattice-best-path:main():lattice-best-path.cc:99) For utterance M07UP18A0376I43, best cost 13.7917 + 1389.26 = 1403.05 over 298 frames.
M07UP18A0376I43 eempii 
LOG (lattice-best-path:main():lattice-best-path.cc:99) For utterance M07UP18A0376I49, best cost 17.3086 + 1403.8 = 1421.11 over 298 frames.
M07UP18A0376I49 uttarpradesh 
LOG (lattice-best-path:main():lattice-best-path.cc:99) For utterance M07UP18A0378I302, best cost 24.166 + 2743.02 = 2767.19 over 498 frames.
M07UP18A0378I302 yuupii 
LOG (lattice-best-path:main():lattice-best-path.cc:99) For utterance M07UP18A0380I300, best cost 22.2975 + 2490.97 = 2513.27 over 498 frames.
M07UP18A0380I300 madhyapradesh 
LOG (lattice-best-path:main():lattice-best-path.cc:99) For utterance M07UP19A0341I48, best cost 10.6666 + 1311 = 1321.66 over 298 frames.
M07UP19A0341I48 yuupii 
LOG (lattice-best-path:main():lattice-best-path.cc:99) For utterance M07UP19A0345I300, best cost 24.7901 + 2716.81 = 2741.6 over 490 frames.
M07UP19A0345I300 uttarpradesh 
LOG (lattice-best-path:main():lattice-best-path.cc:99) For utterance M07UP19A0345I45, best cost 17.5938 + 1408.78 = 1426.37 over 298 frames.
M07UP19A0345I45 uttarpradesh 
LOG (lattice-best-path:main():lattice-best-path.cc:99) For utterance M07UP19A0346I301, best cost 19.1201 + 2623.85 = 2642.97 over 498 frames.
M07UP19A0346I301 yuupii 
LOG (lattice-best-path:main():lattice-best-path.cc:99) For utterance M07UP19A0348I301, best cost 29.3539 + 2321.11 = 2350.46 over 498 frames.
M07UP19A0348I301 madhyapradesh 
LOG (lattice-best-path:main():lattice-best-path.cc:99) For utterance M07UP19A0354I301, best cost 22.1103 + 2674.83 = 2696.94 over 498 frames.
M07UP19A0354I301 eempii 
LOG (lattice-best-path:main():lattice-best-path.cc:99) For utterance M07UP19A0354I303, best cost 24.7528 + 2600.61 = 2625.36 over 498 frames.
M07UP19A0354I303 eempii 
LOG (lattice-best-path:main():lattice-best-path.cc:99) For utterance M07UP19A0356I43, best cost 19.5288 + 1459.74 = 1479.27 over 298 frames.
M07UP19A0356I43 uttarpradesh 
LOG (lattice-best-path:main():lattice-best-path.cc:99) For utterance M07UP19A0357I300, best cost 18.6506 + 2413.94 = 2432.59 over 498 frames.
M07UP19A0357I300 uttarpradesh 
LOG (lattice-best-path:main():lattice-best-path.cc:99) For utterance M07UP19A0358I303, best cost 24.5488 + 2293.79 = 2318.34 over 498 frames.
M07UP19A0358I303 madhyapradesh 
LOG (lattice-best-path:main():lattice-best-path.cc:99) For utterance M07UP19A0359I40, best cost 12.427 + 1351.12 = 1363.55 over 298 frames.
M07UP19A0359I40 madhyapradesh 
LOG (lattice-best-path:main():lattice-best-path.cc:99) For utterance M07UP20A0734I300, best cost 21.4938 + 2394.82 = 2416.31 over 498 frames.
M07UP20A0734I300 eempii 
LOG (lattice-best-path:main():lattice-best-path.cc:99) For utterance M07UP20A0739I44, best cost 19.7743 + 1380.59 = 1400.36 over 298 frames.
M07UP20A0739I44 uttarpradesh 
LOG (lattice-best-path:main():lattice-best-path.cc:99) For utterance M07UP20A0739I45, best cost 14.2353 + 1344.94 = 1359.18 over 300 frames.
M07UP20A0739I45 madhyapradesh 
LOG (lattice-best-path:main():lattice-best-path.cc:99) For utterance M07UP20A0740I302, best cost 21.3877 + 2319.03 = 2340.42 over 498 frames.
M07UP20A0740I302 eempii 
LOG (lattice-best-path:main():lattice-best-path.cc:99) For utterance M07UP20A0742I302, best cost 15.7124 + 2132.09 = 2147.8 over 498 frames.
M07UP20A0742I302 eempii 
LOG (lattice-best-path:main():lattice-best-path.cc:99) For utterance M07UP20A0750I40, best cost 23.0275 + 1468.1 = 1491.13 over 298 frames.
M07UP20A0750I40 eempii 
LOG (lattice-best-path:main():lattice-best-path.cc:99) For utterance M07UP20A0753I43, best cost 14.6175 + 1594.99 = 1609.61 over 298 frames.
M07UP20A0753I43 yuupii 
LOG (lattice-best-path:main():lattice-best-path.cc:99) For utterance M07UP21A0593I302, best cost 24.9698 + 2539.36 = 2564.33 over 498 frames.
M07UP21A0593I302 eempii 
LOG (lattice-best-path:main():lattice-best-path.cc:99) For utterance M07UP21A0598I41, best cost 23.1209 + 1421.5 = 1444.62 over 298 frames.
M07UP21A0598I41 yuupii 
LOG (lattice-best-path:main():lattice-best-path.cc:99) For utterance M07UP21A0600I300, best cost 28.3757 + 2469.05 = 2497.43 over 498 frames.
M07UP21A0600I300 yuupii 
LOG (lattice-best-path:main():lattice-best-path.cc:99) For utterance M07UP21A0600I42, best cost 23.8668 + 1418.77 = 1442.64 over 298 frames.
M07UP21A0600I42 eempii 
LOG (lattice-best-path:main():lattice-best-path.cc:99) For utterance M07UP21A0606I301, best cost 33.071 + 2482.47 = 2515.54 over 498 frames.
M07UP21A0606I301 uttarpradesh 
LOG (lattice-best-path:main():lattice-best-path.cc:99) For utterance M07UP21A0606I302, best cost 19.1603 + 2621.15 = 2640.31 over 498 frames.
M07UP21A0606I302 eempii 
LOG (lattice-best-path:main():lattice-best-path.cc:99) For utterance M07UP21A0607I301, best cost 28.2529 + 2368.88 = 2397.14 over 498 frames.
M07UP21A0607I301 yuupii 
LOG (lattice-best-path:main():lattice-best-path.cc:99) For utterance M07UP22A1323I47, best cost 10.0905 + 1264.25 = 1274.34 over 298 frames.
M07UP22A1323I47 eempii 
LOG (lattice-best-path:main():lattice-best-path.cc:99) For utterance M07UP22A1326I300, best cost 20.939 + 2365.68 = 2386.62 over 498 frames.
M07UP22A1326I300 eempii 
LOG (lattice-best-path:main():lattice-best-path.cc:99) For utterance M07UP22A1342I301, best cost 23.3599 + 2205.52 = 2228.88 over 498 frames.
M07UP22A1342I301 eempii 
LOG (lattice-best-path:main():lattice-best-path.cc:99) For utterance M07UP22A1347I43, best cost 16.2509 + 1629.98 = 1646.23 over 298 frames.
M07UP22A1347I43 madhyapradesh 
LOG (lattice-best-path:main():lattice-best-path.cc:99) For utterance M07UP22A1347I47, best cost 16.2174 + 1582.97 = 1599.18 over 300 frames.
M07UP22A1347I47 yuupii 
LOG (lattice-best-path:main():lattice-best-path.cc:99) For utterance M07UP22A1355I301, best cost 20.0459 + 2535.51 = 2555.56 over 498 frames.
M07UP22A1355I301 eempii 
LOG (lattice-best-path:main():lattice-best-path.cc:99) For utterance M07UP22A1355I47, best cost 17.399 + 1430.2 = 1447.6 over 298 frames.
M07UP22A1355I47 eempii 
LOG (lattice-best-path:main():lattice-best-path.cc:99) For utterance M07UP22A1357I300, best cost 26.4099 + 2317.53 = 2343.94 over 498 frames.
M07UP22A1357I300 eempii 
LOG (lattice-best-path:main():lattice-best-path.cc:99) For utterance M07UP22A1357I45, best cost 14.0925 + 1380.62 = 1394.72 over 298 frames.
M07UP22A1357I45 uttarpradesh 
LOG (lattice-best-path:main():lattice-best-path.cc:99) For utterance M07UP22A1357I47, best cost 12.1998 + 1417.8 = 1430 over 298 frames.
M07UP22A1357I47 yuupii 
LOG (lattice-best-path:main():lattice-best-path.cc:99) For utterance M07UP23A0224I44, best cost 16.3725 + 1597.55 = 1613.92 over 298 frames.
M07UP23A0224I44 madhyapradesh 
LOG (lattice-best-path:main():lattice-best-path.cc:99) For utterance M07UP23A0233I43, best cost 12.6783 + 1328.66 = 1341.33 over 298 frames.
M07UP23A0233I43 eempii 
LOG (lattice-best-path:main():lattice-best-path.cc:99) For utterance M07UP23A0234I41, best cost 21.57 + 1611.39 = 1632.96 over 298 frames.
M07UP23A0234I41 uttarpradesh 
LOG (lattice-best-path:main():lattice-best-path.cc:99) For utterance M07UP23A0235I42, best cost 11.6437 + 1608.33 = 1619.97 over 298 frames.
M07UP23A0235I42 eempii 
LOG (lattice-best-path:main():lattice-best-path.cc:99) For utterance M07UP23A0236I43, best cost 18.7165 + 1493.15 = 1511.86 over 298 frames.
M07UP23A0236I43 eempii 
LOG (lattice-best-path:main():lattice-best-path.cc:99) For utterance M07UP23A0239I40, best cost 12.5693 + 1560.86 = 1573.43 over 298 frames.
M07UP23A0239I40 eempii 
LOG (lattice-best-path:main():lattice-best-path.cc:99) For utterance M07UP23A0242I42, best cost 19.2493 + 1543.12 = 1562.37 over 298 frames.
M07UP23A0242I42 eempii 
LOG (lattice-best-path:main():lattice-best-path.cc:99) For utterance M07UP24A0171I300, best cost 22.8048 + 2436.85 = 2459.65 over 498 frames.
M07UP24A0171I300 eempii 
LOG (lattice-best-path:main():lattice-best-path.cc:99) For utterance M07UP24A0172I45, best cost 13.0772 + 1510.56 = 1523.64 over 298 frames.
M07UP24A0172I45 eempii 
LOG (lattice-best-path:main():lattice-best-path.cc:99) For utterance M07UP24A0172I49, best cost 12.9802 + 1539.25 = 1552.23 over 298 frames.
M07UP24A0172I49 eempii 
LOG (lattice-best-path:main():lattice-best-path.cc:99) For utterance M07UP24A0173I44, best cost 18.6343 + 1356.2 = 1374.83 over 298 frames.
M07UP24A0173I44 uttarpradesh 
LOG (lattice-best-path:main():lattice-best-path.cc:99) For utterance M07UP24A0173I46, best cost 11.4592 + 1295.47 = 1306.93 over 298 frames.
M07UP24A0173I46 eempii 
LOG (lattice-best-path:main():lattice-best-path.cc:99) For utterance M07UP24A0175I301, best cost 28.3041 + 2340.37 = 2368.68 over 498 frames.
M07UP24A0175I301 madhyapradesh 
LOG (lattice-best-path:main():lattice-best-path.cc:99) For utterance M07UP24A0177F606, best cost 25.2248 + 4486.35 = 4511.58 over 998 frames.
M07UP24A0177F606 eempii 
LOG (lattice-best-path:main():lattice-best-path.cc:99) For utterance M07UP24A0179I302, best cost 22.0981 + 2327.77 = 2349.87 over 498 frames.
M07UP24A0179I302 uttarpradesh 
LOG (lattice-best-path:main():lattice-best-path.cc:99) For utterance M07UP24A0181I301, best cost 22.0507 + 2649.64 = 2671.69 over 498 frames.
M07UP24A0181I301 yuupii 
LOG (lattice-best-path:main():lattice-best-path.cc:99) For utterance M07UP24A0181I42, best cost 14.4255 + 1535.01 = 1549.43 over 298 frames.
M07UP24A0181I42 uttarpradesh 
LOG (lattice-best-path:main():lattice-best-path.cc:99) For utterance M07UP24A0181I48, best cost 13.3188 + 1493.58 = 1506.9 over 298 frames.
M07UP24A0181I48 yuupii 
LOG (lattice-best-path:main():lattice-best-path.cc:99) For utterance M07UP24A0185I303, best cost 22.0734 + 2470.69 = 2492.76 over 498 frames.
M07UP24A0185I303 yuupii 
LOG (lattice-best-path:main():lattice-best-path.cc:99) For utterance M07UP24A0188I302, best cost 18.6952 + 2390.06 = 2408.75 over 498 frames.
M07UP24A0188I302 eempii 
LOG (lattice-best-path:main():lattice-best-path.cc:99) For utterance M07UP24A0191I300, best cost 18.2464 + 2252.08 = 2270.33 over 498 frames.
M07UP24A0191I300 eempii 
LOG (lattice-best-path:main():lattice-best-path.cc:99) For utterance M07UP25A1205I302, best cost 24.8376 + 2617.44 = 2642.27 over 498 frames.
M07UP25A1205I302 eempii 
LOG (lattice-best-path:main():lattice-best-path.cc:99) For utterance M07UP25A1205I43, best cost 16.0608 + 1557.44 = 1573.5 over 298 frames.
M07UP25A1205I43 eempii 
LOG (lattice-best-path:main():lattice-best-path.cc:99) For utterance M07UP25A1206I45, best cost 20.7344 + 1513.49 = 1534.23 over 298 frames.
M07UP25A1206I45 uttarpradesh 
LOG (lattice-best-path:main():lattice-best-path.cc:99) For utterance M07UP25A1209I41, best cost 20.6911 + 1481.31 = 1502 over 298 frames.
M07UP25A1209I41 uttarpradesh 
LOG (lattice-best-path:main():lattice-best-path.cc:99) For utterance M07UP25A1216I41, best cost 13.2258 + 1621.91 = 1635.14 over 298 frames.
M07UP25A1216I41 eempii 
LOG (lattice-best-path:main():lattice-best-path.cc:99) For utterance M07UP25A1220I300, best cost 35.8101 + 2421.96 = 2457.77 over 498 frames.
M07UP25A1220I300 eempii 
LOG (lattice-best-path:main():lattice-best-path.cc:99) For utterance M07UP25A1220I42, best cost 18.6482 + 1458.39 = 1477.04 over 298 frames.
M07UP25A1220I42 yuupii 
LOG (lattice-best-path:main():lattice-best-path.cc:99) For utterance M07UP25A1261I302, best cost 20.8319 + 2646.55 = 2667.39 over 500 frames.
M07UP25A1261I302 eempii 
LOG (lattice-best-path:main():lattice-best-path.cc:99) For utterance M07UP26A0214I42, best cost 12.1071 + 1633.68 = 1645.78 over 298 frames.
M07UP26A0214I42 yuupii 
LOG (lattice-best-path:main():lattice-best-path.cc:99) For utterance M07UP26A0255I48, best cost 19.4567 + 1459.68 = 1479.14 over 300 frames.
M07UP26A0255I48 madhyapradesh 
LOG (lattice-best-path:main():lattice-best-path.cc:99) For utterance M07UP26A0257I47, best cost 16.7379 + 1315.23 = 1331.97 over 298 frames.
M07UP26A0257I47 uttarpradesh 
LOG (lattice-best-path:main():lattice-best-path.cc:99) For utterance M07UP26A0258I414, best cost 21.2537 + 1402.49 = 1423.74 over 298 frames.
M07UP26A0258I414 yuupii 
LOG (lattice-best-path:main():lattice-best-path.cc:99) For utterance M07UP26A0261I47, best cost 13.0614 + 1432.43 = 1445.49 over 298 frames.
M07UP26A0261I47 yuupii 
LOG (lattice-best-path:main():lattice-best-path.cc:99) For utterance M07UP26A0262I41, best cost 11.3366 + 1570.62 = 1581.96 over 298 frames.
M07UP26A0262I41 yuupii 
LOG (lattice-best-path:main():lattice-best-path.cc:99) For utterance M07UP26A0263I43, best cost 17.9264 + 1358.77 = 1376.7 over 298 frames.
M07UP26A0263I43 eempii 
LOG (lattice-best-path:main():lattice-best-path.cc:99) For utterance M07UP26A0267I44, best cost 13.4628 + 1424.24 = 1437.71 over 298 frames.
M07UP26A0267I44 uttarpradesh 
LOG (lattice-best-path:main():lattice-best-path.cc:99) For utterance M07UP26A0269I47, best cost 16.2819 + 1569.57 = 1585.86 over 298 frames.
M07UP26A0269I47 madhyapradesh 
LOG (lattice-best-path:main():lattice-best-path.cc:99) For utterance M07UP26A0270I42, best cost 18.6695 + 1520.68 = 1539.35 over 298 frames.
M07UP26A0270I42 eempii 
LOG (lattice-best-path:main():lattice-best-path.cc:99) For utterance M07UP26A0272I44, best cost 10.4491 + 1258.53 = 1268.98 over 298 frames.
M07UP26A0272I44 eempii 
LOG (lattice-best-path:main():lattice-best-path.cc:99) For utterance M07UP27A0641I438, best cost 14.0397 + 1421.15 = 1435.19 over 298 frames.
M07UP27A0641I438 eempii 
LOG (lattice-best-path:main():lattice-best-path.cc:99) For utterance M07UP27A0647I41, best cost 12.8101 + 1428.65 = 1441.46 over 298 frames.
M07UP27A0647I41 eempii 
LOG (lattice-best-path:main():lattice-best-path.cc:99) For utterance M07UP27A0647I43, best cost 17.187 + 1444.6 = 1461.79 over 298 frames.
M07UP27A0647I43 eempii 
LOG (lattice-best-path:main():lattice-best-path.cc:99) For utterance M07UP27A0657I303, best cost 20.9666 + 2441.94 = 2462.9 over 498 frames.
M07UP27A0657I303 eempii 
LOG (lattice-best-path:main():lattice-best-path.cc:99) For utterance M07UP28A0216I301, best cost 14.8678 + 2513.07 = 2527.94 over 498 frames.
M07UP28A0216I301 yuupii 
LOG (lattice-best-path:main():lattice-best-path.cc:99) For utterance M07UP28A0218I300, best cost 27.6155 + 2391.2 = 2418.82 over 498 frames.
M07UP28A0218I300 yuupii 
LOG (lattice-best-path:main():lattice-best-path.cc:99) For utterance M07UP28A0219I40, best cost 15.5255 + 1449.83 = 1465.35 over 298 frames.
M07UP28A0219I40 eempii 
LOG (lattice-best-path:main():lattice-best-path.cc:99) For utterance M07UP28A0219I505, best cost 14.5305 + 1441.09 = 1455.62 over 300 frames.
M07UP28A0219I505 yuupii 
LOG (lattice-best-path:main():lattice-best-path.cc:99) For utterance M07UP28A0225I302, best cost 13.1171 + 2536.35 = 2549.47 over 498 frames.
M07UP28A0225I302 eempii 
LOG (lattice-best-path:main():lattice-best-path.cc:99) For utterance M07UP28A0225I40, best cost 19.8084 + 1429.33 = 1449.14 over 298 frames.
M07UP28A0225I40 eempii 
LOG (lattice-best-path:main():lattice-best-path.cc:99) For utterance M07UP28A0225I41, best cost 13.2524 + 1688.82 = 1702.07 over 298 frames.
M07UP28A0225I41 yuupii 
LOG (lattice-best-path:main():lattice-best-path.cc:99) For utterance M07UP29A0506I301, best cost 22.6509 + 2261.48 = 2284.13 over 498 frames.
M07UP29A0506I301 madhyapradesh 
LOG (lattice-best-path:main():lattice-best-path.cc:99) For utterance M07UP29A0509I42, best cost 22.5116 + 1479.17 = 1501.68 over 298 frames.
M07UP29A0509I42 eempii 
LOG (lattice-best-path:main():lattice-best-path.cc:99) For utterance M07UP29A0509I45, best cost 14.8945 + 1449.78 = 1464.67 over 298 frames.
M07UP29A0509I45 uttarpradesh 
LOG (lattice-best-path:main():lattice-best-path.cc:99) For utterance M07UP29A0510I303, best cost 21.1717 + 2340.38 = 2361.55 over 500 frames.
M07UP29A0510I303 uttarpradesh 
LOG (lattice-best-path:main():lattice-best-path.cc:99) For utterance M07UP29A0510I44, best cost 15.0323 + 1341.25 = 1356.28 over 298 frames.
M07UP29A0510I44 madhyapradesh 
LOG (lattice-best-path:main():lattice-best-path.cc:99) For utterance M07UP29A0511I301, best cost 17.719 + 2423.67 = 2441.39 over 498 frames.
M07UP29A0511I301 uttarpradesh 
LOG (lattice-best-path:main():lattice-best-path.cc:99) For utterance M07UP29A0511I42, best cost 15.9291 + 1540.71 = 1556.64 over 298 frames.
M07UP29A0511I42 yuupii 
LOG (lattice-best-path:main():lattice-best-path.cc:99) For utterance M07UP29A0513I44, best cost 13.3677 + 1415.5 = 1428.87 over 298 frames.
M07UP29A0513I44 uttarpradesh 
LOG (lattice-best-path:main():lattice-best-path.cc:99) For utterance M07UP29A0514I41, best cost 14.645 + 1479.79 = 1494.43 over 298 frames.
M07UP29A0514I41 madhyapradesh 
LOG (lattice-best-path:main():lattice-best-path.cc:99) For utterance M07UP29A0516I41, best cost 13.7045 + 1585.93 = 1599.63 over 298 frames.
M07UP29A0516I41 eempii 
LOG (lattice-best-path:main():lattice-best-path.cc:99) For utterance M07UP29A0517I303, best cost 18.2882 + 2412.92 = 2431.21 over 498 frames.
M07UP29A0517I303 eempii 
LOG (lattice-best-path:main():lattice-best-path.cc:99) For utterance M07UP29A0520I42, best cost 16.7126 + 1365.65 = 1382.36 over 298 frames.
M07UP29A0520I42 eempii 
LOG (lattice-best-path:main():lattice-best-path.cc:99) For utterance M07UP29A0520I45, best cost 19.9657 + 1502.01 = 1521.97 over 298 frames.
M07UP29A0520I45 eempii 
LOG (lattice-best-path:main():lattice-best-path.cc:99) For utterance M07UP29A0521I303, best cost 24.6189 + 2338.73 = 2363.35 over 498 frames.
M07UP29A0521I303 madhyapradesh 
LOG (lattice-best-path:main():lattice-best-path.cc:99) For utterance M07UP29A0521I47, best cost 16.0806 + 1374.46 = 1390.54 over 298 frames.
M07UP29A0521I47 uttarpradesh 
LOG (lattice-best-path:main():lattice-best-path.cc:99) For utterance M07UP31A1290I43, best cost 12.8615 + 1420.23 = 1433.09 over 298 frames.
M07UP31A1290I43 eempii 
LOG (lattice-best-path:main():lattice-best-path.cc:99) For utterance M07UP31A1291I42, best cost 20.8282 + 1455.39 = 1476.22 over 298 frames.
M07UP31A1291I42 madhyapradesh 
LOG (lattice-best-path:main():lattice-best-path.cc:99) For utterance M07UP31A1292I301, best cost 22.9875 + 2362.34 = 2385.33 over 498 frames.
M07UP31A1292I301 uttarpradesh 
LOG (lattice-best-path:main():lattice-best-path.cc:99) For utterance M07UP31A1294I302, best cost 31.8808 + 2303.06 = 2334.94 over 498 frames.
M07UP31A1294I302 eempii 
LOG (lattice-best-path:main():lattice-best-path.cc:99) For utterance M07UP31A1294I43, best cost 20.0448 + 1479.57 = 1499.62 over 298 frames.
M07UP31A1294I43 eempii 
LOG (lattice-best-path:main():lattice-best-path.cc:99) For utterance M07UP31A1296I500, best cost 22.3962 + 2137.87 = 2160.26 over 498 frames.
M07UP31A1296I500 yuupii 
LOG (lattice-best-path:main():lattice-best-path.cc:99) For utterance M07UP31A1300I300, best cost 22.1173 + 2686.54 = 2708.66 over 498 frames.
M07UP31A1300I300 eempii 
LOG (lattice-best-path:main():lattice-best-path.cc:99) For utterance M07UP31A1302I301, best cost 30.0694 + 2372.47 = 2402.54 over 498 frames.
M07UP31A1302I301 madhyapradesh 
LOG (lattice-best-path:main():lattice-best-path.cc:99) For utterance M07UP31A1306I302, best cost 32.3435 + 2418.24 = 2450.59 over 498 frames.
M07UP31A1306I302 eempii 
LOG (lattice-best-path:main():lattice-best-path.cc:99) For utterance M07UP31A1306I303, best cost 19.0063 + 2737.33 = 2756.34 over 498 frames.
M07UP31A1306I303 yuupii 
LOG (lattice-best-path:main():lattice-best-path.cc:99) For utterance M07UP31A1306I43, best cost 14.2489 + 1342.26 = 1356.51 over 298 frames.
M07UP31A1306I43 uttarpradesh 
LOG (lattice-best-path:main():lattice-best-path.cc:99) For utterance M07UP31A1307I430, best cost 26.0661 + 1453.96 = 1480.03 over 298 frames.
M07UP31A1307I430 madhyapradesh 
LOG (lattice-best-path:main():lattice-best-path.cc:99) For utterance M07UP31A1308I435, best cost 19.2625 + 1452.48 = 1471.74 over 298 frames.
M07UP31A1308I435 madhyapradesh 
LOG (lattice-best-path:main():lattice-best-path.cc:99) For utterance M07UP31A1309I44, best cost 15.1723 + 1621.52 = 1636.69 over 298 frames.
M07UP31A1309I44 eempii 
LOG (lattice-best-path:main():lattice-best-path.cc:99) For utterance M07UP31A1310I45, best cost 20.8365 + 1552.51 = 1573.34 over 298 frames.
M07UP31A1310I45 uttarpradesh 
LOG (lattice-best-path:main():lattice-best-path.cc:99) For utterance M07UP34A0551I43, best cost 12.8522 + 1555.7 = 1568.55 over 300 frames.
M07UP34A0551I43 eempii 
LOG (lattice-best-path:main():lattice-best-path.cc:99) For utterance M07UP34A0554I301, best cost 17.8526 + 2346.27 = 2364.12 over 498 frames.
M07UP34A0554I301 yuupii 
LOG (lattice-best-path:main():lattice-best-path.cc:99) For utterance M07UP34A0555I300, best cost 23.0542 + 2674.77 = 2697.82 over 498 frames.
M07UP34A0555I300 eempii 
LOG (lattice-best-path:main():lattice-best-path.cc:99) For utterance M07UP34A0558I42, best cost 14.0324 + 1518.41 = 1532.45 over 298 frames.
M07UP34A0558I42 yuupii 
LOG (lattice-best-path:main():lattice-best-path.cc:99) For utterance M07UP34A0559I303, best cost 27.6255 + 2409.93 = 2437.55 over 498 frames.
M07UP34A0559I303 eempii 
LOG (lattice-best-path:main():lattice-best-path.cc:99) For utterance M07UP34A0559I44, best cost 21.3962 + 1457.94 = 1479.34 over 298 frames.
M07UP34A0559I44 madhyapradesh 
LOG (lattice-best-path:main():lattice-best-path.cc:99) For utterance M07UP34A0561I300, best cost 22.3538 + 2680.21 = 2702.56 over 498 frames.
M07UP34A0561I300 eempii 
LOG (lattice-best-path:main():lattice-best-path.cc:99) For utterance M07UP34A0563I303, best cost 37.9717 + 2292.33 = 2330.3 over 498 frames.
M07UP34A0563I303 eempii 
LOG (lattice-best-path:main():lattice-best-path.cc:99) For utterance M07UP34A0564I43, best cost 13.9207 + 1452.61 = 1466.53 over 298 frames.
M07UP34A0564I43 yuupii 
LOG (lattice-best-path:main():lattice-best-path.cc:99) For utterance M07UP34A0566I301, best cost 21.741 + 2276.22 = 2297.96 over 498 frames.
M07UP34A0566I301 eempii 
LOG (lattice-best-path:main():lattice-best-path.cc:99) For utterance M07UP35A0443I41, best cost 14.9825 + 1512.48 = 1527.46 over 298 frames.
M07UP35A0443I41 eempii 
LOG (lattice-best-path:main():lattice-best-path.cc:99) For utterance M07UP35A0446I301, best cost 23.16 + 2453.56 = 2476.72 over 498 frames.
M07UP35A0446I301 madhyapradesh 
LOG (lattice-best-path:main():lattice-best-path.cc:99) For utterance M07UP35A0448I301, best cost 20.8432 + 2239.49 = 2260.34 over 498 frames.
M07UP35A0448I301 yuupii 
LOG (lattice-best-path:main():lattice-best-path.cc:99) For utterance M07UP35A0450I301, best cost 28.5926 + 2632.07 = 2660.66 over 498 frames.
M07UP35A0450I301 madhyapradesh 
LOG (lattice-best-path:main():lattice-best-path.cc:99) For utterance M07UP35A0452I303, best cost 33.5835 + 2261.01 = 2294.6 over 498 frames.
M07UP35A0452I303 eempii 
LOG (lattice-best-path:main():lattice-best-path.cc:99) For utterance M07UP35A0455I303, best cost 30.7446 + 2236.7 = 2267.44 over 498 frames.
M07UP35A0455I303 eempii 
LOG (lattice-best-path:main():lattice-best-path.cc:99) For utterance M07UP35A0455I426, best cost 21.3197 + 1532.18 = 1553.5 over 298 frames.
M07UP35A0455I426 eempii 
LOG (lattice-best-path:main():lattice-best-path.cc:99) For utterance M07UP35A0456I43, best cost 19.5664 + 1474.03 = 1493.6 over 298 frames.
M07UP35A0456I43 uttarpradesh 
LOG (lattice-best-path:main():lattice-best-path.cc:99) For utterance M07UP35A0457I41, best cost 16.3628 + 1549.62 = 1565.99 over 298 frames.
M07UP35A0457I41 eempii 
LOG (lattice-best-path:main():lattice-best-path.cc:99) For utterance M07UP35A0459I303, best cost 17.8593 + 2334.43 = 2352.29 over 498 frames.
M07UP35A0459I303 yuupii 
LOG (lattice-best-path:main():lattice-best-path.cc:99) For utterance M07UP36A0825I301, best cost 34.2761 + 2428.07 = 2462.35 over 498 frames.
M07UP36A0825I301 yuupii 
LOG (lattice-best-path:main():lattice-best-path.cc:99) For utterance M07UP36A0825I40, best cost 18.0817 + 1430.45 = 1448.53 over 298 frames.
M07UP36A0825I40 eempii 
LOG (lattice-best-path:main():lattice-best-path.cc:99) For utterance M07UP36A0827I300, best cost 30.7542 + 2201.27 = 2232.03 over 498 frames.
M07UP36A0827I300 eempii 
LOG (lattice-best-path:main():lattice-best-path.cc:99) For utterance M07UP36A0829I302, best cost 20.2799 + 2418.89 = 2439.17 over 498 frames.
M07UP36A0829I302 yuupii 
LOG (lattice-best-path:main():lattice-best-path.cc:99) For utterance M07UP36A0832I302, best cost 24.6441 + 2471.4 = 2496.04 over 498 frames.
M07UP36A0832I302 uttarpradesh 
LOG (lattice-best-path:main():lattice-best-path.cc:99) For utterance M07UP36A0840I41, best cost 14.0586 + 1345.45 = 1359.51 over 298 frames.
M07UP36A0840I41 eempii 
LOG (lattice-best-path:main():lattice-best-path.cc:99) For utterance M07UP37A0301I42, best cost 10.1501 + 1274.96 = 1285.11 over 298 frames.
M07UP37A0301I42 eempii 
LOG (lattice-best-path:main():lattice-best-path.cc:99) For utterance M07UP37A0302I45, best cost 12.5475 + 1599.14 = 1611.69 over 298 frames.
M07UP37A0302I45 yuupii 
LOG (lattice-best-path:main():lattice-best-path.cc:99) For utterance M07UP37A0306I47, best cost 13.0368 + 1617.8 = 1630.84 over 298 frames.
M07UP37A0306I47 eempii 
LOG (lattice-best-path:main():lattice-best-path.cc:99) For utterance M07UP37A0307I303, best cost 12.5992 + 2568.28 = 2580.88 over 498 frames.
M07UP37A0307I303 yuupii 
LOG (lattice-best-path:main():lattice-best-path.cc:99) For utterance M07UP37A0309I40, best cost 11.845 + 1658.82 = 1670.66 over 298 frames.
M07UP37A0309I40 yuupii 
LOG (lattice-best-path:main():lattice-best-path.cc:99) For utterance M07UP37A0309I44, best cost 15.2418 + 1593.53 = 1608.77 over 300 frames.
M07UP37A0309I44 eempii 
LOG (lattice-best-path:main():lattice-best-path.cc:99) For utterance M07UP37A0311I43, best cost 18.2051 + 1443.03 = 1461.24 over 298 frames.
M07UP37A0311I43 madhyapradesh 
LOG (lattice-best-path:main():lattice-best-path.cc:99) For utterance M07UP37A0311I44, best cost 17.4204 + 1432.43 = 1449.85 over 298 frames.
M07UP37A0311I44 yuupii 
LOG (lattice-best-path:main():lattice-best-path.cc:99) For utterance M07UP37A0311I48, best cost 14.4351 + 1319.64 = 1334.07 over 300 frames.
M07UP37A0311I48 eempii 
LOG (lattice-best-path:main():lattice-best-path.cc:99) For utterance M07UP37A0313I427, best cost 12.7939 + 1468.47 = 1481.27 over 298 frames.
M07UP37A0313I427 eempii 
LOG (lattice-best-path:main():lattice-best-path.cc:99) For utterance M07UP37A0314I300, best cost 19.0505 + 2583.85 = 2602.9 over 498 frames.
M07UP37A0314I300 yuupii 
LOG (lattice-best-path:main():lattice-best-path.cc:99) For utterance M07UP37A0316I305, best cost 14.5732 + 2689.28 = 2703.85 over 498 frames.
M07UP37A0316I305 yuupii 
LOG (lattice-best-path:main():lattice-best-path.cc:99) For utterance M07UP37A0317I47, best cost 16.8081 + 1415.3 = 1432.1 over 298 frames.
M07UP37A0317I47 uttarpradesh 
LOG (lattice-best-path:main():lattice-best-path.cc:99) For utterance M07UP37A0317I48, best cost 14.371 + 1600.6 = 1614.97 over 298 frames.
M07UP37A0317I48 yuupii 
LOG (lattice-best-path:main():lattice-best-path.cc:99) For utterance M07UP37A0319I301, best cost 19.1297 + 2688.11 = 2707.24 over 498 frames.
M07UP37A0319I301 yuupii 
LOG (lattice-best-path:main():lattice-best-path.cc:99) For utterance M07UP38A0103I43, best cost 17.2677 + 1448.12 = 1465.39 over 298 frames.
M07UP38A0103I43 madhyapradesh 
LOG (lattice-best-path:main():lattice-best-path.cc:99) For utterance M07UP38A0107I43, best cost 14.0885 + 1477.92 = 1492.01 over 298 frames.
M07UP38A0107I43 yuupii 
LOG (lattice-best-path:main():lattice-best-path.cc:99) For utterance M07UP39A0774I301, best cost 20.7975 + 2223.69 = 2244.49 over 498 frames.
M07UP39A0774I301 eempii 
LOG (lattice-best-path:main():lattice-best-path.cc:99) For utterance M07UP39A0776I302, best cost 15.9888 + 2218.36 = 2234.35 over 498 frames.
M07UP39A0776I302 uttarpradesh 
LOG (lattice-best-path:main():lattice-best-path.cc:99) For utterance M07UP39A0777I300, best cost 25.0431 + 2313.5 = 2338.54 over 498 frames.
M07UP39A0777I300 uttarpradesh 
LOG (lattice-best-path:main():lattice-best-path.cc:99) For utterance M07UP39A0777I423, best cost 11.9118 + 1318.25 = 1330.16 over 298 frames.
M07UP39A0777I423 eempii 
LOG (lattice-best-path:main():lattice-best-path.cc:99) For utterance M07UP39A0778I303, best cost 28.2578 + 2449.1 = 2477.35 over 498 frames.
M07UP39A0778I303 eempii 
LOG (lattice-best-path:main():lattice-best-path.cc:99) For utterance M07UP39A0781I501, best cost 10.8788 + 1903.05 = 1913.93 over 398 frames.
M07UP39A0781I501 yuupii 
LOG (lattice-best-path:main():lattice-best-path.cc:99) For utterance M07UP41A0273I301, best cost 18.3144 + 2745.11 = 2763.43 over 498 frames.
M07UP41A0273I301 eempii 
LOG (lattice-best-path:main():lattice-best-path.cc:99) For utterance M07UP41A0273I47, best cost 13.8295 + 1500.39 = 1514.22 over 298 frames.
M07UP41A0273I47 uttarpradesh 
LOG (lattice-best-path:main():lattice-best-path.cc:99) For utterance M07UP41A0275I300, best cost 23.4431 + 2246.79 = 2270.23 over 498 frames.
M07UP41A0275I300 eempii 
LOG (lattice-best-path:main():lattice-best-path.cc:99) For utterance M07UP41A0277I300, best cost 15.4172 + 2486.69 = 2502.1 over 498 frames.
M07UP41A0277I300 uttarpradesh 
LOG (lattice-best-path:main():lattice-best-path.cc:99) For utterance M07UP41A0277I43, best cost 14.8252 + 1572.5 = 1587.32 over 298 frames.
M07UP41A0277I43 eempii 
LOG (lattice-best-path:main():lattice-best-path.cc:99) For utterance M07UP41A0279I301, best cost 20.0317 + 2469.21 = 2489.24 over 498 frames.
M07UP41A0279I301 uttarpradesh 
LOG (lattice-best-path:main():lattice-best-path.cc:99) For utterance M07UP41A0279I302, best cost 21.4801 + 2378.21 = 2399.69 over 498 frames.
M07UP41A0279I302 uttarpradesh 
LOG (lattice-best-path:main():lattice-best-path.cc:99) For utterance M07UP41A0279I47, best cost 14.9628 + 1607.67 = 1622.63 over 298 frames.
M07UP41A0279I47 yuupii 
LOG (lattice-best-path:main():lattice-best-path.cc:99) For utterance M07UP41A0280I42, best cost 13.7001 + 1462.25 = 1475.95 over 298 frames.
M07UP41A0280I42 eempii 
LOG (lattice-best-path:main():lattice-best-path.cc:99) For utterance M07UP41A0280I45, best cost 14.6689 + 1588.25 = 1602.92 over 298 frames.
M07UP41A0280I45 eempii 
LOG (lattice-best-path:main():lattice-best-path.cc:99) For utterance M07UP41A0283I48, best cost 13.5086 + 1322.96 = 1336.47 over 298 frames.
M07UP41A0283I48 madhyapradesh 
LOG (lattice-best-path:main():lattice-best-path.cc:99) For utterance M07UP41A0289I303, best cost 22.4956 + 2448.47 = 2470.97 over 498 frames.
M07UP41A0289I303 yuupii 
LOG (lattice-best-path:main():lattice-best-path.cc:99) For utterance M07UP41A0289I44, best cost 13.5033 + 1399.48 = 1412.98 over 300 frames.
M07UP41A0289I44 eempii 
LOG (lattice-best-path:main():lattice-best-path.cc:99) For utterance M07UP41A0290I47, best cost 15.2938 + 1431.59 = 1446.88 over 298 frames.
M07UP41A0290I47 yuupii 
LOG (lattice-best-path:main():lattice-best-path.cc:99) For utterance M07UP41A0291I43, best cost 16.9458 + 1361.14 = 1378.09 over 298 frames.
M07UP41A0291I43 uttarpradesh 
LOG (lattice-best-path:main():lattice-best-path.cc:99) For utterance M07UP41A0291I46, best cost 16.2299 + 1416.16 = 1432.39 over 298 frames.
M07UP41A0291I46 uttarpradesh 
LOG (lattice-best-path:main():lattice-best-path.cc:99) For utterance M07UP42A0111I46, best cost 16.9247 + 1391.84 = 1408.76 over 298 frames.
M07UP42A0111I46 eempii 
LOG (lattice-best-path:main():lattice-best-path.cc:99) For utterance M07UP42A0116I430, best cost 12.715 + 1530.31 = 1543.02 over 298 frames.
M07UP42A0116I430 eempii 
LOG (lattice-best-path:main():lattice-best-path.cc:99) For utterance M07UP42A0117I419, best cost 21.7826 + 1438.22 = 1460.01 over 298 frames.
M07UP42A0117I419 uttarpradesh 
LOG (lattice-best-path:main():lattice-best-path.cc:99) For utterance M07UP42A0117I423, best cost 12.6054 + 1516.86 = 1529.47 over 298 frames.
M07UP42A0117I423 yuupii 
LOG (lattice-best-path:main():lattice-best-path.cc:99) For utterance M07UP42A0119I300, best cost 21.9295 + 2578.42 = 2600.35 over 498 frames.
M07UP42A0119I300 uttarpradesh 
LOG (lattice-best-path:main():lattice-best-path.cc:99) For utterance M07UP42A0119I46, best cost 19.76 + 1570.49 = 1590.25 over 298 frames.
M07UP42A0119I46 yuupii 
LOG (lattice-best-path:main():lattice-best-path.cc:99) For utterance M07UP42A0120I418, best cost 19.1706 + 1452.27 = 1471.44 over 298 frames.
M07UP42A0120I418 yuupii 
LOG (lattice-best-path:main():lattice-best-path.cc:99) For utterance M07UP42A0120I424, best cost 19.4682 + 1459.95 = 1479.41 over 298 frames.
M07UP42A0120I424 madhyapradesh 
LOG (lattice-best-path:main():lattice-best-path.cc:99) For utterance M07UP42A0120I429, best cost 16.9477 + 1539.72 = 1556.67 over 298 frames.
M07UP42A0120I429 eempii 
LOG (lattice-best-path:main():lattice-best-path.cc:99) For utterance M07UP42A0122I302, best cost 16.8239 + 2513.06 = 2529.89 over 498 frames.
M07UP42A0122I302 yuupii 
LOG (lattice-best-path:main():lattice-best-path.cc:99) For utterance M07UP42A0122I424, best cost 14.7087 + 1546.37 = 1561.08 over 298 frames.
M07UP42A0122I424 eempii 
LOG (lattice-best-path:main():lattice-best-path.cc:99) For utterance M07UP42A0122I46, best cost 20.6332 + 1517.48 = 1538.11 over 298 frames.
M07UP42A0122I46 yuupii 
LOG (lattice-best-path:main():lattice-best-path.cc:99) For utterance M07UP42A0123I42, best cost 15.3765 + 1515.26 = 1530.64 over 298 frames.
M07UP42A0123I42 eempii 
LOG (lattice-best-path:main():lattice-best-path.cc:99) For utterance M07UP42A0123I424, best cost 13.3629 + 1568.73 = 1582.09 over 298 frames.
M07UP42A0123I424 madhyapradesh 
LOG (lattice-best-path:main():lattice-best-path.cc:99) For utterance M07UP42A0124I45, best cost 14.7068 + 1449.33 = 1464.04 over 298 frames.
M07UP42A0124I45 eempii 
LOG (lattice-best-path:main():lattice-best-path.cc:99) For utterance M07UP42A0126I437, best cost 16.2435 + 1523.02 = 1539.26 over 298 frames.
M07UP42A0126I437 eempii 
LOG (lattice-best-path:main():lattice-best-path.cc:99) For utterance M07UP43A0148I300, best cost 22.6815 + 2639.49 = 2662.17 over 498 frames.
M07UP43A0148I300 yuupii 
LOG (lattice-best-path:main():lattice-best-path.cc:99) For utterance M07UP43A0151I42, best cost 17.3625 + 1611.63 = 1629 over 298 frames.
M07UP43A0151I42 yuupii 
LOG (lattice-best-path:main():lattice-best-path.cc:99) For utterance M07UP43A0154I43, best cost 11.8008 + 1331.93 = 1343.73 over 298 frames.
M07UP43A0154I43 eempii 
LOG (lattice-best-path:main():lattice-best-path.cc:99) For utterance M07UP43A0154I44, best cost 12.7376 + 1383.83 = 1396.56 over 298 frames.
M07UP43A0154I44 yuupii 
LOG (lattice-best-path:main():lattice-best-path.cc:99) For utterance M07UP43A0158I41, best cost 13.7086 + 1535.73 = 1549.44 over 298 frames.
M07UP43A0158I41 eempii 
LOG (lattice-best-path:main():lattice-best-path.cc:99) For utterance M07UP45A0614I48, best cost 17.7968 + 1541.44 = 1559.24 over 298 frames.
M07UP45A0614I48 uttarpradesh 
LOG (lattice-best-path:main():lattice-best-path.cc:99) For utterance M07UP45A0616I43, best cost 18.6028 + 1461.15 = 1479.76 over 298 frames.
M07UP45A0616I43 madhyapradesh 
LOG (lattice-best-path:main():lattice-best-path.cc:99) For utterance M07UP45A0624I41, best cost 19.3267 + 1478.14 = 1497.47 over 298 frames.
M07UP45A0624I41 uttarpradesh 
LOG (lattice-best-path:main():lattice-best-path.cc:99) For utterance M07UP45A0624I44, best cost 20.1859 + 1454.49 = 1474.67 over 298 frames.
M07UP45A0624I44 yuupii 
LOG (lattice-best-path:main():lattice-best-path.cc:99) For utterance M07UP45A0625I41, best cost 12.7819 + 1517.41 = 1530.19 over 298 frames.
M07UP45A0625I41 yuupii 
LOG (lattice-best-path:main():lattice-best-path.cc:99) For utterance M07UP45A0627I43, best cost 14.6412 + 1321.58 = 1336.22 over 298 frames.
M07UP45A0627I43 eempii 
LOG (lattice-best-path:main():lattice-best-path.cc:99) For utterance M07UP45A0628I41, best cost 15.7865 + 1501.65 = 1517.43 over 298 frames.
M07UP45A0628I41 eempii 
LOG (lattice-best-path:main():lattice-best-path.cc:99) For utterance M07UP45A0629I303, best cost 21.1887 + 2641.67 = 2662.86 over 498 frames.
M07UP45A0629I303 yuupii 
LOG (lattice-best-path:main():lattice-best-path.cc:99) For utterance M07UP45A0634I48, best cost 19.3523 + 1423.57 = 1442.93 over 298 frames.
M07UP45A0634I48 uttarpradesh 
LOG (lattice-best-path:main():lattice-best-path.cc:99) For utterance M07UP45A0635I42, best cost 19.4334 + 1505.11 = 1524.54 over 298 frames.
M07UP45A0635I42 madhyapradesh 
LOG (lattice-best-path:main():lattice-best-path.cc:99) For utterance M07UP45A0636I300, best cost 12.7405 + 2174.09 = 2186.83 over 498 frames.
M07UP45A0636I300 eempii 
LOG (lattice-best-path:main():lattice-best-path.cc:99) For utterance M07UP48A0013I417, best cost 18.1505 + 1456.34 = 1474.49 over 298 frames.
M07UP48A0013I417 eempii 
LOG (lattice-best-path:main():lattice-best-path.cc:99) For utterance M07UP48A0013I43, best cost 12.27 + 1488.64 = 1500.91 over 298 frames.
M07UP48A0013I43 yuupii 
LOG (lattice-best-path:main():lattice-best-path.cc:99) For utterance M07UP48A0014I44, best cost 11.9287 + 1482.22 = 1494.14 over 298 frames.
M07UP48A0014I44 eempii 
LOG (lattice-best-path:main():lattice-best-path.cc:99) For utterance M07UP48A0015I422, best cost 14.4178 + 1469.39 = 1483.81 over 298 frames.
M07UP48A0015I422 yuupii 
LOG (lattice-best-path:main():lattice-best-path.cc:99) For utterance M07UP48A0018I422, best cost 13.8976 + 1554.13 = 1568.03 over 298 frames.
M07UP48A0018I422 yuupii 
LOG (lattice-best-path:main():lattice-best-path.cc:99) For utterance M07UP48A0020I43, best cost 12.1523 + 1378.09 = 1390.24 over 298 frames.
M07UP48A0020I43 eempii 
LOG (lattice-best-path:main():lattice-best-path.cc:99) For utterance M07UP48A0021I45, best cost 16.8675 + 1347.65 = 1364.52 over 298 frames.
M07UP48A0021I45 uttarpradesh 
LOG (lattice-best-path:main():lattice-best-path.cc:99) For utterance M07UP48A0024I49, best cost 16.4239 + 1547.82 = 1564.25 over 304 frames.
M07UP48A0024I49 eempii 
LOG (lattice-best-path:main():lattice-best-path.cc:99) For utterance M07UP48A0028I45, best cost 13.5305 + 1536.39 = 1549.92 over 298 frames.
M07UP48A0028I45 eempii 
LOG (lattice-best-path:main():lattice-best-path.cc:99) For utterance M07UP48A0031I44, best cost 17.9955 + 1553.31 = 1571.31 over 298 frames.
M07UP48A0031I44 eempii 
LOG (lattice-best-path:main():lattice-best-path.cc:99) For utterance M07UP49A0861I41, best cost 16.2334 + 1363.45 = 1379.68 over 300 frames.
M07UP49A0861I41 uttarpradesh 
LOG (lattice-best-path:main():lattice-best-path.cc:99) For utterance M07UP49A0863I300, best cost 28.2761 + 2502.57 = 2530.85 over 498 frames.
M07UP49A0863I300 yuupii 
LOG (lattice-best-path:main():lattice-best-path.cc:99) For utterance M07UP49A0866I504, best cost 15.6163 + 1641.48 = 1657.1 over 298 frames.
M07UP49A0866I504 yuupii 
LOG (lattice-best-path:main():lattice-best-path.cc:99) For utterance M07UP49A0869I301, best cost 22.3086 + 2464.72 = 2487.03 over 498 frames.
M07UP49A0869I301 eempii 
LOG (lattice-best-path:main():lattice-best-path.cc:99) For utterance M07UP49A0880I43, best cost 24.1647 + 1447.36 = 1471.53 over 298 frames.
M07UP49A0880I43 uttarpradesh 
LOG (lattice-best-path:main():lattice-best-path.cc:99) For utterance M07UP51A0032I301, best cost 15.2308 + 2263.89 = 2279.12 over 430 frames.
M07UP51A0032I301 eempii 
LOG (lattice-best-path:main():lattice-best-path.cc:99) For utterance M07UP51A0033I42, best cost 16.9212 + 1515.06 = 1531.98 over 298 frames.
M07UP51A0033I42 eempii 
LOG (lattice-best-path:main():lattice-best-path.cc:99) For utterance M07UP51A0033I48, best cost 16.0334 + 1583.05 = 1599.08 over 298 frames.
M07UP51A0033I48 eempii 
LOG (lattice-best-path:main():lattice-best-path.cc:99) For utterance M07UP51A0035I302, best cost 30.0952 + 2456.04 = 2486.13 over 498 frames.
M07UP51A0035I302 yuupii 
LOG (lattice-best-path:main():lattice-best-path.cc:99) For utterance M07UP51A0036I300, best cost 16.5973 + 2555.29 = 2571.89 over 498 frames.
M07UP51A0036I300 yuupii 
LOG (lattice-best-path:main():lattice-best-path.cc:99) For utterance M07UP51A0036I44, best cost 17.7492 + 1433.8 = 1451.55 over 298 frames.
M07UP51A0036I44 eempii 
LOG (lattice-best-path:main():lattice-best-path.cc:99) For utterance M07UP51A0036I45, best cost 18.002 + 1456.64 = 1474.64 over 298 frames.
M07UP51A0036I45 eempii 
LOG (lattice-best-path:main():lattice-best-path.cc:99) For utterance M07UP51A0036I48, best cost 16.3828 + 1485 = 1501.38 over 298 frames.
M07UP51A0036I48 yuupii 
LOG (lattice-best-path:main():lattice-best-path.cc:99) For utterance M07UP51A0038I48, best cost 15.2619 + 1528.42 = 1543.69 over 298 frames.
M07UP51A0038I48 yuupii 
LOG (lattice-best-path:main():lattice-best-path.cc:99) For utterance M07UP51A0041I300, best cost 15.0102 + 2155.56 = 2170.57 over 498 frames.
M07UP51A0041I300 yuupii 
LOG (lattice-best-path:main():lattice-best-path.cc:99) For utterance M07UP51A0042I302, best cost 24.2117 + 2299.42 = 2323.64 over 498 frames.
M07UP51A0042I302 yuupii 
LOG (lattice-best-path:main():lattice-best-path.cc:99) For utterance M07UP51A0043I410, best cost 13.5988 + 1473.34 = 1486.94 over 298 frames.
M07UP51A0043I410 eempii 
LOG (lattice-best-path:main():lattice-best-path.cc:99) For utterance M07UP51A0043I44, best cost 19.1687 + 1522.66 = 1541.83 over 298 frames.
M07UP51A0043I44 yuupii 
LOG (lattice-best-path:main():lattice-best-path.cc:99) For utterance M07UP51A0043I45, best cost 21.3935 + 1391.48 = 1412.88 over 298 frames.
M07UP51A0043I45 yuupii 
LOG (lattice-best-path:main():lattice-best-path.cc:99) For utterance M07UP51A0044I303, best cost 34.1636 + 2328.59 = 2362.75 over 498 frames.
M07UP51A0044I303 eempii 
LOG (lattice-best-path:main():lattice-best-path.cc:99) For utterance M07UP51A0045I412, best cost 23.2853 + 1527.07 = 1550.35 over 298 frames.
M07UP51A0045I412 madhyapradesh 
LOG (lattice-best-path:main():lattice-best-path.cc:99) For utterance M07UP51A0046I412, best cost 15.1873 + 1373.8 = 1388.99 over 298 frames.
M07UP51A0046I412 eempii 
LOG (lattice-best-path:main():lattice-best-path.cc:99) For utterance M07UP51A0046I43, best cost 20.8617 + 1481.77 = 1502.63 over 298 frames.
M07UP51A0046I43 uttarpradesh 
LOG (lattice-best-path:main():lattice-best-path.cc:99) For utterance M07UP51A0049I44, best cost 11.6801 + 1584.67 = 1596.35 over 298 frames.
M07UP51A0049I44 yuupii 
LOG (lattice-best-path:main():lattice-best-path.cc:99) For utterance M07UP51A0049I48, best cost 18.4848 + 1596.43 = 1614.92 over 298 frames.
M07UP51A0049I48 eempii 
LOG (lattice-best-path:main():lattice-best-path.cc:99) For utterance M07UP51A0050I300, best cost 21.9168 + 2319.19 = 2341.11 over 498 frames.
M07UP51A0050I300 eempii 
LOG (lattice-best-path:main():lattice-best-path.cc:99) For utterance M07UP51A0050I42, best cost 22.5887 + 1460.68 = 1483.27 over 298 frames.
M07UP51A0050I42 madhyapradesh 
LOG (lattice-best-path:main():lattice-best-path.cc:99) For utterance M07UP51A0050I45, best cost 11.207 + 1491.32 = 1502.53 over 298 frames.
M07UP51A0050I45 eempii 
LOG (lattice-best-path:main():lattice-best-path.cc:99) For utterance M07UP51A0052I301, best cost 20.9001 + 2239.68 = 2260.58 over 498 frames.
M07UP51A0052I301 eempii 
LOG (lattice-best-path:main():lattice-best-path.cc:99) For utterance M07UP51A0052I303, best cost 20.1137 + 2162.52 = 2182.63 over 498 frames.
M07UP51A0052I303 madhyapradesh 
LOG (lattice-best-path:main():lattice-best-path.cc:99) For utterance M07UP51A0052I412, best cost 17.1555 + 1368.8 = 1385.96 over 298 frames.
M07UP51A0052I412 madhyapradesh 
LOG (lattice-best-path:main():lattice-best-path.cc:99) For utterance M07UP51A0052I45, best cost 17.4407 + 1440.12 = 1457.56 over 298 frames.
M07UP51A0052I45 yuupii 
LOG (lattice-best-path:main():lattice-best-path.cc:99) For utterance M07UP51A0053I302, best cost 21.8506 + 2324.49 = 2346.34 over 498 frames.
M07UP51A0053I302 yuupii 
LOG (lattice-best-path:main():lattice-best-path.cc:99) For utterance M07UP51A0054I40, best cost 15.3329 + 1582.32 = 1597.66 over 298 frames.
M07UP51A0054I40 yuupii 
LOG (lattice-best-path:main():lattice-best-path.cc:99) For utterance M07UP51A0054I47, best cost 12.2964 + 1578.74 = 1591.04 over 298 frames.
M07UP51A0054I47 yuupii 
LOG (lattice-best-path:main():lattice-best-path.cc:99) For utterance M07UP51A0094I411, best cost 25.8654 + 1403.12 = 1428.99 over 298 frames.
M07UP51A0094I411 uttarpradesh 
LOG (lattice-best-path:main():lattice-best-path.cc:99) For utterance M07UP52A0193I300, best cost 23.7996 + 2380.83 = 2404.63 over 498 frames.
M07UP52A0193I300 eempii 
LOG (lattice-best-path:main():lattice-best-path.cc:99) For utterance M07UP52A0193I302, best cost 28.9093 + 2327.47 = 2356.38 over 498 frames.
M07UP52A0193I302 uttarpradesh 
LOG (lattice-best-path:main():lattice-best-path.cc:99) For utterance M07UP52A0193I43, best cost 20.5824 + 1365.8 = 1386.38 over 298 frames.
M07UP52A0193I43 uttarpradesh 
LOG (lattice-best-path:main():lattice-best-path.cc:99) For utterance M07UP52A0195I45, best cost 9.07732 + 1594.15 = 1603.22 over 298 frames.
M07UP52A0195I45 yuupii 
LOG (lattice-best-path:main():lattice-best-path.cc:99) For utterance M07UP52A0196I300, best cost 22.8944 + 2420.93 = 2443.83 over 498 frames.
M07UP52A0196I300 eempii 
LOG (lattice-best-path:main():lattice-best-path.cc:99) For utterance M07UP52A0196I41, best cost 15.8546 + 1478.9 = 1494.75 over 292 frames.
M07UP52A0196I41 yuupii 
LOG (lattice-best-path:main():lattice-best-path.cc:99) For utterance M07UP52A0199I41, best cost 14.4331 + 1642.89 = 1657.32 over 298 frames.
M07UP52A0199I41 yuupii 
LOG (lattice-best-path:main():lattice-best-path.cc:99) For utterance M07UP52A0202I302, best cost 25.2388 + 2642.63 = 2667.87 over 498 frames.
M07UP52A0202I302 eempii 
LOG (lattice-best-path:main():lattice-best-path.cc:99) For utterance M07UP52A0202I40, best cost 13.8729 + 1603.84 = 1617.71 over 298 frames.
M07UP52A0202I40 yuupii 
LOG (lattice-best-path:main():lattice-best-path.cc:99) For utterance M07UP52A0202I45, best cost 17.7863 + 1623.61 = 1641.4 over 298 frames.
M07UP52A0202I45 yuupii 
LOG (lattice-best-path:main():lattice-best-path.cc:99) For utterance M07UP52A0205I43, best cost 17.2809 + 1494.14 = 1511.43 over 298 frames.
M07UP52A0205I43 eempii 
LOG (lattice-best-path:main():lattice-best-path.cc:99) For utterance M07UP52A0206I302, best cost 21.2809 + 2395.92 = 2417.2 over 498 frames.
M07UP52A0206I302 yuupii 
LOG (lattice-best-path:main():lattice-best-path.cc:99) For utterance M07UP52A0206I40, best cost 10.5509 + 1587.29 = 1597.84 over 298 frames.
M07UP52A0206I40 eempii 
LOG (lattice-best-path:main():lattice-best-path.cc:99) For utterance M07UP52A0207I42, best cost 18.4293 + 1563.62 = 1582.05 over 298 frames.
M07UP52A0207I42 eempii 
LOG (lattice-best-path:main():lattice-best-path.cc:99) For utterance M07UP52A0210I300, best cost 24.6731 + 2587.05 = 2611.73 over 498 frames.
M07UP52A0210I300 madhyapradesh 
LOG (lattice-best-path:main():lattice-best-path.cc:99) For utterance M07UP52A0210I43, best cost 18.2938 + 1559.84 = 1578.14 over 298 frames.
M07UP52A0210I43 uttarpradesh 
LOG (lattice-best-path:main():lattice-best-path.cc:99) For utterance M07UP52A0210I603, best cost 35.1411 + 5216.39 = 5251.53 over 998 frames.
M07UP52A0210I603 eempii 
LOG (lattice-best-path:main():lattice-best-path.cc:99) For utterance M07UP52A0211I300, best cost 18.5022 + 2740.51 = 2759.01 over 500 frames.
M07UP52A0211I300 eempii 
LOG (lattice-best-path:main():lattice-best-path.cc:99) For utterance M07UP52A0213I45, best cost 13.435 + 1298.04 = 1311.47 over 298 frames.
M07UP52A0213I45 eempii 
LOG (lattice-best-path:main():lattice-best-path.cc:99) For utterance M07UP53A0072I44, best cost 18.2713 + 1534.66 = 1552.93 over 298 frames.
M07UP53A0072I44 eempii 
LOG (lattice-best-path:main():lattice-best-path.cc:99) For utterance M07UP53A0076I413, best cost 18.145 + 1513.25 = 1531.4 over 298 frames.
M07UP53A0076I413 uttarpradesh 
LOG (lattice-best-path:main():lattice-best-path.cc:99) For utterance M07UP53A0079I42, best cost 14.6196 + 1545.58 = 1560.2 over 298 frames.
M07UP53A0079I42 uttarpradesh 
LOG (lattice-best-path:main():lattice-best-path.cc:99) For utterance M07UP53A0080I41, best cost 13.0931 + 1285.96 = 1299.06 over 298 frames.
M07UP53A0080I41 eempii 
LOG (lattice-best-path:main():lattice-best-path.cc:99) For utterance M07UP53A0080I413, best cost 21.997 + 1413.17 = 1435.17 over 298 frames.
M07UP53A0080I413 uttarpradesh 
LOG (lattice-best-path:main():lattice-best-path.cc:99) For utterance M07UP53A0080I42, best cost 13.7906 + 1384 = 1397.79 over 298 frames.
M07UP53A0080I42 eempii 
LOG (lattice-best-path:main():lattice-best-path.cc:99) For utterance M07UP53A0081I424, best cost 10.5338 + 1319.13 = 1329.67 over 298 frames.
M07UP53A0081I424 eempii 
LOG (lattice-best-path:main():lattice-best-path.cc:99) For utterance M07UP53A0083I419, best cost 16.9149 + 1490.23 = 1507.14 over 298 frames.
M07UP53A0083I419 uttarpradesh 
LOG (lattice-best-path:main():lattice-best-path.cc:99) For utterance M07UP53A0085I45, best cost 21.5488 + 1590.65 = 1612.2 over 300 frames.
M07UP53A0085I45 eempii 
LOG (lattice-best-path:main():lattice-best-path.cc:99) For utterance M07UP53A0088I413, best cost 19.9031 + 1549.51 = 1569.42 over 298 frames.
M07UP53A0088I413 eempii 
LOG (lattice-best-path:main():lattice-best-path.cc:99) For utterance M07UP53A0090I410, best cost 15.4948 + 1609.22 = 1624.72 over 300 frames.
M07UP53A0090I410 eempii 
LOG (lattice-best-path:main():lattice-best-path.cc:99) For utterance M07UP54A1272I428, best cost 11.9624 + 1493.72 = 1505.68 over 298 frames.
M07UP54A1272I428 eempii 
LOG (lattice-best-path:main():lattice-best-path.cc:99) For utterance M07UP54A1280I300, best cost 24.9427 + 2488.07 = 2513.02 over 498 frames.
M07UP54A1280I300 eempii 
LOG (lattice-best-path:main():lattice-best-path.cc:99) For utterance M07UP54A1290I45, best cost 16.1736 + 1542.06 = 1558.23 over 300 frames.
M07UP54A1290I45 eempii 
LOG (lattice-best-path:main():lattice-best-path.cc:99) For utterance M07UP55A0462I422, best cost 13.4505 + 1398.54 = 1411.99 over 298 frames.
M07UP55A0462I422 uttarpradesh 
LOG (lattice-best-path:main():lattice-best-path.cc:99) For utterance M07UP55A0464I303, best cost 17.9524 + 2297.98 = 2315.94 over 498 frames.
M07UP55A0464I303 yuupii 
LOG (lattice-best-path:main():lattice-best-path.cc:99) For utterance M07UP55A0464I42, best cost 16.2958 + 1489.85 = 1506.15 over 298 frames.
M07UP55A0464I42 eempii 
LOG (lattice-best-path:main():lattice-best-path.cc:99) For utterance M07UP55A0469I300, best cost 31.0985 + 2444.12 = 2475.22 over 498 frames.
M07UP55A0469I300 eempii 
LOG (lattice-best-path:main():lattice-best-path.cc:99) For utterance M07UP55A0469I40, best cost 22.1194 + 1411.36 = 1433.48 over 298 frames.
M07UP55A0469I40 eempii 
LOG (lattice-best-path:main():lattice-best-path.cc:99) For utterance M07UP55A0470I301, best cost 22.1945 + 2387.88 = 2410.07 over 498 frames.
M07UP55A0470I301 eempii 
LOG (lattice-best-path:main():lattice-best-path.cc:99) For utterance M07UP55A0474I40, best cost 13.956 + 1607.17 = 1621.13 over 298 frames.
M07UP55A0474I40 eempii 
LOG (lattice-best-path:main():lattice-best-path.cc:99) For utterance M07UP55A0476I42, best cost 22.4667 + 1578.24 = 1600.7 over 298 frames.
M07UP55A0476I42 eempii 
LOG (lattice-best-path:main():lattice-best-path.cc:99) For utterance M07UP55A0477I301, best cost 25.8379 + 2368.69 = 2394.53 over 498 frames.
M07UP55A0477I301 uttarpradesh 
LOG (lattice-best-path:main():lattice-best-path.cc:99) For utterance M07UP55A0480I300, best cost 18.2508 + 2501.15 = 2519.4 over 498 frames.
M07UP55A0480I300 yuupii 
LOG (lattice-best-path:main():lattice-best-path.cc:99) For utterance M07UP56A0695I300, best cost 19.5241 + 2646.53 = 2666.05 over 498 frames.
M07UP56A0695I300 eempii 
LOG (lattice-best-path:main():lattice-best-path.cc:99) For utterance M07UP56A0699I301, best cost 25.0173 + 2387.46 = 2412.48 over 498 frames.
M07UP56A0699I301 madhyapradesh 
LOG (lattice-best-path:main():lattice-best-path.cc:99) For utterance M07UP56A0706I43, best cost 12.9521 + 1574.37 = 1587.32 over 298 frames.
M07UP56A0706I43 yuupii 
LOG (lattice-best-path:main():lattice-best-path.cc:99) For utterance M07UP56A0707I45, best cost 13.8361 + 1323.86 = 1337.7 over 298 frames.
M07UP56A0707I45 uttarpradesh 
LOG (lattice-best-path:main():lattice-best-path.cc:99) For utterance M07UP56A0708I47, best cost 26.1826 + 1504.03 = 1530.21 over 298 frames.
M07UP56A0708I47 madhyapradesh 
LOG (lattice-best-path:main():lattice-best-path.cc:99) For utterance M07UP56A0710I421, best cost 22.4128 + 1482.75 = 1505.17 over 298 frames.
M07UP56A0710I421 uttarpradesh 
LOG (lattice-best-path:main():lattice-best-path.cc:99) For utterance M07UP57A0404I43, best cost 14.6999 + 1407.32 = 1422.02 over 298 frames.
M07UP57A0404I43 yuupii 
LOG (lattice-best-path:main():lattice-best-path.cc:99) For utterance M07UP57A0406I300, best cost 25.6044 + 2369.04 = 2394.65 over 498 frames.
M07UP57A0406I300 madhyapradesh 
LOG (lattice-best-path:main():lattice-best-path.cc:99) For utterance M07UP57A0409I42, best cost 14.8671 + 1363.25 = 1378.12 over 298 frames.
M07UP57A0409I42 uttarpradesh 
LOG (lattice-best-path:main():lattice-best-path.cc:99) For utterance M07UP57A0411I301, best cost 18.0199 + 2452.19 = 2470.21 over 498 frames.
M07UP57A0411I301 eempii 
LOG (lattice-best-path:main():lattice-best-path.cc:99) For utterance M07UP57A0413I301, best cost 20.6393 + 2265.79 = 2286.43 over 498 frames.
M07UP57A0413I301 yuupii 
LOG (lattice-best-path:main():lattice-best-path.cc:99) For utterance M07UP57A0413I41, best cost 13.0609 + 1578.72 = 1591.79 over 298 frames.
M07UP57A0413I41 eempii 
LOG (lattice-best-path:main():lattice-best-path.cc:99) For utterance M07UP57A0413I507, best cost 10.9996 + 1584.22 = 1595.22 over 298 frames.
M07UP57A0413I507 yuupii 
LOG (lattice-best-path:main():lattice-best-path.cc:99) For utterance M07UP57A0416I301, best cost 27.3119 + 2598.33 = 2625.64 over 498 frames.
M07UP57A0416I301 eempii 
LOG (lattice-best-path:main():lattice-best-path.cc:99) For utterance M07UP57A0417I301, best cost 22.8428 + 2456.26 = 2479.1 over 498 frames.
M07UP57A0417I301 yuupii 
LOG (lattice-best-path:main():lattice-best-path.cc:99) For utterance M07UP57A0417I42, best cost 11.9886 + 1583.44 = 1595.43 over 298 frames.
M07UP57A0417I42 eempii 
LOG (lattice-best-path:main():lattice-best-path.cc:99) For utterance M07UP57A0418I303, best cost 16.2331 + 2527.06 = 2543.29 over 498 frames.
M07UP57A0418I303 eempii 
LOG (lattice-best-path:main():lattice-best-path.cc:99) For utterance M07UP60A0942I416, best cost 10.4635 + 1318.57 = 1329.03 over 298 frames.
M07UP60A0942I416 eempii 
LOG (lattice-best-path:main():lattice-best-path.cc:99) For utterance M07UP60A0942I418, best cost 14.9518 + 1417 = 1431.96 over 298 frames.
M07UP60A0942I418 uttarpradesh 
LOG (lattice-best-path:main():lattice-best-path.cc:99) For utterance M07UP60A0944I42, best cost 17.5033 + 1493.75 = 1511.25 over 298 frames.
M07UP60A0944I42 madhyapradesh 
LOG (lattice-best-path:main():lattice-best-path.cc:99) For utterance M07UP60A0946I303, best cost 32.3604 + 2446.04 = 2478.4 over 498 frames.
M07UP60A0946I303 uttarpradesh 
LOG (lattice-best-path:main():lattice-best-path.cc:99) For utterance M07UP60A0954I303, best cost 14.2523 + 2106.33 = 2120.59 over 498 frames.
M07UP60A0954I303 uttarpradesh 
LOG (lattice-best-path:main():lattice-best-path.cc:99) For utterance M07UP60A0955I301, best cost 26.7849 + 2181.89 = 2208.68 over 498 frames.
M07UP60A0955I301 uttarpradesh 
LOG (lattice-best-path:main():lattice-best-path.cc:99) For utterance M07UP60A0955I302, best cost 16.7006 + 2124.26 = 2140.96 over 498 frames.
M07UP60A0955I302 yuupii 
LOG (lattice-best-path:main():lattice-best-path.cc:99) For utterance M07UP60A0956I414, best cost 20.2977 + 1517.59 = 1537.88 over 298 frames.
M07UP60A0956I414 uttarpradesh 
LOG (lattice-best-path:main():lattice-best-path.cc:99) For utterance M07UP60A0957I412, best cost 18.5459 + 1425.53 = 1444.07 over 298 frames.
M07UP60A0957I412 madhyapradesh 
LOG (lattice-best-path:main():lattice-best-path.cc:99) For utterance M07UP60A0957I413, best cost 17.6892 + 1392.59 = 1410.28 over 298 frames.
M07UP60A0957I413 uttarpradesh 
LOG (lattice-best-path:main():lattice-best-path.cc:99) For utterance M07UP61A0966I300, best cost 19.5377 + 2224.77 = 2244.31 over 498 frames.
M07UP61A0966I300 eempii 
LOG (lattice-best-path:main():lattice-best-path.cc:99) For utterance M07UP61A0968I301, best cost 17.0553 + 2191.24 = 2208.29 over 498 frames.
M07UP61A0968I301 eempii 
LOG (lattice-best-path:main():lattice-best-path.cc:99) For utterance M07UP61A0971I302, best cost 27.3816 + 2304.69 = 2332.07 over 498 frames.
M07UP61A0971I302 uttarpradesh 
LOG (lattice-best-path:main():lattice-best-path.cc:99) For utterance M07UP61A0972I44, best cost 15.7873 + 1534.71 = 1550.5 over 298 frames.
M07UP61A0972I44 eempii 
LOG (lattice-best-path:main():lattice-best-path.cc:99) For utterance M07UP61A0980I301, best cost 26.2113 + 2584.41 = 2610.62 over 498 frames.
M07UP61A0980I301 eempii 
LOG (lattice-best-path:main():lattice-best-path.cc:99) For utterance M07UP64A0382I300, best cost 29.3717 + 2514.99 = 2544.36 over 498 frames.
M07UP64A0382I300 eempii 
LOG (lattice-best-path:main():lattice-best-path.cc:99) For utterance M07UP64A0382I301, best cost 22.8137 + 2571.74 = 2594.56 over 498 frames.
M07UP64A0382I301 uttarpradesh 
LOG (lattice-best-path:main():lattice-best-path.cc:99) For utterance M07UP64A0386I42, best cost 17.652 + 1508.65 = 1526.3 over 298 frames.
M07UP64A0386I42 eempii 
LOG (lattice-best-path:main():lattice-best-path.cc:99) For utterance M07UP64A0389I42, best cost 19.5633 + 1353.4 = 1372.96 over 298 frames.
M07UP64A0389I42 eempii 
LOG (lattice-best-path:main():lattice-best-path.cc:99) For utterance M07UP64A0390I300, best cost 23.9659 + 2345.61 = 2369.58 over 498 frames.
M07UP64A0390I300 eempii 
LOG (lattice-best-path:main():lattice-best-path.cc:99) For utterance M07UP64A0391I302, best cost 41.9752 + 2351.25 = 2393.23 over 498 frames.
M07UP64A0391I302 eempii 
LOG (lattice-best-path:main():lattice-best-path.cc:99) For utterance M07UP64A0391I303, best cost 28.9428 + 2385.56 = 2414.5 over 498 frames.
M07UP64A0391I303 uttarpradesh 
LOG (lattice-best-path:main():lattice-best-path.cc:99) For utterance M07UP64A0392I301, best cost 14.0044 + 2068.05 = 2082.05 over 498 frames.
M07UP64A0392I301 eempii 
LOG (lattice-best-path:main():lattice-best-path.cc:99) For utterance M07UP64A0393I41, best cost 17.4736 + 1554.54 = 1572.02 over 298 frames.
M07UP64A0393I41 eempii 
LOG (lattice-best-path:main():lattice-best-path.cc:99) For utterance M07UP64A0396I43, best cost 15.6277 + 1613.42 = 1629.04 over 300 frames.
M07UP64A0396I43 eempii 
LOG (lattice-best-path:main():lattice-best-path.cc:99) For utterance M07UP64A0399I302, best cost 25.3255 + 2440.74 = 2466.06 over 498 frames.
M07UP64A0399I302 yuupii 
LOG (lattice-best-path:main():lattice-best-path.cc:99) For utterance M07UP64A0400I300, best cost 39.7448 + 2559.19 = 2598.93 over 498 frames.
M07UP64A0400I300 eempii 
LOG (lattice-best-path:main():lattice-best-path.cc:99) For utterance M07UP64A0400I426, best cost 18.4082 + 1472.01 = 1490.42 over 298 frames.
M07UP64A0400I426 yuupii 
LOG (lattice-best-path:main():lattice-best-path.cc:99) For utterance M07UP64A0401I43, best cost 14.9624 + 1527.53 = 1542.5 over 300 frames.
M07UP64A0401I43 madhyapradesh 
LOG (lattice-best-path:main():lattice-best-path.cc:99) For utterance M07UP66A0674I303, best cost 18.6169 + 2534.6 = 2553.21 over 498 frames.
M07UP66A0674I303 eempii 
LOG (lattice-best-path:main():lattice-best-path.cc:99) For utterance M07UP66A0676I303, best cost 16.5279 + 2586.09 = 2602.62 over 498 frames.
M07UP66A0676I303 yuupii 
LOG (lattice-best-path:main():lattice-best-path.cc:99) For utterance M07UP66A0684I43, best cost 18.3512 + 1447.26 = 1465.61 over 298 frames.
M07UP66A0684I43 uttarpradesh 
LOG (lattice-best-path:main():lattice-best-path.cc:99) For utterance M07UP66A0685I42, best cost 20.9816 + 1480.01 = 1500.99 over 298 frames.
M07UP66A0685I42 yuupii 
LOG (lattice-best-path:main():lattice-best-path.cc:99) For utterance M07UP66A0687I301, best cost 17.3263 + 2165.71 = 2183.04 over 498 frames.
M07UP66A0687I301 uttarpradesh 
LOG (lattice-best-path:main():lattice-best-path.cc:99) For utterance M07UP66A0688I410, best cost 18.2041 + 1326.74 = 1344.95 over 298 frames.
M07UP66A0688I410 madhyapradesh 
LOG (lattice-best-path:main():lattice-best-path.cc:99) For utterance M07UP66A0692I301, best cost 24.275 + 2443.22 = 2467.5 over 498 frames.
M07UP66A0692I301 eempii 
LOG (lattice-best-path:main():lattice-best-path.cc:99) For utterance M07UP72A0730I42, best cost 15.8793 + 1513.44 = 1529.32 over 298 frames.
M07UP72A0730I42 uttarpradesh 
LOG (lattice-scale:main():lattice-scale.cc:90) Done 553 lattices.
LOG (lattice-best-path:main():lattice-best-path.cc:99) For utterance M07UP72A0730I46, best cost 19.4418 + 1470.22 = 1489.66 over 298 frames.
M07UP72A0730I46 eempii 
LOG (lattice-best-path:main():lattice-best-path.cc:99) For utterance M07UP72A0731I42, best cost 19.1421 + 1607.92 = 1627.07 over 298 frames.
M07UP72A0731I42 madhyapradesh 
LOG (lattice-best-path:main():lattice-best-path.cc:99) For utterance M07UP73A0922I300, best cost 14.669 + 2593.82 = 2608.48 over 498 frames.
M07UP73A0922I300 yuupii 
LOG (lattice-best-path:main():lattice-best-path.cc:99) For utterance M07UP73A0923I41, best cost 13.0585 + 1523.98 = 1537.04 over 298 frames.
M07UP73A0923I41 yuupii 
LOG (lattice-best-path:main():lattice-best-path.cc:99) For utterance M07UP73A0924I41, best cost 16.842 + 1453.01 = 1469.86 over 298 frames.
M07UP73A0924I41 uttarpradesh 
LOG (lattice-best-path:main():lattice-best-path.cc:99) For utterance M07UP73A0925I42, best cost 15.1796 + 1323.26 = 1338.44 over 298 frames.
M07UP73A0925I42 uttarpradesh 
LOG (lattice-best-path:main():lattice-best-path.cc:99) For utterance M07UP73A0927I43, best cost 21.0452 + 1400.35 = 1421.39 over 298 frames.
M07UP73A0927I43 eempii 
LOG (lattice-best-path:main():lattice-best-path.cc:99) For utterance M07UP73A0929I42, best cost 24.4372 + 1524.74 = 1549.17 over 298 frames.
M07UP73A0929I42 madhyapradesh 
LOG (lattice-best-path:main():lattice-best-path.cc:99) For utterance M07UP73A0930I43, best cost 22.2862 + 1434.08 = 1456.36 over 298 frames.
M07UP73A0930I43 yuupii 
LOG (lattice-best-path:main():lattice-best-path.cc:99) For utterance M07UP73A0931I49, best cost 15.7684 + 1505.69 = 1521.46 over 298 frames.
M07UP73A0931I49 eempii 
LOG (lattice-best-path:main():lattice-best-path.cc:99) For utterance M07UP73A0937I42, best cost 13.0403 + 1435.24 = 1448.28 over 298 frames.
M07UP73A0937I42 eempii 
LOG (lattice-best-path:main():lattice-best-path.cc:99) For utterance M07UP73A0938I42, best cost 16.4881 + 1400.05 = 1416.54 over 298 frames.
M07UP73A0938I42 yuupii 
LOG (lattice-best-path:main():lattice-best-path.cc:99) For utterance M07UP74A0802I303, best cost 29.5845 + 2332.78 = 2362.37 over 498 frames.
M07UP74A0802I303 madhyapradesh 
LOG (lattice-best-path:main():lattice-best-path.cc:99) For utterance M07UP74A0813I300, best cost 21.8451 + 2283.11 = 2304.95 over 498 frames.
M07UP74A0813I300 eempii 
LOG (lattice-best-path:main():lattice-best-path.cc:99) For utterance M07UP74A0814I301, best cost 20.4367 + 2262.92 = 2283.35 over 504 frames.
M07UP74A0814I301 yuupii 
LOG (lattice-best-path:main():lattice-best-path.cc:99) For utterance M07UP74A0817I42, best cost 18.8363 + 1407.59 = 1426.43 over 300 frames.
M07UP74A0817I42 eempii 
LOG (lattice-add-penalty:main():lattice-add-penalty.cc:62) Done adding word insertion penalty to 553 lattices.
LOG (lattice-best-path:main():lattice-best-path.cc:99) For utterance M07UP75A0755I303, best cost 31.5451 + 2426.67 = 2458.22 over 498 frames.
M07UP75A0755I303 madhyapradesh 
LOG (lattice-best-path:main():lattice-best-path.cc:99) For utterance M07UP75A0758I300, best cost 22.3861 + 2395.6 = 2417.98 over 498 frames.
M07UP75A0758I300 eempii 
LOG (lattice-best-path:main():lattice-best-path.cc:99) For utterance M07UP75A0764I302, best cost 25.9804 + 2513.81 = 2539.79 over 498 frames.
M07UP75A0764I302 yuupii 
LOG (lattice-best-path:main():lattice-best-path.cc:99) For utterance M07UP75A0764I42, best cost 15.346 + 1541 = 1556.35 over 298 frames.
M07UP75A0764I42 yuupii 
LOG (lattice-best-path:main():lattice-best-path.cc:99) For utterance M07UP75A0768I40, best cost 16.7113 + 1442.41 = 1459.13 over 298 frames.
M07UP75A0768I40 madhyapradesh 
LOG (lattice-best-path:main():lattice-best-path.cc:99) For utterance M07UP75A0769I301, best cost 25.9178 + 2303.76 = 2329.68 over 498 frames.
M07UP75A0769I301 uttarpradesh 
LOG (lattice-best-path:main():lattice-best-path.cc:99) For utterance M07UP75A0770I303, best cost 27.9819 + 2370.25 = 2398.23 over 498 frames.
M07UP75A0770I303 yuupii 
LOG (lattice-best-path:main():lattice-best-path.cc:99) For utterance M07UP75A0771I42, best cost 15.4306 + 1441.13 = 1456.56 over 298 frames.
M07UP75A0771I42 eempii 
LOG (lattice-best-path:main():lattice-best-path.cc:99) For utterance M07UP75A0771I43, best cost 16.7489 + 1460.79 = 1477.54 over 298 frames.
M07UP75A0771I43 madhyapradesh 
LOG (lattice-best-path:main():lattice-best-path.cc:99) For utterance M07UP75A0772I300, best cost 16.3836 + 2266.95 = 2283.33 over 498 frames.
M07UP75A0772I300 uttarpradesh 
LOG (lattice-best-path:main():lattice-best-path.cc:99) For utterance M07UP75A0773I41, best cost 12.3543 + 1393.73 = 1406.08 over 298 frames.
M07UP75A0773I41 yuupii 
LOG (lattice-best-path:main():lattice-best-path.cc:124) Overall cost per frame is 4.9465 = 0.0498515 [graph] + 4.89664 [acoustic] over 207364 frames.
LOG (lattice-best-path:main():lattice-best-path.cc:128) Done 553 lattices, failed for 0
# Accounting: time=1 threads=1
# Ended (code 0) at Mon Jul 25 00:37:34 IST 2016, elapsed time 1 seconds
