# lattice-scale --inv-acoustic-scale=17 "ark:gunzip -c exp/tri1_1600_25600/decode/lat.*.gz|" ark:- | lattice-add-penalty --word-ins-penalty=0.5 ark:- ark:- | lattice-best-path --word-symbol-table=exp/tri1_1600_25600/graph/words.txt ark:- ark,t:- | utils/int2sym.pl -f 2- exp/tri1_1600_25600/graph/words.txt | cat > exp/tri1_1600_25600/decode/scoring_kaldi/penalty_0.5/17.txt 
# Started at Thu Jul 21 15:05:37 IST 2016
#
lattice-scale --inv-acoustic-scale=17 'ark:gunzip -c exp/tri1_1600_25600/decode/lat.*.gz|' ark:- 
lattice-add-penalty --word-ins-penalty=0.5 ark:- ark:- 
lattice-best-path --word-symbol-table=exp/tri1_1600_25600/graph/words.txt ark:- ark,t:- 
LOG (lattice-best-path:main():lattice-best-path.cc:99) For utterance F07UP02A0332I42, best cost 17.9213 + 1791.63 = 1809.55 over 300 frames.
F07UP02A0332I42 haan 
LOG (lattice-best-path:main():lattice-best-path.cc:99) For utterance F07UP02A0332I43, best cost 15.1225 + 1695.88 = 1711 over 298 frames.
F07UP02A0332I43 haan 
LOG (lattice-best-path:main():lattice-best-path.cc:99) For utterance F07UP06A0432I42, best cost 23.6676 + 1563.75 = 1587.42 over 300 frames.
F07UP06A0432I42 haan 
LOG (lattice-best-path:main():lattice-best-path.cc:99) For utterance F07UP07A0094I427, best cost 13.374 + 1632.21 = 1645.59 over 298 frames.
F07UP07A0094I427 nahiin 
LOG (lattice-best-path:main():lattice-best-path.cc:99) For utterance F07UP07A0096I44, best cost 13.6797 + 1778.52 = 1792.2 over 298 frames.
F07UP07A0096I44 haan 
LOG (lattice-best-path:main():lattice-best-path.cc:99) For utterance F07UP09A0491I46, best cost 11.0743 + 1834.09 = 1845.16 over 298 frames.
F07UP09A0491I46 haan 
LOG (lattice-best-path:main():lattice-best-path.cc:99) For utterance F07UP11A1331I301, best cost 12.1582 + 2639.79 = 2651.95 over 498 frames.
F07UP11A1331I301 nahiin 
LOG (lattice-best-path:main():lattice-best-path.cc:99) For utterance F07UP19A0344I46, best cost 19.291 + 1612.59 = 1631.88 over 298 frames.
F07UP19A0344I46 nahiin 
LOG (lattice-best-path:main():lattice-best-path.cc:99) For utterance F07UP21A0612I41, best cost 16.8684 + 1668.65 = 1685.52 over 298 frames.
F07UP21A0612I41 haan 
LOG (lattice-best-path:main():lattice-best-path.cc:99) For utterance F07UP22A1336I429, best cost 18.0354 + 1713.33 = 1731.37 over 298 frames.
F07UP22A1336I429 nahiin 
LOG (lattice-best-path:main():lattice-best-path.cc:99) For utterance F07UP22A1336I501, best cost 16.1855 + 2215.3 = 2231.49 over 398 frames.
F07UP22A1336I501 nahiin 
LOG (lattice-best-path:main():lattice-best-path.cc:99) For utterance F07UP22A1343I301, best cost 12.7891 + 2656.33 = 2669.12 over 498 frames.
F07UP22A1343I301 haan 
LOG (lattice-best-path:main():lattice-best-path.cc:99) For utterance F07UP22A1343I47, best cost 17.2691 + 1835.72 = 1852.98 over 298 frames.
F07UP22A1343I47 haan 
LOG (lattice-best-path:main():lattice-best-path.cc:99) For utterance F07UP22A1345I47, best cost 14.0823 + 1603.83 = 1617.91 over 298 frames.
F07UP22A1345I47 haan 
LOG (lattice-best-path:main():lattice-best-path.cc:99) For utterance F07UP22A1346I435, best cost 17.4811 + 1806.4 = 1823.88 over 300 frames.
F07UP22A1346I435 nahiin 
LOG (lattice-best-path:main():lattice-best-path.cc:99) For utterance F07UP23A0248I41, best cost 13.326 + 1895.3 = 1908.63 over 298 frames.
F07UP23A0248I41 nahiin 
LOG (lattice-best-path:main():lattice-best-path.cc:99) For utterance F07UP24A0182I302, best cost 17.8184 + 2993.25 = 3011.07 over 498 frames.
F07UP24A0182I302 nahiin 
LOG (lattice-best-path:main():lattice-best-path.cc:99) For utterance F07UP24A0182I41, best cost 11.7638 + 1842.67 = 1854.43 over 298 frames.
F07UP24A0182I41 nahiin 
LOG (lattice-best-path:main():lattice-best-path.cc:99) For utterance F07UP24A0183I302, best cost 13.7733 + 3146.58 = 3160.35 over 498 frames.
F07UP24A0183I302 haan 
LOG (lattice-best-path:main():lattice-best-path.cc:99) For utterance F07UP24A0183I47, best cost 14.5436 + 1798.09 = 1812.63 over 298 frames.
F07UP24A0183I47 haan 
LOG (lattice-best-path:main():lattice-best-path.cc:99) For utterance F07UP25A1212I41, best cost 11.4656 + 1880.96 = 1892.42 over 298 frames.
F07UP25A1212I41 haan 
LOG (lattice-best-path:main():lattice-best-path.cc:99) For utterance F07UP25A1215I42, best cost 13.2231 + 1831.78 = 1845.01 over 298 frames.
F07UP25A1215I42 haan 
LOG (lattice-best-path:main():lattice-best-path.cc:99) For utterance F07UP26A0256I43, best cost 13.2077 + 1826.42 = 1839.62 over 298 frames.
F07UP26A0256I43 nahiin 
LOG (lattice-best-path:main():lattice-best-path.cc:99) For utterance F07UP28A0226I300, best cost 19.6394 + 3148.72 = 3168.36 over 498 frames.
F07UP28A0226I300 nahiin 
LOG (lattice-best-path:main():lattice-best-path.cc:99) For utterance F07UP28A0226I45, best cost 11.6669 + 1866.49 = 1878.16 over 298 frames.
F07UP28A0226I45 nahiin 
LOG (lattice-best-path:main():lattice-best-path.cc:99) For utterance F07UP28A0227I301, best cost 25.4242 + 3112.61 = 3138.03 over 498 frames.
F07UP28A0227I301 nahiin 
LOG (lattice-best-path:main():lattice-best-path.cc:99) For utterance F07UP28A0228I303, best cost 12.768 + 3233.78 = 3246.55 over 498 frames.
F07UP28A0228I303 nahiin 
LOG (lattice-best-path:main():lattice-best-path.cc:99) For utterance F07UP29A0523I41, best cost 17.8071 + 1658.7 = 1676.51 over 298 frames.
F07UP29A0523I41 haan 
LOG (lattice-best-path:main():lattice-best-path.cc:99) For utterance F07UP29A0523I44, best cost 15.7743 + 1606.13 = 1621.9 over 298 frames.
F07UP29A0523I44 haan 
LOG (lattice-best-path:main():lattice-best-path.cc:99) For utterance F07UP31A1293I42, best cost 13.6815 + 1879.68 = 1893.36 over 298 frames.
F07UP31A1293I42 nahiin 
LOG (lattice-best-path:main():lattice-best-path.cc:99) For utterance F07UP34A0567I44, best cost 19.8092 + 1751.32 = 1771.13 over 300 frames.
F07UP34A0567I44 haan 
LOG (lattice-best-path:main():lattice-best-path.cc:99) For utterance F07UP35A0453I300, best cost 25.5968 + 2688.83 = 2714.43 over 498 frames.
F07UP35A0453I300 haan 
LOG (lattice-best-path:main():lattice-best-path.cc:99) For utterance F07UP37A0304I300, best cost 18.3102 + 2673.9 = 2692.21 over 498 frames.
F07UP37A0304I300 nahiin 
LOG (lattice-best-path:main():lattice-best-path.cc:99) For utterance F07UP38A0101I41, best cost 20.634 + 1775.23 = 1795.87 over 298 frames.
F07UP38A0101I41 haan 
LOG (lattice-best-path:main():lattice-best-path.cc:99) For utterance F07UP41A0286I40, best cost 12.31 + 1545.63 = 1557.94 over 298 frames.
F07UP41A0286I40 haan 
LOG (lattice-best-path:main():lattice-best-path.cc:99) For utterance F07UP41A0286I42, best cost 10.1819 + 1454.47 = 1464.65 over 298 frames.
F07UP41A0286I42 nahiin 
LOG (lattice-best-path:main():lattice-best-path.cc:99) For utterance F07UP52A0208I44, best cost 11.5892 + 1848.21 = 1859.8 over 298 frames.
F07UP52A0208I44 nahiin 
LOG (lattice-best-path:main():lattice-best-path.cc:99) For utterance F07UP54A1284I430, best cost 12.9793 + 1674.84 = 1687.82 over 298 frames.
F07UP54A1284I430 nahiin 
LOG (lattice-best-path:main():lattice-best-path.cc:99) For utterance F07UP57A0408I41, best cost 18.0974 + 1828.38 = 1846.47 over 298 frames.
F07UP57A0408I41 haan 
LOG (lattice-best-path:main():lattice-best-path.cc:99) For utterance F07UP60A0943I300, best cost 21.4864 + 3183.15 = 3204.64 over 498 frames.
F07UP60A0943I300 haan 
LOG (lattice-best-path:main():lattice-best-path.cc:99) For utterance F07UP60A0944I303, best cost 17.6731 + 2624.28 = 2641.95 over 498 frames.
F07UP60A0944I303 haan 
LOG (lattice-best-path:main():lattice-best-path.cc:99) For utterance F07UP60A0949I300, best cost 25.7012 + 2811.35 = 2837.05 over 498 frames.
F07UP60A0949I300 nahiin 
LOG (lattice-best-path:main():lattice-best-path.cc:99) For utterance F07UP60A0949I302, best cost 24.4465 + 2647.74 = 2672.18 over 498 frames.
F07UP60A0949I302 nahiin 
LOG (lattice-best-path:main():lattice-best-path.cc:99) For utterance F07UP60A0949I303, best cost 23.4946 + 2653.12 = 2676.62 over 498 frames.
F07UP60A0949I303 haan 
LOG (lattice-best-path:main():lattice-best-path.cc:99) For utterance F07UP60A0953I41, best cost 17.8816 + 1631.68 = 1649.56 over 298 frames.
F07UP60A0953I41 nahiin 
LOG (lattice-best-path:main():lattice-best-path.cc:99) For utterance F07UP60A0962I427, best cost 18.4769 + 1768.62 = 1787.1 over 298 frames.
F07UP60A0962I427 haan 
LOG (lattice-best-path:main():lattice-best-path.cc:99) For utterance F07UP60A0963I46, best cost 23.2294 + 1833.81 = 1857.03 over 298 frames.
F07UP60A0963I46 haan 
LOG (lattice-best-path:main():lattice-best-path.cc:99) For utterance F07UP64A0395I300, best cost 23.5291 + 2769.78 = 2793.31 over 498 frames.
F07UP64A0395I300 haan 
LOG (lattice-best-path:main():lattice-best-path.cc:99) For utterance F07UP64A0397I301, best cost 13.258 + 3054.03 = 3067.29 over 498 frames.
F07UP64A0397I301 nahiin 
LOG (lattice-best-path:main():lattice-best-path.cc:99) For utterance F07UP64A0402I41, best cost 15.2775 + 1676.26 = 1691.54 over 298 frames.
F07UP64A0402I41 haan 
LOG (lattice-best-path:main():lattice-best-path.cc:99) For utterance F07UP72A0728I300, best cost 20.12 + 2989.89 = 3010.01 over 498 frames.
F07UP72A0728I300 haan 
LOG (lattice-best-path:main():lattice-best-path.cc:99) For utterance F07UP75A0756I300, best cost 24.5838 + 2786.4 = 2810.99 over 498 frames.
F07UP75A0756I300 nahiin 
LOG (lattice-best-path:main():lattice-best-path.cc:99) For utterance F07UP75A0763I435, best cost 12.9167 + 1607.64 = 1620.55 over 300 frames.
F07UP75A0763I435 nahiin 
LOG (lattice-best-path:main():lattice-best-path.cc:99) For utterance M07UP01A0057I427, best cost 14.9638 + 1884.12 = 1899.09 over 298 frames.
M07UP01A0057I427 haan 
LOG (lattice-best-path:main():lattice-best-path.cc:99) For utterance M07UP01A0062I412, best cost 18.0265 + 1790.38 = 1808.41 over 298 frames.
M07UP01A0062I412 haan 
LOG (lattice-best-path:main():lattice-best-path.cc:99) For utterance M07UP01A0062I45, best cost 16.303 + 1693.05 = 1709.35 over 300 frames.
M07UP01A0062I45 nahiin 
LOG (lattice-best-path:main():lattice-best-path.cc:99) For utterance M07UP01A0063I43, best cost 17.7959 + 1799.34 = 1817.14 over 298 frames.
M07UP01A0063I43 haan 
LOG (lattice-best-path:main():lattice-best-path.cc:99) For utterance M07UP01A0069I413, best cost 18.0448 + 1733.13 = 1751.18 over 298 frames.
M07UP01A0069I413 haan 
LOG (lattice-best-path:main():lattice-best-path.cc:99) For utterance M07UP01A0160I420, best cost 12.6555 + 1723.86 = 1736.52 over 298 frames.
M07UP01A0160I420 nahiin 
LOG (lattice-best-path:main():lattice-best-path.cc:99) For utterance M07UP01A0160I430, best cost 21.61 + 1763.04 = 1784.65 over 298 frames.
M07UP01A0160I430 nahiin 
LOG (lattice-best-path:main():lattice-best-path.cc:99) For utterance M07UP01A0160I47, best cost 12.5659 + 1797.33 = 1809.89 over 298 frames.
M07UP01A0160I47 haan 
LOG (lattice-best-path:main():lattice-best-path.cc:99) For utterance M07UP02A0321I47, best cost 14.3118 + 1681.72 = 1696.04 over 300 frames.
M07UP02A0321I47 nahiin 
LOG (lattice-best-path:main():lattice-best-path.cc:99) For utterance M07UP02A0323I300, best cost 11.7244 + 2741.93 = 2753.66 over 498 frames.
M07UP02A0323I300 nahiin 
LOG (lattice-best-path:main():lattice-best-path.cc:99) For utterance M07UP02A0325I43, best cost 13.5929 + 1829.75 = 1843.34 over 298 frames.
M07UP02A0325I43 nahiin 
LOG (lattice-best-path:main():lattice-best-path.cc:99) For utterance M07UP02A0329I43, best cost 16.0298 + 1602.11 = 1618.14 over 298 frames.
M07UP02A0329I43 haan 
LOG (lattice-best-path:main():lattice-best-path.cc:99) For utterance M07UP02A0330I303, best cost 18.1759 + 2471.15 = 2489.33 over 498 frames.
M07UP02A0330I303 nahiin 
LOG (lattice-best-path:main():lattice-best-path.cc:99) For utterance M07UP02A0333I45, best cost 23.7517 + 1699.18 = 1722.93 over 298 frames.
M07UP02A0333I45 haan 
LOG (lattice-best-path:main():lattice-best-path.cc:99) For utterance M07UP02A0335I301, best cost 14.9013 + 2967.7 = 2982.6 over 498 frames.
M07UP02A0335I301 nahiin 
LOG (lattice-best-path:main():lattice-best-path.cc:99) For utterance M07UP02A0336I44, best cost 16.6956 + 1684.17 = 1700.87 over 290 frames.
M07UP02A0336I44 nahiin 
LOG (lattice-best-path:main():lattice-best-path.cc:99) For utterance M07UP02A0337I41, best cost 19.4113 + 1861.19 = 1880.6 over 298 frames.
M07UP02A0337I41 nahiin 
LOG (lattice-best-path:main():lattice-best-path.cc:99) For utterance M07UP02A0337I44, best cost 14.0844 + 1621.74 = 1635.83 over 298 frames.
M07UP02A0337I44 nahiin 
LOG (lattice-best-path:main():lattice-best-path.cc:99) For utterance M07UP04A1227I45, best cost 18.0346 + 1804.29 = 1822.32 over 298 frames.
M07UP04A1227I45 haan 
LOG (lattice-best-path:main():lattice-best-path.cc:99) For utterance M07UP04A1230I303, best cost 40.2741 + 2883.76 = 2924.03 over 498 frames.
M07UP04A1230I303 nahiin 
LOG (lattice-best-path:main():lattice-best-path.cc:99) For utterance M07UP04A1235I41, best cost 11.3074 + 1831.1 = 1842.41 over 298 frames.
M07UP04A1235I41 haan 
LOG (lattice-best-path:main():lattice-best-path.cc:99) For utterance M07UP04A1235I46, best cost 16.1522 + 1597.52 = 1613.67 over 298 frames.
M07UP04A1235I46 haan 
LOG (lattice-best-path:main():lattice-best-path.cc:99) For utterance M07UP04A1236I303, best cost 30.954 + 2878.21 = 2909.17 over 498 frames.
M07UP04A1236I303 nahiin 
LOG (lattice-best-path:main():lattice-best-path.cc:99) For utterance M07UP04A1239I301, best cost 22.7739 + 2639.2 = 2661.98 over 498 frames.
M07UP04A1239I301 haan 
LOG (lattice-best-path:main():lattice-best-path.cc:99) For utterance M07UP04A1242I410, best cost 17.0313 + 1746.27 = 1763.3 over 298 frames.
M07UP04A1242I410 haan 
LOG (lattice-best-path:main():lattice-best-path.cc:99) For utterance M07UP04A1243I300, best cost 21.6485 + 3071.38 = 3093.02 over 498 frames.
M07UP04A1243I300 nahiin 
LOG (lattice-best-path:main():lattice-best-path.cc:99) For utterance M07UP04A1243I435, best cost 17.5323 + 1717.06 = 1734.59 over 300 frames.
M07UP04A1243I435 haan 
LOG (lattice-best-path:main():lattice-best-path.cc:99) For utterance M07UP04A1244I44, best cost 14.1817 + 1975.85 = 1990.03 over 298 frames.
M07UP04A1244I44 nahiin 
LOG (lattice-best-path:main():lattice-best-path.cc:99) For utterance M07UP04A1245I48, best cost 15.0204 + 1905.51 = 1920.53 over 298 frames.
M07UP04A1245I48 nahiin 
LOG (lattice-best-path:main():lattice-best-path.cc:99) For utterance M07UP05A0903I43, best cost 19.3332 + 1656.11 = 1675.44 over 298 frames.
M07UP05A0903I43 haan 
LOG (lattice-best-path:main():lattice-best-path.cc:99) For utterance M07UP05A0910I300, best cost 25.4278 + 2587.12 = 2612.55 over 498 frames.
M07UP05A0910I300 haan 
LOG (lattice-best-path:main():lattice-best-path.cc:99) For utterance M07UP05A0911I42, best cost 12.1318 + 1779.28 = 1791.41 over 298 frames.
M07UP05A0911I42 haan 
LOG (lattice-best-path:main():lattice-best-path.cc:99) For utterance M07UP05A0914I300, best cost 20.4416 + 2601.4 = 2621.84 over 498 frames.
M07UP05A0914I300 nahiin 
LOG (lattice-best-path:main():lattice-best-path.cc:99) For utterance M07UP05A0914I302, best cost 33.1017 + 2720.29 = 2753.39 over 498 frames.
M07UP05A0914I302 haan 
LOG (lattice-best-path:main():lattice-best-path.cc:99) For utterance M07UP05A0915I301, best cost 15.9425 + 2660.18 = 2676.12 over 498 frames.
M07UP05A0915I301 haan 
LOG (lattice-best-path:main():lattice-best-path.cc:99) For utterance M07UP05A0916I43, best cost 24.5166 + 1723.29 = 1747.8 over 298 frames.
M07UP05A0916I43 haan 
LOG (lattice-best-path:main():lattice-best-path.cc:99) For utterance M07UP05A0920I411, best cost 16.1733 + 1698.12 = 1714.29 over 298 frames.
M07UP05A0920I411 nahiin 
LOG (lattice-best-path:main():lattice-best-path.cc:99) For utterance M07UP06A0427I301, best cost 14.6966 + 2396.65 = 2411.35 over 498 frames.
M07UP06A0427I301 haan 
LOG (lattice-best-path:main():lattice-best-path.cc:99) For utterance M07UP06A0428I41, best cost 12.1852 + 1802.89 = 1815.08 over 298 frames.
M07UP06A0428I41 haan 
LOG (lattice-best-path:main():lattice-best-path.cc:99) For utterance M07UP06A0429I411, best cost 13.2863 + 1619.46 = 1632.75 over 298 frames.
M07UP06A0429I411 nahiin 
LOG (lattice-best-path:main():lattice-best-path.cc:99) For utterance M07UP06A0433I301, best cost 22.5906 + 2645.66 = 2668.25 over 498 frames.
M07UP06A0433I301 haan 
LOG (lattice-best-path:main():lattice-best-path.cc:99) For utterance M07UP06A0433I40, best cost 19.6762 + 1725.62 = 1745.29 over 298 frames.
M07UP06A0433I40 haan 
LOG (lattice-best-path:main():lattice-best-path.cc:99) For utterance M07UP06A0433I41, best cost 20.4061 + 1812.22 = 1832.63 over 298 frames.
M07UP06A0433I41 nahiin 
LOG (lattice-best-path:main():lattice-best-path.cc:99) For utterance M07UP06A0437I42, best cost 11.0326 + 1606.84 = 1617.87 over 298 frames.
M07UP06A0437I42 haan 
LOG (lattice-best-path:main():lattice-best-path.cc:99) For utterance M07UP06A0438I41, best cost 15.8535 + 1617.63 = 1633.49 over 298 frames.
M07UP06A0438I41 nahiin 
LOG (lattice-best-path:main():lattice-best-path.cc:99) For utterance M07UP06A0442I41, best cost 14.2324 + 1823.32 = 1837.55 over 298 frames.
M07UP06A0442I41 haan 
LOG (lattice-best-path:main():lattice-best-path.cc:99) For utterance M07UP06A0442I42, best cost 14.5679 + 1734.38 = 1748.95 over 300 frames.
M07UP06A0442I42 haan 
LOG (lattice-best-path:main():lattice-best-path.cc:99) For utterance M07UP06A0444I43, best cost 20.0808 + 1558.31 = 1578.39 over 298 frames.
M07UP06A0444I43 haan 
LOG (lattice-best-path:main():lattice-best-path.cc:99) For utterance M07UP06A0445I301, best cost 17.7813 + 2850.8 = 2868.58 over 490 frames.
M07UP06A0445I301 haan 
LOG (lattice-best-path:main():lattice-best-path.cc:99) For utterance M07UP06A0447I41, best cost 17.4527 + 1605.99 = 1623.44 over 298 frames.
M07UP06A0447I41 nahiin 
LOG (lattice-best-path:main():lattice-best-path.cc:99) For utterance M07UP07A0134I42, best cost 11.315 + 1596.32 = 1607.63 over 298 frames.
M07UP07A0134I42 haan 
LOG (lattice-best-path:main():lattice-best-path.cc:99) For utterance M07UP07A0134I436, best cost 12.6256 + 1743.02 = 1755.65 over 298 frames.
M07UP07A0134I436 haan 
LOG (lattice-best-path:main():lattice-best-path.cc:99) For utterance M07UP07A0136I410, best cost 13.274 + 1845.49 = 1858.77 over 298 frames.
M07UP07A0136I410 haan 
LOG (lattice-best-path:main():lattice-best-path.cc:99) For utterance M07UP07A0136I438, best cost 22.4051 + 1770.92 = 1793.32 over 298 frames.
M07UP07A0136I438 nahiin 
LOG (lattice-best-path:main():lattice-best-path.cc:99) For utterance M07UP07A0138I414, best cost 7.69068 + 1495.34 = 1503.03 over 298 frames.
M07UP07A0138I414 haan 
LOG (lattice-best-path:main():lattice-best-path.cc:99) For utterance M07UP07A0139I42, best cost 12.0469 + 1731.76 = 1743.8 over 298 frames.
M07UP07A0139I42 haan 
LOG (lattice-best-path:main():lattice-best-path.cc:99) For utterance M07UP07A0142I43, best cost 10.0199 + 1861.67 = 1871.69 over 298 frames.
M07UP07A0142I43 haan 
LOG (lattice-best-path:main():lattice-best-path.cc:99) For utterance M07UP07A0143I45, best cost 13.5782 + 1754.09 = 1767.66 over 298 frames.
M07UP07A0143I45 haan 
LOG (lattice-best-path:main():lattice-best-path.cc:99) For utterance M07UP07A0145I436, best cost 12.8549 + 1580.32 = 1593.17 over 298 frames.
M07UP07A0145I436 haan 
LOG (lattice-best-path:main():lattice-best-path.cc:99) For utterance M07UP09A0483I300, best cost 12.3381 + 2545.29 = 2557.63 over 498 frames.
M07UP09A0483I300 nahiin 
LOG (lattice-best-path:main():lattice-best-path.cc:99) For utterance M07UP09A0485I43, best cost 19.4753 + 1732.27 = 1751.74 over 298 frames.
M07UP09A0485I43 haan 
LOG (lattice-best-path:main():lattice-best-path.cc:99) For utterance M07UP09A0488I43, best cost 15.5875 + 1848.98 = 1864.57 over 298 frames.
M07UP09A0488I43 haan 
LOG (lattice-best-path:main():lattice-best-path.cc:99) For utterance M07UP09A0489I300, best cost 19.0017 + 2692.75 = 2711.75 over 498 frames.
M07UP09A0489I300 nahiin 
LOG (lattice-best-path:main():lattice-best-path.cc:99) For utterance M07UP09A0490I301, best cost 14.446 + 2574.15 = 2588.59 over 498 frames.
M07UP09A0490I301 nahiin 
LOG (lattice-best-path:main():lattice-best-path.cc:99) For utterance M07UP09A0494I300, best cost 17.9424 + 2694 = 2711.94 over 498 frames.
M07UP09A0494I300 nahiin 
LOG (lattice-best-path:main():lattice-best-path.cc:99) For utterance M07UP09A0495I301, best cost 19.5473 + 2647.17 = 2666.72 over 498 frames.
M07UP09A0495I301 nahiin 
LOG (lattice-best-path:main():lattice-best-path.cc:99) For utterance M07UP09A0495I41, best cost 15.621 + 1764.59 = 1780.22 over 298 frames.
M07UP09A0495I41 nahiin 
LOG (lattice-best-path:main():lattice-best-path.cc:99) For utterance M07UP09A0496I303, best cost 15.0667 + 2572.06 = 2587.13 over 498 frames.
M07UP09A0496I303 haan 
LOG (lattice-best-path:main():lattice-best-path.cc:99) For utterance M07UP09A0499I43, best cost 12.6989 + 1507.31 = 1520.01 over 298 frames.
M07UP09A0499I43 nahiin 
LOG (lattice-best-path:main():lattice-best-path.cc:99) For utterance M07UP09A0500I42, best cost 17.7774 + 1817.64 = 1835.41 over 298 frames.
M07UP09A0500I42 haan 
LOG (lattice-best-path:main():lattice-best-path.cc:99) For utterance M07UP09A0500I44, best cost 17.6811 + 1644.36 = 1662.04 over 298 frames.
M07UP09A0500I44 haan 
LOG (lattice-best-path:main():lattice-best-path.cc:99) For utterance M07UP09A0503I301, best cost 16.1772 + 2803.38 = 2819.55 over 498 frames.
M07UP09A0503I301 nahiin 
LOG (lattice-best-path:main():lattice-best-path.cc:99) For utterance M07UP09A0505I300, best cost 24.5509 + 3027.55 = 3052.1 over 498 frames.
M07UP09A0505I300 haan 
LOG (lattice-best-path:main():lattice-best-path.cc:99) For utterance M07UP09A0505I504, best cost 18.6727 + 1741.57 = 1760.24 over 298 frames.
M07UP09A0505I504 nahiin 
LOG (lattice-best-path:main():lattice-best-path.cc:99) For utterance M07UP11A1317I41, best cost 14.1785 + 1583.75 = 1597.93 over 298 frames.
M07UP11A1317I41 haan 
LOG (lattice-best-path:main():lattice-best-path.cc:99) For utterance M07UP11A1319I300, best cost 31.0456 + 2654.44 = 2685.48 over 498 frames.
M07UP11A1319I300 nahiin 
LOG (lattice-best-path:main():lattice-best-path.cc:99) For utterance M07UP11A1328I301, best cost 27.015 + 2635.25 = 2662.26 over 498 frames.
M07UP11A1328I301 nahiin 
LOG (lattice-best-path:main():lattice-best-path.cc:99) For utterance M07UP11A1337I301, best cost 20.8338 + 2655.4 = 2676.23 over 498 frames.
M07UP11A1337I301 nahiin 
LOG (lattice-best-path:main():lattice-best-path.cc:99) For utterance M07UP11A1349I303, best cost 22.4464 + 2961.6 = 2984.05 over 498 frames.
M07UP11A1349I303 nahiin 
LOG (lattice-best-path:main():lattice-best-path.cc:99) For utterance M07UP11A1351I302, best cost 26.4575 + 2755.82 = 2782.27 over 498 frames.
M07UP11A1351I302 nahiin 
LOG (lattice-best-path:main():lattice-best-path.cc:99) For utterance M07UP11A1352I427, best cost 14.609 + 1628.29 = 1642.9 over 298 frames.
M07UP11A1352I427 nahiin 
LOG (lattice-best-path:main():lattice-best-path.cc:99) For utterance M07UP11A1352I429, best cost 13.2526 + 1624.55 = 1637.8 over 298 frames.
M07UP11A1352I429 haan 
LOG (lattice-best-path:main():lattice-best-path.cc:99) For utterance M07UP13A0882I300, best cost 17.4736 + 2963.52 = 2981 over 498 frames.
M07UP13A0882I300 haan 
LOG (lattice-best-path:main():lattice-best-path.cc:99) For utterance M07UP13A0882I301, best cost 19.3531 + 3018.34 = 3037.7 over 498 frames.
M07UP13A0882I301 haan 
LOG (lattice-best-path:main():lattice-best-path.cc:99) For utterance M07UP13A0884I303, best cost 19.8196 + 3010.3 = 3030.12 over 498 frames.
M07UP13A0884I303 haan 
LOG (lattice-best-path:main():lattice-best-path.cc:99) For utterance M07UP13A0888I41, best cost 12.0248 + 1724.77 = 1736.79 over 298 frames.
M07UP13A0888I41 haan 
LOG (lattice-best-path:main():lattice-best-path.cc:99) For utterance M07UP13A0889I41, best cost 19.1973 + 1926.51 = 1945.71 over 298 frames.
M07UP13A0889I41 haan 
LOG (lattice-best-path:main():lattice-best-path.cc:99) For utterance M07UP13A0890I43, best cost 15.5615 + 1941.16 = 1956.72 over 298 frames.
M07UP13A0890I43 haan 
LOG (lattice-best-path:main():lattice-best-path.cc:99) For utterance M07UP13A0897I302, best cost 29.3712 + 2870.08 = 2899.45 over 498 frames.
M07UP13A0897I302 haan 
LOG (lattice-best-path:main():lattice-best-path.cc:99) For utterance M07UP13A0897I41, best cost 16.0009 + 1686.73 = 1702.73 over 298 frames.
M07UP13A0897I41 haan 
LOG (lattice-best-path:main():lattice-best-path.cc:99) For utterance M07UP13A0898I303, best cost 22.4841 + 2960.34 = 2982.83 over 498 frames.
M07UP13A0898I303 nahiin 
LOG (lattice-best-path:main():lattice-best-path.cc:99) For utterance M07UP13A0900I436, best cost 11.7445 + 1709.88 = 1721.62 over 298 frames.
M07UP13A0900I436 haan 
LOG (lattice-best-path:main():lattice-best-path.cc:99) For utterance M07UP14A0572I301, best cost 21.2585 + 2630.47 = 2651.73 over 498 frames.
M07UP14A0572I301 haan 
LOG (lattice-best-path:main():lattice-best-path.cc:99) For utterance M07UP14A0576I41, best cost 16.8195 + 1771.75 = 1788.57 over 298 frames.
M07UP14A0576I41 haan 
LOG (lattice-best-path:main():lattice-best-path.cc:99) For utterance M07UP14A0583I300, best cost 22.7258 + 2964.64 = 2987.37 over 498 frames.
M07UP14A0583I300 nahiin 
LOG (lattice-best-path:main():lattice-best-path.cc:99) For utterance M07UP14A0588I41, best cost 18.1399 + 1755.98 = 1774.12 over 300 frames.
M07UP14A0588I41 nahiin 
LOG (lattice-best-path:main():lattice-best-path.cc:99) For utterance M07UP14A0590I300, best cost 20.1245 + 2732.29 = 2752.42 over 498 frames.
M07UP14A0590I300 nahiin 
LOG (lattice-best-path:main():lattice-best-path.cc:99) For utterance M07UP14A0590I43, best cost 18.8157 + 1756.22 = 1775.03 over 298 frames.
M07UP14A0590I43 nahiin 
LOG (lattice-best-path:main():lattice-best-path.cc:99) For utterance M07UP14A0591I302, best cost 13.0099 + 2648.34 = 2661.35 over 498 frames.
M07UP14A0591I302 nahiin 
LOG (lattice-best-path:main():lattice-best-path.cc:99) For utterance M07UP14A0591I303, best cost 16.5609 + 2979.62 = 2996.18 over 498 frames.
M07UP14A0591I303 nahiin 
LOG (lattice-best-path:main():lattice-best-path.cc:99) For utterance M07UP18A0362I47, best cost 14.7194 + 1712.8 = 1727.52 over 298 frames.
M07UP18A0362I47 nahiin 
LOG (lattice-best-path:main():lattice-best-path.cc:99) For utterance M07UP18A0363I300, best cost 22.0747 + 2704 = 2726.07 over 498 frames.
M07UP18A0363I300 nahiin 
LOG (lattice-best-path:main():lattice-best-path.cc:99) For utterance M07UP18A0363I302, best cost 21.4481 + 2626.36 = 2647.81 over 498 frames.
M07UP18A0363I302 nahiin 
LOG (lattice-best-path:main():lattice-best-path.cc:99) For utterance M07UP18A0365I42, best cost 15.4183 + 1645.3 = 1660.72 over 298 frames.
M07UP18A0365I42 haan 
LOG (lattice-best-path:main():lattice-best-path.cc:99) For utterance M07UP18A0366I41, best cost 17.8101 + 1720.24 = 1738.05 over 298 frames.
M07UP18A0366I41 nahiin 
LOG (lattice-best-path:main():lattice-best-path.cc:99) For utterance M07UP18A0367I43, best cost 12.4988 + 1737.84 = 1750.34 over 298 frames.
M07UP18A0367I43 haan 
LOG (lattice-best-path:main():lattice-best-path.cc:99) For utterance M07UP18A0368I301, best cost 27.6494 + 2909.38 = 2937.03 over 498 frames.
M07UP18A0368I301 haan 
LOG (lattice-best-path:main():lattice-best-path.cc:99) For utterance M07UP18A0368I49, best cost 13.5531 + 1752.06 = 1765.61 over 298 frames.
M07UP18A0368I49 nahiin 
LOG (lattice-best-path:main():lattice-best-path.cc:99) For utterance M07UP18A0369I48, best cost 20.7191 + 1910.53 = 1931.25 over 298 frames.
M07UP18A0369I48 haan 
LOG (lattice-best-path:main():lattice-best-path.cc:99) For utterance M07UP18A0371I300, best cost 20.7565 + 3044.86 = 3065.61 over 498 frames.
M07UP18A0371I300 nahiin 
LOG (lattice-best-path:main():lattice-best-path.cc:99) For utterance M07UP18A0374I300, best cost 21.0963 + 3251.89 = 3272.98 over 498 frames.
M07UP18A0374I300 nahiin 
LOG (lattice-best-path:main():lattice-best-path.cc:99) For utterance M07UP18A0374I48, best cost 19.3314 + 1873.63 = 1892.96 over 298 frames.
M07UP18A0374I48 nahiin 
LOG (lattice-best-path:main():lattice-best-path.cc:99) For utterance M07UP18A0375I45, best cost 15.4064 + 1845.45 = 1860.86 over 298 frames.
M07UP18A0375I45 nahiin 
LOG (lattice-best-path:main():lattice-best-path.cc:99) For utterance M07UP18A0376I43, best cost 15.7854 + 1634.03 = 1649.82 over 298 frames.
M07UP18A0376I43 nahiin 
LOG (lattice-best-path:main():lattice-best-path.cc:99) For utterance M07UP18A0376I49, best cost 17.5132 + 1644.72 = 1662.23 over 298 frames.
M07UP18A0376I49 haan 
LOG (lattice-best-path:main():lattice-best-path.cc:99) For utterance M07UP18A0378I302, best cost 18.8233 + 3233.07 = 3251.9 over 498 frames.
M07UP18A0378I302 nahiin 
LOG (lattice-best-path:main():lattice-best-path.cc:99) For utterance M07UP18A0380I300, best cost 21.2119 + 2930.53 = 2951.75 over 498 frames.
M07UP18A0380I300 nahiin 
LOG (lattice-best-path:main():lattice-best-path.cc:99) For utterance M07UP19A0341I48, best cost 10.8179 + 1544.02 = 1554.84 over 298 frames.
M07UP19A0341I48 haan 
LOG (lattice-best-path:main():lattice-best-path.cc:99) For utterance M07UP19A0345I300, best cost 20.9397 + 3207.66 = 3228.6 over 490 frames.
M07UP19A0345I300 haan 
LOG (lattice-best-path:main():lattice-best-path.cc:99) For utterance M07UP19A0345I45, best cost 15.6592 + 1648.83 = 1664.49 over 298 frames.
M07UP19A0345I45 haan 
LOG (lattice-best-path:main():lattice-best-path.cc:99) For utterance M07UP19A0346I301, best cost 24.0622 + 3077.26 = 3101.32 over 498 frames.
M07UP19A0346I301 haan 
LOG (lattice-best-path:main():lattice-best-path.cc:99) For utterance M07UP19A0348I301, best cost 30.2562 + 2720.77 = 2751.03 over 498 frames.
M07UP19A0348I301 nahiin 
LOG (lattice-best-path:main():lattice-best-path.cc:99) For utterance M07UP19A0354I301, best cost 22.2682 + 3146.56 = 3168.82 over 498 frames.
M07UP19A0354I301 nahiin 
LOG (lattice-best-path:main():lattice-best-path.cc:99) For utterance M07UP19A0354I303, best cost 23.8584 + 3059.05 = 3082.91 over 498 frames.
M07UP19A0354I303 nahiin 
LOG (lattice-best-path:main():lattice-best-path.cc:99) For utterance M07UP19A0356I43, best cost 16.7772 + 1719.45 = 1736.23 over 298 frames.
M07UP19A0356I43 haan 
LOG (lattice-best-path:main():lattice-best-path.cc:99) For utterance M07UP19A0357I300, best cost 18.8778 + 2841.01 = 2859.88 over 498 frames.
M07UP19A0357I300 nahiin 
LOG (lattice-best-path:main():lattice-best-path.cc:99) For utterance M07UP19A0358I303, best cost 26.307 + 2695.38 = 2721.69 over 498 frames.
M07UP19A0358I303 nahiin 
LOG (lattice-best-path:main():lattice-best-path.cc:99) For utterance M07UP19A0359I40, best cost 12.1699 + 1596.51 = 1608.68 over 298 frames.
M07UP19A0359I40 nahiin 
LOG (lattice-best-path:main():lattice-best-path.cc:99) For utterance M07UP20A0734I300, best cost 21.2006 + 2818.03 = 2839.23 over 498 frames.
M07UP20A0734I300 nahiin 
LOG (lattice-best-path:main():lattice-best-path.cc:99) For utterance M07UP20A0739I44, best cost 14.2653 + 1636.89 = 1651.16 over 298 frames.
M07UP20A0739I44 haan 
LOG (lattice-best-path:main():lattice-best-path.cc:99) For utterance M07UP20A0739I45, best cost 14.0226 + 1585.03 = 1599.05 over 300 frames.
M07UP20A0739I45 nahiin 
LOG (lattice-best-path:main():lattice-best-path.cc:99) For utterance M07UP20A0740I302, best cost 19.607 + 2729.12 = 2748.73 over 498 frames.
M07UP20A0740I302 nahiin 
LOG (lattice-best-path:main():lattice-best-path.cc:99) For utterance M07UP20A0742I302, best cost 15.6282 + 2501.48 = 2517.11 over 498 frames.
M07UP20A0742I302 nahiin 
LOG (lattice-best-path:main():lattice-best-path.cc:99) For utterance M07UP20A0750I40, best cost 23.3688 + 1729.01 = 1752.38 over 298 frames.
M07UP20A0750I40 nahiin 
LOG (lattice-best-path:main():lattice-best-path.cc:99) For utterance M07UP20A0753I43, best cost 14.5174 + 1873.62 = 1888.14 over 298 frames.
M07UP20A0753I43 nahiin 
LOG (lattice-best-path:main():lattice-best-path.cc:99) For utterance M07UP21A0593I302, best cost 24.6331 + 2985.49 = 3010.12 over 498 frames.
M07UP21A0593I302 nahiin 
LOG (lattice-best-path:main():lattice-best-path.cc:99) For utterance M07UP21A0598I41, best cost 22.5478 + 1665.37 = 1687.91 over 298 frames.
M07UP21A0598I41 haan 
LOG (lattice-best-path:main():lattice-best-path.cc:99) For utterance M07UP21A0600I300, best cost 25.5048 + 2913.17 = 2938.67 over 498 frames.
M07UP21A0600I300 nahiin 
LOG (lattice-best-path:main():lattice-best-path.cc:99) For utterance M07UP21A0600I42, best cost 23.1707 + 1667.37 = 1690.54 over 298 frames.
M07UP21A0600I42 nahiin 
LOG (lattice-best-path:main():lattice-best-path.cc:99) For utterance M07UP21A0606I301, best cost 33.0195 + 2920.82 = 2953.84 over 498 frames.
M07UP21A0606I301 haan 
LOG (lattice-best-path:main():lattice-best-path.cc:99) For utterance M07UP21A0606I302, best cost 15.5134 + 3081.98 = 3097.49 over 498 frames.
M07UP21A0606I302 haan 
LOG (lattice-best-path:main():lattice-best-path.cc:99) For utterance M07UP21A0607I301, best cost 28.0762 + 2787.01 = 2815.09 over 498 frames.
M07UP21A0607I301 nahiin 
LOG (lattice-best-path:main():lattice-best-path.cc:99) For utterance M07UP22A1323I47, best cost 10.4526 + 1475.32 = 1485.77 over 298 frames.
M07UP22A1323I47 nahiin 
LOG (lattice-best-path:main():lattice-best-path.cc:99) For utterance M07UP22A1326I300, best cost 21.788 + 2780.93 = 2802.71 over 498 frames.
M07UP22A1326I300 nahiin 
LOG (lattice-best-path:main():lattice-best-path.cc:99) For utterance M07UP22A1342I301, best cost 25.2026 + 2593.52 = 2618.72 over 498 frames.
M07UP22A1342I301 nahiin 
LOG (lattice-best-path:main():lattice-best-path.cc:99) For utterance M07UP22A1347I43, best cost 15.0263 + 1923.04 = 1938.07 over 298 frames.
M07UP22A1347I43 haan 
LOG (lattice-best-path:main():lattice-best-path.cc:99) For utterance M07UP22A1347I47, best cost 16.6832 + 1862.67 = 1879.35 over 300 frames.
M07UP22A1347I47 nahiin 
LOG (lattice-best-path:main():lattice-best-path.cc:99) For utterance M07UP22A1355I301, best cost 20.0551 + 2986.83 = 3006.89 over 498 frames.
M07UP22A1355I301 haan 
LOG (lattice-best-path:main():lattice-best-path.cc:99) For utterance M07UP22A1355I47, best cost 17.0324 + 1683 = 1700.03 over 298 frames.
M07UP22A1355I47 haan 
LOG (lattice-best-path:main():lattice-best-path.cc:99) For utterance M07UP22A1357I300, best cost 24.9573 + 2727.39 = 2752.34 over 498 frames.
M07UP22A1357I300 nahiin 
LOG (lattice-best-path:main():lattice-best-path.cc:99) For utterance M07UP22A1357I45, best cost 12.4642 + 1630.08 = 1642.55 over 298 frames.
M07UP22A1357I45 haan 
LOG (lattice-best-path:main():lattice-best-path.cc:99) For utterance M07UP22A1357I47, best cost 12.8714 + 1663.68 = 1676.56 over 298 frames.
M07UP22A1357I47 nahiin 
LOG (lattice-best-path:main():lattice-best-path.cc:99) For utterance M07UP23A0224I44, best cost 15.1221 + 1881.13 = 1896.26 over 298 frames.
M07UP23A0224I44 haan 
LOG (lattice-best-path:main():lattice-best-path.cc:99) For utterance M07UP23A0233I43, best cost 12.422 + 1563.07 = 1575.49 over 298 frames.
M07UP23A0233I43 haan 
LOG (lattice-best-path:main():lattice-best-path.cc:99) For utterance M07UP23A0234I41, best cost 18.8665 + 1899.61 = 1918.48 over 298 frames.
M07UP23A0234I41 nahiin 
LOG (lattice-best-path:main():lattice-best-path.cc:99) For utterance M07UP23A0235I42, best cost 11.2673 + 1888.11 = 1899.38 over 298 frames.
M07UP23A0235I42 nahiin 
LOG (lattice-best-path:main():lattice-best-path.cc:99) For utterance M07UP23A0236I43, best cost 17.398 + 1760.51 = 1777.9 over 298 frames.
M07UP23A0236I43 nahiin 
LOG (lattice-best-path:main():lattice-best-path.cc:99) For utterance M07UP23A0239I40, best cost 8.51887 + 1836.51 = 1845.03 over 298 frames.
M07UP23A0239I40 nahiin 
LOG (lattice-best-path:main():lattice-best-path.cc:99) For utterance M07UP23A0242I42, best cost 18.412 + 1808.12 = 1826.54 over 298 frames.
M07UP23A0242I42 haan 
LOG (lattice-best-path:main():lattice-best-path.cc:99) For utterance M07UP24A0171I300, best cost 21.1075 + 2864.32 = 2885.43 over 498 frames.
M07UP24A0171I300 haan 
LOG (lattice-best-path:main():lattice-best-path.cc:99) For utterance M07UP24A0172I45, best cost 14.5372 + 1787.99 = 1802.53 over 298 frames.
M07UP24A0172I45 haan 
LOG (lattice-best-path:main():lattice-best-path.cc:99) For utterance M07UP24A0172I49, best cost 12.5914 + 1806.18 = 1818.77 over 298 frames.
M07UP24A0172I49 nahiin 
LOG (lattice-best-path:main():lattice-best-path.cc:99) For utterance M07UP24A0173I44, best cost 16.9948 + 1597.8 = 1614.8 over 298 frames.
M07UP24A0173I44 nahiin 
LOG (lattice-best-path:main():lattice-best-path.cc:99) For utterance M07UP24A0173I46, best cost 10.5624 + 1515.63 = 1526.19 over 298 frames.
M07UP24A0173I46 nahiin 
LOG (lattice-best-path:main():lattice-best-path.cc:99) For utterance M07UP24A0175I301, best cost 27.0397 + 2746.71 = 2773.75 over 498 frames.
M07UP24A0175I301 haan 
LOG (lattice-best-path:main():lattice-best-path.cc:99) For utterance M07UP24A0177F606, best cost 24.9376 + 5284.29 = 5309.23 over 998 frames.
M07UP24A0177F606 nahiin 
LOG (lattice-best-path:main():lattice-best-path.cc:99) For utterance M07UP24A0179I302, best cost 20.2859 + 2738.79 = 2759.07 over 498 frames.
M07UP24A0179I302 haan 
LOG (lattice-best-path:main():lattice-best-path.cc:99) For utterance M07UP24A0181I301, best cost 17.5688 + 3114.37 = 3131.94 over 498 frames.
M07UP24A0181I301 haan 
LOG (lattice-best-path:main():lattice-best-path.cc:99) For utterance M07UP24A0181I42, best cost 15.1043 + 1810.89 = 1826 over 298 frames.
M07UP24A0181I42 nahiin 
LOG (lattice-best-path:main():lattice-best-path.cc:99) For utterance M07UP24A0181I48, best cost 13.5455 + 1751.89 = 1765.43 over 298 frames.
M07UP24A0181I48 haan 
LOG (lattice-best-path:main():lattice-best-path.cc:99) For utterance M07UP24A0185I303, best cost 21.9074 + 2906.78 = 2928.69 over 498 frames.
M07UP24A0185I303 nahiin 
LOG (lattice-best-path:main():lattice-best-path.cc:99) For utterance M07UP24A0188I302, best cost 21.3287 + 2811.75 = 2833.08 over 498 frames.
M07UP24A0188I302 haan 
LOG (lattice-best-path:main():lattice-best-path.cc:99) For utterance M07UP24A0191I300, best cost 16.3608 + 2645.83 = 2662.19 over 498 frames.
M07UP24A0191I300 haan 
LOG (lattice-best-path:main():lattice-best-path.cc:99) For utterance M07UP25A1205I302, best cost 24.0212 + 3083.18 = 3107.2 over 498 frames.
M07UP25A1205I302 nahiin 
LOG (lattice-best-path:main():lattice-best-path.cc:99) For utterance M07UP25A1205I43, best cost 16.1037 + 1828.41 = 1844.51 over 298 frames.
M07UP25A1205I43 haan 
LOG (lattice-best-path:main():lattice-best-path.cc:99) For utterance M07UP25A1206I45, best cost 18.4229 + 1781.15 = 1799.58 over 298 frames.
M07UP25A1206I45 nahiin 
LOG (lattice-best-path:main():lattice-best-path.cc:99) For utterance M07UP25A1209I41, best cost 15.5424 + 1745.05 = 1760.59 over 298 frames.
M07UP25A1209I41 haan 
LOG (lattice-best-path:main():lattice-best-path.cc:99) For utterance M07UP25A1216I41, best cost 14.782 + 1903.82 = 1918.6 over 298 frames.
M07UP25A1216I41 haan 
LOG (lattice-best-path:main():lattice-best-path.cc:99) For utterance M07UP25A1220I300, best cost 34.9542 + 2849.9 = 2884.86 over 498 frames.
M07UP25A1220I300 haan 
LOG (lattice-best-path:main():lattice-best-path.cc:99) For utterance M07UP25A1220I42, best cost 19.2065 + 1717.82 = 1737.03 over 298 frames.
M07UP25A1220I42 nahiin 
LOG (lattice-best-path:main():lattice-best-path.cc:99) For utterance M07UP25A1261I302, best cost 23.6643 + 3108.18 = 3131.84 over 500 frames.
M07UP25A1261I302 haan 
LOG (lattice-best-path:main():lattice-best-path.cc:99) For utterance M07UP26A0214I42, best cost 12.3994 + 1919.2 = 1931.6 over 298 frames.
M07UP26A0214I42 nahiin 
LOG (lattice-best-path:main():lattice-best-path.cc:99) For utterance M07UP26A0255I48, best cost 17.3039 + 1718.95 = 1736.26 over 300 frames.
M07UP26A0255I48 haan 
LOG (lattice-best-path:main():lattice-best-path.cc:99) For utterance M07UP26A0257I47, best cost 12.6244 + 1545.47 = 1558.09 over 298 frames.
M07UP26A0257I47 haan 
LOG (lattice-best-path:main():lattice-best-path.cc:99) For utterance M07UP26A0258I414, best cost 18.9953 + 1649.76 = 1668.76 over 298 frames.
M07UP26A0258I414 haan 
LOG (lattice-best-path:main():lattice-best-path.cc:99) For utterance M07UP26A0261I47, best cost 12.655 + 1683.72 = 1696.37 over 298 frames.
M07UP26A0261I47 nahiin 
LOG (lattice-best-path:main():lattice-best-path.cc:99) For utterance M07UP26A0262I41, best cost 12.0635 + 1841.34 = 1853.4 over 298 frames.
M07UP26A0262I41 nahiin 
LOG (lattice-best-path:main():lattice-best-path.cc:99) For utterance M07UP26A0263I43, best cost 14.5322 + 1591.19 = 1605.72 over 298 frames.
M07UP26A0263I43 haan 
LOG (lattice-best-path:main():lattice-best-path.cc:99) For utterance M07UP26A0267I44, best cost 12.39 + 1678.64 = 1691.03 over 298 frames.
M07UP26A0267I44 haan 
LOG (lattice-best-path:main():lattice-best-path.cc:99) For utterance M07UP26A0269I47, best cost 15.547 + 1847.01 = 1862.55 over 298 frames.
M07UP26A0269I47 nahiin 
LOG (lattice-best-path:main():lattice-best-path.cc:99) For utterance M07UP26A0270I42, best cost 17.6261 + 1788.19 = 1805.82 over 298 frames.
M07UP26A0270I42 haan 
LOG (lattice-best-path:main():lattice-best-path.cc:99) For utterance M07UP26A0272I44, best cost 11.122 + 1488.66 = 1499.79 over 298 frames.
M07UP26A0272I44 nahiin 
LOG (lattice-best-path:main():lattice-best-path.cc:99) For utterance M07UP27A0641I438, best cost 14.4562 + 1670.08 = 1684.54 over 298 frames.
M07UP27A0641I438 nahiin 
LOG (lattice-best-path:main():lattice-best-path.cc:99) For utterance M07UP27A0647I41, best cost 13.5105 + 1669.4 = 1682.91 over 298 frames.
M07UP27A0647I41 haan 
LOG (lattice-best-path:main():lattice-best-path.cc:99) For utterance M07UP27A0647I43, best cost 16.3721 + 1702.43 = 1718.8 over 298 frames.
M07UP27A0647I43 haan 
LOG (lattice-best-path:main():lattice-best-path.cc:99) For utterance M07UP27A0657I303, best cost 21.2333 + 2881.35 = 2902.58 over 498 frames.
M07UP27A0657I303 haan 
LOG (lattice-best-path:main():lattice-best-path.cc:99) For utterance M07UP28A0216I301, best cost 15.3813 + 2953.73 = 2969.11 over 498 frames.
M07UP28A0216I301 nahiin 
LOG (lattice-best-path:main():lattice-best-path.cc:99) For utterance M07UP28A0218I300, best cost 26.7948 + 2813.38 = 2840.18 over 498 frames.
M07UP28A0218I300 nahiin 
LOG (lattice-best-path:main():lattice-best-path.cc:99) For utterance M07UP28A0219I40, best cost 13.1273 + 1696.23 = 1709.36 over 298 frames.
M07UP28A0219I40 haan 
LOG (lattice-best-path:main():lattice-best-path.cc:99) For utterance M07UP28A0219I505, best cost 15.9755 + 1695.55 = 1711.53 over 300 frames.
M07UP28A0219I505 nahiin 
LOG (lattice-best-path:main():lattice-best-path.cc:99) For utterance M07UP28A0225I302, best cost 13.4032 + 2975.02 = 2988.42 over 498 frames.
M07UP28A0225I302 haan 
LOG (lattice-best-path:main():lattice-best-path.cc:99) For utterance M07UP28A0225I40, best cost 23.3214 + 1671.97 = 1695.3 over 298 frames.
M07UP28A0225I40 haan 
LOG (lattice-best-path:main():lattice-best-path.cc:99) For utterance M07UP28A0225I41, best cost 11.5391 + 1985.5 = 1997.04 over 298 frames.
M07UP28A0225I41 nahiin 
LOG (lattice-best-path:main():lattice-best-path.cc:99) For utterance M07UP29A0506I301, best cost 20.304 + 2672.76 = 2693.06 over 498 frames.
M07UP29A0506I301 haan 
LOG (lattice-best-path:main():lattice-best-path.cc:99) For utterance M07UP29A0509I42, best cost 21.1458 + 1743.65 = 1764.79 over 298 frames.
M07UP29A0509I42 nahiin 
LOG (lattice-best-path:main():lattice-best-path.cc:99) For utterance M07UP29A0509I45, best cost 12.8652 + 1703.03 = 1715.89 over 298 frames.
M07UP29A0509I45 nahiin 
LOG (lattice-best-path:main():lattice-best-path.cc:99) For utterance M07UP29A0510I303, best cost 19.2083 + 2761.98 = 2781.18 over 500 frames.
M07UP29A0510I303 haan 
LOG (lattice-best-path:main():lattice-best-path.cc:99) For utterance M07UP29A0510I44, best cost 13.3738 + 1586.29 = 1599.67 over 298 frames.
M07UP29A0510I44 haan 
LOG (lattice-best-path:main():lattice-best-path.cc:99) For utterance M07UP29A0511I301, best cost 14.5112 + 2858.73 = 2873.24 over 498 frames.
M07UP29A0511I301 nahiin 
LOG (lattice-best-path:main():lattice-best-path.cc:99) For utterance M07UP29A0511I42, best cost 13.0706 + 1818.3 = 1831.37 over 298 frames.
M07UP29A0511I42 nahiin 
LOG (lattice-best-path:main():lattice-best-path.cc:99) For utterance M07UP29A0513I44, best cost 13.6091 + 1665.9 = 1679.5 over 298 frames.
M07UP29A0513I44 nahiin 
LOG (lattice-best-path:main():lattice-best-path.cc:99) For utterance M07UP29A0514I41, best cost 16.0879 + 1739.89 = 1755.98 over 298 frames.
M07UP29A0514I41 nahiin 
LOG (lattice-best-path:main():lattice-best-path.cc:99) For utterance M07UP29A0516I41, best cost 13.1087 + 1862.55 = 1875.66 over 298 frames.
M07UP29A0516I41 nahiin 
LOG (lattice-best-path:main():lattice-best-path.cc:99) For utterance M07UP29A0517I303, best cost 18.1518 + 2840.73 = 2858.88 over 498 frames.
M07UP29A0517I303 haan 
LOG (lattice-best-path:main():lattice-best-path.cc:99) For utterance M07UP29A0520I42, best cost 16.4008 + 1606.02 = 1622.42 over 298 frames.
M07UP29A0520I42 nahiin 
LOG (lattice-best-path:main():lattice-best-path.cc:99) For utterance M07UP29A0520I45, best cost 20.4223 + 1764.48 = 1784.9 over 298 frames.
M07UP29A0520I45 nahiin 
LOG (lattice-best-path:main():lattice-best-path.cc:99) For utterance M07UP29A0521I303, best cost 23.4151 + 2754.79 = 2778.2 over 498 frames.
M07UP29A0521I303 haan 
LOG (lattice-best-path:main():lattice-best-path.cc:99) For utterance M07UP29A0521I47, best cost 15.0774 + 1612.22 = 1627.29 over 298 frames.
M07UP29A0521I47 haan 
LOG (lattice-best-path:main():lattice-best-path.cc:99) For utterance M07UP31A1290I43, best cost 14.7671 + 1666.02 = 1680.79 over 298 frames.
M07UP31A1290I43 nahiin 
LOG (lattice-best-path:main():lattice-best-path.cc:99) For utterance M07UP31A1291I42, best cost 20.5203 + 1712.95 = 1733.47 over 298 frames.
M07UP31A1291I42 nahiin 
LOG (lattice-best-path:main():lattice-best-path.cc:99) For utterance M07UP31A1292I301, best cost 21.2477 + 2778.53 = 2799.78 over 498 frames.
M07UP31A1292I301 haan 
LOG (lattice-best-path:main():lattice-best-path.cc:99) For utterance M07UP31A1294I302, best cost 32.2241 + 2702.46 = 2734.69 over 498 frames.
M07UP31A1294I302 nahiin 
LOG (lattice-best-path:main():lattice-best-path.cc:99) For utterance M07UP31A1294I43, best cost 19.7736 + 1738.16 = 1757.93 over 298 frames.
M07UP31A1294I43 nahiin 
LOG (lattice-best-path:main():lattice-best-path.cc:99) For utterance M07UP31A1296I500, best cost 22.833 + 2509.17 = 2532 over 498 frames.
M07UP31A1296I500 nahiin 
LOG (lattice-best-path:main():lattice-best-path.cc:99) For utterance M07UP31A1300I300, best cost 24.3613 + 3155.74 = 3180.1 over 498 frames.
M07UP31A1300I300 haan 
LOG (lattice-best-path:main():lattice-best-path.cc:99) For utterance M07UP31A1302I301, best cost 28.0863 + 2793.82 = 2821.9 over 498 frames.
M07UP31A1302I301 haan 
LOG (lattice-best-path:main():lattice-best-path.cc:99) For utterance M07UP31A1306I302, best cost 33.4053 + 2840.24 = 2873.64 over 498 frames.
M07UP31A1306I302 nahiin 
LOG (lattice-best-path:main():lattice-best-path.cc:99) For utterance M07UP31A1306I303, best cost 17.672 + 3220.25 = 3237.92 over 498 frames.
M07UP31A1306I303 haan 
LOG (lattice-best-path:main():lattice-best-path.cc:99) For utterance M07UP31A1306I43, best cost 12.6765 + 1586.03 = 1598.71 over 298 frames.
M07UP31A1306I43 haan 
LOG (lattice-best-path:main():lattice-best-path.cc:99) For utterance M07UP31A1307I430, best cost 21.4146 + 1723.1 = 1744.52 over 298 frames.
M07UP31A1307I430 nahiin 
LOG (lattice-best-path:main():lattice-best-path.cc:99) For utterance M07UP31A1308I435, best cost 15.1056 + 1711.75 = 1726.86 over 298 frames.
M07UP31A1308I435 nahiin 
LOG (lattice-best-path:main():lattice-best-path.cc:99) For utterance M07UP31A1309I44, best cost 11.6225 + 1911.27 = 1922.9 over 298 frames.
M07UP31A1309I44 nahiin 
LOG (lattice-best-path:main():lattice-best-path.cc:99) For utterance M07UP31A1310I45, best cost 18.1911 + 1834.23 = 1852.42 over 298 frames.
M07UP31A1310I45 nahiin 
LOG (lattice-best-path:main():lattice-best-path.cc:99) For utterance M07UP34A0551I43, best cost 10.861 + 1831.52 = 1842.38 over 300 frames.
M07UP34A0551I43 nahiin 
LOG (lattice-best-path:main():lattice-best-path.cc:99) For utterance M07UP34A0554I301, best cost 18.3861 + 2752.18 = 2770.56 over 498 frames.
M07UP34A0554I301 haan 
LOG (lattice-best-path:main():lattice-best-path.cc:99) For utterance M07UP34A0555I300, best cost 22.9534 + 3146.24 = 3169.19 over 498 frames.
M07UP34A0555I300 haan 
LOG (lattice-best-path:main():lattice-best-path.cc:99) For utterance M07UP34A0558I42, best cost 15.5562 + 1782.44 = 1797.99 over 298 frames.
M07UP34A0558I42 haan 
LOG (lattice-best-path:main():lattice-best-path.cc:99) For utterance M07UP34A0559I303, best cost 27.0908 + 2831.18 = 2858.27 over 498 frames.
M07UP34A0559I303 nahiin 
LOG (lattice-best-path:main():lattice-best-path.cc:99) For utterance M07UP34A0559I44, best cost 20.3686 + 1727.27 = 1747.64 over 298 frames.
M07UP34A0559I44 haan 
LOG (lattice-best-path:main():lattice-best-path.cc:99) For utterance M07UP34A0561I300, best cost 21.5573 + 3152.52 = 3174.07 over 498 frames.
M07UP34A0561I300 haan 
LOG (lattice-best-path:main():lattice-best-path.cc:99) For utterance M07UP34A0563I303, best cost 38.1002 + 2687.63 = 2725.73 over 498 frames.
M07UP34A0563I303 haan 
LOG (lattice-best-path:main():lattice-best-path.cc:99) For utterance M07UP34A0564I43, best cost 14.6154 + 1710.36 = 1724.98 over 298 frames.
M07UP34A0564I43 nahiin 
LOG (lattice-best-path:main():lattice-best-path.cc:99) For utterance M07UP34A0566I301, best cost 21.9531 + 2677.72 = 2699.67 over 498 frames.
M07UP34A0566I301 nahiin 
LOG (lattice-best-path:main():lattice-best-path.cc:99) For utterance M07UP35A0443I41, best cost 16.1018 + 1775.05 = 1791.15 over 298 frames.
M07UP35A0443I41 haan 
LOG (lattice-best-path:main():lattice-best-path.cc:99) For utterance M07UP35A0446I301, best cost 18.6914 + 2895.79 = 2914.48 over 498 frames.
M07UP35A0446I301 nahiin 
LOG (lattice-best-path:main():lattice-best-path.cc:99) For utterance M07UP35A0448I301, best cost 21.1331 + 2635.1 = 2656.23 over 498 frames.
M07UP35A0448I301 nahiin 
LOG (lattice-best-path:main():lattice-best-path.cc:99) For utterance M07UP35A0450I301, best cost 23.2129 + 3108.36 = 3131.58 over 498 frames.
M07UP35A0450I301 haan 
LOG (lattice-best-path:main():lattice-best-path.cc:99) For utterance M07UP35A0452I303, best cost 32.8205 + 2649.87 = 2682.69 over 498 frames.
M07UP35A0452I303 haan 
LOG (lattice-best-path:main():lattice-best-path.cc:99) For utterance M07UP35A0455I303, best cost 29.2823 + 2627.05 = 2656.33 over 498 frames.
M07UP35A0455I303 haan 
LOG (lattice-best-path:main():lattice-best-path.cc:99) For utterance M07UP35A0455I426, best cost 20.9982 + 1799.37 = 1820.37 over 298 frames.
M07UP35A0455I426 nahiin 
LOG (lattice-best-path:main():lattice-best-path.cc:99) For utterance M07UP35A0456I43, best cost 17.0966 + 1731.63 = 1748.73 over 298 frames.
M07UP35A0456I43 haan 
LOG (lattice-best-path:main():lattice-best-path.cc:99) For utterance M07UP35A0457I41, best cost 15.3386 + 1819.38 = 1834.72 over 298 frames.
M07UP35A0457I41 haan 
LOG (lattice-best-path:main():lattice-best-path.cc:99) For utterance M07UP35A0459I303, best cost 16.4095 + 2737.4 = 2753.81 over 498 frames.
M07UP35A0459I303 haan 
LOG (lattice-best-path:main():lattice-best-path.cc:99) For utterance M07UP36A0825I301, best cost 34.655 + 2851.41 = 2886.06 over 498 frames.
M07UP36A0825I301 nahiin 
LOG (lattice-best-path:main():lattice-best-path.cc:99) For utterance M07UP36A0825I40, best cost 22.568 + 1678.89 = 1701.46 over 298 frames.
M07UP36A0825I40 haan 
LOG (lattice-best-path:main():lattice-best-path.cc:99) For utterance M07UP36A0827I300, best cost 29.0978 + 2592.96 = 2622.05 over 498 frames.
M07UP36A0827I300 haan 
LOG (lattice-best-path:main():lattice-best-path.cc:99) For utterance M07UP36A0829I302, best cost 20.4834 + 2836.59 = 2857.07 over 498 frames.
M07UP36A0829I302 haan 
LOG (lattice-best-path:main():lattice-best-path.cc:99) For utterance M07UP36A0832I302, best cost 20.9658 + 2913.77 = 2934.73 over 498 frames.
M07UP36A0832I302 nahiin 
LOG (lattice-best-path:main():lattice-best-path.cc:99) For utterance M07UP36A0840I41, best cost 15.0467 + 1588.03 = 1603.07 over 298 frames.
M07UP36A0840I41 nahiin 
LOG (lattice-best-path:main():lattice-best-path.cc:99) For utterance M07UP37A0301I42, best cost 12.2502 + 1499.57 = 1511.82 over 298 frames.
M07UP37A0301I42 haan 
LOG (lattice-best-path:main():lattice-best-path.cc:99) For utterance M07UP37A0302I45, best cost 9.29563 + 1876.26 = 1885.56 over 298 frames.
M07UP37A0302I45 haan 
LOG (lattice-best-path:main():lattice-best-path.cc:99) For utterance M07UP37A0306I47, best cost 13.8631 + 1898.38 = 1912.25 over 298 frames.
M07UP37A0306I47 haan 
LOG (lattice-best-path:main():lattice-best-path.cc:99) For utterance M07UP37A0307I303, best cost 14.5532 + 3015.32 = 3029.88 over 498 frames.
M07UP37A0307I303 haan 
LOG (lattice-best-path:main():lattice-best-path.cc:99) For utterance M07UP37A0309I40, best cost 9.24676 + 1949.97 = 1959.22 over 298 frames.
M07UP37A0309I40 haan 
LOG (lattice-best-path:main():lattice-best-path.cc:99) For utterance M07UP37A0309I44, best cost 14.4849 + 1870.55 = 1885.04 over 300 frames.
M07UP37A0309I44 haan 
LOG (lattice-best-path:main():lattice-best-path.cc:99) For utterance M07UP37A0311I43, best cost 17.6345 + 1698.53 = 1716.16 over 298 frames.
M07UP37A0311I43 nahiin 
LOG (lattice-best-path:main():lattice-best-path.cc:99) For utterance M07UP37A0311I44, best cost 17.4443 + 1684.59 = 1702.03 over 298 frames.
M07UP37A0311I44 haan 
LOG (lattice-best-path:main():lattice-best-path.cc:99) For utterance M07UP37A0311I48, best cost 11.2665 + 1545.57 = 1556.83 over 300 frames.
M07UP37A0311I48 haan 
LOG (lattice-best-path:main():lattice-best-path.cc:99) For utterance M07UP37A0313I427, best cost 12.7584 + 1727.56 = 1740.32 over 298 frames.
M07UP37A0313I427 nahiin 
LOG (lattice-best-path:main():lattice-best-path.cc:99) For utterance M07UP37A0314I300, best cost 18.7309 + 3038.02 = 3056.75 over 498 frames.
M07UP37A0314I300 nahiin 
LOG (lattice-best-path:main():lattice-best-path.cc:99) For utterance M07UP37A0316I305, best cost 15.0192 + 3155.11 = 3170.13 over 498 frames.
M07UP37A0316I305 haan 
LOG (lattice-best-path:main():lattice-best-path.cc:99) For utterance M07UP37A0317I47, best cost 14.1136 + 1665.75 = 1679.87 over 298 frames.
M07UP37A0317I47 haan 
LOG (lattice-best-path:main():lattice-best-path.cc:99) For utterance M07UP37A0317I48, best cost 14.8003 + 1879.59 = 1894.39 over 298 frames.
M07UP37A0317I48 haan 
LOG (lattice-best-path:main():lattice-best-path.cc:99) For utterance M07UP37A0319I301, best cost 19.379 + 3163.91 = 3183.29 over 498 frames.
M07UP37A0319I301 haan 
LOG (lattice-best-path:main():lattice-best-path.cc:99) For utterance M07UP38A0103I43, best cost 13.9712 + 1706.61 = 1720.59 over 298 frames.
M07UP38A0103I43 haan 
LOG (lattice-best-path:main():lattice-best-path.cc:99) For utterance M07UP38A0107I43, best cost 11.9714 + 1734.05 = 1746.03 over 298 frames.
M07UP38A0107I43 nahiin 
LOG (lattice-best-path:main():lattice-best-path.cc:99) For utterance M07UP39A0774I301, best cost 18.8733 + 2631.71 = 2650.59 over 498 frames.
M07UP39A0774I301 haan 
LOG (lattice-best-path:main():lattice-best-path.cc:99) For utterance M07UP39A0776I302, best cost 13.2574 + 2604.65 = 2617.91 over 498 frames.
M07UP39A0776I302 nahiin 
LOG (lattice-best-path:main():lattice-best-path.cc:99) For utterance M07UP39A0777I300, best cost 24.7846 + 2722.94 = 2747.72 over 498 frames.
M07UP39A0777I300 haan 
LOG (lattice-best-path:main():lattice-best-path.cc:99) For utterance M07UP39A0777I423, best cost 12.38 + 1544.55 = 1556.93 over 298 frames.
M07UP39A0777I423 nahiin 
LOG (lattice-best-path:main():lattice-best-path.cc:99) For utterance M07UP39A0778I303, best cost 25.6362 + 2875.85 = 2901.49 over 498 frames.
M07UP39A0778I303 haan 
LOG (lattice-best-path:main():lattice-best-path.cc:99) For utterance M07UP39A0781I501, best cost 11.7035 + 2234.86 = 2246.57 over 398 frames.
M07UP39A0781I501 nahiin 
LOG (lattice-best-path:main():lattice-best-path.cc:99) For utterance M07UP41A0273I301, best cost 18.109 + 3226.4 = 3244.51 over 498 frames.
M07UP41A0273I301 nahiin 
LOG (lattice-best-path:main():lattice-best-path.cc:99) For utterance M07UP41A0273I47, best cost 11.3799 + 1768.8 = 1780.18 over 298 frames.
M07UP41A0273I47 nahiin 
LOG (lattice-best-path:main():lattice-best-path.cc:99) For utterance M07UP41A0275I300, best cost 22.2366 + 2640.94 = 2663.17 over 498 frames.
M07UP41A0275I300 haan 
LOG (lattice-best-path:main():lattice-best-path.cc:99) For utterance M07UP41A0277I300, best cost 13.1788 + 2925.86 = 2939.04 over 498 frames.
M07UP41A0277I300 haan 
LOG (lattice-best-path:main():lattice-best-path.cc:99) For utterance M07UP41A0277I43, best cost 13.4697 + 1851.61 = 1865.08 over 298 frames.
M07UP41A0277I43 nahiin 
LOG (lattice-best-path:main():lattice-best-path.cc:99) For utterance M07UP41A0279I301, best cost 15.9186 + 2915.06 = 2930.98 over 498 frames.
M07UP41A0279I301 haan 
LOG (lattice-best-path:main():lattice-best-path.cc:99) For utterance M07UP41A0279I302, best cost 23.155 + 2790.94 = 2814.09 over 498 frames.
M07UP41A0279I302 haan 
LOG (lattice-best-path:main():lattice-best-path.cc:99) For utterance M07UP41A0279I47, best cost 15.0274 + 1893.51 = 1908.54 over 298 frames.
M07UP41A0279I47 nahiin 
LOG (lattice-best-path:main():lattice-best-path.cc:99) For utterance M07UP41A0280I42, best cost 10.672 + 1746.02 = 1756.7 over 298 frames.
M07UP41A0280I42 nahiin 
LOG (lattice-best-path:main():lattice-best-path.cc:99) For utterance M07UP41A0280I45, best cost 15.6723 + 1866.05 = 1881.72 over 298 frames.
M07UP41A0280I45 nahiin 
LOG (lattice-best-path:main():lattice-best-path.cc:99) For utterance M07UP41A0283I48, best cost 11.4924 + 1548.45 = 1559.94 over 298 frames.
M07UP41A0283I48 haan 
LOG (lattice-best-path:main():lattice-best-path.cc:99) For utterance M07UP41A0289I303, best cost 23.361 + 2869.74 = 2893.1 over 498 frames.
M07UP41A0289I303 haan 
LOG (lattice-best-path:main():lattice-best-path.cc:99) For utterance M07UP41A0289I44, best cost 12.6256 + 1658.31 = 1670.94 over 300 frames.
M07UP41A0289I44 nahiin 
LOG (lattice-best-path:main():lattice-best-path.cc:99) For utterance M07UP41A0290I47, best cost 15.8518 + 1674.86 = 1690.71 over 298 frames.
M07UP41A0290I47 haan 
LOG (lattice-best-path:main():lattice-best-path.cc:99) For utterance M07UP41A0291I43, best cost 14.3848 + 1599.78 = 1614.16 over 298 frames.
M07UP41A0291I43 haan 
LOG (lattice-best-path:main():lattice-best-path.cc:99) For utterance M07UP41A0291I46, best cost 13.324 + 1656.48 = 1669.8 over 298 frames.
M07UP41A0291I46 haan 
LOG (lattice-best-path:main():lattice-best-path.cc:99) For utterance M07UP42A0111I46, best cost 17.3622 + 1629.9 = 1647.26 over 298 frames.
M07UP42A0111I46 haan 
LOG (lattice-best-path:main():lattice-best-path.cc:99) For utterance M07UP42A0116I430, best cost 12.38 + 1795.47 = 1807.85 over 298 frames.
M07UP42A0116I430 haan 
LOG (lattice-best-path:main():lattice-best-path.cc:99) For utterance M07UP42A0117I419, best cost 18.488 + 1686.83 = 1705.32 over 298 frames.
M07UP42A0117I419 haan 
LOG (lattice-best-path:main():lattice-best-path.cc:99) For utterance M07UP42A0117I423, best cost 12.6037 + 1783.72 = 1796.32 over 298 frames.
M07UP42A0117I423 nahiin 
LOG (lattice-best-path:main():lattice-best-path.cc:99) For utterance M07UP42A0119I300, best cost 21.9179 + 3038.6 = 3060.52 over 498 frames.
M07UP42A0119I300 haan 
LOG (lattice-best-path:main():lattice-best-path.cc:99) For utterance M07UP42A0119I46, best cost 17.975 + 1843.43 = 1861.41 over 298 frames.
M07UP42A0119I46 haan 
LOG (lattice-best-path:main():lattice-best-path.cc:99) For utterance M07UP42A0120I418, best cost 16.7788 + 1707.61 = 1724.39 over 298 frames.
M07UP42A0120I418 nahiin 
LOG (lattice-best-path:main():lattice-best-path.cc:99) For utterance M07UP42A0120I424, best cost 15.5266 + 1725.29 = 1740.82 over 298 frames.
M07UP42A0120I424 nahiin 
LOG (lattice-best-path:main():lattice-best-path.cc:99) For utterance M07UP42A0120I429, best cost 15.4536 + 1805.08 = 1820.54 over 298 frames.
M07UP42A0120I429 haan 
LOG (lattice-best-path:main():lattice-best-path.cc:99) For utterance M07UP42A0122I302, best cost 15.4412 + 2953.14 = 2968.58 over 498 frames.
M07UP42A0122I302 nahiin 
LOG (lattice-best-path:main():lattice-best-path.cc:99) For utterance M07UP42A0122I424, best cost 14.7905 + 1817.99 = 1832.78 over 298 frames.
M07UP42A0122I424 haan 
LOG (lattice-best-path:main():lattice-best-path.cc:99) For utterance M07UP42A0122I46, best cost 21.8911 + 1776.08 = 1797.97 over 298 frames.
M07UP42A0122I46 haan 
LOG (lattice-best-path:main():lattice-best-path.cc:99) For utterance M07UP42A0123I42, best cost 17.1635 + 1776.47 = 1793.63 over 298 frames.
M07UP42A0123I42 haan 
LOG (lattice-best-path:main():lattice-best-path.cc:99) For utterance M07UP42A0123I424, best cost 11.1667 + 1848.49 = 1859.66 over 298 frames.
M07UP42A0123I424 nahiin 
LOG (lattice-best-path:main():lattice-best-path.cc:99) For utterance M07UP42A0124I45, best cost 14.663 + 1701.08 = 1715.74 over 298 frames.
M07UP42A0124I45 haan 
LOG (lattice-best-path:main():lattice-best-path.cc:99) For utterance M07UP42A0126I437, best cost 15.9471 + 1790.35 = 1806.29 over 298 frames.
M07UP42A0126I437 nahiin 
LOG (lattice-best-path:main():lattice-best-path.cc:99) For utterance M07UP43A0148I300, best cost 22.5385 + 3098.8 = 3121.34 over 498 frames.
M07UP43A0148I300 nahiin 
LOG (lattice-best-path:main():lattice-best-path.cc:99) For utterance M07UP43A0151I42, best cost 17.5138 + 1897.21 = 1914.73 over 298 frames.
M07UP43A0151I42 nahiin 
LOG (lattice-best-path:main():lattice-best-path.cc:99) For utterance M07UP43A0154I43, best cost 12.3766 + 1564.97 = 1577.35 over 298 frames.
M07UP43A0154I43 haan 
LOG (lattice-best-path:main():lattice-best-path.cc:99) For utterance M07UP43A0154I44, best cost 15.2893 + 1619.7 = 1634.99 over 298 frames.
M07UP43A0154I44 haan 
LOG (lattice-best-path:main():lattice-best-path.cc:99) For utterance M07UP43A0158I41, best cost 13.5521 + 1802.59 = 1816.14 over 298 frames.
M07UP43A0158I41 nahiin 
LOG (lattice-best-path:main():lattice-best-path.cc:99) For utterance M07UP45A0614I48, best cost 18.1891 + 1813.32 = 1831.51 over 298 frames.
M07UP45A0614I48 nahiin 
LOG (lattice-best-path:main():lattice-best-path.cc:99) For utterance M07UP45A0616I43, best cost 16.1371 + 1726.46 = 1742.6 over 298 frames.
M07UP45A0616I43 haan 
LOG (lattice-best-path:main():lattice-best-path.cc:99) For utterance M07UP45A0624I41, best cost 16.1051 + 1738.93 = 1755.03 over 298 frames.
M07UP45A0624I41 haan 
LOG (lattice-best-path:main():lattice-best-path.cc:99) For utterance M07UP45A0624I44, best cost 20.3598 + 1716.18 = 1736.54 over 298 frames.
M07UP45A0624I44 nahiin 
LOG (lattice-best-path:main():lattice-best-path.cc:99) For utterance M07UP45A0625I41, best cost 13.7563 + 1780.48 = 1794.24 over 298 frames.
M07UP45A0625I41 haan 
LOG (lattice-best-path:main():lattice-best-path.cc:99) For utterance M07UP45A0627I43, best cost 14.3924 + 1555 = 1569.39 over 298 frames.
M07UP45A0627I43 haan 
LOG (lattice-best-path:main():lattice-best-path.cc:99) For utterance M07UP45A0628I41, best cost 16.3085 + 1756.95 = 1773.26 over 298 frames.
M07UP45A0628I41 haan 
LOG (lattice-best-path:main():lattice-best-path.cc:99) For utterance M07UP45A0629I303, best cost 22.9026 + 3108.44 = 3131.34 over 498 frames.
M07UP45A0629I303 nahiin 
LOG (lattice-best-path:main():lattice-best-path.cc:99) For utterance M07UP45A0634I48, best cost 17.4027 + 1679.53 = 1696.93 over 298 frames.
M07UP45A0634I48 haan 
LOG (lattice-best-path:main():lattice-best-path.cc:99) For utterance M07UP45A0635I42, best cost 17.9546 + 1764.82 = 1782.77 over 298 frames.
M07UP45A0635I42 haan 
LOG (lattice-best-path:main():lattice-best-path.cc:99) For utterance M07UP45A0636I300, best cost 14.3806 + 2556.68 = 2571.06 over 498 frames.
M07UP45A0636I300 haan 
LOG (lattice-best-path:main():lattice-best-path.cc:99) For utterance M07UP48A0013I417, best cost 19.5123 + 1711.38 = 1730.9 over 298 frames.
M07UP48A0013I417 haan 
LOG (lattice-best-path:main():lattice-best-path.cc:99) For utterance M07UP48A0013I43, best cost 13.6524 + 1751.48 = 1765.14 over 298 frames.
M07UP48A0013I43 haan 
LOG (lattice-best-path:main():lattice-best-path.cc:99) For utterance M07UP48A0014I44, best cost 11.5185 + 1744.02 = 1755.53 over 298 frames.
M07UP48A0014I44 nahiin 
LOG (lattice-best-path:main():lattice-best-path.cc:99) For utterance M07UP48A0015I422, best cost 14.8272 + 1731.5 = 1746.32 over 298 frames.
M07UP48A0015I422 haan 
LOG (lattice-best-path:main():lattice-best-path.cc:99) For utterance M07UP48A0018I422, best cost 13.6556 + 1828.56 = 1842.22 over 298 frames.
M07UP48A0018I422 nahiin 
LOG (lattice-best-path:main():lattice-best-path.cc:99) For utterance M07UP48A0020I43, best cost 12.1493 + 1605.53 = 1617.68 over 298 frames.
M07UP48A0020I43 haan 
LOG (lattice-best-path:main():lattice-best-path.cc:99) For utterance M07UP48A0021I45, best cost 16.6917 + 1592.9 = 1609.6 over 298 frames.
M07UP48A0021I45 nahiin 
LOG (lattice-best-path:main():lattice-best-path.cc:99) For utterance M07UP48A0024I49, best cost 16.0399 + 1816.17 = 1832.2 over 304 frames.
M07UP48A0024I49 nahiin 
LOG (lattice-best-path:main():lattice-best-path.cc:99) For utterance M07UP48A0028I45, best cost 13.0099 + 1805.85 = 1818.86 over 298 frames.
M07UP48A0028I45 nahiin 
LOG (lattice-best-path:main():lattice-best-path.cc:99) For utterance M07UP48A0031I44, best cost 18.116 + 1823.94 = 1842.06 over 298 frames.
M07UP48A0031I44 haan 
LOG (lattice-best-path:main():lattice-best-path.cc:99) For utterance M07UP49A0861I41, best cost 13.8413 + 1610.15 = 1623.99 over 300 frames.
M07UP49A0861I41 haan 
LOG (lattice-best-path:main():lattice-best-path.cc:99) For utterance M07UP49A0863I300, best cost 27.9886 + 2942.19 = 2970.18 over 498 frames.
M07UP49A0863I300 nahiin 
LOG (lattice-best-path:main():lattice-best-path.cc:99) For utterance M07UP49A0866I504, best cost 17.2173 + 1930.09 = 1947.3 over 298 frames.
M07UP49A0866I504 nahiin 
LOG (lattice-best-path:main():lattice-best-path.cc:99) For utterance M07UP49A0869I301, best cost 21.4144 + 2897.01 = 2918.43 over 498 frames.
M07UP49A0869I301 nahiin 
LOG (lattice-best-path:main():lattice-best-path.cc:99) For utterance M07UP49A0880I43, best cost 22.542 + 1709.91 = 1732.45 over 298 frames.
M07UP49A0880I43 nahiin 
LOG (lattice-best-path:main():lattice-best-path.cc:99) For utterance M07UP51A0032I301, best cost 14.5518 + 2660.42 = 2674.97 over 430 frames.
M07UP51A0032I301 haan 
LOG (lattice-best-path:main():lattice-best-path.cc:99) For utterance M07UP51A0033I42, best cost 19.6754 + 1777.61 = 1797.28 over 298 frames.
M07UP51A0033I42 haan 
LOG (lattice-best-path:main():lattice-best-path.cc:99) For utterance M07UP51A0033I48, best cost 15.1305 + 1858.25 = 1873.38 over 298 frames.
M07UP51A0033I48 haan 
LOG (lattice-best-path:main():lattice-best-path.cc:99) For utterance M07UP51A0035I302, best cost 28.5153 + 2885.17 = 2913.68 over 498 frames.
M07UP51A0035I302 haan 
LOG (lattice-best-path:main():lattice-best-path.cc:99) For utterance M07UP51A0036I300, best cost 16.5846 + 2999.29 = 3015.88 over 498 frames.
M07UP51A0036I300 haan 
LOG (lattice-best-path:main():lattice-best-path.cc:99) For utterance M07UP51A0036I44, best cost 21.0456 + 1685.6 = 1706.65 over 298 frames.
M07UP51A0036I44 haan 
LOG (lattice-best-path:main():lattice-best-path.cc:99) For utterance M07UP51A0036I45, best cost 18.1758 + 1705.46 = 1723.63 over 298 frames.
M07UP51A0036I45 haan 
LOG (lattice-best-path:main():lattice-best-path.cc:99) For utterance M07UP51A0036I48, best cost 16.7462 + 1740.68 = 1757.43 over 298 frames.
M07UP51A0036I48 haan 
LOG (lattice-best-path:main():lattice-best-path.cc:99) For utterance M07UP51A0038I48, best cost 15.1195 + 1795.75 = 1810.87 over 298 frames.
M07UP51A0038I48 nahiin 
LOG (lattice-best-path:main():lattice-best-path.cc:99) For utterance M07UP51A0041I300, best cost 17.1395 + 2526.84 = 2543.98 over 498 frames.
M07UP51A0041I300 haan 
LOG (lattice-best-path:main():lattice-best-path.cc:99) For utterance M07UP51A0042I302, best cost 29.0339 + 2697.04 = 2726.08 over 498 frames.
M07UP51A0042I302 haan 
LOG (lattice-best-path:main():lattice-best-path.cc:99) For utterance M07UP51A0043I410, best cost 11.6844 + 1726.75 = 1738.44 over 298 frames.
M07UP51A0043I410 haan 
LOG (lattice-best-path:main():lattice-best-path.cc:99) For utterance M07UP51A0043I44, best cost 18.9501 + 1787.57 = 1806.52 over 298 frames.
M07UP51A0043I44 nahiin 
LOG (lattice-best-path:main():lattice-best-path.cc:99) For utterance M07UP51A0043I45, best cost 21.8643 + 1623.25 = 1645.11 over 298 frames.
M07UP51A0043I45 haan 
LOG (lattice-best-path:main():lattice-best-path.cc:99) For utterance M07UP51A0044I303, best cost 34.8665 + 2733.06 = 2767.93 over 498 frames.
M07UP51A0044I303 haan 
LOG (lattice-best-path:main():lattice-best-path.cc:99) For utterance M07UP51A0045I412, best cost 23.334 + 1796.37 = 1819.7 over 298 frames.
M07UP51A0045I412 haan 
LOG (lattice-best-path:main():lattice-best-path.cc:99) For utterance M07UP51A0046I412, best cost 16.3828 + 1608.9 = 1625.28 over 298 frames.
M07UP51A0046I412 nahiin 
LOG (lattice-best-path:main():lattice-best-path.cc:99) For utterance M07UP51A0046I43, best cost 20.9068 + 1736.58 = 1757.49 over 298 frames.
M07UP51A0046I43 haan 
LOG (lattice-best-path:main():lattice-best-path.cc:99) For utterance M07UP51A0049I44, best cost 14.2707 + 1857.28 = 1871.55 over 298 frames.
M07UP51A0049I44 haan 
LOG (lattice-best-path:main():lattice-best-path.cc:99) For utterance M07UP51A0049I48, best cost 18.4106 + 1872.46 = 1890.87 over 298 frames.
M07UP51A0049I48 haan 
LOG (lattice-best-path:main():lattice-best-path.cc:99) For utterance M07UP51A0050I300, best cost 23.1873 + 2721.32 = 2744.5 over 498 frames.
M07UP51A0050I300 haan 
LOG (lattice-best-path:main():lattice-best-path.cc:99) For utterance M07UP51A0050I42, best cost 19.2318 + 1716.84 = 1736.08 over 298 frames.
M07UP51A0050I42 haan 
LOG (lattice-best-path:main():lattice-best-path.cc:99) For utterance M07UP51A0050I45, best cost 13.7177 + 1744.45 = 1758.17 over 298 frames.
M07UP51A0050I45 haan 
LOG (lattice-best-path:main():lattice-best-path.cc:99) For utterance M07UP51A0052I301, best cost 19.0697 + 2632.72 = 2651.79 over 498 frames.
M07UP51A0052I301 nahiin 
LOG (lattice-best-path:main():lattice-best-path.cc:99) For utterance M07UP51A0052I303, best cost 18.4136 + 2544.94 = 2563.35 over 498 frames.
M07UP51A0052I303 haan 
LOG (lattice-best-path:main():lattice-best-path.cc:99) For utterance M07UP51A0052I412, best cost 14.5996 + 1602.58 = 1617.18 over 298 frames.
M07UP51A0052I412 haan 
LOG (lattice-best-path:main():lattice-best-path.cc:99) For utterance M07UP51A0052I45, best cost 17.7012 + 1685.09 = 1702.79 over 298 frames.
M07UP51A0052I45 haan 
LOG (lattice-best-path:main():lattice-best-path.cc:99) For utterance M07UP51A0053I302, best cost 22.098 + 2725.99 = 2748.09 over 498 frames.
M07UP51A0053I302 haan 
LOG (lattice-best-path:main():lattice-best-path.cc:99) For utterance M07UP51A0054I40, best cost 15.2663 + 1857.18 = 1872.45 over 298 frames.
M07UP51A0054I40 nahiin 
LOG (lattice-best-path:main():lattice-best-path.cc:99) For utterance M07UP51A0054I47, best cost 15.8895 + 1849.61 = 1865.5 over 298 frames.
M07UP51A0054I47 haan 
LOG (lattice-best-path:main():lattice-best-path.cc:99) For utterance M07UP51A0094I411, best cost 24.2276 + 1643.35 = 1667.57 over 298 frames.
M07UP51A0094I411 haan 
LOG (lattice-best-path:main():lattice-best-path.cc:99) For utterance M07UP52A0193I300, best cost 24.6029 + 2799.29 = 2823.89 over 498 frames.
M07UP52A0193I300 nahiin 
LOG (lattice-best-path:main():lattice-best-path.cc:99) For utterance M07UP52A0193I302, best cost 24.6655 + 2747.13 = 2771.79 over 498 frames.
M07UP52A0193I302 nahiin 
LOG (lattice-best-path:main():lattice-best-path.cc:99) For utterance M07UP52A0193I43, best cost 19.5367 + 1609.31 = 1628.84 over 298 frames.
M07UP52A0193I43 nahiin 
LOG (lattice-best-path:main():lattice-best-path.cc:99) For utterance M07UP52A0195I45, best cost 12.8292 + 1870.57 = 1883.4 over 298 frames.
M07UP52A0195I45 haan 
LOG (lattice-best-path:main():lattice-best-path.cc:99) For utterance M07UP52A0196I300, best cost 23.2973 + 2849.92 = 2873.22 over 498 frames.
M07UP52A0196I300 nahiin 
LOG (lattice-best-path:main():lattice-best-path.cc:99) For utterance M07UP52A0196I41, best cost 15.7051 + 1737.49 = 1753.19 over 292 frames.
M07UP52A0196I41 nahiin 
LOG (lattice-best-path:main():lattice-best-path.cc:99) For utterance M07UP52A0199I41, best cost 12.9104 + 1928.92 = 1941.83 over 298 frames.
M07UP52A0199I41 haan 
LOG (lattice-best-path:main():lattice-best-path.cc:99) For utterance M07UP52A0202I302, best cost 24.235 + 3116.94 = 3141.17 over 498 frames.
M07UP52A0202I302 nahiin 
LOG (lattice-best-path:main():lattice-best-path.cc:99) For utterance M07UP52A0202I40, best cost 12.8428 + 1884.93 = 1897.78 over 298 frames.
M07UP52A0202I40 nahiin 
LOG (lattice-best-path:main():lattice-best-path.cc:99) For utterance M07UP52A0202I45, best cost 18.0375 + 1905.83 = 1923.87 over 298 frames.
M07UP52A0202I45 haan 
LOG (lattice-best-path:main():lattice-best-path.cc:99) For utterance M07UP52A0205I43, best cost 17.3743 + 1757.91 = 1775.28 over 298 frames.
M07UP52A0205I43 haan 
LOG (lattice-best-path:main():lattice-best-path.cc:99) For utterance M07UP52A0206I302, best cost 21.4843 + 2815.29 = 2836.77 over 498 frames.
M07UP52A0206I302 haan 
LOG (lattice-best-path:main():lattice-best-path.cc:99) For utterance M07UP52A0206I40, best cost 10.301 + 1859.05 = 1869.36 over 298 frames.
M07UP52A0206I40 haan 
LOG (lattice-best-path:main():lattice-best-path.cc:99) For utterance M07UP52A0207I42, best cost 17.1734 + 1831.63 = 1848.8 over 298 frames.
M07UP52A0207I42 haan 
LOG (lattice-best-path:main():lattice-best-path.cc:99) For utterance M07UP52A0210I300, best cost 25.6714 + 3045.41 = 3071.08 over 498 frames.
M07UP52A0210I300 nahiin 
LOG (lattice-best-path:main():lattice-best-path.cc:99) For utterance M07UP52A0210I43, best cost 15.9998 + 1832.84 = 1848.84 over 298 frames.
M07UP52A0210I43 nahiin 
LOG (lattice-best-path:main():lattice-best-path.cc:99) For utterance M07UP52A0210I603, best cost 35.4241 + 6131.61 = 6167.04 over 998 frames.
M07UP52A0210I603 haan 
LOG (lattice-best-path:main():lattice-best-path.cc:99) For utterance M07UP52A0211I300, best cost 18.7982 + 3221.45 = 3240.25 over 500 frames.
M07UP52A0211I300 nahiin 
LOG (lattice-best-path:main():lattice-best-path.cc:99) For utterance M07UP52A0213I45, best cost 12.8538 + 1522.52 = 1535.37 over 298 frames.
M07UP52A0213I45 nahiin 
LOG (lattice-best-path:main():lattice-best-path.cc:99) For utterance M07UP53A0072I44, best cost 17.3922 + 1806.52 = 1823.91 over 298 frames.
M07UP53A0072I44 nahiin 
LOG (lattice-best-path:main():lattice-best-path.cc:99) For utterance M07UP53A0076I413, best cost 17.1225 + 1782.83 = 1799.95 over 298 frames.
M07UP53A0076I413 nahiin 
LOG (lattice-best-path:main():lattice-best-path.cc:99) For utterance M07UP53A0079I42, best cost 14.0403 + 1811.33 = 1825.37 over 298 frames.
M07UP53A0079I42 haan 
LOG (lattice-best-path:main():lattice-best-path.cc:99) For utterance M07UP53A0080I41, best cost 14.4573 + 1513.66 = 1528.12 over 298 frames.
M07UP53A0080I41 nahiin 
LOG (lattice-best-path:main():lattice-best-path.cc:99) For utterance M07UP53A0080I413, best cost 20.4288 + 1662.8 = 1683.23 over 298 frames.
M07UP53A0080I413 haan 
LOG (lattice-best-path:main():lattice-best-path.cc:99) For utterance M07UP53A0080I42, best cost 13.8921 + 1621.27 = 1635.16 over 298 frames.
M07UP53A0080I42 haan 
LOG (lattice-best-path:main():lattice-best-path.cc:99) For utterance M07UP53A0081I424, best cost 10.0887 + 1552.06 = 1562.15 over 298 frames.
M07UP53A0081I424 nahiin 
LOG (lattice-best-path:main():lattice-best-path.cc:99) For utterance M07UP53A0083I419, best cost 14.4455 + 1758.81 = 1773.26 over 298 frames.
M07UP53A0083I419 nahiin 
LOG (lattice-best-path:main():lattice-best-path.cc:99) For utterance M07UP53A0085I45, best cost 18.0375 + 1864.99 = 1883.03 over 300 frames.
M07UP53A0085I45 haan 
LOG (lattice-best-path:main():lattice-best-path.cc:99) For utterance M07UP53A0088I413, best cost 18.1866 + 1822.06 = 1840.25 over 298 frames.
M07UP53A0088I413 haan 
LOG (lattice-best-path:main():lattice-best-path.cc:99) For utterance M07UP53A0090I410, best cost 15.6938 + 1896.4 = 1912.09 over 300 frames.
M07UP53A0090I410 haan 
LOG (lattice-best-path:main():lattice-best-path.cc:99) For utterance M07UP54A1272I428, best cost 11.5138 + 1751.24 = 1762.75 over 298 frames.
M07UP54A1272I428 nahiin 
LOG (lattice-best-path:main():lattice-best-path.cc:99) For utterance M07UP54A1280I300, best cost 26.331 + 2923.23 = 2949.56 over 498 frames.
M07UP54A1280I300 nahiin 
LOG (lattice-best-path:main():lattice-best-path.cc:99) For utterance M07UP54A1290I45, best cost 17.0241 + 1813.22 = 1830.24 over 300 frames.
M07UP54A1290I45 nahiin 
LOG (lattice-best-path:main():lattice-best-path.cc:99) For utterance M07UP55A0462I422, best cost 11.7097 + 1652.41 = 1664.12 over 298 frames.
M07UP55A0462I422 nahiin 
LOG (lattice-best-path:main():lattice-best-path.cc:99) For utterance M07UP55A0464I303, best cost 19.8904 + 2697.17 = 2717.06 over 498 frames.
M07UP55A0464I303 haan 
LOG (lattice-best-path:main():lattice-best-path.cc:99) For utterance M07UP55A0464I42, best cost 18.0346 + 1756 = 1774.03 over 298 frames.
M07UP55A0464I42 nahiin 
LOG (lattice-best-path:main():lattice-best-path.cc:99) For utterance M07UP55A0469I300, best cost 27.6212 + 2877.45 = 2905.07 over 498 frames.
M07UP55A0469I300 nahiin 
LOG (lattice-best-path:main():lattice-best-path.cc:99) For utterance M07UP55A0469I40, best cost 25.2851 + 1650.91 = 1676.2 over 298 frames.
M07UP55A0469I40 haan 
LOG (lattice-best-path:main():lattice-best-path.cc:99) For utterance M07UP55A0470I301, best cost 25.763 + 2796.23 = 2821.99 over 498 frames.
M07UP55A0470I301 haan 
LOG (lattice-best-path:main():lattice-best-path.cc:99) For utterance M07UP55A0474I40, best cost 13.5318 + 1887.91 = 1901.44 over 298 frames.
M07UP55A0474I40 nahiin 
LOG (lattice-best-path:main():lattice-best-path.cc:99) For utterance M07UP55A0476I42, best cost 21.9209 + 1858.93 = 1880.86 over 298 frames.
M07UP55A0476I42 nahiin 
LOG (lattice-best-path:main():lattice-best-path.cc:99) For utterance M07UP55A0477I301, best cost 22.2483 + 2787.75 = 2810 over 498 frames.
M07UP55A0477I301 haan 
LOG (lattice-best-path:main():lattice-best-path.cc:99) For utterance M07UP55A0480I300, best cost 16.6008 + 2940.51 = 2957.11 over 498 frames.
M07UP55A0480I300 haan 
LOG (lattice-best-path:main():lattice-best-path.cc:99) For utterance M07UP56A0695I300, best cost 20.7749 + 3111.2 = 3131.98 over 498 frames.
M07UP56A0695I300 nahiin 
LOG (lattice-best-path:main():lattice-best-path.cc:99) For utterance M07UP56A0699I301, best cost 23.5109 + 2809.87 = 2833.38 over 498 frames.
M07UP56A0699I301 haan 
LOG (lattice-best-path:main():lattice-best-path.cc:99) For utterance M07UP56A0706I43, best cost 15.2907 + 1848.23 = 1863.52 over 298 frames.
M07UP56A0706I43 nahiin 
LOG (lattice-best-path:main():lattice-best-path.cc:99) For utterance M07UP56A0707I45, best cost 15.2486 + 1557.17 = 1572.42 over 298 frames.
M07UP56A0707I45 nahiin 
LOG (lattice-best-path:main():lattice-best-path.cc:99) For utterance M07UP56A0708I47, best cost 23.9184 + 1779.71 = 1803.63 over 298 frames.
M07UP56A0708I47 haan 
LOG (lattice-best-path:main():lattice-best-path.cc:99) For utterance M07UP56A0710I421, best cost 21.6986 + 1742.09 = 1763.79 over 298 frames.
M07UP56A0710I421 haan 
LOG (lattice-best-path:main():lattice-best-path.cc:99) For utterance M07UP57A0404I43, best cost 17.5196 + 1658.6 = 1676.12 over 298 frames.
M07UP57A0404I43 nahiin 
LOG (lattice-best-path:main():lattice-best-path.cc:99) For utterance M07UP57A0406I300, best cost 23.2609 + 2791.93 = 2815.19 over 498 frames.
M07UP57A0406I300 haan 
LOG (lattice-best-path:main():lattice-best-path.cc:99) For utterance M07UP57A0409I42, best cost 11.6215 + 1601.1 = 1612.72 over 298 frames.
M07UP57A0409I42 nahiin 
LOG (lattice-best-path:main():lattice-best-path.cc:99) For utterance M07UP57A0411I301, best cost 17.3753 + 2881.42 = 2898.8 over 498 frames.
M07UP57A0411I301 haan 
LOG (lattice-best-path:main():lattice-best-path.cc:99) For utterance M07UP57A0413I301, best cost 21.4119 + 2670.77 = 2692.18 over 498 frames.
M07UP57A0413I301 nahiin 
LOG (lattice-best-path:main():lattice-best-path.cc:99) For utterance M07UP57A0413I41, best cost 12.8131 + 1851.46 = 1864.27 over 298 frames.
M07UP57A0413I41 nahiin 
LOG (lattice-best-path:main():lattice-best-path.cc:99) For utterance M07UP57A0413I507, best cost 11.3859 + 1862.55 = 1873.94 over 298 frames.
M07UP57A0413I507 haan 
LOG (lattice-best-path:main():lattice-best-path.cc:99) For utterance M07UP57A0416I301, best cost 28.3701 + 3048.96 = 3077.33 over 498 frames.
M07UP57A0416I301 haan 
LOG (lattice-best-path:main():lattice-best-path.cc:99) For utterance M07UP57A0417I301, best cost 23.0956 + 2885.18 = 2908.28 over 498 frames.
M07UP57A0417I301 haan 
LOG (lattice-best-path:main():lattice-best-path.cc:99) For utterance M07UP57A0417I42, best cost 13.2713 + 1855.19 = 1868.46 over 298 frames.
M07UP57A0417I42 haan 
LOG (lattice-best-path:main():lattice-best-path.cc:99) For utterance M07UP57A0418I303, best cost 15.6607 + 2979.22 = 2994.88 over 498 frames.
M07UP57A0418I303 haan 
LOG (lattice-best-path:main():lattice-best-path.cc:99) For utterance M07UP60A0942I416, best cost 10.766 + 1547.44 = 1558.21 over 298 frames.
M07UP60A0942I416 haan 
LOG (lattice-best-path:main():lattice-best-path.cc:99) For utterance M07UP60A0942I418, best cost 12.4014 + 1667.88 = 1680.28 over 298 frames.
M07UP60A0942I418 haan 
LOG (lattice-best-path:main():lattice-best-path.cc:99) For utterance M07UP60A0944I42, best cost 16.263 + 1767.6 = 1783.86 over 298 frames.
M07UP60A0944I42 nahiin 
LOG (lattice-best-path:main():lattice-best-path.cc:99) For utterance M07UP60A0946I303, best cost 30.7546 + 2883.88 = 2914.64 over 498 frames.
M07UP60A0946I303 haan 
LOG (lattice-best-path:main():lattice-best-path.cc:99) For utterance M07UP60A0954I303, best cost 14.8166 + 2475.18 = 2490 over 498 frames.
M07UP60A0954I303 haan 
LOG (lattice-best-path:main():lattice-best-path.cc:99) For utterance M07UP60A0955I301, best cost 24.8797 + 2564.5 = 2589.38 over 498 frames.
M07UP60A0955I301 haan 
LOG (lattice-best-path:main():lattice-best-path.cc:99) For utterance M07UP60A0955I302, best cost 16.1524 + 2493.41 = 2509.56 over 498 frames.
M07UP60A0955I302 nahiin 
LOG (lattice-best-path:main():lattice-best-path.cc:99) For utterance M07UP60A0956I414, best cost 17.5285 + 1790.9 = 1808.43 over 298 frames.
M07UP60A0956I414 haan 
LOG (lattice-best-path:main():lattice-best-path.cc:99) For utterance M07UP60A0957I412, best cost 18.0578 + 1679.87 = 1697.93 over 298 frames.
M07UP60A0957I412 haan 
LOG (lattice-best-path:main():lattice-best-path.cc:99) For utterance M07UP60A0957I413, best cost 15.0031 + 1647.13 = 1662.13 over 298 frames.
M07UP60A0957I413 nahiin 
LOG (lattice-best-path:main():lattice-best-path.cc:99) For utterance M07UP61A0966I300, best cost 18.869 + 2602.24 = 2621.11 over 498 frames.
M07UP61A0966I300 nahiin 
LOG (lattice-best-path:main():lattice-best-path.cc:99) For utterance M07UP61A0968I301, best cost 16.5116 + 2586.23 = 2602.74 over 498 frames.
M07UP61A0968I301 nahiin 
LOG (lattice-best-path:main():lattice-best-path.cc:99) For utterance M07UP61A0971I302, best cost 26.4178 + 2708.26 = 2734.68 over 498 frames.
M07UP61A0971I302 nahiin 
LOG (lattice-best-path:main():lattice-best-path.cc:99) For utterance M07UP61A0972I44, best cost 15.3404 + 1811.11 = 1826.45 over 298 frames.
M07UP61A0972I44 nahiin 
LOG (lattice-best-path:main():lattice-best-path.cc:99) For utterance M07UP61A0980I301, best cost 29.3185 + 3037.6 = 3066.92 over 498 frames.
M07UP61A0980I301 haan 
LOG (lattice-best-path:main():lattice-best-path.cc:99) For utterance M07UP64A0382I300, best cost 27.4718 + 2963.71 = 2991.18 over 498 frames.
M07UP64A0382I300 nahiin 
LOG (lattice-best-path:main():lattice-best-path.cc:99) For utterance M07UP64A0382I301, best cost 17.6344 + 3032.22 = 3049.85 over 498 frames.
M07UP64A0382I301 haan 
LOG (lattice-best-path:main():lattice-best-path.cc:99) For utterance M07UP64A0386I42, best cost 15.2179 + 1772.48 = 1787.7 over 298 frames.
M07UP64A0386I42 nahiin 
LOG (lattice-best-path:main():lattice-best-path.cc:99) For utterance M07UP64A0389I42, best cost 19.8187 + 1579.92 = 1599.74 over 298 frames.
M07UP64A0389I42 haan 
LOG (lattice-best-path:main():lattice-best-path.cc:99) For utterance M07UP64A0390I300, best cost 25.4455 + 2758.79 = 2784.23 over 498 frames.
M07UP64A0390I300 haan 
LOG (lattice-best-path:main():lattice-best-path.cc:99) For utterance M07UP64A0391I302, best cost 41.662 + 2771 = 2812.66 over 498 frames.
M07UP64A0391I302 nahiin 
LOG (lattice-best-path:main():lattice-best-path.cc:99) For utterance M07UP64A0391I303, best cost 28.0795 + 2804.01 = 2832.09 over 498 frames.
M07UP64A0391I303 nahiin 
LOG (lattice-best-path:main():lattice-best-path.cc:99) For utterance M07UP64A0392I301, best cost 10.5682 + 2433.94 = 2444.51 over 498 frames.
M07UP64A0392I301 haan 
LOG (lattice-best-path:main():lattice-best-path.cc:99) For utterance M07UP64A0393I41, best cost 15.1303 + 1821.13 = 1836.26 over 298 frames.
M07UP64A0393I41 haan 
LOG (lattice-best-path:main():lattice-best-path.cc:99) For utterance M07UP64A0396I43, best cost 14.692 + 1894.5 = 1909.2 over 300 frames.
M07UP64A0396I43 haan 
LOG (lattice-best-path:main():lattice-best-path.cc:99) For utterance M07UP64A0399I302, best cost 25.2691 + 2868.82 = 2894.09 over 498 frames.
M07UP64A0399I302 nahiin 
LOG (lattice-best-path:main():lattice-best-path.cc:99) For utterance M07UP64A0400I300, best cost 36.3997 + 3010.88 = 3047.28 over 498 frames.
M07UP64A0400I300 haan 
LOG (lattice-best-path:main():lattice-best-path.cc:99) For utterance M07UP64A0400I426, best cost 18.0848 + 1735.37 = 1753.46 over 298 frames.
M07UP64A0400I426 haan 
LOG (lattice-best-path:main():lattice-best-path.cc:99) For utterance M07UP64A0401I43, best cost 14.3223 + 1797.5 = 1811.82 over 300 frames.
M07UP64A0401I43 nahiin 
LOG (lattice-scale:main():lattice-scale.cc:90) Done 553 lattices.
LOG (lattice-best-path:main():lattice-best-path.cc:99) For utterance M07UP66A0674I303, best cost 17.7978 + 2983.51 = 3001.31 over 498 frames.
M07UP66A0674I303 haan 
LOG (lattice-best-path:main():lattice-best-path.cc:99) For utterance M07UP66A0676I303, best cost 17.1451 + 3041.4 = 3058.55 over 498 frames.
M07UP66A0676I303 haan 
LOG (lattice-best-path:main():lattice-best-path.cc:99) For utterance M07UP66A0684I43, best cost 17.9404 + 1702.28 = 1720.22 over 298 frames.
M07UP66A0684I43 nahiin 
LOG (lattice-best-path:main():lattice-best-path.cc:99) For utterance M07UP66A0685I42, best cost 21.8016 + 1754.93 = 1776.74 over 298 frames.
M07UP66A0685I42 haan 
LOG (lattice-best-path:main():lattice-best-path.cc:99) For utterance M07UP66A0687I301, best cost 15.0105 + 2545.43 = 2560.45 over 498 frames.
M07UP66A0687I301 haan 
LOG (lattice-best-path:main():lattice-best-path.cc:99) For utterance M07UP66A0688I410, best cost 16.6615 + 1567.16 = 1583.82 over 298 frames.
M07UP66A0688I410 haan 
LOG (lattice-best-path:main():lattice-best-path.cc:99) For utterance M07UP66A0692I301, best cost 22.7518 + 2862.68 = 2885.43 over 498 frames.
M07UP66A0692I301 haan 
LOG (lattice-best-path:main():lattice-best-path.cc:99) For utterance M07UP72A0730I42, best cost 13.7895 + 1783.4 = 1797.19 over 298 frames.
M07UP72A0730I42 haan 
LOG (lattice-best-path:main():lattice-best-path.cc:99) For utterance M07UP72A0730I46, best cost 17.4265 + 1735.1 = 1752.53 over 298 frames.
M07UP72A0730I46 haan 
LOG (lattice-best-path:main():lattice-best-path.cc:99) For utterance M07UP72A0731I42, best cost 17.7447 + 1896.05 = 1913.79 over 298 frames.
M07UP72A0731I42 haan 
LOG (lattice-best-path:main():lattice-best-path.cc:99) For utterance M07UP73A0922I300, best cost 15.3508 + 3047.11 = 3062.46 over 498 frames.
M07UP73A0922I300 haan 
LOG (lattice-best-path:main():lattice-best-path.cc:99) For utterance M07UP73A0923I41, best cost 12.8538 + 1791.73 = 1804.59 over 298 frames.
M07UP73A0923I41 nahiin 
LOG (lattice-best-path:main():lattice-best-path.cc:99) For utterance M07UP73A0924I41, best cost 14.6098 + 1722.48 = 1737.09 over 298 frames.
M07UP73A0924I41 haan 
LOG (lattice-best-path:main():lattice-best-path.cc:99) For utterance M07UP73A0925I42, best cost 12.9149 + 1562.11 = 1575.03 over 298 frames.
M07UP73A0925I42 haan 
LOG (lattice-best-path:main():lattice-best-path.cc:99) For utterance M07UP73A0927I43, best cost 20.7223 + 1660.1 = 1680.82 over 298 frames.
M07UP73A0927I43 haan 
LOG (lattice-best-path:main():lattice-best-path.cc:99) For utterance M07UP73A0929I42, best cost 22.6274 + 1797.43 = 1820.06 over 298 frames.
M07UP73A0929I42 haan 
LOG (lattice-best-path:main():lattice-best-path.cc:99) For utterance M07UP73A0930I43, best cost 21.3487 + 1688.19 = 1709.54 over 298 frames.
M07UP73A0930I43 haan 
LOG (lattice-add-penalty:main():lattice-add-penalty.cc:62) Done adding word insertion penalty to 553 lattices.
LOG (lattice-best-path:main():lattice-best-path.cc:99) For utterance M07UP73A0931I49, best cost 16.5225 + 1778.26 = 1794.79 over 298 frames.
M07UP73A0931I49 nahiin 
LOG (lattice-best-path:main():lattice-best-path.cc:99) For utterance M07UP73A0937I42, best cost 11.3116 + 1679.86 = 1691.17 over 298 frames.
M07UP73A0937I42 haan 
LOG (lattice-best-path:main():lattice-best-path.cc:99) For utterance M07UP73A0938I42, best cost 19.1999 + 1645.68 = 1664.88 over 298 frames.
M07UP73A0938I42 nahiin 
LOG (lattice-best-path:main():lattice-best-path.cc:99) For utterance M07UP74A0802I303, best cost 30.3806 + 2735.6 = 2765.98 over 498 frames.
M07UP74A0802I303 haan 
LOG (lattice-best-path:main():lattice-best-path.cc:99) For utterance M07UP74A0813I300, best cost 19.5082 + 2676.44 = 2695.95 over 498 frames.
M07UP74A0813I300 haan 
LOG (lattice-best-path:main():lattice-best-path.cc:99) For utterance M07UP74A0814I301, best cost 19.3929 + 2648.45 = 2667.85 over 504 frames.
M07UP74A0814I301 haan 
LOG (lattice-best-path:main():lattice-best-path.cc:99) For utterance M07UP74A0817I42, best cost 18.5737 + 1648.18 = 1666.75 over 300 frames.
M07UP74A0817I42 nahiin 
LOG (lattice-best-path:main():lattice-best-path.cc:99) For utterance M07UP75A0755I303, best cost 29.8952 + 2846.17 = 2876.06 over 498 frames.
M07UP75A0755I303 nahiin 
LOG (lattice-best-path:main():lattice-best-path.cc:99) For utterance M07UP75A0758I300, best cost 22.8317 + 2814.52 = 2837.35 over 498 frames.
M07UP75A0758I300 haan 
LOG (lattice-best-path:main():lattice-best-path.cc:99) For utterance M07UP75A0764I302, best cost 26.6322 + 2953.99 = 2980.62 over 498 frames.
M07UP75A0764I302 nahiin 
LOG (lattice-best-path:main():lattice-best-path.cc:99) For utterance M07UP75A0764I42, best cost 16.5077 + 1808.68 = 1825.19 over 298 frames.
M07UP75A0764I42 haan 
LOG (lattice-best-path:main():lattice-best-path.cc:99) For utterance M07UP75A0768I40, best cost 14.5295 + 1706.86 = 1721.39 over 298 frames.
M07UP75A0768I40 nahiin 
LOG (lattice-best-path:main():lattice-best-path.cc:99) For utterance M07UP75A0769I301, best cost 25.1646 + 2714.97 = 2740.13 over 498 frames.
M07UP75A0769I301 haan 
LOG (lattice-best-path:main():lattice-best-path.cc:99) For utterance M07UP75A0770I303, best cost 28.2772 + 2784.22 = 2812.5 over 498 frames.
M07UP75A0770I303 nahiin 
LOG (lattice-best-path:main():lattice-best-path.cc:99) For utterance M07UP75A0771I42, best cost 16.1316 + 1693.9 = 1710.03 over 298 frames.
M07UP75A0771I42 nahiin 
LOG (lattice-best-path:main():lattice-best-path.cc:99) For utterance M07UP75A0771I43, best cost 14.9134 + 1730.14 = 1745.05 over 298 frames.
M07UP75A0771I43 nahiin 
LOG (lattice-best-path:main():lattice-best-path.cc:99) For utterance M07UP75A0772I300, best cost 13.8232 + 2676.54 = 2690.36 over 498 frames.
M07UP75A0772I300 haan 
LOG (lattice-best-path:main():lattice-best-path.cc:99) For utterance M07UP75A0773I41, best cost 15.0272 + 1639.54 = 1654.56 over 298 frames.
M07UP75A0773I41 nahiin 
LOG (lattice-best-path:main():lattice-best-path.cc:124) Overall cost per frame is 5.80635 = 0.0482687 [graph] + 5.75808 [acoustic] over 207364 frames.
LOG (lattice-best-path:main():lattice-best-path.cc:128) Done 553 lattices, failed for 0
# Accounting: time=0 threads=1
# Ended (code 0) at Thu Jul 21 15:05:37 IST 2016, elapsed time 0 seconds
