# lattice-scale --inv-acoustic-scale=17 "ark:gunzip -c exp/tri2_1600_25600/decode/lat.*.gz|" ark:- | lattice-add-penalty --word-ins-penalty=1.0 ark:- ark:- | lattice-best-path --word-symbol-table=exp/tri2_1600_25600/graph/words.txt ark:- ark,t:- | utils/int2sym.pl -f 2- exp/tri2_1600_25600/graph/words.txt | cat > exp/tri2_1600_25600/decode/scoring_kaldi/penalty_1.0/17.txt 
# Started at Thu Jul 21 14:57:58 IST 2016
#
lattice-scale --inv-acoustic-scale=17 'ark:gunzip -c exp/tri2_1600_25600/decode/lat.*.gz|' ark:- 
lattice-add-penalty --word-ins-penalty=1.0 ark:- ark:- 
lattice-best-path --word-symbol-table=exp/tri2_1600_25600/graph/words.txt ark:- ark,t:- 
LOG (lattice-best-path:main():lattice-best-path.cc:99) For utterance F07UP02A0332I42, best cost 20.0032 + 902.428 = 922.432 over 300 frames.
F07UP02A0332I42 ataroulii 
LOG (lattice-best-path:main():lattice-best-path.cc:99) For utterance F07UP02A0332I43, best cost 17.095 + 819.396 = 836.491 over 298 frames.
F07UP02A0332I43 badaayuun 
LOG (lattice-best-path:main():lattice-best-path.cc:99) For utterance F07UP06A0432I42, best cost 19.6483 + 699.565 = 719.214 over 300 frames.
F07UP06A0432I42 baagapata 
LOG (lattice-best-path:main():lattice-best-path.cc:99) For utterance F07UP07A0094I427, best cost 13.9302 + 768.053 = 781.983 over 298 frames.
F07UP07A0094I427 ouraiyaa 
LOG (lattice-best-path:main():lattice-best-path.cc:99) For utterance F07UP07A0096I44, best cost 21.7771 + 946.311 = 968.089 over 298 frames.
F07UP07A0096I44 mauu 
LOG (lattice-best-path:main():lattice-best-path.cc:99) For utterance F07UP09A0491I46, best cost 13.2433 + 952.236 = 965.479 over 298 frames.
F07UP09A0491I46 shaahapura 
LOG (lattice-best-path:main():lattice-best-path.cc:99) For utterance F07UP11A1331I301, best cost 16.1174 + 1186.31 = 1202.43 over 498 frames.
F07UP11A1331I301 gaajiipura 
LOG (lattice-best-path:main():lattice-best-path.cc:99) For utterance F07UP19A0344I46, best cost 19.1697 + 714.853 = 734.023 over 298 frames.
F07UP19A0344I46 sambhala 
LOG (lattice-best-path:main():lattice-best-path.cc:99) For utterance F07UP21A0612I41, best cost 16.8061 + 761.888 = 778.694 over 298 frames.
F07UP21A0612I41 ilaahaabaada 
LOG (lattice-best-path:main():lattice-best-path.cc:99) For utterance F07UP22A1336I429, best cost 14.934 + 814.209 = 829.143 over 298 frames.
F07UP22A1336I429 deewariyaa 
LOG (lattice-best-path:main():lattice-best-path.cc:99) For utterance F07UP22A1336I501, best cost 16.001 + 1034.74 = 1050.74 over 398 frames.
F07UP22A1336I501 deewariyaa 
LOG (lattice-best-path:main():lattice-best-path.cc:99) For utterance F07UP22A1343I301, best cost 13.7111 + 1190.38 = 1204.1 over 498 frames.
F07UP22A1343I301 gorakhapura 
LOG (lattice-best-path:main():lattice-best-path.cc:99) For utterance F07UP22A1343I47, best cost 15.8085 + 940.598 = 956.407 over 298 frames.
F07UP22A1343I47 mauu 
LOG (lattice-best-path:main():lattice-best-path.cc:99) For utterance F07UP22A1345I47, best cost 14.9271 + 711.93 = 726.857 over 298 frames.
F07UP22A1345I47 mauu 
LOG (lattice-best-path:main():lattice-best-path.cc:99) For utterance F07UP22A1346I435, best cost 22.4812 + 949.574 = 972.056 over 300 frames.
F07UP22A1346I435 akbarapura 
LOG (lattice-best-path:main():lattice-best-path.cc:99) For utterance F07UP23A0248I41, best cost 16.5229 + 1044.4 = 1060.92 over 298 frames.
F07UP23A0248I41 kaasaganja 
LOG (lattice-best-path:main():lattice-best-path.cc:99) For utterance F07UP24A0182I302, best cost 16.9951 + 1553.16 = 1570.16 over 498 frames.
F07UP24A0182I302 itxaawaa 
LOG (lattice-best-path:main():lattice-best-path.cc:99) For utterance F07UP24A0182I41, best cost 16.0509 + 987.105 = 1003.16 over 298 frames.
F07UP24A0182I41 phateehapurasiikarii 
LOG (lattice-best-path:main():lattice-best-path.cc:99) For utterance F07UP24A0183I302, best cost 14.9554 + 1738.44 = 1753.4 over 498 frames.
F07UP24A0183I302 itxaawaa 
LOG (lattice-best-path:main():lattice-best-path.cc:99) For utterance F07UP24A0183I47, best cost 16.1939 + 914.807 = 931.001 over 298 frames.
F07UP24A0183I47 maadhougadxhqa 
LOG (lattice-best-path:main():lattice-best-path.cc:99) For utterance F07UP25A1212I41, best cost 16.9979 + 1021.79 = 1038.78 over 298 frames.
F07UP25A1212I41 ambeedxakaranagara 
LOG (lattice-best-path:main():lattice-best-path.cc:99) For utterance F07UP25A1215I42, best cost 18.7299 + 934.385 = 953.115 over 298 frames.
F07UP25A1215I42 pheijaabaada 
LOG (lattice-best-path:main():lattice-best-path.cc:99) For utterance F07UP26A0256I43, best cost 15.5803 + 923.204 = 938.784 over 298 frames.
F07UP26A0256I43 mohammadaabaada 
LOG (lattice-best-path:main():lattice-best-path.cc:99) For utterance F07UP28A0226I300, best cost 18.1198 + 1731.14 = 1749.25 over 498 frames.
F07UP28A0226I300 khurajaa 
LOG (lattice-best-path:main():lattice-best-path.cc:99) For utterance F07UP28A0226I45, best cost 13.2249 + 999.63 = 1012.85 over 298 frames.
F07UP28A0226I45 beewara 
LOG (lattice-best-path:main():lattice-best-path.cc:99) For utterance F07UP28A0227I301, best cost 24.2594 + 1668.66 = 1692.92 over 498 frames.
F07UP28A0227I301 meinapurii 
LOG (lattice-best-path:main():lattice-best-path.cc:99) For utterance F07UP28A0228I303, best cost 16.6409 + 1789.16 = 1805.8 over 498 frames.
F07UP28A0228I303 sikohaabaada 
LOG (lattice-best-path:main():lattice-best-path.cc:99) For utterance F07UP29A0523I41, best cost 18.8636 + 844.477 = 863.341 over 298 frames.
F07UP29A0523I41 aliigadxhqa 
LOG (lattice-best-path:main():lattice-best-path.cc:99) For utterance F07UP29A0523I44, best cost 23.2808 + 776.765 = 800.046 over 298 frames.
F07UP29A0523I44 anuupashahara 
LOG (lattice-best-path:main():lattice-best-path.cc:99) For utterance F07UP31A1293I42, best cost 16.5004 + 1010.17 = 1026.67 over 298 frames.
F07UP31A1293I42 baliiyaa 
LOG (lattice-best-path:main():lattice-best-path.cc:99) For utterance F07UP34A0567I44, best cost 15.5202 + 849.496 = 865.016 over 300 frames.
F07UP34A0567I44 phateehapura 
LOG (lattice-best-path:main():lattice-best-path.cc:99) For utterance F07UP35A0453I300, best cost 24.606 + 1257.65 = 1282.26 over 498 frames.
F07UP35A0453I300 haapudxqa 
LOG (lattice-best-path:main():lattice-best-path.cc:99) For utterance F07UP37A0304I300, best cost 20.392 + 1237.68 = 1258.07 over 498 frames.
F07UP37A0304I300 haatharasa 
LOG (lattice-best-path:main():lattice-best-path.cc:99) For utterance F07UP38A0101I41, best cost 17.1102 + 916.098 = 933.208 over 298 frames.
F07UP38A0101I41 jasawantanagara 
LOG (lattice-best-path:main():lattice-best-path.cc:99) For utterance F07UP41A0286I40, best cost 10.3587 + 678.972 = 689.331 over 298 frames.
F07UP41A0286I40 ouraiyaa 
LOG (lattice-best-path:main():lattice-best-path.cc:99) For utterance F07UP41A0286I42, best cost 10.4414 + 581.013 = 591.454 over 298 frames.
F07UP41A0286I42 beewara 
LOG (lattice-best-path:main():lattice-best-path.cc:99) For utterance F07UP52A0208I44, best cost 18.7359 + 958.737 = 977.473 over 298 frames.
F07UP52A0208I44 chibaraamauu 
LOG (lattice-best-path:main():lattice-best-path.cc:99) For utterance F07UP54A1284I430, best cost 14.4119 + 811.64 = 826.052 over 298 frames.
F07UP54A1284I430 gaajiipura 
LOG (lattice-best-path:main():lattice-best-path.cc:99) For utterance F07UP57A0408I41, best cost 16.3773 + 973.288 = 989.665 over 298 frames.
F07UP57A0408I41 aliigadxhqa 
LOG (lattice-best-path:main():lattice-best-path.cc:99) For utterance F07UP60A0943I300, best cost 25.4951 + 1659.6 = 1685.09 over 498 frames.
F07UP60A0943I300 prataapagadxhqa 
LOG (lattice-best-path:main():lattice-best-path.cc:99) For utterance F07UP60A0944I303, best cost 19.442 + 1125.12 = 1144.56 over 498 frames.
F07UP60A0944I303 sultaanapura 
LOG (lattice-best-path:main():lattice-best-path.cc:99) For utterance F07UP60A0949I300, best cost 32.7575 + 1349.06 = 1381.82 over 498 frames.
F07UP60A0949I300 aagaraa 
LOG (lattice-best-path:main():lattice-best-path.cc:99) For utterance F07UP60A0949I302, best cost 26.2867 + 1171.18 = 1197.46 over 498 frames.
F07UP60A0949I302 maholii 
LOG (lattice-best-path:main():lattice-best-path.cc:99) For utterance F07UP60A0949I303, best cost 25.181 + 1138.51 = 1163.7 over 498 frames.
F07UP60A0949I303 sultaanapura 
LOG (lattice-best-path:main():lattice-best-path.cc:99) For utterance F07UP60A0953I41, best cost 17.8062 + 729.401 = 747.207 over 298 frames.
F07UP60A0953I41 ilaahaabaada 
LOG (lattice-best-path:main():lattice-best-path.cc:99) For utterance F07UP60A0962I427, best cost 18.2575 + 846.377 = 864.635 over 298 frames.
F07UP60A0962I427 sultaanapura 
LOG (lattice-best-path:main():lattice-best-path.cc:99) For utterance F07UP60A0963I46, best cost 20.4756 + 954.114 = 974.589 over 298 frames.
F07UP60A0963I46 sultaanapura 
LOG (lattice-best-path:main():lattice-best-path.cc:99) For utterance F07UP64A0395I300, best cost 23.2856 + 1328.71 = 1351.99 over 498 frames.
F07UP64A0395I300 sambhala 
LOG (lattice-best-path:main():lattice-best-path.cc:99) For utterance F07UP64A0397I301, best cost 19.1269 + 1605.45 = 1624.58 over 498 frames.
F07UP64A0397I301 kushiinagara 
LOG (lattice-best-path:main():lattice-best-path.cc:99) For utterance F07UP64A0402I41, best cost 18.1527 + 810.377 = 828.53 over 298 frames.
F07UP64A0402I41 amarohaa 
LOG (lattice-best-path:main():lattice-best-path.cc:99) For utterance F07UP72A0728I300, best cost 20.7154 + 1551.62 = 1572.34 over 498 frames.
F07UP72A0728I300 sonbhadra 
LOG (lattice-best-path:main():lattice-best-path.cc:99) For utterance F07UP75A0756I300, best cost 27.5944 + 1329.89 = 1357.48 over 498 frames.
F07UP75A0756I300 waaraanxasxii 
LOG (lattice-best-path:main():lattice-best-path.cc:99) For utterance F07UP75A0763I435, best cost 12.4866 + 718.607 = 731.093 over 300 frames.
F07UP75A0763I435 mirjaapura 
LOG (lattice-best-path:main():lattice-best-path.cc:99) For utterance M07UP01A0057I427, best cost 19.4202 + 1061.13 = 1080.55 over 298 frames.
M07UP01A0057I427 aagaraa 
LOG (lattice-best-path:main():lattice-best-path.cc:99) For utterance M07UP01A0062I412, best cost 13.6018 + 939.481 = 953.083 over 298 frames.
M07UP01A0062I412 awaagadxhqa 
LOG (lattice-best-path:main():lattice-best-path.cc:99) For utterance M07UP01A0062I45, best cost 19.2417 + 798.924 = 818.166 over 300 frames.
M07UP01A0062I45 acaneeraa 
LOG (lattice-best-path:main():lattice-best-path.cc:99) For utterance M07UP01A0063I43, best cost 16.7199 + 861.218 = 877.938 over 298 frames.
M07UP01A0063I43 aliigadxhqa 
LOG (lattice-best-path:main():lattice-best-path.cc:99) For utterance M07UP01A0069I413, best cost 14.766 + 869.472 = 884.238 over 298 frames.
M07UP01A0069I413 koshiikalaan 
LOG (lattice-best-path:main():lattice-best-path.cc:99) For utterance M07UP01A0160I420, best cost 14.5276 + 835.738 = 850.265 over 298 frames.
M07UP01A0160I420 coubeepura 
LOG (lattice-best-path:main():lattice-best-path.cc:99) For utterance M07UP01A0160I430, best cost 12.8939 + 919.073 = 931.967 over 298 frames.
M07UP01A0160I430 uraii 
LOG (lattice-best-path:main():lattice-best-path.cc:99) For utterance M07UP01A0160I47, best cost 16.2266 + 950.381 = 966.608 over 298 frames.
M07UP01A0160I47 kannouja 
LOG (lattice-best-path:main():lattice-best-path.cc:99) For utterance M07UP02A0321I47, best cost 16.3869 + 818.527 = 834.914 over 300 frames.
M07UP02A0321I47 sikandaraabaada 
LOG (lattice-best-path:main():lattice-best-path.cc:99) For utterance M07UP02A0323I300, best cost 12.814 + 1303.47 = 1316.28 over 498 frames.
M07UP02A0323I300 aliigadxhqa 
LOG (lattice-best-path:main():lattice-best-path.cc:99) For utterance M07UP02A0325I43, best cost 14.9382 + 995.159 = 1010.1 over 298 frames.
M07UP02A0325I43 haatharasa 
LOG (lattice-best-path:main():lattice-best-path.cc:99) For utterance M07UP02A0329I43, best cost 17.7899 + 727.828 = 745.618 over 298 frames.
M07UP02A0329I43 haatharasa 
LOG (lattice-best-path:main():lattice-best-path.cc:99) For utterance M07UP02A0330I303, best cost 18.2734 + 1122.06 = 1140.33 over 498 frames.
M07UP02A0330I303 jahaangiiraabaada 
LOG (lattice-best-path:main():lattice-best-path.cc:99) For utterance M07UP02A0333I45, best cost 20.5313 + 835.494 = 856.026 over 298 frames.
M07UP02A0333I45 atarraa 
LOG (lattice-best-path:main():lattice-best-path.cc:99) For utterance M07UP02A0335I301, best cost 20.2463 + 1574.17 = 1594.42 over 498 frames.
M07UP02A0335I301 konca 
LOG (lattice-best-path:main():lattice-best-path.cc:99) For utterance M07UP02A0336I44, best cost 16.6968 + 858.682 = 875.379 over 290 frames.
M07UP02A0336I44 bulandashahara 
LOG (lattice-best-path:main():lattice-best-path.cc:99) For utterance M07UP02A0337I41, best cost 17.1443 + 980.574 = 997.718 over 298 frames.
M07UP02A0337I41 eitxaa 
LOG (lattice-best-path:main():lattice-best-path.cc:99) For utterance M07UP02A0337I44, best cost 15.6825 + 731.291 = 746.974 over 298 frames.
M07UP02A0337I44 koshiikalaan 
LOG (lattice-best-path:main():lattice-best-path.cc:99) For utterance M07UP04A1227I45, best cost 15.0403 + 945.124 = 960.165 over 298 frames.
M07UP04A1227I45 deewariyaa 
LOG (lattice-best-path:main():lattice-best-path.cc:99) For utterance M07UP04A1230I303, best cost 40.1075 + 1388.09 = 1428.2 over 498 frames.
M07UP04A1230I303 akbarapura 
LOG (lattice-best-path:main():lattice-best-path.cc:99) For utterance M07UP04A1235I41, best cost 15.7152 + 951.701 = 967.416 over 298 frames.
M07UP04A1235I41 ambeedxakaranagara 
LOG (lattice-best-path:main():lattice-best-path.cc:99) For utterance M07UP04A1235I46, best cost 17.2447 + 704.76 = 722.004 over 298 frames.
M07UP04A1235I46 aajamagadxhqa 
LOG (lattice-best-path:main():lattice-best-path.cc:99) For utterance M07UP04A1236I303, best cost 24.3212 + 1421.18 = 1445.5 over 498 frames.
M07UP04A1236I303 shaahajahaanapura 
LOG (lattice-best-path:main():lattice-best-path.cc:99) For utterance M07UP04A1239I301, best cost 22.2287 + 1204.87 = 1227.1 over 498 frames.
M07UP04A1239I301 aajamagadxhqa 
LOG (lattice-best-path:main():lattice-best-path.cc:99) For utterance M07UP04A1242I410, best cost 15.5124 + 861.137 = 876.649 over 298 frames.
M07UP04A1242I410 akbarapura 
LOG (lattice-best-path:main():lattice-best-path.cc:99) For utterance M07UP04A1243I300, best cost 23.8094 + 1577.07 = 1600.88 over 498 frames.
M07UP04A1243I300 ambeedxakaranagara 
LOG (lattice-best-path:main():lattice-best-path.cc:99) For utterance M07UP04A1243I435, best cost 21.5077 + 816.403 = 837.911 over 300 frames.
M07UP04A1243I435 sultaanapura 
LOG (lattice-best-path:main():lattice-best-path.cc:99) For utterance M07UP04A1244I44, best cost 17.9952 + 1070.73 = 1088.72 over 298 frames.
M07UP04A1244I44 bastii 
LOG (lattice-best-path:main():lattice-best-path.cc:99) For utterance M07UP04A1245I48, best cost 20.361 + 1032.94 = 1053.31 over 298 frames.
M07UP04A1245I48 sultaanapura 
LOG (lattice-best-path:main():lattice-best-path.cc:99) For utterance M07UP05A0903I43, best cost 20.5008 + 772.331 = 792.832 over 298 frames.
M07UP05A0903I43 mauu 
LOG (lattice-best-path:main():lattice-best-path.cc:99) For utterance M07UP05A0910I300, best cost 17.4422 + 1092.67 = 1110.11 over 498 frames.
M07UP05A0910I300 ameitxhii 
LOG (lattice-best-path:main():lattice-best-path.cc:99) For utterance M07UP05A0911I42, best cost 18.073 + 891.064 = 909.137 over 298 frames.
M07UP05A0911I42 baaraabankii 
LOG (lattice-best-path:main():lattice-best-path.cc:99) For utterance M07UP05A0914I300, best cost 20.8061 + 1159.19 = 1179.99 over 498 frames.
M07UP05A0914I300 ameitxhii 
LOG (lattice-best-path:main():lattice-best-path.cc:99) For utterance M07UP05A0914I302, best cost 27.6796 + 1320.22 = 1347.9 over 498 frames.
M07UP05A0914I302 jaapharaganja 
LOG (lattice-best-path:main():lattice-best-path.cc:99) For utterance M07UP05A0915I301, best cost 13.6266 + 1224.37 = 1238 over 498 frames.
M07UP05A0915I301 sultaanapura 
LOG (lattice-best-path:main():lattice-best-path.cc:99) For utterance M07UP05A0916I43, best cost 25.504 + 832.638 = 858.142 over 298 frames.
M07UP05A0916I43 siitaapura 
LOG (lattice-best-path:main():lattice-best-path.cc:99) For utterance M07UP05A0920I411, best cost 14.9484 + 811.96 = 826.908 over 298 frames.
M07UP05A0920I411 sultaanapura 
LOG (lattice-best-path:main():lattice-best-path.cc:99) For utterance M07UP06A0427I301, best cost 16.2451 + 899.319 = 915.565 over 498 frames.
M07UP06A0427I301 muraadaabaada 
LOG (lattice-best-path:main():lattice-best-path.cc:99) For utterance M07UP06A0428I41, best cost 13.5192 + 944.084 = 957.603 over 298 frames.
M07UP06A0428I41 meeratxha 
LOG (lattice-best-path:main():lattice-best-path.cc:99) For utterance M07UP06A0429I411, best cost 15.2949 + 763.713 = 779.008 over 298 frames.
M07UP06A0429I411 lakhiimapurakhiirii 
LOG (lattice-best-path:main():lattice-best-path.cc:99) For utterance M07UP06A0433I301, best cost 20.6143 + 1152.66 = 1173.28 over 498 frames.
M07UP06A0433I301 muraadaabaada 
LOG (lattice-best-path:main():lattice-best-path.cc:99) For utterance M07UP06A0433I40, best cost 17.6982 + 838.773 = 856.471 over 298 frames.
M07UP06A0433I40 hasanapura 
LOG (lattice-best-path:main():lattice-best-path.cc:99) For utterance M07UP06A0433I41, best cost 23.6607 + 922.654 = 946.314 over 298 frames.
M07UP06A0433I41 meeratxha 
LOG (lattice-best-path:main():lattice-best-path.cc:99) For utterance M07UP06A0437I42, best cost 12.9982 + 685.59 = 698.588 over 298 frames.
M07UP06A0437I42 muraadaabaada 
LOG (lattice-best-path:main():lattice-best-path.cc:99) For utterance M07UP06A0438I41, best cost 14.7982 + 717.832 = 732.631 over 298 frames.
M07UP06A0438I41 meeratxha 
LOG (lattice-best-path:main():lattice-best-path.cc:99) For utterance M07UP06A0442I41, best cost 15.4141 + 950.887 = 966.301 over 298 frames.
M07UP06A0442I41 amarohaa 
LOG (lattice-best-path:main():lattice-best-path.cc:99) For utterance M07UP06A0442I42, best cost 22.1407 + 836.182 = 858.322 over 300 frames.
M07UP06A0442I42 baagapata 
LOG (lattice-best-path:main():lattice-best-path.cc:99) For utterance M07UP06A0444I43, best cost 19.9035 + 720.671 = 740.574 over 298 frames.
M07UP06A0444I43 bijanoura 
LOG (lattice-best-path:main():lattice-best-path.cc:99) For utterance M07UP06A0445I301, best cost 22.2606 + 1403.87 = 1426.13 over 490 frames.
M07UP06A0445I301 shaadaabaada 
LOG (lattice-best-path:main():lattice-best-path.cc:99) For utterance M07UP06A0447I41, best cost 18.6499 + 749.707 = 768.357 over 298 frames.
M07UP06A0447I41 meeratxha 
LOG (lattice-best-path:main():lattice-best-path.cc:99) For utterance M07UP07A0134I42, best cost 12.7559 + 709.088 = 721.844 over 298 frames.
M07UP07A0134I42 kannouja 
LOG (lattice-best-path:main():lattice-best-path.cc:99) For utterance M07UP07A0134I436, best cost 16.1773 + 862.916 = 879.093 over 298 frames.
M07UP07A0134I436 kaanapuradeehaata 
LOG (lattice-best-path:main():lattice-best-path.cc:99) For utterance M07UP07A0136I410, best cost 14.6237 + 977.824 = 992.448 over 298 frames.
M07UP07A0136I410 daataaganja 
LOG (lattice-best-path:main():lattice-best-path.cc:99) For utterance M07UP07A0136I438, best cost 21.5062 + 940.329 = 961.835 over 298 frames.
M07UP07A0136I438 uraii 
LOG (lattice-best-path:main():lattice-best-path.cc:99) For utterance M07UP07A0138I414, best cost 10.7883 + 624.51 = 635.298 over 298 frames.
M07UP07A0138I414 itxaawaa 
LOG (lattice-best-path:main():lattice-best-path.cc:99) For utterance M07UP07A0139I42, best cost 13.577 + 877.721 = 891.298 over 298 frames.
M07UP07A0139I42 jaalouna 
LOG (lattice-best-path:main():lattice-best-path.cc:99) For utterance M07UP07A0142I43, best cost 14.3126 + 970.127 = 984.439 over 298 frames.
M07UP07A0142I43 kannouja 
LOG (lattice-best-path:main():lattice-best-path.cc:99) For utterance M07UP07A0143I45, best cost 16.3721 + 903.701 = 920.073 over 298 frames.
M07UP07A0143I45 kaanapuradeehaata 
LOG (lattice-best-path:main():lattice-best-path.cc:99) For utterance M07UP07A0145I436, best cost 14.3684 + 693.589 = 707.957 over 298 frames.
M07UP07A0145I436 jaalouna 
LOG (lattice-best-path:main():lattice-best-path.cc:99) For utterance M07UP09A0483I300, best cost 12.7069 + 1095.51 = 1108.21 over 498 frames.
M07UP09A0483I300 dudhii 
LOG (lattice-best-path:main():lattice-best-path.cc:99) For utterance M07UP09A0485I43, best cost 22.7455 + 829.74 = 852.486 over 298 frames.
M07UP09A0485I43 gaajiyaabaada 
LOG (lattice-best-path:main():lattice-best-path.cc:99) For utterance M07UP09A0488I43, best cost 19.6685 + 993.733 = 1013.4 over 298 frames.
M07UP09A0488I43 gaajiyaabaada 
LOG (lattice-best-path:main():lattice-best-path.cc:99) For utterance M07UP09A0489I300, best cost 23.2699 + 1239.89 = 1263.16 over 498 frames.
M07UP09A0489I300 baagapata 
LOG (lattice-best-path:main():lattice-best-path.cc:99) For utterance M07UP09A0490I301, best cost 22.2145 + 1121.27 = 1143.48 over 498 frames.
M07UP09A0490I301 meeratxha 
LOG (lattice-best-path:main():lattice-best-path.cc:99) For utterance M07UP09A0494I300, best cost 19.5376 + 1193.16 = 1212.7 over 498 frames.
M07UP09A0494I300 baagapata 
LOG (lattice-best-path:main():lattice-best-path.cc:99) For utterance M07UP09A0495I301, best cost 19.4216 + 1179.16 = 1198.58 over 498 frames.
M07UP09A0495I301 meeratxha 
LOG (lattice-best-path:main():lattice-best-path.cc:99) For utterance M07UP09A0495I41, best cost 20.8408 + 853.223 = 874.063 over 298 frames.
M07UP09A0495I41 mujjapharanagara 
LOG (lattice-best-path:main():lattice-best-path.cc:99) For utterance M07UP09A0496I303, best cost 16.8229 + 1132.81 = 1149.63 over 498 frames.
M07UP09A0496I303 gaajiyaabaada 
LOG (lattice-best-path:main():lattice-best-path.cc:99) For utterance M07UP09A0499I43, best cost 13.2315 + 629.521 = 642.753 over 298 frames.
M07UP09A0499I43 meeratxha 
LOG (lattice-best-path:main():lattice-best-path.cc:99) For utterance M07UP09A0500I42, best cost 22.9116 + 930.674 = 953.586 over 298 frames.
M07UP09A0500I42 baagapata 
LOG (lattice-best-path:main():lattice-best-path.cc:99) For utterance M07UP09A0500I44, best cost 18.916 + 736.479 = 755.395 over 298 frames.
M07UP09A0500I44 haapudxqa 
LOG (lattice-best-path:main():lattice-best-path.cc:99) For utterance M07UP09A0503I301, best cost 13.5044 + 1384.85 = 1398.36 over 498 frames.
M07UP09A0503I301 meeratxha 
LOG (lattice-best-path:main():lattice-best-path.cc:99) For utterance M07UP09A0505I300, best cost 22.0361 + 1581.9 = 1603.93 over 498 frames.
M07UP09A0505I300 baagapata 
LOG (lattice-best-path:main():lattice-best-path.cc:99) For utterance M07UP09A0505I504, best cost 14.2668 + 921.821 = 936.088 over 298 frames.
M07UP09A0505I504 uraii 
LOG (lattice-best-path:main():lattice-best-path.cc:99) For utterance M07UP11A1317I41, best cost 14.6719 + 711.755 = 726.427 over 298 frames.
M07UP11A1317I41 mauu 
LOG (lattice-best-path:main():lattice-best-path.cc:99) For utterance M07UP11A1319I300, best cost 26.9746 + 1198.58 = 1225.56 over 498 frames.
M07UP11A1319I300 baliiyaa 
LOG (lattice-best-path:main():lattice-best-path.cc:99) For utterance M07UP11A1328I301, best cost 30.1939 + 1196.06 = 1226.25 over 498 frames.
M07UP11A1328I301 gaajiipura 
LOG (lattice-best-path:main():lattice-best-path.cc:99) For utterance M07UP11A1337I301, best cost 15.9037 + 1194.96 = 1210.87 over 498 frames.
M07UP11A1337I301 gaajiipura 
LOG (lattice-best-path:main():lattice-best-path.cc:99) For utterance M07UP11A1349I303, best cost 24.6462 + 1507.92 = 1532.57 over 498 frames.
M07UP11A1349I303 mauu 
LOG (lattice-best-path:main():lattice-best-path.cc:99) For utterance M07UP11A1351I302, best cost 25.1138 + 1284.94 = 1310.06 over 498 frames.
M07UP11A1351I302 baliiyaa 
LOG (lattice-best-path:main():lattice-best-path.cc:99) For utterance M07UP11A1352I427, best cost 14.6559 + 751.13 = 765.786 over 298 frames.
M07UP11A1352I427 baliiyaa 
LOG (lattice-best-path:main():lattice-best-path.cc:99) For utterance M07UP11A1352I429, best cost 15.1674 + 731.043 = 746.21 over 298 frames.
M07UP11A1352I429 gorakhapura 
LOG (lattice-best-path:main():lattice-best-path.cc:99) For utterance M07UP13A0882I300, best cost 18.9339 + 1512.33 = 1531.27 over 498 frames.
M07UP13A0882I300 baaraabankii 
LOG (lattice-best-path:main():lattice-best-path.cc:99) For utterance M07UP13A0882I301, best cost 25.2614 + 1575.7 = 1600.97 over 498 frames.
M07UP13A0882I301 lakhanauu 
LOG (lattice-best-path:main():lattice-best-path.cc:99) For utterance M07UP13A0884I303, best cost 22.7867 + 1536.74 = 1559.53 over 498 frames.
M07UP13A0884I303 kamalaaganja 
LOG (lattice-best-path:main():lattice-best-path.cc:99) For utterance M07UP13A0888I41, best cost 16.4555 + 849.079 = 865.535 over 298 frames.
M07UP13A0888I41 sandxiilaa 
LOG (lattice-best-path:main():lattice-best-path.cc:99) For utterance M07UP13A0889I41, best cost 22.2143 + 1066.08 = 1088.3 over 298 frames.
M07UP13A0889I41 sandxiilaa 
LOG (lattice-best-path:main():lattice-best-path.cc:99) For utterance M07UP13A0890I43, best cost 17.2102 + 1101.84 = 1119.05 over 298 frames.
M07UP13A0890I43 lakhanauu 
LOG (lattice-best-path:main():lattice-best-path.cc:99) For utterance M07UP13A0897I302, best cost 28.426 + 1418.58 = 1447 over 498 frames.
M07UP13A0897I302 kheiraagadxhqa 
LOG (lattice-best-path:main():lattice-best-path.cc:99) For utterance M07UP13A0897I41, best cost 15.6018 + 815.039 = 830.64 over 298 frames.
M07UP13A0897I41 siitaapura 
LOG (lattice-best-path:main():lattice-best-path.cc:99) For utterance M07UP13A0898I303, best cost 20.567 + 1500.35 = 1520.92 over 498 frames.
M07UP13A0898I303 baaraabankii 
LOG (lattice-best-path:main():lattice-best-path.cc:99) For utterance M07UP13A0900I436, best cost 15.2229 + 864.401 = 879.624 over 298 frames.
M07UP13A0900I436 kaanapura 
LOG (lattice-best-path:main():lattice-best-path.cc:99) For utterance M07UP14A0572I301, best cost 20.7531 + 1164.87 = 1185.62 over 498 frames.
M07UP14A0572I301 phateehapura 
LOG (lattice-best-path:main():lattice-best-path.cc:99) For utterance M07UP14A0576I41, best cost 21.0427 + 868.046 = 889.088 over 298 frames.
M07UP14A0576I41 baaraabankii 
LOG (lattice-best-path:main():lattice-best-path.cc:99) For utterance M07UP14A0583I300, best cost 26.858 + 1474.64 = 1501.5 over 498 frames.
M07UP14A0583I300 baandaa 
LOG (lattice-best-path:main():lattice-best-path.cc:99) For utterance M07UP14A0588I41, best cost 16.4119 + 835.131 = 851.543 over 300 frames.
M07UP14A0588I41 pheijaabaada 
LOG (lattice-best-path:main():lattice-best-path.cc:99) For utterance M07UP14A0590I300, best cost 17.9909 + 1242.66 = 1260.65 over 498 frames.
M07UP14A0590I300 baandaa 
LOG (lattice-best-path:main():lattice-best-path.cc:99) For utterance M07UP14A0590I43, best cost 20.5598 + 851.251 = 871.81 over 298 frames.
M07UP14A0590I43 raaibareilii 
LOG (lattice-best-path:main():lattice-best-path.cc:99) For utterance M07UP14A0591I302, best cost 14.5764 + 1192.68 = 1207.25 over 498 frames.
M07UP14A0591I302 baandaa 
LOG (lattice-best-path:main():lattice-best-path.cc:99) For utterance M07UP14A0591I303, best cost 17.7549 + 1532.71 = 1550.46 over 498 frames.
M07UP14A0591I303 citrakuutxa 
LOG (lattice-best-path:main():lattice-best-path.cc:99) For utterance M07UP18A0362I47, best cost 12.7006 + 868.776 = 881.476 over 298 frames.
M07UP18A0362I47 itxaawaa 
LOG (lattice-best-path:main():lattice-best-path.cc:99) For utterance M07UP18A0363I300, best cost 22.4145 + 1258.65 = 1281.06 over 498 frames.
M07UP18A0363I300 badaayuun 
LOG (lattice-best-path:main():lattice-best-path.cc:99) For utterance M07UP18A0363I302, best cost 18.9218 + 1169.69 = 1188.61 over 498 frames.
M07UP18A0363I302 candousii 
LOG (lattice-best-path:main():lattice-best-path.cc:99) For utterance M07UP18A0365I42, best cost 17.863 + 838.517 = 856.38 over 298 frames.
M07UP18A0365I42 badaayuun 
LOG (lattice-best-path:main():lattice-best-path.cc:99) For utterance M07UP18A0366I41, best cost 18.3731 + 842.014 = 860.387 over 298 frames.
M07UP18A0366I41 aliigadxhqa 
LOG (lattice-best-path:main():lattice-best-path.cc:99) For utterance M07UP18A0367I43, best cost 15.6188 + 867.413 = 883.032 over 298 frames.
M07UP18A0367I43 bareelii 
LOG (lattice-best-path:main():lattice-best-path.cc:99) For utterance M07UP18A0368I301, best cost 30.2221 + 1462.87 = 1493.09 over 498 frames.
M07UP18A0368I301 muraadaabaada 
LOG (lattice-best-path:main():lattice-best-path.cc:99) For utterance M07UP18A0368I49, best cost 25.5892 + 861.815 = 887.404 over 298 frames.
M07UP18A0368I49 haatharasa 
LOG (lattice-best-path:main():lattice-best-path.cc:99) For utterance M07UP18A0369I48, best cost 22.9292 + 1025.84 = 1048.77 over 298 frames.
M07UP18A0369I48 pharrukhaabaada 
LOG (lattice-best-path:main():lattice-best-path.cc:99) For utterance M07UP18A0371I300, best cost 21.569 + 1605.67 = 1627.24 over 498 frames.
M07UP18A0371I300 badaayuun 
LOG (lattice-best-path:main():lattice-best-path.cc:99) For utterance M07UP18A0374I300, best cost 20.7148 + 1835.85 = 1856.57 over 498 frames.
M07UP18A0374I300 badaayuun 
LOG (lattice-best-path:main():lattice-best-path.cc:99) For utterance M07UP18A0374I48, best cost 20.6477 + 960.483 = 981.131 over 298 frames.
M07UP18A0374I48 pharrukhaabaada 
LOG (lattice-best-path:main():lattice-best-path.cc:99) For utterance M07UP18A0375I45, best cost 15.802 + 966.723 = 982.525 over 298 frames.
M07UP18A0375I45 bulandashahara 
LOG (lattice-best-path:main():lattice-best-path.cc:99) For utterance M07UP18A0376I43, best cost 14.1658 + 740.265 = 754.431 over 298 frames.
M07UP18A0376I43 bareelii 
LOG (lattice-best-path:main():lattice-best-path.cc:99) For utterance M07UP18A0376I49, best cost 16.6868 + 805.779 = 822.466 over 298 frames.
M07UP18A0376I49 haatharasa 
LOG (lattice-best-path:main():lattice-best-path.cc:99) For utterance M07UP18A0378I302, best cost 26.0321 + 1739.52 = 1765.55 over 498 frames.
M07UP18A0378I302 candousii 
LOG (lattice-best-path:main():lattice-best-path.cc:99) For utterance M07UP18A0380I300, best cost 18.7403 + 1503.84 = 1522.58 over 498 frames.
M07UP18A0380I300 badaayuun 
LOG (lattice-best-path:main():lattice-best-path.cc:99) For utterance M07UP19A0341I48, best cost 11.5286 + 664.642 = 676.17 over 298 frames.
M07UP19A0341I48 bahajoii 
LOG (lattice-best-path:main():lattice-best-path.cc:99) For utterance M07UP19A0345I300, best cost 25.419 + 1741.69 = 1767.1 over 490 frames.
M07UP19A0345I300 bulandashahara 
LOG (lattice-best-path:main():lattice-best-path.cc:99) For utterance M07UP19A0345I45, best cost 14.1394 + 780.912 = 795.051 over 298 frames.
M07UP19A0345I45 haapudxqa 
LOG (lattice-best-path:main():lattice-best-path.cc:99) For utterance M07UP19A0346I301, best cost 24.2728 + 1593.89 = 1618.16 over 498 frames.
M07UP19A0346I301 aliigadxhqa 
LOG (lattice-best-path:main():lattice-best-path.cc:99) For utterance M07UP19A0348I301, best cost 30.6779 + 1250.66 = 1281.34 over 498 frames.
M07UP19A0348I301 aliigadxhqa 
LOG (lattice-best-path:main():lattice-best-path.cc:99) For utterance M07UP19A0354I301, best cost 26.9836 + 1669.18 = 1696.16 over 498 frames.
M07UP19A0354I301 aliigadxhqa 
LOG (lattice-best-path:main():lattice-best-path.cc:99) For utterance M07UP19A0354I303, best cost 26.8681 + 1587.8 = 1614.67 over 498 frames.
M07UP19A0354I303 jahaangiiraabaada 
LOG (lattice-best-path:main():lattice-best-path.cc:99) For utterance M07UP19A0356I43, best cost 19.087 + 810.846 = 829.933 over 298 frames.
M07UP19A0356I43 muraadaabaada 
LOG (lattice-best-path:main():lattice-best-path.cc:99) For utterance M07UP19A0357I300, best cost 29.3032 + 1346.56 = 1375.86 over 498 frames.
M07UP19A0357I300 bulandashahara 
LOG (lattice-best-path:main():lattice-best-path.cc:99) For utterance M07UP19A0358I303, best cost 24.6251 + 1200.72 = 1225.34 over 498 frames.
M07UP19A0358I303 aliigadxhqa 
LOG (lattice-best-path:main():lattice-best-path.cc:99) For utterance M07UP19A0359I40, best cost 12.7103 + 746.505 = 759.215 over 298 frames.
M07UP19A0359I40 bareelii 
LOG (lattice-best-path:main():lattice-best-path.cc:99) For utterance M07UP20A0734I300, best cost 31.0683 + 1327.01 = 1358.07 over 498 frames.
M07UP20A0734I300 candoulii 
LOG (lattice-best-path:main():lattice-best-path.cc:99) For utterance M07UP20A0739I44, best cost 17.7125 + 753.044 = 770.757 over 298 frames.
M07UP20A0739I44 sonbhadra 
LOG (lattice-best-path:main():lattice-best-path.cc:99) For utterance M07UP20A0739I45, best cost 13.8188 + 679.12 = 692.939 over 300 frames.
M07UP20A0739I45 waaraanxasxii 
LOG (lattice-best-path:main():lattice-best-path.cc:99) For utterance M07UP20A0740I302, best cost 21.5581 + 1281.34 = 1302.9 over 498 frames.
M07UP20A0740I302 candoulii 
LOG (lattice-best-path:main():lattice-best-path.cc:99) For utterance M07UP20A0742I302, best cost 17.3586 + 1030.34 = 1047.7 over 498 frames.
M07UP20A0742I302 candoulii 
LOG (lattice-best-path:main():lattice-best-path.cc:99) For utterance M07UP20A0750I40, best cost 19.3338 + 855.835 = 875.169 over 298 frames.
M07UP20A0750I40 candoulii 
LOG (lattice-best-path:main():lattice-best-path.cc:99) For utterance M07UP20A0753I43, best cost 11.8041 + 1006.09 = 1017.89 over 298 frames.
M07UP20A0753I43 waaraanxasxii 
LOG (lattice-best-path:main():lattice-best-path.cc:99) For utterance M07UP21A0593I302, best cost 25.3009 + 1542.49 = 1567.79 over 498 frames.
M07UP21A0593I302 karabii 
LOG (lattice-best-path:main():lattice-best-path.cc:99) For utterance M07UP21A0598I41, best cost 17.9033 + 782.423 = 800.326 over 298 frames.
M07UP21A0598I41 mauu 
LOG (lattice-best-path:main():lattice-best-path.cc:99) For utterance M07UP21A0600I300, best cost 25.0846 + 1458.18 = 1483.27 over 498 frames.
M07UP21A0600I300 seidapura 
LOG (lattice-best-path:main():lattice-best-path.cc:99) For utterance M07UP21A0600I42, best cost 27.0203 + 805.729 = 832.749 over 298 frames.
M07UP21A0600I42 baandaa 
LOG (lattice-best-path:main():lattice-best-path.cc:99) For utterance M07UP21A0606I301, best cost 25.9192 + 1430.13 = 1456.04 over 498 frames.
M07UP21A0606I301 citrakuutxa 
LOG (lattice-best-path:main():lattice-best-path.cc:99) For utterance M07UP21A0606I302, best cost 16.3585 + 1631.66 = 1648.02 over 498 frames.
M07UP21A0606I302 karabii 
LOG (lattice-best-path:main():lattice-best-path.cc:99) For utterance M07UP21A0607I301, best cost 23.8186 + 1318.71 = 1342.52 over 498 frames.
M07UP21A0607I301 citrakuutxa 
LOG (lattice-best-path:main():lattice-best-path.cc:99) For utterance M07UP22A1323I47, best cost 10.1789 + 616.801 = 626.98 over 298 frames.
M07UP22A1323I47 mauu 
LOG (lattice-best-path:main():lattice-best-path.cc:99) For utterance M07UP22A1326I300, best cost 23.9035 + 1324.51 = 1348.41 over 498 frames.
M07UP22A1326I300 deewariyaa 
LOG (lattice-best-path:main():lattice-best-path.cc:99) For utterance M07UP22A1342I301, best cost 22.3996 + 1165.61 = 1188.01 over 498 frames.
M07UP22A1342I301 gorakhapura 
LOG (lattice-best-path:main():lattice-best-path.cc:99) For utterance M07UP22A1347I43, best cost 16.2529 + 1043.48 = 1059.74 over 298 frames.
M07UP22A1347I43 deewariyaa 
LOG (lattice-best-path:main():lattice-best-path.cc:99) For utterance M07UP22A1347I47, best cost 16.972 + 1000.34 = 1017.31 over 300 frames.
M07UP22A1347I47 mauu 
LOG (lattice-best-path:main():lattice-best-path.cc:99) For utterance M07UP22A1355I301, best cost 24.0691 + 1507.01 = 1531.08 over 498 frames.
M07UP22A1355I301 gorakhapura 
LOG (lattice-best-path:main():lattice-best-path.cc:99) For utterance M07UP22A1355I47, best cost 18.2388 + 824.052 = 842.291 over 298 frames.
M07UP22A1355I47 mauu 
LOG (lattice-best-path:main():lattice-best-path.cc:99) For utterance M07UP22A1357I300, best cost 30.781 + 1268.63 = 1299.42 over 498 frames.
M07UP22A1357I300 deewariyaa 
LOG (lattice-best-path:main():lattice-best-path.cc:99) For utterance M07UP22A1357I45, best cost 15.0188 + 753.075 = 768.093 over 298 frames.
M07UP22A1357I45 gorakhapura 
LOG (lattice-best-path:main():lattice-best-path.cc:99) For utterance M07UP22A1357I47, best cost 12.9646 + 785.387 = 798.352 over 298 frames.
M07UP22A1357I47 mauu 
LOG (lattice-best-path:main():lattice-best-path.cc:99) For utterance M07UP23A0224I44, best cost 18.1512 + 1026.18 = 1044.34 over 298 frames.
M07UP23A0224I44 aliiganja 
LOG (lattice-best-path:main():lattice-best-path.cc:99) For utterance M07UP23A0233I43, best cost 14.3198 + 682.276 = 696.596 over 298 frames.
M07UP23A0233I43 phirojaabaada 
LOG (lattice-best-path:main():lattice-best-path.cc:99) For utterance M07UP23A0234I41, best cost 16.9383 + 1044.4 = 1061.34 over 298 frames.
M07UP23A0234I41 kaasaganja 
LOG (lattice-best-path:main():lattice-best-path.cc:99) For utterance M07UP23A0235I42, best cost 14.4727 + 1025.27 = 1039.75 over 298 frames.
M07UP23A0235I42 pharrukhaabaada 
LOG (lattice-best-path:main():lattice-best-path.cc:99) For utterance M07UP23A0236I43, best cost 18.5091 + 908.032 = 926.541 over 298 frames.
M07UP23A0236I43 beewara 
LOG (lattice-best-path:main():lattice-best-path.cc:99) For utterance M07UP23A0239I40, best cost 11.6465 + 987.404 = 999.051 over 298 frames.
M07UP23A0239I40 haatharasa 
LOG (lattice-best-path:main():lattice-best-path.cc:99) For utterance M07UP23A0242I42, best cost 18.8915 + 939.032 = 957.924 over 298 frames.
M07UP23A0242I42 kaasaganja 
LOG (lattice-best-path:main():lattice-best-path.cc:99) For utterance M07UP24A0171I300, best cost 23.6402 + 1405.21 = 1428.85 over 498 frames.
M07UP24A0171I300 itxaawaa 
LOG (lattice-best-path:main():lattice-best-path.cc:99) For utterance M07UP24A0172I45, best cost 13.6824 + 938.637 = 952.32 over 298 frames.
M07UP24A0172I45 beewara 
LOG (lattice-best-path:main():lattice-best-path.cc:99) For utterance M07UP24A0172I49, best cost 14.155 + 915.458 = 929.612 over 298 frames.
M07UP24A0172I49 ouraiyaa 
LOG (lattice-best-path:main():lattice-best-path.cc:99) For utterance M07UP24A0173I44, best cost 12.5442 + 719.008 = 731.552 over 298 frames.
M07UP24A0173I44 sirasaaganja 
LOG (lattice-best-path:main():lattice-best-path.cc:99) For utterance M07UP24A0173I46, best cost 10.9354 + 649.597 = 660.532 over 298 frames.
M07UP24A0173I46 uraii 
LOG (lattice-best-path:main():lattice-best-path.cc:99) For utterance M07UP24A0175I301, best cost 26.4886 + 1355.67 = 1382.16 over 498 frames.
M07UP24A0175I301 ouraiyaa 
LOG (lattice-best-path:main():lattice-best-path.cc:99) For utterance M07UP24A0177F606, best cost 30.7008 + 2460.74 = 2491.44 over 998 frames.
M07UP24A0177F606 itxaawaa 
LOG (lattice-best-path:main():lattice-best-path.cc:99) For utterance M07UP24A0179I302, best cost 22.6502 + 1256.29 = 1278.94 over 498 frames.
M07UP24A0179I302 itxaawaa 
LOG (lattice-best-path:main():lattice-best-path.cc:99) For utterance M07UP24A0181I301, best cost 14.2586 + 1739.93 = 1754.19 over 498 frames.
M07UP24A0181I301 itxaawaa 
LOG (lattice-best-path:main():lattice-best-path.cc:99) For utterance M07UP24A0181I42, best cost 11.6955 + 922.94 = 934.636 over 298 frames.
M07UP24A0181I42 ghiroura 
LOG (lattice-best-path:main():lattice-best-path.cc:99) For utterance M07UP24A0181I48, best cost 19.1244 + 902.924 = 922.049 over 298 frames.
M07UP24A0181I48 phirojaabaada 
LOG (lattice-best-path:main():lattice-best-path.cc:99) For utterance M07UP24A0185I303, best cost 23.8572 + 1494.55 = 1518.41 over 498 frames.
M07UP24A0185I303 sirasaaganja 
LOG (lattice-best-path:main():lattice-best-path.cc:99) For utterance M07UP24A0188I302, best cost 19.9771 + 1361.92 = 1381.89 over 498 frames.
M07UP24A0188I302 kheira 
LOG (lattice-best-path:main():lattice-best-path.cc:99) For utterance M07UP24A0191I300, best cost 19.417 + 1205.62 = 1225.04 over 498 frames.
M07UP24A0191I300 itxaawaa 
LOG (lattice-best-path:main():lattice-best-path.cc:99) For utterance M07UP25A1205I302, best cost 27.9394 + 1619.21 = 1647.15 over 498 frames.
M07UP25A1205I302 akbarapura 
LOG (lattice-best-path:main():lattice-best-path.cc:99) For utterance M07UP25A1205I43, best cost 21.7673 + 967.545 = 989.312 over 298 frames.
M07UP25A1205I43 kaanapura 
LOG (lattice-best-path:main():lattice-best-path.cc:99) For utterance M07UP25A1206I45, best cost 26.6344 + 907.864 = 934.498 over 298 frames.
M07UP25A1206I45 gondxaa 
LOG (lattice-best-path:main():lattice-best-path.cc:99) For utterance M07UP25A1209I41, best cost 13.4524 + 848.751 = 862.203 over 298 frames.
M07UP25A1209I41 raaibareilii 
LOG (lattice-best-path:main():lattice-best-path.cc:99) For utterance M07UP25A1216I41, best cost 15.5814 + 1015.38 = 1030.96 over 298 frames.
M07UP25A1216I41 pheijaabaada 
LOG (lattice-best-path:main():lattice-best-path.cc:99) For utterance M07UP25A1220I300, best cost 25.3917 + 1400.24 = 1425.63 over 498 frames.
M07UP25A1220I300 pheijaabaada 
LOG (lattice-best-path:main():lattice-best-path.cc:99) For utterance M07UP25A1220I42, best cost 19.2776 + 836.26 = 855.538 over 298 frames.
M07UP25A1220I42 baaraabankii 
LOG (lattice-best-path:main():lattice-best-path.cc:99) For utterance M07UP25A1261I302, best cost 24.616 + 1627.27 = 1651.89 over 500 frames.
M07UP25A1261I302 pheijaabaada 
LOG (lattice-best-path:main():lattice-best-path.cc:99) For utterance M07UP26A0214I42, best cost 14.2581 + 1063.82 = 1078.08 over 298 frames.
M07UP26A0214I42 aliigadxhqa 
LOG (lattice-best-path:main():lattice-best-path.cc:99) For utterance M07UP26A0255I48, best cost 13.0355 + 820.452 = 833.488 over 300 frames.
M07UP26A0255I48 eitxaa 
LOG (lattice-best-path:main():lattice-best-path.cc:99) For utterance M07UP26A0257I47, best cost 15.0424 + 676.681 = 691.723 over 298 frames.
M07UP26A0257I47 daataaganja 
LOG (lattice-best-path:main():lattice-best-path.cc:99) For utterance M07UP26A0258I414, best cost 19.5851 + 808.016 = 827.601 over 298 frames.
M07UP26A0258I414 mauu 
LOG (lattice-best-path:main():lattice-best-path.cc:99) For utterance M07UP26A0261I47, best cost 13.6623 + 819.87 = 833.533 over 298 frames.
M07UP26A0261I47 kannouja 
LOG (lattice-best-path:main():lattice-best-path.cc:99) For utterance M07UP26A0262I41, best cost 14.3757 + 937.324 = 951.699 over 298 frames.
M07UP26A0262I41 badaayuun 
LOG (lattice-best-path:main():lattice-best-path.cc:99) For utterance M07UP26A0263I43, best cost 16.2503 + 740.706 = 756.956 over 298 frames.
M07UP26A0263I43 awaagadxhqa 
LOG (lattice-best-path:main():lattice-best-path.cc:99) For utterance M07UP26A0267I44, best cost 13.9215 + 811.642 = 825.564 over 298 frames.
M07UP26A0267I44 kaasaganja 
LOG (lattice-best-path:main():lattice-best-path.cc:99) For utterance M07UP26A0269I47, best cost 14.405 + 1005.4 = 1019.8 over 298 frames.
M07UP26A0269I47 kannouja 
LOG (lattice-best-path:main():lattice-best-path.cc:99) For utterance M07UP26A0270I42, best cost 15.6919 + 897.643 = 913.334 over 298 frames.
M07UP26A0270I42 aliiganja 
LOG (lattice-best-path:main():lattice-best-path.cc:99) For utterance M07UP26A0272I44, best cost 10.9192 + 629.689 = 640.609 over 298 frames.
M07UP26A0272I44 beewara 
LOG (lattice-best-path:main():lattice-best-path.cc:99) For utterance M07UP27A0641I438, best cost 15.8305 + 798.324 = 814.155 over 298 frames.
M07UP27A0641I438 risiiyaa 
LOG (lattice-best-path:main():lattice-best-path.cc:99) For utterance M07UP27A0647I41, best cost 12.8822 + 817.372 = 830.254 over 298 frames.
M07UP27A0647I41 phateehapura 
LOG (lattice-best-path:main():lattice-best-path.cc:99) For utterance M07UP27A0647I43, best cost 17.2561 + 825.76 = 843.016 over 298 frames.
M07UP27A0647I43 koushaamabii 
LOG (lattice-best-path:main():lattice-best-path.cc:99) For utterance M07UP27A0657I303, best cost 22.2195 + 1411.31 = 1433.53 over 498 frames.
M07UP27A0657I303 koushaamabii 
LOG (lattice-best-path:main():lattice-best-path.cc:99) For utterance M07UP28A0216I301, best cost 13.8328 + 1539.99 = 1553.82 over 498 frames.
M07UP28A0216I301 aagaraa 
LOG (lattice-best-path:main():lattice-best-path.cc:99) For utterance M07UP28A0218I300, best cost 21.4909 + 1377.75 = 1399.24 over 498 frames.
M07UP28A0218I300 beewara 
LOG (lattice-best-path:main():lattice-best-path.cc:99) For utterance M07UP28A0219I40, best cost 13.0484 + 854.17 = 867.219 over 298 frames.
M07UP28A0219I40 aagaraa 
LOG (lattice-best-path:main():lattice-best-path.cc:99) For utterance M07UP28A0219I505, best cost 12.8055 + 848.251 = 861.056 over 300 frames.
M07UP28A0219I505 aagaraa 
LOG (lattice-best-path:main():lattice-best-path.cc:99) For utterance M07UP28A0225I302, best cost 15.354 + 1586.04 = 1601.4 over 498 frames.
M07UP28A0225I302 meinapurii 
LOG (lattice-best-path:main():lattice-best-path.cc:99) For utterance M07UP28A0225I40, best cost 16.2898 + 825.113 = 841.403 over 298 frames.
M07UP28A0225I40 aagaraa 
LOG (lattice-best-path:main():lattice-best-path.cc:99) For utterance M07UP28A0225I41, best cost 12.4021 + 1137.33 = 1149.73 over 298 frames.
M07UP28A0225I41 ghiroura 
LOG (lattice-best-path:main():lattice-best-path.cc:99) For utterance M07UP29A0506I301, best cost 19.7893 + 1214.24 = 1234.03 over 498 frames.
M07UP29A0506I301 gaajiyaabaada 
LOG (lattice-best-path:main():lattice-best-path.cc:99) For utterance M07UP29A0509I42, best cost 17.9699 + 841.794 = 859.764 over 298 frames.
M07UP29A0509I42 aliigadxhqa 
LOG (lattice-best-path:main():lattice-best-path.cc:99) For utterance M07UP29A0509I45, best cost 13.7895 + 845.674 = 859.463 over 298 frames.
M07UP29A0509I45 awaagadxhqa 
LOG (lattice-best-path:main():lattice-best-path.cc:99) For utterance M07UP29A0510I303, best cost 18.8519 + 1308.82 = 1327.68 over 500 frames.
M07UP29A0510I303 sikandaraabaada 
LOG (lattice-best-path:main():lattice-best-path.cc:99) For utterance M07UP29A0510I44, best cost 14.1867 + 701.28 = 715.466 over 298 frames.
M07UP29A0510I44 anuupashahara 
LOG (lattice-best-path:main():lattice-best-path.cc:99) For utterance M07UP29A0511I301, best cost 18.9837 + 1426.61 = 1445.6 over 498 frames.
M07UP29A0511I301 gaajiyaabaada 
LOG (lattice-best-path:main():lattice-best-path.cc:99) For utterance M07UP29A0511I42, best cost 19.7112 + 927.76 = 947.471 over 298 frames.
M07UP29A0511I42 koshiikalaan 
LOG (lattice-best-path:main():lattice-best-path.cc:99) For utterance M07UP29A0513I44, best cost 11.5046 + 815.14 = 826.645 over 298 frames.
M07UP29A0513I44 eitxaa 
LOG (lattice-best-path:main():lattice-best-path.cc:99) For utterance M07UP29A0514I41, best cost 14.7362 + 856.43 = 871.166 over 298 frames.
M07UP29A0514I41 aliigadxhqa 
LOG (lattice-best-path:main():lattice-best-path.cc:99) For utterance M07UP29A0516I41, best cost 11.9272 + 984.085 = 996.012 over 298 frames.
M07UP29A0516I41 aliigadxhqa 
LOG (lattice-best-path:main():lattice-best-path.cc:99) For utterance M07UP29A0517I303, best cost 17.5341 + 1342.82 = 1360.35 over 498 frames.
M07UP29A0517I303 sikandaraabaada 
LOG (lattice-best-path:main():lattice-best-path.cc:99) For utterance M07UP29A0520I42, best cost 15.6976 + 746.875 = 762.572 over 298 frames.
M07UP29A0520I42 aliigadxhqa 
LOG (lattice-best-path:main():lattice-best-path.cc:99) For utterance M07UP29A0520I45, best cost 19.666 + 923.313 = 942.979 over 298 frames.
M07UP29A0520I45 awaagadxhqa 
LOG (lattice-best-path:main():lattice-best-path.cc:99) For utterance M07UP29A0521I303, best cost 27.4564 + 1294.94 = 1322.4 over 498 frames.
M07UP29A0521I303 gaajiyaabaada 
LOG (lattice-best-path:main():lattice-best-path.cc:99) For utterance M07UP29A0521I47, best cost 16.7626 + 756.7 = 773.463 over 298 frames.
M07UP29A0521I47 sikandaraabaada 
LOG (lattice-best-path:main():lattice-best-path.cc:99) For utterance M07UP31A1290I43, best cost 14.1175 + 788.808 = 802.926 over 298 frames.
M07UP31A1290I43 candoulii 
LOG (lattice-best-path:main():lattice-best-path.cc:99) For utterance M07UP31A1291I42, best cost 19.5358 + 839.822 = 859.358 over 298 frames.
M07UP31A1291I42 baliiyaa 
LOG (lattice-best-path:main():lattice-best-path.cc:99) For utterance M07UP31A1292I301, best cost 24.801 + 1316.91 = 1341.71 over 498 frames.
M07UP31A1292I301 aajamagadxhqa 
LOG (lattice-best-path:main():lattice-best-path.cc:99) For utterance M07UP31A1294I302, best cost 34.0198 + 1229.04 = 1263.06 over 498 frames.
M07UP31A1294I302 jangiipura 
LOG (lattice-best-path:main():lattice-best-path.cc:99) For utterance M07UP31A1294I43, best cost 23.7495 + 862.964 = 886.714 over 298 frames.
M07UP31A1294I43 candoulii 
LOG (lattice-best-path:main():lattice-best-path.cc:99) For utterance M07UP31A1296I500, best cost 24.0819 + 1055.24 = 1079.32 over 498 frames.
M07UP31A1296I500 nagiinaa 
LOG (lattice-best-path:main():lattice-best-path.cc:99) For utterance M07UP31A1300I300, best cost 25.2148 + 1705.08 = 1730.29 over 498 frames.
M07UP31A1300I300 gaajiipura 
LOG (lattice-best-path:main():lattice-best-path.cc:99) For utterance M07UP31A1302I301, best cost 30.4723 + 1357.75 = 1388.22 over 498 frames.
M07UP31A1302I301 aajamagadxhqa 
LOG (lattice-best-path:main():lattice-best-path.cc:99) For utterance M07UP31A1306I302, best cost 33.82 + 1352.51 = 1386.33 over 498 frames.
M07UP31A1306I302 jangiipura 
LOG (lattice-best-path:main():lattice-best-path.cc:99) For utterance M07UP31A1306I303, best cost 18.2795 + 1752.85 = 1771.13 over 498 frames.
M07UP31A1306I303 mohammadaabaada 
LOG (lattice-best-path:main():lattice-best-path.cc:99) For utterance M07UP31A1306I43, best cost 11.7399 + 705.562 = 717.302 over 298 frames.
M07UP31A1306I43 candoulii 
LOG (lattice-best-path:main():lattice-best-path.cc:99) For utterance M07UP31A1307I430, best cost 24.9617 + 828.731 = 853.693 over 298 frames.
M07UP31A1307I430 baliiyaa 
LOG (lattice-best-path:main():lattice-best-path.cc:99) For utterance M07UP31A1308I435, best cost 20.1458 + 807.477 = 827.623 over 298 frames.
M07UP31A1308I435 baliiyaa 
LOG (lattice-best-path:main():lattice-best-path.cc:99) For utterance M07UP31A1309I44, best cost 13.3017 + 1057.32 = 1070.62 over 298 frames.
M07UP31A1309I44 deewariyaa 
LOG (lattice-best-path:main():lattice-best-path.cc:99) For utterance M07UP31A1310I45, best cost 17.5253 + 949.847 = 967.373 over 298 frames.
M07UP31A1310I45 gaajiipura 
LOG (lattice-best-path:main():lattice-best-path.cc:99) For utterance M07UP34A0551I43, best cost 14.1762 + 907.427 = 921.603 over 300 frames.
M07UP34A0551I43 citrakuutxa 
LOG (lattice-best-path:main():lattice-best-path.cc:99) For utterance M07UP34A0554I301, best cost 20.1555 + 1273.48 = 1293.64 over 498 frames.
M07UP34A0554I301 jaalouna 
LOG (lattice-best-path:main():lattice-best-path.cc:99) For utterance M07UP34A0555I300, best cost 18.3939 + 1728.85 = 1747.24 over 498 frames.
M07UP34A0555I300 hamiirapura 
LOG (lattice-best-path:main():lattice-best-path.cc:99) For utterance M07UP34A0558I42, best cost 15.9884 + 886.846 = 902.834 over 298 frames.
M07UP34A0558I42 baandaa 
LOG (lattice-best-path:main():lattice-best-path.cc:99) For utterance M07UP34A0559I303, best cost 25.7434 + 1365.87 = 1391.61 over 498 frames.
M07UP34A0559I303 uraii 
LOG (lattice-best-path:main():lattice-best-path.cc:99) For utterance M07UP34A0559I44, best cost 22.9844 + 806.664 = 829.648 over 298 frames.
M07UP34A0559I44 phateehapura 
LOG (lattice-best-path:main():lattice-best-path.cc:99) For utterance M07UP34A0561I300, best cost 28.0941 + 1642.46 = 1670.56 over 498 frames.
M07UP34A0561I300 hamiirapura 
LOG (lattice-best-path:main():lattice-best-path.cc:99) For utterance M07UP34A0563I303, best cost 37.7689 + 1243.97 = 1281.74 over 498 frames.
M07UP34A0563I303 raatxha 
LOG (lattice-best-path:main():lattice-best-path.cc:99) For utterance M07UP34A0564I43, best cost 16.7085 + 816.06 = 832.768 over 298 frames.
M07UP34A0564I43 citrakuutxa 
LOG (lattice-best-path:main():lattice-best-path.cc:99) For utterance M07UP34A0566I301, best cost 20.0433 + 1197.27 = 1217.31 over 498 frames.
M07UP34A0566I301 hamiirapura 
LOG (lattice-best-path:main():lattice-best-path.cc:99) For utterance M07UP35A0443I41, best cost 15.2608 + 894.867 = 910.128 over 298 frames.
M07UP35A0443I41 amarohaa 
LOG (lattice-best-path:main():lattice-best-path.cc:99) For utterance M07UP35A0446I301, best cost 16.9629 + 1404.94 = 1421.9 over 498 frames.
M07UP35A0446I301 gaajiyaabaada 
LOG (lattice-best-path:main():lattice-best-path.cc:99) For utterance M07UP35A0448I301, best cost 27.91 + 1182.59 = 1210.5 over 498 frames.
M07UP35A0448I301 gaajiyaabaada 
LOG (lattice-best-path:main():lattice-best-path.cc:99) For utterance M07UP35A0450I301, best cost 28.8732 + 1707.37 = 1736.25 over 498 frames.
M07UP35A0450I301 gaajiyaabaada 
LOG (lattice-best-path:main():lattice-best-path.cc:99) For utterance M07UP35A0452I303, best cost 33.506 + 1196.32 = 1229.83 over 498 frames.
M07UP35A0452I303 haapudxqa 
LOG (lattice-best-path:main():lattice-best-path.cc:99) For utterance M07UP35A0455I303, best cost 27.3351 + 1187.05 = 1214.38 over 498 frames.
M07UP35A0455I303 haapudxqa 
LOG (lattice-best-path:main():lattice-best-path.cc:99) For utterance M07UP35A0455I426, best cost 18.7319 + 975.54 = 994.272 over 298 frames.
M07UP35A0455I426 risiiyaa 
LOG (lattice-best-path:main():lattice-best-path.cc:99) For utterance M07UP35A0456I43, best cost 20.9827 + 884.604 = 905.587 over 298 frames.
M07UP35A0456I43 baagapata 
LOG (lattice-best-path:main():lattice-best-path.cc:99) For utterance M07UP35A0457I41, best cost 21.0753 + 940.919 = 961.994 over 298 frames.
M07UP35A0457I41 haapudxqa 
LOG (lattice-best-path:main():lattice-best-path.cc:99) For utterance M07UP35A0459I303, best cost 17.3156 + 1273.62 = 1290.94 over 498 frames.
M07UP35A0459I303 haapudxqa 
LOG (lattice-best-path:main():lattice-best-path.cc:99) For utterance M07UP36A0825I301, best cost 32.5675 + 1402.08 = 1434.65 over 498 frames.
M07UP36A0825I301 lakhanauu 
LOG (lattice-best-path:main():lattice-best-path.cc:99) For utterance M07UP36A0825I40, best cost 14.1476 + 815.845 = 829.992 over 298 frames.
M07UP36A0825I40 kannouja 
LOG (lattice-best-path:main():lattice-best-path.cc:99) For utterance M07UP36A0827I300, best cost 25.5398 + 1157.56 = 1183.1 over 498 frames.
M07UP36A0827I300 hardoii 
LOG (lattice-best-path:main():lattice-best-path.cc:99) For utterance M07UP36A0829I302, best cost 18.8281 + 1395.06 = 1413.89 over 498 frames.
M07UP36A0829I302 sandxiilaa 
LOG (lattice-best-path:main():lattice-best-path.cc:99) For utterance M07UP36A0832I302, best cost 26.6216 + 1456.4 = 1483.02 over 498 frames.
M07UP36A0832I302 sandxiilaa 
LOG (lattice-best-path:main():lattice-best-path.cc:99) For utterance M07UP36A0840I41, best cost 14.6974 + 689.938 = 704.635 over 298 frames.
M07UP36A0840I41 baaraabankii 
LOG (lattice-best-path:main():lattice-best-path.cc:99) For utterance M07UP37A0301I42, best cost 12.4551 + 625.164 = 637.619 over 298 frames.
M07UP37A0301I42 aagaraa 
LOG (lattice-best-path:main():lattice-best-path.cc:99) For utterance M07UP37A0302I45, best cost 11.3004 + 981.766 = 993.066 over 298 frames.
M07UP37A0302I45 haatharasa 
LOG (lattice-best-path:main():lattice-best-path.cc:99) For utterance M07UP37A0306I47, best cost 15.8239 + 1065.36 = 1081.19 over 298 frames.
M07UP37A0306I47 daataaganja 
LOG (lattice-best-path:main():lattice-best-path.cc:99) For utterance M07UP37A0307I303, best cost 24.2532 + 1623.01 = 1647.27 over 498 frames.
M07UP37A0307I303 haatharasa 
LOG (lattice-best-path:main():lattice-best-path.cc:99) For utterance M07UP37A0309I40, best cost 15.7161 + 1078.92 = 1094.63 over 298 frames.
M07UP37A0309I40 sikohaabaada 
LOG (lattice-best-path:main():lattice-best-path.cc:99) For utterance M07UP37A0309I44, best cost 15.4712 + 993.555 = 1009.03 over 300 frames.
M07UP37A0309I44 kaasaganja 
LOG (lattice-best-path:main():lattice-best-path.cc:99) For utterance M07UP37A0311I43, best cost 17.9147 + 799.379 = 817.294 over 298 frames.
M07UP37A0311I43 aliigadxhqa 
LOG (lattice-best-path:main():lattice-best-path.cc:99) For utterance M07UP37A0311I44, best cost 17.0532 + 798.145 = 815.198 over 298 frames.
M07UP37A0311I44 awaagadxhqa 
LOG (lattice-best-path:main():lattice-best-path.cc:99) For utterance M07UP37A0311I48, best cost 12.3709 + 660.269 = 672.64 over 300 frames.
M07UP37A0311I48 aagaraa 
LOG (lattice-best-path:main():lattice-best-path.cc:99) For utterance M07UP37A0313I427, best cost 14.7015 + 871.619 = 886.321 over 298 frames.
M07UP37A0313I427 risiiyaa 
LOG (lattice-best-path:main():lattice-best-path.cc:99) For utterance M07UP37A0314I300, best cost 22.0685 + 1620.61 = 1642.68 over 498 frames.
M07UP37A0314I300 haatharasa 
LOG (lattice-best-path:main():lattice-best-path.cc:99) For utterance M07UP37A0316I305, best cost 17.6761 + 1783.29 = 1800.96 over 498 frames.
M07UP37A0316I305 haatharasa 
LOG (lattice-best-path:main():lattice-best-path.cc:99) For utterance M07UP37A0317I47, best cost 15.0333 + 785.142 = 800.175 over 298 frames.
M07UP37A0317I47 pharrukhaabaada 
LOG (lattice-best-path:main():lattice-best-path.cc:99) For utterance M07UP37A0317I48, best cost 23.181 + 1011.45 = 1034.63 over 298 frames.
M07UP37A0317I48 phirojaabaada 
LOG (lattice-best-path:main():lattice-best-path.cc:99) For utterance M07UP37A0319I301, best cost 15.7204 + 1755.94 = 1771.66 over 498 frames.
M07UP37A0319I301 aliigadxhqa 
LOG (lattice-best-path:main():lattice-best-path.cc:99) For utterance M07UP38A0103I43, best cost 12.9141 + 824.857 = 837.771 over 298 frames.
M07UP38A0103I43 baruaasaagara 
LOG (lattice-best-path:main():lattice-best-path.cc:99) For utterance M07UP38A0107I43, best cost 12.1615 + 867.952 = 880.114 over 298 frames.
M07UP38A0107I43 raatxha 
LOG (lattice-best-path:main():lattice-best-path.cc:99) For utterance M07UP39A0774I301, best cost 20.1388 + 1194.91 = 1215.05 over 498 frames.
M07UP39A0774I301 waaraanxasxii 
LOG (lattice-best-path:main():lattice-best-path.cc:99) For utterance M07UP39A0776I302, best cost 12.8908 + 1186.73 = 1199.62 over 498 frames.
M07UP39A0776I302 kaanapura 
LOG (lattice-best-path:main():lattice-best-path.cc:99) For utterance M07UP39A0777I300, best cost 14.4613 + 1306.02 = 1320.48 over 498 frames.
M07UP39A0777I300 jounapura 
LOG (lattice-best-path:main():lattice-best-path.cc:99) For utterance M07UP39A0777I423, best cost 10.5044 + 674.647 = 685.152 over 298 frames.
M07UP39A0777I423 mauu 
LOG (lattice-best-path:main():lattice-best-path.cc:99) For utterance M07UP39A0778I303, best cost 21.228 + 1418.85 = 1440.08 over 498 frames.
M07UP39A0778I303 txuundxlaa 
LOG (lattice-best-path:main():lattice-best-path.cc:99) For utterance M07UP39A0781I501, best cost 17.8536 + 1080.77 = 1098.63 over 398 frames.
M07UP39A0781I501 mohammadii 
LOG (lattice-best-path:main():lattice-best-path.cc:99) For utterance M07UP41A0273I301, best cost 20.2954 + 1785.13 = 1805.42 over 498 frames.
M07UP41A0273I301 pharrukhaabaada 
LOG (lattice-best-path:main():lattice-best-path.cc:99) For utterance M07UP41A0273I47, best cost 9.8307 + 930.866 = 940.696 over 298 frames.
M07UP41A0273I47 siitaapura 
LOG (lattice-best-path:main():lattice-best-path.cc:99) For utterance M07UP41A0275I300, best cost 20.1964 + 1182 = 1202.2 over 498 frames.
M07UP41A0275I300 kannouja 
LOG (lattice-best-path:main():lattice-best-path.cc:99) For utterance M07UP41A0277I300, best cost 14.4581 + 1530.54 = 1545 over 498 frames.
M07UP41A0277I300 kannouja 
LOG (lattice-best-path:main():lattice-best-path.cc:99) For utterance M07UP41A0277I43, best cost 14.0387 + 1014.96 = 1029 over 298 frames.
M07UP41A0277I43 baangaramauu 
LOG (lattice-best-path:main():lattice-best-path.cc:99) For utterance M07UP41A0279I301, best cost 20.0441 + 1503.55 = 1523.59 over 498 frames.
M07UP41A0279I301 pharrukhaabaada 
LOG (lattice-best-path:main():lattice-best-path.cc:99) For utterance M07UP41A0279I302, best cost 13.9159 + 1403.94 = 1417.85 over 498 frames.
M07UP41A0279I302 kannouja 
LOG (lattice-best-path:main():lattice-best-path.cc:99) For utterance M07UP41A0279I47, best cost 13.504 + 1090.13 = 1103.63 over 298 frames.
M07UP41A0279I47 kaanapuradeehaata 
LOG (lattice-best-path:main():lattice-best-path.cc:99) For utterance M07UP41A0280I42, best cost 13.5933 + 853.44 = 867.033 over 298 frames.
M07UP41A0280I42 beewara 
LOG (lattice-best-path:main():lattice-best-path.cc:99) For utterance M07UP41A0280I45, best cost 16.6984 + 1013.03 = 1029.73 over 298 frames.
M07UP41A0280I45 uttariipuraa 
LOG (lattice-best-path:main():lattice-best-path.cc:99) For utterance M07UP41A0283I48, best cost 13.4424 + 655.938 = 669.38 over 298 frames.
M07UP41A0283I48 itxaawaa 
LOG (lattice-best-path:main():lattice-best-path.cc:99) For utterance M07UP41A0289I303, best cost 24.841 + 1491.26 = 1516.1 over 498 frames.
M07UP41A0289I303 kannouja 
LOG (lattice-best-path:main():lattice-best-path.cc:99) For utterance M07UP41A0289I44, best cost 13.9457 + 784.74 = 798.685 over 300 frames.
M07UP41A0289I44 beewara 
LOG (lattice-best-path:main():lattice-best-path.cc:99) For utterance M07UP41A0290I47, best cost 15.9448 + 780.89 = 796.835 over 298 frames.
M07UP41A0290I47 unnaanwa 
LOG (lattice-best-path:main():lattice-best-path.cc:99) For utterance M07UP41A0291I43, best cost 16.1629 + 715.785 = 731.948 over 298 frames.
M07UP41A0291I43 kamalaaganja 
LOG (lattice-best-path:main():lattice-best-path.cc:99) For utterance M07UP41A0291I46, best cost 15.9966 + 789.482 = 805.479 over 298 frames.
M07UP41A0291I46 pharrukhaabaada 
LOG (lattice-best-path:main():lattice-best-path.cc:99) For utterance M07UP42A0111I46, best cost 16.7545 + 746.809 = 763.563 over 298 frames.
M07UP42A0111I46 kannouja 
LOG (lattice-best-path:main():lattice-best-path.cc:99) For utterance M07UP42A0116I430, best cost 13.7639 + 943.114 = 956.878 over 298 frames.
M07UP42A0116I430 wariipaala 
LOG (lattice-best-path:main():lattice-best-path.cc:99) For utterance M07UP42A0117I419, best cost 15.2509 + 824.66 = 839.911 over 298 frames.
M07UP42A0117I419 pukharaanyaan 
LOG (lattice-best-path:main():lattice-best-path.cc:99) For utterance M07UP42A0117I423, best cost 14.4841 + 916.121 = 930.605 over 298 frames.
M07UP42A0117I423 dxibiyaapura 
LOG (lattice-best-path:main():lattice-best-path.cc:99) For utterance M07UP42A0119I300, best cost 16.0857 + 1650.21 = 1666.3 over 498 frames.
M07UP42A0119I300 kaanapuradeehaata 
LOG (lattice-best-path:main():lattice-best-path.cc:99) For utterance M07UP42A0119I46, best cost 18.0386 + 981.715 = 999.754 over 298 frames.
M07UP42A0119I46 kannouja 
LOG (lattice-best-path:main():lattice-best-path.cc:99) For utterance M07UP42A0120I418, best cost 16.277 + 864.632 = 880.909 over 298 frames.
M07UP42A0120I418 hamiirapura 
LOG (lattice-best-path:main():lattice-best-path.cc:99) For utterance M07UP42A0120I424, best cost 19.8813 + 842.462 = 862.344 over 298 frames.
M07UP42A0120I424 uttariipuraa 
LOG (lattice-best-path:main():lattice-best-path.cc:99) For utterance M07UP42A0120I429, best cost 17.6161 + 941.902 = 959.518 over 298 frames.
M07UP42A0120I429 maadhougadxhqa 
LOG (lattice-best-path:main():lattice-best-path.cc:99) For utterance M07UP42A0122I302, best cost 15.4483 + 1445.35 = 1460.8 over 498 frames.
M07UP42A0122I302 ouraiyaa 
LOG (lattice-best-path:main():lattice-best-path.cc:99) For utterance M07UP42A0122I424, best cost 18.2671 + 911.185 = 929.453 over 298 frames.
M07UP42A0122I424 wariipaala 
LOG (lattice-best-path:main():lattice-best-path.cc:99) For utterance M07UP42A0122I46, best cost 19.7448 + 878.4 = 898.145 over 298 frames.
M07UP42A0122I46 hamiirapura 
LOG (lattice-best-path:main():lattice-best-path.cc:99) For utterance M07UP42A0123I42, best cost 16.9183 + 899.917 = 916.836 over 298 frames.
M07UP42A0123I42 jaalouna 
LOG (lattice-best-path:main():lattice-best-path.cc:99) For utterance M07UP42A0123I424, best cost 14.2451 + 961.889 = 976.134 over 298 frames.
M07UP42A0123I424 dxibiyaapura 
LOG (lattice-best-path:main():lattice-best-path.cc:99) For utterance M07UP42A0124I45, best cost 17.3627 + 820.15 = 837.513 over 298 frames.
M07UP42A0124I45 chibaraamauu 
LOG (lattice-best-path:main():lattice-best-path.cc:99) For utterance M07UP42A0126I437, best cost 16.6263 + 910.505 = 927.132 over 298 frames.
M07UP42A0126I437 ouraiyaa 
LOG (lattice-best-path:main():lattice-best-path.cc:99) For utterance M07UP43A0148I300, best cost 22.8401 + 1674.86 = 1697.7 over 498 frames.
M07UP43A0148I300 bilsii 
LOG (lattice-best-path:main():lattice-best-path.cc:99) For utterance M07UP43A0151I42, best cost 13.6115 + 1062.45 = 1076.06 over 298 frames.
M07UP43A0151I42 ouraiyaa 
LOG (lattice-best-path:main():lattice-best-path.cc:99) For utterance M07UP43A0154I43, best cost 14.4984 + 728.959 = 743.457 over 298 frames.
M07UP43A0154I43 phateehapura 
LOG (lattice-best-path:main():lattice-best-path.cc:99) For utterance M07UP43A0154I44, best cost 17.6405 + 767.737 = 785.377 over 298 frames.
M07UP43A0154I44 kaanapura 
LOG (lattice-best-path:main():lattice-best-path.cc:99) For utterance M07UP43A0158I41, best cost 16.998 + 917.592 = 934.59 over 298 frames.
M07UP43A0158I41 unnaanwa 
LOG (lattice-best-path:main():lattice-best-path.cc:99) For utterance M07UP45A0614I48, best cost 15.2106 + 909.839 = 925.05 over 298 frames.
M07UP45A0614I48 prataapagadxhqa 
LOG (lattice-best-path:main():lattice-best-path.cc:99) For utterance M07UP45A0616I43, best cost 16.5466 + 852.555 = 869.101 over 298 frames.
M07UP45A0616I43 baruaasumeerapura 
LOG (lattice-best-path:main():lattice-best-path.cc:99) For utterance M07UP45A0624I41, best cost 21.3198 + 844.656 = 865.976 over 298 frames.
M07UP45A0624I41 jalaalaabaada 
LOG (lattice-best-path:main():lattice-best-path.cc:99) For utterance M07UP45A0624I44, best cost 25.5243 + 814.258 = 839.782 over 298 frames.
M07UP45A0624I44 citrakuutxa 
LOG (lattice-best-path:main():lattice-best-path.cc:99) For utterance M07UP45A0625I41, best cost 19.242 + 922.616 = 941.858 over 298 frames.
M07UP45A0625I41 ilaahaabaada 
LOG (lattice-best-path:main():lattice-best-path.cc:99) For utterance M07UP45A0627I43, best cost 13.927 + 687.646 = 701.573 over 298 frames.
M07UP45A0627I43 bharawaarii 
LOG (lattice-best-path:main():lattice-best-path.cc:99) For utterance M07UP45A0628I41, best cost 18.4043 + 895.875 = 914.279 over 298 frames.
M07UP45A0628I41 ilaahaabaada 
LOG (lattice-best-path:main():lattice-best-path.cc:99) For utterance M07UP45A0629I303, best cost 22.6847 + 1671.65 = 1694.33 over 498 frames.
M07UP45A0629I303 citrakuutxa 
LOG (lattice-best-path:main():lattice-best-path.cc:99) For utterance M07UP45A0634I48, best cost 19.9778 + 787.276 = 807.254 over 298 frames.
M07UP45A0634I48 prataapagadxhqa 
LOG (lattice-best-path:main():lattice-best-path.cc:99) For utterance M07UP45A0635I42, best cost 19.3554 + 906.785 = 926.141 over 298 frames.
M07UP45A0635I42 baandaa 
LOG (lattice-best-path:main():lattice-best-path.cc:99) For utterance M07UP45A0636I300, best cost 14.4147 + 1100.35 = 1114.76 over 498 frames.
M07UP45A0636I300 koushaamabii 
LOG (lattice-best-path:main():lattice-best-path.cc:99) For utterance M07UP48A0013I417, best cost 18.6383 + 857.391 = 876.029 over 298 frames.
M07UP48A0013I417 kaasaganja 
LOG (lattice-best-path:main():lattice-best-path.cc:99) For utterance M07UP48A0013I43, best cost 21.4736 + 909.932 = 931.406 over 298 frames.
M07UP48A0013I43 ciragaanwa 
LOG (lattice-best-path:main():lattice-best-path.cc:99) For utterance M07UP48A0014I44, best cost 15.8309 + 917.513 = 933.344 over 298 frames.
M07UP48A0014I44 shaahapura 
LOG (lattice-best-path:main():lattice-best-path.cc:99) For utterance M07UP48A0015I422, best cost 17.4898 + 884.354 = 901.844 over 298 frames.
M07UP48A0015I422 deewariyaa 
LOG (lattice-best-path:main():lattice-best-path.cc:99) For utterance M07UP48A0018I422, best cost 17.7932 + 982.62 = 1000.41 over 298 frames.
M07UP48A0018I422 jamaniyaana 
LOG (lattice-best-path:main():lattice-best-path.cc:99) For utterance M07UP48A0020I43, best cost 12.7789 + 722.449 = 735.228 over 298 frames.
M07UP48A0020I43 ciragaanwa 
LOG (lattice-best-path:main():lattice-best-path.cc:99) For utterance M07UP48A0021I45, best cost 18.2631 + 712.266 = 730.529 over 298 frames.
M07UP48A0021I45 gurusaraanya 
LOG (lattice-best-path:main():lattice-best-path.cc:99) For utterance M07UP48A0024I49, best cost 22.1086 + 948.287 = 970.396 over 304 frames.
M07UP48A0024I49 lalitapura 
LOG (lattice-best-path:main():lattice-best-path.cc:99) For utterance M07UP48A0028I45, best cost 15.0341 + 936.452 = 951.486 over 298 frames.
M07UP48A0028I45 mauraniipura 
LOG (lattice-best-path:main():lattice-best-path.cc:99) For utterance M07UP48A0031I44, best cost 15.5884 + 976.992 = 992.58 over 298 frames.
M07UP48A0031I44 ciragaanwa 
LOG (lattice-best-path:main():lattice-best-path.cc:99) For utterance M07UP49A0861I41, best cost 15.2006 + 676.337 = 691.538 over 300 frames.
M07UP49A0861I41 kaanapuradeehaata 
LOG (lattice-best-path:main():lattice-best-path.cc:99) For utterance M07UP49A0863I300, best cost 30.7967 + 1490.9 = 1521.7 over 498 frames.
M07UP49A0863I300 lakhanauu 
LOG (lattice-best-path:main():lattice-best-path.cc:99) For utterance M07UP49A0866I504, best cost 18.5077 + 1081.91 = 1100.42 over 298 frames.
M07UP49A0866I504 deewariyaa 
LOG (lattice-best-path:main():lattice-best-path.cc:99) For utterance M07UP49A0869I301, best cost 22.9713 + 1455.7 = 1478.67 over 498 frames.
M07UP49A0869I301 baaraabankii 
LOG (lattice-best-path:main():lattice-best-path.cc:99) For utterance M07UP49A0880I43, best cost 20.6998 + 845.653 = 866.353 over 298 frames.
M07UP49A0880I43 siitaapura 
LOG (lattice-best-path:main():lattice-best-path.cc:99) For utterance M07UP51A0032I301, best cost 14.0276 + 1445.86 = 1459.89 over 430 frames.
M07UP51A0032I301 hamiirapura 
LOG (lattice-best-path:main():lattice-best-path.cc:99) For utterance M07UP51A0033I42, best cost 19.866 + 913.462 = 933.328 over 298 frames.
M07UP51A0033I42 hamiirapura 
LOG (lattice-best-path:main():lattice-best-path.cc:99) For utterance M07UP51A0033I48, best cost 16.2599 + 1032.52 = 1048.78 over 298 frames.
M07UP51A0033I48 mauraniipura 
LOG (lattice-best-path:main():lattice-best-path.cc:99) For utterance M07UP51A0035I302, best cost 23.8827 + 1504.86 = 1528.74 over 498 frames.
M07UP51A0035I302 bastii 
LOG (lattice-best-path:main():lattice-best-path.cc:99) For utterance M07UP51A0036I300, best cost 19.8241 + 1580.18 = 1600.01 over 498 frames.
M07UP51A0036I300 mahobaa 
LOG (lattice-best-path:main():lattice-best-path.cc:99) For utterance M07UP51A0036I44, best cost 20.3485 + 834.413 = 854.761 over 298 frames.
M07UP51A0036I44 jhaansii 
LOG (lattice-best-path:main():lattice-best-path.cc:99) For utterance M07UP51A0036I45, best cost 17.9402 + 838.712 = 856.652 over 298 frames.
M07UP51A0036I45 ciragaanwa 
LOG (lattice-best-path:main():lattice-best-path.cc:99) For utterance M07UP51A0036I48, best cost 19.0641 + 878.202 = 897.266 over 298 frames.
M07UP51A0036I48 mahobaa 
LOG (lattice-best-path:main():lattice-best-path.cc:99) For utterance M07UP51A0038I48, best cost 13.8771 + 951.417 = 965.294 over 298 frames.
M07UP51A0038I48 mauraniipura 
LOG (lattice-best-path:main():lattice-best-path.cc:99) For utterance M07UP51A0041I300, best cost 18.8266 + 1043.47 = 1062.29 over 498 frames.
M07UP51A0041I300 mahobaa 
LOG (lattice-best-path:main():lattice-best-path.cc:99) For utterance M07UP51A0042I302, best cost 26.1099 + 1256.4 = 1282.51 over 498 frames.
M07UP51A0042I302 raatxha 
LOG (lattice-best-path:main():lattice-best-path.cc:99) For utterance M07UP51A0043I410, best cost 15.0645 + 804.387 = 819.451 over 298 frames.
M07UP51A0043I410 baruaasumeerapura 
LOG (lattice-best-path:main():lattice-best-path.cc:99) For utterance M07UP51A0043I44, best cost 24.3218 + 919.026 = 943.348 over 298 frames.
M07UP51A0043I44 jhaansii 
LOG (lattice-best-path:main():lattice-best-path.cc:99) For utterance M07UP51A0043I45, best cost 20.2846 + 731.642 = 751.926 over 298 frames.
M07UP51A0043I45 ciragaanwa 
LOG (lattice-best-path:main():lattice-best-path.cc:99) For utterance M07UP51A0044I303, best cost 34.5392 + 1274.25 = 1308.79 over 498 frames.
M07UP51A0044I303 mahobaa 
LOG (lattice-best-path:main():lattice-best-path.cc:99) For utterance M07UP51A0045I412, best cost 18.5206 + 927.689 = 946.21 over 298 frames.
M07UP51A0045I412 moudahaa 
LOG (lattice-best-path:main():lattice-best-path.cc:99) For utterance M07UP51A0046I412, best cost 15.7594 + 739.401 = 755.16 over 298 frames.
M07UP51A0046I412 raatxha 
LOG (lattice-best-path:main():lattice-best-path.cc:99) For utterance M07UP51A0046I43, best cost 22.5895 + 865.244 = 887.833 over 298 frames.
M07UP51A0046I43 baruaasaagara 
LOG (lattice-best-path:main():lattice-best-path.cc:99) For utterance M07UP51A0049I44, best cost 19.9951 + 982.246 = 1002.24 over 298 frames.
M07UP51A0049I44 baruaasaagara 
LOG (lattice-best-path:main():lattice-best-path.cc:99) For utterance M07UP51A0049I48, best cost 21.7732 + 991.728 = 1013.5 over 298 frames.
M07UP51A0049I48 mauraniipura 
LOG (lattice-best-path:main():lattice-best-path.cc:99) For utterance M07UP51A0050I300, best cost 28.5989 + 1303.63 = 1332.23 over 498 frames.
M07UP51A0050I300 mahobaa 
LOG (lattice-best-path:main():lattice-best-path.cc:99) For utterance M07UP51A0050I42, best cost 21.7931 + 834.631 = 856.424 over 298 frames.
M07UP51A0050I42 hamiirapura 
LOG (lattice-best-path:main():lattice-best-path.cc:99) For utterance M07UP51A0050I45, best cost 15.1741 + 885.255 = 900.43 over 298 frames.
M07UP51A0050I45 ciragaanwa 
LOG (lattice-best-path:main():lattice-best-path.cc:99) For utterance M07UP51A0052I301, best cost 20.4085 + 1245.59 = 1266 over 498 frames.
M07UP51A0052I301 mauu 
LOG (lattice-best-path:main():lattice-best-path.cc:99) For utterance M07UP51A0052I303, best cost 15.2603 + 1125.52 = 1140.78 over 498 frames.
M07UP51A0052I303 mahobaa 
LOG (lattice-best-path:main():lattice-best-path.cc:99) For utterance M07UP51A0052I412, best cost 19.114 + 726.594 = 745.708 over 298 frames.
M07UP51A0052I412 moudahaa 
LOG (lattice-best-path:main():lattice-best-path.cc:99) For utterance M07UP51A0052I45, best cost 14.9838 + 855.326 = 870.31 over 298 frames.
M07UP51A0052I45 ciragaanwa 
LOG (lattice-best-path:main():lattice-best-path.cc:99) For utterance M07UP51A0053I302, best cost 21.8516 + 1261.59 = 1283.44 over 498 frames.
M07UP51A0053I302 raatxha 
LOG (lattice-best-path:main():lattice-best-path.cc:99) For utterance M07UP51A0054I40, best cost 13.3275 + 1035.64 = 1048.97 over 298 frames.
M07UP51A0054I40 montxha 
LOG (lattice-best-path:main():lattice-best-path.cc:99) For utterance M07UP51A0054I47, best cost 16.3511 + 951.191 = 967.542 over 298 frames.
M07UP51A0054I47 mauraniipura 
LOG (lattice-best-path:main():lattice-best-path.cc:99) For utterance M07UP51A0094I411, best cost 23.9112 + 783.502 = 807.413 over 298 frames.
M07UP51A0094I411 kuraaraa 
LOG (lattice-best-path:main():lattice-best-path.cc:99) For utterance M07UP52A0193I300, best cost 25.958 + 1326.76 = 1352.72 over 498 frames.
M07UP52A0193I300 meinapurii 
LOG (lattice-best-path:main():lattice-best-path.cc:99) For utterance M07UP52A0193I302, best cost 26.8167 + 1256.19 = 1283.01 over 498 frames.
M07UP52A0193I302 jasawantanagara 
LOG (lattice-best-path:main():lattice-best-path.cc:99) For utterance M07UP52A0193I43, best cost 14.5826 + 719.375 = 733.957 over 298 frames.
M07UP52A0193I43 kaasaganja 
LOG (lattice-best-path:main():lattice-best-path.cc:99) For utterance M07UP52A0195I45, best cost 19.1199 + 967.133 = 986.253 over 298 frames.
M07UP52A0195I45 phirojaabaada 
LOG (lattice-best-path:main():lattice-best-path.cc:99) For utterance M07UP52A0196I300, best cost 25.8785 + 1389.61 = 1415.49 over 498 frames.
M07UP52A0196I300 meinapurii 
LOG (lattice-best-path:main():lattice-best-path.cc:99) For utterance M07UP52A0196I41, best cost 11.8818 + 845.322 = 857.203 over 292 frames.
M07UP52A0196I41 mohammadaabaada 
LOG (lattice-best-path:main():lattice-best-path.cc:99) For utterance M07UP52A0199I41, best cost 18.4653 + 1064.12 = 1082.58 over 298 frames.
M07UP52A0199I41 haatharasa 
LOG (lattice-best-path:main():lattice-best-path.cc:99) For utterance M07UP52A0202I302, best cost 20.5946 + 1698.77 = 1719.36 over 498 frames.
M07UP52A0202I302 meinapurii 
LOG (lattice-best-path:main():lattice-best-path.cc:99) For utterance M07UP52A0202I40, best cost 13.6951 + 1018.73 = 1032.43 over 298 frames.
M07UP52A0202I40 ghiroura 
LOG (lattice-best-path:main():lattice-best-path.cc:99) For utterance M07UP52A0202I45, best cost 18.8271 + 1011.38 = 1030.2 over 298 frames.
M07UP52A0202I45 phirojaabaada 
LOG (lattice-best-path:main():lattice-best-path.cc:99) For utterance M07UP52A0205I43, best cost 19.9408 + 882.603 = 902.544 over 298 frames.
M07UP52A0205I43 beewara 
LOG (lattice-best-path:main():lattice-best-path.cc:99) For utterance M07UP52A0206I302, best cost 31.592 + 1344.96 = 1376.56 over 498 frames.
M07UP52A0206I302 meinapurii 
LOG (lattice-best-path:main():lattice-best-path.cc:99) For utterance M07UP52A0206I40, best cost 14.4772 + 1011.44 = 1025.92 over 298 frames.
M07UP52A0206I40 kaayamaganja 
LOG (lattice-best-path:main():lattice-best-path.cc:99) For utterance M07UP52A0207I42, best cost 19.4445 + 963.996 = 983.44 over 298 frames.
M07UP52A0207I42 awaagadxhqa 
LOG (lattice-best-path:main():lattice-best-path.cc:99) For utterance M07UP52A0210I300, best cost 16.236 + 1665.61 = 1681.85 over 498 frames.
M07UP52A0210I300 meinapurii 
LOG (lattice-best-path:main():lattice-best-path.cc:99) For utterance M07UP52A0210I43, best cost 21.2741 + 991.823 = 1013.1 over 298 frames.
M07UP52A0210I43 sirasaaganja 
LOG (lattice-best-path:main():lattice-best-path.cc:99) For utterance M07UP52A0210I603, best cost 41.4494 + 3314.76 = 3356.21 over 998 frames.
M07UP52A0210I603 meinapurii 
LOG (lattice-best-path:main():lattice-best-path.cc:99) For utterance M07UP52A0211I300, best cost 19.3747 + 1772.52 = 1791.9 over 500 frames.
M07UP52A0211I300 meinapurii 
LOG (lattice-best-path:main():lattice-best-path.cc:99) For utterance M07UP52A0213I45, best cost 14.3693 + 666.084 = 680.453 over 298 frames.
M07UP52A0213I45 meinapurii 
LOG (lattice-best-path:main():lattice-best-path.cc:99) For utterance M07UP53A0072I44, best cost 13.0168 + 944.148 = 957.165 over 298 frames.
M07UP53A0072I44 acaneeraa 
LOG (lattice-best-path:main():lattice-best-path.cc:99) For utterance M07UP53A0076I413, best cost 16.4699 + 932.545 = 949.015 over 298 frames.
M07UP53A0076I413 kheiraagadxhqa 
LOG (lattice-best-path:main():lattice-best-path.cc:99) For utterance M07UP53A0079I42, best cost 14.5223 + 964.371 = 978.894 over 298 frames.
M07UP53A0079I42 haatharasa 
LOG (lattice-best-path:main():lattice-best-path.cc:99) For utterance M07UP53A0080I41, best cost 15.5738 + 632.681 = 648.255 over 298 frames.
M07UP53A0080I41 aliigadxhqa 
LOG (lattice-best-path:main():lattice-best-path.cc:99) For utterance M07UP53A0080I413, best cost 21.3416 + 801.852 = 823.193 over 298 frames.
M07UP53A0080I413 kheiraagadxhqa 
LOG (lattice-best-path:main():lattice-best-path.cc:99) For utterance M07UP53A0080I42, best cost 14.7401 + 756.121 = 770.861 over 298 frames.
M07UP53A0080I42 ataroulii 
LOG (lattice-best-path:main():lattice-best-path.cc:99) For utterance M07UP53A0081I424, best cost 11.7388 + 680.912 = 692.651 over 298 frames.
M07UP53A0081I424 shaadaabaada 
LOG (lattice-best-path:main():lattice-best-path.cc:99) For utterance M07UP53A0083I419, best cost 20.9795 + 900.038 = 921.017 over 298 frames.
M07UP53A0083I419 phateehapurasiikarii 
LOG (lattice-best-path:main():lattice-best-path.cc:99) For utterance M07UP53A0085I45, best cost 17.3513 + 1015.67 = 1033.02 over 300 frames.
M07UP53A0085I45 aagaraa 
LOG (lattice-best-path:main():lattice-best-path.cc:99) For utterance M07UP53A0088I413, best cost 16.724 + 962.53 = 979.254 over 298 frames.
M07UP53A0088I413 kheiraagadxhqa 
LOG (lattice-best-path:main():lattice-best-path.cc:99) For utterance M07UP53A0090I410, best cost 17.2933 + 1033.58 = 1050.87 over 300 frames.
M07UP53A0090I410 ataroulii 
LOG (lattice-best-path:main():lattice-best-path.cc:99) For utterance M07UP54A1272I428, best cost 12.7045 + 905.313 = 918.017 over 298 frames.
M07UP54A1272I428 mauu 
LOG (lattice-best-path:main():lattice-best-path.cc:99) For utterance M07UP54A1280I300, best cost 26.4199 + 1460 = 1486.42 over 498 frames.
M07UP54A1280I300 mauu 
LOG (lattice-best-path:main():lattice-best-path.cc:99) For utterance M07UP54A1290I45, best cost 16.9145 + 949.866 = 966.781 over 300 frames.
M07UP54A1290I45 gaajiipura 
LOG (lattice-best-path:main():lattice-best-path.cc:99) For utterance M07UP55A0462I422, best cost 17.3658 + 843.226 = 860.592 over 298 frames.
M07UP55A0462I422 bareelii 
LOG (lattice-best-path:main():lattice-best-path.cc:99) For utterance M07UP55A0464I303, best cost 20.6392 + 1293.84 = 1314.48 over 498 frames.
M07UP55A0464I303 haapudxqa 
LOG (lattice-best-path:main():lattice-best-path.cc:99) For utterance M07UP55A0464I42, best cost 19.528 + 882.292 = 901.819 over 298 frames.
M07UP55A0464I42 meeratxha 
LOG (lattice-best-path:main():lattice-best-path.cc:99) For utterance M07UP55A0469I300, best cost 29.074 + 1438.34 = 1467.41 over 498 frames.
M07UP55A0469I300 meeratxha 
LOG (lattice-best-path:main():lattice-best-path.cc:99) For utterance M07UP55A0469I40, best cost 22.3941 + 795.976 = 818.37 over 298 frames.
M07UP55A0469I40 baagapata 
LOG (lattice-best-path:main():lattice-best-path.cc:99) For utterance M07UP55A0470I301, best cost 24.0275 + 1355.44 = 1379.47 over 498 frames.
M07UP55A0470I301 haapudxqa 
LOG (lattice-best-path:main():lattice-best-path.cc:99) For utterance M07UP55A0474I40, best cost 16.7621 + 1044.64 = 1061.4 over 298 frames.
M07UP55A0474I40 amarohaa 
LOG (lattice-best-path:main():lattice-best-path.cc:99) For utterance M07UP55A0476I42, best cost 21.0446 + 1020.65 = 1041.69 over 298 frames.
M07UP55A0476I42 meeratxha 
LOG (lattice-best-path:main():lattice-best-path.cc:99) For utterance M07UP55A0477I301, best cost 19.5213 + 1298.05 = 1317.57 over 498 frames.
M07UP55A0477I301 haapudxqa 
LOG (lattice-best-path:main():lattice-best-path.cc:99) For utterance M07UP55A0480I300, best cost 17.7175 + 1485.23 = 1502.95 over 498 frames.
M07UP55A0480I300 meeratxha 
LOG (lattice-best-path:main():lattice-best-path.cc:99) For utterance M07UP56A0695I300, best cost 31.7254 + 1630.98 = 1662.7 over 498 frames.
M07UP56A0695I300 mirjaapura 
LOG (lattice-best-path:main():lattice-best-path.cc:99) For utterance M07UP56A0699I301, best cost 35.4934 + 1385.87 = 1421.36 over 498 frames.
M07UP56A0699I301 sonbhadra 
LOG (lattice-best-path:main():lattice-best-path.cc:99) For utterance M07UP56A0706I43, best cost 18.6781 + 967.229 = 985.907 over 298 frames.
M07UP56A0706I43 waaraanxasxii 
LOG (lattice-best-path:main():lattice-best-path.cc:99) For utterance M07UP56A0707I45, best cost 13.5771 + 650.332 = 663.909 over 298 frames.
M07UP56A0707I45 candoulii 
LOG (lattice-best-path:main():lattice-best-path.cc:99) For utterance M07UP56A0708I47, best cost 20.9724 + 906.279 = 927.252 over 298 frames.
M07UP56A0708I47 sonbhadra 
LOG (lattice-best-path:main():lattice-best-path.cc:99) For utterance M07UP56A0710I421, best cost 21.2804 + 870.51 = 891.79 over 298 frames.
M07UP56A0710I421 candoulii 
LOG (lattice-best-path:main():lattice-best-path.cc:99) For utterance M07UP57A0404I43, best cost 16.838 + 767.661 = 784.499 over 298 frames.
M07UP57A0404I43 badaayuun 
LOG (lattice-best-path:main():lattice-best-path.cc:99) For utterance M07UP57A0406I300, best cost 23.3318 + 1325.87 = 1349.2 over 498 frames.
M07UP57A0406I300 muraadaabaada 
LOG (lattice-best-path:main():lattice-best-path.cc:99) For utterance M07UP57A0409I42, best cost 13.5574 + 724.472 = 738.03 over 298 frames.
M07UP57A0409I42 bulandashahara 
LOG (lattice-best-path:main():lattice-best-path.cc:99) For utterance M07UP57A0411I301, best cost 17.7942 + 1454.09 = 1471.88 over 498 frames.
M07UP57A0411I301 badaayuun 
LOG (lattice-best-path:main():lattice-best-path.cc:99) For utterance M07UP57A0413I301, best cost 19.7969 + 1190.77 = 1210.57 over 498 frames.
M07UP57A0413I301 candousii 
LOG (lattice-best-path:main():lattice-best-path.cc:99) For utterance M07UP57A0413I41, best cost 15.9346 + 993.8 = 1009.74 over 298 frames.
M07UP57A0413I41 muraadaabaada 
LOG (lattice-best-path:main():lattice-best-path.cc:99) For utterance M07UP57A0413I507, best cost 19.6562 + 996.931 = 1016.59 over 298 frames.
M07UP57A0413I507 aagaraa 
LOG (lattice-best-path:main():lattice-best-path.cc:99) For utterance M07UP57A0416I301, best cost 25.044 + 1611.66 = 1636.7 over 498 frames.
M07UP57A0416I301 sambhala 
LOG (lattice-best-path:main():lattice-best-path.cc:99) For utterance M07UP57A0417I301, best cost 25.0543 + 1425.47 = 1450.52 over 498 frames.
M07UP57A0417I301 raamapura 
LOG (lattice-best-path:main():lattice-best-path.cc:99) For utterance M07UP57A0417I42, best cost 16.9054 + 981.617 = 998.522 over 298 frames.
M07UP57A0417I42 amarohaa 
LOG (lattice-best-path:main():lattice-best-path.cc:99) For utterance M07UP57A0418I303, best cost 22.911 + 1534.21 = 1557.12 over 498 frames.
M07UP57A0418I303 candousii 
LOG (lattice-best-path:main():lattice-best-path.cc:99) For utterance M07UP60A0942I416, best cost 12.7584 + 655.404 = 668.162 over 298 frames.
M07UP60A0942I416 baaraabankii 
LOG (lattice-best-path:main():lattice-best-path.cc:99) For utterance M07UP60A0942I418, best cost 16.7625 + 818.87 = 835.632 over 298 frames.
M07UP60A0942I418 prataapagadxhqa 
LOG (lattice-best-path:main():lattice-best-path.cc:99) For utterance M07UP60A0944I42, best cost 20.9187 + 858.914 = 879.832 over 298 frames.
M07UP60A0944I42 phateehapura 
LOG (lattice-best-path:main():lattice-best-path.cc:99) For utterance M07UP60A0946I303, best cost 34.3368 + 1431.55 = 1465.89 over 498 frames.
M07UP60A0946I303 sultaanapura 
LOG (lattice-best-path:main():lattice-best-path.cc:99) For utterance M07UP60A0954I303, best cost 13.4761 + 988.45 = 1001.93 over 498 frames.
M07UP60A0954I303 sultaanapura 
LOG (lattice-best-path:main():lattice-best-path.cc:99) For utterance M07UP60A0955I301, best cost 26.2792 + 1060.58 = 1086.86 over 498 frames.
M07UP60A0955I301 sultaanapura 
LOG (lattice-best-path:main():lattice-best-path.cc:99) For utterance M07UP60A0955I302, best cost 17.1032 + 1000.24 = 1017.35 over 498 frames.
M07UP60A0955I302 maholii 
LOG (lattice-best-path:main():lattice-best-path.cc:99) For utterance M07UP60A0956I414, best cost 19.9785 + 924.619 = 944.597 over 298 frames.
M07UP60A0956I414 prataapagadxhqa 
LOG (lattice-best-path:main():lattice-best-path.cc:99) For utterance M07UP60A0957I412, best cost 15.1968 + 783.511 = 798.707 over 298 frames.
M07UP60A0957I412 baaraabankii 
LOG (lattice-best-path:main():lattice-best-path.cc:99) For utterance M07UP60A0957I413, best cost 15.3809 + 766.761 = 782.142 over 298 frames.
M07UP60A0957I413 prataapagadxhqa 
LOG (lattice-best-path:main():lattice-best-path.cc:99) For utterance M07UP61A0966I300, best cost 18.6525 + 1180.96 = 1199.62 over 498 frames.
M07UP61A0966I300 raaibareilii 
LOG (lattice-best-path:main():lattice-best-path.cc:99) For utterance M07UP61A0968I301, best cost 22.1021 + 1086.48 = 1108.58 over 498 frames.
M07UP61A0968I301 baaraabankii 
LOG (lattice-best-path:main():lattice-best-path.cc:99) For utterance M07UP61A0971I302, best cost 21.8615 + 1240.79 = 1262.65 over 498 frames.
M07UP61A0971I302 raaibareilii 
LOG (lattice-best-path:main():lattice-best-path.cc:99) For utterance M07UP61A0972I44, best cost 19.741 + 916.271 = 936.012 over 298 frames.
M07UP61A0972I44 phateehapura 
LOG (lattice-best-path:main():lattice-best-path.cc:99) For utterance M07UP61A0980I301, best cost 27.6601 + 1597.25 = 1624.91 over 498 frames.
M07UP61A0980I301 phateehapura 
LOG (lattice-best-path:main():lattice-best-path.cc:99) For utterance M07UP64A0382I300, best cost 32.9342 + 1523.45 = 1556.39 over 498 frames.
M07UP64A0382I300 sambhala 
LOG (lattice-best-path:main():lattice-best-path.cc:99) For utterance M07UP64A0382I301, best cost 16.8595 + 1610.04 = 1626.9 over 498 frames.
M07UP64A0382I301 muraadaabaada 
LOG (lattice-best-path:main():lattice-best-path.cc:99) For utterance M07UP64A0386I42, best cost 14.6087 + 883.946 = 898.555 over 298 frames.
M07UP64A0386I42 amarohaa 
LOG (lattice-best-path:main():lattice-best-path.cc:99) For utterance M07UP64A0389I42, best cost 19.3153 + 670.46 = 689.775 over 298 frames.
M07UP64A0389I42 amarohaa 
LOG (lattice-best-path:main():lattice-best-path.cc:99) For utterance M07UP64A0390I300, best cost 23.9964 + 1314.39 = 1338.39 over 498 frames.
M07UP64A0390I300 sambhala 
LOG (lattice-best-path:main():lattice-best-path.cc:99) For utterance M07UP64A0391I302, best cost 25.6083 + 1396.39 = 1422 over 498 frames.
M07UP64A0391I302 candousii 
LOG (lattice-best-path:main():lattice-best-path.cc:99) For utterance M07UP64A0391I303, best cost 20.4257 + 1398.49 = 1418.92 over 498 frames.
M07UP64A0391I303 bahajoii 
LOG (lattice-best-path:main():lattice-best-path.cc:99) For utterance M07UP64A0392I301, best cost 12.6143 + 949.155 = 961.77 over 498 frames.
M07UP64A0392I301 muraadaabaada 
LOG (lattice-best-path:main():lattice-best-path.cc:99) For utterance M07UP64A0393I41, best cost 11.366 + 964.468 = 975.834 over 298 frames.
M07UP64A0393I41 amarohaa 
LOG (lattice-best-path:main():lattice-best-path.cc:99) For utterance M07UP64A0396I43, best cost 19.7108 + 1003.99 = 1023.7 over 300 frames.
M07UP64A0396I43 acaneeraa 
LOG (lattice-best-path:main():lattice-best-path.cc:99) For utterance M07UP64A0399I302, best cost 26.7173 + 1436.55 = 1463.27 over 498 frames.
M07UP64A0399I302 candousii 
LOG (lattice-best-path:main():lattice-best-path.cc:99) For utterance M07UP64A0400I300, best cost 27.6829 + 1529.95 = 1557.63 over 498 frames.
M07UP64A0400I300 sambhala 
LOG (lattice-best-path:main():lattice-best-path.cc:99) For utterance M07UP64A0400I426, best cost 19.9956 + 850.743 = 870.739 over 298 frames.
M07UP64A0400I426 tikoniaa 
LOG (lattice-best-path:main():lattice-best-path.cc:99) For utterance M07UP64A0401I43, best cost 19.0481 + 901.558 = 920.606 over 300 frames.
M07UP64A0401I43 badaayuun 
LOG (lattice-best-path:main():lattice-best-path.cc:99) For utterance M07UP66A0674I303, best cost 20.8063 + 1451.13 = 1471.94 over 498 frames.
M07UP66A0674I303 mirjaapura 
LOG (lattice-scale:main():lattice-scale.cc:90) Done 553 lattices.
LOG (lattice-best-path:main():lattice-best-path.cc:99) For utterance M07UP66A0676I303, best cost 26.6302 + 1560.42 = 1587.05 over 498 frames.
M07UP66A0676I303 mirjaapura 
LOG (lattice-best-path:main():lattice-best-path.cc:99) For utterance M07UP66A0684I43, best cost 18.8461 + 814.96 = 833.806 over 298 frames.
M07UP66A0684I43 ilaahaabaada 
LOG (lattice-best-path:main():lattice-best-path.cc:99) For utterance M07UP66A0685I42, best cost 16.6066 + 830.763 = 847.37 over 298 frames.
M07UP66A0685I42 gopiiganja 
LOG (lattice-best-path:main():lattice-best-path.cc:99) For utterance M07UP66A0687I301, best cost 12.9158 + 1033.44 = 1046.36 over 498 frames.
M07UP66A0687I301 ilaahaabaada 
LOG (lattice-best-path:main():lattice-best-path.cc:99) For utterance M07UP66A0688I410, best cost 18.8732 + 710.909 = 729.782 over 298 frames.
M07UP66A0688I410 gopiiganja 
LOG (lattice-best-path:main():lattice-best-path.cc:99) For utterance M07UP66A0692I301, best cost 18.3214 + 1425.82 = 1444.14 over 498 frames.
M07UP66A0692I301 ilaahaabaada 
LOG (lattice-best-path:main():lattice-best-path.cc:99) For utterance M07UP72A0730I42, best cost 16.2413 + 883.811 = 900.052 over 298 frames.
M07UP72A0730I42 roubartxsaganja 
LOG (lattice-best-path:main():lattice-best-path.cc:99) For utterance M07UP72A0730I46, best cost 17.2711 + 794.463 = 811.734 over 298 frames.
M07UP72A0730I46 candoulii 
LOG (lattice-best-path:main():lattice-best-path.cc:99) For utterance M07UP72A0731I42, best cost 20.0947 + 1015.4 = 1035.49 over 298 frames.
M07UP72A0731I42 babeeruu 
LOG (lattice-best-path:main():lattice-best-path.cc:99) For utterance M07UP73A0922I300, best cost 23.826 + 1598.28 = 1622.1 over 498 frames.
M07UP73A0922I300 sultaanapura 
LOG (lattice-best-path:main():lattice-best-path.cc:99) For utterance M07UP73A0923I41, best cost 14.7506 + 917.911 = 932.661 over 298 frames.
M07UP73A0923I41 jounapura 
LOG (lattice-best-path:main():lattice-best-path.cc:99) For utterance M07UP73A0924I41, best cost 14.3165 + 845.615 = 859.931 over 298 frames.
M07UP73A0924I41 ambeedxakaranagara 
LOG (lattice-best-path:main():lattice-best-path.cc:99) For utterance M07UP73A0925I42, best cost 12.0439 + 706.136 = 718.18 over 298 frames.
M07UP73A0925I42 aajamagadxhqa 
LOG (lattice-best-path:main():lattice-best-path.cc:99) For utterance M07UP73A0927I43, best cost 20.9914 + 799.354 = 820.346 over 298 frames.
M07UP73A0927I43 baaraabankii 
LOG (lattice-best-path:main():lattice-best-path.cc:99) For utterance M07UP73A0929I42, best cost 24.3699 + 907.075 = 931.445 over 298 frames.
M07UP73A0929I42 aajamagadxhqa 
LOG (lattice-best-path:main():lattice-best-path.cc:99) For utterance M07UP73A0930I43, best cost 23.1569 + 800.296 = 823.453 over 298 frames.
M07UP73A0930I43 siitaapura 
LOG (lattice-best-path:main():lattice-best-path.cc:99) For utterance M07UP73A0931I49, best cost 17.2475 + 907.811 = 925.058 over 298 frames.
M07UP73A0931I49 ameitxhii 
LOG (lattice-best-path:main():lattice-best-path.cc:99) For utterance M07UP73A0937I42, best cost 15.3353 + 768.115 = 783.451 over 298 frames.
M07UP73A0937I42 lakhanauu 
LOG (lattice-best-path:main():lattice-best-path.cc:99) For utterance M07UP73A0938I42, best cost 17.2563 + 773.142 = 790.398 over 298 frames.
M07UP73A0938I42 lakhanauu 
LOG (lattice-best-path:main():lattice-best-path.cc:99) For utterance M07UP74A0802I303, best cost 29.7727 + 1297.92 = 1327.69 over 498 frames.
M07UP74A0802I303 kaanapura 
LOG (lattice-best-path:main():lattice-best-path.cc:99) For utterance M07UP74A0813I300, best cost 22.6494 + 1193.07 = 1215.72 over 498 frames.
M07UP74A0813I300 unnaanwa 
LOG (lattice-best-path:main():lattice-best-path.cc:99) For utterance M07UP74A0814I301, best cost 30.9084 + 1164.5 = 1195.41 over 504 frames.
M07UP74A0814I301 kaanapura 
LOG (lattice-best-path:main():lattice-best-path.cc:99) For utterance M07UP74A0817I42, best cost 19.4297 + 771.177 = 790.607 over 300 frames.
M07UP74A0817I42 raaibareilii 
LOG (lattice-add-penalty:main():lattice-add-penalty.cc:62) Done adding word insertion penalty to 553 lattices.
LOG (lattice-best-path:main():lattice-best-path.cc:99) For utterance M07UP75A0755I303, best cost 33.0668 + 1411.53 = 1444.6 over 498 frames.
M07UP75A0755I303 siiraa 
LOG (lattice-best-path:main():lattice-best-path.cc:99) For utterance M07UP75A0758I300, best cost 20.7459 + 1388.14 = 1408.89 over 498 frames.
M07UP75A0758I300 waaraanxasxii 
LOG (lattice-best-path:main():lattice-best-path.cc:99) For utterance M07UP75A0764I302, best cost 32.8191 + 1478.19 = 1511.01 over 498 frames.
M07UP75A0764I302 gondxaa 
LOG (lattice-best-path:main():lattice-best-path.cc:99) For utterance M07UP75A0764I42, best cost 19.2838 + 888.137 = 907.42 over 298 frames.
M07UP75A0764I42 jounapura 
LOG (lattice-best-path:main():lattice-best-path.cc:99) For utterance M07UP75A0768I40, best cost 13.2003 + 795.409 = 808.609 over 298 frames.
M07UP75A0768I40 waaraanxasxii 
LOG (lattice-best-path:main():lattice-best-path.cc:99) For utterance M07UP75A0769I301, best cost 23.0897 + 1199.92 = 1223.01 over 498 frames.
M07UP75A0769I301 jounapura 
LOG (lattice-best-path:main():lattice-best-path.cc:99) For utterance M07UP75A0770I303, best cost 25.036 + 1339.85 = 1364.88 over 498 frames.
M07UP75A0770I303 txuundxlaa 
LOG (lattice-best-path:main():lattice-best-path.cc:99) For utterance M07UP75A0771I42, best cost 16.354 + 810.298 = 826.652 over 298 frames.
M07UP75A0771I42 candoulii 
LOG (lattice-best-path:main():lattice-best-path.cc:99) For utterance M07UP75A0771I43, best cost 16.8942 + 857.69 = 874.585 over 298 frames.
M07UP75A0771I43 gaajiipura 
LOG (lattice-best-path:main():lattice-best-path.cc:99) For utterance M07UP75A0772I300, best cost 13.8335 + 1249.17 = 1263.01 over 498 frames.
M07UP75A0772I300 waaraanxasxii 
LOG (lattice-best-path:main():lattice-best-path.cc:99) For utterance M07UP75A0773I41, best cost 16.4075 + 765.527 = 781.935 over 298 frames.
M07UP75A0773I41 jounapura 
LOG (lattice-best-path:main():lattice-best-path.cc:124) Overall cost per frame is 2.8896 = 0.050865 [graph] + 2.83874 [acoustic] over 207364 frames.
LOG (lattice-best-path:main():lattice-best-path.cc:128) Done 553 lattices, failed for 0
# Accounting: time=1 threads=1
# Ended (code 0) at Thu Jul 21 14:57:59 IST 2016, elapsed time 1 seconds
