# lattice-scale --inv-acoustic-scale=19 "ark:gunzip -c exp/tri2_1600_25600/decode/lat.*.gz|" ark:- | lattice-add-penalty --word-ins-penalty=1.0 ark:- ark:- | lattice-best-path --word-symbol-table=exp/tri2_1600_25600/graph/words.txt ark:- ark,t:- | utils/int2sym.pl -f 2- exp/tri2_1600_25600/graph/words.txt | cat > exp/tri2_1600_25600/decode/scoring_kaldi/penalty_1.0/19.txt 
# Started at Thu Jul 21 14:57:58 IST 2016
#
lattice-best-path --word-symbol-table=exp/tri2_1600_25600/graph/words.txt ark:- ark,t:- 
lattice-scale --inv-acoustic-scale=19 'ark:gunzip -c exp/tri2_1600_25600/decode/lat.*.gz|' ark:- 
lattice-add-penalty --word-ins-penalty=1.0 ark:- ark:- 
LOG (lattice-best-path:main():lattice-best-path.cc:99) For utterance F07UP02A0332I42, best cost 20.0032 + 807.436 = 827.439 over 300 frames.
F07UP02A0332I42 ataroulii 
LOG (lattice-best-path:main():lattice-best-path.cc:99) For utterance F07UP02A0332I43, best cost 17.095 + 733.144 = 750.239 over 298 frames.
F07UP02A0332I43 badaayuun 
LOG (lattice-best-path:main():lattice-best-path.cc:99) For utterance F07UP06A0432I42, best cost 19.6483 + 625.927 = 645.575 over 300 frames.
F07UP06A0432I42 baagapata 
LOG (lattice-best-path:main():lattice-best-path.cc:99) For utterance F07UP07A0094I427, best cost 13.9302 + 687.205 = 701.135 over 298 frames.
F07UP07A0094I427 ouraiyaa 
LOG (lattice-best-path:main():lattice-best-path.cc:99) For utterance F07UP07A0096I44, best cost 21.7771 + 846.7 = 868.477 over 298 frames.
F07UP07A0096I44 mauu 
LOG (lattice-best-path:main():lattice-best-path.cc:99) For utterance F07UP09A0491I46, best cost 13.2433 + 852 = 865.244 over 298 frames.
F07UP09A0491I46 shaahapura 
LOG (lattice-best-path:main():lattice-best-path.cc:99) For utterance F07UP11A1331I301, best cost 16.1174 + 1061.44 = 1077.55 over 498 frames.
F07UP11A1331I301 gaajiipura 
LOG (lattice-best-path:main():lattice-best-path.cc:99) For utterance F07UP19A0344I46, best cost 19.1697 + 639.606 = 658.775 over 298 frames.
F07UP19A0344I46 sambhala 
LOG (lattice-best-path:main():lattice-best-path.cc:99) For utterance F07UP21A0612I41, best cost 16.8061 + 681.689 = 698.495 over 298 frames.
F07UP21A0612I41 ilaahaabaada 
LOG (lattice-best-path:main():lattice-best-path.cc:99) For utterance F07UP22A1336I429, best cost 14.934 + 728.503 = 743.437 over 298 frames.
F07UP22A1336I429 deewariyaa 
LOG (lattice-best-path:main():lattice-best-path.cc:99) For utterance F07UP22A1336I501, best cost 16.001 + 925.822 = 941.823 over 398 frames.
F07UP22A1336I501 deewariyaa 
LOG (lattice-best-path:main():lattice-best-path.cc:99) For utterance F07UP22A1343I301, best cost 13.7111 + 1065.08 = 1078.79 over 498 frames.
F07UP22A1343I301 gorakhapura 
LOG (lattice-best-path:main():lattice-best-path.cc:99) For utterance F07UP22A1343I47, best cost 15.8085 + 841.588 = 857.397 over 298 frames.
F07UP22A1343I47 mauu 
LOG (lattice-best-path:main():lattice-best-path.cc:99) For utterance F07UP22A1345I47, best cost 14.9271 + 636.99 = 651.917 over 298 frames.
F07UP22A1345I47 mauu 
LOG (lattice-best-path:main():lattice-best-path.cc:99) For utterance F07UP22A1346I435, best cost 22.4812 + 849.619 = 872.1 over 300 frames.
F07UP22A1346I435 akbarapura 
LOG (lattice-best-path:main():lattice-best-path.cc:99) For utterance F07UP23A0248I41, best cost 16.5229 + 934.461 = 950.984 over 298 frames.
F07UP23A0248I41 kaasaganja 
LOG (lattice-best-path:main():lattice-best-path.cc:99) For utterance F07UP24A0182I302, best cost 16.9951 + 1389.67 = 1406.67 over 498 frames.
F07UP24A0182I302 itxaawaa 
LOG (lattice-best-path:main():lattice-best-path.cc:99) For utterance F07UP24A0182I41, best cost 16.0509 + 883.199 = 899.25 over 298 frames.
F07UP24A0182I41 phateehapurasiikarii 
LOG (lattice-best-path:main():lattice-best-path.cc:99) For utterance F07UP24A0183I302, best cost 14.9554 + 1555.45 = 1570.4 over 498 frames.
F07UP24A0183I302 itxaawaa 
LOG (lattice-best-path:main():lattice-best-path.cc:99) For utterance F07UP24A0183I47, best cost 16.1939 + 818.512 = 834.706 over 298 frames.
F07UP24A0183I47 maadhougadxhqa 
LOG (lattice-best-path:main():lattice-best-path.cc:99) For utterance F07UP25A1212I41, best cost 16.9979 + 914.229 = 931.227 over 298 frames.
F07UP25A1212I41 ambeedxakaranagara 
LOG (lattice-best-path:main():lattice-best-path.cc:99) For utterance F07UP25A1215I42, best cost 18.7299 + 836.029 = 854.758 over 298 frames.
F07UP25A1215I42 pheijaabaada 
LOG (lattice-best-path:main():lattice-best-path.cc:99) For utterance F07UP26A0256I43, best cost 15.5803 + 826.024 = 841.605 over 298 frames.
F07UP26A0256I43 mohammadaabaada 
LOG (lattice-best-path:main():lattice-best-path.cc:99) For utterance F07UP28A0226I300, best cost 18.1198 + 1548.91 = 1567.03 over 498 frames.
F07UP28A0226I300 khurajaa 
LOG (lattice-best-path:main():lattice-best-path.cc:99) For utterance F07UP28A0226I45, best cost 13.2249 + 894.406 = 907.63 over 298 frames.
F07UP28A0226I45 beewara 
LOG (lattice-best-path:main():lattice-best-path.cc:99) For utterance F07UP28A0227I301, best cost 24.2594 + 1493.01 = 1517.27 over 498 frames.
F07UP28A0227I301 meinapurii 
LOG (lattice-best-path:main():lattice-best-path.cc:99) For utterance F07UP28A0228I303, best cost 16.6409 + 1600.83 = 1617.47 over 498 frames.
F07UP28A0228I303 sikohaabaada 
LOG (lattice-best-path:main():lattice-best-path.cc:99) For utterance F07UP29A0523I41, best cost 18.8636 + 755.585 = 774.449 over 298 frames.
F07UP29A0523I41 aliigadxhqa 
LOG (lattice-best-path:main():lattice-best-path.cc:99) For utterance F07UP29A0523I44, best cost 23.2808 + 695 = 718.281 over 298 frames.
F07UP29A0523I44 anuupashahara 
LOG (lattice-best-path:main():lattice-best-path.cc:99) For utterance F07UP31A1293I42, best cost 16.5004 + 903.838 = 920.339 over 298 frames.
F07UP31A1293I42 baliiyaa 
LOG (lattice-best-path:main():lattice-best-path.cc:99) For utterance F07UP34A0567I44, best cost 15.5202 + 760.075 = 775.596 over 300 frames.
F07UP34A0567I44 phateehapura 
LOG (lattice-best-path:main():lattice-best-path.cc:99) For utterance F07UP35A0453I300, best cost 24.606 + 1125.27 = 1149.87 over 498 frames.
F07UP35A0453I300 haapudxqa 
LOG (lattice-best-path:main():lattice-best-path.cc:99) For utterance F07UP37A0304I300, best cost 20.392 + 1107.4 = 1127.79 over 498 frames.
F07UP37A0304I300 haatharasa 
LOG (lattice-best-path:main():lattice-best-path.cc:99) For utterance F07UP38A0101I41, best cost 17.1102 + 819.667 = 836.777 over 298 frames.
F07UP38A0101I41 jasawantanagara 
LOG (lattice-best-path:main():lattice-best-path.cc:99) For utterance F07UP41A0286I40, best cost 10.3587 + 607.502 = 617.86 over 298 frames.
F07UP41A0286I40 ouraiyaa 
LOG (lattice-best-path:main():lattice-best-path.cc:99) For utterance F07UP41A0286I42, best cost 10.4414 + 519.854 = 530.295 over 298 frames.
F07UP41A0286I42 beewara 
LOG (lattice-best-path:main():lattice-best-path.cc:99) For utterance F07UP52A0208I44, best cost 18.7359 + 857.818 = 876.553 over 298 frames.
F07UP52A0208I44 chibaraamauu 
LOG (lattice-best-path:main():lattice-best-path.cc:99) For utterance F07UP54A1284I430, best cost 14.4119 + 726.204 = 740.616 over 298 frames.
F07UP54A1284I430 gaajiipura 
LOG (lattice-best-path:main():lattice-best-path.cc:99) For utterance F07UP57A0408I41, best cost 16.3773 + 870.836 = 887.214 over 298 frames.
F07UP57A0408I41 aliigadxhqa 
LOG (lattice-best-path:main():lattice-best-path.cc:99) For utterance F07UP60A0943I300, best cost 25.4951 + 1484.9 = 1510.4 over 498 frames.
F07UP60A0943I300 prataapagadxhqa 
LOG (lattice-best-path:main():lattice-best-path.cc:99) For utterance F07UP60A0944I303, best cost 19.442 + 1006.69 = 1026.13 over 498 frames.
F07UP60A0944I303 sultaanapura 
LOG (lattice-best-path:main():lattice-best-path.cc:99) For utterance F07UP60A0949I300, best cost 32.7575 + 1207.06 = 1239.81 over 498 frames.
F07UP60A0949I300 aagaraa 
LOG (lattice-best-path:main():lattice-best-path.cc:99) For utterance F07UP60A0949I302, best cost 26.2867 + 1047.89 = 1074.18 over 498 frames.
F07UP60A0949I302 maholii 
LOG (lattice-best-path:main():lattice-best-path.cc:99) For utterance F07UP60A0949I303, best cost 25.181 + 1018.67 = 1043.85 over 498 frames.
F07UP60A0949I303 sultaanapura 
LOG (lattice-best-path:main():lattice-best-path.cc:99) For utterance F07UP60A0953I41, best cost 17.8062 + 652.622 = 670.428 over 298 frames.
F07UP60A0953I41 ilaahaabaada 
LOG (lattice-best-path:main():lattice-best-path.cc:99) For utterance F07UP60A0962I427, best cost 18.2575 + 757.285 = 775.542 over 298 frames.
F07UP60A0962I427 sultaanapura 
LOG (lattice-best-path:main():lattice-best-path.cc:99) For utterance F07UP60A0963I46, best cost 20.4756 + 853.681 = 874.156 over 298 frames.
F07UP60A0963I46 sultaanapura 
LOG (lattice-best-path:main():lattice-best-path.cc:99) For utterance F07UP64A0395I300, best cost 23.2856 + 1188.84 = 1212.13 over 498 frames.
F07UP64A0395I300 sambhala 
LOG (lattice-best-path:main():lattice-best-path.cc:99) For utterance F07UP64A0397I301, best cost 19.1269 + 1436.46 = 1455.59 over 498 frames.
F07UP64A0397I301 kushiinagara 
LOG (lattice-best-path:main():lattice-best-path.cc:99) For utterance F07UP64A0402I41, best cost 18.1527 + 725.074 = 743.227 over 298 frames.
F07UP64A0402I41 amarohaa 
LOG (lattice-best-path:main():lattice-best-path.cc:99) For utterance F07UP72A0728I300, best cost 20.7154 + 1388.3 = 1409.01 over 498 frames.
F07UP72A0728I300 sonbhadra 
LOG (lattice-best-path:main():lattice-best-path.cc:99) For utterance F07UP75A0756I300, best cost 27.5944 + 1189.9 = 1217.5 over 498 frames.
F07UP75A0756I300 waaraanxasxii 
LOG (lattice-best-path:main():lattice-best-path.cc:99) For utterance F07UP75A0763I435, best cost 12.4866 + 642.964 = 655.451 over 300 frames.
F07UP75A0763I435 mirjaapura 
LOG (lattice-best-path:main():lattice-best-path.cc:99) For utterance M07UP01A0057I427, best cost 19.4202 + 949.429 = 968.849 over 298 frames.
M07UP01A0057I427 aagaraa 
LOG (lattice-best-path:main():lattice-best-path.cc:99) For utterance M07UP01A0062I412, best cost 13.6018 + 840.589 = 854.19 over 298 frames.
M07UP01A0062I412 awaagadxhqa 
LOG (lattice-best-path:main():lattice-best-path.cc:99) For utterance M07UP01A0062I45, best cost 19.2417 + 714.827 = 734.069 over 300 frames.
M07UP01A0062I45 acaneeraa 
LOG (lattice-best-path:main():lattice-best-path.cc:99) For utterance M07UP01A0063I43, best cost 16.7199 + 770.563 = 787.283 over 298 frames.
M07UP01A0063I43 aliigadxhqa 
LOG (lattice-best-path:main():lattice-best-path.cc:99) For utterance M07UP01A0069I413, best cost 14.766 + 777.949 = 792.715 over 298 frames.
M07UP01A0069I413 koshiikalaan 
LOG (lattice-best-path:main():lattice-best-path.cc:99) For utterance M07UP01A0160I420, best cost 14.5276 + 747.766 = 762.293 over 298 frames.
M07UP01A0160I420 coubeepura 
LOG (lattice-best-path:main():lattice-best-path.cc:99) For utterance M07UP01A0160I430, best cost 12.8939 + 822.328 = 835.222 over 298 frames.
M07UP01A0160I430 uraii 
LOG (lattice-best-path:main():lattice-best-path.cc:99) For utterance M07UP01A0160I47, best cost 16.2266 + 850.341 = 866.567 over 298 frames.
M07UP01A0160I47 kannouja 
LOG (lattice-best-path:main():lattice-best-path.cc:99) For utterance M07UP02A0321I47, best cost 16.3869 + 732.366 = 748.753 over 300 frames.
M07UP02A0321I47 sikandaraabaada 
LOG (lattice-best-path:main():lattice-best-path.cc:99) For utterance M07UP02A0323I300, best cost 12.814 + 1166.26 = 1179.08 over 498 frames.
M07UP02A0323I300 aliigadxhqa 
LOG (lattice-best-path:main():lattice-best-path.cc:99) For utterance M07UP02A0325I43, best cost 14.9382 + 890.405 = 905.343 over 298 frames.
M07UP02A0325I43 haatharasa 
LOG (lattice-best-path:main():lattice-best-path.cc:99) For utterance M07UP02A0329I43, best cost 17.7899 + 651.215 = 669.005 over 298 frames.
M07UP02A0329I43 haatharasa 
LOG (lattice-best-path:main():lattice-best-path.cc:99) For utterance M07UP02A0330I303, best cost 18.2734 + 1003.95 = 1022.22 over 498 frames.
M07UP02A0330I303 jahaangiiraabaada 
LOG (lattice-best-path:main():lattice-best-path.cc:99) For utterance M07UP02A0333I45, best cost 20.5313 + 747.548 = 768.079 over 298 frames.
M07UP02A0333I45 atarraa 
LOG (lattice-best-path:main():lattice-best-path.cc:99) For utterance M07UP02A0335I301, best cost 20.2463 + 1408.47 = 1428.72 over 498 frames.
M07UP02A0335I301 konca 
LOG (lattice-best-path:main():lattice-best-path.cc:99) For utterance M07UP02A0336I44, best cost 16.6968 + 768.294 = 784.991 over 290 frames.
M07UP02A0336I44 bulandashahara 
LOG (lattice-best-path:main():lattice-best-path.cc:99) For utterance M07UP02A0337I41, best cost 17.1443 + 877.356 = 894.5 over 298 frames.
M07UP02A0337I41 eitxaa 
LOG (lattice-best-path:main():lattice-best-path.cc:99) For utterance M07UP02A0337I44, best cost 15.6825 + 654.313 = 669.996 over 298 frames.
M07UP02A0337I44 koshiikalaan 
LOG (lattice-best-path:main():lattice-best-path.cc:99) For utterance M07UP04A1227I45, best cost 15.0403 + 845.638 = 860.678 over 298 frames.
M07UP04A1227I45 deewariyaa 
LOG (lattice-best-path:main():lattice-best-path.cc:99) For utterance M07UP04A1230I303, best cost 40.1075 + 1241.98 = 1282.09 over 498 frames.
M07UP04A1230I303 akbarapura 
LOG (lattice-best-path:main():lattice-best-path.cc:99) For utterance M07UP04A1235I41, best cost 15.7152 + 851.522 = 867.237 over 298 frames.
M07UP04A1235I41 ambeedxakaranagara 
LOG (lattice-best-path:main():lattice-best-path.cc:99) For utterance M07UP04A1235I46, best cost 17.2447 + 630.574 = 647.819 over 298 frames.
M07UP04A1235I46 aajamagadxhqa 
LOG (lattice-best-path:main():lattice-best-path.cc:99) For utterance M07UP04A1236I303, best cost 24.3212 + 1271.58 = 1295.9 over 498 frames.
M07UP04A1236I303 shaahajahaanapura 
LOG (lattice-best-path:main():lattice-best-path.cc:99) For utterance M07UP04A1239I301, best cost 22.2287 + 1078.04 = 1100.27 over 498 frames.
M07UP04A1239I301 aajamagadxhqa 
LOG (lattice-best-path:main():lattice-best-path.cc:99) For utterance M07UP04A1242I410, best cost 15.5124 + 770.491 = 786.003 over 298 frames.
M07UP04A1242I410 akbarapura 
LOG (lattice-best-path:main():lattice-best-path.cc:99) For utterance M07UP04A1243I300, best cost 23.8094 + 1411.06 = 1434.87 over 498 frames.
M07UP04A1243I300 ambeedxakaranagara 
LOG (lattice-best-path:main():lattice-best-path.cc:99) For utterance M07UP04A1243I435, best cost 21.5077 + 730.466 = 751.974 over 300 frames.
M07UP04A1243I435 sultaanapura 
LOG (lattice-best-path:main():lattice-best-path.cc:99) For utterance M07UP04A1244I44, best cost 17.9952 + 958.018 = 976.014 over 298 frames.
M07UP04A1244I44 bastii 
LOG (lattice-best-path:main():lattice-best-path.cc:99) For utterance M07UP04A1245I48, best cost 20.361 + 924.213 = 944.574 over 298 frames.
M07UP04A1245I48 sultaanapura 
LOG (lattice-best-path:main():lattice-best-path.cc:99) For utterance M07UP05A0903I43, best cost 20.5008 + 691.033 = 711.534 over 298 frames.
M07UP05A0903I43 mauu 
LOG (lattice-best-path:main():lattice-best-path.cc:99) For utterance M07UP05A0910I300, best cost 17.4422 + 977.654 = 995.096 over 498 frames.
M07UP05A0910I300 ameitxhii 
LOG (lattice-best-path:main():lattice-best-path.cc:99) For utterance M07UP05A0911I42, best cost 18.073 + 797.268 = 815.341 over 298 frames.
M07UP05A0911I42 baaraabankii 
LOG (lattice-best-path:main():lattice-best-path.cc:99) For utterance M07UP05A0914I300, best cost 20.8061 + 1037.17 = 1057.97 over 498 frames.
M07UP05A0914I300 ameitxhii 
LOG (lattice-best-path:main():lattice-best-path.cc:99) For utterance M07UP05A0914I302, best cost 27.6796 + 1181.25 = 1208.93 over 498 frames.
M07UP05A0914I302 jaapharaganja 
LOG (lattice-best-path:main():lattice-best-path.cc:99) For utterance M07UP05A0915I301, best cost 13.6266 + 1095.49 = 1109.12 over 498 frames.
M07UP05A0915I301 sultaanapura 
LOG (lattice-best-path:main():lattice-best-path.cc:99) For utterance M07UP05A0916I43, best cost 25.504 + 744.992 = 770.496 over 298 frames.
M07UP05A0916I43 siitaapura 
LOG (lattice-best-path:main():lattice-best-path.cc:99) For utterance M07UP05A0920I411, best cost 14.9484 + 726.49 = 741.439 over 298 frames.
M07UP05A0920I411 sultaanapura 
LOG (lattice-best-path:main():lattice-best-path.cc:99) For utterance M07UP06A0427I301, best cost 16.2451 + 804.654 = 820.899 over 498 frames.
M07UP06A0427I301 muraadaabaada 
LOG (lattice-best-path:main():lattice-best-path.cc:99) For utterance M07UP06A0428I41, best cost 13.5192 + 844.707 = 858.226 over 298 frames.
M07UP06A0428I41 meeratxha 
LOG (lattice-best-path:main():lattice-best-path.cc:99) For utterance M07UP06A0429I411, best cost 15.2949 + 683.322 = 698.617 over 298 frames.
M07UP06A0429I411 lakhiimapurakhiirii 
LOG (lattice-best-path:main():lattice-best-path.cc:99) For utterance M07UP06A0433I301, best cost 20.6143 + 1031.33 = 1051.94 over 498 frames.
M07UP06A0433I301 muraadaabaada 
LOG (lattice-best-path:main():lattice-best-path.cc:99) For utterance M07UP06A0433I40, best cost 17.6982 + 750.481 = 768.179 over 298 frames.
M07UP06A0433I40 hasanapura 
LOG (lattice-best-path:main():lattice-best-path.cc:99) For utterance M07UP06A0433I41, best cost 23.6607 + 825.532 = 849.193 over 298 frames.
M07UP06A0433I41 meeratxha 
LOG (lattice-best-path:main():lattice-best-path.cc:99) For utterance M07UP06A0437I42, best cost 12.9982 + 613.422 = 626.421 over 298 frames.
M07UP06A0437I42 muraadaabaada 
LOG (lattice-best-path:main():lattice-best-path.cc:99) For utterance M07UP06A0438I41, best cost 14.7982 + 642.271 = 657.069 over 298 frames.
M07UP06A0438I41 meeratxha 
LOG (lattice-best-path:main():lattice-best-path.cc:99) For utterance M07UP06A0442I41, best cost 15.4141 + 850.794 = 866.208 over 298 frames.
M07UP06A0442I41 amarohaa 
LOG (lattice-best-path:main():lattice-best-path.cc:99) For utterance M07UP06A0442I42, best cost 22.1407 + 748.162 = 770.303 over 300 frames.
M07UP06A0442I42 baagapata 
LOG (lattice-best-path:main():lattice-best-path.cc:99) For utterance M07UP06A0444I43, best cost 19.9035 + 644.811 = 664.714 over 298 frames.
M07UP06A0444I43 bijanoura 
LOG (lattice-best-path:main():lattice-best-path.cc:99) For utterance M07UP06A0445I301, best cost 22.2606 + 1256.09 = 1278.35 over 490 frames.
M07UP06A0445I301 shaadaabaada 
LOG (lattice-best-path:main():lattice-best-path.cc:99) For utterance M07UP06A0447I41, best cost 18.6499 + 670.79 = 689.44 over 298 frames.
M07UP06A0447I41 meeratxha 
LOG (lattice-best-path:main():lattice-best-path.cc:99) For utterance M07UP07A0134I42, best cost 12.7559 + 634.447 = 647.203 over 298 frames.
M07UP07A0134I42 kannouja 
LOG (lattice-best-path:main():lattice-best-path.cc:99) For utterance M07UP07A0134I436, best cost 16.1773 + 772.083 = 788.26 over 298 frames.
M07UP07A0134I436 kaanapuradeehaata 
LOG (lattice-best-path:main():lattice-best-path.cc:99) For utterance M07UP07A0136I410, best cost 14.6237 + 874.895 = 889.519 over 298 frames.
M07UP07A0136I410 daataaganja 
LOG (lattice-best-path:main():lattice-best-path.cc:99) For utterance M07UP07A0136I438, best cost 21.5062 + 841.347 = 862.853 over 298 frames.
M07UP07A0136I438 uraii 
LOG (lattice-best-path:main():lattice-best-path.cc:99) For utterance M07UP07A0138I414, best cost 10.7883 + 558.772 = 569.56 over 298 frames.
M07UP07A0138I414 itxaawaa 
LOG (lattice-best-path:main():lattice-best-path.cc:99) For utterance M07UP07A0139I42, best cost 13.577 + 785.329 = 798.906 over 298 frames.
M07UP07A0139I42 jaalouna 
LOG (lattice-best-path:main():lattice-best-path.cc:99) For utterance M07UP07A0142I43, best cost 14.3126 + 868.008 = 882.321 over 298 frames.
M07UP07A0142I43 kannouja 
LOG (lattice-best-path:main():lattice-best-path.cc:99) For utterance M07UP07A0143I45, best cost 16.3721 + 808.575 = 824.947 over 298 frames.
M07UP07A0143I45 kaanapuradeehaata 
LOG (lattice-best-path:main():lattice-best-path.cc:99) For utterance M07UP07A0145I436, best cost 14.3684 + 620.58 = 634.948 over 298 frames.
M07UP07A0145I436 jaalouna 
LOG (lattice-best-path:main():lattice-best-path.cc:99) For utterance M07UP09A0483I300, best cost 12.7069 + 980.191 = 992.898 over 498 frames.
M07UP09A0483I300 dudhii 
LOG (lattice-best-path:main():lattice-best-path.cc:99) For utterance M07UP09A0485I43, best cost 22.7455 + 742.399 = 765.145 over 298 frames.
M07UP09A0485I43 gaajiyaabaada 
LOG (lattice-best-path:main():lattice-best-path.cc:99) For utterance M07UP09A0488I43, best cost 19.6685 + 889.13 = 908.798 over 298 frames.
M07UP09A0488I43 gaajiyaabaada 
LOG (lattice-best-path:main():lattice-best-path.cc:99) For utterance M07UP09A0489I300, best cost 23.2699 + 1109.37 = 1132.64 over 498 frames.
M07UP09A0489I300 baagapata 
LOG (lattice-best-path:main():lattice-best-path.cc:99) For utterance M07UP09A0490I301, best cost 22.2145 + 1003.24 = 1025.45 over 498 frames.
M07UP09A0490I301 meeratxha 
LOG (lattice-best-path:main():lattice-best-path.cc:99) For utterance M07UP09A0494I300, best cost 19.5376 + 1067.56 = 1087.1 over 498 frames.
M07UP09A0494I300 baagapata 
LOG (lattice-best-path:main():lattice-best-path.cc:99) For utterance M07UP09A0495I301, best cost 19.4216 + 1055.04 = 1074.46 over 498 frames.
M07UP09A0495I301 meeratxha 
LOG (lattice-best-path:main():lattice-best-path.cc:99) For utterance M07UP09A0495I41, best cost 20.8408 + 763.41 = 784.251 over 298 frames.
M07UP09A0495I41 mujjapharanagara 
LOG (lattice-best-path:main():lattice-best-path.cc:99) For utterance M07UP09A0496I303, best cost 16.8229 + 1013.56 = 1030.39 over 498 frames.
M07UP09A0496I303 gaajiyaabaada 
LOG (lattice-best-path:main():lattice-best-path.cc:99) For utterance M07UP09A0499I43, best cost 13.2315 + 563.256 = 576.487 over 298 frames.
M07UP09A0499I43 meeratxha 
LOG (lattice-best-path:main():lattice-best-path.cc:99) For utterance M07UP09A0500I42, best cost 22.9116 + 832.709 = 855.62 over 298 frames.
M07UP09A0500I42 baagapata 
LOG (lattice-best-path:main():lattice-best-path.cc:99) For utterance M07UP09A0500I44, best cost 18.916 + 658.955 = 677.871 over 298 frames.
M07UP09A0500I44 haapudxqa 
LOG (lattice-best-path:main():lattice-best-path.cc:99) For utterance M07UP09A0503I301, best cost 13.5044 + 1239.08 = 1252.58 over 498 frames.
M07UP09A0503I301 meeratxha 
LOG (lattice-best-path:main():lattice-best-path.cc:99) For utterance M07UP09A0505I300, best cost 22.0361 + 1415.38 = 1437.42 over 498 frames.
M07UP09A0505I300 baagapata 
LOG (lattice-best-path:main():lattice-best-path.cc:99) For utterance M07UP09A0505I504, best cost 14.2668 + 824.787 = 839.054 over 298 frames.
M07UP09A0505I504 uraii 
LOG (lattice-best-path:main():lattice-best-path.cc:99) For utterance M07UP11A1317I41, best cost 14.6719 + 636.834 = 651.506 over 298 frames.
M07UP11A1317I41 mauu 
LOG (lattice-best-path:main():lattice-best-path.cc:99) For utterance M07UP11A1319I300, best cost 26.9746 + 1072.42 = 1099.39 over 498 frames.
M07UP11A1319I300 baliiyaa 
LOG (lattice-best-path:main():lattice-best-path.cc:99) For utterance M07UP11A1328I301, best cost 30.1939 + 1070.16 = 1100.35 over 498 frames.
M07UP11A1328I301 gaajiipura 
LOG (lattice-best-path:main():lattice-best-path.cc:99) For utterance M07UP11A1337I301, best cost 15.9037 + 1069.18 = 1085.08 over 498 frames.
M07UP11A1337I301 gaajiipura 
LOG (lattice-best-path:main():lattice-best-path.cc:99) For utterance M07UP11A1349I303, best cost 24.6462 + 1349.19 = 1373.84 over 498 frames.
M07UP11A1349I303 mauu 
LOG (lattice-best-path:main():lattice-best-path.cc:99) For utterance M07UP11A1351I302, best cost 25.1138 + 1149.69 = 1174.8 over 498 frames.
M07UP11A1351I302 baliiyaa 
LOG (lattice-best-path:main():lattice-best-path.cc:99) For utterance M07UP11A1352I427, best cost 14.6559 + 672.064 = 686.72 over 298 frames.
M07UP11A1352I427 baliiyaa 
LOG (lattice-best-path:main():lattice-best-path.cc:99) For utterance M07UP11A1352I429, best cost 15.1674 + 654.091 = 669.258 over 298 frames.
M07UP11A1352I429 gorakhapura 
LOG (lattice-best-path:main():lattice-best-path.cc:99) For utterance M07UP13A0882I300, best cost 18.9339 + 1353.14 = 1372.07 over 498 frames.
M07UP13A0882I300 baaraabankii 
LOG (lattice-best-path:main():lattice-best-path.cc:99) For utterance M07UP13A0882I301, best cost 25.2614 + 1409.84 = 1435.1 over 498 frames.
M07UP13A0882I301 lakhanauu 
LOG (lattice-best-path:main():lattice-best-path.cc:99) For utterance M07UP13A0884I303, best cost 22.7867 + 1374.98 = 1397.77 over 498 frames.
M07UP13A0884I303 kamalaaganja 
LOG (lattice-best-path:main():lattice-best-path.cc:99) For utterance M07UP13A0888I41, best cost 16.4555 + 759.702 = 776.158 over 298 frames.
M07UP13A0888I41 sandxiilaa 
LOG (lattice-best-path:main():lattice-best-path.cc:99) For utterance M07UP13A0889I41, best cost 22.2143 + 953.863 = 976.078 over 298 frames.
M07UP13A0889I41 sandxiilaa 
LOG (lattice-best-path:main():lattice-best-path.cc:99) For utterance M07UP13A0890I43, best cost 17.2102 + 985.855 = 1003.07 over 298 frames.
M07UP13A0890I43 lakhanauu 
LOG (lattice-best-path:main():lattice-best-path.cc:99) For utterance M07UP13A0897I302, best cost 28.426 + 1269.25 = 1297.68 over 498 frames.
M07UP13A0897I302 kheiraagadxhqa 
LOG (lattice-best-path:main():lattice-best-path.cc:99) For utterance M07UP13A0897I41, best cost 15.6018 + 729.245 = 744.847 over 298 frames.
M07UP13A0897I41 siitaapura 
LOG (lattice-best-path:main():lattice-best-path.cc:99) For utterance M07UP13A0898I303, best cost 20.567 + 1342.42 = 1362.99 over 498 frames.
M07UP13A0898I303 baaraabankii 
LOG (lattice-best-path:main():lattice-best-path.cc:99) For utterance M07UP13A0900I436, best cost 15.2229 + 773.411 = 788.634 over 298 frames.
M07UP13A0900I436 kaanapura 
LOG (lattice-best-path:main():lattice-best-path.cc:99) For utterance M07UP14A0572I301, best cost 20.7531 + 1042.25 = 1063 over 498 frames.
M07UP14A0572I301 phateehapura 
LOG (lattice-best-path:main():lattice-best-path.cc:99) For utterance M07UP14A0576I41, best cost 21.0427 + 776.672 = 797.715 over 298 frames.
M07UP14A0576I41 baaraabankii 
LOG (lattice-best-path:main():lattice-best-path.cc:99) For utterance M07UP14A0583I300, best cost 26.858 + 1319.41 = 1346.27 over 498 frames.
M07UP14A0583I300 baandaa 
LOG (lattice-best-path:main():lattice-best-path.cc:99) For utterance M07UP14A0588I41, best cost 16.4119 + 747.223 = 763.634 over 300 frames.
M07UP14A0588I41 pheijaabaada 
LOG (lattice-best-path:main():lattice-best-path.cc:99) For utterance M07UP14A0590I300, best cost 17.9909 + 1111.85 = 1129.84 over 498 frames.
M07UP14A0590I300 baandaa 
LOG (lattice-best-path:main():lattice-best-path.cc:99) For utterance M07UP14A0590I43, best cost 20.5598 + 761.645 = 782.205 over 298 frames.
M07UP14A0590I43 raaibareilii 
LOG (lattice-best-path:main():lattice-best-path.cc:99) For utterance M07UP14A0591I302, best cost 14.5764 + 1067.13 = 1081.71 over 498 frames.
M07UP14A0591I302 baandaa 
LOG (lattice-best-path:main():lattice-best-path.cc:99) For utterance M07UP14A0591I303, best cost 17.7549 + 1371.37 = 1389.13 over 498 frames.
M07UP14A0591I303 citrakuutxa 
LOG (lattice-best-path:main():lattice-best-path.cc:99) For utterance M07UP18A0362I47, best cost 12.7006 + 777.326 = 790.026 over 298 frames.
M07UP18A0362I47 itxaawaa 
LOG (lattice-best-path:main():lattice-best-path.cc:99) For utterance M07UP18A0363I300, best cost 22.4145 + 1126.16 = 1148.57 over 498 frames.
M07UP18A0363I300 badaayuun 
LOG (lattice-best-path:main():lattice-best-path.cc:99) For utterance M07UP18A0363I302, best cost 18.9218 + 1046.56 = 1065.49 over 498 frames.
M07UP18A0363I302 candousii 
LOG (lattice-best-path:main():lattice-best-path.cc:99) For utterance M07UP18A0365I42, best cost 17.863 + 750.252 = 768.115 over 298 frames.
M07UP18A0365I42 badaayuun 
LOG (lattice-best-path:main():lattice-best-path.cc:99) For utterance M07UP18A0366I41, best cost 18.3731 + 753.381 = 771.754 over 298 frames.
M07UP18A0366I41 aliigadxhqa 
LOG (lattice-best-path:main():lattice-best-path.cc:99) For utterance M07UP18A0367I43, best cost 15.6188 + 776.107 = 791.725 over 298 frames.
M07UP18A0367I43 bareelii 
LOG (lattice-best-path:main():lattice-best-path.cc:99) For utterance M07UP18A0368I301, best cost 30.2221 + 1308.88 = 1339.1 over 498 frames.
M07UP18A0368I301 muraadaabaada 
LOG (lattice-best-path:main():lattice-best-path.cc:99) For utterance M07UP18A0368I49, best cost 25.5892 + 771.098 = 796.687 over 298 frames.
M07UP18A0368I49 haatharasa 
LOG (lattice-best-path:main():lattice-best-path.cc:99) For utterance M07UP18A0369I48, best cost 22.9292 + 917.859 = 940.788 over 298 frames.
M07UP18A0369I48 pharrukhaabaada 
LOG (lattice-best-path:main():lattice-best-path.cc:99) For utterance M07UP18A0371I300, best cost 21.569 + 1436.65 = 1458.22 over 498 frames.
M07UP18A0371I300 badaayuun 
LOG (lattice-best-path:main():lattice-best-path.cc:99) For utterance M07UP18A0374I300, best cost 20.7148 + 1642.61 = 1663.32 over 498 frames.
M07UP18A0374I300 badaayuun 
LOG (lattice-best-path:main():lattice-best-path.cc:99) For utterance M07UP18A0374I48, best cost 20.6477 + 859.379 = 880.027 over 298 frames.
M07UP18A0374I48 pharrukhaabaada 
LOG (lattice-best-path:main():lattice-best-path.cc:99) For utterance M07UP18A0375I45, best cost 15.802 + 864.962 = 880.764 over 298 frames.
M07UP18A0375I45 bulandashahara 
LOG (lattice-best-path:main():lattice-best-path.cc:99) For utterance M07UP18A0376I43, best cost 14.1658 + 662.343 = 676.508 over 298 frames.
M07UP18A0376I43 bareelii 
LOG (lattice-best-path:main():lattice-best-path.cc:99) For utterance M07UP18A0376I49, best cost 16.6868 + 720.961 = 737.647 over 298 frames.
M07UP18A0376I49 haatharasa 
LOG (lattice-best-path:main():lattice-best-path.cc:99) For utterance M07UP18A0378I302, best cost 26.0321 + 1556.41 = 1582.44 over 498 frames.
M07UP18A0378I302 candousii 
LOG (lattice-best-path:main():lattice-best-path.cc:99) For utterance M07UP18A0380I300, best cost 18.7403 + 1345.54 = 1364.28 over 498 frames.
M07UP18A0380I300 badaayuun 
LOG (lattice-best-path:main():lattice-best-path.cc:99) For utterance M07UP19A0341I48, best cost 11.5286 + 594.679 = 606.208 over 298 frames.
M07UP19A0341I48 bahajoii 
LOG (lattice-best-path:main():lattice-best-path.cc:99) For utterance M07UP19A0345I300, best cost 25.419 + 1558.35 = 1583.77 over 490 frames.
M07UP19A0345I300 bulandashahara 
LOG (lattice-best-path:main():lattice-best-path.cc:99) For utterance M07UP19A0345I45, best cost 14.1394 + 698.711 = 712.85 over 298 frames.
M07UP19A0345I45 haapudxqa 
LOG (lattice-best-path:main():lattice-best-path.cc:99) For utterance M07UP19A0346I301, best cost 24.2728 + 1426.11 = 1450.38 over 498 frames.
M07UP19A0346I301 aliigadxhqa 
LOG (lattice-best-path:main():lattice-best-path.cc:99) For utterance M07UP19A0348I301, best cost 30.6779 + 1119.02 = 1149.69 over 498 frames.
M07UP19A0348I301 aliigadxhqa 
LOG (lattice-best-path:main():lattice-best-path.cc:99) For utterance M07UP19A0354I301, best cost 26.9836 + 1493.48 = 1520.46 over 498 frames.
M07UP19A0354I301 aliigadxhqa 
LOG (lattice-best-path:main():lattice-best-path.cc:99) For utterance M07UP19A0354I303, best cost 26.8681 + 1420.66 = 1447.53 over 498 frames.
M07UP19A0354I303 jahaangiiraabaada 
LOG (lattice-best-path:main():lattice-best-path.cc:99) For utterance M07UP19A0356I43, best cost 19.087 + 725.494 = 744.581 over 298 frames.
M07UP19A0356I43 muraadaabaada 
LOG (lattice-best-path:main():lattice-best-path.cc:99) For utterance M07UP19A0357I300, best cost 29.3032 + 1204.81 = 1234.12 over 498 frames.
M07UP19A0357I300 bulandashahara 
LOG (lattice-best-path:main():lattice-best-path.cc:99) For utterance M07UP19A0358I303, best cost 24.6251 + 1074.32 = 1098.95 over 498 frames.
M07UP19A0358I303 aliigadxhqa 
LOG (lattice-best-path:main():lattice-best-path.cc:99) For utterance M07UP19A0359I40, best cost 12.7103 + 667.925 = 680.636 over 298 frames.
M07UP19A0359I40 bareelii 
LOG (lattice-best-path:main():lattice-best-path.cc:99) For utterance M07UP20A0734I300, best cost 31.0683 + 1187.32 = 1218.39 over 498 frames.
M07UP20A0734I300 candoulii 
LOG (lattice-best-path:main():lattice-best-path.cc:99) For utterance M07UP20A0739I44, best cost 17.7125 + 673.777 = 691.489 over 298 frames.
M07UP20A0739I44 sonbhadra 
LOG (lattice-best-path:main():lattice-best-path.cc:99) For utterance M07UP20A0739I45, best cost 13.8188 + 607.634 = 621.452 over 300 frames.
M07UP20A0739I45 waaraanxasxii 
LOG (lattice-best-path:main():lattice-best-path.cc:99) For utterance M07UP20A0740I302, best cost 21.5581 + 1146.46 = 1168.02 over 498 frames.
M07UP20A0740I302 candoulii 
LOG (lattice-best-path:main():lattice-best-path.cc:99) For utterance M07UP20A0742I302, best cost 17.3586 + 921.884 = 939.242 over 498 frames.
M07UP20A0742I302 candoulii 
LOG (lattice-best-path:main():lattice-best-path.cc:99) For utterance M07UP20A0750I40, best cost 19.3338 + 765.747 = 785.081 over 298 frames.
M07UP20A0750I40 candoulii 
LOG (lattice-best-path:main():lattice-best-path.cc:99) For utterance M07UP20A0753I43, best cost 11.8041 + 900.185 = 911.989 over 298 frames.
M07UP20A0753I43 waaraanxasxii 
LOG (lattice-best-path:main():lattice-best-path.cc:99) For utterance M07UP21A0593I302, best cost 25.3009 + 1380.12 = 1405.42 over 498 frames.
M07UP21A0593I302 karabii 
LOG (lattice-best-path:main():lattice-best-path.cc:99) For utterance M07UP21A0598I41, best cost 17.9033 + 700.062 = 717.966 over 298 frames.
M07UP21A0598I41 mauu 
LOG (lattice-best-path:main():lattice-best-path.cc:99) For utterance M07UP21A0600I300, best cost 25.0846 + 1304.69 = 1329.78 over 498 frames.
M07UP21A0600I300 seidapura 
LOG (lattice-best-path:main():lattice-best-path.cc:99) For utterance M07UP21A0600I42, best cost 27.0203 + 720.915 = 747.936 over 298 frames.
M07UP21A0600I42 baandaa 
LOG (lattice-best-path:main():lattice-best-path.cc:99) For utterance M07UP21A0606I301, best cost 25.9192 + 1279.59 = 1305.51 over 498 frames.
M07UP21A0606I301 citrakuutxa 
LOG (lattice-best-path:main():lattice-best-path.cc:99) For utterance M07UP21A0606I302, best cost 16.3585 + 1459.91 = 1476.26 over 498 frames.
M07UP21A0606I302 karabii 
LOG (lattice-best-path:main():lattice-best-path.cc:99) For utterance M07UP21A0607I301, best cost 23.8186 + 1179.89 = 1203.71 over 498 frames.
M07UP21A0607I301 citrakuutxa 
LOG (lattice-best-path:main():lattice-best-path.cc:99) For utterance M07UP22A1323I47, best cost 10.1789 + 551.874 = 562.053 over 298 frames.
M07UP22A1323I47 mauu 
LOG (lattice-best-path:main():lattice-best-path.cc:99) For utterance M07UP22A1326I300, best cost 23.9035 + 1185.08 = 1208.99 over 498 frames.
M07UP22A1326I300 deewariyaa 
LOG (lattice-best-path:main():lattice-best-path.cc:99) For utterance M07UP22A1342I301, best cost 22.3996 + 1042.92 = 1065.31 over 498 frames.
M07UP22A1342I301 gorakhapura 
LOG (lattice-best-path:main():lattice-best-path.cc:99) For utterance M07UP22A1347I43, best cost 16.2529 + 933.643 = 949.896 over 298 frames.
M07UP22A1347I43 deewariyaa 
LOG (lattice-best-path:main():lattice-best-path.cc:99) For utterance M07UP22A1347I47, best cost 16.972 + 895.041 = 912.013 over 300 frames.
M07UP22A1347I47 mauu 
LOG (lattice-best-path:main():lattice-best-path.cc:99) For utterance M07UP22A1355I301, best cost 24.0691 + 1348.38 = 1372.44 over 498 frames.
M07UP22A1355I301 gorakhapura 
LOG (lattice-best-path:main():lattice-best-path.cc:99) For utterance M07UP22A1355I47, best cost 18.2388 + 737.31 = 755.549 over 298 frames.
M07UP22A1355I47 mauu 
LOG (lattice-best-path:main():lattice-best-path.cc:99) For utterance M07UP22A1357I300, best cost 30.781 + 1135.09 = 1165.88 over 498 frames.
M07UP22A1357I300 deewariyaa 
LOG (lattice-best-path:main():lattice-best-path.cc:99) For utterance M07UP22A1357I45, best cost 15.0188 + 673.804 = 688.822 over 298 frames.
M07UP22A1357I45 gorakhapura 
LOG (lattice-best-path:main():lattice-best-path.cc:99) For utterance M07UP22A1357I47, best cost 12.9646 + 702.715 = 715.68 over 298 frames.
M07UP22A1357I47 mauu 
LOG (lattice-best-path:main():lattice-best-path.cc:99) For utterance M07UP23A0224I44, best cost 18.1512 + 918.165 = 936.316 over 298 frames.
M07UP23A0224I44 aliiganja 
LOG (lattice-best-path:main():lattice-best-path.cc:99) For utterance M07UP23A0233I43, best cost 14.3198 + 610.457 = 624.777 over 298 frames.
M07UP23A0233I43 phirojaabaada 
LOG (lattice-best-path:main():lattice-best-path.cc:99) For utterance M07UP23A0234I41, best cost 16.9383 + 934.467 = 951.405 over 298 frames.
M07UP23A0234I41 kaasaganja 
LOG (lattice-best-path:main():lattice-best-path.cc:99) For utterance M07UP23A0235I42, best cost 14.4727 + 917.351 = 931.824 over 298 frames.
M07UP23A0235I42 pharrukhaabaada 
LOG (lattice-best-path:main():lattice-best-path.cc:99) For utterance M07UP23A0236I43, best cost 18.5091 + 812.45 = 830.959 over 298 frames.
M07UP23A0236I43 beewara 
LOG (lattice-best-path:main():lattice-best-path.cc:99) For utterance M07UP23A0239I40, best cost 11.6465 + 883.467 = 895.113 over 298 frames.
M07UP23A0239I40 haatharasa 
LOG (lattice-best-path:main():lattice-best-path.cc:99) For utterance M07UP23A0242I42, best cost 18.8915 + 840.187 = 859.078 over 298 frames.
M07UP23A0242I42 kaasaganja 
LOG (lattice-best-path:main():lattice-best-path.cc:99) For utterance M07UP24A0171I300, best cost 23.6402 + 1257.29 = 1280.93 over 498 frames.
M07UP24A0171I300 itxaawaa 
LOG (lattice-best-path:main():lattice-best-path.cc:99) For utterance M07UP24A0172I45, best cost 13.6824 + 839.833 = 853.516 over 298 frames.
M07UP24A0172I45 beewara 
LOG (lattice-best-path:main():lattice-best-path.cc:99) For utterance M07UP24A0172I49, best cost 14.155 + 819.094 = 833.249 over 298 frames.
M07UP24A0172I49 ouraiyaa 
LOG (lattice-best-path:main():lattice-best-path.cc:99) For utterance M07UP24A0173I44, best cost 12.5442 + 643.323 = 655.867 over 298 frames.
M07UP24A0173I44 sirasaaganja 
LOG (lattice-best-path:main():lattice-best-path.cc:99) For utterance M07UP24A0173I46, best cost 10.9354 + 581.218 = 592.153 over 298 frames.
M07UP24A0173I46 uraii 
LOG (lattice-best-path:main():lattice-best-path.cc:99) For utterance M07UP24A0175I301, best cost 26.4886 + 1212.97 = 1239.46 over 498 frames.
M07UP24A0175I301 ouraiyaa 
LOG (lattice-best-path:main():lattice-best-path.cc:99) For utterance M07UP24A0177F606, best cost 30.7008 + 2201.71 = 2232.41 over 998 frames.
M07UP24A0177F606 itxaawaa 
LOG (lattice-best-path:main():lattice-best-path.cc:99) For utterance M07UP24A0179I302, best cost 22.6502 + 1124.05 = 1146.7 over 498 frames.
M07UP24A0179I302 itxaawaa 
LOG (lattice-best-path:main():lattice-best-path.cc:99) For utterance M07UP24A0181I301, best cost 14.2586 + 1556.78 = 1571.04 over 498 frames.
M07UP24A0181I301 itxaawaa 
LOG (lattice-best-path:main():lattice-best-path.cc:99) For utterance M07UP24A0181I42, best cost 11.6955 + 825.789 = 837.484 over 298 frames.
M07UP24A0181I42 ghiroura 
LOG (lattice-best-path:main():lattice-best-path.cc:99) For utterance M07UP24A0181I48, best cost 19.1244 + 807.88 = 827.004 over 298 frames.
M07UP24A0181I48 phirojaabaada 
LOG (lattice-best-path:main():lattice-best-path.cc:99) For utterance M07UP24A0185I303, best cost 23.8572 + 1337.23 = 1361.09 over 498 frames.
M07UP24A0185I303 sirasaaganja 
LOG (lattice-best-path:main():lattice-best-path.cc:99) For utterance M07UP24A0188I302, best cost 19.9771 + 1218.56 = 1238.53 over 498 frames.
M07UP24A0188I302 kheira 
LOG (lattice-best-path:main():lattice-best-path.cc:99) For utterance M07UP24A0191I300, best cost 19.417 + 1078.71 = 1098.13 over 498 frames.
M07UP24A0191I300 itxaawaa 
LOG (lattice-best-path:main():lattice-best-path.cc:99) For utterance M07UP25A1205I302, best cost 27.9394 + 1448.77 = 1476.71 over 498 frames.
M07UP25A1205I302 akbarapura 
LOG (lattice-best-path:main():lattice-best-path.cc:99) For utterance M07UP25A1205I43, best cost 21.7673 + 865.698 = 887.465 over 298 frames.
M07UP25A1205I43 kaanapura 
LOG (lattice-best-path:main():lattice-best-path.cc:99) For utterance M07UP25A1206I45, best cost 26.6344 + 812.299 = 838.934 over 298 frames.
M07UP25A1206I45 gondxaa 
LOG (lattice-best-path:main():lattice-best-path.cc:99) For utterance M07UP25A1209I41, best cost 13.4524 + 759.409 = 772.861 over 298 frames.
M07UP25A1209I41 raaibareilii 
LOG (lattice-best-path:main():lattice-best-path.cc:99) For utterance M07UP25A1216I41, best cost 15.5814 + 908.496 = 924.078 over 298 frames.
M07UP25A1216I41 pheijaabaada 
LOG (lattice-best-path:main():lattice-best-path.cc:99) For utterance M07UP25A1220I300, best cost 25.3917 + 1252.84 = 1278.24 over 498 frames.
M07UP25A1220I300 pheijaabaada 
LOG (lattice-best-path:main():lattice-best-path.cc:99) For utterance M07UP25A1220I42, best cost 19.2776 + 748.233 = 767.51 over 298 frames.
M07UP25A1220I42 baaraabankii 
LOG (lattice-best-path:main():lattice-best-path.cc:99) For utterance M07UP25A1261I302, best cost 24.616 + 1455.98 = 1480.6 over 500 frames.
M07UP25A1261I302 pheijaabaada 
LOG (lattice-best-path:main():lattice-best-path.cc:99) For utterance M07UP26A0214I42, best cost 14.2581 + 951.843 = 966.101 over 298 frames.
M07UP26A0214I42 aliigadxhqa 
LOG (lattice-best-path:main():lattice-best-path.cc:99) For utterance M07UP26A0255I48, best cost 13.0355 + 734.089 = 747.124 over 300 frames.
M07UP26A0255I48 eitxaa 
LOG (lattice-best-path:main():lattice-best-path.cc:99) For utterance M07UP26A0257I47, best cost 15.0424 + 605.451 = 620.494 over 298 frames.
M07UP26A0257I47 daataaganja 
LOG (lattice-best-path:main():lattice-best-path.cc:99) For utterance M07UP26A0258I414, best cost 19.5851 + 722.961 = 742.546 over 298 frames.
M07UP26A0258I414 mauu 
LOG (lattice-best-path:main():lattice-best-path.cc:99) For utterance M07UP26A0261I47, best cost 13.6623 + 733.568 = 747.23 over 298 frames.
M07UP26A0261I47 kannouja 
LOG (lattice-best-path:main():lattice-best-path.cc:99) For utterance M07UP26A0262I41, best cost 14.3757 + 838.658 = 853.034 over 298 frames.
M07UP26A0262I41 badaayuun 
LOG (lattice-best-path:main():lattice-best-path.cc:99) For utterance M07UP26A0263I43, best cost 16.2503 + 662.737 = 678.987 over 298 frames.
M07UP26A0263I43 awaagadxhqa 
LOG (lattice-best-path:main():lattice-best-path.cc:99) For utterance M07UP26A0267I44, best cost 13.9215 + 726.206 = 740.128 over 298 frames.
M07UP26A0267I44 kaasaganja 
LOG (lattice-best-path:main():lattice-best-path.cc:99) For utterance M07UP26A0269I47, best cost 14.405 + 899.565 = 913.97 over 298 frames.
M07UP26A0269I47 kannouja 
LOG (lattice-best-path:main():lattice-best-path.cc:99) For utterance M07UP26A0270I42, best cost 15.6919 + 803.154 = 818.846 over 298 frames.
M07UP26A0270I42 aliiganja 
LOG (lattice-best-path:main():lattice-best-path.cc:99) For utterance M07UP26A0272I44, best cost 10.9192 + 563.406 = 574.326 over 298 frames.
M07UP26A0272I44 beewara 
LOG (lattice-best-path:main():lattice-best-path.cc:99) For utterance M07UP27A0641I438, best cost 15.8305 + 714.29 = 730.121 over 298 frames.
M07UP27A0641I438 risiiyaa 
LOG (lattice-best-path:main():lattice-best-path.cc:99) For utterance M07UP27A0647I41, best cost 12.8822 + 731.333 = 744.215 over 298 frames.
M07UP27A0647I41 phateehapura 
LOG (lattice-best-path:main():lattice-best-path.cc:99) For utterance M07UP27A0647I43, best cost 17.2561 + 738.838 = 756.094 over 298 frames.
M07UP27A0647I43 koushaamabii 
LOG (lattice-best-path:main():lattice-best-path.cc:99) For utterance M07UP27A0657I303, best cost 22.2195 + 1262.75 = 1284.97 over 498 frames.
M07UP27A0657I303 koushaamabii 
LOG (lattice-best-path:main():lattice-best-path.cc:99) For utterance M07UP28A0216I301, best cost 13.8328 + 1377.88 = 1391.72 over 498 frames.
M07UP28A0216I301 aagaraa 
LOG (lattice-best-path:main():lattice-best-path.cc:99) For utterance M07UP28A0218I300, best cost 21.4909 + 1232.72 = 1254.21 over 498 frames.
M07UP28A0218I300 beewara 
LOG (lattice-best-path:main():lattice-best-path.cc:99) For utterance M07UP28A0219I40, best cost 13.0484 + 764.258 = 777.306 over 298 frames.
M07UP28A0219I40 aagaraa 
LOG (lattice-best-path:main():lattice-best-path.cc:99) For utterance M07UP28A0219I505, best cost 12.8055 + 758.961 = 771.767 over 300 frames.
M07UP28A0219I505 aagaraa 
LOG (lattice-best-path:main():lattice-best-path.cc:99) For utterance M07UP28A0225I302, best cost 15.354 + 1419.09 = 1434.44 over 498 frames.
M07UP28A0225I302 meinapurii 
LOG (lattice-best-path:main():lattice-best-path.cc:99) For utterance M07UP28A0225I40, best cost 16.2898 + 738.259 = 754.549 over 298 frames.
M07UP28A0225I40 aagaraa 
LOG (lattice-best-path:main():lattice-best-path.cc:99) For utterance M07UP28A0225I41, best cost 12.4021 + 1017.61 = 1030.01 over 298 frames.
M07UP28A0225I41 ghiroura 
LOG (lattice-best-path:main():lattice-best-path.cc:99) For utterance M07UP29A0506I301, best cost 19.7893 + 1086.43 = 1106.21 over 498 frames.
M07UP29A0506I301 gaajiyaabaada 
LOG (lattice-best-path:main():lattice-best-path.cc:99) For utterance M07UP29A0509I42, best cost 17.9699 + 753.184 = 771.154 over 298 frames.
M07UP29A0509I42 aliigadxhqa 
LOG (lattice-best-path:main():lattice-best-path.cc:99) For utterance M07UP29A0509I45, best cost 13.7895 + 756.655 = 770.445 over 298 frames.
M07UP29A0509I45 awaagadxhqa 
LOG (lattice-best-path:main():lattice-best-path.cc:99) For utterance M07UP29A0510I303, best cost 18.8519 + 1171.05 = 1189.91 over 500 frames.
M07UP29A0510I303 sikandaraabaada 
LOG (lattice-best-path:main():lattice-best-path.cc:99) For utterance M07UP29A0510I44, best cost 14.1867 + 627.461 = 641.647 over 298 frames.
M07UP29A0510I44 anuupashahara 
LOG (lattice-best-path:main():lattice-best-path.cc:99) For utterance M07UP29A0511I301, best cost 18.9837 + 1276.44 = 1295.43 over 498 frames.
M07UP29A0511I301 gaajiyaabaada 
LOG (lattice-best-path:main():lattice-best-path.cc:99) For utterance M07UP29A0511I42, best cost 19.7112 + 830.101 = 849.812 over 298 frames.
M07UP29A0511I42 koshiikalaan 
LOG (lattice-best-path:main():lattice-best-path.cc:99) For utterance M07UP29A0513I44, best cost 11.5046 + 729.336 = 740.841 over 298 frames.
M07UP29A0513I44 eitxaa 
LOG (lattice-best-path:main():lattice-best-path.cc:99) For utterance M07UP29A0514I41, best cost 14.7362 + 766.279 = 781.015 over 298 frames.
M07UP29A0514I41 aliigadxhqa 
LOG (lattice-best-path:main():lattice-best-path.cc:99) For utterance M07UP29A0516I41, best cost 11.9272 + 880.497 = 892.424 over 298 frames.
M07UP29A0516I41 aliigadxhqa 
LOG (lattice-best-path:main():lattice-best-path.cc:99) For utterance M07UP29A0517I303, best cost 17.5341 + 1201.47 = 1219 over 498 frames.
M07UP29A0517I303 sikandaraabaada 
LOG (lattice-best-path:main():lattice-best-path.cc:99) For utterance M07UP29A0520I42, best cost 15.6976 + 668.256 = 683.954 over 298 frames.
M07UP29A0520I42 aliigadxhqa 
LOG (lattice-best-path:main():lattice-best-path.cc:99) For utterance M07UP29A0520I45, best cost 19.666 + 826.123 = 845.789 over 298 frames.
M07UP29A0520I45 awaagadxhqa 
LOG (lattice-best-path:main():lattice-best-path.cc:99) For utterance M07UP29A0521I303, best cost 27.4564 + 1158.63 = 1186.09 over 498 frames.
M07UP29A0521I303 gaajiyaabaada 
LOG (lattice-best-path:main():lattice-best-path.cc:99) For utterance M07UP29A0521I47, best cost 16.7626 + 677.047 = 693.81 over 298 frames.
M07UP29A0521I47 sikandaraabaada 
LOG (lattice-best-path:main():lattice-best-path.cc:99) For utterance M07UP31A1290I43, best cost 14.1175 + 705.776 = 719.893 over 298 frames.
M07UP31A1290I43 candoulii 
LOG (lattice-best-path:main():lattice-best-path.cc:99) For utterance M07UP31A1291I42, best cost 19.5358 + 751.42 = 770.956 over 298 frames.
M07UP31A1291I42 baliiyaa 
LOG (lattice-best-path:main():lattice-best-path.cc:99) For utterance M07UP31A1292I301, best cost 24.801 + 1178.29 = 1203.09 over 498 frames.
M07UP31A1292I301 aajamagadxhqa 
LOG (lattice-best-path:main():lattice-best-path.cc:99) For utterance M07UP31A1294I302, best cost 34.0198 + 1099.67 = 1133.69 over 498 frames.
M07UP31A1294I302 jangiipura 
LOG (lattice-best-path:main():lattice-best-path.cc:99) For utterance M07UP31A1294I43, best cost 23.7495 + 772.126 = 795.876 over 298 frames.
M07UP31A1294I43 candoulii 
LOG (lattice-best-path:main():lattice-best-path.cc:99) For utterance M07UP31A1296I500, best cost 24.0819 + 944.159 = 968.241 over 498 frames.
M07UP31A1296I500 nagiinaa 
LOG (lattice-best-path:main():lattice-best-path.cc:99) For utterance M07UP31A1300I300, best cost 25.2148 + 1525.59 = 1550.81 over 498 frames.
M07UP31A1300I300 gaajiipura 
LOG (lattice-best-path:main():lattice-best-path.cc:99) For utterance M07UP31A1302I301, best cost 30.4723 + 1214.83 = 1245.3 over 498 frames.
M07UP31A1302I301 aajamagadxhqa 
LOG (lattice-best-path:main():lattice-best-path.cc:99) For utterance M07UP31A1306I302, best cost 33.82 + 1210.14 = 1243.96 over 498 frames.
M07UP31A1306I302 jangiipura 
LOG (lattice-best-path:main():lattice-best-path.cc:99) For utterance M07UP31A1306I303, best cost 18.2795 + 1568.34 = 1586.62 over 498 frames.
M07UP31A1306I303 mohammadaabaada 
LOG (lattice-best-path:main():lattice-best-path.cc:99) For utterance M07UP31A1306I43, best cost 11.7399 + 631.293 = 643.033 over 298 frames.
M07UP31A1306I43 candoulii 
LOG (lattice-best-path:main():lattice-best-path.cc:99) For utterance M07UP31A1307I430, best cost 24.9617 + 741.496 = 766.458 over 298 frames.
M07UP31A1307I430 baliiyaa 
LOG (lattice-best-path:main():lattice-best-path.cc:99) For utterance M07UP31A1308I435, best cost 20.1458 + 722.48 = 742.625 over 298 frames.
M07UP31A1308I435 baliiyaa 
LOG (lattice-best-path:main():lattice-best-path.cc:99) For utterance M07UP31A1309I44, best cost 13.3017 + 946.022 = 959.324 over 298 frames.
M07UP31A1309I44 deewariyaa 
LOG (lattice-best-path:main():lattice-best-path.cc:99) For utterance M07UP31A1310I45, best cost 17.5253 + 849.863 = 867.389 over 298 frames.
M07UP31A1310I45 gaajiipura 
LOG (lattice-best-path:main():lattice-best-path.cc:99) For utterance M07UP34A0551I43, best cost 14.1762 + 811.908 = 826.085 over 300 frames.
M07UP34A0551I43 citrakuutxa 
LOG (lattice-best-path:main():lattice-best-path.cc:99) For utterance M07UP34A0554I301, best cost 20.1555 + 1139.43 = 1159.59 over 498 frames.
M07UP34A0554I301 jaalouna 
LOG (lattice-best-path:main():lattice-best-path.cc:99) For utterance M07UP34A0555I300, best cost 18.3939 + 1546.87 = 1565.26 over 498 frames.
M07UP34A0555I300 hamiirapura 
LOG (lattice-best-path:main():lattice-best-path.cc:99) For utterance M07UP34A0558I42, best cost 15.9884 + 793.493 = 809.482 over 298 frames.
M07UP34A0558I42 baandaa 
LOG (lattice-best-path:main():lattice-best-path.cc:99) For utterance M07UP34A0559I303, best cost 25.7434 + 1222.09 = 1247.84 over 498 frames.
M07UP34A0559I303 uraii 
LOG (lattice-best-path:main():lattice-best-path.cc:99) For utterance M07UP34A0559I44, best cost 22.9844 + 721.752 = 744.736 over 298 frames.
M07UP34A0559I44 phateehapura 
LOG (lattice-best-path:main():lattice-best-path.cc:99) For utterance M07UP34A0561I300, best cost 28.0941 + 1469.57 = 1497.67 over 498 frames.
M07UP34A0561I300 hamiirapura 
LOG (lattice-best-path:main():lattice-best-path.cc:99) For utterance M07UP34A0563I303, best cost 37.7689 + 1113.03 = 1150.8 over 498 frames.
M07UP34A0563I303 raatxha 
LOG (lattice-best-path:main():lattice-best-path.cc:99) For utterance M07UP34A0564I43, best cost 16.7085 + 730.159 = 746.867 over 298 frames.
M07UP34A0564I43 citrakuutxa 
LOG (lattice-best-path:main():lattice-best-path.cc:99) For utterance M07UP34A0566I301, best cost 20.0433 + 1071.24 = 1091.28 over 498 frames.
M07UP34A0566I301 hamiirapura 
LOG (lattice-best-path:main():lattice-best-path.cc:99) For utterance M07UP35A0443I41, best cost 15.2608 + 800.671 = 815.932 over 298 frames.
M07UP35A0443I41 amarohaa 
LOG (lattice-best-path:main():lattice-best-path.cc:99) For utterance M07UP35A0446I301, best cost 16.9629 + 1257.05 = 1274.01 over 498 frames.
M07UP35A0446I301 gaajiyaabaada 
LOG (lattice-best-path:main():lattice-best-path.cc:99) For utterance M07UP35A0448I301, best cost 27.91 + 1058.1 = 1086.01 over 498 frames.
M07UP35A0448I301 gaajiyaabaada 
LOG (lattice-best-path:main():lattice-best-path.cc:99) For utterance M07UP35A0450I301, best cost 28.8732 + 1527.65 = 1556.52 over 498 frames.
M07UP35A0450I301 gaajiyaabaada 
LOG (lattice-best-path:main():lattice-best-path.cc:99) For utterance M07UP35A0452I303, best cost 33.506 + 1070.39 = 1103.9 over 498 frames.
M07UP35A0452I303 haapudxqa 
LOG (lattice-best-path:main():lattice-best-path.cc:99) For utterance M07UP35A0455I303, best cost 27.3351 + 1062.09 = 1089.43 over 498 frames.
M07UP35A0455I303 haapudxqa 
LOG (lattice-best-path:main():lattice-best-path.cc:99) For utterance M07UP35A0455I426, best cost 18.131 + 873.409 = 891.539 over 298 frames.
M07UP35A0455I426 bastii 
LOG (lattice-best-path:main():lattice-best-path.cc:99) For utterance M07UP35A0456I43, best cost 20.9827 + 791.488 = 812.471 over 298 frames.
M07UP35A0456I43 baagapata 
LOG (lattice-best-path:main():lattice-best-path.cc:99) For utterance M07UP35A0457I41, best cost 21.0753 + 841.875 = 862.95 over 298 frames.
M07UP35A0457I41 haapudxqa 
LOG (lattice-best-path:main():lattice-best-path.cc:99) For utterance M07UP35A0459I303, best cost 17.3156 + 1139.56 = 1156.87 over 498 frames.
M07UP35A0459I303 haapudxqa 
LOG (lattice-best-path:main():lattice-best-path.cc:99) For utterance M07UP36A0825I301, best cost 32.5675 + 1254.49 = 1287.06 over 498 frames.
M07UP36A0825I301 lakhanauu 
LOG (lattice-best-path:main():lattice-best-path.cc:99) For utterance M07UP36A0825I40, best cost 14.1476 + 729.966 = 744.114 over 298 frames.
M07UP36A0825I40 kannouja 
LOG (lattice-best-path:main():lattice-best-path.cc:99) For utterance M07UP36A0827I300, best cost 25.5398 + 1035.71 = 1061.25 over 498 frames.
M07UP36A0827I300 hardoii 
LOG (lattice-best-path:main():lattice-best-path.cc:99) For utterance M07UP36A0829I302, best cost 18.8281 + 1248.21 = 1267.04 over 498 frames.
M07UP36A0829I302 sandxiilaa 
LOG (lattice-best-path:main():lattice-best-path.cc:99) For utterance M07UP36A0832I302, best cost 26.6216 + 1303.09 = 1329.72 over 498 frames.
M07UP36A0832I302 sandxiilaa 
LOG (lattice-best-path:main():lattice-best-path.cc:99) For utterance M07UP36A0840I41, best cost 14.6974 + 617.313 = 632.01 over 298 frames.
M07UP36A0840I41 baaraabankii 
LOG (lattice-best-path:main():lattice-best-path.cc:99) For utterance M07UP37A0301I42, best cost 12.4551 + 559.357 = 571.812 over 298 frames.
M07UP37A0301I42 aagaraa 
LOG (lattice-best-path:main():lattice-best-path.cc:99) For utterance M07UP37A0302I45, best cost 11.3004 + 878.422 = 889.722 over 298 frames.
M07UP37A0302I45 haatharasa 
LOG (lattice-best-path:main():lattice-best-path.cc:99) For utterance M07UP37A0306I47, best cost 15.8239 + 953.22 = 969.043 over 298 frames.
M07UP37A0306I47 daataaganja 
LOG (lattice-best-path:main():lattice-best-path.cc:99) For utterance M07UP37A0307I303, best cost 24.2532 + 1452.17 = 1476.42 over 498 frames.
M07UP37A0307I303 haatharasa 
LOG (lattice-best-path:main():lattice-best-path.cc:99) For utterance M07UP37A0309I40, best cost 15.7161 + 965.347 = 981.063 over 298 frames.
M07UP37A0309I40 sikohaabaada 
LOG (lattice-best-path:main():lattice-best-path.cc:99) For utterance M07UP37A0309I44, best cost 15.4712 + 888.97 = 904.442 over 300 frames.
M07UP37A0309I44 kaasaganja 
LOG (lattice-best-path:main():lattice-best-path.cc:99) For utterance M07UP37A0311I43, best cost 17.9147 + 715.234 = 733.149 over 298 frames.
M07UP37A0311I43 aliigadxhqa 
LOG (lattice-best-path:main():lattice-best-path.cc:99) For utterance M07UP37A0311I44, best cost 17.0532 + 714.13 = 731.183 over 298 frames.
M07UP37A0311I44 awaagadxhqa 
LOG (lattice-best-path:main():lattice-best-path.cc:99) For utterance M07UP37A0311I48, best cost 12.3709 + 590.767 = 603.138 over 300 frames.
M07UP37A0311I48 aagaraa 
LOG (lattice-best-path:main():lattice-best-path.cc:99) For utterance M07UP37A0313I427, best cost 14.7015 + 779.87 = 794.571 over 298 frames.
M07UP37A0313I427 risiiyaa 
LOG (lattice-best-path:main():lattice-best-path.cc:99) For utterance M07UP37A0314I300, best cost 22.0685 + 1450.02 = 1472.09 over 498 frames.
M07UP37A0314I300 haatharasa 
LOG (lattice-best-path:main():lattice-best-path.cc:99) For utterance M07UP37A0316I305, best cost 17.6761 + 1595.57 = 1613.25 over 498 frames.
M07UP37A0316I305 haatharasa 
LOG (lattice-best-path:main():lattice-best-path.cc:99) For utterance M07UP37A0317I47, best cost 15.0333 + 702.495 = 717.528 over 298 frames.
M07UP37A0317I47 pharrukhaabaada 
LOG (lattice-best-path:main():lattice-best-path.cc:99) For utterance M07UP37A0317I48, best cost 23.181 + 904.983 = 928.164 over 298 frames.
M07UP37A0317I48 phirojaabaada 
LOG (lattice-best-path:main():lattice-best-path.cc:99) For utterance M07UP37A0319I301, best cost 15.7204 + 1571.1 = 1586.82 over 498 frames.
M07UP37A0319I301 aliigadxhqa 
LOG (lattice-best-path:main():lattice-best-path.cc:99) For utterance M07UP38A0103I43, best cost 12.9141 + 738.03 = 750.944 over 298 frames.
M07UP38A0103I43 baruaasaagara 
LOG (lattice-best-path:main():lattice-best-path.cc:99) For utterance M07UP38A0107I43, best cost 12.1615 + 776.589 = 788.75 over 298 frames.
M07UP38A0107I43 raatxha 
LOG (lattice-best-path:main():lattice-best-path.cc:99) For utterance M07UP39A0774I301, best cost 20.1388 + 1069.13 = 1089.27 over 498 frames.
M07UP39A0774I301 waaraanxasxii 
LOG (lattice-best-path:main():lattice-best-path.cc:99) For utterance M07UP39A0776I302, best cost 12.8908 + 1061.81 = 1074.7 over 498 frames.
M07UP39A0776I302 kaanapura 
LOG (lattice-best-path:main():lattice-best-path.cc:99) For utterance M07UP39A0777I300, best cost 14.4613 + 1168.54 = 1183 over 498 frames.
M07UP39A0777I300 jounapura 
LOG (lattice-best-path:main():lattice-best-path.cc:99) For utterance M07UP39A0777I423, best cost 10.5044 + 603.632 = 614.136 over 298 frames.
M07UP39A0777I423 mauu 
LOG (lattice-best-path:main():lattice-best-path.cc:99) For utterance M07UP39A0778I303, best cost 21.228 + 1269.5 = 1290.72 over 498 frames.
M07UP39A0778I303 txuundxlaa 
LOG (lattice-best-path:main():lattice-best-path.cc:99) For utterance M07UP39A0781I501, best cost 17.8536 + 967.009 = 984.862 over 398 frames.
M07UP39A0781I501 mohammadii 
LOG (lattice-best-path:main():lattice-best-path.cc:99) For utterance M07UP41A0273I301, best cost 20.2954 + 1597.22 = 1617.51 over 498 frames.
M07UP41A0273I301 pharrukhaabaada 
LOG (lattice-best-path:main():lattice-best-path.cc:99) For utterance M07UP41A0273I47, best cost 9.8307 + 832.88 = 842.711 over 298 frames.
M07UP41A0273I47 siitaapura 
LOG (lattice-best-path:main():lattice-best-path.cc:99) For utterance M07UP41A0275I300, best cost 20.1964 + 1057.58 = 1077.78 over 498 frames.
M07UP41A0275I300 kannouja 
LOG (lattice-best-path:main():lattice-best-path.cc:99) For utterance M07UP41A0277I300, best cost 14.4581 + 1369.43 = 1383.89 over 498 frames.
M07UP41A0277I300 kannouja 
LOG (lattice-best-path:main():lattice-best-path.cc:99) For utterance M07UP41A0277I43, best cost 14.0387 + 908.119 = 922.158 over 298 frames.
M07UP41A0277I43 baangaramauu 
LOG (lattice-best-path:main():lattice-best-path.cc:99) For utterance M07UP41A0279I301, best cost 20.0441 + 1345.28 = 1365.32 over 498 frames.
M07UP41A0279I301 pharrukhaabaada 
LOG (lattice-best-path:main():lattice-best-path.cc:99) For utterance M07UP41A0279I302, best cost 13.9159 + 1256.15 = 1270.07 over 498 frames.
M07UP41A0279I302 kannouja 
LOG (lattice-best-path:main():lattice-best-path.cc:99) For utterance M07UP41A0279I47, best cost 13.504 + 975.376 = 988.88 over 298 frames.
M07UP41A0279I47 kaanapuradeehaata 
LOG (lattice-best-path:main():lattice-best-path.cc:99) For utterance M07UP41A0280I42, best cost 13.5933 + 763.604 = 777.198 over 298 frames.
M07UP41A0280I42 beewara 
LOG (lattice-best-path:main():lattice-best-path.cc:99) For utterance M07UP41A0280I45, best cost 16.6984 + 906.398 = 923.097 over 298 frames.
M07UP41A0280I45 uttariipuraa 
LOG (lattice-best-path:main():lattice-best-path.cc:99) For utterance M07UP41A0283I48, best cost 13.4424 + 586.892 = 600.334 over 298 frames.
M07UP41A0283I48 itxaawaa 
LOG (lattice-best-path:main():lattice-best-path.cc:99) For utterance M07UP41A0289I303, best cost 24.841 + 1334.28 = 1359.12 over 498 frames.
M07UP41A0289I303 kannouja 
LOG (lattice-best-path:main():lattice-best-path.cc:99) For utterance M07UP41A0289I44, best cost 13.9457 + 702.136 = 716.081 over 300 frames.
M07UP41A0289I44 beewara 
LOG (lattice-best-path:main():lattice-best-path.cc:99) For utterance M07UP41A0290I47, best cost 15.9448 + 698.691 = 714.636 over 298 frames.
M07UP41A0290I47 unnaanwa 
LOG (lattice-best-path:main():lattice-best-path.cc:99) For utterance M07UP41A0291I43, best cost 16.1629 + 640.439 = 656.602 over 298 frames.
M07UP41A0291I43 kamalaaganja 
LOG (lattice-best-path:main():lattice-best-path.cc:99) For utterance M07UP41A0291I46, best cost 15.9966 + 706.379 = 722.375 over 298 frames.
M07UP41A0291I46 pharrukhaabaada 
LOG (lattice-best-path:main():lattice-best-path.cc:99) For utterance M07UP42A0111I46, best cost 16.7545 + 668.197 = 684.952 over 298 frames.
M07UP42A0111I46 kannouja 
LOG (lattice-best-path:main():lattice-best-path.cc:99) For utterance M07UP42A0116I430, best cost 13.7639 + 843.839 = 857.603 over 298 frames.
M07UP42A0116I430 wariipaala 
LOG (lattice-best-path:main():lattice-best-path.cc:99) For utterance M07UP42A0117I419, best cost 15.2509 + 737.854 = 753.105 over 298 frames.
M07UP42A0117I419 pukharaanyaan 
LOG (lattice-best-path:main():lattice-best-path.cc:99) For utterance M07UP42A0117I423, best cost 14.4841 + 819.687 = 834.171 over 298 frames.
M07UP42A0117I423 dxibiyaapura 
LOG (lattice-best-path:main():lattice-best-path.cc:99) For utterance M07UP42A0119I300, best cost 16.0857 + 1476.51 = 1492.59 over 498 frames.
M07UP42A0119I300 kaanapuradeehaata 
LOG (lattice-best-path:main():lattice-best-path.cc:99) For utterance M07UP42A0119I46, best cost 18.0386 + 878.377 = 896.415 over 298 frames.
M07UP42A0119I46 kannouja 
LOG (lattice-best-path:main():lattice-best-path.cc:99) For utterance M07UP42A0120I418, best cost 16.277 + 773.618 = 789.895 over 298 frames.
M07UP42A0120I418 hamiirapura 
LOG (lattice-best-path:main():lattice-best-path.cc:99) For utterance M07UP42A0120I424, best cost 19.8813 + 753.782 = 773.663 over 298 frames.
M07UP42A0120I424 uttariipuraa 
LOG (lattice-best-path:main():lattice-best-path.cc:99) For utterance M07UP42A0120I429, best cost 17.6161 + 842.755 = 860.371 over 298 frames.
M07UP42A0120I429 maadhougadxhqa 
LOG (lattice-best-path:main():lattice-best-path.cc:99) For utterance M07UP42A0122I302, best cost 15.4483 + 1293.21 = 1308.65 over 498 frames.
M07UP42A0122I302 ouraiyaa 
LOG (lattice-best-path:main():lattice-best-path.cc:99) For utterance M07UP42A0122I424, best cost 18.2671 + 815.271 = 833.538 over 298 frames.
M07UP42A0122I424 wariipaala 
LOG (lattice-best-path:main():lattice-best-path.cc:99) For utterance M07UP42A0122I46, best cost 19.7448 + 785.937 = 805.682 over 298 frames.
M07UP42A0122I46 hamiirapura 
LOG (lattice-best-path:main():lattice-best-path.cc:99) For utterance M07UP42A0123I42, best cost 16.9183 + 805.189 = 822.108 over 298 frames.
M07UP42A0123I42 jaalouna 
LOG (lattice-best-path:main():lattice-best-path.cc:99) For utterance M07UP42A0123I424, best cost 14.2451 + 860.638 = 874.883 over 298 frames.
M07UP42A0123I424 dxibiyaapura 
LOG (lattice-best-path:main():lattice-best-path.cc:99) For utterance M07UP42A0124I45, best cost 17.3627 + 733.819 = 751.181 over 298 frames.
M07UP42A0124I45 chibaraamauu 
LOG (lattice-best-path:main():lattice-best-path.cc:99) For utterance M07UP42A0126I437, best cost 16.6263 + 814.663 = 831.289 over 298 frames.
M07UP42A0126I437 ouraiyaa 
LOG (lattice-best-path:main():lattice-best-path.cc:99) For utterance M07UP43A0148I300, best cost 22.8401 + 1498.56 = 1521.4 over 498 frames.
M07UP43A0148I300 bilsii 
LOG (lattice-best-path:main():lattice-best-path.cc:99) For utterance M07UP43A0151I42, best cost 13.6115 + 950.614 = 964.226 over 298 frames.
M07UP43A0151I42 ouraiyaa 
LOG (lattice-best-path:main():lattice-best-path.cc:99) For utterance M07UP43A0154I43, best cost 14.4984 + 652.226 = 666.725 over 298 frames.
M07UP43A0154I43 phateehapura 
LOG (lattice-best-path:main():lattice-best-path.cc:99) For utterance M07UP43A0154I44, best cost 17.6405 + 686.922 = 704.563 over 298 frames.
M07UP43A0154I44 kaanapura 
LOG (lattice-best-path:main():lattice-best-path.cc:99) For utterance M07UP43A0158I41, best cost 16.998 + 821.003 = 838.001 over 298 frames.
M07UP43A0158I41 unnaanwa 
LOG (lattice-best-path:main():lattice-best-path.cc:99) For utterance M07UP45A0614I48, best cost 15.2106 + 814.067 = 829.277 over 298 frames.
M07UP45A0614I48 prataapagadxhqa 
LOG (lattice-best-path:main():lattice-best-path.cc:99) For utterance M07UP45A0616I43, best cost 16.5466 + 762.812 = 779.359 over 298 frames.
M07UP45A0616I43 baruaasumeerapura 
LOG (lattice-best-path:main():lattice-best-path.cc:99) For utterance M07UP45A0624I41, best cost 21.3198 + 755.745 = 777.065 over 298 frames.
M07UP45A0624I41 jalaalaabaada 
LOG (lattice-best-path:main():lattice-best-path.cc:99) For utterance M07UP45A0624I44, best cost 25.5243 + 728.547 = 754.071 over 298 frames.
M07UP45A0624I44 citrakuutxa 
LOG (lattice-best-path:main():lattice-best-path.cc:99) For utterance M07UP45A0625I41, best cost 19.242 + 825.499 = 844.741 over 298 frames.
M07UP45A0625I41 ilaahaabaada 
LOG (lattice-best-path:main():lattice-best-path.cc:99) For utterance M07UP45A0627I43, best cost 13.927 + 615.262 = 629.189 over 298 frames.
M07UP45A0627I43 bharawaarii 
LOG (lattice-best-path:main():lattice-best-path.cc:99) For utterance M07UP45A0628I41, best cost 18.4043 + 801.572 = 819.977 over 298 frames.
M07UP45A0628I41 ilaahaabaada 
LOG (lattice-best-path:main():lattice-best-path.cc:99) For utterance M07UP45A0629I303, best cost 22.6847 + 1495.69 = 1518.37 over 498 frames.
M07UP45A0629I303 citrakuutxa 
LOG (lattice-best-path:main():lattice-best-path.cc:99) For utterance M07UP45A0634I48, best cost 19.9778 + 704.405 = 724.382 over 298 frames.
M07UP45A0634I48 prataapagadxhqa 
LOG (lattice-best-path:main():lattice-best-path.cc:99) For utterance M07UP45A0635I42, best cost 19.3554 + 811.334 = 830.69 over 298 frames.
M07UP45A0635I42 baandaa 
LOG (lattice-best-path:main():lattice-best-path.cc:99) For utterance M07UP45A0636I300, best cost 14.4147 + 984.52 = 998.935 over 498 frames.
M07UP45A0636I300 koushaamabii 
LOG (lattice-best-path:main():lattice-best-path.cc:99) For utterance M07UP48A0013I417, best cost 18.6383 + 767.139 = 785.778 over 298 frames.
M07UP48A0013I417 kaasaganja 
LOG (lattice-best-path:main():lattice-best-path.cc:99) For utterance M07UP48A0013I43, best cost 21.4736 + 814.15 = 835.623 over 298 frames.
M07UP48A0013I43 ciragaanwa 
LOG (lattice-best-path:main():lattice-best-path.cc:99) For utterance M07UP48A0014I44, best cost 15.8309 + 820.933 = 836.764 over 298 frames.
M07UP48A0014I44 shaahapura 
LOG (lattice-best-path:main():lattice-best-path.cc:99) For utterance M07UP48A0015I422, best cost 17.4898 + 791.264 = 808.754 over 298 frames.
M07UP48A0015I422 deewariyaa 
LOG (lattice-best-path:main():lattice-best-path.cc:99) For utterance M07UP48A0018I422, best cost 17.7932 + 879.187 = 896.98 over 298 frames.
M07UP48A0018I422 jamaniyaana 
LOG (lattice-best-path:main():lattice-best-path.cc:99) For utterance M07UP48A0020I43, best cost 12.7789 + 646.402 = 659.18 over 298 frames.
M07UP48A0020I43 ciragaanwa 
LOG (lattice-best-path:main():lattice-best-path.cc:99) For utterance M07UP48A0021I45, best cost 18.2631 + 637.291 = 655.554 over 298 frames.
M07UP48A0021I45 gurusaraanya 
LOG (lattice-best-path:main():lattice-best-path.cc:99) For utterance M07UP48A0024I49, best cost 22.1086 + 848.467 = 870.576 over 304 frames.
M07UP48A0024I49 lalitapura 
LOG (lattice-best-path:main():lattice-best-path.cc:99) For utterance M07UP48A0028I45, best cost 15.0341 + 837.878 = 852.912 over 298 frames.
M07UP48A0028I45 mauraniipura 
LOG (lattice-best-path:main():lattice-best-path.cc:99) For utterance M07UP48A0031I44, best cost 15.5884 + 874.15 = 889.739 over 298 frames.
M07UP48A0031I44 ciragaanwa 
LOG (lattice-best-path:main():lattice-best-path.cc:99) For utterance M07UP49A0861I41, best cost 15.2006 + 605.144 = 620.345 over 300 frames.
M07UP49A0861I41 kaanapuradeehaata 
LOG (lattice-best-path:main():lattice-best-path.cc:99) For utterance M07UP49A0863I300, best cost 30.7967 + 1333.96 = 1364.76 over 498 frames.
M07UP49A0863I300 lakhanauu 
LOG (lattice-best-path:main():lattice-best-path.cc:99) For utterance M07UP49A0866I504, best cost 18.5077 + 968.023 = 986.531 over 298 frames.
M07UP49A0866I504 deewariyaa 
LOG (lattice-best-path:main():lattice-best-path.cc:99) For utterance M07UP49A0869I301, best cost 22.9713 + 1302.47 = 1325.44 over 498 frames.
M07UP49A0869I301 baaraabankii 
LOG (lattice-best-path:main():lattice-best-path.cc:99) For utterance M07UP49A0880I43, best cost 20.6998 + 756.637 = 777.337 over 298 frames.
M07UP49A0880I43 siitaapura 
LOG (lattice-best-path:main():lattice-best-path.cc:99) For utterance M07UP51A0032I301, best cost 14.0276 + 1293.67 = 1307.7 over 430 frames.
M07UP51A0032I301 hamiirapura 
LOG (lattice-best-path:main():lattice-best-path.cc:99) For utterance M07UP51A0033I42, best cost 19.866 + 817.308 = 837.174 over 298 frames.
M07UP51A0033I42 hamiirapura 
LOG (lattice-best-path:main():lattice-best-path.cc:99) For utterance M07UP51A0033I48, best cost 16.2599 + 923.836 = 940.096 over 298 frames.
M07UP51A0033I48 mauraniipura 
LOG (lattice-best-path:main():lattice-best-path.cc:99) For utterance M07UP51A0035I302, best cost 23.8827 + 1346.45 = 1370.33 over 498 frames.
M07UP51A0035I302 bastii 
LOG (lattice-best-path:main():lattice-best-path.cc:99) For utterance M07UP51A0036I300, best cost 19.8241 + 1413.85 = 1433.67 over 498 frames.
M07UP51A0036I300 mahobaa 
LOG (lattice-best-path:main():lattice-best-path.cc:99) For utterance M07UP51A0036I44, best cost 20.3485 + 746.58 = 766.928 over 298 frames.
M07UP51A0036I44 jhaansii 
LOG (lattice-best-path:main():lattice-best-path.cc:99) For utterance M07UP51A0036I45, best cost 17.9402 + 750.426 = 768.367 over 298 frames.
M07UP51A0036I45 ciragaanwa 
LOG (lattice-best-path:main():lattice-best-path.cc:99) For utterance M07UP51A0036I48, best cost 19.0641 + 785.76 = 804.824 over 298 frames.
M07UP51A0036I48 mahobaa 
LOG (lattice-best-path:main():lattice-best-path.cc:99) For utterance M07UP51A0038I48, best cost 13.8771 + 851.268 = 865.145 over 298 frames.
M07UP51A0038I48 mauraniipura 
LOG (lattice-best-path:main():lattice-best-path.cc:99) For utterance M07UP51A0041I300, best cost 18.8266 + 933.629 = 952.456 over 498 frames.
M07UP51A0041I300 mahobaa 
LOG (lattice-best-path:main():lattice-best-path.cc:99) For utterance M07UP51A0042I302, best cost 26.1099 + 1124.15 = 1150.26 over 498 frames.
M07UP51A0042I302 raatxha 
LOG (lattice-best-path:main():lattice-best-path.cc:99) For utterance M07UP51A0043I410, best cost 15.0645 + 719.714 = 734.779 over 298 frames.
M07UP51A0043I410 baruaasumeerapura 
LOG (lattice-best-path:main():lattice-best-path.cc:99) For utterance M07UP51A0043I44, best cost 24.3218 + 822.287 = 846.608 over 298 frames.
M07UP51A0043I44 jhaansii 
LOG (lattice-best-path:main():lattice-best-path.cc:99) For utterance M07UP51A0043I45, best cost 20.2846 + 654.627 = 674.911 over 298 frames.
M07UP51A0043I45 ciragaanwa 
LOG (lattice-best-path:main():lattice-best-path.cc:99) For utterance M07UP51A0044I303, best cost 34.5392 + 1140.12 = 1174.66 over 498 frames.
M07UP51A0044I303 mahobaa 
LOG (lattice-best-path:main():lattice-best-path.cc:99) For utterance M07UP51A0045I412, best cost 18.5206 + 830.038 = 848.558 over 298 frames.
M07UP51A0045I412 moudahaa 
LOG (lattice-best-path:main():lattice-best-path.cc:99) For utterance M07UP51A0046I412, best cost 15.7594 + 661.569 = 677.329 over 298 frames.
M07UP51A0046I412 raatxha 
LOG (lattice-best-path:main():lattice-best-path.cc:99) For utterance M07UP51A0046I43, best cost 22.5895 + 774.165 = 796.755 over 298 frames.
M07UP51A0046I43 baruaasaagara 
LOG (lattice-best-path:main():lattice-best-path.cc:99) For utterance M07UP51A0049I44, best cost 19.9951 + 878.852 = 898.847 over 298 frames.
M07UP51A0049I44 baruaasaagara 
LOG (lattice-best-path:main():lattice-best-path.cc:99) For utterance M07UP51A0049I48, best cost 21.7732 + 887.335 = 909.109 over 298 frames.
M07UP51A0049I48 mauraniipura 
LOG (lattice-best-path:main():lattice-best-path.cc:99) For utterance M07UP51A0050I300, best cost 28.5989 + 1166.4 = 1195 over 498 frames.
M07UP51A0050I300 mahobaa 
LOG (lattice-best-path:main():lattice-best-path.cc:99) For utterance M07UP51A0050I42, best cost 21.7931 + 746.775 = 768.568 over 298 frames.
M07UP51A0050I42 hamiirapura 
LOG (lattice-best-path:main():lattice-best-path.cc:99) For utterance M07UP51A0050I45, best cost 15.1741 + 792.071 = 807.245 over 298 frames.
M07UP51A0050I45 ciragaanwa 
LOG (lattice-best-path:main():lattice-best-path.cc:99) For utterance M07UP51A0052I301, best cost 20.4085 + 1114.48 = 1134.89 over 498 frames.
M07UP51A0052I301 mauu 
LOG (lattice-best-path:main():lattice-best-path.cc:99) For utterance M07UP51A0052I303, best cost 15.2603 + 1007.04 = 1022.3 over 498 frames.
M07UP51A0052I303 mahobaa 
LOG (lattice-best-path:main():lattice-best-path.cc:99) For utterance M07UP51A0052I412, best cost 19.114 + 650.111 = 669.225 over 298 frames.
M07UP51A0052I412 moudahaa 
LOG (lattice-best-path:main():lattice-best-path.cc:99) For utterance M07UP51A0052I45, best cost 14.9838 + 765.292 = 780.275 over 298 frames.
M07UP51A0052I45 ciragaanwa 
LOG (lattice-best-path:main():lattice-best-path.cc:99) For utterance M07UP51A0053I302, best cost 21.8516 + 1128.79 = 1150.64 over 498 frames.
M07UP51A0053I302 raatxha 
LOG (lattice-best-path:main():lattice-best-path.cc:99) For utterance M07UP51A0054I40, best cost 13.3275 + 926.628 = 939.956 over 298 frames.
M07UP51A0054I40 montxha 
LOG (lattice-best-path:main():lattice-best-path.cc:99) For utterance M07UP51A0054I47, best cost 16.3511 + 851.065 = 867.417 over 298 frames.
M07UP51A0054I47 mauraniipura 
LOG (lattice-best-path:main():lattice-best-path.cc:99) For utterance M07UP51A0094I411, best cost 23.9112 + 701.028 = 724.939 over 298 frames.
M07UP51A0094I411 kuraaraa 
LOG (lattice-best-path:main():lattice-best-path.cc:99) For utterance M07UP52A0193I300, best cost 25.958 + 1187.1 = 1213.06 over 498 frames.
M07UP52A0193I300 meinapurii 
LOG (lattice-best-path:main():lattice-best-path.cc:99) For utterance M07UP52A0193I302, best cost 26.8167 + 1123.96 = 1150.78 over 498 frames.
M07UP52A0193I302 jasawantanagara 
LOG (lattice-best-path:main():lattice-best-path.cc:99) For utterance M07UP52A0193I43, best cost 14.5826 + 643.651 = 658.234 over 298 frames.
M07UP52A0193I43 kaasaganja 
LOG (lattice-best-path:main():lattice-best-path.cc:99) For utterance M07UP52A0195I45, best cost 19.1199 + 865.33 = 884.45 over 298 frames.
M07UP52A0195I45 phirojaabaada 
LOG (lattice-best-path:main():lattice-best-path.cc:99) For utterance M07UP52A0196I300, best cost 25.8785 + 1243.34 = 1269.22 over 498 frames.
M07UP52A0196I300 meinapurii 
LOG (lattice-best-path:main():lattice-best-path.cc:99) For utterance M07UP52A0196I41, best cost 11.8818 + 756.34 = 768.222 over 292 frames.
M07UP52A0196I41 mohammadaabaada 
LOG (lattice-best-path:main():lattice-best-path.cc:99) For utterance M07UP52A0199I41, best cost 18.4653 + 952.105 = 970.57 over 298 frames.
M07UP52A0199I41 haatharasa 
LOG (lattice-best-path:main():lattice-best-path.cc:99) For utterance M07UP52A0202I302, best cost 20.5946 + 1519.95 = 1540.54 over 498 frames.
M07UP52A0202I302 meinapurii 
LOG (lattice-best-path:main():lattice-best-path.cc:99) For utterance M07UP52A0202I40, best cost 13.6951 + 911.499 = 925.195 over 298 frames.
M07UP52A0202I40 ghiroura 
LOG (lattice-best-path:main():lattice-best-path.cc:99) For utterance M07UP52A0202I45, best cost 18.8271 + 904.916 = 923.743 over 298 frames.
M07UP52A0202I45 phirojaabaada 
LOG (lattice-best-path:main():lattice-best-path.cc:99) For utterance M07UP52A0205I43, best cost 19.9408 + 789.697 = 809.638 over 298 frames.
M07UP52A0205I43 beewara 
LOG (lattice-best-path:main():lattice-best-path.cc:99) For utterance M07UP52A0206I302, best cost 31.592 + 1203.39 = 1234.98 over 498 frames.
M07UP52A0206I302 meinapurii 
LOG (lattice-best-path:main():lattice-best-path.cc:99) For utterance M07UP52A0206I40, best cost 14.4772 + 904.972 = 919.449 over 298 frames.
M07UP52A0206I40 kaayamaganja 
LOG (lattice-best-path:main():lattice-best-path.cc:99) For utterance M07UP52A0207I42, best cost 19.4445 + 862.523 = 881.967 over 298 frames.
M07UP52A0207I42 awaagadxhqa 
LOG (lattice-best-path:main():lattice-best-path.cc:99) For utterance M07UP52A0210I300, best cost 16.236 + 1490.28 = 1506.52 over 498 frames.
M07UP52A0210I300 meinapurii 
LOG (lattice-best-path:main():lattice-best-path.cc:99) For utterance M07UP52A0210I43, best cost 21.2741 + 887.421 = 908.695 over 298 frames.
M07UP52A0210I43 sirasaaganja 
LOG (lattice-best-path:main():lattice-best-path.cc:99) For utterance M07UP52A0210I603, best cost 41.4494 + 2965.84 = 3007.29 over 998 frames.
M07UP52A0210I603 meinapurii 
LOG (lattice-best-path:main():lattice-best-path.cc:99) For utterance M07UP52A0211I300, best cost 19.3747 + 1585.94 = 1605.32 over 500 frames.
M07UP52A0211I300 meinapurii 
LOG (lattice-best-path:main():lattice-best-path.cc:99) For utterance M07UP52A0213I45, best cost 14.3693 + 595.969 = 610.339 over 298 frames.
M07UP52A0213I45 meinapurii 
LOG (lattice-best-path:main():lattice-best-path.cc:99) For utterance M07UP53A0072I44, best cost 13.0168 + 844.764 = 857.781 over 298 frames.
M07UP53A0072I44 acaneeraa 
LOG (lattice-best-path:main():lattice-best-path.cc:99) For utterance M07UP53A0076I413, best cost 16.4699 + 834.383 = 850.852 over 298 frames.
M07UP53A0076I413 kheiraagadxhqa 
LOG (lattice-best-path:main():lattice-best-path.cc:99) For utterance M07UP53A0079I42, best cost 14.5223 + 862.858 = 877.381 over 298 frames.
M07UP53A0079I42 haatharasa 
LOG (lattice-best-path:main():lattice-best-path.cc:99) For utterance M07UP53A0080I41, best cost 15.5738 + 566.083 = 581.657 over 298 frames.
M07UP53A0080I41 aliigadxhqa 
LOG (lattice-best-path:main():lattice-best-path.cc:99) For utterance M07UP53A0080I413, best cost 21.3416 + 717.446 = 738.788 over 298 frames.
M07UP53A0080I413 kheiraagadxhqa 
LOG (lattice-best-path:main():lattice-best-path.cc:99) For utterance M07UP53A0080I42, best cost 14.7401 + 676.529 = 691.269 over 298 frames.
M07UP53A0080I42 ataroulii 
LOG (lattice-best-path:main():lattice-best-path.cc:99) For utterance M07UP53A0081I424, best cost 11.7388 + 609.237 = 620.976 over 298 frames.
M07UP53A0081I424 shaadaabaada 
LOG (lattice-best-path:main():lattice-best-path.cc:99) For utterance M07UP53A0083I419, best cost 20.9795 + 805.297 = 826.277 over 298 frames.
M07UP53A0083I419 phateehapurasiikarii 
LOG (lattice-best-path:main():lattice-best-path.cc:99) For utterance M07UP53A0085I45, best cost 17.3513 + 908.76 = 926.112 over 300 frames.
M07UP53A0085I45 aagaraa 
LOG (lattice-best-path:main():lattice-best-path.cc:99) For utterance M07UP53A0088I413, best cost 16.724 + 861.211 = 877.935 over 298 frames.
M07UP53A0088I413 kheiraagadxhqa 
LOG (lattice-best-path:main():lattice-best-path.cc:99) For utterance M07UP53A0090I410, best cost 17.2933 + 924.781 = 942.074 over 300 frames.
M07UP53A0090I410 ataroulii 
LOG (lattice-best-path:main():lattice-best-path.cc:99) For utterance M07UP54A1272I428, best cost 12.7045 + 810.017 = 822.721 over 298 frames.
M07UP54A1272I428 mauu 
LOG (lattice-best-path:main():lattice-best-path.cc:99) For utterance M07UP54A1280I300, best cost 26.4199 + 1306.31 = 1332.73 over 498 frames.
M07UP54A1280I300 mauu 
LOG (lattice-best-path:main():lattice-best-path.cc:99) For utterance M07UP54A1290I45, best cost 16.9145 + 849.88 = 866.795 over 300 frames.
M07UP54A1290I45 gaajiipura 
LOG (lattice-best-path:main():lattice-best-path.cc:99) For utterance M07UP55A0462I422, best cost 17.3658 + 754.466 = 771.832 over 298 frames.
M07UP55A0462I422 bareelii 
LOG (lattice-best-path:main():lattice-best-path.cc:99) For utterance M07UP55A0464I303, best cost 20.6392 + 1157.65 = 1178.29 over 498 frames.
M07UP55A0464I303 haapudxqa 
LOG (lattice-best-path:main():lattice-best-path.cc:99) For utterance M07UP55A0464I42, best cost 19.528 + 789.419 = 808.947 over 298 frames.
M07UP55A0464I42 meeratxha 
LOG (lattice-best-path:main():lattice-best-path.cc:99) For utterance M07UP55A0469I300, best cost 29.074 + 1286.93 = 1316.01 over 498 frames.
M07UP55A0469I300 meeratxha 
LOG (lattice-best-path:main():lattice-best-path.cc:99) For utterance M07UP55A0469I40, best cost 22.3941 + 712.189 = 734.583 over 298 frames.
M07UP55A0469I40 baagapata 
LOG (lattice-best-path:main():lattice-best-path.cc:99) For utterance M07UP55A0470I301, best cost 24.0275 + 1212.76 = 1236.79 over 498 frames.
M07UP55A0470I301 haapudxqa 
LOG (lattice-best-path:main():lattice-best-path.cc:99) For utterance M07UP55A0474I40, best cost 16.7621 + 934.679 = 951.441 over 298 frames.
M07UP55A0474I40 amarohaa 
LOG (lattice-best-path:main():lattice-best-path.cc:99) For utterance M07UP55A0476I42, best cost 21.0446 + 913.212 = 934.257 over 298 frames.
M07UP55A0476I42 meeratxha 
LOG (lattice-best-path:main():lattice-best-path.cc:99) For utterance M07UP55A0477I301, best cost 19.5213 + 1161.41 = 1180.93 over 498 frames.
M07UP55A0477I301 haapudxqa 
LOG (lattice-best-path:main():lattice-best-path.cc:99) For utterance M07UP55A0480I300, best cost 17.7175 + 1328.89 = 1346.61 over 498 frames.
M07UP55A0480I300 meeratxha 
LOG (lattice-best-path:main():lattice-best-path.cc:99) For utterance M07UP56A0695I300, best cost 31.7254 + 1459.29 = 1491.02 over 498 frames.
M07UP56A0695I300 mirjaapura 
LOG (lattice-best-path:main():lattice-best-path.cc:99) For utterance M07UP56A0699I301, best cost 35.4934 + 1239.99 = 1275.48 over 498 frames.
M07UP56A0699I301 sonbhadra 
LOG (lattice-best-path:main():lattice-best-path.cc:99) For utterance M07UP56A0706I43, best cost 18.6781 + 865.415 = 884.093 over 298 frames.
M07UP56A0706I43 waaraanxasxii 
LOG (lattice-best-path:main():lattice-best-path.cc:99) For utterance M07UP56A0707I45, best cost 13.5771 + 581.876 = 595.453 over 298 frames.
M07UP56A0707I45 candoulii 
LOG (lattice-best-path:main():lattice-best-path.cc:99) For utterance M07UP56A0708I47, best cost 20.9724 + 810.881 = 831.854 over 298 frames.
M07UP56A0708I47 sonbhadra 
LOG (lattice-best-path:main():lattice-best-path.cc:99) For utterance M07UP56A0710I421, best cost 21.2804 + 778.877 = 800.158 over 298 frames.
M07UP56A0710I421 candoulii 
LOG (lattice-best-path:main():lattice-best-path.cc:99) For utterance M07UP57A0404I43, best cost 16.838 + 686.854 = 703.692 over 298 frames.
M07UP57A0404I43 badaayuun 
LOG (lattice-best-path:main():lattice-best-path.cc:99) For utterance M07UP57A0406I300, best cost 23.3318 + 1186.3 = 1209.63 over 498 frames.
M07UP57A0406I300 muraadaabaada 
LOG (lattice-best-path:main():lattice-best-path.cc:99) For utterance M07UP57A0409I42, best cost 13.5574 + 648.212 = 661.77 over 298 frames.
M07UP57A0409I42 bulandashahara 
LOG (lattice-best-path:main():lattice-best-path.cc:99) For utterance M07UP57A0411I301, best cost 17.7942 + 1301.02 = 1318.82 over 498 frames.
M07UP57A0411I301 badaayuun 
LOG (lattice-best-path:main():lattice-best-path.cc:99) For utterance M07UP57A0413I301, best cost 19.7969 + 1065.43 = 1085.23 over 498 frames.
M07UP57A0413I301 candousii 
LOG (lattice-best-path:main():lattice-best-path.cc:99) For utterance M07UP57A0413I41, best cost 15.9346 + 889.19 = 905.125 over 298 frames.
M07UP57A0413I41 muraadaabaada 
LOG (lattice-best-path:main():lattice-best-path.cc:99) For utterance M07UP57A0413I507, best cost 11.8612 + 899.368 = 911.229 over 298 frames.
M07UP57A0413I507 uraii 
LOG (lattice-best-path:main():lattice-best-path.cc:99) For utterance M07UP57A0416I301, best cost 25.044 + 1442.01 = 1467.05 over 498 frames.
M07UP57A0416I301 sambhala 
LOG (lattice-best-path:main():lattice-best-path.cc:99) For utterance M07UP57A0417I301, best cost 25.0543 + 1275.42 = 1300.47 over 498 frames.
M07UP57A0417I301 raamapura 
LOG (lattice-best-path:main():lattice-best-path.cc:99) For utterance M07UP57A0417I42, best cost 16.9054 + 878.289 = 895.194 over 298 frames.
M07UP57A0417I42 amarohaa 
LOG (lattice-best-path:main():lattice-best-path.cc:99) For utterance M07UP57A0418I303, best cost 22.911 + 1372.71 = 1395.62 over 498 frames.
M07UP57A0418I303 candousii 
LOG (lattice-best-path:main():lattice-best-path.cc:99) For utterance M07UP60A0942I416, best cost 12.7584 + 586.414 = 599.172 over 298 frames.
M07UP60A0942I416 baaraabankii 
LOG (lattice-best-path:main():lattice-best-path.cc:99) For utterance M07UP60A0942I418, best cost 16.7625 + 732.673 = 749.435 over 298 frames.
M07UP60A0942I418 prataapagadxhqa 
LOG (lattice-best-path:main():lattice-best-path.cc:99) For utterance M07UP60A0944I42, best cost 20.9187 + 768.502 = 789.421 over 298 frames.
M07UP60A0944I42 phateehapura 
LOG (lattice-best-path:main():lattice-best-path.cc:99) For utterance M07UP60A0946I303, best cost 34.3368 + 1280.86 = 1315.2 over 498 frames.
M07UP60A0946I303 sultaanapura 
LOG (lattice-best-path:main():lattice-best-path.cc:99) For utterance M07UP60A0954I303, best cost 13.4761 + 884.403 = 897.879 over 498 frames.
M07UP60A0954I303 sultaanapura 
LOG (lattice-best-path:main():lattice-best-path.cc:99) For utterance M07UP60A0955I301, best cost 26.2792 + 948.943 = 975.222 over 498 frames.
M07UP60A0955I301 sultaanapura 
LOG (lattice-best-path:main():lattice-best-path.cc:99) For utterance M07UP60A0955I302, best cost 17.1032 + 894.956 = 912.059 over 498 frames.
M07UP60A0955I302 maholii 
LOG (lattice-best-path:main():lattice-best-path.cc:99) For utterance M07UP60A0956I414, best cost 19.9785 + 827.29 = 847.269 over 298 frames.
M07UP60A0956I414 prataapagadxhqa 
LOG (lattice-best-path:main():lattice-best-path.cc:99) For utterance M07UP60A0957I412, best cost 15.1968 + 701.036 = 716.233 over 298 frames.
M07UP60A0957I412 baaraabankii 
LOG (lattice-best-path:main():lattice-best-path.cc:99) For utterance M07UP60A0957I413, best cost 15.3809 + 686.049 = 701.43 over 298 frames.
M07UP60A0957I413 prataapagadxhqa 
LOG (lattice-best-path:main():lattice-best-path.cc:99) For utterance M07UP61A0966I300, best cost 18.6525 + 1056.65 = 1075.3 over 498 frames.
M07UP61A0966I300 raaibareilii 
LOG (lattice-best-path:main():lattice-best-path.cc:99) For utterance M07UP61A0968I301, best cost 22.1021 + 972.113 = 994.216 over 498 frames.
M07UP61A0968I301 baaraabankii 
LOG (lattice-best-path:main():lattice-best-path.cc:99) For utterance M07UP61A0971I302, best cost 21.8615 + 1110.18 = 1132.04 over 498 frames.
M07UP61A0971I302 raaibareilii 
LOG (lattice-best-path:main():lattice-best-path.cc:99) For utterance M07UP61A0972I44, best cost 19.741 + 819.822 = 839.563 over 298 frames.
M07UP61A0972I44 phateehapura 
LOG (lattice-best-path:main():lattice-best-path.cc:99) For utterance M07UP61A0980I301, best cost 27.6601 + 1429.12 = 1456.78 over 498 frames.
M07UP61A0980I301 phateehapura 
LOG (lattice-best-path:main():lattice-best-path.cc:99) For utterance M07UP64A0382I300, best cost 32.9342 + 1363.09 = 1396.02 over 498 frames.
M07UP64A0382I300 sambhala 
LOG (lattice-best-path:main():lattice-best-path.cc:99) For utterance M07UP64A0382I301, best cost 16.8595 + 1440.56 = 1457.42 over 498 frames.
M07UP64A0382I301 muraadaabaada 
LOG (lattice-best-path:main():lattice-best-path.cc:99) For utterance M07UP64A0386I42, best cost 14.6087 + 790.899 = 805.508 over 298 frames.
M07UP64A0386I42 amarohaa 
LOG (lattice-best-path:main():lattice-best-path.cc:99) For utterance M07UP64A0389I42, best cost 19.3153 + 599.885 = 619.2 over 298 frames.
M07UP64A0389I42 amarohaa 
LOG (lattice-best-path:main():lattice-best-path.cc:99) For utterance M07UP64A0390I300, best cost 23.9964 + 1176.03 = 1200.03 over 498 frames.
M07UP64A0390I300 sambhala 
LOG (lattice-best-path:main():lattice-best-path.cc:99) For utterance M07UP64A0391I302, best cost 25.6083 + 1249.4 = 1275.01 over 498 frames.
M07UP64A0391I302 candousii 
LOG (lattice-best-path:main():lattice-best-path.cc:99) For utterance M07UP64A0391I303, best cost 20.4257 + 1251.28 = 1271.71 over 498 frames.
M07UP64A0391I303 bahajoii 
LOG (lattice-best-path:main():lattice-best-path.cc:99) For utterance M07UP64A0392I301, best cost 12.6143 + 849.244 = 861.859 over 498 frames.
M07UP64A0392I301 muraadaabaada 
LOG (lattice-best-path:main():lattice-best-path.cc:99) For utterance M07UP64A0393I41, best cost 11.366 + 862.945 = 874.311 over 298 frames.
M07UP64A0393I41 amarohaa 
LOG (lattice-best-path:main():lattice-best-path.cc:99) For utterance M07UP64A0396I43, best cost 19.7108 + 898.304 = 918.015 over 300 frames.
M07UP64A0396I43 acaneeraa 
LOG (lattice-best-path:main():lattice-best-path.cc:99) For utterance M07UP64A0399I302, best cost 26.7173 + 1285.34 = 1312.06 over 498 frames.
M07UP64A0399I302 candousii 
LOG (lattice-best-path:main():lattice-best-path.cc:99) For utterance M07UP64A0400I300, best cost 27.6829 + 1368.9 = 1396.59 over 498 frames.
M07UP64A0400I300 sambhala 
LOG (lattice-best-path:main():lattice-best-path.cc:99) For utterance M07UP64A0400I426, best cost 19.9956 + 761.192 = 781.187 over 298 frames.
M07UP64A0400I426 tikoniaa 
LOG (lattice-scale:main():lattice-scale.cc:90) Done 553 lattices.
LOG (lattice-best-path:main():lattice-best-path.cc:99) For utterance M07UP64A0401I43, best cost 19.0481 + 806.657 = 825.705 over 300 frames.
M07UP64A0401I43 badaayuun 
LOG (lattice-best-path:main():lattice-best-path.cc:99) For utterance M07UP66A0674I303, best cost 20.8063 + 1298.38 = 1319.19 over 498 frames.
M07UP66A0674I303 mirjaapura 
LOG (lattice-best-path:main():lattice-best-path.cc:99) For utterance M07UP66A0676I303, best cost 26.6302 + 1396.16 = 1422.79 over 498 frames.
M07UP66A0676I303 mirjaapura 
LOG (lattice-best-path:main():lattice-best-path.cc:99) For utterance M07UP66A0684I43, best cost 18.8461 + 729.175 = 748.021 over 298 frames.
M07UP66A0684I43 ilaahaabaada 
LOG (lattice-best-path:main():lattice-best-path.cc:99) For utterance M07UP66A0685I42, best cost 16.6066 + 743.315 = 759.921 over 298 frames.
M07UP66A0685I42 gopiiganja 
LOG (lattice-best-path:main():lattice-best-path.cc:99) For utterance M07UP66A0687I301, best cost 12.9158 + 924.661 = 937.577 over 498 frames.
M07UP66A0687I301 ilaahaabaada 
LOG (lattice-best-path:main():lattice-best-path.cc:99) For utterance M07UP66A0688I410, best cost 18.8732 + 636.077 = 654.95 over 298 frames.
M07UP66A0688I410 gopiiganja 
LOG (lattice-best-path:main():lattice-best-path.cc:99) For utterance M07UP66A0692I301, best cost 18.3214 + 1275.74 = 1294.06 over 498 frames.
M07UP66A0692I301 ilaahaabaada 
LOG (lattice-best-path:main():lattice-best-path.cc:99) For utterance M07UP72A0730I42, best cost 16.2413 + 790.778 = 807.019 over 298 frames.
M07UP72A0730I42 roubartxsaganja 
LOG (lattice-best-path:main():lattice-best-path.cc:99) For utterance M07UP72A0730I46, best cost 17.2711 + 710.836 = 728.107 over 298 frames.
M07UP72A0730I46 candoulii 
LOG (lattice-best-path:main():lattice-best-path.cc:99) For utterance M07UP72A0731I42, best cost 20.0947 + 908.514 = 928.608 over 298 frames.
M07UP72A0731I42 babeeruu 
LOG (lattice-best-path:main():lattice-best-path.cc:99) For utterance M07UP73A0922I300, best cost 23.826 + 1430.04 = 1453.86 over 498 frames.
M07UP73A0922I300 sultaanapura 
LOG (lattice-best-path:main():lattice-best-path.cc:99) For utterance M07UP73A0923I41, best cost 14.7506 + 821.289 = 836.039 over 298 frames.
M07UP73A0923I41 jounapura 
LOG (lattice-best-path:main():lattice-best-path.cc:99) For utterance M07UP73A0924I41, best cost 14.3165 + 756.603 = 770.919 over 298 frames.
M07UP73A0924I41 ambeedxakaranagara 
LOG (lattice-best-path:main():lattice-best-path.cc:99) For utterance M07UP73A0925I42, best cost 12.0439 + 631.806 = 643.85 over 298 frames.
M07UP73A0925I42 aajamagadxhqa 
LOG (lattice-best-path:main():lattice-best-path.cc:99) For utterance M07UP73A0927I43, best cost 20.9914 + 715.212 = 736.203 over 298 frames.
M07UP73A0927I43 baaraabankii 
LOG (lattice-best-path:main():lattice-best-path.cc:99) For utterance M07UP73A0929I42, best cost 24.3699 + 811.593 = 835.963 over 298 frames.
M07UP73A0929I42 aajamagadxhqa 
LOG (lattice-best-path:main():lattice-best-path.cc:99) For utterance M07UP73A0930I43, best cost 23.1569 + 716.055 = 739.212 over 298 frames.
M07UP73A0930I43 siitaapura 
LOG (lattice-best-path:main():lattice-best-path.cc:99) For utterance M07UP73A0931I49, best cost 17.2475 + 812.252 = 829.499 over 298 frames.
M07UP73A0931I49 ameitxhii 
LOG (lattice-best-path:main():lattice-best-path.cc:99) For utterance M07UP73A0937I42, best cost 15.3353 + 687.261 = 702.596 over 298 frames.
M07UP73A0937I42 lakhanauu 
LOG (lattice-best-path:main():lattice-best-path.cc:99) For utterance M07UP73A0938I42, best cost 17.2563 + 691.759 = 709.015 over 298 frames.
M07UP73A0938I42 lakhanauu 
LOG (lattice-best-path:main():lattice-best-path.cc:99) For utterance M07UP74A0802I303, best cost 29.7727 + 1161.29 = 1191.07 over 498 frames.
M07UP74A0802I303 kaanapura 
LOG (lattice-best-path:main():lattice-best-path.cc:99) For utterance M07UP74A0813I300, best cost 22.6494 + 1067.48 = 1090.13 over 498 frames.
M07UP74A0813I300 unnaanwa 
LOG (lattice-best-path:main():lattice-best-path.cc:99) For utterance M07UP74A0814I301, best cost 30.9084 + 1041.92 = 1072.83 over 504 frames.
M07UP74A0814I301 kaanapura 
LOG (lattice-best-path:main():lattice-best-path.cc:99) For utterance M07UP74A0817I42, best cost 19.4297 + 690.001 = 709.431 over 300 frames.
M07UP74A0817I42 raaibareilii 
LOG (lattice-best-path:main():lattice-best-path.cc:99) For utterance M07UP75A0755I303, best cost 33.0668 + 1262.95 = 1296.02 over 498 frames.
M07UP75A0755I303 siiraa 
LOG (lattice-add-penalty:main():lattice-add-penalty.cc:62) Done adding word insertion penalty to 553 lattices.
LOG (lattice-best-path:main():lattice-best-path.cc:99) For utterance M07UP75A0758I300, best cost 20.7459 + 1242.02 = 1262.77 over 498 frames.
M07UP75A0758I300 waaraanxasxii 
LOG (lattice-best-path:main():lattice-best-path.cc:99) For utterance M07UP75A0764I302, best cost 32.8191 + 1322.59 = 1355.41 over 498 frames.
M07UP75A0764I302 gondxaa 
LOG (lattice-best-path:main():lattice-best-path.cc:99) For utterance M07UP75A0764I42, best cost 19.2838 + 794.649 = 813.932 over 298 frames.
M07UP75A0764I42 jounapura 
LOG (lattice-best-path:main():lattice-best-path.cc:99) For utterance M07UP75A0768I40, best cost 13.2003 + 711.681 = 724.882 over 298 frames.
M07UP75A0768I40 waaraanxasxii 
LOG (lattice-best-path:main():lattice-best-path.cc:99) For utterance M07UP75A0769I301, best cost 23.0897 + 1073.61 = 1096.7 over 498 frames.
M07UP75A0769I301 jounapura 
LOG (lattice-best-path:main():lattice-best-path.cc:99) For utterance M07UP75A0770I303, best cost 25.036 + 1198.81 = 1223.85 over 498 frames.
M07UP75A0770I303 txuundxlaa 
LOG (lattice-best-path:main():lattice-best-path.cc:99) For utterance M07UP75A0771I42, best cost 16.354 + 725.004 = 741.358 over 298 frames.
M07UP75A0771I42 candoulii 
LOG (lattice-best-path:main():lattice-best-path.cc:99) For utterance M07UP75A0771I43, best cost 16.8942 + 767.407 = 784.301 over 298 frames.
M07UP75A0771I43 gaajiipura 
LOG (lattice-best-path:main():lattice-best-path.cc:99) For utterance M07UP75A0772I300, best cost 13.8335 + 1117.68 = 1131.51 over 498 frames.
M07UP75A0772I300 waaraanxasxii 
LOG (lattice-best-path:main():lattice-best-path.cc:99) For utterance M07UP75A0773I41, best cost 16.4075 + 684.946 = 701.353 over 298 frames.
M07UP75A0773I41 jounapura 
LOG (lattice-best-path:main():lattice-best-path.cc:124) Overall cost per frame is 2.59079 = 0.0508245 [graph] + 2.53996 [acoustic] over 207364 frames.
LOG (lattice-best-path:main():lattice-best-path.cc:128) Done 553 lattices, failed for 0
# Accounting: time=1 threads=1
# Ended (code 0) at Thu Jul 21 14:57:59 IST 2016, elapsed time 1 seconds
