# gmm-latgen-faster --max-active=7000 --beam=13.0 --lattice-beam=6.0 --acoustic-scale=0.083333 --allow-partial=true --word-symbol-table=exp/tri1_1600_25600/graph/words.txt exp/tri1_1600_25600/final.mdl exp/tri1_1600_25600/graph/HCLG.fst "ark,s,cs:apply-cmvn  --utt2spk=ark:data/test/split3/2/utt2spk scp:data/test/split3/2/cmvn.scp scp:data/test/split3/2/feats.scp ark:- | add-deltas  ark:- ark:- |" "ark:|gzip -c > exp/tri1_1600_25600/decode/lat.2.gz" 
# Started at Thu Jul 21 14:52:12 IST 2016
#
gmm-latgen-faster --max-active=7000 --beam=13.0 --lattice-beam=6.0 --acoustic-scale=0.083333 --allow-partial=true --word-symbol-table=exp/tri1_1600_25600/graph/words.txt exp/tri1_1600_25600/final.mdl exp/tri1_1600_25600/graph/HCLG.fst 'ark,s,cs:apply-cmvn  --utt2spk=ark:data/test/split3/2/utt2spk scp:data/test/split3/2/cmvn.scp scp:data/test/split3/2/feats.scp ark:- | add-deltas  ark:- ark:- |' 'ark:|gzip -c > exp/tri1_1600_25600/decode/lat.2.gz' 
add-deltas ark:- ark:- 
apply-cmvn --utt2spk=ark:data/test/split3/2/utt2spk scp:data/test/split3/2/cmvn.scp scp:data/test/split3/2/feats.scp ark:- 
M07UP20A0742I302 candoulii 
LOG (gmm-latgen-faster:DecodeUtteranceLatticeFaster():decoder-wrappers.cc:285) Log-like per frame for utterance M07UP20A0742I302 is -7.0223 over 498 frames.
M07UP20A0750I40 candoulii 
LOG (gmm-latgen-faster:DecodeUtteranceLatticeFaster():decoder-wrappers.cc:285) Log-like per frame for utterance M07UP20A0750I40 is -8.13984 over 298 frames.
M07UP20A0753I43 waaraanxasxii 
LOG (gmm-latgen-faster:DecodeUtteranceLatticeFaster():decoder-wrappers.cc:285) Log-like per frame for utterance M07UP20A0753I43 is -8.84494 over 298 frames.
M07UP21A0593I302 karabii 
LOG (gmm-latgen-faster:DecodeUtteranceLatticeFaster():decoder-wrappers.cc:285) Log-like per frame for utterance M07UP21A0593I302 is -8.46895 over 498 frames.
M07UP21A0598I41 mauu 
LOG (gmm-latgen-faster:DecodeUtteranceLatticeFaster():decoder-wrappers.cc:285) Log-like per frame for utterance M07UP21A0598I41 is -7.90734 over 298 frames.
M07UP21A0600I300 caandapura 
LOG (gmm-latgen-faster:DecodeUtteranceLatticeFaster():decoder-wrappers.cc:285) Log-like per frame for utterance M07UP21A0600I300 is -8.29768 over 498 frames.
M07UP21A0600I42 baandaa 
LOG (gmm-latgen-faster:DecodeUtteranceLatticeFaster():decoder-wrappers.cc:285) Log-like per frame for utterance M07UP21A0600I42 is -7.89224 over 298 frames.
M07UP21A0606I301 citrakuutxa 
LOG (gmm-latgen-faster:DecodeUtteranceLatticeFaster():decoder-wrappers.cc:285) Log-like per frame for utterance M07UP21A0606I301 is -8.29642 over 498 frames.
M07UP21A0606I302 karabii 
LOG (gmm-latgen-faster:DecodeUtteranceLatticeFaster():decoder-wrappers.cc:285) Log-like per frame for utterance M07UP21A0606I302 is -8.78116 over 498 frames.
M07UP21A0607I301 citrakuutxa 
LOG (gmm-latgen-faster:DecodeUtteranceLatticeFaster():decoder-wrappers.cc:285) Log-like per frame for utterance M07UP21A0607I301 is -7.91623 over 498 frames.
M07UP22A1323I47 mauu 
LOG (gmm-latgen-faster:DecodeUtteranceLatticeFaster():decoder-wrappers.cc:285) Log-like per frame for utterance M07UP22A1323I47 is -6.93106 over 298 frames.
M07UP22A1326I300 deewariyaa 
LOG (gmm-latgen-faster:DecodeUtteranceLatticeFaster():decoder-wrappers.cc:285) Log-like per frame for utterance M07UP22A1326I300 is -7.8186 over 498 frames.
M07UP22A1342I301 gorakhapura 
LOG (gmm-latgen-faster:DecodeUtteranceLatticeFaster():decoder-wrappers.cc:285) Log-like per frame for utterance M07UP22A1342I301 is -7.35609 over 498 frames.
M07UP22A1347I43 deewariyaa 
LOG (gmm-latgen-faster:DecodeUtteranceLatticeFaster():decoder-wrappers.cc:285) Log-like per frame for utterance M07UP22A1347I43 is -9.06202 over 298 frames.
M07UP22A1347I47 mauu 
LOG (gmm-latgen-faster:DecodeUtteranceLatticeFaster():decoder-wrappers.cc:285) Log-like per frame for utterance M07UP22A1347I47 is -8.74071 over 300 frames.
M07UP22A1355I301 gorakhapura 
LOG (gmm-latgen-faster:DecodeUtteranceLatticeFaster():decoder-wrappers.cc:285) Log-like per frame for utterance M07UP22A1355I301 is -8.43307 over 498 frames.
M07UP22A1355I47 mauu 
LOG (gmm-latgen-faster:DecodeUtteranceLatticeFaster():decoder-wrappers.cc:285) Log-like per frame for utterance M07UP22A1355I47 is -7.9114 over 298 frames.
M07UP22A1357I300 deewariyaa 
LOG (gmm-latgen-faster:DecodeUtteranceLatticeFaster():decoder-wrappers.cc:285) Log-like per frame for utterance M07UP22A1357I300 is -7.71783 over 498 frames.
M07UP22A1357I45 gorakhapura 
LOG (gmm-latgen-faster:DecodeUtteranceLatticeFaster():decoder-wrappers.cc:285) Log-like per frame for utterance M07UP22A1357I45 is -7.55182 over 298 frames.
M07UP22A1357I47 mauu 
LOG (gmm-latgen-faster:DecodeUtteranceLatticeFaster():decoder-wrappers.cc:285) Log-like per frame for utterance M07UP22A1357I47 is -7.81981 over 298 frames.
M07UP23A0224I44 aliiganja 
LOG (gmm-latgen-faster:DecodeUtteranceLatticeFaster():decoder-wrappers.cc:285) Log-like per frame for utterance M07UP23A0224I44 is -8.87565 over 298 frames.
M07UP23A0233I43 phirojaabaada 
LOG (gmm-latgen-faster:DecodeUtteranceLatticeFaster():decoder-wrappers.cc:285) Log-like per frame for utterance M07UP23A0233I43 is -7.35 over 298 frames.
M07UP23A0234I41 kaasaganja 
LOG (gmm-latgen-faster:DecodeUtteranceLatticeFaster():decoder-wrappers.cc:285) Log-like per frame for utterance M07UP23A0234I41 is -8.93154 over 298 frames.
M07UP23A0235I42 pharrukhaabaada 
LOG (gmm-latgen-faster:DecodeUtteranceLatticeFaster():decoder-wrappers.cc:285) Log-like per frame for utterance M07UP23A0235I42 is -8.86788 over 298 frames.
M07UP23A0236I43 beewara 
LOG (gmm-latgen-faster:DecodeUtteranceLatticeFaster():decoder-wrappers.cc:285) Log-like per frame for utterance M07UP23A0236I43 is -8.30474 over 298 frames.
M07UP23A0239I40 puuranpura 
LOG (gmm-latgen-faster:DecodeUtteranceLatticeFaster():decoder-wrappers.cc:285) Log-like per frame for utterance M07UP23A0239I40 is -8.71963 over 298 frames.
M07UP23A0242I42 kaasaganja 
LOG (gmm-latgen-faster:DecodeUtteranceLatticeFaster():decoder-wrappers.cc:285) Log-like per frame for utterance M07UP23A0242I42 is -8.48529 over 298 frames.
M07UP24A0171I300 itxaawaa 
LOG (gmm-latgen-faster:DecodeUtteranceLatticeFaster():decoder-wrappers.cc:285) Log-like per frame for utterance M07UP24A0171I300 is -8.12425 over 498 frames.
M07UP24A0172I45 beewara 
LOG (gmm-latgen-faster:DecodeUtteranceLatticeFaster():decoder-wrappers.cc:285) Log-like per frame for utterance M07UP24A0172I45 is -8.37941 over 298 frames.
M07UP24A0172I49 ouraiyaa 
LOG (gmm-latgen-faster:DecodeUtteranceLatticeFaster():decoder-wrappers.cc:285) Log-like per frame for utterance M07UP24A0172I49 is -8.44567 over 298 frames.
M07UP24A0173I44 sirasaaganja 
LOG (gmm-latgen-faster:DecodeUtteranceLatticeFaster():decoder-wrappers.cc:285) Log-like per frame for utterance M07UP24A0173I44 is -7.52791 over 298 frames.
M07UP24A0173I46 uraii 
LOG (gmm-latgen-faster:DecodeUtteranceLatticeFaster():decoder-wrappers.cc:285) Log-like per frame for utterance M07UP24A0173I46 is -7.16608 over 298 frames.
M07UP24A0175I301 ouraiyaa 
LOG (gmm-latgen-faster:DecodeUtteranceLatticeFaster():decoder-wrappers.cc:285) Log-like per frame for utterance M07UP24A0175I301 is -7.76798 over 498 frames.
M07UP24A0177F606 itxaawaa 
LOG (gmm-latgen-faster:DecodeUtteranceLatticeFaster():decoder-wrappers.cc:285) Log-like per frame for utterance M07UP24A0177F606 is -7.51422 over 998 frames.
M07UP24A0179I302 itxaawaa 
LOG (gmm-latgen-faster:DecodeUtteranceLatticeFaster():decoder-wrappers.cc:285) Log-like per frame for utterance M07UP24A0179I302 is -7.73999 over 498 frames.
M07UP24A0181I301 itxaawaa 
LOG (gmm-latgen-faster:DecodeUtteranceLatticeFaster():decoder-wrappers.cc:285) Log-like per frame for utterance M07UP24A0181I301 is -8.84843 over 498 frames.
M07UP24A0181I42 ghiroura 
LOG (gmm-latgen-faster:DecodeUtteranceLatticeFaster():decoder-wrappers.cc:285) Log-like per frame for utterance M07UP24A0181I42 is -8.41077 over 298 frames.
M07UP24A0181I48 phirojaabaada 
LOG (gmm-latgen-faster:DecodeUtteranceLatticeFaster():decoder-wrappers.cc:285) Log-like per frame for utterance M07UP24A0181I48 is -8.21627 over 298 frames.
M07UP24A0185I303 sirasaaganja 
LOG (gmm-latgen-faster:DecodeUtteranceLatticeFaster():decoder-wrappers.cc:285) Log-like per frame for utterance M07UP24A0185I303 is -8.24618 over 498 frames.
M07UP24A0188I302 karabii 
LOG (gmm-latgen-faster:DecodeUtteranceLatticeFaster():decoder-wrappers.cc:285) Log-like per frame for utterance M07UP24A0188I302 is -8.00806 over 498 frames.
M07UP24A0191I300 itxaawaa 
LOG (gmm-latgen-faster:DecodeUtteranceLatticeFaster():decoder-wrappers.cc:285) Log-like per frame for utterance M07UP24A0191I300 is -7.47083 over 498 frames.
M07UP25A1205I302 akbarapura 
LOG (gmm-latgen-faster:DecodeUtteranceLatticeFaster():decoder-wrappers.cc:285) Log-like per frame for utterance M07UP25A1205I302 is -8.75685 over 498 frames.
M07UP25A1205I43 kaanapura 
LOG (gmm-latgen-faster:DecodeUtteranceLatticeFaster():decoder-wrappers.cc:285) Log-like per frame for utterance M07UP25A1205I43 is -8.62155 over 298 frames.
M07UP25A1206I45 wilaasapura 
LOG (gmm-latgen-faster:DecodeUtteranceLatticeFaster():decoder-wrappers.cc:285) Log-like per frame for utterance M07UP25A1206I45 is -8.5192 over 298 frames.
M07UP25A1209I41 raaibareilii 
LOG (gmm-latgen-faster:DecodeUtteranceLatticeFaster():decoder-wrappers.cc:285) Log-like per frame for utterance M07UP25A1209I41 is -8.22534 over 298 frames.
M07UP25A1216I41 pheijaabaada 
LOG (gmm-latgen-faster:DecodeUtteranceLatticeFaster():decoder-wrappers.cc:285) Log-like per frame for utterance M07UP25A1216I41 is -8.96613 over 298 frames.
M07UP25A1220I300 pheijaabaada 
LOG (gmm-latgen-faster:DecodeUtteranceLatticeFaster():decoder-wrappers.cc:285) Log-like per frame for utterance M07UP25A1220I300 is -8.08511 over 498 frames.
M07UP25A1220I42 baaraabankii 
LOG (gmm-latgen-faster:DecodeUtteranceLatticeFaster():decoder-wrappers.cc:285) Log-like per frame for utterance M07UP25A1220I42 is -8.10576 over 298 frames.
M07UP25A1261I302 pheijaabaada 
LOG (gmm-latgen-faster:DecodeUtteranceLatticeFaster():decoder-wrappers.cc:285) Log-like per frame for utterance M07UP25A1261I302 is -8.74577 over 500 frames.
M07UP26A0214I42 aliigadxhqa 
LOG (gmm-latgen-faster:DecodeUtteranceLatticeFaster():decoder-wrappers.cc:285) Log-like per frame for utterance M07UP26A0214I42 is -9.10638 over 298 frames.
M07UP26A0255I48 eitxaa 
LOG (gmm-latgen-faster:DecodeUtteranceLatticeFaster():decoder-wrappers.cc:285) Log-like per frame for utterance M07UP26A0255I48 is -8.04436 over 300 frames.
M07UP26A0257I47 daataaganja 
LOG (gmm-latgen-faster:DecodeUtteranceLatticeFaster():decoder-wrappers.cc:285) Log-like per frame for utterance M07UP26A0257I47 is -7.30135 over 298 frames.
M07UP26A0258I414 mauu 
LOG (gmm-latgen-faster:DecodeUtteranceLatticeFaster():decoder-wrappers.cc:285) Log-like per frame for utterance M07UP26A0258I414 is -7.86838 over 298 frames.
M07UP26A0261I47 kannouja 
LOG (gmm-latgen-faster:DecodeUtteranceLatticeFaster():decoder-wrappers.cc:285) Log-like per frame for utterance M07UP26A0261I47 is -7.97696 over 298 frames.
M07UP26A0262I41 badaayuun 
LOG (gmm-latgen-faster:DecodeUtteranceLatticeFaster():decoder-wrappers.cc:285) Log-like per frame for utterance M07UP26A0262I41 is -8.64346 over 298 frames.
M07UP26A0263I43 awaagadxhqa 
LOG (gmm-latgen-faster:DecodeUtteranceLatticeFaster():decoder-wrappers.cc:285) Log-like per frame for utterance M07UP26A0263I43 is -7.48333 over 298 frames.
M07UP26A0267I44 kaasaganja 
LOG (gmm-latgen-faster:DecodeUtteranceLatticeFaster():decoder-wrappers.cc:285) Log-like per frame for utterance M07UP26A0267I44 is -7.90712 over 298 frames.
M07UP26A0269I47 kannouja 
LOG (gmm-latgen-faster:DecodeUtteranceLatticeFaster():decoder-wrappers.cc:285) Log-like per frame for utterance M07UP26A0269I47 is -8.71213 over 298 frames.
M07UP26A0270I42 aliiganja 
LOG (gmm-latgen-faster:DecodeUtteranceLatticeFaster():decoder-wrappers.cc:285) Log-like per frame for utterance M07UP26A0270I42 is -8.44173 over 298 frames.
M07UP26A0272I44 beewara 
LOG (gmm-latgen-faster:DecodeUtteranceLatticeFaster():decoder-wrappers.cc:285) Log-like per frame for utterance M07UP26A0272I44 is -6.93903 over 298 frames.
M07UP27A0641I438 risiiyaa 
LOG (gmm-latgen-faster:DecodeUtteranceLatticeFaster():decoder-wrappers.cc:285) Log-like per frame for utterance M07UP27A0641I438 is -7.88283 over 298 frames.
M07UP27A0647I41 phateehapura 
LOG (gmm-latgen-faster:DecodeUtteranceLatticeFaster():decoder-wrappers.cc:285) Log-like per frame for utterance M07UP27A0647I41 is -7.84729 over 298 frames.
M07UP27A0647I43 koushaamabii 
LOG (gmm-latgen-faster:DecodeUtteranceLatticeFaster():decoder-wrappers.cc:285) Log-like per frame for utterance M07UP27A0647I43 is -8.00295 over 298 frames.
M07UP27A0657I303 koushaamabii 
LOG (gmm-latgen-faster:DecodeUtteranceLatticeFaster():decoder-wrappers.cc:285) Log-like per frame for utterance M07UP27A0657I303 is -8.1326 over 498 frames.
M07UP28A0216I301 uraii 
LOG (gmm-latgen-faster:DecodeUtteranceLatticeFaster():decoder-wrappers.cc:285) Log-like per frame for utterance M07UP28A0216I301 is -8.43846 over 498 frames.
M07UP28A0218I300 beewara 
LOG (gmm-latgen-faster:DecodeUtteranceLatticeFaster():decoder-wrappers.cc:285) Log-like per frame for utterance M07UP28A0218I300 is -8.00289 over 498 frames.
M07UP28A0219I40 aagaraa 
LOG (gmm-latgen-faster:DecodeUtteranceLatticeFaster():decoder-wrappers.cc:285) Log-like per frame for utterance M07UP28A0219I40 is -8.03032 over 298 frames.
M07UP28A0219I505 kheira 
LOG (gmm-latgen-faster:DecodeUtteranceLatticeFaster():decoder-wrappers.cc:285) Log-like per frame for utterance M07UP28A0219I505 is -8.0301 over 300 frames.
M07UP28A0225I302 meinapurii 
LOG (gmm-latgen-faster:DecodeUtteranceLatticeFaster():decoder-wrappers.cc:285) Log-like per frame for utterance M07UP28A0225I302 is -8.36999 over 498 frames.
M07UP28A0225I40 aagaraa 
LOG (gmm-latgen-faster:DecodeUtteranceLatticeFaster():decoder-wrappers.cc:285) Log-like per frame for utterance M07UP28A0225I40 is -7.93761 over 298 frames.
M07UP28A0225I41 ghiroura 
LOG (gmm-latgen-faster:DecodeUtteranceLatticeFaster():decoder-wrappers.cc:285) Log-like per frame for utterance M07UP28A0225I41 is -9.29614 over 298 frames.
M07UP29A0506I301 gaajiyaabaada 
LOG (gmm-latgen-faster:DecodeUtteranceLatticeFaster():decoder-wrappers.cc:285) Log-like per frame for utterance M07UP29A0506I301 is -7.47183 over 498 frames.
M07UP29A0509I42 aliigadxhqa 
LOG (gmm-latgen-faster:DecodeUtteranceLatticeFaster():decoder-wrappers.cc:285) Log-like per frame for utterance M07UP29A0509I42 is -8.26671 over 298 frames.
M07UP29A0509I45 awaagadxhqa 
LOG (gmm-latgen-faster:DecodeUtteranceLatticeFaster():decoder-wrappers.cc:285) Log-like per frame for utterance M07UP29A0509I45 is -8.02619 over 298 frames.
M07UP29A0510I303 sikandaraabaada 
LOG (gmm-latgen-faster:DecodeUtteranceLatticeFaster():decoder-wrappers.cc:285) Log-like per frame for utterance M07UP29A0510I303 is -7.7184 over 500 frames.
M07UP29A0510I44 anuupashahara 
LOG (gmm-latgen-faster:DecodeUtteranceLatticeFaster():decoder-wrappers.cc:285) Log-like per frame for utterance M07UP29A0510I44 is -7.42757 over 298 frames.
M07UP29A0511I301 gaajiyaabaada 
LOG (gmm-latgen-faster:DecodeUtteranceLatticeFaster():decoder-wrappers.cc:285) Log-like per frame for utterance M07UP29A0511I301 is -8.05349 over 498 frames.
M07UP29A0511I42 koshiikalaan 
LOG (gmm-latgen-faster:DecodeUtteranceLatticeFaster():decoder-wrappers.cc:285) Log-like per frame for utterance M07UP29A0511I42 is -8.52395 over 298 frames.
M07UP29A0513I44 bulandashahara 
LOG (gmm-latgen-faster:DecodeUtteranceLatticeFaster():decoder-wrappers.cc:285) Log-like per frame for utterance M07UP29A0513I44 is -7.91134 over 298 frames.
M07UP29A0514I41 aliigadxhqa 
LOG (gmm-latgen-faster:DecodeUtteranceLatticeFaster():decoder-wrappers.cc:285) Log-like per frame for utterance M07UP29A0514I41 is -8.1897 over 298 frames.
M07UP29A0516I41 aliigadxhqa 
LOG (gmm-latgen-faster:DecodeUtteranceLatticeFaster():decoder-wrappers.cc:285) Log-like per frame for utterance M07UP29A0516I41 is -8.79252 over 298 frames.
M07UP29A0517I303 sikandaraabaada 
LOG (gmm-latgen-faster:DecodeUtteranceLatticeFaster():decoder-wrappers.cc:285) Log-like per frame for utterance M07UP29A0517I303 is -8.03924 over 498 frames.
M07UP29A0520I42 aliigadxhqa 
LOG (gmm-latgen-faster:DecodeUtteranceLatticeFaster():decoder-wrappers.cc:285) Log-like per frame for utterance M07UP29A0520I42 is -7.56086 over 298 frames.
M07UP29A0520I45 awaagadxhqa 
LOG (gmm-latgen-faster:DecodeUtteranceLatticeFaster():decoder-wrappers.cc:285) Log-like per frame for utterance M07UP29A0520I45 is -8.32568 over 298 frames.
M07UP29A0521I303 gaajiyaabaada 
LOG (gmm-latgen-faster:DecodeUtteranceLatticeFaster():decoder-wrappers.cc:285) Log-like per frame for utterance M07UP29A0521I303 is -7.78553 over 498 frames.
M07UP29A0521I47 sikandaraabaada 
LOG (gmm-latgen-faster:DecodeUtteranceLatticeFaster():decoder-wrappers.cc:285) Log-like per frame for utterance M07UP29A0521I47 is -7.52015 over 298 frames.
M07UP31A1290I43 candoulii 
LOG (gmm-latgen-faster:DecodeUtteranceLatticeFaster():decoder-wrappers.cc:285) Log-like per frame for utterance M07UP31A1290I43 is -7.88995 over 298 frames.
M07UP31A1291I42 baliiyaa 
LOG (gmm-latgen-faster:DecodeUtteranceLatticeFaster():decoder-wrappers.cc:285) Log-like per frame for utterance M07UP31A1291I42 is -8.03894 over 298 frames.
M07UP31A1292I301 aajamagadxhqa 
LOG (gmm-latgen-faster:DecodeUtteranceLatticeFaster():decoder-wrappers.cc:285) Log-like per frame for utterance M07UP31A1292I301 is -7.85019 over 498 frames.
M07UP31A1294I302 jangiipura 
LOG (gmm-latgen-faster:DecodeUtteranceLatticeFaster():decoder-wrappers.cc:285) Log-like per frame for utterance M07UP31A1294I302 is -7.67868 over 498 frames.
M07UP31A1294I43 candoulii 
LOG (gmm-latgen-faster:DecodeUtteranceLatticeFaster():decoder-wrappers.cc:285) Log-like per frame for utterance M07UP31A1294I43 is -8.17716 over 298 frames.
M07UP31A1296I500 deewariyaa 
LOG (gmm-latgen-faster:DecodeUtteranceLatticeFaster():decoder-wrappers.cc:285) Log-like per frame for utterance M07UP31A1296I500 is -7.13645 over 498 frames.
M07UP31A1300I300 gaajiipura 
LOG (gmm-latgen-faster:DecodeUtteranceLatticeFaster():decoder-wrappers.cc:285) Log-like per frame for utterance M07UP31A1300I300 is -8.95759 over 498 frames.
M07UP31A1302I301 aajamagadxhqa 
LOG (gmm-latgen-faster:DecodeUtteranceLatticeFaster():decoder-wrappers.cc:285) Log-like per frame for utterance M07UP31A1302I301 is -7.89327 over 498 frames.
M07UP31A1306I302 jangiipura 
LOG (gmm-latgen-faster:DecodeUtteranceLatticeFaster():decoder-wrappers.cc:285) Log-like per frame for utterance M07UP31A1306I302 is -8.06948 over 498 frames.
M07UP31A1306I303 mohammadaabaada 
LOG (gmm-latgen-faster:DecodeUtteranceLatticeFaster():decoder-wrappers.cc:285) Log-like per frame for utterance M07UP31A1306I303 is -9.10731 over 498 frames.
M07UP31A1306I43 candoulii 
LOG (gmm-latgen-faster:DecodeUtteranceLatticeFaster():decoder-wrappers.cc:285) Log-like per frame for utterance M07UP31A1306I43 is -7.3876 over 298 frames.
M07UP31A1307I430 baliiyaa 
LOG (gmm-latgen-faster:DecodeUtteranceLatticeFaster():decoder-wrappers.cc:285) Log-like per frame for utterance M07UP31A1307I430 is -8.029 over 298 frames.
M07UP31A1308I435 baliiyaa 
LOG (gmm-latgen-faster:DecodeUtteranceLatticeFaster():decoder-wrappers.cc:285) Log-like per frame for utterance M07UP31A1308I435 is -7.96353 over 298 frames.
M07UP31A1309I44 deewariyaa 
LOG (gmm-latgen-faster:DecodeUtteranceLatticeFaster():decoder-wrappers.cc:285) Log-like per frame for utterance M07UP31A1309I44 is -9.00832 over 298 frames.
M07UP31A1310I45 gaajiipura 
LOG (gmm-latgen-faster:DecodeUtteranceLatticeFaster():decoder-wrappers.cc:285) Log-like per frame for utterance M07UP31A1310I45 is -8.57525 over 298 frames.
M07UP34A0551I43 citrakuutxa 
LOG (gmm-latgen-faster:DecodeUtteranceLatticeFaster():decoder-wrappers.cc:285) Log-like per frame for utterance M07UP34A0551I43 is -8.54546 over 300 frames.
M07UP34A0554I301 jaalouna 
LOG (gmm-latgen-faster:DecodeUtteranceLatticeFaster():decoder-wrappers.cc:285) Log-like per frame for utterance M07UP34A0554I301 is -7.77738 over 498 frames.
M07UP34A0555I300 hamiirapura 
LOG (gmm-latgen-faster:DecodeUtteranceLatticeFaster():decoder-wrappers.cc:285) Log-like per frame for utterance M07UP34A0555I300 is -8.94656 over 498 frames.
M07UP34A0558I42 baandaa 
LOG (gmm-latgen-faster:DecodeUtteranceLatticeFaster():decoder-wrappers.cc:285) Log-like per frame for utterance M07UP34A0558I42 is -8.44028 over 298 frames.
M07UP34A0559I303 uraii 
LOG (gmm-latgen-faster:DecodeUtteranceLatticeFaster():decoder-wrappers.cc:285) Log-like per frame for utterance M07UP34A0559I303 is -8.03723 over 498 frames.
M07UP34A0559I44 phateehapura 
LOG (gmm-latgen-faster:DecodeUtteranceLatticeFaster():decoder-wrappers.cc:285) Log-like per frame for utterance M07UP34A0559I44 is -8.0621 over 298 frames.
M07UP34A0561I300 hamiirapura 
LOG (gmm-latgen-faster:DecodeUtteranceLatticeFaster():decoder-wrappers.cc:285) Log-like per frame for utterance M07UP34A0561I300 is -8.90298 over 498 frames.
M07UP34A0563I303 raatxha 
LOG (gmm-latgen-faster:DecodeUtteranceLatticeFaster():decoder-wrappers.cc:285) Log-like per frame for utterance M07UP34A0563I303 is -7.66454 over 498 frames.
M07UP34A0564I43 citrakuutxa 
LOG (gmm-latgen-faster:DecodeUtteranceLatticeFaster():decoder-wrappers.cc:285) Log-like per frame for utterance M07UP34A0564I43 is -7.95579 over 298 frames.
M07UP34A0566I301 hamiirapura 
LOG (gmm-latgen-faster:DecodeUtteranceLatticeFaster():decoder-wrappers.cc:285) Log-like per frame for utterance M07UP34A0566I301 is -7.54678 over 498 frames.
M07UP35A0443I41 amarohaa 
LOG (gmm-latgen-faster:DecodeUtteranceLatticeFaster():decoder-wrappers.cc:285) Log-like per frame for utterance M07UP35A0443I41 is -8.38677 over 298 frames.
M07UP35A0446I301 sikohaabaada 
LOG (gmm-latgen-faster:DecodeUtteranceLatticeFaster():decoder-wrappers.cc:285) Log-like per frame for utterance M07UP35A0446I301 is -8.23991 over 498 frames.
M07UP35A0448I301 gaajiyaabaada 
LOG (gmm-latgen-faster:DecodeUtteranceLatticeFaster():decoder-wrappers.cc:285) Log-like per frame for utterance M07UP35A0448I301 is -7.43322 over 498 frames.
M07UP35A0450I301 muraadaabaada 
LOG (gmm-latgen-faster:DecodeUtteranceLatticeFaster():decoder-wrappers.cc:285) Log-like per frame for utterance M07UP35A0450I301 is -8.78399 over 498 frames.
M07UP35A0452I303 haapudxqa 
LOG (gmm-latgen-faster:DecodeUtteranceLatticeFaster():decoder-wrappers.cc:285) Log-like per frame for utterance M07UP35A0452I303 is -7.53254 over 498 frames.
M07UP35A0455I303 haapudxqa 
LOG (gmm-latgen-faster:DecodeUtteranceLatticeFaster():decoder-wrappers.cc:285) Log-like per frame for utterance M07UP35A0455I303 is -7.4704 over 498 frames.
M07UP35A0455I426 tilharaa 
LOG (gmm-latgen-faster:DecodeUtteranceLatticeFaster():decoder-wrappers.cc:285) Log-like per frame for utterance M07UP35A0455I426 is -8.59656 over 298 frames.
M07UP35A0456I43 baagapata 
LOG (gmm-latgen-faster:DecodeUtteranceLatticeFaster():decoder-wrappers.cc:285) Log-like per frame for utterance M07UP35A0456I43 is -8.16815 over 298 frames.
M07UP35A0457I41 haapudxqa 
LOG (gmm-latgen-faster:DecodeUtteranceLatticeFaster():decoder-wrappers.cc:285) Log-like per frame for utterance M07UP35A0457I41 is -8.58196 over 298 frames.
M07UP35A0459I303 haapudxqa 
LOG (gmm-latgen-faster:DecodeUtteranceLatticeFaster():decoder-wrappers.cc:285) Log-like per frame for utterance M07UP35A0459I303 is -7.75788 over 498 frames.
M07UP36A0825I301 lakhanauu 
LOG (gmm-latgen-faster:DecodeUtteranceLatticeFaster():decoder-wrappers.cc:285) Log-like per frame for utterance M07UP36A0825I301 is -8.09584 over 498 frames.
M07UP36A0825I40 kannouja 
LOG (gmm-latgen-faster:DecodeUtteranceLatticeFaster():decoder-wrappers.cc:285) Log-like per frame for utterance M07UP36A0825I40 is -7.90216 over 298 frames.
M07UP36A0827I300 hardoii 
LOG (gmm-latgen-faster:DecodeUtteranceLatticeFaster():decoder-wrappers.cc:285) Log-like per frame for utterance M07UP36A0827I300 is -7.37964 over 498 frames.
M07UP36A0829I302 sandxiilaa 
LOG (gmm-latgen-faster:DecodeUtteranceLatticeFaster():decoder-wrappers.cc:285) Log-like per frame for utterance M07UP36A0829I302 is -8.05602 over 498 frames.
M07UP36A0832I302 sandxiilaa 
LOG (gmm-latgen-faster:DecodeUtteranceLatticeFaster():decoder-wrappers.cc:285) Log-like per frame for utterance M07UP36A0832I302 is -8.22579 over 498 frames.
M07UP36A0840I41 baaraabankii 
LOG (gmm-latgen-faster:DecodeUtteranceLatticeFaster():decoder-wrappers.cc:285) Log-like per frame for utterance M07UP36A0840I41 is -7.4583 over 298 frames.
M07UP37A0301I42 kaalpii 
LOG (gmm-latgen-faster:DecodeUtteranceLatticeFaster():decoder-wrappers.cc:285) Log-like per frame for utterance M07UP37A0301I42 is -7.12661 over 298 frames.
M07UP37A0302I45 haatharasa 
LOG (gmm-latgen-faster:DecodeUtteranceLatticeFaster():decoder-wrappers.cc:285) Log-like per frame for utterance M07UP37A0302I45 is -8.89255 over 298 frames.
M07UP37A0306I47 daataaganja 
LOG (gmm-latgen-faster:DecodeUtteranceLatticeFaster():decoder-wrappers.cc:285) Log-like per frame for utterance M07UP37A0306I47 is -8.94035 over 298 frames.
M07UP37A0307I303 haatharasa 
LOG (gmm-latgen-faster:DecodeUtteranceLatticeFaster():decoder-wrappers.cc:285) Log-like per frame for utterance M07UP37A0307I303 is -8.48559 over 498 frames.
M07UP37A0309I40 sikohaabaada 
LOG (gmm-latgen-faster:DecodeUtteranceLatticeFaster():decoder-wrappers.cc:285) Log-like per frame for utterance M07UP37A0309I40 is -9.17083 over 298 frames.
M07UP37A0309I44 kaasaganja 
LOG (gmm-latgen-faster:DecodeUtteranceLatticeFaster():decoder-wrappers.cc:285) Log-like per frame for utterance M07UP37A0309I44 is -8.77411 over 300 frames.
M07UP37A0311I43 aliigadxhqa 
LOG (gmm-latgen-faster:DecodeUtteranceLatticeFaster():decoder-wrappers.cc:285) Log-like per frame for utterance M07UP37A0311I43 is -7.99385 over 298 frames.
M07UP37A0311I44 awaagadxhqa 
LOG (gmm-latgen-faster:DecodeUtteranceLatticeFaster():decoder-wrappers.cc:285) Log-like per frame for utterance M07UP37A0311I44 is -7.88955 over 298 frames.
M07UP37A0311I48 aagaraa 
LOG (gmm-latgen-faster:DecodeUtteranceLatticeFaster():decoder-wrappers.cc:285) Log-like per frame for utterance M07UP37A0311I48 is -7.20218 over 300 frames.
M07UP37A0313I427 siyaanaa 
LOG (gmm-latgen-faster:DecodeUtteranceLatticeFaster():decoder-wrappers.cc:285) Log-like per frame for utterance M07UP37A0313I427 is -8.15331 over 298 frames.
M07UP37A0314I300 haatharasa 
LOG (gmm-latgen-faster:DecodeUtteranceLatticeFaster():decoder-wrappers.cc:285) Log-like per frame for utterance M07UP37A0314I300 is -8.66609 over 498 frames.
M07UP37A0316I305 haatharasa 
LOG (gmm-latgen-faster:DecodeUtteranceLatticeFaster():decoder-wrappers.cc:285) Log-like per frame for utterance M07UP37A0316I305 is -8.97321 over 498 frames.
M07UP37A0317I47 pharrukhaabaada 
LOG (gmm-latgen-faster:DecodeUtteranceLatticeFaster():decoder-wrappers.cc:285) Log-like per frame for utterance M07UP37A0317I47 is -7.82806 over 298 frames.
M07UP37A0317I48 ghiroura 
LOG (gmm-latgen-faster:DecodeUtteranceLatticeFaster():decoder-wrappers.cc:285) Log-like per frame for utterance M07UP37A0317I48 is -8.93549 over 298 frames.
M07UP37A0319I301 aliigadxhqa 
LOG (gmm-latgen-faster:DecodeUtteranceLatticeFaster():decoder-wrappers.cc:285) Log-like per frame for utterance M07UP37A0319I301 is -8.99744 over 498 frames.
M07UP38A0103I43 baruaasaagara 
LOG (gmm-latgen-faster:DecodeUtteranceLatticeFaster():decoder-wrappers.cc:285) Log-like per frame for utterance M07UP38A0103I43 is -7.96237 over 298 frames.
M07UP38A0107I43 raatxha 
LOG (gmm-latgen-faster:DecodeUtteranceLatticeFaster():decoder-wrappers.cc:285) Log-like per frame for utterance M07UP38A0107I43 is -8.15524 over 298 frames.
M07UP39A0774I301 waaraanxasxii 
LOG (gmm-latgen-faster:DecodeUtteranceLatticeFaster():decoder-wrappers.cc:285) Log-like per frame for utterance M07UP39A0774I301 is -7.36326 over 498 frames.
M07UP39A0776I302 raamapura 
LOG (gmm-latgen-faster:DecodeUtteranceLatticeFaster():decoder-wrappers.cc:285) Log-like per frame for utterance M07UP39A0776I302 is -7.35796 over 498 frames.
M07UP39A0777I300 jounapura 
LOG (gmm-latgen-faster:DecodeUtteranceLatticeFaster():decoder-wrappers.cc:285) Log-like per frame for utterance M07UP39A0777I300 is -7.72765 over 498 frames.
M07UP39A0777I423 mauu 
LOG (gmm-latgen-faster:DecodeUtteranceLatticeFaster():decoder-wrappers.cc:285) Log-like per frame for utterance M07UP39A0777I423 is -7.35287 over 298 frames.
M07UP39A0778I303 kadauraa 
LOG (gmm-latgen-faster:DecodeUtteranceLatticeFaster():decoder-wrappers.cc:285) Log-like per frame for utterance M07UP39A0778I303 is -8.20644 over 498 frames.
M07UP39A0781I501 uraii 
LOG (gmm-latgen-faster:DecodeUtteranceLatticeFaster():decoder-wrappers.cc:285) Log-like per frame for utterance M07UP39A0781I501 is -7.9073 over 398 frames.
M07UP41A0273I301 pharrukhaabaada 
LOG (gmm-latgen-faster:DecodeUtteranceLatticeFaster():decoder-wrappers.cc:285) Log-like per frame for utterance M07UP41A0273I301 is -9.17633 over 498 frames.
M07UP41A0273I47 siitaapura 
LOG (gmm-latgen-faster:DecodeUtteranceLatticeFaster():decoder-wrappers.cc:285) Log-like per frame for utterance M07UP41A0273I47 is -8.33224 over 298 frames.
M07UP41A0275I300 kannouja 
LOG (gmm-latgen-faster:DecodeUtteranceLatticeFaster():decoder-wrappers.cc:285) Log-like per frame for utterance M07UP41A0275I300 is -7.4902 over 498 frames.
M07UP41A0277I300 kannouja 
LOG (gmm-latgen-faster:DecodeUtteranceLatticeFaster():decoder-wrappers.cc:285) Log-like per frame for utterance M07UP41A0277I300 is -8.28266 over 498 frames.
M07UP41A0277I43 baangaramauu 
LOG (gmm-latgen-faster:DecodeUtteranceLatticeFaster():decoder-wrappers.cc:285) Log-like per frame for utterance M07UP41A0277I43 is -8.75204 over 298 frames.
M07UP41A0279I301 pharrukhaabaada 
LOG (gmm-latgen-faster:DecodeUtteranceLatticeFaster():decoder-wrappers.cc:285) Log-like per frame for utterance M07UP41A0279I301 is -8.19308 over 498 frames.
M07UP41A0279I302 kannouja 
LOG (gmm-latgen-faster:DecodeUtteranceLatticeFaster():decoder-wrappers.cc:285) Log-like per frame for utterance M07UP41A0279I302 is -7.90429 over 498 frames.
M07UP41A0279I47 kaanapuradeehaata 
LOG (gmm-latgen-faster:DecodeUtteranceLatticeFaster():decoder-wrappers.cc:285) Log-like per frame for utterance M07UP41A0279I47 is -9.02316 over 298 frames.
M07UP41A0280I42 beewara 
LOG (gmm-latgen-faster:DecodeUtteranceLatticeFaster():decoder-wrappers.cc:285) Log-like per frame for utterance M07UP41A0280I42 is -7.99946 over 298 frames.
M07UP41A0280I45 jangiipura 
LOG (gmm-latgen-faster:DecodeUtteranceLatticeFaster():decoder-wrappers.cc:285) Log-like per frame for utterance M07UP41A0280I45 is -8.77474 over 298 frames.
M07UP41A0283I48 itxaawaa 
LOG (gmm-latgen-faster:DecodeUtteranceLatticeFaster():decoder-wrappers.cc:285) Log-like per frame for utterance M07UP41A0283I48 is -7.27434 over 298 frames.
M07UP41A0289I303 kannouja 
LOG (gmm-latgen-faster:DecodeUtteranceLatticeFaster():decoder-wrappers.cc:285) Log-like per frame for utterance M07UP41A0289I303 is -8.10224 over 498 frames.
M07UP41A0289I44 beewara 
LOG (gmm-latgen-faster:DecodeUtteranceLatticeFaster():decoder-wrappers.cc:285) Log-like per frame for utterance M07UP41A0289I44 is -7.72133 over 300 frames.
M07UP41A0290I47 unnaanwa 
LOG (gmm-latgen-faster:DecodeUtteranceLatticeFaster():decoder-wrappers.cc:285) Log-like per frame for utterance M07UP41A0290I47 is -7.87218 over 298 frames.
M07UP41A0291I43 kamalaaganja 
LOG (gmm-latgen-faster:DecodeUtteranceLatticeFaster():decoder-wrappers.cc:285) Log-like per frame for utterance M07UP41A0291I43 is -7.47685 over 298 frames.
M07UP41A0291I46 pharrukhaabaada 
LOG (gmm-latgen-faster:DecodeUtteranceLatticeFaster():decoder-wrappers.cc:285) Log-like per frame for utterance M07UP41A0291I46 is -7.81119 over 298 frames.
M07UP42A0111I46 kannouja 
LOG (gmm-latgen-faster:DecodeUtteranceLatticeFaster():decoder-wrappers.cc:285) Log-like per frame for utterance M07UP42A0111I46 is -7.69001 over 298 frames.
M07UP42A0116I430 wariipaala 
LOG (gmm-latgen-faster:DecodeUtteranceLatticeFaster():decoder-wrappers.cc:285) Log-like per frame for utterance M07UP42A0116I430 is -8.46374 over 298 frames.
M07UP42A0117I419 pukharaanyaan 
LOG (gmm-latgen-faster:DecodeUtteranceLatticeFaster():decoder-wrappers.cc:285) Log-like per frame for utterance M07UP42A0117I419 is -7.88071 over 298 frames.
M07UP42A0117I423 dxibiyaapura 
LOG (gmm-latgen-faster:DecodeUtteranceLatticeFaster():decoder-wrappers.cc:285) Log-like per frame for utterance M07UP42A0117I423 is -8.36282 over 298 frames.
M07UP42A0119I300 kaanapuradeehaata 
LOG (gmm-latgen-faster:DecodeUtteranceLatticeFaster():decoder-wrappers.cc:285) Log-like per frame for utterance M07UP42A0119I300 is -8.5642 over 498 frames.
M07UP42A0119I46 kannouja 
LOG (gmm-latgen-faster:DecodeUtteranceLatticeFaster():decoder-wrappers.cc:285) Log-like per frame for utterance M07UP42A0119I46 is -8.6425 over 298 frames.
M07UP42A0120I418 hamiirapura 
LOG (gmm-latgen-faster:DecodeUtteranceLatticeFaster():decoder-wrappers.cc:285) Log-like per frame for utterance M07UP42A0120I418 is -8.04502 over 298 frames.
M07UP42A0120I424 uttariipuraa 
LOG (gmm-latgen-faster:DecodeUtteranceLatticeFaster():decoder-wrappers.cc:285) Log-like per frame for utterance M07UP42A0120I424 is -8.0494 over 298 frames.
M07UP42A0120I429 maadhougadxhqa 
LOG (gmm-latgen-faster:DecodeUtteranceLatticeFaster():decoder-wrappers.cc:285) Log-like per frame for utterance M07UP42A0120I429 is -8.46514 over 298 frames.
M07UP42A0122I302 ouraiyaa 
LOG (gmm-latgen-faster:DecodeUtteranceLatticeFaster():decoder-wrappers.cc:285) Log-like per frame for utterance M07UP42A0122I302 is -8.26496 over 498 frames.
M07UP42A0122I424 wariipaala 
LOG (gmm-latgen-faster:DecodeUtteranceLatticeFaster():decoder-wrappers.cc:285) Log-like per frame for utterance M07UP42A0122I424 is -8.58187 over 298 frames.
M07UP42A0122I46 hamiirapura 
LOG (gmm-latgen-faster:DecodeUtteranceLatticeFaster():decoder-wrappers.cc:285) Log-like per frame for utterance M07UP42A0122I46 is -8.38643 over 298 frames.
LOG (apply-cmvn:main():apply-cmvn.cc:146) Applied cepstral mean normalization to 184 utterances, errors on 0
M07UP42A0123I42 jaalouna 
LOG (gmm-latgen-faster:DecodeUtteranceLatticeFaster():decoder-wrappers.cc:285) Log-like per frame for utterance M07UP42A0123I42 is -8.36257 over 298 frames.
M07UP42A0123I424 dxibiyaapura 
LOG (gmm-latgen-faster:DecodeUtteranceLatticeFaster():decoder-wrappers.cc:285) Log-like per frame for utterance M07UP42A0123I424 is -8.67336 over 298 frames.
M07UP42A0124I45 chibaraamauu 
LOG (gmm-latgen-faster:DecodeUtteranceLatticeFaster():decoder-wrappers.cc:285) Log-like per frame for utterance M07UP42A0124I45 is -8.01586 over 298 frames.
M07UP42A0126I437 ouraiyaa 
LOG (gmm-latgen-faster:DecodeUtteranceLatticeFaster():decoder-wrappers.cc:285) Log-like per frame for utterance M07UP42A0126I437 is -8.49757 over 298 frames.
M07UP43A0148I300 shaahapura 
LOG (gmm-latgen-faster:DecodeUtteranceLatticeFaster():decoder-wrappers.cc:285) Log-like per frame for utterance M07UP43A0148I300 is -8.85903 over 498 frames.
M07UP43A0151I42 ouraiyaa 
LOG (gmm-latgen-faster:DecodeUtteranceLatticeFaster():decoder-wrappers.cc:285) Log-like per frame for utterance M07UP43A0151I42 is -9.0472 over 298 frames.
LOG (gmm-latgen-faster:main():gmm-latgen-faster.cc:175) Time taken 158.897s: real-time factor assuming 100 frames/sec is 0.228793
LOG (gmm-latgen-faster:main():gmm-latgen-faster.cc:178) Done 184 utterances, failed for 0
LOG (gmm-latgen-faster:main():gmm-latgen-faster.cc:180) Overall log-likelihood per frame is -8.13191 over 69450 frames.
# Accounting: time=159 threads=1
# Ended (code 0) at Thu Jul 21 14:54:51 IST 2016, elapsed time 159 seconds
