# gunzip -c exp/tri1_1600_25600/decode/depth_stats_tmp.*.gz | steps/diagnostic/analyze_lattice_depth_stats.py exp/tri1_1600_25600/graph 
# Started at Thu Jul 21 03:09:23 IST 2016
#
The total amount of data analyzed assuming 100 frames per second is 4.3 hours
Overall, lattice depth (10,50,90-percentile)=(1,1,2) and mean=1.7
Phone SIL accounts for 77.8% of frames, with lattice depth (10,50,90-percentile)=(1,1,2) and mean=1.7
Nonsilence phones as a group account for 22.2% of frames, with lattice depth (10,50,90-percentile)=(1,1,2) and mean=1.4
Phone a_I accounts for 1.8% of frames, with lattice depth (10,50,90-percentile)=(1,1,2) and mean=1.4
Phone ii_E accounts for 1.7% of frames, with lattice depth (10,50,90-percentile)=(1,1,4) and mean=1.7
Phone aa_E accounts for 1.5% of frames, with lattice depth (10,50,90-percentile)=(1,1,2) and mean=1.3
Phone aa_I accounts for 1.5% of frames, with lattice depth (10,50,90-percentile)=(1,1,2) and mean=1.3
Phone r_E accounts for 1.1% of frames, with lattice depth (10,50,90-percentile)=(1,1,2) and mean=1.8
Phone uu_E accounts for 0.9% of frames, with lattice depth (10,50,90-percentile)=(1,1,2) and mean=1.3
Phone ee_I accounts for 0.8% of frames, with lattice depth (10,50,90-percentile)=(1,1,2) and mean=1.3
Phone l_I accounts for 0.7% of frames, with lattice depth (10,50,90-percentile)=(1,1,2) and mean=1.5
Phone n_I accounts for 0.6% of frames, with lattice depth (10,50,90-percentile)=(1,1,2) and mean=1.5
Phone aa_B accounts for 0.5% of frames, with lattice depth (10,50,90-percentile)=(1,1,2) and mean=1.4
Phone n_E accounts for 0.5% of frames, with lattice depth (10,50,90-percentile)=(1,1,2) and mean=1.3
Phone l_E accounts for 0.5% of frames, with lattice depth (10,50,90-percentile)=(1,1,2) and mean=1.8
Phone uu_I accounts for 0.5% of frames, with lattice depth (10,50,90-percentile)=(1,1,2) and mean=1.4
# Accounting: time=0 threads=1
# Ended (code 0) at Thu Jul 21 03:09:23 IST 2016, elapsed time 0 seconds
