# lattice-scale --inv-acoustic-scale=19 "ark:gunzip -c exp/tri2_1600_25600/decode/lat.*.gz|" ark:- | lattice-add-penalty --word-ins-penalty=0.0 ark:- ark:- | lattice-best-path --word-symbol-table=exp/tri2_1600_25600/graph/words.txt ark:- ark,t:- | utils/int2sym.pl -f 2- exp/tri2_1600_25600/graph/words.txt | cat > exp/tri2_1600_25600/decode/scoring_kaldi/penalty_0.0/19.txt 
# Started at Mon Jul 25 02:14:39 IST 2016
#
lattice-add-penalty --word-ins-penalty=0.0 ark:- ark:- 
lattice-best-path --word-symbol-table=exp/tri2_1600_25600/graph/words.txt ark:- ark,t:- 
lattice-scale --inv-acoustic-scale=19 'ark:gunzip -c exp/tri2_1600_25600/decode/lat.*.gz|' ark:- 
LOG (lattice-best-path:main():lattice-best-path.cc:99) For utterance F07UP02A0332I42, best cost 16.8681 + 820.848 = 837.716 over 300 frames.
F07UP02A0332I42 chatarapura 
LOG (lattice-best-path:main():lattice-best-path.cc:99) For utterance F07UP02A0332I43, best cost 16.5298 + 750.669 = 767.199 over 298 frames.
F07UP02A0332I43 badxqawaanii 
LOG (lattice-best-path:main():lattice-best-path.cc:99) For utterance F07UP06A0432I42, best cost 20.8422 + 640.399 = 661.241 over 300 frames.
F07UP06A0432I42 dhaara 
LOG (lattice-best-path:main():lattice-best-path.cc:99) For utterance F07UP07A0094I427, best cost 13.6744 + 712.387 = 726.062 over 298 frames.
F07UP07A0094I427 umariyaa 
LOG (lattice-best-path:main():lattice-best-path.cc:99) For utterance F07UP07A0096I44, best cost 20.9986 + 856.494 = 877.493 over 298 frames.
F07UP07A0096I44 gunaa 
LOG (lattice-best-path:main():lattice-best-path.cc:99) For utterance F07UP09A0491I46, best cost 12.1605 + 859.426 = 871.587 over 298 frames.
F07UP09A0491I46 shaajaapura 
LOG (lattice-best-path:main():lattice-best-path.cc:99) For utterance F07UP11A1331I301, best cost 15.2898 + 1073.86 = 1089.15 over 498 frames.
F07UP11A1331I301 shaajaapura 
LOG (lattice-best-path:main():lattice-best-path.cc:99) For utterance F07UP19A0344I46, best cost 18.4882 + 650.818 = 669.306 over 298 frames.
F07UP19A0344I46 saagara 
LOG (lattice-best-path:main():lattice-best-path.cc:99) For utterance F07UP21A0612I41, best cost 16.4321 + 706.092 = 722.524 over 298 frames.
F07UP21A0612I41 ratalaama 
LOG (lattice-best-path:main():lattice-best-path.cc:99) For utterance F07UP22A1336I429, best cost 13.9289 + 758.546 = 772.475 over 298 frames.
F07UP22A1336I429 datiyaa 
LOG (lattice-best-path:main():lattice-best-path.cc:99) For utterance F07UP22A1336I501, best cost 14.9439 + 925.339 = 940.283 over 398 frames.
F07UP22A1336I501 umariyaa 
LOG (lattice-best-path:main():lattice-best-path.cc:99) For utterance F07UP22A1343I301, best cost 13.3945 + 1074.45 = 1087.85 over 498 frames.
F07UP22A1343I301 burahaanapura 
LOG (lattice-best-path:main():lattice-best-path.cc:99) For utterance F07UP22A1343I47, best cost 13.518 + 873.913 = 887.431 over 298 frames.
F07UP22A1343I47 siihoura 
LOG (lattice-best-path:main():lattice-best-path.cc:99) For utterance F07UP22A1345I47, best cost 14.6727 + 666.478 = 681.151 over 298 frames.
F07UP22A1345I47 niimaca 
LOG (lattice-best-path:main():lattice-best-path.cc:99) For utterance F07UP22A1346I435, best cost 21.7738 + 851.652 = 873.426 over 300 frames.
F07UP22A1346I435 jabalapura 
LOG (lattice-best-path:main():lattice-best-path.cc:99) For utterance F07UP23A0248I41, best cost 10.5487 + 960.15 = 970.699 over 298 frames.
F07UP23A0248I41 saagara 
LOG (lattice-best-path:main():lattice-best-path.cc:99) For utterance F07UP24A0182I302, best cost 16.0646 + 1414.79 = 1430.86 over 498 frames.
F07UP24A0182I302 riiwaa 
LOG (lattice-best-path:main():lattice-best-path.cc:99) For utterance F07UP24A0182I41, best cost 13.8516 + 904.026 = 917.877 over 298 frames.
F07UP24A0182I41 shiwapurii 
LOG (lattice-best-path:main():lattice-best-path.cc:99) For utterance F07UP24A0183I302, best cost 12.4621 + 1574.25 = 1586.71 over 498 frames.
F07UP24A0183I302 bhindxa 
LOG (lattice-best-path:main():lattice-best-path.cc:99) For utterance F07UP24A0183I47, best cost 13.7757 + 842.821 = 856.597 over 298 frames.
F07UP24A0183I47 ashokanagara 
LOG (lattice-best-path:main():lattice-best-path.cc:99) For utterance F07UP25A1212I41, best cost 11.6949 + 945.849 = 957.544 over 298 frames.
F07UP25A1212I41 mureinaa 
LOG (lattice-best-path:main():lattice-best-path.cc:99) For utterance F07UP25A1215I42, best cost 17.5971 + 850.651 = 868.249 over 298 frames.
F07UP25A1215I42 raajagadxhqa 
LOG (lattice-best-path:main():lattice-best-path.cc:99) For utterance F07UP26A0256I43, best cost 13.3185 + 846.194 = 859.512 over 298 frames.
F07UP26A0256I43 mandxalaa 
LOG (lattice-best-path:main():lattice-best-path.cc:99) For utterance F07UP28A0226I300, best cost 15.632 + 1550.61 = 1566.25 over 498 frames.
F07UP28A0226I300 shaajaapura 
LOG (lattice-best-path:main():lattice-best-path.cc:99) For utterance F07UP28A0226I45, best cost 12.1106 + 907.993 = 920.104 over 298 frames.
F07UP28A0226I45 deewaasa 
LOG (lattice-best-path:main():lattice-best-path.cc:99) For utterance F07UP28A0227I301, best cost 21.5373 + 1513.34 = 1534.87 over 498 frames.
F07UP28A0227I301 mureinaa 
LOG (lattice-best-path:main():lattice-best-path.cc:99) For utterance F07UP28A0228I303, best cost 13.2515 + 1619.11 = 1632.37 over 498 frames.
F07UP28A0228I303 hoshangaabaada 
LOG (lattice-best-path:main():lattice-best-path.cc:99) For utterance F07UP29A0523I41, best cost 15.3846 + 767.666 = 783.05 over 298 frames.
F07UP29A0523I41 siidhii 
LOG (lattice-best-path:main():lattice-best-path.cc:99) For utterance F07UP29A0523I44, best cost 15.2177 + 703.41 = 718.628 over 298 frames.
F07UP29A0523I44 katxanii 
LOG (lattice-best-path:main():lattice-best-path.cc:99) For utterance F07UP31A1293I42, best cost 15.619 + 915.045 = 930.664 over 298 frames.
F07UP31A1293I42 datiyaa 
LOG (lattice-best-path:main():lattice-best-path.cc:99) For utterance F07UP34A0567I44, best cost 14.5046 + 772.795 = 787.299 over 300 frames.
F07UP34A0567I44 narasinghapura 
LOG (lattice-best-path:main():lattice-best-path.cc:99) For utterance F07UP35A0453I300, best cost 24.2732 + 1134.58 = 1158.85 over 498 frames.
F07UP35A0453I300 burahaanapura 
LOG (lattice-best-path:main():lattice-best-path.cc:99) For utterance F07UP37A0304I300, best cost 18.5384 + 1135.4 = 1153.94 over 498 frames.
F07UP37A0304I300 haradaa 
LOG (lattice-best-path:main():lattice-best-path.cc:99) For utterance F07UP38A0101I41, best cost 13.6843 + 845.506 = 859.19 over 298 frames.
F07UP38A0101I41 mandxalaa 
LOG (lattice-best-path:main():lattice-best-path.cc:99) For utterance F07UP41A0286I40, best cost 11.5508 + 613.581 = 625.131 over 298 frames.
F07UP41A0286I40 dhaara 
LOG (lattice-best-path:main():lattice-best-path.cc:99) For utterance F07UP41A0286I42, best cost 9.07309 + 528.419 = 537.492 over 298 frames.
F07UP41A0286I42 kharagona 
LOG (lattice-best-path:main():lattice-best-path.cc:99) For utterance F07UP52A0208I44, best cost 12.1123 + 883.475 = 895.587 over 298 frames.
F07UP52A0208I44 dhaara 
LOG (lattice-best-path:main():lattice-best-path.cc:99) For utterance F07UP54A1284I430, best cost 14.1347 + 734.522 = 748.657 over 298 frames.
F07UP54A1284I430 aliraajapura 
LOG (lattice-best-path:main():lattice-best-path.cc:99) For utterance F07UP57A0408I41, best cost 11.1773 + 879.509 = 890.686 over 298 frames.
F07UP57A0408I41 siidhii 
LOG (lattice-best-path:main():lattice-best-path.cc:99) For utterance F07UP60A0943I300, best cost 25.2892 + 1500.48 = 1525.77 over 498 frames.
F07UP60A0943I300 saagara 
LOG (lattice-best-path:main():lattice-best-path.cc:99) For utterance F07UP60A0944I303, best cost 16.5486 + 1034.88 = 1051.43 over 498 frames.
F07UP60A0944I303 anuupapura 
LOG (lattice-best-path:main():lattice-best-path.cc:99) For utterance F07UP60A0949I300, best cost 27.153 + 1210.7 = 1237.85 over 498 frames.
F07UP60A0949I300 shiwapurii 
LOG (lattice-best-path:main():lattice-best-path.cc:99) For utterance F07UP60A0949I302, best cost 25.712 + 1058.71 = 1084.42 over 498 frames.
F07UP60A0949I302 singaroulii 
LOG (lattice-best-path:main():lattice-best-path.cc:99) For utterance F07UP60A0949I303, best cost 22.8625 + 1057.33 = 1080.19 over 498 frames.
F07UP60A0949I303 anuupapura 
LOG (lattice-best-path:main():lattice-best-path.cc:99) For utterance F07UP60A0953I41, best cost 15.6035 + 669.83 = 685.434 over 298 frames.
F07UP60A0953I41 datiyaa 
LOG (lattice-best-path:main():lattice-best-path.cc:99) For utterance F07UP60A0962I427, best cost 17.3805 + 782.175 = 799.556 over 298 frames.
F07UP60A0962I427 burahaanapura 
LOG (lattice-best-path:main():lattice-best-path.cc:99) For utterance F07UP60A0963I46, best cost 18.2046 + 874.857 = 893.062 over 298 frames.
F07UP60A0963I46 shiwapurii 
LOG (lattice-best-path:main():lattice-best-path.cc:99) For utterance F07UP64A0395I300, best cost 23.2113 + 1216.19 = 1239.4 over 498 frames.
F07UP64A0395I300 kharagona 
LOG (lattice-best-path:main():lattice-best-path.cc:99) For utterance F07UP64A0397I301, best cost 17.5742 + 1444.1 = 1461.67 over 498 frames.
F07UP64A0397I301 datiyaa 
LOG (lattice-best-path:main():lattice-best-path.cc:99) For utterance F07UP64A0402I41, best cost 16.4267 + 731.907 = 748.333 over 298 frames.
F07UP64A0402I41 haradaa 
LOG (lattice-best-path:main():lattice-best-path.cc:99) For utterance F07UP72A0728I300, best cost 18.2942 + 1416.93 = 1435.23 over 498 frames.
F07UP72A0728I300 siwanii 
LOG (lattice-best-path:main():lattice-best-path.cc:99) For utterance F07UP75A0756I300, best cost 26.7848 + 1204.23 = 1231.01 over 498 frames.
F07UP75A0756I300 shahadxola 
LOG (lattice-best-path:main():lattice-best-path.cc:99) For utterance F07UP75A0763I435, best cost 11.5383 + 662.675 = 674.213 over 300 frames.
F07UP75A0763I435 narasinghapura 
LOG (lattice-best-path:main():lattice-best-path.cc:99) For utterance M07UP01A0057I427, best cost 15.3832 + 958.393 = 973.776 over 298 frames.
M07UP01A0057I427 saagara 
LOG (lattice-best-path:main():lattice-best-path.cc:99) For utterance M07UP01A0062I412, best cost 11.8983 + 860.46 = 872.358 over 298 frames.
M07UP01A0062I412 saagara 
LOG (lattice-best-path:main():lattice-best-path.cc:99) For utterance M07UP01A0062I45, best cost 18.0897 + 727.594 = 745.684 over 300 frames.
M07UP01A0062I45 datiyaa 
LOG (lattice-best-path:main():lattice-best-path.cc:99) For utterance M07UP01A0063I43, best cost 10.9643 + 907.821 = 918.785 over 298 frames.
M07UP01A0063I43 saagara 
LOG (lattice-best-path:main():lattice-best-path.cc:99) For utterance M07UP01A0069I413, best cost 13.6682 + 783.054 = 796.722 over 298 frames.
M07UP01A0069I413 siwanii 
LOG (lattice-best-path:main():lattice-best-path.cc:99) For utterance M07UP01A0160I420, best cost 14.1323 + 768.698 = 782.83 over 298 frames.
M07UP01A0160I420 jabalapura 
LOG (lattice-best-path:main():lattice-best-path.cc:99) For utterance M07UP01A0160I430, best cost 13.7975 + 838.917 = 852.714 over 298 frames.
M07UP01A0160I430 umariyaa 
LOG (lattice-best-path:main():lattice-best-path.cc:99) For utterance M07UP01A0160I47, best cost 12.4485 + 880.961 = 893.409 over 298 frames.
M07UP01A0160I47 satanaa 
LOG (lattice-best-path:main():lattice-best-path.cc:99) For utterance M07UP02A0321I47, best cost 14.5012 + 759.436 = 773.938 over 300 frames.
M07UP02A0321I47 indoura 
LOG (lattice-best-path:main():lattice-best-path.cc:99) For utterance M07UP02A0323I300, best cost 12.0551 + 1180.57 = 1192.62 over 498 frames.
M07UP02A0323I300 siihoura 
LOG (lattice-best-path:main():lattice-best-path.cc:99) For utterance M07UP02A0325I43, best cost 14.3319 + 903.851 = 918.183 over 298 frames.
M07UP02A0325I43 bhindxa 
LOG (lattice-best-path:main():lattice-best-path.cc:99) For utterance M07UP02A0329I43, best cost 15.8591 + 668.397 = 684.256 over 298 frames.
M07UP02A0329I43 haradaa 
LOG (lattice-best-path:main():lattice-best-path.cc:99) For utterance M07UP02A0330I303, best cost 16.7337 + 1029.14 = 1045.88 over 498 frames.
M07UP02A0330I303 siihoura 
LOG (lattice-best-path:main():lattice-best-path.cc:99) For utterance M07UP02A0333I45, best cost 19.4394 + 753.324 = 772.763 over 298 frames.
M07UP02A0333I45 satanaa 
LOG (lattice-best-path:main():lattice-best-path.cc:99) For utterance M07UP02A0335I301, best cost 19.5084 + 1408.39 = 1427.9 over 498 frames.
M07UP02A0335I301 siwanii 
LOG (lattice-best-path:main():lattice-best-path.cc:99) For utterance M07UP02A0336I44, best cost 14.1198 + 777.126 = 791.246 over 290 frames.
M07UP02A0336I44 gunaa 
LOG (lattice-best-path:main():lattice-best-path.cc:99) For utterance M07UP02A0337I41, best cost 17.1115 + 894.097 = 911.208 over 298 frames.
M07UP02A0337I41 riiwaa 
LOG (lattice-best-path:main():lattice-best-path.cc:99) For utterance M07UP02A0337I44, best cost 13.9001 + 669.54 = 683.44 over 298 frames.
M07UP02A0337I44 datiyaa 
LOG (lattice-best-path:main():lattice-best-path.cc:99) For utterance M07UP04A1227I45, best cost 13.7548 + 850.202 = 863.957 over 298 frames.
M07UP04A1227I45 datiyaa 
LOG (lattice-best-path:main():lattice-best-path.cc:99) For utterance M07UP04A1230I303, best cost 39.2303 + 1252.4 = 1291.63 over 498 frames.
M07UP04A1230I303 chatarapura 
LOG (lattice-best-path:main():lattice-best-path.cc:99) For utterance M07UP04A1235I41, best cost 15.8703 + 869.372 = 885.242 over 298 frames.
M07UP04A1235I41 txikamagadxhq 
LOG (lattice-best-path:main():lattice-best-path.cc:99) For utterance M07UP04A1235I46, best cost 16.8331 + 650.734 = 667.567 over 298 frames.
M07UP04A1235I46 raajagadxhqa 
LOG (lattice-best-path:main():lattice-best-path.cc:99) For utterance M07UP04A1236I303, best cost 23.039 + 1276.55 = 1299.59 over 498 frames.
M07UP04A1236I303 shaajaapura 
LOG (lattice-best-path:main():lattice-best-path.cc:99) For utterance M07UP04A1239I301, best cost 21.7011 + 1094.15 = 1115.85 over 498 frames.
M07UP04A1239I301 raajagadxhqa 
LOG (lattice-best-path:main():lattice-best-path.cc:99) For utterance M07UP04A1242I410, best cost 14.4834 + 778.824 = 793.307 over 298 frames.
M07UP04A1242I410 jabalapura 
LOG (lattice-best-path:main():lattice-best-path.cc:99) For utterance M07UP04A1243I300, best cost 24.3111 + 1443.9 = 1468.22 over 498 frames.
M07UP04A1243I300 txikamagadxhq 
LOG (lattice-best-path:main():lattice-best-path.cc:99) For utterance M07UP04A1243I435, best cost 20.3527 + 760.512 = 780.864 over 300 frames.
M07UP04A1243I435 chatarapura 
LOG (lattice-best-path:main():lattice-best-path.cc:99) For utterance M07UP04A1244I44, best cost 17.5346 + 969.309 = 986.844 over 298 frames.
M07UP04A1244I44 datiyaa 
LOG (lattice-best-path:main():lattice-best-path.cc:99) For utterance M07UP04A1245I48, best cost 18.3354 + 956.543 = 974.879 over 298 frames.
M07UP04A1245I48 siwanii 
LOG (lattice-best-path:main():lattice-best-path.cc:99) For utterance M07UP05A0903I43, best cost 19.9016 + 698.967 = 718.869 over 298 frames.
M07UP05A0903I43 kharagona 
LOG (lattice-best-path:main():lattice-best-path.cc:99) For utterance M07UP05A0910I300, best cost 19.3637 + 1021.83 = 1041.19 over 498 frames.
M07UP05A0910I300 siwanii 
LOG (lattice-best-path:main():lattice-best-path.cc:99) For utterance M07UP05A0911I42, best cost 16.8264 + 821.786 = 838.613 over 298 frames.
M07UP05A0911I42 badxqawaanii 
LOG (lattice-best-path:main():lattice-best-path.cc:99) For utterance M07UP05A0914I300, best cost 18.3862 + 1087.05 = 1105.44 over 498 frames.
M07UP05A0914I300 niimaca 
LOG (lattice-best-path:main():lattice-best-path.cc:99) For utterance M07UP05A0914I302, best cost 27.5531 + 1202.5 = 1230.05 over 498 frames.
M07UP05A0914I302 saagara 
LOG (lattice-best-path:main():lattice-best-path.cc:99) For utterance M07UP05A0915I301, best cost 12.4535 + 1110.25 = 1122.7 over 498 frames.
M07UP05A0915I301 chatarapura 
LOG (lattice-best-path:main():lattice-best-path.cc:99) For utterance M07UP05A0916I43, best cost 24.7874 + 771.645 = 796.432 over 298 frames.
M07UP05A0916I43 shiwapurii 
LOG (lattice-best-path:main():lattice-best-path.cc:99) For utterance M07UP05A0920I411, best cost 14.335 + 746.177 = 760.512 over 298 frames.
M07UP05A0920I411 chatarapura 
LOG (lattice-best-path:main():lattice-best-path.cc:99) For utterance M07UP06A0427I301, best cost 14.6167 + 823.372 = 837.989 over 498 frames.
M07UP06A0427I301 khandxawaa 
LOG (lattice-best-path:main():lattice-best-path.cc:99) For utterance M07UP06A0428I41, best cost 12.3439 + 852.186 = 864.53 over 298 frames.
M07UP06A0428I41 mureinaa 
LOG (lattice-best-path:main():lattice-best-path.cc:99) For utterance M07UP06A0429I411, best cost 14.9994 + 684.165 = 699.164 over 298 frames.
M07UP06A0429I411 umariyaa 
LOG (lattice-best-path:main():lattice-best-path.cc:99) For utterance M07UP06A0433I301, best cost 19.6667 + 1052.02 = 1071.68 over 498 frames.
M07UP06A0433I301 badxqawaanii 
LOG (lattice-best-path:main():lattice-best-path.cc:99) For utterance M07UP06A0433I40, best cost 16.2259 + 758.585 = 774.811 over 298 frames.
M07UP06A0433I40 chatarapura 
LOG (lattice-best-path:main():lattice-best-path.cc:99) For utterance M07UP06A0433I41, best cost 23.0829 + 844.886 = 867.969 over 298 frames.
M07UP06A0433I41 betuula 
LOG (lattice-best-path:main():lattice-best-path.cc:99) For utterance M07UP06A0437I42, best cost 12.3362 + 651.736 = 664.072 over 298 frames.
M07UP06A0437I42 badxqawaanii 
LOG (lattice-best-path:main():lattice-best-path.cc:99) For utterance M07UP06A0438I41, best cost 12.5762 + 738.214 = 750.79 over 298 frames.
M07UP06A0438I41 betuula 
LOG (lattice-best-path:main():lattice-best-path.cc:99) For utterance M07UP06A0442I41, best cost 14.9887 + 855.03 = 870.019 over 298 frames.
M07UP06A0442I41 damoha 
LOG (lattice-best-path:main():lattice-best-path.cc:99) For utterance M07UP06A0442I42, best cost 21.609 + 760.708 = 782.317 over 300 frames.
M07UP06A0442I42 saagara 
LOG (lattice-best-path:main():lattice-best-path.cc:99) For utterance M07UP06A0444I43, best cost 19.2985 + 655.536 = 674.834 over 298 frames.
M07UP06A0444I43 siihoura 
LOG (lattice-best-path:main():lattice-best-path.cc:99) For utterance M07UP06A0445I301, best cost 19.8288 + 1275.87 = 1295.69 over 490 frames.
M07UP06A0445I301 haradaa 
LOG (lattice-best-path:main():lattice-best-path.cc:99) For utterance M07UP06A0447I41, best cost 17.8009 + 683.528 = 701.328 over 298 frames.
M07UP06A0447I41 datiyaa 
LOG (lattice-best-path:main():lattice-best-path.cc:99) For utterance M07UP07A0134I42, best cost 12.4188 + 655.955 = 668.374 over 298 frames.
M07UP07A0134I42 niimaca 
LOG (lattice-best-path:main():lattice-best-path.cc:99) For utterance M07UP07A0134I436, best cost 14.4489 + 812.444 = 826.893 over 298 frames.
M07UP07A0134I436 umariyaa 
LOG (lattice-best-path:main():lattice-best-path.cc:99) For utterance M07UP07A0136I410, best cost 14.6809 + 879.078 = 893.759 over 298 frames.
M07UP07A0136I410 jabalapura 
LOG (lattice-best-path:main():lattice-best-path.cc:99) For utterance M07UP07A0136I438, best cost 21.765 + 861.853 = 883.618 over 298 frames.
M07UP07A0136I438 mureinaa 
LOG (lattice-best-path:main():lattice-best-path.cc:99) For utterance M07UP07A0138I414, best cost 8.52522 + 576.39 = 584.915 over 298 frames.
M07UP07A0138I414 gwaaliyara 
LOG (lattice-best-path:main():lattice-best-path.cc:99) For utterance M07UP07A0139I42, best cost 11.8631 + 797.141 = 809.004 over 298 frames.
M07UP07A0139I42 mureinaa 
LOG (lattice-best-path:main():lattice-best-path.cc:99) For utterance M07UP07A0142I43, best cost 12.6952 + 879.344 = 892.039 over 298 frames.
M07UP07A0142I43 satanaa 
LOG (lattice-best-path:main():lattice-best-path.cc:99) For utterance M07UP07A0143I45, best cost 15.9841 + 861.44 = 877.425 over 298 frames.
M07UP07A0143I45 aliraajapura 
LOG (lattice-best-path:main():lattice-best-path.cc:99) For utterance M07UP07A0145I436, best cost 14.011 + 644.556 = 658.567 over 298 frames.
M07UP07A0145I436 shaajaapura 
LOG (lattice-best-path:main():lattice-best-path.cc:99) For utterance M07UP09A0483I300, best cost 11.9475 + 1023.75 = 1035.7 over 498 frames.
M07UP09A0483I300 katxanii 
LOG (lattice-best-path:main():lattice-best-path.cc:99) For utterance M07UP09A0485I43, best cost 22.4099 + 765.506 = 787.916 over 298 frames.
M07UP09A0485I43 gwaaliyara 
LOG (lattice-best-path:main():lattice-best-path.cc:99) For utterance M07UP09A0488I43, best cost 10.9475 + 899.663 = 910.61 over 298 frames.
M07UP09A0488I43 gwaaliyara 
LOG (lattice-best-path:main():lattice-best-path.cc:99) For utterance M07UP09A0489I300, best cost 22.6716 + 1129.03 = 1151.71 over 498 frames.
M07UP09A0489I300 saagara 
LOG (lattice-best-path:main():lattice-best-path.cc:99) For utterance M07UP09A0490I301, best cost 19.1544 + 1011.09 = 1030.25 over 498 frames.
M07UP09A0490I301 siidhii 
LOG (lattice-best-path:main():lattice-best-path.cc:99) For utterance M07UP09A0494I300, best cost 19.0463 + 1079.4 = 1098.44 over 498 frames.
M07UP09A0494I300 jabalapura 
LOG (lattice-best-path:main():lattice-best-path.cc:99) For utterance M07UP09A0495I301, best cost 19.0332 + 1089.57 = 1108.6 over 498 frames.
M07UP09A0495I301 betuula 
LOG (lattice-best-path:main():lattice-best-path.cc:99) For utterance M07UP09A0495I41, best cost 19.2545 + 788.84 = 808.095 over 298 frames.
M07UP09A0495I41 mandasoura 
LOG (lattice-best-path:main():lattice-best-path.cc:99) For utterance M07UP09A0496I303, best cost 15.713 + 1044.02 = 1059.73 over 498 frames.
M07UP09A0496I303 raajagadxhqa 
LOG (lattice-best-path:main():lattice-best-path.cc:99) For utterance M07UP09A0499I43, best cost 11.8581 + 576.372 = 588.23 over 298 frames.
M07UP09A0499I43 bhindxa 
LOG (lattice-best-path:main():lattice-best-path.cc:99) For utterance M07UP09A0500I42, best cost 20.4095 + 842.49 = 862.899 over 298 frames.
M07UP09A0500I42 dhaara 
LOG (lattice-best-path:main():lattice-best-path.cc:99) For utterance M07UP09A0500I44, best cost 18.0442 + 677.979 = 696.023 over 298 frames.
M07UP09A0500I44 anuupapura 
LOG (lattice-best-path:main():lattice-best-path.cc:99) For utterance M07UP09A0503I301, best cost 12.5302 + 1248.56 = 1261.09 over 498 frames.
M07UP09A0503I301 niimaca 
LOG (lattice-best-path:main():lattice-best-path.cc:99) For utterance M07UP09A0505I300, best cost 21.8795 + 1428.07 = 1449.95 over 498 frames.
M07UP09A0505I300 burahaanapura 
LOG (lattice-best-path:main():lattice-best-path.cc:99) For utterance M07UP09A0505I504, best cost 15.6787 + 824.016 = 839.695 over 298 frames.
M07UP09A0505I504 datiyaa 
LOG (lattice-best-path:main():lattice-best-path.cc:99) For utterance M07UP11A1317I41, best cost 14.2305 + 663.958 = 678.188 over 298 frames.
M07UP11A1317I41 gunaa 
LOG (lattice-best-path:main():lattice-best-path.cc:99) For utterance M07UP11A1319I300, best cost 26.3218 + 1087.89 = 1114.21 over 498 frames.
M07UP11A1319I300 umariyaa 
LOG (lattice-best-path:main():lattice-best-path.cc:99) For utterance M07UP11A1328I301, best cost 29.1413 + 1085.85 = 1114.99 over 498 frames.
M07UP11A1328I301 shaajaapura 
LOG (lattice-best-path:main():lattice-best-path.cc:99) For utterance M07UP11A1337I301, best cost 14.8093 + 1080.26 = 1095.07 over 498 frames.
M07UP11A1337I301 shaajaapura 
LOG (lattice-best-path:main():lattice-best-path.cc:99) For utterance M07UP11A1349I303, best cost 23.5398 + 1357.83 = 1381.37 over 498 frames.
M07UP11A1349I303 siihoura 
LOG (lattice-best-path:main():lattice-best-path.cc:99) For utterance M07UP11A1351I302, best cost 24.5447 + 1163.23 = 1187.78 over 498 frames.
M07UP11A1351I302 umariyaa 
LOG (lattice-best-path:main():lattice-best-path.cc:99) For utterance M07UP11A1352I427, best cost 13.9598 + 680.312 = 694.272 over 298 frames.
M07UP11A1352I427 umariyaa 
LOG (lattice-best-path:main():lattice-best-path.cc:99) For utterance M07UP11A1352I429, best cost 14.5674 + 669.99 = 684.557 over 298 frames.
M07UP11A1352I429 burahaanapura 
LOG (lattice-best-path:main():lattice-best-path.cc:99) For utterance M07UP13A0882I300, best cost 18.4755 + 1374.35 = 1392.82 over 498 frames.
M07UP13A0882I300 badxqawaanii 
LOG (lattice-best-path:main():lattice-best-path.cc:99) For utterance M07UP13A0882I301, best cost 24.243 + 1433.28 = 1457.53 over 498 frames.
M07UP13A0882I301 ratalaama 
LOG (lattice-best-path:main():lattice-best-path.cc:99) For utterance M07UP13A0884I303, best cost 20.3883 + 1401.04 = 1421.43 over 498 frames.
M07UP13A0884I303 gwaaliyara 
LOG (lattice-best-path:main():lattice-best-path.cc:99) For utterance M07UP13A0888I41, best cost 15.5765 + 771.621 = 787.198 over 298 frames.
M07UP13A0888I41 mandxalaa 
LOG (lattice-best-path:main():lattice-best-path.cc:99) For utterance M07UP13A0889I41, best cost 20.6223 + 969.144 = 989.766 over 298 frames.
M07UP13A0889I41 haradaa 
LOG (lattice-best-path:main():lattice-best-path.cc:99) For utterance M07UP13A0890I43, best cost 15.491 + 1010.24 = 1025.73 over 298 frames.
M07UP13A0890I43 satanaa 
LOG (lattice-best-path:main():lattice-best-path.cc:99) For utterance M07UP13A0897I302, best cost 27.1058 + 1274.45 = 1301.56 over 498 frames.
M07UP13A0897I302 raajagadxhqa 
LOG (lattice-best-path:main():lattice-best-path.cc:99) For utterance M07UP13A0897I41, best cost 15.2083 + 757.692 = 772.9 over 298 frames.
M07UP13A0897I41 aliraajapura 
LOG (lattice-best-path:main():lattice-best-path.cc:99) For utterance M07UP13A0898I303, best cost 20.1948 + 1388.3 = 1408.49 over 498 frames.
M07UP13A0898I303 badxqawaanii 
LOG (lattice-best-path:main():lattice-best-path.cc:99) For utterance M07UP13A0900I436, best cost 14.6322 + 780.666 = 795.298 over 298 frames.
M07UP13A0900I436 anuupapura 
LOG (lattice-best-path:main():lattice-best-path.cc:99) For utterance M07UP14A0572I301, best cost 19.5368 + 1059.37 = 1078.91 over 498 frames.
M07UP14A0572I301 chatarapura 
LOG (lattice-best-path:main():lattice-best-path.cc:99) For utterance M07UP14A0576I41, best cost 20.3781 + 801.709 = 822.087 over 298 frames.
M07UP14A0576I41 badxqawaanii 
LOG (lattice-best-path:main():lattice-best-path.cc:99) For utterance M07UP14A0583I300, best cost 26.6399 + 1334.82 = 1361.45 over 498 frames.
M07UP14A0583I300 baalaaghaatxa 
LOG (lattice-best-path:main():lattice-best-path.cc:99) For utterance M07UP14A0588I41, best cost 14.7738 + 766.381 = 781.155 over 300 frames.
M07UP14A0588I41 khandxawaa 
LOG (lattice-best-path:main():lattice-best-path.cc:99) For utterance M07UP14A0590I300, best cost 17.6481 + 1126.15 = 1143.8 over 498 frames.
M07UP14A0590I300 baalaaghaatxa 
LOG (lattice-best-path:main():lattice-best-path.cc:99) For utterance M07UP14A0590I43, best cost 19.4258 + 776.364 = 795.79 over 298 frames.
M07UP14A0590I43 raayeseena 
LOG (lattice-best-path:main():lattice-best-path.cc:99) For utterance M07UP14A0591I302, best cost 17.3099 + 1080.27 = 1097.58 over 498 frames.
M07UP14A0591I302 baalaaghaatxa 
LOG (lattice-best-path:main():lattice-best-path.cc:99) For utterance M07UP14A0591I303, best cost 15.5909 + 1387.31 = 1402.9 over 498 frames.
M07UP14A0591I303 bhopaala 
LOG (lattice-best-path:main():lattice-best-path.cc:99) For utterance M07UP18A0362I47, best cost 12.5913 + 782.092 = 794.683 over 298 frames.
M07UP18A0362I47 haradaa 
LOG (lattice-best-path:main():lattice-best-path.cc:99) For utterance M07UP18A0363I300, best cost 22.2273 + 1138.76 = 1160.99 over 498 frames.
M07UP18A0363I300 siwanii 
LOG (lattice-best-path:main():lattice-best-path.cc:99) For utterance M07UP18A0363I302, best cost 18.1079 + 1057.79 = 1075.9 over 498 frames.
M07UP18A0363I302 dxindxorii 
LOG (lattice-best-path:main():lattice-best-path.cc:99) For utterance M07UP18A0365I42, best cost 17.0677 + 752.333 = 769.401 over 298 frames.
M07UP18A0365I42 siwanii 
LOG (lattice-best-path:main():lattice-best-path.cc:99) For utterance M07UP18A0366I41, best cost 17.4127 + 761.753 = 779.166 over 298 frames.
M07UP18A0366I41 raajagadxhqa 
LOG (lattice-best-path:main():lattice-best-path.cc:99) For utterance M07UP18A0367I43, best cost 8.04514 + 783.496 = 791.541 over 298 frames.
M07UP18A0367I43 dhaara 
LOG (lattice-best-path:main():lattice-best-path.cc:99) For utterance M07UP18A0368I301, best cost 29.1578 + 1330.6 = 1359.75 over 498 frames.
M07UP18A0368I301 khandxawaa 
LOG (lattice-best-path:main():lattice-best-path.cc:99) For utterance M07UP18A0368I49, best cost 24.2641 + 786.271 = 810.535 over 298 frames.
M07UP18A0368I49 haradaa 
LOG (lattice-best-path:main():lattice-best-path.cc:99) For utterance M07UP18A0369I48, best cost 23.0761 + 941.344 = 964.42 over 298 frames.
M07UP18A0369I48 badxqawaanii 
LOG (lattice-best-path:main():lattice-best-path.cc:99) For utterance M07UP18A0371I300, best cost 19.6103 + 1453.37 = 1472.98 over 498 frames.
M07UP18A0371I300 umariyaa 
LOG (lattice-best-path:main():lattice-best-path.cc:99) For utterance M07UP18A0374I300, best cost 18.4553 + 1657.63 = 1676.08 over 498 frames.
M07UP18A0374I300 ujjeina 
LOG (lattice-best-path:main():lattice-best-path.cc:99) For utterance M07UP18A0374I48, best cost 19.2165 + 872.904 = 892.121 over 298 frames.
M07UP18A0374I48 shiwapurii 
LOG (lattice-best-path:main():lattice-best-path.cc:99) For utterance M07UP18A0375I45, best cost 15.1859 + 870.301 = 885.487 over 298 frames.
M07UP18A0375I45 saagara 
LOG (lattice-best-path:main():lattice-best-path.cc:99) For utterance M07UP18A0376I43, best cost 13.3648 + 679.28 = 692.645 over 298 frames.
M07UP18A0376I43 singaroulii 
LOG (lattice-best-path:main():lattice-best-path.cc:99) For utterance M07UP18A0376I49, best cost 15.9523 + 740.793 = 756.745 over 298 frames.
M07UP18A0376I49 saagara 
LOG (lattice-best-path:main():lattice-best-path.cc:99) For utterance M07UP18A0378I302, best cost 25.2811 + 1570.07 = 1595.35 over 498 frames.
M07UP18A0378I302 singaroulii 
LOG (lattice-best-path:main():lattice-best-path.cc:99) For utterance M07UP18A0380I300, best cost 17.0235 + 1355.5 = 1372.52 over 498 frames.
M07UP18A0380I300 bhindxa 
LOG (lattice-best-path:main():lattice-best-path.cc:99) For utterance M07UP19A0341I48, best cost 11.2117 + 611.065 = 622.277 over 298 frames.
M07UP19A0341I48 shiwapurii 
LOG (lattice-best-path:main():lattice-best-path.cc:99) For utterance M07UP19A0345I300, best cost 23.2748 + 1573.31 = 1596.58 over 490 frames.
M07UP19A0345I300 datiyaa 
LOG (lattice-best-path:main():lattice-best-path.cc:99) For utterance M07UP19A0345I45, best cost 13.9719 + 714.82 = 728.792 over 298 frames.
M07UP19A0345I45 burahaanapura 
LOG (lattice-best-path:main():lattice-best-path.cc:99) For utterance M07UP19A0346I301, best cost 24.248 + 1440.91 = 1465.16 over 498 frames.
M07UP19A0346I301 aliraajapura 
LOG (lattice-best-path:main():lattice-best-path.cc:99) For utterance M07UP19A0348I301, best cost 30.1853 + 1128.51 = 1158.7 over 498 frames.
M07UP19A0348I301 raajagadxhqa 
LOG (lattice-best-path:main():lattice-best-path.cc:99) For utterance M07UP19A0354I301, best cost 26.4777 + 1505.13 = 1531.61 over 498 frames.
M07UP19A0354I301 raajagadxhqa 
LOG (lattice-best-path:main():lattice-best-path.cc:99) For utterance M07UP19A0354I303, best cost 25.5617 + 1437.69 = 1463.26 over 498 frames.
M07UP19A0354I303 deewaasa 
LOG (lattice-best-path:main():lattice-best-path.cc:99) For utterance M07UP19A0356I43, best cost 18.7094 + 750.871 = 769.581 over 298 frames.
M07UP19A0356I43 badxqawaanii 
LOG (lattice-best-path:main():lattice-best-path.cc:99) For utterance M07UP19A0357I300, best cost 29.1597 + 1221.98 = 1251.14 over 498 frames.
M07UP19A0357I300 burahaanapura 
LOG (lattice-best-path:main():lattice-best-path.cc:99) For utterance M07UP19A0358I303, best cost 23.8793 + 1086.59 = 1110.46 over 498 frames.
M07UP19A0358I303 raajagadxhqa 
LOG (lattice-best-path:main():lattice-best-path.cc:99) For utterance M07UP19A0359I40, best cost 12.5849 + 682.219 = 694.804 over 298 frames.
M07UP19A0359I40 badxqawaanii 
LOG (lattice-best-path:main():lattice-best-path.cc:99) For utterance M07UP20A0734I300, best cost 30.0745 + 1202.87 = 1232.95 over 498 frames.
M07UP20A0734I300 singaroulii 
LOG (lattice-best-path:main():lattice-best-path.cc:99) For utterance M07UP20A0739I44, best cost 17.0349 + 690.393 = 707.428 over 298 frames.
M07UP20A0739I44 anuupapura 
LOG (lattice-best-path:main():lattice-best-path.cc:99) For utterance M07UP20A0739I45, best cost 12.8187 + 632.573 = 645.391 over 300 frames.
M07UP20A0739I45 shiwapurii 
LOG (lattice-best-path:main():lattice-best-path.cc:99) For utterance M07UP20A0740I302, best cost 20.4947 + 1156.89 = 1177.38 over 498 frames.
M07UP20A0740I302 singaroulii 
LOG (lattice-best-path:main():lattice-best-path.cc:99) For utterance M07UP20A0742I302, best cost 16.8609 + 942.414 = 959.275 over 498 frames.
M07UP20A0742I302 singaroulii 
LOG (lattice-best-path:main():lattice-best-path.cc:99) For utterance M07UP20A0750I40, best cost 18.1941 + 782.033 = 800.227 over 298 frames.
M07UP20A0750I40 singaroulii 
LOG (lattice-best-path:main():lattice-best-path.cc:99) For utterance M07UP20A0753I43, best cost 12.0927 + 918.486 = 930.578 over 298 frames.
M07UP20A0753I43 mandasoura 
LOG (lattice-best-path:main():lattice-best-path.cc:99) For utterance M07UP21A0593I302, best cost 26.557 + 1397.47 = 1424.03 over 498 frames.
M07UP21A0593I302 katxanii 
LOG (lattice-best-path:main():lattice-best-path.cc:99) For utterance M07UP21A0598I41, best cost 17.321 + 719.512 = 736.833 over 298 frames.
M07UP21A0598I41 kharagona 
LOG (lattice-best-path:main():lattice-best-path.cc:99) For utterance M07UP21A0600I300, best cost 30.5594 + 1297.46 = 1328.02 over 498 frames.
M07UP21A0600I300 chatarapura 
LOG (lattice-best-path:main():lattice-best-path.cc:99) For utterance M07UP21A0600I42, best cost 25.0502 + 734.732 = 759.783 over 298 frames.
M07UP21A0600I42 mandasoura 
LOG (lattice-best-path:main():lattice-best-path.cc:99) For utterance M07UP21A0606I301, best cost 24.9745 + 1299.65 = 1324.63 over 498 frames.
M07UP21A0606I301 chatarapura 
LOG (lattice-best-path:main():lattice-best-path.cc:99) For utterance M07UP21A0606I302, best cost 18.4078 + 1461.47 = 1479.88 over 498 frames.
M07UP21A0606I302 katxanii 
LOG (lattice-best-path:main():lattice-best-path.cc:99) For utterance M07UP21A0607I301, best cost 23.059 + 1193.9 = 1216.96 over 498 frames.
M07UP21A0607I301 chatarapura 
LOG (lattice-best-path:main():lattice-best-path.cc:99) For utterance M07UP22A1323I47, best cost 10.3291 + 573.743 = 584.072 over 298 frames.
M07UP22A1323I47 gunaa 
LOG (lattice-best-path:main():lattice-best-path.cc:99) For utterance M07UP22A1326I300, best cost 23.2139 + 1208.74 = 1231.96 over 498 frames.
M07UP22A1326I300 gwaaliyara 
LOG (lattice-best-path:main():lattice-best-path.cc:99) For utterance M07UP22A1342I301, best cost 21.5707 + 1054.16 = 1075.73 over 498 frames.
M07UP22A1342I301 burahaanapura 
LOG (lattice-best-path:main():lattice-best-path.cc:99) For utterance M07UP22A1347I43, best cost 14.2097 + 948.656 = 962.866 over 298 frames.
M07UP22A1347I43 deewaasa 
LOG (lattice-best-path:main():lattice-best-path.cc:99) For utterance M07UP22A1347I47, best cost 17.4892 + 909.454 = 926.943 over 300 frames.
M07UP22A1347I47 dxindxorii 
LOG (lattice-best-path:main():lattice-best-path.cc:99) For utterance M07UP22A1355I301, best cost 23.4984 + 1360.97 = 1384.47 over 498 frames.
M07UP22A1355I301 burahaanapura 
LOG (lattice-best-path:main():lattice-best-path.cc:99) For utterance M07UP22A1355I47, best cost 17.7917 + 759.203 = 776.995 over 298 frames.
M07UP22A1355I47 kharagona 
LOG (lattice-best-path:main():lattice-best-path.cc:99) For utterance M07UP22A1357I300, best cost 29.3959 + 1167.87 = 1197.27 over 498 frames.
M07UP22A1357I300 deewaasa 
LOG (lattice-best-path:main():lattice-best-path.cc:99) For utterance M07UP22A1357I45, best cost 14.2305 + 695.742 = 709.973 over 298 frames.
M07UP22A1357I45 burahaanapura 
LOG (lattice-best-path:main():lattice-best-path.cc:99) For utterance M07UP22A1357I47, best cost 12.8591 + 725.62 = 738.479 over 298 frames.
M07UP22A1357I47 bhopaala 
LOG (lattice-best-path:main():lattice-best-path.cc:99) For utterance M07UP23A0224I44, best cost 11.2373 + 937.739 = 948.977 over 298 frames.
M07UP23A0224I44 gwaaliyara 
LOG (lattice-best-path:main():lattice-best-path.cc:99) For utterance M07UP23A0233I43, best cost 13.0274 + 621.509 = 634.536 over 298 frames.
M07UP23A0233I43 hoshangaabaada 
LOG (lattice-best-path:main():lattice-best-path.cc:99) For utterance M07UP23A0234I41, best cost 11.9373 + 966.333 = 978.271 over 298 frames.
M07UP23A0234I41 saagara 
LOG (lattice-best-path:main():lattice-best-path.cc:99) For utterance M07UP23A0235I42, best cost 11.6899 + 945.429 = 957.119 over 298 frames.
M07UP23A0235I42 haradaa 
LOG (lattice-best-path:main():lattice-best-path.cc:99) For utterance M07UP23A0236I43, best cost 17.587 + 825.762 = 843.349 over 298 frames.
M07UP23A0236I43 deewaasa 
LOG (lattice-best-path:main():lattice-best-path.cc:99) For utterance M07UP23A0239I40, best cost 10.2632 + 897.318 = 907.581 over 298 frames.
M07UP23A0239I40 saagara 
LOG (lattice-best-path:main():lattice-best-path.cc:99) For utterance M07UP23A0242I42, best cost 10.643 + 868.036 = 878.679 over 298 frames.
M07UP23A0242I42 saagara 
LOG (lattice-best-path:main():lattice-best-path.cc:99) For utterance M07UP24A0171I300, best cost 22.5072 + 1277.56 = 1300.07 over 498 frames.
M07UP24A0171I300 satanaa 
LOG (lattice-best-path:main():lattice-best-path.cc:99) For utterance M07UP24A0172I45, best cost 12.2318 + 855.411 = 867.643 over 298 frames.
M07UP24A0172I45 deewaasa 
LOG (lattice-best-path:main():lattice-best-path.cc:99) For utterance M07UP24A0172I49, best cost 13.8434 + 838.896 = 852.74 over 298 frames.
M07UP24A0172I49 umariyaa 
LOG (lattice-best-path:main():lattice-best-path.cc:99) For utterance M07UP24A0173I44, best cost 9.94225 + 658.12 = 668.062 over 298 frames.
M07UP24A0173I44 saagara 
LOG (lattice-best-path:main():lattice-best-path.cc:99) For utterance M07UP24A0173I46, best cost 7.99963 + 597.08 = 605.08 over 298 frames.
M07UP24A0173I46 shiwapurii 
LOG (lattice-best-path:main():lattice-best-path.cc:99) For utterance M07UP24A0175I301, best cost 25.8944 + 1235.16 = 1261.06 over 498 frames.
M07UP24A0175I301 umariyaa 
LOG (lattice-best-path:main():lattice-best-path.cc:99) For utterance M07UP24A0177F606, best cost 30.74 + 2218.59 = 2249.33 over 998 frames.
M07UP24A0177F606 haradaa 
LOG (lattice-best-path:main():lattice-best-path.cc:99) For utterance M07UP24A0179I302, best cost 20.946 + 1143.8 = 1164.75 over 498 frames.
M07UP24A0179I302 jhaabuaa 
LOG (lattice-best-path:main():lattice-best-path.cc:99) For utterance M07UP24A0181I301, best cost 12.2621 + 1564.58 = 1576.84 over 498 frames.
M07UP24A0181I301 dhaara 
LOG (lattice-best-path:main():lattice-best-path.cc:99) For utterance M07UP24A0181I42, best cost 10.2241 + 850.901 = 861.125 over 298 frames.
M07UP24A0181I42 indoura 
LOG (lattice-best-path:main():lattice-best-path.cc:99) For utterance M07UP24A0181I48, best cost 11.5993 + 825.438 = 837.037 over 298 frames.
M07UP24A0181I48 dhaara 
LOG (lattice-best-path:main():lattice-best-path.cc:99) For utterance M07UP24A0185I303, best cost 14.551 + 1356.72 = 1371.27 over 498 frames.
M07UP24A0185I303 saagara 
LOG (lattice-best-path:main():lattice-best-path.cc:99) For utterance M07UP24A0188I302, best cost 19.2654 + 1221.66 = 1240.93 over 498 frames.
M07UP24A0188I302 mureinaa 
LOG (lattice-best-path:main():lattice-best-path.cc:99) For utterance M07UP24A0191I300, best cost 16.388 + 1099.16 = 1115.55 over 498 frames.
M07UP24A0191I300 saagara 
LOG (lattice-best-path:main():lattice-best-path.cc:99) For utterance M07UP25A1205I302, best cost 27.1344 + 1454.09 = 1481.22 over 498 frames.
M07UP25A1205I302 jabalapura 
LOG (lattice-best-path:main():lattice-best-path.cc:99) For utterance M07UP25A1205I43, best cost 20.9959 + 876.944 = 897.94 over 298 frames.
M07UP25A1205I43 anuupapura 
LOG (lattice-best-path:main():lattice-best-path.cc:99) For utterance M07UP25A1206I45, best cost 24.5847 + 825.875 = 850.46 over 298 frames.
M07UP25A1206I45 jabalapura 
LOG (lattice-best-path:main():lattice-best-path.cc:99) For utterance M07UP25A1209I41, best cost 12.4869 + 774.796 = 787.283 over 298 frames.
M07UP25A1209I41 raajagadxhqa 
LOG (lattice-best-path:main():lattice-best-path.cc:99) For utterance M07UP25A1216I41, best cost 13.6309 + 931.804 = 945.435 over 298 frames.
M07UP25A1216I41 haradaa 
LOG (lattice-best-path:main():lattice-best-path.cc:99) For utterance M07UP25A1220I300, best cost 30.554 + 1266.13 = 1296.69 over 498 frames.
M07UP25A1220I300 khandxawaa 
LOG (lattice-best-path:main():lattice-best-path.cc:99) For utterance M07UP25A1220I42, best cost 17.9558 + 767.007 = 784.963 over 298 frames.
M07UP25A1220I42 jabalapura 
LOG (lattice-best-path:main():lattice-best-path.cc:99) For utterance M07UP25A1261I302, best cost 24.3034 + 1485.31 = 1509.62 over 500 frames.
M07UP25A1261I302 bhindxa 
LOG (lattice-best-path:main():lattice-best-path.cc:99) For utterance M07UP26A0214I42, best cost 13.0105 + 961.343 = 974.354 over 298 frames.
M07UP26A0214I42 niimaca 
LOG (lattice-best-path:main():lattice-best-path.cc:99) For utterance M07UP26A0255I48, best cost 12.8845 + 750.179 = 763.064 over 300 frames.
M07UP26A0255I48 widishaa 
LOG (lattice-best-path:main():lattice-best-path.cc:99) For utterance M07UP26A0257I47, best cost 12.6947 + 614.493 = 627.187 over 298 frames.
M07UP26A0257I47 saagara 
LOG (lattice-best-path:main():lattice-best-path.cc:99) For utterance M07UP26A0258I414, best cost 14.2247 + 733.653 = 747.878 over 298 frames.
M07UP26A0258I414 dhaara 
LOG (lattice-best-path:main():lattice-best-path.cc:99) For utterance M07UP26A0261I47, best cost 12.752 + 751.189 = 763.941 over 298 frames.
M07UP26A0261I47 indoura 
LOG (lattice-best-path:main():lattice-best-path.cc:99) For utterance M07UP26A0262I41, best cost 13.8159 + 862.875 = 876.691 over 298 frames.
M07UP26A0262I41 gwaaliyara 
LOG (lattice-best-path:main():lattice-best-path.cc:99) For utterance M07UP26A0263I43, best cost 14.6855 + 671.883 = 686.569 over 298 frames.
M07UP26A0263I43 saagara 
LOG (lattice-best-path:main():lattice-best-path.cc:99) For utterance M07UP26A0267I44, best cost 12.6316 + 745.746 = 758.377 over 298 frames.
M07UP26A0267I44 saagara 
LOG (lattice-best-path:main():lattice-best-path.cc:99) For utterance M07UP26A0269I47, best cost 13.7033 + 911.811 = 925.514 over 298 frames.
M07UP26A0269I47 anuupapura 
LOG (lattice-best-path:main():lattice-best-path.cc:99) For utterance M07UP26A0270I42, best cost 15.4429 + 820.576 = 836.019 over 298 frames.
M07UP26A0270I42 aliraajapura 
LOG (lattice-best-path:main():lattice-best-path.cc:99) For utterance M07UP26A0272I44, best cost 10.1287 + 582.921 = 593.049 over 298 frames.
M07UP26A0272I44 deewaasa 
LOG (lattice-best-path:main():lattice-best-path.cc:99) For utterance M07UP27A0641I438, best cost 15.156 + 713.395 = 728.552 over 298 frames.
M07UP27A0641I438 umariyaa 
LOG (lattice-best-path:main():lattice-best-path.cc:99) For utterance M07UP27A0647I41, best cost 12.1156 + 754.907 = 767.022 over 298 frames.
M07UP27A0647I41 kharagona 
LOG (lattice-best-path:main():lattice-best-path.cc:99) For utterance M07UP27A0647I43, best cost 16.3255 + 762.315 = 778.641 over 298 frames.
M07UP27A0647I43 katxanii 
LOG (lattice-best-path:main():lattice-best-path.cc:99) For utterance M07UP27A0657I303, best cost 21.9037 + 1298.24 = 1320.14 over 498 frames.
M07UP27A0657I303 katxanii 
LOG (lattice-best-path:main():lattice-best-path.cc:99) For utterance M07UP28A0216I301, best cost 11.7703 + 1388.69 = 1400.46 over 498 frames.
M07UP28A0216I301 indoura 
LOG (lattice-best-path:main():lattice-best-path.cc:99) For utterance M07UP28A0218I300, best cost 20.4429 + 1245.65 = 1266.09 over 498 frames.
M07UP28A0218I300 deewaasa 
LOG (lattice-best-path:main():lattice-best-path.cc:99) For utterance M07UP28A0219I40, best cost 12.4463 + 773.778 = 786.224 over 298 frames.
M07UP28A0219I40 haradaa 
LOG (lattice-best-path:main():lattice-best-path.cc:99) For utterance M07UP28A0219I505, best cost 11.991 + 759.308 = 771.299 over 300 frames.
M07UP28A0219I505 dhaara 
LOG (lattice-best-path:main():lattice-best-path.cc:99) For utterance M07UP28A0225I302, best cost 15.4085 + 1430.39 = 1445.8 over 498 frames.
M07UP28A0225I302 shiwapurii 
LOG (lattice-best-path:main():lattice-best-path.cc:99) For utterance M07UP28A0225I40, best cost 15.8729 + 750.699 = 766.572 over 298 frames.
M07UP28A0225I40 haradaa 
LOG (lattice-best-path:main():lattice-best-path.cc:99) For utterance M07UP28A0225I41, best cost 10.8022 + 1030.23 = 1041.03 over 298 frames.
M07UP28A0225I41 damoha 
LOG (lattice-best-path:main():lattice-best-path.cc:99) For utterance M07UP29A0506I301, best cost 18.6258 + 1115.6 = 1134.22 over 498 frames.
M07UP29A0506I301 raajagadxhqa 
LOG (lattice-best-path:main():lattice-best-path.cc:99) For utterance M07UP29A0509I42, best cost 17.8386 + 764.017 = 781.855 over 298 frames.
M07UP29A0509I42 aliraajapura 
LOG (lattice-best-path:main():lattice-best-path.cc:99) For utterance M07UP29A0509I45, best cost 13.057 + 767.937 = 780.994 over 298 frames.
M07UP29A0509I45 gwaaliyara 
LOG (lattice-best-path:main():lattice-best-path.cc:99) For utterance M07UP29A0510I303, best cost 17.3586 + 1201.77 = 1219.13 over 500 frames.
M07UP29A0510I303 txikamagadxhq 
LOG (lattice-best-path:main():lattice-best-path.cc:99) For utterance M07UP29A0510I44, best cost 14.6336 + 652.435 = 667.069 over 298 frames.
M07UP29A0510I44 anuupapura 
LOG (lattice-best-path:main():lattice-best-path.cc:99) For utterance M07UP29A0511I301, best cost 16.5264 + 1295.88 = 1312.41 over 498 frames.
M07UP29A0511I301 raajagadxhqa 
LOG (lattice-best-path:main():lattice-best-path.cc:99) For utterance M07UP29A0511I42, best cost 19.3688 + 852.279 = 871.648 over 298 frames.
M07UP29A0511I42 hoshangaabaada 
LOG (lattice-best-path:main():lattice-best-path.cc:99) For utterance M07UP29A0513I44, best cost 14.3097 + 731.297 = 745.607 over 298 frames.
M07UP29A0513I44 umariyaa 
LOG (lattice-best-path:main():lattice-best-path.cc:99) For utterance M07UP29A0514I41, best cost 14.835 + 787.313 = 802.148 over 298 frames.
M07UP29A0514I41 gwaaliyara 
LOG (lattice-best-path:main():lattice-best-path.cc:99) For utterance M07UP29A0516I41, best cost 11.2569 + 894.034 = 905.291 over 298 frames.
M07UP29A0516I41 raajagadxhqa 
LOG (lattice-best-path:main():lattice-best-path.cc:99) For utterance M07UP29A0517I303, best cost 15.9716 + 1230.58 = 1246.55 over 498 frames.
M07UP29A0517I303 txikamagadxhq 
LOG (lattice-best-path:main():lattice-best-path.cc:99) For utterance M07UP29A0520I42, best cost 15.6514 + 680.108 = 695.759 over 298 frames.
M07UP29A0520I42 aliraajapura 
LOG (lattice-best-path:main():lattice-best-path.cc:99) For utterance M07UP29A0520I45, best cost 18.5618 + 841.379 = 859.941 over 298 frames.
M07UP29A0520I45 saagara 
LOG (lattice-best-path:main():lattice-best-path.cc:99) For utterance M07UP29A0521I303, best cost 26.2101 + 1179.04 = 1205.25 over 498 frames.
M07UP29A0521I303 raajagadxhqa 
LOG (lattice-best-path:main():lattice-best-path.cc:99) For utterance M07UP29A0521I47, best cost 17.1528 + 697.118 = 714.271 over 298 frames.
M07UP29A0521I47 khandxawaa 
LOG (lattice-best-path:main():lattice-best-path.cc:99) For utterance M07UP31A1290I43, best cost 13.3424 + 709.522 = 722.864 over 298 frames.
M07UP31A1290I43 singaroulii 
LOG (lattice-best-path:main():lattice-best-path.cc:99) For utterance M07UP31A1291I42, best cost 18.8447 + 766.153 = 784.998 over 298 frames.
M07UP31A1291I42 umariyaa 
LOG (lattice-best-path:main():lattice-best-path.cc:99) For utterance M07UP31A1292I301, best cost 24.3379 + 1195.6 = 1219.94 over 498 frames.
M07UP31A1292I301 raajagadxhqa 
LOG (lattice-best-path:main():lattice-best-path.cc:99) For utterance M07UP31A1294I302, best cost 33.0914 + 1108.44 = 1141.53 over 498 frames.
M07UP31A1294I302 jabalapura 
LOG (lattice-best-path:main():lattice-best-path.cc:99) For utterance M07UP31A1294I43, best cost 23.0276 + 782.257 = 805.285 over 298 frames.
M07UP31A1294I43 singaroulii 
LOG (lattice-best-path:main():lattice-best-path.cc:99) For utterance M07UP31A1296I500, best cost 23.4749 + 942.029 = 965.504 over 498 frames.
M07UP31A1296I500 datiyaa 
LOG (lattice-best-path:main():lattice-best-path.cc:99) For utterance M07UP31A1300I300, best cost 24.1211 + 1540.23 = 1564.35 over 498 frames.
M07UP31A1300I300 shaajaapura 
LOG (lattice-best-path:main():lattice-best-path.cc:99) For utterance M07UP31A1302I301, best cost 29.8513 + 1225.86 = 1255.71 over 498 frames.
M07UP31A1302I301 raajagadxhqa 
LOG (lattice-best-path:main():lattice-best-path.cc:99) For utterance M07UP31A1306I302, best cost 33.4643 + 1231.19 = 1264.65 over 498 frames.
M07UP31A1306I302 jabalapura 
LOG (lattice-best-path:main():lattice-best-path.cc:99) For utterance M07UP31A1306I303, best cost 16.4166 + 1592.08 = 1608.5 over 498 frames.
M07UP31A1306I303 mureinaa 
LOG (lattice-best-path:main():lattice-best-path.cc:99) For utterance M07UP31A1306I43, best cost 10.7153 + 644.306 = 655.021 over 298 frames.
M07UP31A1306I43 singaroulii 
LOG (lattice-best-path:main():lattice-best-path.cc:99) For utterance M07UP31A1307I430, best cost 19.4319 + 765.242 = 784.673 over 298 frames.
M07UP31A1307I430 gwaaliyara 
LOG (lattice-best-path:main():lattice-best-path.cc:99) For utterance M07UP31A1308I435, best cost 20.046 + 736.056 = 756.102 over 298 frames.
M07UP31A1308I435 gwaaliyara 
LOG (lattice-best-path:main():lattice-best-path.cc:99) For utterance M07UP31A1309I44, best cost 11.237 + 958.157 = 969.394 over 298 frames.
M07UP31A1309I44 deewaasa 
LOG (lattice-best-path:main():lattice-best-path.cc:99) For utterance M07UP31A1310I45, best cost 16.4124 + 866.732 = 883.145 over 298 frames.
M07UP31A1310I45 shaajaapura 
LOG (lattice-best-path:main():lattice-best-path.cc:99) For utterance M07UP34A0551I43, best cost 12.5903 + 831.317 = 843.908 over 300 frames.
M07UP34A0551I43 kharagona 
LOG (lattice-best-path:main():lattice-best-path.cc:99) For utterance M07UP34A0554I301, best cost 19.6101 + 1163.08 = 1182.69 over 498 frames.
M07UP34A0554I301 baalaaghaatxa 
LOG (lattice-best-path:main():lattice-best-path.cc:99) For utterance M07UP34A0555I300, best cost 17.4164 + 1565.2 = 1582.62 over 498 frames.
M07UP34A0555I300 aliraajapura 
LOG (lattice-best-path:main():lattice-best-path.cc:99) For utterance M07UP34A0558I42, best cost 17.56 + 802.613 = 820.173 over 298 frames.
M07UP34A0558I42 baalaaghaatxa 
LOG (lattice-best-path:main():lattice-best-path.cc:99) For utterance M07UP34A0559I303, best cost 25.1044 + 1237.43 = 1262.53 over 498 frames.
M07UP34A0559I303 ujjeina 
LOG (lattice-best-path:main():lattice-best-path.cc:99) For utterance M07UP34A0559I44, best cost 23.3843 + 746.17 = 769.555 over 298 frames.
M07UP34A0559I44 shiwapurii 
LOG (lattice-best-path:main():lattice-best-path.cc:99) For utterance M07UP34A0561I300, best cost 27.3474 + 1495.84 = 1523.19 over 498 frames.
M07UP34A0561I300 anuupapura 
LOG (lattice-best-path:main():lattice-best-path.cc:99) For utterance M07UP34A0563I303, best cost 37.0195 + 1121.52 = 1158.53 over 498 frames.
M07UP34A0563I303 dhaara 
LOG (lattice-best-path:main():lattice-best-path.cc:99) For utterance M07UP34A0564I43, best cost 15.0811 + 762.432 = 777.513 over 298 frames.
M07UP34A0564I43 betuula 
LOG (lattice-best-path:main():lattice-best-path.cc:99) For utterance M07UP34A0566I301, best cost 19.7038 + 1093.38 = 1113.08 over 498 frames.
M07UP34A0566I301 aliraajapura 
LOG (lattice-best-path:main():lattice-best-path.cc:99) For utterance M07UP35A0443I41, best cost 14.1212 + 810.554 = 824.675 over 298 frames.
M07UP35A0443I41 haradaa 
LOG (lattice-best-path:main():lattice-best-path.cc:99) For utterance M07UP35A0446I301, best cost 16.4905 + 1271.41 = 1287.9 over 498 frames.
M07UP35A0446I301 badxqawaanii 
LOG (lattice-best-path:main():lattice-best-path.cc:99) For utterance M07UP35A0448I301, best cost 26.6774 + 1075.98 = 1102.65 over 498 frames.
M07UP35A0448I301 raajagadxhqa 
LOG (lattice-best-path:main():lattice-best-path.cc:99) For utterance M07UP35A0450I301, best cost 26.8709 + 1555.37 = 1582.24 over 498 frames.
M07UP35A0450I301 deewaasa 
LOG (lattice-best-path:main():lattice-best-path.cc:99) For utterance M07UP35A0452I303, best cost 32.3101 + 1089.41 = 1121.72 over 498 frames.
M07UP35A0452I303 jhaabuaa 
LOG (lattice-best-path:main():lattice-best-path.cc:99) For utterance M07UP35A0455I303, best cost 25.922 + 1073.99 = 1099.91 over 498 frames.
M07UP35A0455I303 katxanii 
LOG (lattice-best-path:main():lattice-best-path.cc:99) For utterance M07UP35A0455I426, best cost 17.257 + 873.896 = 891.153 over 298 frames.
M07UP35A0455I426 bhindxa 
LOG (lattice-best-path:main():lattice-best-path.cc:99) For utterance M07UP35A0456I43, best cost 19.3358 + 807.95 = 827.285 over 298 frames.
M07UP35A0456I43 bhopaala 
LOG (lattice-best-path:main():lattice-best-path.cc:99) For utterance M07UP35A0457I41, best cost 19.9542 + 854.787 = 874.741 over 298 frames.
M07UP35A0457I41 jhaabuaa 
LOG (lattice-best-path:main():lattice-best-path.cc:99) For utterance M07UP35A0459I303, best cost 15.8774 + 1154.42 = 1170.3 over 498 frames.
M07UP35A0459I303 jhaabuaa 
LOG (lattice-best-path:main():lattice-best-path.cc:99) For utterance M07UP36A0825I301, best cost 31.6718 + 1274.68 = 1306.36 over 498 frames.
M07UP36A0825I301 ratalaama 
LOG (lattice-best-path:main():lattice-best-path.cc:99) For utterance M07UP36A0825I40, best cost 12.7947 + 753.015 = 765.809 over 298 frames.
M07UP36A0825I40 satanaa 
LOG (lattice-best-path:main():lattice-best-path.cc:99) For utterance M07UP36A0827I300, best cost 24.0985 + 1050.45 = 1074.55 over 498 frames.
M07UP36A0827I300 haradaa 
LOG (lattice-best-path:main():lattice-best-path.cc:99) For utterance M07UP36A0829I302, best cost 19.0526 + 1268.16 = 1287.21 over 498 frames.
M07UP36A0829I302 mandxalaa 
LOG (lattice-best-path:main():lattice-best-path.cc:99) For utterance M07UP36A0832I302, best cost 25.5862 + 1318.63 = 1344.22 over 498 frames.
M07UP36A0832I302 mandxalaa 
LOG (lattice-best-path:main():lattice-best-path.cc:99) For utterance M07UP36A0840I41, best cost 14.7472 + 642.09 = 656.837 over 298 frames.
M07UP36A0840I41 burahaanapura 
LOG (lattice-best-path:main():lattice-best-path.cc:99) For utterance M07UP37A0301I42, best cost 11.7129 + 566.492 = 578.205 over 298 frames.
M07UP37A0301I42 haradaa 
LOG (lattice-best-path:main():lattice-best-path.cc:99) For utterance M07UP37A0302I45, best cost 10.047 + 893.717 = 903.764 over 298 frames.
M07UP37A0302I45 haradaa 
LOG (lattice-best-path:main():lattice-best-path.cc:99) For utterance M07UP37A0306I47, best cost 9.53185 + 967.442 = 976.974 over 298 frames.
M07UP37A0306I47 dhaara 
LOG (lattice-best-path:main():lattice-best-path.cc:99) For utterance M07UP37A0307I303, best cost 12.9022 + 1511.3 = 1524.2 over 498 frames.
M07UP37A0307I303 dhaara 
LOG (lattice-best-path:main():lattice-best-path.cc:99) For utterance M07UP37A0309I40, best cost 12.1735 + 993.304 = 1005.48 over 298 frames.
M07UP37A0309I40 dhaara 
LOG (lattice-best-path:main():lattice-best-path.cc:99) For utterance M07UP37A0309I44, best cost 13.725 + 908.013 = 921.738 over 300 frames.
M07UP37A0309I44 siwanii 
LOG (lattice-best-path:main():lattice-best-path.cc:99) For utterance M07UP37A0311I43, best cost 17.3621 + 729.757 = 747.119 over 298 frames.
M07UP37A0311I43 raajagadxhqa 
LOG (lattice-best-path:main():lattice-best-path.cc:99) For utterance M07UP37A0311I44, best cost 16.2635 + 728.174 = 744.437 over 298 frames.
M07UP37A0311I44 gwaaliyara 
LOG (lattice-best-path:main():lattice-best-path.cc:99) For utterance M07UP37A0311I48, best cost 11.9415 + 604.399 = 616.341 over 300 frames.
M07UP37A0311I48 haradaa 
LOG (lattice-best-path:main():lattice-best-path.cc:99) For utterance M07UP37A0313I427, best cost 13.3194 + 781.968 = 795.287 over 298 frames.
M07UP37A0313I427 shiwapurii 
LOG (lattice-best-path:main():lattice-best-path.cc:99) For utterance M07UP37A0314I300, best cost 20.2662 + 1470.68 = 1490.94 over 498 frames.
M07UP37A0314I300 dhaara 
LOG (lattice-best-path:main():lattice-best-path.cc:99) For utterance M07UP37A0316I305, best cost 16.1034 + 1604.82 = 1620.92 over 498 frames.
M07UP37A0316I305 dhaara 
LOG (lattice-best-path:main():lattice-best-path.cc:99) For utterance M07UP37A0317I47, best cost 11.7374 + 729.15 = 740.888 over 298 frames.
M07UP37A0317I47 haradaa 
LOG (lattice-best-path:main():lattice-best-path.cc:99) For utterance M07UP37A0317I48, best cost 21.5155 + 917.324 = 938.84 over 298 frames.
M07UP37A0317I48 hoshangaabaada 
LOG (lattice-best-path:main():lattice-best-path.cc:99) For utterance M07UP37A0319I301, best cost 15.7273 + 1570.22 = 1585.94 over 498 frames.
M07UP37A0319I301 raajagadxhqa 
LOG (lattice-best-path:main():lattice-best-path.cc:99) For utterance M07UP38A0103I43, best cost 9.87144 + 768.006 = 777.878 over 298 frames.
M07UP38A0103I43 saagara 
LOG (lattice-best-path:main():lattice-best-path.cc:99) For utterance M07UP38A0107I43, best cost 8.14144 + 788.158 = 796.299 over 298 frames.
M07UP38A0107I43 saagara 
LOG (lattice-best-path:main():lattice-best-path.cc:99) For utterance M07UP39A0774I301, best cost 20.7809 + 1105.76 = 1126.55 over 498 frames.
M07UP39A0774I301 shiwapurii 
LOG (lattice-best-path:main():lattice-best-path.cc:99) For utterance M07UP39A0776I302, best cost 12.638 + 1063.61 = 1076.25 over 498 frames.
M07UP39A0776I302 jabalapura 
LOG (lattice-best-path:main():lattice-best-path.cc:99) For utterance M07UP39A0777I300, best cost 13.8904 + 1184.28 = 1198.17 over 498 frames.
M07UP39A0777I300 jabalapura 
LOG (lattice-best-path:main():lattice-best-path.cc:99) For utterance M07UP39A0777I423, best cost 12.0045 + 613.53 = 625.534 over 298 frames.
M07UP39A0777I423 niimaca 
LOG (lattice-best-path:main():lattice-best-path.cc:99) For utterance M07UP39A0778I303, best cost 20.0864 + 1271.26 = 1291.35 over 498 frames.
M07UP39A0778I303 mandxalaa 
LOG (lattice-best-path:main():lattice-best-path.cc:99) For utterance M07UP39A0781I501, best cost 16.7907 + 965.778 = 982.569 over 398 frames.
M07UP39A0781I501 mureinaa 
LOG (lattice-best-path:main():lattice-best-path.cc:99) For utterance M07UP41A0273I301, best cost 17.0769 + 1614.72 = 1631.79 over 498 frames.
M07UP41A0273I301 mureinaa 
LOG (lattice-best-path:main():lattice-best-path.cc:99) For utterance M07UP41A0273I47, best cost 7.91064 + 839.857 = 847.767 over 298 frames.
M07UP41A0273I47 shyopura 
LOG (lattice-best-path:main():lattice-best-path.cc:99) For utterance M07UP41A0275I300, best cost 21.2686 + 1074.86 = 1096.13 over 498 frames.
M07UP41A0275I300 anuupapura 
LOG (lattice-best-path:main():lattice-best-path.cc:99) For utterance M07UP41A0277I300, best cost 14.7222 + 1417.05 = 1431.77 over 498 frames.
M07UP41A0277I300 ashokanagara 
LOG (lattice-best-path:main():lattice-best-path.cc:99) For utterance M07UP41A0277I43, best cost 12.0507 + 929.232 = 941.282 over 298 frames.
M07UP41A0277I43 bhindxa 
LOG (lattice-best-path:main():lattice-best-path.cc:99) For utterance M07UP41A0279I301, best cost 18.7463 + 1367.24 = 1385.99 over 498 frames.
M07UP41A0279I301 satanaa 
LOG (lattice-best-path:main():lattice-best-path.cc:99) For utterance M07UP41A0279I302, best cost 13.2328 + 1272.1 = 1285.33 over 498 frames.
M07UP41A0279I302 siihoura 
LOG (lattice-best-path:main():lattice-best-path.cc:99) For utterance M07UP41A0279I47, best cost 10.8263 + 981.642 = 992.468 over 298 frames.
M07UP41A0279I47 datiyaa 
LOG (lattice-best-path:main():lattice-best-path.cc:99) For utterance M07UP41A0280I42, best cost 14.119 + 814.902 = 829.021 over 298 frames.
M07UP41A0280I42 datiyaa 
LOG (lattice-best-path:main():lattice-best-path.cc:99) For utterance M07UP41A0280I45, best cost 14.9972 + 940.583 = 955.58 over 298 frames.
M07UP41A0280I45 shiwapurii 
LOG (lattice-best-path:main():lattice-best-path.cc:99) For utterance M07UP41A0283I48, best cost 12.8215 + 603.859 = 616.681 over 298 frames.
M07UP41A0283I48 khandxawaa 
LOG (lattice-best-path:main():lattice-best-path.cc:99) For utterance M07UP41A0289I303, best cost 21.6945 + 1362.14 = 1383.84 over 498 frames.
M07UP41A0289I303 khandxawaa 
LOG (lattice-best-path:main():lattice-best-path.cc:99) For utterance M07UP41A0289I44, best cost 15.5951 + 716.019 = 731.614 over 300 frames.
M07UP41A0289I44 deewaasa 
LOG (lattice-best-path:main():lattice-best-path.cc:99) For utterance M07UP41A0290I47, best cost 16.1895 + 727.019 = 743.208 over 298 frames.
M07UP41A0290I47 ratalaama 
LOG (lattice-best-path:main():lattice-best-path.cc:99) For utterance M07UP41A0291I43, best cost 14.4373 + 669.036 = 683.474 over 298 frames.
M07UP41A0291I43 satanaa 
LOG (lattice-best-path:main():lattice-best-path.cc:99) For utterance M07UP41A0291I46, best cost 15.8232 + 727.802 = 743.625 over 298 frames.
M07UP41A0291I46 badxqawaanii 
LOG (lattice-best-path:main():lattice-best-path.cc:99) For utterance M07UP42A0111I46, best cost 15.6509 + 680.203 = 695.854 over 298 frames.
M07UP42A0111I46 siihoura 
LOG (lattice-best-path:main():lattice-best-path.cc:99) For utterance M07UP42A0116I430, best cost 9.53387 + 863.104 = 872.638 over 298 frames.
M07UP42A0116I430 dhaara 
LOG (lattice-best-path:main():lattice-best-path.cc:99) For utterance M07UP42A0117I419, best cost 14.1385 + 766.982 = 781.121 over 298 frames.
M07UP42A0117I419 gwaaliyara 
LOG (lattice-best-path:main():lattice-best-path.cc:99) For utterance M07UP42A0117I423, best cost 13.144 + 837.229 = 850.373 over 298 frames.
M07UP42A0117I423 shaajaapura 
LOG (lattice-best-path:main():lattice-best-path.cc:99) For utterance M07UP42A0119I300, best cost 8.17086 + 1521.55 = 1529.72 over 498 frames.
M07UP42A0119I300 dhaara 
LOG (lattice-best-path:main():lattice-best-path.cc:99) For utterance M07UP42A0119I46, best cost 17.8273 + 903.656 = 921.483 over 298 frames.
M07UP42A0119I46 anuupapura 
LOG (lattice-best-path:main():lattice-best-path.cc:99) For utterance M07UP42A0120I418, best cost 13.9648 + 778.541 = 792.506 over 298 frames.
M07UP42A0120I418 gunaa 
LOG (lattice-best-path:main():lattice-best-path.cc:99) For utterance M07UP42A0120I424, best cost 17.8511 + 789.672 = 807.523 over 298 frames.
M07UP42A0120I424 umariyaa 
LOG (lattice-best-path:main():lattice-best-path.cc:99) For utterance M07UP42A0120I429, best cost 16.8613 + 853.404 = 870.266 over 298 frames.
M07UP42A0120I429 siihoura 
LOG (lattice-best-path:main():lattice-best-path.cc:99) For utterance M07UP42A0122I302, best cost 18.1533 + 1345 = 1363.16 over 498 frames.
M07UP42A0122I302 umariyaa 
LOG (lattice-best-path:main():lattice-best-path.cc:99) For utterance M07UP42A0122I424, best cost 17.6507 + 835.821 = 853.471 over 298 frames.
M07UP42A0122I424 mandasoura 
LOG (lattice-best-path:main():lattice-best-path.cc:99) For utterance M07UP42A0122I46, best cost 18.9061 + 804.554 = 823.46 over 298 frames.
M07UP42A0122I46 aliraajapura 
LOG (lattice-best-path:main():lattice-best-path.cc:99) For utterance M07UP42A0123I42, best cost 17.9711 + 829.674 = 847.645 over 298 frames.
M07UP42A0123I42 jabalapura 
LOG (lattice-best-path:main():lattice-best-path.cc:99) For utterance M07UP42A0123I424, best cost 12.4767 + 881.285 = 893.762 over 298 frames.
M07UP42A0123I424 jabalapura 
LOG (lattice-best-path:main():lattice-best-path.cc:99) For utterance M07UP42A0124I45, best cost 15.307 + 752.722 = 768.029 over 298 frames.
M07UP42A0124I45 haradaa 
LOG (lattice-best-path:main():lattice-best-path.cc:99) For utterance M07UP42A0126I437, best cost 15.0916 + 825.073 = 840.164 over 298 frames.
M07UP42A0126I437 haradaa 
LOG (lattice-best-path:main():lattice-best-path.cc:99) For utterance M07UP43A0148I300, best cost 20.8292 + 1501.83 = 1522.66 over 498 frames.
M07UP43A0148I300 siidhii 
LOG (lattice-best-path:main():lattice-best-path.cc:99) For utterance M07UP43A0151I42, best cost 12.0316 + 961.362 = 973.393 over 298 frames.
M07UP43A0151I42 umariyaa 
LOG (lattice-best-path:main():lattice-best-path.cc:99) For utterance M07UP43A0154I43, best cost 13.5302 + 664.58 = 678.11 over 298 frames.
M07UP43A0154I43 shaajaapura 
LOG (lattice-best-path:main():lattice-best-path.cc:99) For utterance M07UP43A0154I44, best cost 16.5832 + 707.492 = 724.075 over 298 frames.
M07UP43A0154I44 anuupapura 
LOG (lattice-best-path:main():lattice-best-path.cc:99) For utterance M07UP43A0158I41, best cost 10.1351 + 848.759 = 858.895 over 298 frames.
M07UP43A0158I41 gunaa 
LOG (lattice-best-path:main():lattice-best-path.cc:99) For utterance M07UP45A0614I48, best cost 13.3981 + 825.647 = 839.045 over 298 frames.
M07UP45A0614I48 raajagadxhqa 
LOG (lattice-best-path:main():lattice-best-path.cc:99) For utterance M07UP45A0616I43, best cost 15.5336 + 773.027 = 788.561 over 298 frames.
M07UP45A0616I43 burahaanapura 
LOG (lattice-best-path:main():lattice-best-path.cc:99) For utterance M07UP45A0624I41, best cost 20.4209 + 768.55 = 788.971 over 298 frames.
M07UP45A0624I41 badxqawaanii 
LOG (lattice-best-path:main():lattice-best-path.cc:99) For utterance M07UP45A0624I44, best cost 22.8975 + 759.229 = 782.126 over 298 frames.
M07UP45A0624I44 shiwapurii 
LOG (lattice-best-path:main():lattice-best-path.cc:99) For utterance M07UP45A0625I41, best cost 17.392 + 839.371 = 856.763 over 298 frames.
M07UP45A0625I41 siihoura 
LOG (lattice-best-path:main():lattice-best-path.cc:99) For utterance M07UP45A0627I43, best cost 13.9461 + 627.702 = 641.648 over 298 frames.
M07UP45A0627I43 shiwapurii 
LOG (lattice-best-path:main():lattice-best-path.cc:99) For utterance M07UP45A0628I41, best cost 16.5591 + 816.284 = 832.844 over 298 frames.
M07UP45A0628I41 gunaa 
LOG (lattice-best-path:main():lattice-best-path.cc:99) For utterance M07UP45A0629I303, best cost 20.0494 + 1516.8 = 1536.85 over 498 frames.
M07UP45A0629I303 anuupapura 
LOG (lattice-best-path:main():lattice-best-path.cc:99) For utterance M07UP45A0634I48, best cost 18.3553 + 717.664 = 736.019 over 298 frames.
M07UP45A0634I48 saagara 
LOG (lattice-best-path:main():lattice-best-path.cc:99) For utterance M07UP45A0635I42, best cost 18.7731 + 815.151 = 833.924 over 298 frames.
M07UP45A0635I42 gunaa 
LOG (lattice-best-path:main():lattice-best-path.cc:99) For utterance M07UP45A0636I300, best cost 15.52 + 991.794 = 1007.31 over 498 frames.
M07UP45A0636I300 katxanii 
LOG (lattice-best-path:main():lattice-best-path.cc:99) For utterance M07UP48A0013I417, best cost 17.8389 + 776.673 = 794.512 over 298 frames.
M07UP48A0013I417 katxanii 
LOG (lattice-best-path:main():lattice-best-path.cc:99) For utterance M07UP48A0013I43, best cost 19.7508 + 824.6 = 844.35 over 298 frames.
M07UP48A0013I43 gunaa 
LOG (lattice-best-path:main():lattice-best-path.cc:99) For utterance M07UP48A0014I44, best cost 14.9197 + 822.948 = 837.868 over 298 frames.
M07UP48A0014I44 shahadxola 
LOG (lattice-best-path:main():lattice-best-path.cc:99) For utterance M07UP48A0015I422, best cost 15.8861 + 794.09 = 809.976 over 298 frames.
M07UP48A0015I422 umariyaa 
LOG (lattice-best-path:main():lattice-best-path.cc:99) For utterance M07UP48A0018I422, best cost 11.5691 + 884.861 = 896.431 over 298 frames.
M07UP48A0018I422 gwaaliyara 
LOG (lattice-best-path:main():lattice-best-path.cc:99) For utterance M07UP48A0020I43, best cost 12.5275 + 677.615 = 690.142 over 298 frames.
M07UP48A0020I43 kharagona 
LOG (lattice-best-path:main():lattice-best-path.cc:99) For utterance M07UP48A0021I45, best cost 16.765 + 662.107 = 678.872 over 298 frames.
M07UP48A0021I45 gunaa 
LOG (lattice-best-path:main():lattice-best-path.cc:99) For utterance M07UP48A0024I49, best cost 18.9736 + 855.618 = 874.591 over 304 frames.
M07UP48A0024I49 indoura 
LOG (lattice-best-path:main():lattice-best-path.cc:99) For utterance M07UP48A0028I45, best cost 13.1553 + 849.547 = 862.702 over 298 frames.
M07UP48A0028I45 jabalapura 
LOG (lattice-best-path:main():lattice-best-path.cc:99) For utterance M07UP48A0031I44, best cost 15.1714 + 896.272 = 911.444 over 298 frames.
M07UP48A0031I44 siihoura 
LOG (lattice-best-path:main():lattice-best-path.cc:99) For utterance M07UP49A0861I41, best cost 16.4174 + 638.639 = 655.056 over 300 frames.
M07UP49A0861I41 umariyaa 
LOG (lattice-best-path:main():lattice-best-path.cc:99) For utterance M07UP49A0863I300, best cost 29.9775 + 1344.54 = 1374.52 over 498 frames.
M07UP49A0863I300 satanaa 
LOG (lattice-best-path:main():lattice-best-path.cc:99) For utterance M07UP49A0866I504, best cost 17.1154 + 966.826 = 983.941 over 298 frames.
M07UP49A0866I504 umariyaa 
LOG (lattice-best-path:main():lattice-best-path.cc:99) For utterance M07UP49A0869I301, best cost 21.2315 + 1327.31 = 1348.54 over 498 frames.
M07UP49A0869I301 badxqawaanii 
LOG (lattice-best-path:main():lattice-best-path.cc:99) For utterance M07UP49A0880I43, best cost 19.7243 + 788.548 = 808.273 over 298 frames.
M07UP49A0880I43 shiwapurii 
LOG (lattice-best-path:main():lattice-best-path.cc:99) For utterance M07UP51A0032I301, best cost 12.5685 + 1295.4 = 1307.97 over 430 frames.
M07UP51A0032I301 jabalapura 
LOG (lattice-best-path:main():lattice-best-path.cc:99) For utterance M07UP51A0033I42, best cost 18.4646 + 828.228 = 846.692 over 298 frames.
M07UP51A0033I42 anuupapura 
LOG (lattice-best-path:main():lattice-best-path.cc:99) For utterance M07UP51A0033I48, best cost 15.9015 + 945.062 = 960.964 over 298 frames.
M07UP51A0033I48 burahaanapura 
LOG (lattice-best-path:main():lattice-best-path.cc:99) For utterance M07UP51A0035I302, best cost 23.7063 + 1343.8 = 1367.51 over 498 frames.
M07UP51A0035I302 dhaara 
LOG (lattice-best-path:main():lattice-best-path.cc:99) For utterance M07UP51A0036I300, best cost 18.8273 + 1440.9 = 1459.73 over 498 frames.
M07UP51A0036I300 siihoura 
LOG (lattice-best-path:main():lattice-best-path.cc:99) For utterance M07UP51A0036I44, best cost 19.9518 + 757.431 = 777.383 over 298 frames.
M07UP51A0036I44 shiwapurii 
LOG (lattice-best-path:main():lattice-best-path.cc:99) For utterance M07UP51A0036I45, best cost 17.4893 + 769.854 = 787.343 over 298 frames.
M07UP51A0036I45 kharagona 
LOG (lattice-best-path:main():lattice-best-path.cc:99) For utterance M07UP51A0036I48, best cost 17.7561 + 812.952 = 830.708 over 298 frames.
M07UP51A0036I48 jhaabuaa 
LOG (lattice-best-path:main():lattice-best-path.cc:99) For utterance M07UP51A0038I48, best cost 12.3686 + 862.041 = 874.41 over 298 frames.
M07UP51A0038I48 burahaanapura 
LOG (lattice-best-path:main():lattice-best-path.cc:99) For utterance M07UP51A0041I300, best cost 17.4677 + 964.65 = 982.118 over 498 frames.
M07UP51A0041I300 jhaabuaa 
LOG (lattice-best-path:main():lattice-best-path.cc:99) For utterance M07UP51A0042I302, best cost 22.8651 + 1134.57 = 1157.43 over 498 frames.
M07UP51A0042I302 saagara 
LOG (lattice-best-path:main():lattice-best-path.cc:99) For utterance M07UP51A0043I410, best cost 13.5415 + 778.092 = 791.634 over 298 frames.
M07UP51A0043I410 raajagadxhqa 
LOG (lattice-best-path:main():lattice-best-path.cc:99) For utterance M07UP51A0043I44, best cost 18.6972 + 839.08 = 857.777 over 298 frames.
M07UP51A0043I44 katxanii 
LOG (lattice-best-path:main():lattice-best-path.cc:99) For utterance M07UP51A0043I45, best cost 19.7609 + 672.905 = 692.666 over 298 frames.
M07UP51A0043I45 ratalaama 
LOG (lattice-best-path:main():lattice-best-path.cc:99) For utterance M07UP51A0044I303, best cost 33.0213 + 1160.78 = 1193.8 over 498 frames.
M07UP51A0044I303 jhaabuaa 
LOG (lattice-best-path:main():lattice-best-path.cc:99) For utterance M07UP51A0045I412, best cost 17.1417 + 840.876 = 858.018 over 298 frames.
M07UP51A0045I412 haradaa 
LOG (lattice-best-path:main():lattice-best-path.cc:99) For utterance M07UP51A0046I412, best cost 14.9936 + 679.986 = 694.979 over 298 frames.
M07UP51A0046I412 dhaara 
LOG (lattice-best-path:main():lattice-best-path.cc:99) For utterance M07UP51A0046I43, best cost 20.9467 + 791.727 = 812.674 over 298 frames.
M07UP51A0046I43 haradaa 
LOG (lattice-best-path:main():lattice-best-path.cc:99) For utterance M07UP51A0049I44, best cost 22.4469 + 908.832 = 931.279 over 298 frames.
M07UP51A0049I44 haradaa 
LOG (lattice-best-path:main():lattice-best-path.cc:99) For utterance M07UP51A0049I48, best cost 20.6923 + 915.499 = 936.191 over 298 frames.
M07UP51A0049I48 gwaaliyara 
LOG (lattice-best-path:main():lattice-best-path.cc:99) For utterance M07UP51A0050I300, best cost 27.1737 + 1192.28 = 1219.46 over 498 frames.
M07UP51A0050I300 jhaabuaa 
LOG (lattice-best-path:main():lattice-best-path.cc:99) For utterance M07UP51A0050I42, best cost 22.0289 + 765.587 = 787.616 over 298 frames.
M07UP51A0050I42 shiwapurii 
LOG (lattice-best-path:main():lattice-best-path.cc:99) For utterance M07UP51A0050I45, best cost 15.7278 + 816.084 = 831.812 over 298 frames.
M07UP51A0050I45 siihoura 
LOG (lattice-best-path:main():lattice-best-path.cc:99) For utterance M07UP51A0052I301, best cost 21.2156 + 1116.92 = 1138.14 over 498 frames.
M07UP51A0052I301 kharagona 
LOG (lattice-best-path:main():lattice-best-path.cc:99) For utterance M07UP51A0052I303, best cost 14.306 + 1024.41 = 1038.72 over 498 frames.
M07UP51A0052I303 riiwaa 
LOG (lattice-best-path:main():lattice-best-path.cc:99) For utterance M07UP51A0052I412, best cost 17.7664 + 663.544 = 681.31 over 298 frames.
M07UP51A0052I412 mureinaa 
LOG (lattice-best-path:main():lattice-best-path.cc:99) For utterance M07UP51A0052I45, best cost 14.282 + 788.084 = 802.366 over 298 frames.
M07UP51A0052I45 kharagona 
LOG (lattice-best-path:main():lattice-best-path.cc:99) For utterance M07UP51A0053I302, best cost 21.6094 + 1146.29 = 1167.9 over 498 frames.
M07UP51A0053I302 saagara 
LOG (lattice-best-path:main():lattice-best-path.cc:99) For utterance M07UP51A0054I40, best cost 12.6205 + 930.489 = 943.11 over 298 frames.
M07UP51A0054I40 mureinaa 
LOG (lattice-best-path:main():lattice-best-path.cc:99) For utterance M07UP51A0054I47, best cost 12.755 + 882.145 = 894.9 over 298 frames.
M07UP51A0054I47 mureinaa 
LOG (lattice-best-path:main():lattice-best-path.cc:99) For utterance M07UP51A0094I411, best cost 22.2338 + 712.2 = 734.434 over 298 frames.
M07UP51A0094I411 haradaa 
LOG (lattice-best-path:main():lattice-best-path.cc:99) For utterance M07UP52A0193I300, best cost 27.8507 + 1219.46 = 1247.31 over 498 frames.
M07UP52A0193I300 narasinghapura 
LOG (lattice-best-path:main():lattice-best-path.cc:99) For utterance M07UP52A0193I302, best cost 22.703 + 1158.79 = 1181.49 over 498 frames.
M07UP52A0193I302 dhaara 
LOG (lattice-best-path:main():lattice-best-path.cc:99) For utterance M07UP52A0193I43, best cost 12.8786 + 666.286 = 679.165 over 298 frames.
M07UP52A0193I43 siwanii 
LOG (lattice-best-path:main():lattice-best-path.cc:99) For utterance M07UP52A0195I45, best cost 11.4721 + 894.608 = 906.081 over 298 frames.
M07UP52A0195I45 dhaara 
LOG (lattice-best-path:main():lattice-best-path.cc:99) For utterance M07UP52A0196I300, best cost 23.8284 + 1259.65 = 1283.47 over 498 frames.
M07UP52A0196I300 jabalapura 
LOG (lattice-best-path:main():lattice-best-path.cc:99) For utterance M07UP52A0196I41, best cost 8.24504 + 782.842 = 791.087 over 292 frames.
M07UP52A0196I41 dhaara 
LOG (lattice-best-path:main():lattice-best-path.cc:99) For utterance M07UP52A0199I41, best cost 16.8407 + 970.766 = 987.607 over 298 frames.
M07UP52A0199I41 haradaa 
LOG (lattice-best-path:main():lattice-best-path.cc:99) For utterance M07UP52A0202I302, best cost 16.1529 + 1540.63 = 1556.78 over 498 frames.
M07UP52A0202I302 dhaara 
LOG (lattice-best-path:main():lattice-best-path.cc:99) For utterance M07UP52A0202I40, best cost 13.2265 + 919.991 = 933.217 over 298 frames.
M07UP52A0202I40 deewaasa 
LOG (lattice-best-path:main():lattice-best-path.cc:99) For utterance M07UP52A0202I45, best cost 14.7477 + 940.965 = 955.712 over 298 frames.
M07UP52A0202I45 damoha 
LOG (lattice-best-path:main():lattice-best-path.cc:99) For utterance M07UP52A0205I43, best cost 18.7484 + 805.314 = 824.062 over 298 frames.
M07UP52A0205I43 deewaasa 
LOG (lattice-best-path:main():lattice-best-path.cc:99) For utterance M07UP52A0206I302, best cost 30.4153 + 1218.52 = 1248.94 over 498 frames.
M07UP52A0206I302 shiwapurii 
LOG (lattice-best-path:main():lattice-best-path.cc:99) For utterance M07UP52A0206I40, best cost 13.0892 + 916.571 = 929.66 over 298 frames.
M07UP52A0206I40 damoha 
LOG (lattice-best-path:main():lattice-best-path.cc:99) For utterance M07UP52A0207I42, best cost 18.0192 + 872.136 = 890.155 over 298 frames.
M07UP52A0207I42 saagara 
LOG (lattice-best-path:main():lattice-best-path.cc:99) For utterance M07UP52A0210I300, best cost 18.159 + 1508.38 = 1526.54 over 498 frames.
M07UP52A0210I300 mureinaa 
LOG (lattice-best-path:main():lattice-best-path.cc:99) For utterance M07UP52A0210I43, best cost 17.0826 + 920.405 = 937.487 over 298 frames.
M07UP52A0210I43 saagara 
LOG (lattice-best-path:main():lattice-best-path.cc:99) For utterance M07UP52A0210I603, best cost 43.2369 + 2986.8 = 3030.04 over 998 frames.
M07UP52A0210I603 mureinaa 
LOG (lattice-best-path:main():lattice-best-path.cc:99) For utterance M07UP52A0211I300, best cost 18.5791 + 1602.76 = 1621.34 over 500 frames.
M07UP52A0211I300 shiwapurii 
LOG (lattice-best-path:main():lattice-best-path.cc:99) For utterance M07UP52A0213I45, best cost 13.9876 + 611.603 = 625.59 over 298 frames.
M07UP52A0213I45 jabalapura 
LOG (lattice-best-path:main():lattice-best-path.cc:99) For utterance M07UP53A0072I44, best cost 11.2277 + 855.35 = 866.577 over 298 frames.
M07UP53A0072I44 riiwaa 
LOG (lattice-best-path:main():lattice-best-path.cc:99) For utterance M07UP53A0076I413, best cost 9.20943 + 857.823 = 867.032 over 298 frames.
M07UP53A0076I413 dhaara 
LOG (lattice-best-path:main():lattice-best-path.cc:99) For utterance M07UP53A0079I42, best cost 9.8397 + 866.309 = 876.149 over 298 frames.
M07UP53A0079I42 saagara 
LOG (lattice-best-path:main():lattice-best-path.cc:99) For utterance M07UP53A0080I41, best cost 13.8148 + 583.468 = 597.283 over 298 frames.
M07UP53A0080I41 aliraajapura 
LOG (lattice-best-path:main():lattice-best-path.cc:99) For utterance M07UP53A0080I413, best cost 19.9439 + 737.277 = 757.221 over 298 frames.
M07UP53A0080I413 saagara 
LOG (lattice-best-path:main():lattice-best-path.cc:99) For utterance M07UP53A0080I42, best cost 14.7781 + 698.507 = 713.286 over 298 frames.
M07UP53A0080I42 katxanii 
LOG (lattice-best-path:main():lattice-best-path.cc:99) For utterance M07UP53A0081I424, best cost 10.0041 + 614.629 = 624.633 over 298 frames.
M07UP53A0081I424 saagara 
LOG (lattice-best-path:main():lattice-best-path.cc:99) For utterance M07UP53A0083I419, best cost 18.6751 + 831.807 = 850.483 over 298 frames.
M07UP53A0083I419 shiwapurii 
LOG (lattice-best-path:main():lattice-best-path.cc:99) For utterance M07UP53A0085I45, best cost 16.813 + 917.084 = 933.897 over 300 frames.
M07UP53A0085I45 haradaa 
LOG (lattice-best-path:main():lattice-best-path.cc:99) For utterance M07UP53A0088I413, best cost 12.6481 + 889.26 = 901.908 over 298 frames.
M07UP53A0088I413 gwaaliyara 
LOG (lattice-best-path:main():lattice-best-path.cc:99) For utterance M07UP53A0090I410, best cost 11.1006 + 941.904 = 953.005 over 300 frames.
M07UP53A0090I410 gwaaliyara 
LOG (lattice-best-path:main():lattice-best-path.cc:99) For utterance M07UP54A1272I428, best cost 13.002 + 826.06 = 839.062 over 298 frames.
M07UP54A1272I428 kharagona 
LOG (lattice-best-path:main():lattice-best-path.cc:99) For utterance M07UP54A1280I300, best cost 25.7569 + 1325.05 = 1350.8 over 498 frames.
M07UP54A1280I300 indoura 
LOG (lattice-best-path:main():lattice-best-path.cc:99) For utterance M07UP54A1290I45, best cost 16.232 + 859.901 = 876.133 over 300 frames.
M07UP54A1290I45 jabalapura 
LOG (lattice-best-path:main():lattice-best-path.cc:99) For utterance M07UP55A0462I422, best cost 16.3202 + 759.338 = 775.658 over 298 frames.
M07UP55A0462I422 gwaaliyara 
LOG (lattice-best-path:main():lattice-best-path.cc:99) For utterance M07UP55A0464I303, best cost 19.7723 + 1179.02 = 1198.79 over 498 frames.
M07UP55A0464I303 shyopura 
LOG (lattice-best-path:main():lattice-best-path.cc:99) For utterance M07UP55A0464I42, best cost 18.5681 + 805.212 = 823.781 over 298 frames.
M07UP55A0464I42 shahadxola 
LOG (lattice-best-path:main():lattice-best-path.cc:99) For utterance M07UP55A0469I300, best cost 24.87 + 1299.98 = 1324.85 over 498 frames.
M07UP55A0469I300 dhaara 
LOG (lattice-best-path:main():lattice-best-path.cc:99) For utterance M07UP55A0469I40, best cost 21.8835 + 719.658 = 741.542 over 298 frames.
M07UP55A0469I40 katxanii 
LOG (lattice-best-path:main():lattice-best-path.cc:99) For utterance M07UP55A0470I301, best cost 23.2277 + 1234.72 = 1257.95 over 498 frames.
M07UP55A0470I301 anuupapura 
LOG (lattice-best-path:main():lattice-best-path.cc:99) For utterance M07UP55A0474I40, best cost 15.3904 + 947.182 = 962.572 over 298 frames.
M07UP55A0474I40 damoha 
LOG (lattice-best-path:main():lattice-best-path.cc:99) For utterance M07UP55A0476I42, best cost 19.8675 + 924.82 = 944.687 over 298 frames.
M07UP55A0476I42 mureinaa 
LOG (lattice-best-path:main():lattice-best-path.cc:99) For utterance M07UP55A0477I301, best cost 19.8935 + 1177.25 = 1197.14 over 498 frames.
M07UP55A0477I301 anuupapura 
LOG (lattice-best-path:main():lattice-best-path.cc:99) For utterance M07UP55A0480I300, best cost 16.8103 + 1349.94 = 1366.75 over 498 frames.
M07UP55A0480I300 betuula 
LOG (lattice-best-path:main():lattice-best-path.cc:99) For utterance M07UP56A0695I300, best cost 31.7241 + 1481.23 = 1512.95 over 498 frames.
M07UP56A0695I300 aliraajapura 
LOG (lattice-best-path:main():lattice-best-path.cc:99) For utterance M07UP56A0699I301, best cost 34.7996 + 1265.38 = 1300.18 over 498 frames.
M07UP56A0699I301 siwanii 
LOG (lattice-best-path:main():lattice-best-path.cc:99) For utterance M07UP56A0706I43, best cost 16.898 + 877.569 = 894.467 over 298 frames.
M07UP56A0706I43 saagara 
LOG (lattice-best-path:main():lattice-best-path.cc:99) For utterance M07UP56A0707I45, best cost 12.5899 + 597.871 = 610.461 over 298 frames.
M07UP56A0707I45 singaroulii 
LOG (lattice-best-path:main():lattice-best-path.cc:99) For utterance M07UP56A0708I47, best cost 20.1559 + 846.008 = 866.164 over 298 frames.
M07UP56A0708I47 shiwapurii 
LOG (lattice-best-path:main():lattice-best-path.cc:99) For utterance M07UP56A0710I421, best cost 20.3232 + 788.218 = 808.541 over 298 frames.
M07UP56A0710I421 singaroulii 
LOG (lattice-best-path:main():lattice-best-path.cc:99) For utterance M07UP57A0404I43, best cost 18.4893 + 708.067 = 726.557 over 298 frames.
M07UP57A0404I43 katxanii 
LOG (lattice-best-path:main():lattice-best-path.cc:99) For utterance M07UP57A0406I300, best cost 21.8413 + 1217.79 = 1239.63 over 498 frames.
M07UP57A0406I300 badxqawaanii 
LOG (lattice-best-path:main():lattice-best-path.cc:99) For utterance M07UP57A0409I42, best cost 14.4096 + 663.801 = 678.211 over 298 frames.
M07UP57A0409I42 burahaanapura 
LOG (lattice-best-path:main():lattice-best-path.cc:99) For utterance M07UP57A0411I301, best cost 17.5997 + 1322.31 = 1339.91 over 498 frames.
M07UP57A0411I301 badxqawaanii 
LOG (lattice-best-path:main():lattice-best-path.cc:99) For utterance M07UP57A0413I301, best cost 18.4965 + 1078.17 = 1096.66 over 498 frames.
M07UP57A0413I301 shiwapurii 
LOG (lattice-best-path:main():lattice-best-path.cc:99) For utterance M07UP57A0413I41, best cost 12.8429 + 901.032 = 913.875 over 298 frames.
M07UP57A0413I41 dhaara 
LOG (lattice-best-path:main():lattice-best-path.cc:99) For utterance M07UP57A0413I507, best cost 11.3598 + 901.373 = 912.733 over 298 frames.
M07UP57A0413I507 saagara 
LOG (lattice-best-path:main():lattice-best-path.cc:99) For utterance M07UP57A0416I301, best cost 24.2272 + 1451.71 = 1475.94 over 498 frames.
M07UP57A0416I301 txikamagadxhq 
LOG (lattice-best-path:main():lattice-best-path.cc:99) For utterance M07UP57A0417I301, best cost 24.3231 + 1287.27 = 1311.59 over 498 frames.
M07UP57A0417I301 jabalapura 
LOG (lattice-best-path:main():lattice-best-path.cc:99) For utterance M07UP57A0417I42, best cost 15.2663 + 886.835 = 902.102 over 298 frames.
M07UP57A0417I42 damoha 
LOG (lattice-best-path:main():lattice-best-path.cc:99) For utterance M07UP57A0418I303, best cost 21.8591 + 1393.68 = 1415.54 over 498 frames.
M07UP57A0418I303 shiwapurii 
LOG (lattice-best-path:main():lattice-best-path.cc:99) For utterance M07UP60A0942I416, best cost 11.6146 + 608.663 = 620.278 over 298 frames.
M07UP60A0942I416 badxqawaanii 
LOG (lattice-best-path:main():lattice-best-path.cc:99) For utterance M07UP60A0942I418, best cost 13.8333 + 748.937 = 762.771 over 298 frames.
M07UP60A0942I418 kharagona 
LOG (lattice-best-path:main():lattice-best-path.cc:99) For utterance M07UP60A0944I42, best cost 19.7536 + 775.172 = 794.926 over 298 frames.
M07UP60A0944I42 chatarapura 
LOG (lattice-best-path:main():lattice-best-path.cc:99) For utterance M07UP60A0946I303, best cost 33.42 + 1308.18 = 1341.6 over 498 frames.
M07UP60A0946I303 chatarapura 
LOG (lattice-best-path:main():lattice-best-path.cc:99) For utterance M07UP60A0954I303, best cost 15.499 + 912.965 = 928.464 over 498 frames.
M07UP60A0954I303 anuupapura 
LOG (lattice-best-path:main():lattice-best-path.cc:99) For utterance M07UP60A0955I301, best cost 23.5673 + 973.917 = 997.484 over 498 frames.
M07UP60A0955I301 bhopaala 
LOG (lattice-best-path:main():lattice-best-path.cc:99) For utterance M07UP60A0955I302, best cost 16.5568 + 913.954 = 930.51 over 498 frames.
M07UP60A0955I302 mureinaa 
LOG (lattice-best-path:main():lattice-best-path.cc:99) For utterance M07UP60A0956I414, best cost 20.5267 + 845.22 = 865.747 over 298 frames.
M07UP60A0956I414 txikamagadxhq 
LOG (lattice-best-path:main():lattice-best-path.cc:99) For utterance M07UP60A0957I412, best cost 14.2095 + 731.253 = 745.462 over 298 frames.
M07UP60A0957I412 badxqawaanii 
LOG (lattice-best-path:main():lattice-best-path.cc:99) For utterance M07UP60A0957I413, best cost 13.837 + 695.367 = 709.204 over 298 frames.
M07UP60A0957I413 raajagadxhqa 
LOG (lattice-best-path:main():lattice-best-path.cc:99) For utterance M07UP61A0966I300, best cost 18.2023 + 1065.32 = 1083.52 over 498 frames.
M07UP61A0966I300 singaroulii 
LOG (lattice-best-path:main():lattice-best-path.cc:99) For utterance M07UP61A0968I301, best cost 21.367 + 1010.57 = 1031.94 over 498 frames.
M07UP61A0968I301 badxqawaanii 
LOG (lattice-best-path:main():lattice-best-path.cc:99) For utterance M07UP61A0971I302, best cost 21.1564 + 1125.35 = 1146.51 over 498 frames.
M07UP61A0971I302 singaroulii 
LOG (lattice-best-path:main():lattice-best-path.cc:99) For utterance M07UP61A0972I44, best cost 18.1432 + 833.4 = 851.543 over 298 frames.
M07UP61A0972I44 chatarapura 
LOG (lattice-best-path:main():lattice-best-path.cc:99) For utterance M07UP61A0980I301, best cost 26.6217 + 1441.04 = 1467.66 over 498 frames.
M07UP61A0980I301 shaajaapura 
LOG (lattice-best-path:main():lattice-best-path.cc:99) For utterance M07UP64A0382I300, best cost 31.6676 + 1380.91 = 1412.58 over 498 frames.
M07UP64A0382I300 damoha 
LOG (lattice-best-path:main():lattice-best-path.cc:99) For utterance M07UP64A0382I301, best cost 16.0091 + 1459.17 = 1475.18 over 498 frames.
M07UP64A0382I301 gwaaliyara 
LOG (lattice-best-path:main():lattice-best-path.cc:99) For utterance M07UP64A0386I42, best cost 13.522 + 807.285 = 820.807 over 298 frames.
M07UP64A0386I42 umariyaa 
LOG (lattice-best-path:main():lattice-best-path.cc:99) For utterance M07UP64A0389I42, best cost 18.4142 + 630.941 = 649.356 over 298 frames.
M07UP64A0389I42 damoha 
LOG (lattice-best-path:main():lattice-best-path.cc:99) For utterance M07UP64A0390I300, best cost 22.7105 + 1186.42 = 1209.13 over 498 frames.
M07UP64A0390I300 damoha 
LOG (lattice-best-path:main():lattice-best-path.cc:99) For utterance M07UP64A0391I302, best cost 24.9181 + 1278.46 = 1303.38 over 498 frames.
M07UP64A0391I302 singaroulii 
LOG (lattice-best-path:main():lattice-best-path.cc:99) For utterance M07UP64A0391I303, best cost 27.9998 + 1263.44 = 1291.44 over 498 frames.
M07UP64A0391I303 betuula 
LOG (lattice-best-path:main():lattice-best-path.cc:99) For utterance M07UP64A0392I301, best cost 11.9246 + 868.156 = 880.08 over 498 frames.
M07UP64A0392I301 badxqawaanii 
LOG (lattice-best-path:main():lattice-best-path.cc:99) For utterance M07UP64A0393I41, best cost 10.3861 + 877.297 = 887.683 over 298 frames.
M07UP64A0393I41 riiwaa 
LOG (lattice-best-path:main():lattice-best-path.cc:99) For utterance M07UP64A0396I43, best cost 15.3926 + 903.459 = 918.851 over 300 frames.
M07UP64A0396I43 badxqawaanii 
LOG (lattice-best-path:main():lattice-best-path.cc:99) For utterance M07UP64A0399I302, best cost 28.555 + 1292.78 = 1321.34 over 498 frames.
M07UP64A0399I302 indoura 
LOG (lattice-best-path:main():lattice-best-path.cc:99) For utterance M07UP64A0400I300, best cost 27.3368 + 1391.18 = 1418.51 over 498 frames.
M07UP64A0400I300 txikamagadxhq 
LOG (lattice-best-path:main():lattice-best-path.cc:99) For utterance M07UP64A0400I426, best cost 18.2869 + 762.626 = 780.913 over 298 frames.
M07UP64A0400I426 umariyaa 
LOG (lattice-best-path:main():lattice-best-path.cc:99) For utterance M07UP64A0401I43, best cost 18.9296 + 822.799 = 841.728 over 300 frames.
M07UP64A0401I43 badxqawaanii 
LOG (lattice-best-path:main():lattice-best-path.cc:99) For utterance M07UP66A0674I303, best cost 20.7567 + 1315.1 = 1335.86 over 498 frames.
M07UP66A0674I303 aliraajapura 
LOG (lattice-best-path:main():lattice-best-path.cc:99) For utterance M07UP66A0676I303, best cost 13.9681 + 1420.12 = 1434.09 over 498 frames.
M07UP66A0676I303 umariyaa 
LOG (lattice-best-path:main():lattice-best-path.cc:99) For utterance M07UP66A0684I43, best cost 18.4201 + 742.978 = 761.398 over 298 frames.
M07UP66A0684I43 burahaanapura 
LOG (lattice-best-path:main():lattice-best-path.cc:99) For utterance M07UP66A0685I42, best cost 17.7831 + 768.236 = 786.019 over 298 frames.
M07UP66A0685I42 datiyaa 
LOG (lattice-best-path:main():lattice-best-path.cc:99) For utterance M07UP66A0687I301, best cost 10.7999 + 949.682 = 960.482 over 498 frames.
M07UP66A0687I301 mandxalaa 
LOG (lattice-best-path:main():lattice-best-path.cc:99) For utterance M07UP66A0688I410, best cost 17.6788 + 655.29 = 672.969 over 298 frames.
M07UP66A0688I410 mureinaa 
LOG (lattice-best-path:main():lattice-best-path.cc:99) For utterance M07UP66A0692I301, best cost 20.4105 + 1294.26 = 1314.67 over 498 frames.
M07UP66A0692I301 haradaa 
LOG (lattice-best-path:main():lattice-best-path.cc:99) For utterance M07UP72A0730I42, best cost 13.7885 + 813.469 = 827.258 over 298 frames.
M07UP72A0730I42 ratalaama 
LOG (lattice-scale:main():lattice-scale.cc:90) Done 553 lattices.
LOG (lattice-best-path:main():lattice-best-path.cc:99) For utterance M07UP72A0730I46, best cost 16.301 + 729.845 = 746.146 over 298 frames.
M07UP72A0730I46 singaroulii 
LOG (lattice-best-path:main():lattice-best-path.cc:99) For utterance M07UP72A0731I42, best cost 19.0258 + 896.257 = 915.283 over 298 frames.
M07UP72A0731I42 jabalapura 
LOG (lattice-best-path:main():lattice-best-path.cc:99) For utterance M07UP73A0922I300, best cost 22.0445 + 1448.83 = 1470.88 over 498 frames.
M07UP73A0922I300 chatarapura 
LOG (lattice-best-path:main():lattice-best-path.cc:99) For utterance M07UP73A0923I41, best cost 14.3659 + 838.662 = 853.027 over 298 frames.
M07UP73A0923I41 jabalapura 
LOG (lattice-best-path:main():lattice-best-path.cc:99) For utterance M07UP73A0924I41, best cost 16.042 + 787.496 = 803.539 over 298 frames.
M07UP73A0924I41 anuupapura 
LOG (lattice-best-path:main():lattice-best-path.cc:99) For utterance M07UP73A0925I42, best cost 11.4192 + 641.263 = 652.682 over 298 frames.
M07UP73A0925I42 raajagadxhqa 
LOG (lattice-best-path:main():lattice-best-path.cc:99) For utterance M07UP73A0927I43, best cost 20.3447 + 743.675 = 764.02 over 298 frames.
M07UP73A0927I43 badxqawaanii 
LOG (lattice-best-path:main():lattice-best-path.cc:99) For utterance M07UP73A0929I42, best cost 23.8211 + 825.651 = 849.472 over 298 frames.
M07UP73A0929I42 raajagadxhqa 
LOG (lattice-best-path:main():lattice-best-path.cc:99) For utterance M07UP73A0930I43, best cost 25.2845 + 739.248 = 764.532 over 298 frames.
M07UP73A0930I43 satanaa 
LOG (lattice-best-path:main():lattice-best-path.cc:99) For utterance M07UP73A0931I49, best cost 18.2995 + 830.399 = 848.698 over 298 frames.
M07UP73A0931I49 raayeseena 
LOG (lattice-best-path:main():lattice-best-path.cc:99) For utterance M07UP73A0937I42, best cost 11.8585 + 701.797 = 713.655 over 298 frames.
M07UP73A0937I42 ratalaama 
LOG (lattice-best-path:main():lattice-best-path.cc:99) For utterance M07UP73A0938I42, best cost 18.7359 + 705.834 = 724.57 over 298 frames.
M07UP73A0938I42 ratalaama 
LOG (lattice-best-path:main():lattice-best-path.cc:99) For utterance M07UP74A0802I303, best cost 29.0238 + 1171.57 = 1200.6 over 498 frames.
M07UP74A0802I303 anuupapura 
LOG (lattice-best-path:main():lattice-best-path.cc:99) For utterance M07UP74A0813I300, best cost 21.6711 + 1090.9 = 1112.57 over 498 frames.
M07UP74A0813I300 gunaa 
LOG (lattice-best-path:main():lattice-best-path.cc:99) For utterance M07UP74A0814I301, best cost 29.9223 + 1054.98 = 1084.91 over 504 frames.
M07UP74A0814I301 anuupapura 
LOG (lattice-best-path:main():lattice-best-path.cc:99) For utterance M07UP74A0817I42, best cost 19.0992 + 701.221 = 720.32 over 300 frames.
M07UP74A0817I42 raayeseena 
LOG (lattice-add-penalty:main():lattice-add-penalty.cc:62) Done adding word insertion penalty to 553 lattices.
LOG (lattice-best-path:main():lattice-best-path.cc:99) For utterance M07UP75A0755I303, best cost 32.3778 + 1265.86 = 1298.24 over 498 frames.
M07UP75A0755I303 mandxalaa 
LOG (lattice-best-path:main():lattice-best-path.cc:99) For utterance M07UP75A0758I300, best cost 19.8247 + 1255.09 = 1274.91 over 498 frames.
M07UP75A0758I300 datiyaa 
LOG (lattice-best-path:main():lattice-best-path.cc:99) For utterance M07UP75A0764I302, best cost 31.9474 + 1320.55 = 1352.5 over 498 frames.
M07UP75A0764I302 mandxalaa 
LOG (lattice-best-path:main():lattice-best-path.cc:99) For utterance M07UP75A0764I42, best cost 18.8253 + 811.807 = 830.632 over 298 frames.
M07UP75A0764I42 jabalapura 
LOG (lattice-best-path:main():lattice-best-path.cc:99) For utterance M07UP75A0768I40, best cost 10.6417 + 728.911 = 739.553 over 298 frames.
M07UP75A0768I40 dhaara 
LOG (lattice-best-path:main():lattice-best-path.cc:99) For utterance M07UP75A0769I301, best cost 22.5887 + 1089.56 = 1112.15 over 498 frames.
M07UP75A0769I301 jabalapura 
LOG (lattice-best-path:main():lattice-best-path.cc:99) For utterance M07UP75A0770I303, best cost 23.6064 + 1201.09 = 1224.7 over 498 frames.
M07UP75A0770I303 mandxalaa 
LOG (lattice-best-path:main():lattice-best-path.cc:99) For utterance M07UP75A0771I42, best cost 15.4778 + 742.341 = 757.819 over 298 frames.
M07UP75A0771I42 singaroulii 
LOG (lattice-best-path:main():lattice-best-path.cc:99) For utterance M07UP75A0771I43, best cost 16.3771 + 782.224 = 798.601 over 298 frames.
M07UP75A0771I43 jabalapura 
LOG (lattice-best-path:main():lattice-best-path.cc:99) For utterance M07UP75A0772I300, best cost 12.9478 + 1143.49 = 1156.43 over 498 frames.
M07UP75A0772I300 shiwapurii 
LOG (lattice-best-path:main():lattice-best-path.cc:99) For utterance M07UP75A0773I41, best cost 15.1758 + 696.622 = 711.797 over 298 frames.
M07UP75A0773I41 shyopura 
LOG (lattice-best-path:main():lattice-best-path.cc:124) Overall cost per frame is 2.63436 = 0.0474956 [graph] + 2.58687 [acoustic] over 207364 frames.
LOG (lattice-best-path:main():lattice-best-path.cc:128) Done 553 lattices, failed for 0
# Accounting: time=1 threads=1
# Ended (code 0) at Mon Jul 25 02:14:40 IST 2016, elapsed time 1 seconds
