# lattice-scale --inv-acoustic-scale=13 "ark:gunzip -c exp/tri2_1600_25600/decode/lat.*.gz|" ark:- | lattice-add-penalty --word-ins-penalty=0.5 ark:- ark:- | lattice-best-path --word-symbol-table=exp/tri2_1600_25600/graph/words.txt ark:- ark,t:- | utils/int2sym.pl -f 2- exp/tri2_1600_25600/graph/words.txt | cat > exp/tri2_1600_25600/decode/scoring_kaldi/penalty_0.5/13.txt 
# Started at Mon Jul 25 00:39:15 IST 2016
#
lattice-best-path --word-symbol-table=exp/tri2_1600_25600/graph/words.txt ark:- ark,t:- 
lattice-add-penalty --word-ins-penalty=0.5 ark:- ark:- 
lattice-scale --inv-acoustic-scale=13 'ark:gunzip -c exp/tri2_1600_25600/decode/lat.*.gz|' ark:- 
LOG (lattice-best-path:main():lattice-best-path.cc:99) For utterance F07UP02A0332I42, best cost 19.4691 + 1212.3 = 1231.77 over 300 frames.
F07UP02A0332I42 uttarpradesh 
LOG (lattice-best-path:main():lattice-best-path.cc:99) For utterance F07UP02A0332I43, best cost 16.8128 + 1111.19 = 1128 over 298 frames.
F07UP02A0332I43 eempii 
LOG (lattice-best-path:main():lattice-best-path.cc:99) For utterance F07UP06A0432I42, best cost 17.7977 + 944.488 = 962.286 over 300 frames.
F07UP06A0432I42 eempii 
LOG (lattice-best-path:main():lattice-best-path.cc:99) For utterance F07UP07A0094I427, best cost 15.4719 + 1059.34 = 1074.82 over 298 frames.
F07UP07A0094I427 eempii 
LOG (lattice-best-path:main():lattice-best-path.cc:99) For utterance F07UP07A0096I44, best cost 21.5231 + 1254.14 = 1275.66 over 298 frames.
F07UP07A0096I44 yuupii 
LOG (lattice-best-path:main():lattice-best-path.cc:99) For utterance F07UP09A0491I46, best cost 16.8834 + 1268.62 = 1285.51 over 298 frames.
F07UP09A0491I46 yuupii 
LOG (lattice-best-path:main():lattice-best-path.cc:99) For utterance F07UP11A1331I301, best cost 12.8316 + 1602.43 = 1615.27 over 498 frames.
F07UP11A1331I301 eempii 
LOG (lattice-best-path:main():lattice-best-path.cc:99) For utterance F07UP19A0344I46, best cost 17.5259 + 965.057 = 982.583 over 298 frames.
F07UP19A0344I46 yuupii 
LOG (lattice-best-path:main():lattice-best-path.cc:99) For utterance F07UP21A0612I41, best cost 14.4169 + 1055.96 = 1070.37 over 298 frames.
F07UP21A0612I41 eempii 
LOG (lattice-best-path:main():lattice-best-path.cc:99) For utterance F07UP22A1336I429, best cost 16.6824 + 1140.84 = 1157.53 over 298 frames.
F07UP22A1336I429 eempii 
LOG (lattice-best-path:main():lattice-best-path.cc:99) For utterance F07UP22A1336I501, best cost 16.7934 + 1376.77 = 1393.57 over 398 frames.
F07UP22A1336I501 eempii 
LOG (lattice-best-path:main():lattice-best-path.cc:99) For utterance F07UP22A1343I301, best cost 11.6454 + 1613.32 = 1624.96 over 498 frames.
F07UP22A1343I301 yuupii 
LOG (lattice-best-path:main():lattice-best-path.cc:99) For utterance F07UP22A1343I47, best cost 17.3371 + 1282.57 = 1299.91 over 298 frames.
F07UP22A1343I47 yuupii 
LOG (lattice-best-path:main():lattice-best-path.cc:99) For utterance F07UP22A1345I47, best cost 14.652 + 978.292 = 992.944 over 298 frames.
F07UP22A1345I47 yuupii 
LOG (lattice-best-path:main():lattice-best-path.cc:99) For utterance F07UP22A1346I435, best cost 19.5759 + 1273.51 = 1293.08 over 300 frames.
F07UP22A1346I435 yuupii 
LOG (lattice-best-path:main():lattice-best-path.cc:99) For utterance F07UP23A0248I41, best cost 13.7599 + 1412.76 = 1426.52 over 298 frames.
F07UP23A0248I41 yuupii 
LOG (lattice-best-path:main():lattice-best-path.cc:99) For utterance F07UP24A0182I302, best cost 15.9139 + 2088.74 = 2104.66 over 498 frames.
F07UP24A0182I302 eempii 
LOG (lattice-best-path:main():lattice-best-path.cc:99) For utterance F07UP24A0182I41, best cost 14.7787 + 1326.44 = 1341.22 over 298 frames.
F07UP24A0182I41 eempii 
LOG (lattice-best-path:main():lattice-best-path.cc:99) For utterance F07UP24A0183I302, best cost 10.0995 + 2306.98 = 2317.08 over 498 frames.
F07UP24A0183I302 eempii 
LOG (lattice-best-path:main():lattice-best-path.cc:99) For utterance F07UP24A0183I47, best cost 17.666 + 1238.52 = 1256.18 over 298 frames.
F07UP24A0183I47 madhyapradesh 
LOG (lattice-best-path:main():lattice-best-path.cc:99) For utterance F07UP25A1212I41, best cost 13.6484 + 1379.61 = 1393.26 over 298 frames.
F07UP25A1212I41 uttarpradesh 
LOG (lattice-best-path:main():lattice-best-path.cc:99) For utterance F07UP25A1215I42, best cost 19.0121 + 1252.72 = 1271.73 over 298 frames.
F07UP25A1215I42 madhyapradesh 
LOG (lattice-best-path:main():lattice-best-path.cc:99) For utterance F07UP26A0256I43, best cost 16.6038 + 1245.84 = 1262.45 over 298 frames.
F07UP26A0256I43 eempii 
LOG (lattice-best-path:main():lattice-best-path.cc:99) For utterance F07UP28A0226I300, best cost 16.3083 + 2274.24 = 2290.55 over 498 frames.
F07UP28A0226I300 yuupii 
LOG (lattice-best-path:main():lattice-best-path.cc:99) For utterance F07UP28A0226I45, best cost 11.386 + 1336.13 = 1347.52 over 298 frames.
F07UP28A0226I45 yuupii 
LOG (lattice-best-path:main():lattice-best-path.cc:99) For utterance F07UP28A0227I301, best cost 26.7793 + 2206.18 = 2232.96 over 498 frames.
F07UP28A0227I301 madhyapradesh 
LOG (lattice-best-path:main():lattice-best-path.cc:99) For utterance F07UP28A0228I303, best cost 10.8625 + 2376.71 = 2387.57 over 498 frames.
F07UP28A0228I303 yuupii 
LOG (lattice-best-path:main():lattice-best-path.cc:99) For utterance F07UP29A0523I41, best cost 15.9975 + 1125.7 = 1141.7 over 298 frames.
F07UP29A0523I41 eempii 
LOG (lattice-best-path:main():lattice-best-path.cc:99) For utterance F07UP29A0523I44, best cost 15.8235 + 1034.18 = 1050.01 over 298 frames.
F07UP29A0523I44 eempii 
LOG (lattice-best-path:main():lattice-best-path.cc:99) For utterance F07UP31A1293I42, best cost 15.9783 + 1342.46 = 1358.43 over 298 frames.
F07UP31A1293I42 yuupii 
LOG (lattice-best-path:main():lattice-best-path.cc:99) For utterance F07UP34A0567I44, best cost 17.2259 + 1145.7 = 1162.93 over 300 frames.
F07UP34A0567I44 madhyapradesh 
LOG (lattice-best-path:main():lattice-best-path.cc:99) For utterance F07UP35A0453I300, best cost 20.9207 + 1683.64 = 1704.56 over 498 frames.
F07UP35A0453I300 eempii 
LOG (lattice-best-path:main():lattice-best-path.cc:99) For utterance F07UP37A0304I300, best cost 19.0451 + 1637.35 = 1656.39 over 498 frames.
F07UP37A0304I300 yuupii 
LOG (lattice-best-path:main():lattice-best-path.cc:99) For utterance F07UP38A0101I41, best cost 12.3101 + 1251.03 = 1263.34 over 298 frames.
F07UP38A0101I41 eempii 
LOG (lattice-best-path:main():lattice-best-path.cc:99) For utterance F07UP41A0286I40, best cost 12.2783 + 899.37 = 911.648 over 298 frames.
F07UP41A0286I40 eempii 
LOG (lattice-best-path:main():lattice-best-path.cc:99) For utterance F07UP41A0286I42, best cost 9.75586 + 774.482 = 784.238 over 298 frames.
F07UP41A0286I42 yuupii 
LOG (lattice-best-path:main():lattice-best-path.cc:99) For utterance F07UP52A0208I44, best cost 12.6208 + 1295.74 = 1308.36 over 298 frames.
F07UP52A0208I44 yuupii 
LOG (lattice-best-path:main():lattice-best-path.cc:99) For utterance F07UP54A1284I430, best cost 14.4118 + 1088.61 = 1103.02 over 298 frames.
F07UP54A1284I430 madhyapradesh 
LOG (lattice-best-path:main():lattice-best-path.cc:99) For utterance F07UP57A0408I41, best cost 14.1263 + 1295.53 = 1309.66 over 298 frames.
F07UP57A0408I41 yuupii 
LOG (lattice-best-path:main():lattice-best-path.cc:99) For utterance F07UP60A0943I300, best cost 25.0642 + 2205.84 = 2230.9 over 498 frames.
F07UP60A0943I300 uttarpradesh 
LOG (lattice-best-path:main():lattice-best-path.cc:99) For utterance F07UP60A0944I303, best cost 16.0079 + 1523.1 = 1539.1 over 498 frames.
F07UP60A0944I303 eempii 
LOG (lattice-best-path:main():lattice-best-path.cc:99) For utterance F07UP60A0949I300, best cost 27.2279 + 1773.21 = 1800.44 over 498 frames.
F07UP60A0949I300 eempii 
LOG (lattice-best-path:main():lattice-best-path.cc:99) For utterance F07UP60A0949I302, best cost 25.0558 + 1553.41 = 1578.47 over 498 frames.
F07UP60A0949I302 eempii 
LOG (lattice-best-path:main():lattice-best-path.cc:99) For utterance F07UP60A0949I303, best cost 25.1452 + 1560.93 = 1586.08 over 498 frames.
F07UP60A0949I303 uttarpradesh 
LOG (lattice-best-path:main():lattice-best-path.cc:99) For utterance F07UP60A0953I41, best cost 16.8243 + 989.157 = 1005.98 over 298 frames.
F07UP60A0953I41 eempii 
LOG (lattice-best-path:main():lattice-best-path.cc:99) For utterance F07UP60A0962I427, best cost 17.8678 + 1170.35 = 1188.22 over 298 frames.
F07UP60A0962I427 yuupii 
LOG (lattice-best-path:main():lattice-best-path.cc:99) For utterance F07UP60A0963I46, best cost 22.6294 + 1287.7 = 1310.33 over 298 frames.
F07UP60A0963I46 eempii 
LOG (lattice-best-path:main():lattice-best-path.cc:99) For utterance F07UP64A0395I300, best cost 21.1626 + 1796.33 = 1817.5 over 498 frames.
F07UP64A0395I300 eempii 
LOG (lattice-best-path:main():lattice-best-path.cc:99) For utterance F07UP64A0397I301, best cost 16.9858 + 2117.57 = 2134.55 over 498 frames.
F07UP64A0397I301 eempii 
LOG (lattice-best-path:main():lattice-best-path.cc:99) For utterance F07UP64A0402I41, best cost 20.8864 + 1099.3 = 1120.19 over 298 frames.
F07UP64A0402I41 eempii 
LOG (lattice-best-path:main():lattice-best-path.cc:99) For utterance F07UP72A0728I300, best cost 21.2937 + 2071.74 = 2093.03 over 498 frames.
F07UP72A0728I300 uttarpradesh 
LOG (lattice-best-path:main():lattice-best-path.cc:99) For utterance F07UP75A0756I300, best cost 28.2507 + 1767.16 = 1795.41 over 498 frames.
F07UP75A0756I300 uttarpradesh 
LOG (lattice-best-path:main():lattice-best-path.cc:99) For utterance F07UP75A0763I435, best cost 12.3361 + 969.959 = 982.295 over 300 frames.
F07UP75A0763I435 madhyapradesh 
LOG (lattice-best-path:main():lattice-best-path.cc:99) For utterance M07UP01A0057I427, best cost 18.832 + 1407.41 = 1426.25 over 298 frames.
M07UP01A0057I427 eempii 
LOG (lattice-best-path:main():lattice-best-path.cc:99) For utterance M07UP01A0062I412, best cost 12.8536 + 1287.11 = 1299.96 over 298 frames.
M07UP01A0062I412 eempii 
LOG (lattice-best-path:main():lattice-best-path.cc:99) For utterance M07UP01A0062I45, best cost 20.6942 + 1080.72 = 1101.42 over 300 frames.
M07UP01A0062I45 eempii 
LOG (lattice-best-path:main():lattice-best-path.cc:99) For utterance M07UP01A0063I43, best cost 13.5148 + 1360 = 1373.52 over 298 frames.
M07UP01A0063I43 eempii 
LOG (lattice-best-path:main():lattice-best-path.cc:99) For utterance M07UP01A0069I413, best cost 13.5625 + 1158.22 = 1171.78 over 298 frames.
M07UP01A0069I413 yuupii 
LOG (lattice-best-path:main():lattice-best-path.cc:99) For utterance M07UP01A0160I420, best cost 16.7178 + 1166.41 = 1183.13 over 298 frames.
M07UP01A0160I420 uttarpradesh 
LOG (lattice-best-path:main():lattice-best-path.cc:99) For utterance M07UP01A0160I430, best cost 13.2555 + 1249.71 = 1262.96 over 298 frames.
M07UP01A0160I430 eempii 
LOG (lattice-best-path:main():lattice-best-path.cc:99) For utterance M07UP01A0160I47, best cost 14.1365 + 1312.52 = 1326.66 over 298 frames.
M07UP01A0160I47 yuupii 
LOG (lattice-best-path:main():lattice-best-path.cc:99) For utterance M07UP02A0321I47, best cost 12.9823 + 1134.93 = 1147.91 over 300 frames.
M07UP02A0321I47 eempii 
LOG (lattice-best-path:main():lattice-best-path.cc:99) For utterance M07UP02A0323I300, best cost 11.78 + 1741.65 = 1753.43 over 498 frames.
M07UP02A0323I300 eempii 
LOG (lattice-best-path:main():lattice-best-path.cc:99) For utterance M07UP02A0325I43, best cost 15.2458 + 1321.66 = 1336.91 over 298 frames.
M07UP02A0325I43 yuupii 
LOG (lattice-best-path:main():lattice-best-path.cc:99) For utterance M07UP02A0329I43, best cost 16.2954 + 986.665 = 1002.96 over 298 frames.
M07UP02A0329I43 eempii 
LOG (lattice-best-path:main():lattice-best-path.cc:99) For utterance M07UP02A0330I303, best cost 19.1258 + 1520.89 = 1540.02 over 498 frames.
M07UP02A0330I303 eempii 
LOG (lattice-best-path:main():lattice-best-path.cc:99) For utterance M07UP02A0333I45, best cost 20.8308 + 1109.6 = 1130.44 over 298 frames.
M07UP02A0333I45 yuupii 
LOG (lattice-best-path:main():lattice-best-path.cc:99) For utterance M07UP02A0335I301, best cost 19.8767 + 2062.3 = 2082.18 over 498 frames.
M07UP02A0335I301 yuupii 
LOG (lattice-best-path:main():lattice-best-path.cc:99) For utterance M07UP02A0336I44, best cost 16.6826 + 1145.54 = 1162.23 over 290 frames.
M07UP02A0336I44 uttarpradesh 
LOG (lattice-best-path:main():lattice-best-path.cc:99) For utterance M07UP02A0337I41, best cost 16.9386 + 1315.36 = 1332.29 over 298 frames.
M07UP02A0337I41 eempii 
LOG (lattice-best-path:main():lattice-best-path.cc:99) For utterance M07UP02A0337I44, best cost 16.2585 + 1000.95 = 1017.21 over 298 frames.
M07UP02A0337I44 eempii 
LOG (lattice-best-path:main():lattice-best-path.cc:99) For utterance M07UP04A1227I45, best cost 16.1812 + 1275.53 = 1291.71 over 298 frames.
M07UP04A1227I45 eempii 
LOG (lattice-best-path:main():lattice-best-path.cc:99) For utterance M07UP04A1230I303, best cost 38.3336 + 1849.96 = 1888.29 over 498 frames.
M07UP04A1230I303 eempii 
LOG (lattice-best-path:main():lattice-best-path.cc:99) For utterance M07UP04A1235I41, best cost 12.7399 + 1281.25 = 1293.99 over 298 frames.
M07UP04A1235I41 madhyapradesh 
LOG (lattice-best-path:main():lattice-best-path.cc:99) For utterance M07UP04A1235I46, best cost 18.1118 + 979.332 = 997.444 over 298 frames.
M07UP04A1235I46 madhyapradesh 
LOG (lattice-best-path:main():lattice-best-path.cc:99) For utterance M07UP04A1236I303, best cost 26.9955 + 1900.01 = 1927 over 498 frames.
M07UP04A1236I303 uttarpradesh 
LOG (lattice-best-path:main():lattice-best-path.cc:99) For utterance M07UP04A1239I301, best cost 23.5844 + 1624.27 = 1647.85 over 498 frames.
M07UP04A1239I301 uttarpradesh 
LOG (lattice-best-path:main():lattice-best-path.cc:99) For utterance M07UP04A1242I410, best cost 14.6706 + 1185.52 = 1200.19 over 298 frames.
M07UP04A1242I410 eempii 
LOG (lattice-best-path:main():lattice-best-path.cc:99) For utterance M07UP04A1243I300, best cost 25.7684 + 2135.93 = 2161.7 over 498 frames.
M07UP04A1243I300 madhyapradesh 
LOG (lattice-best-path:main():lattice-best-path.cc:99) For utterance M07UP04A1243I435, best cost 21.0734 + 1147.65 = 1168.72 over 300 frames.
M07UP04A1243I435 uttarpradesh 
LOG (lattice-best-path:main():lattice-best-path.cc:99) For utterance M07UP04A1244I44, best cost 17.3494 + 1421.77 = 1439.12 over 298 frames.
M07UP04A1244I44 eempii 
LOG (lattice-best-path:main():lattice-best-path.cc:99) For utterance M07UP04A1245I48, best cost 22.2349 + 1406.04 = 1428.28 over 298 frames.
M07UP04A1245I48 uttarpradesh 
LOG (lattice-best-path:main():lattice-best-path.cc:99) For utterance M07UP05A0903I43, best cost 20.3849 + 1032.38 = 1052.76 over 298 frames.
M07UP05A0903I43 yuupii 
LOG (lattice-best-path:main():lattice-best-path.cc:99) For utterance M07UP05A0910I300, best cost 18.0135 + 1499.47 = 1517.49 over 498 frames.
M07UP05A0910I300 eempii 
LOG (lattice-best-path:main():lattice-best-path.cc:99) For utterance M07UP05A0911I42, best cost 20.5887 + 1205.45 = 1226.04 over 298 frames.
M07UP05A0911I42 uttarpradesh 
LOG (lattice-best-path:main():lattice-best-path.cc:99) For utterance M07UP05A0914I300, best cost 19.5938 + 1577.81 = 1597.4 over 498 frames.
M07UP05A0914I300 eempii 
LOG (lattice-best-path:main():lattice-best-path.cc:99) For utterance M07UP05A0914I302, best cost 27.1716 + 1770.04 = 1797.21 over 498 frames.
M07UP05A0914I302 uttarpradesh 
LOG (lattice-best-path:main():lattice-best-path.cc:99) For utterance M07UP05A0915I301, best cost 13.4822 + 1659.11 = 1672.59 over 498 frames.
M07UP05A0915I301 uttarpradesh 
LOG (lattice-best-path:main():lattice-best-path.cc:99) For utterance M07UP05A0916I43, best cost 25.521 + 1143.2 = 1168.72 over 298 frames.
M07UP05A0916I43 madhyapradesh 
LOG (lattice-best-path:main():lattice-best-path.cc:99) For utterance M07UP05A0920I411, best cost 15.8886 + 1121.72 = 1137.6 over 298 frames.
M07UP05A0920I411 uttarpradesh 
LOG (lattice-best-path:main():lattice-best-path.cc:99) For utterance M07UP06A0427I301, best cost 16.8142 + 1234.29 = 1251.1 over 498 frames.
M07UP06A0427I301 uttarpradesh 
LOG (lattice-best-path:main():lattice-best-path.cc:99) For utterance M07UP06A0428I41, best cost 13.2888 + 1248.4 = 1261.69 over 298 frames.
M07UP06A0428I41 eempii 
LOG (lattice-best-path:main():lattice-best-path.cc:99) For utterance M07UP06A0429I411, best cost 13.9807 + 1016.99 = 1030.97 over 298 frames.
M07UP06A0429I411 eempii 
LOG (lattice-best-path:main():lattice-best-path.cc:99) For utterance M07UP06A0433I301, best cost 21.6477 + 1558.34 = 1579.99 over 498 frames.
M07UP06A0433I301 madhyapradesh 
LOG (lattice-best-path:main():lattice-best-path.cc:99) For utterance M07UP06A0433I40, best cost 19.3837 + 1126.42 = 1145.81 over 298 frames.
M07UP06A0433I40 uttarpradesh 
LOG (lattice-best-path:main():lattice-best-path.cc:99) For utterance M07UP06A0433I41, best cost 23.2832 + 1242.75 = 1266.03 over 298 frames.
M07UP06A0433I41 eempii 
LOG (lattice-best-path:main():lattice-best-path.cc:99) For utterance M07UP06A0437I42, best cost 13.7249 + 969.273 = 982.998 over 298 frames.
M07UP06A0437I42 uttarpradesh 
LOG (lattice-best-path:main():lattice-best-path.cc:99) For utterance M07UP06A0438I41, best cost 13.0846 + 1081.95 = 1095.03 over 298 frames.
M07UP06A0438I41 eempii 
LOG (lattice-best-path:main():lattice-best-path.cc:99) For utterance M07UP06A0442I41, best cost 13.6954 + 1262.92 = 1276.61 over 298 frames.
M07UP06A0442I41 eempii 
LOG (lattice-best-path:main():lattice-best-path.cc:99) For utterance M07UP06A0442I42, best cost 22.5955 + 1118.54 = 1141.14 over 300 frames.
M07UP06A0442I42 madhyapradesh 
LOG (lattice-best-path:main():lattice-best-path.cc:99) For utterance M07UP06A0444I43, best cost 19.4648 + 988.217 = 1007.68 over 298 frames.
M07UP06A0444I43 eempii 
LOG (lattice-best-path:main():lattice-best-path.cc:99) For utterance M07UP06A0445I301, best cost 23.0199 + 1874.87 = 1897.89 over 490 frames.
M07UP06A0445I301 yuupii 
LOG (lattice-best-path:main():lattice-best-path.cc:99) For utterance M07UP06A0447I41, best cost 17.803 + 1008.4 = 1026.2 over 298 frames.
M07UP06A0447I41 eempii 
LOG (lattice-best-path:main():lattice-best-path.cc:99) For utterance M07UP07A0134I42, best cost 14.4053 + 975.025 = 989.43 over 298 frames.
M07UP07A0134I42 eempii 
LOG (lattice-best-path:main():lattice-best-path.cc:99) For utterance M07UP07A0134I436, best cost 15.3023 + 1226.08 = 1241.38 over 298 frames.
M07UP07A0134I436 eempii 
LOG (lattice-best-path:main():lattice-best-path.cc:99) For utterance M07UP07A0136I410, best cost 15.8791 + 1299.27 = 1315.15 over 298 frames.
M07UP07A0136I410 uttarpradesh 
LOG (lattice-best-path:main():lattice-best-path.cc:99) For utterance M07UP07A0136I438, best cost 21.1549 + 1267.66 = 1288.81 over 298 frames.
M07UP07A0136I438 yuupii 
LOG (lattice-best-path:main():lattice-best-path.cc:99) For utterance M07UP07A0138I414, best cost 11.4732 + 862.847 = 874.32 over 298 frames.
M07UP07A0138I414 yuupii 
LOG (lattice-best-path:main():lattice-best-path.cc:99) For utterance M07UP07A0139I42, best cost 14.8164 + 1165.35 = 1180.17 over 298 frames.
M07UP07A0139I42 eempii 
LOG (lattice-best-path:main():lattice-best-path.cc:99) For utterance M07UP07A0142I43, best cost 17.1301 + 1303.19 = 1320.32 over 298 frames.
M07UP07A0142I43 eempii 
LOG (lattice-best-path:main():lattice-best-path.cc:99) For utterance M07UP07A0143I45, best cost 15.5737 + 1276.6 = 1292.17 over 298 frames.
M07UP07A0143I45 eempii 
LOG (lattice-best-path:main():lattice-best-path.cc:99) For utterance M07UP07A0145I436, best cost 16.1478 + 961.828 = 977.976 over 298 frames.
M07UP07A0145I436 yuupii 
LOG (lattice-best-path:main():lattice-best-path.cc:99) For utterance M07UP09A0483I300, best cost 12.8001 + 1509.44 = 1522.24 over 498 frames.
M07UP09A0483I300 eempii 
LOG (lattice-best-path:main():lattice-best-path.cc:99) For utterance M07UP09A0485I43, best cost 22.2995 + 1140.68 = 1162.98 over 298 frames.
M07UP09A0485I43 eempii 
LOG (lattice-best-path:main():lattice-best-path.cc:99) For utterance M07UP09A0488I43, best cost 12.6114 + 1347.2 = 1359.81 over 298 frames.
M07UP09A0488I43 eempii 
LOG (lattice-best-path:main():lattice-best-path.cc:99) For utterance M07UP09A0489I300, best cost 23.2622 + 1651.19 = 1674.45 over 498 frames.
M07UP09A0489I300 eempii 
LOG (lattice-best-path:main():lattice-best-path.cc:99) For utterance M07UP09A0490I301, best cost 13.4839 + 1471.14 = 1484.62 over 498 frames.
M07UP09A0490I301 eempii 
LOG (lattice-best-path:main():lattice-best-path.cc:99) For utterance M07UP09A0494I300, best cost 18.6002 + 1599.1 = 1617.7 over 498 frames.
M07UP09A0494I300 eempii 
LOG (lattice-best-path:main():lattice-best-path.cc:99) For utterance M07UP09A0495I301, best cost 20.8226 + 1600.44 = 1621.27 over 498 frames.
M07UP09A0495I301 yuupii 
LOG (lattice-best-path:main():lattice-best-path.cc:99) For utterance M07UP09A0495I41, best cost 23.0988 + 1158.54 = 1181.64 over 298 frames.
M07UP09A0495I41 madhyapradesh 
LOG (lattice-best-path:main():lattice-best-path.cc:99) For utterance M07UP09A0496I303, best cost 16.406 + 1553.77 = 1570.18 over 498 frames.
M07UP09A0496I303 eempii 
LOG (lattice-best-path:main():lattice-best-path.cc:99) For utterance M07UP09A0499I43, best cost 12.6395 + 845.829 = 858.468 over 298 frames.
M07UP09A0499I43 yuupii 
LOG (lattice-best-path:main():lattice-best-path.cc:99) For utterance M07UP09A0500I42, best cost 23.5995 + 1248.06 = 1271.66 over 298 frames.
M07UP09A0500I42 yuupii 
LOG (lattice-best-path:main():lattice-best-path.cc:99) For utterance M07UP09A0500I44, best cost 21.7289 + 1023.19 = 1044.92 over 298 frames.
M07UP09A0500I44 eempii 
LOG (lattice-best-path:main():lattice-best-path.cc:99) For utterance M07UP09A0503I301, best cost 13.2462 + 1836.72 = 1849.97 over 498 frames.
M07UP09A0503I301 eempii 
LOG (lattice-best-path:main():lattice-best-path.cc:99) For utterance M07UP09A0505I300, best cost 22.7955 + 2101.67 = 2124.47 over 498 frames.
M07UP09A0505I300 uttarpradesh 
LOG (lattice-best-path:main():lattice-best-path.cc:99) For utterance M07UP09A0505I504, best cost 13.9515 + 1207.34 = 1221.3 over 298 frames.
M07UP09A0505I504 eempii 
LOG (lattice-best-path:main():lattice-best-path.cc:99) For utterance M07UP11A1317I41, best cost 14.9054 + 970.927 = 985.833 over 298 frames.
M07UP11A1317I41 yuupii 
LOG (lattice-best-path:main():lattice-best-path.cc:99) For utterance M07UP11A1319I300, best cost 27.1069 + 1626.78 = 1653.89 over 498 frames.
M07UP11A1319I300 madhyapradesh 
LOG (lattice-best-path:main():lattice-best-path.cc:99) For utterance M07UP11A1328I301, best cost 33.1879 + 1624.79 = 1657.97 over 498 frames.
M07UP11A1328I301 madhyapradesh 
LOG (lattice-best-path:main():lattice-best-path.cc:99) For utterance M07UP11A1337I301, best cost 17.1988 + 1613.31 = 1630.51 over 498 frames.
M07UP11A1337I301 yuupii 
LOG (lattice-best-path:main():lattice-best-path.cc:99) For utterance M07UP11A1349I303, best cost 23.4522 + 1992.15 = 2015.61 over 498 frames.
M07UP11A1349I303 yuupii 
LOG (lattice-best-path:main():lattice-best-path.cc:99) For utterance M07UP11A1351I302, best cost 22.2755 + 1731.65 = 1753.93 over 498 frames.
M07UP11A1351I302 eempii 
LOG (lattice-best-path:main():lattice-best-path.cc:99) For utterance M07UP11A1352I427, best cost 15.0248 + 1026.6 = 1041.63 over 298 frames.
M07UP11A1352I427 eempii 
LOG (lattice-best-path:main():lattice-best-path.cc:99) For utterance M07UP11A1352I429, best cost 16.9121 + 1018.03 = 1034.94 over 298 frames.
M07UP11A1352I429 uttarpradesh 
LOG (lattice-best-path:main():lattice-best-path.cc:99) For utterance M07UP13A0882I300, best cost 15.9928 + 2027.35 = 2043.34 over 498 frames.
M07UP13A0882I300 yuupii 
LOG (lattice-best-path:main():lattice-best-path.cc:99) For utterance M07UP13A0882I301, best cost 19.6652 + 2101.38 = 2121.05 over 498 frames.
M07UP13A0882I301 yuupii 
LOG (lattice-best-path:main():lattice-best-path.cc:99) For utterance M07UP13A0884I303, best cost 23.2201 + 2059.16 = 2082.38 over 498 frames.
M07UP13A0884I303 madhyapradesh 
LOG (lattice-best-path:main():lattice-best-path.cc:99) For utterance M07UP13A0888I41, best cost 14.4597 + 1170.53 = 1184.99 over 298 frames.
M07UP13A0888I41 yuupii 
LOG (lattice-best-path:main():lattice-best-path.cc:99) For utterance M07UP13A0889I41, best cost 20.5018 + 1422.26 = 1442.76 over 298 frames.
M07UP13A0889I41 eempii 
LOG (lattice-best-path:main():lattice-best-path.cc:99) For utterance M07UP13A0890I43, best cost 16.0997 + 1490.27 = 1506.37 over 298 frames.
M07UP13A0890I43 eempii 
LOG (lattice-best-path:main():lattice-best-path.cc:99) For utterance M07UP13A0897I302, best cost 29.8112 + 1876.27 = 1906.08 over 498 frames.
M07UP13A0897I302 uttarpradesh 
LOG (lattice-best-path:main():lattice-best-path.cc:99) For utterance M07UP13A0897I41, best cost 16.0341 + 1125.29 = 1141.33 over 298 frames.
M07UP13A0897I41 madhyapradesh 
LOG (lattice-best-path:main():lattice-best-path.cc:99) For utterance M07UP13A0898I303, best cost 18.6487 + 2045.57 = 2064.22 over 498 frames.
M07UP13A0898I303 yuupii 
LOG (lattice-best-path:main():lattice-best-path.cc:99) For utterance M07UP13A0900I436, best cost 17.3262 + 1153.32 = 1170.65 over 298 frames.
M07UP13A0900I436 eempii 
LOG (lattice-best-path:main():lattice-best-path.cc:99) For utterance M07UP14A0572I301, best cost 20.2843 + 1557.6 = 1577.89 over 498 frames.
M07UP14A0572I301 madhyapradesh 
LOG (lattice-best-path:main():lattice-best-path.cc:99) For utterance M07UP14A0576I41, best cost 21.5007 + 1189.47 = 1210.97 over 298 frames.
M07UP14A0576I41 madhyapradesh 
LOG (lattice-best-path:main():lattice-best-path.cc:99) For utterance M07UP14A0583I300, best cost 27.6156 + 1980.61 = 2008.23 over 498 frames.
M07UP14A0583I300 madhyapradesh 
LOG (lattice-best-path:main():lattice-best-path.cc:99) For utterance M07UP14A0588I41, best cost 18.3789 + 1143.39 = 1161.77 over 300 frames.
M07UP14A0588I41 madhyapradesh 
LOG (lattice-best-path:main():lattice-best-path.cc:99) For utterance M07UP14A0590I300, best cost 21.1126 + 1645.78 = 1666.9 over 498 frames.
M07UP14A0590I300 yuupii 
LOG (lattice-best-path:main():lattice-best-path.cc:99) For utterance M07UP14A0590I43, best cost 20.0632 + 1149.5 = 1169.56 over 298 frames.
M07UP14A0590I43 eempii 
LOG (lattice-best-path:main():lattice-best-path.cc:99) For utterance M07UP14A0591I302, best cost 15.5225 + 1596.06 = 1611.58 over 498 frames.
M07UP14A0591I302 madhyapradesh 
LOG (lattice-best-path:main():lattice-best-path.cc:99) For utterance M07UP14A0591I303, best cost 10.9078 + 2041.8 = 2052.7 over 498 frames.
M07UP14A0591I303 yuupii 
LOG (lattice-best-path:main():lattice-best-path.cc:99) For utterance M07UP18A0362I47, best cost 11.9296 + 1158.58 = 1170.51 over 298 frames.
M07UP18A0362I47 eempii 
LOG (lattice-best-path:main():lattice-best-path.cc:99) For utterance M07UP18A0363I300, best cost 21.2069 + 1668.33 = 1689.54 over 498 frames.
M07UP18A0363I300 yuupii 
LOG (lattice-best-path:main():lattice-best-path.cc:99) For utterance M07UP18A0363I302, best cost 17.374 + 1545.92 = 1563.29 over 498 frames.
M07UP18A0363I302 yuupii 
LOG (lattice-best-path:main():lattice-best-path.cc:99) For utterance M07UP18A0365I42, best cost 18.8341 + 1106.29 = 1125.13 over 298 frames.
M07UP18A0365I42 eempii 
LOG (lattice-best-path:main():lattice-best-path.cc:99) For utterance M07UP18A0366I41, best cost 18.8226 + 1136.41 = 1155.24 over 298 frames.
M07UP18A0366I41 madhyapradesh 
LOG (lattice-best-path:main():lattice-best-path.cc:99) For utterance M07UP18A0367I43, best cost 15.7365 + 1144.12 = 1159.86 over 298 frames.
M07UP18A0367I43 madhyapradesh 
LOG (lattice-best-path:main():lattice-best-path.cc:99) For utterance M07UP18A0368I301, best cost 31.2175 + 1956.21 = 1987.42 over 498 frames.
M07UP18A0368I301 madhyapradesh 
LOG (lattice-best-path:main():lattice-best-path.cc:99) For utterance M07UP18A0368I49, best cost 18.9224 + 1167.94 = 1186.86 over 298 frames.
M07UP18A0368I49 yuupii 
LOG (lattice-best-path:main():lattice-best-path.cc:99) For utterance M07UP18A0369I48, best cost 24.2455 + 1395.28 = 1419.53 over 298 frames.
M07UP18A0369I48 uttarpradesh 
LOG (lattice-best-path:main():lattice-best-path.cc:99) For utterance M07UP18A0371I300, best cost 19.9281 + 2121.26 = 2141.19 over 498 frames.
M07UP18A0371I300 yuupii 
LOG (lattice-best-path:main():lattice-best-path.cc:99) For utterance M07UP18A0374I300, best cost 18.4249 + 2430.73 = 2449.15 over 498 frames.
M07UP18A0374I300 yuupii 
LOG (lattice-best-path:main():lattice-best-path.cc:99) For utterance M07UP18A0374I48, best cost 18.8441 + 1283.33 = 1302.18 over 298 frames.
M07UP18A0374I48 eempii 
LOG (lattice-best-path:main():lattice-best-path.cc:99) For utterance M07UP18A0375I45, best cost 15.4197 + 1283.46 = 1298.88 over 298 frames.
M07UP18A0375I45 eempii 
LOG (lattice-best-path:main():lattice-best-path.cc:99) For utterance M07UP18A0376I43, best cost 12.8331 + 1007.44 = 1020.27 over 298 frames.
M07UP18A0376I43 eempii 
LOG (lattice-best-path:main():lattice-best-path.cc:99) For utterance M07UP18A0376I49, best cost 18.0231 + 1101.99 = 1120.01 over 298 frames.
M07UP18A0376I49 uttarpradesh 
LOG (lattice-best-path:main():lattice-best-path.cc:99) For utterance M07UP18A0378I302, best cost 24.9904 + 2297.57 = 2322.56 over 498 frames.
M07UP18A0378I302 yuupii 
LOG (lattice-best-path:main():lattice-best-path.cc:99) For utterance M07UP18A0380I300, best cost 17.5789 + 1984.51 = 2002.09 over 498 frames.
M07UP18A0380I300 yuupii 
LOG (lattice-best-path:main():lattice-best-path.cc:99) For utterance M07UP19A0341I48, best cost 11.2577 + 903.82 = 915.078 over 298 frames.
M07UP19A0341I48 yuupii 
LOG (lattice-best-path:main():lattice-best-path.cc:99) For utterance M07UP19A0345I300, best cost 22.4609 + 2313.87 = 2336.33 over 490 frames.
M07UP19A0345I300 eempii 
LOG (lattice-best-path:main():lattice-best-path.cc:99) For utterance M07UP19A0345I45, best cost 16.0259 + 1069.14 = 1085.17 over 298 frames.
M07UP19A0345I45 uttarpradesh 
LOG (lattice-best-path:main():lattice-best-path.cc:99) For utterance M07UP19A0346I301, best cost 22.8234 + 2128.51 = 2151.34 over 498 frames.
M07UP19A0346I301 yuupii 
LOG (lattice-best-path:main():lattice-best-path.cc:99) For utterance M07UP19A0348I301, best cost 31.1385 + 1672.3 = 1703.44 over 498 frames.
M07UP19A0348I301 uttarpradesh 
LOG (lattice-best-path:main():lattice-best-path.cc:99) For utterance M07UP19A0354I301, best cost 22.3154 + 2227.01 = 2249.33 over 498 frames.
M07UP19A0354I301 eempii 
LOG (lattice-best-path:main():lattice-best-path.cc:99) For utterance M07UP19A0354I303, best cost 26.5824 + 2114.51 = 2141.09 over 498 frames.
M07UP19A0354I303 eempii 
LOG (lattice-best-path:main():lattice-best-path.cc:99) For utterance M07UP19A0356I43, best cost 14.6207 + 1124.38 = 1139 over 298 frames.
M07UP19A0356I43 yuupii 
LOG (lattice-best-path:main():lattice-best-path.cc:99) For utterance M07UP19A0357I300, best cost 31.1188 + 1797.27 = 1828.39 over 498 frames.
M07UP19A0357I300 uttarpradesh 
LOG (lattice-best-path:main():lattice-best-path.cc:99) For utterance M07UP19A0358I303, best cost 24.9686 + 1614.39 = 1639.35 over 498 frames.
M07UP19A0358I303 madhyapradesh 
LOG (lattice-best-path:main():lattice-best-path.cc:99) For utterance M07UP19A0359I40, best cost 12.9992 + 998.334 = 1011.33 over 298 frames.
M07UP19A0359I40 madhyapradesh 
LOG (lattice-best-path:main():lattice-best-path.cc:99) For utterance M07UP20A0734I300, best cost 32.4452 + 1784.42 = 1816.86 over 498 frames.
M07UP20A0734I300 eempii 
LOG (lattice-best-path:main():lattice-best-path.cc:99) For utterance M07UP20A0739I44, best cost 19.9581 + 1006.82 = 1026.77 over 298 frames.
M07UP20A0739I44 uttarpradesh 
LOG (lattice-best-path:main():lattice-best-path.cc:99) For utterance M07UP20A0739I45, best cost 13.9266 + 935.41 = 949.337 over 300 frames.
M07UP20A0739I45 madhyapradesh 
LOG (lattice-best-path:main():lattice-best-path.cc:99) For utterance M07UP20A0740I302, best cost 19.9222 + 1720.66 = 1740.58 over 498 frames.
M07UP20A0740I302 yuupii 
LOG (lattice-best-path:main():lattice-best-path.cc:99) For utterance M07UP20A0742I302, best cost 17.7431 + 1418.08 = 1435.83 over 498 frames.
M07UP20A0742I302 eempii 
LOG (lattice-best-path:main():lattice-best-path.cc:99) For utterance M07UP20A0750I40, best cost 20.1523 + 1168.42 = 1188.58 over 298 frames.
M07UP20A0750I40 eempii 
LOG (lattice-best-path:main():lattice-best-path.cc:99) For utterance M07UP20A0753I43, best cost 12.7271 + 1359.2 = 1371.93 over 298 frames.
M07UP20A0753I43 yuupii 
LOG (lattice-best-path:main():lattice-best-path.cc:99) For utterance M07UP21A0593I302, best cost 25.9477 + 2042.46 = 2068.41 over 498 frames.
M07UP21A0593I302 eempii 
LOG (lattice-best-path:main():lattice-best-path.cc:99) For utterance M07UP21A0598I41, best cost 17.979 + 1063.95 = 1081.93 over 298 frames.
M07UP21A0598I41 yuupii 
LOG (lattice-best-path:main():lattice-best-path.cc:99) For utterance M07UP21A0600I300, best cost 29.8162 + 1915.45 = 1945.27 over 498 frames.
M07UP21A0600I300 yuupii 
LOG (lattice-best-path:main():lattice-best-path.cc:99) For utterance M07UP21A0600I42, best cost 27.4013 + 1091.25 = 1118.65 over 298 frames.
M07UP21A0600I42 madhyapradesh 
LOG (lattice-best-path:main():lattice-best-path.cc:99) For utterance M07UP21A0606I301, best cost 22.6645 + 1913.41 = 1936.08 over 498 frames.
M07UP21A0606I301 eempii 
LOG (lattice-best-path:main():lattice-best-path.cc:99) For utterance M07UP21A0606I302, best cost 18.536 + 2143.96 = 2162.49 over 498 frames.
M07UP21A0606I302 eempii 
LOG (lattice-best-path:main():lattice-best-path.cc:99) For utterance M07UP21A0607I301, best cost 22.6249 + 1753.17 = 1775.79 over 498 frames.
M07UP21A0607I301 yuupii 
LOG (lattice-best-path:main():lattice-best-path.cc:99) For utterance M07UP22A1323I47, best cost 10.2473 + 853.464 = 863.711 over 298 frames.
M07UP22A1323I47 eempii 
LOG (lattice-best-path:main():lattice-best-path.cc:99) For utterance M07UP22A1326I300, best cost 22.3648 + 1795.16 = 1817.52 over 498 frames.
M07UP22A1326I300 eempii 
LOG (lattice-best-path:main():lattice-best-path.cc:99) For utterance M07UP22A1342I301, best cost 23.4044 + 1556.97 = 1580.38 over 498 frames.
M07UP22A1342I301 uttarpradesh 
LOG (lattice-best-path:main():lattice-best-path.cc:99) For utterance M07UP22A1347I43, best cost 14.487 + 1400.18 = 1414.67 over 298 frames.
M07UP22A1347I43 eempii 
LOG (lattice-best-path:main():lattice-best-path.cc:99) For utterance M07UP22A1347I47, best cost 17.6813 + 1334.38 = 1352.06 over 300 frames.
M07UP22A1347I47 yuupii 
LOG (lattice-best-path:main():lattice-best-path.cc:99) For utterance M07UP22A1355I301, best cost 23.9074 + 2022.52 = 2046.43 over 498 frames.
M07UP22A1355I301 uttarpradesh 
LOG (lattice-best-path:main():lattice-best-path.cc:99) For utterance M07UP22A1355I47, best cost 18.4457 + 1116.72 = 1135.16 over 298 frames.
M07UP22A1355I47 yuupii 
LOG (lattice-best-path:main():lattice-best-path.cc:99) For utterance M07UP22A1357I300, best cost 29.3441 + 1712.57 = 1741.92 over 498 frames.
M07UP22A1357I300 eempii 
LOG (lattice-best-path:main():lattice-best-path.cc:99) For utterance M07UP22A1357I45, best cost 12.3688 + 1055.93 = 1068.3 over 298 frames.
M07UP22A1357I45 yuupii 
LOG (lattice-best-path:main():lattice-best-path.cc:99) For utterance M07UP22A1357I47, best cost 13.3353 + 1065.24 = 1078.57 over 298 frames.
M07UP22A1357I47 yuupii 
LOG (lattice-best-path:main():lattice-best-path.cc:99) For utterance M07UP23A0224I44, best cost 19.6899 + 1376 = 1395.69 over 298 frames.
M07UP23A0224I44 madhyapradesh 
LOG (lattice-best-path:main():lattice-best-path.cc:99) For utterance M07UP23A0233I43, best cost 12.6715 + 925.521 = 938.193 over 298 frames.
M07UP23A0233I43 eempii 
LOG (lattice-best-path:main():lattice-best-path.cc:99) For utterance M07UP23A0234I41, best cost 17.8167 + 1414.51 = 1432.33 over 298 frames.
M07UP23A0234I41 uttarpradesh 
LOG (lattice-best-path:main():lattice-best-path.cc:99) For utterance M07UP23A0235I42, best cost 11.7651 + 1388.83 = 1400.6 over 298 frames.
M07UP23A0235I42 eempii 
LOG (lattice-best-path:main():lattice-best-path.cc:99) For utterance M07UP23A0236I43, best cost 18.8299 + 1224.09 = 1242.92 over 298 frames.
M07UP23A0236I43 eempii 
LOG (lattice-best-path:main():lattice-best-path.cc:99) For utterance M07UP23A0239I40, best cost 15.7194 + 1325 = 1340.72 over 298 frames.
M07UP23A0239I40 uttarpradesh 
LOG (lattice-best-path:main():lattice-best-path.cc:99) For utterance M07UP23A0242I42, best cost 16.6401 + 1294.61 = 1311.25 over 298 frames.
M07UP23A0242I42 eempii 
LOG (lattice-best-path:main():lattice-best-path.cc:99) For utterance M07UP24A0171I300, best cost 21.8787 + 1879.98 = 1901.86 over 498 frames.
M07UP24A0171I300 eempii 
LOG (lattice-best-path:main():lattice-best-path.cc:99) For utterance M07UP24A0172I45, best cost 12.9966 + 1269.48 = 1282.48 over 298 frames.
M07UP24A0172I45 eempii 
LOG (lattice-best-path:main():lattice-best-path.cc:99) For utterance M07UP24A0172I49, best cost 13.0101 + 1262.29 = 1275.3 over 298 frames.
M07UP24A0172I49 eempii 
LOG (lattice-best-path:main():lattice-best-path.cc:99) For utterance M07UP24A0173I44, best cost 9.29029 + 969.51 = 978.801 over 298 frames.
M07UP24A0173I44 eempii 
LOG (lattice-best-path:main():lattice-best-path.cc:99) For utterance M07UP24A0173I46, best cost 9.45187 + 870.476 = 879.928 over 298 frames.
M07UP24A0173I46 eempii 
LOG (lattice-best-path:main():lattice-best-path.cc:99) For utterance M07UP24A0175I301, best cost 26.1784 + 1839.14 = 1865.31 over 498 frames.
M07UP24A0175I301 eempii 
LOG (lattice-best-path:main():lattice-best-path.cc:99) For utterance M07UP24A0177F606, best cost 20.9132 + 3220.32 = 3241.24 over 998 frames.
M07UP24A0177F606 eempii 
LOG (lattice-best-path:main():lattice-best-path.cc:99) For utterance M07UP24A0179I302, best cost 20.8316 + 1700.78 = 1721.61 over 498 frames.
M07UP24A0179I302 yuupii 
LOG (lattice-best-path:main():lattice-best-path.cc:99) For utterance M07UP24A0181I301, best cost 13.5097 + 2319.38 = 2332.89 over 498 frames.
M07UP24A0181I301 yuupii 
LOG (lattice-best-path:main():lattice-best-path.cc:99) For utterance M07UP24A0181I42, best cost 13.3612 + 1307.85 = 1321.21 over 298 frames.
M07UP24A0181I42 uttarpradesh 
LOG (lattice-best-path:main():lattice-best-path.cc:99) For utterance M07UP24A0181I48, best cost 14.2551 + 1242.75 = 1257.01 over 298 frames.
M07UP24A0181I48 eempii 
LOG (lattice-best-path:main():lattice-best-path.cc:99) For utterance M07UP24A0185I303, best cost 20.9473 + 1998.17 = 2019.12 over 498 frames.
M07UP24A0185I303 yuupii 
LOG (lattice-best-path:main():lattice-best-path.cc:99) For utterance M07UP24A0188I302, best cost 19.4687 + 1803.87 = 1823.34 over 498 frames.
M07UP24A0188I302 eempii 
LOG (lattice-best-path:main():lattice-best-path.cc:99) For utterance M07UP24A0191I300, best cost 16.1607 + 1611.03 = 1627.19 over 498 frames.
M07UP24A0191I300 eempii 
LOG (lattice-best-path:main():lattice-best-path.cc:99) For utterance M07UP25A1205I302, best cost 28.5332 + 2141.49 = 2170.03 over 498 frames.
M07UP25A1205I302 madhyapradesh 
LOG (lattice-best-path:main():lattice-best-path.cc:99) For utterance M07UP25A1205I43, best cost 19.8932 + 1315.21 = 1335.11 over 298 frames.
M07UP25A1205I43 eempii 
LOG (lattice-best-path:main():lattice-best-path.cc:99) For utterance M07UP25A1206I45, best cost 26.355 + 1220.5 = 1246.85 over 298 frames.
M07UP25A1206I45 madhyapradesh 
LOG (lattice-best-path:main():lattice-best-path.cc:99) For utterance M07UP25A1209I41, best cost 17.7893 + 1146.54 = 1164.33 over 298 frames.
M07UP25A1209I41 uttarpradesh 
LOG (lattice-best-path:main():lattice-best-path.cc:99) For utterance M07UP25A1216I41, best cost 14.1152 + 1372.8 = 1386.91 over 298 frames.
M07UP25A1216I41 eempii 
LOG (lattice-best-path:main():lattice-best-path.cc:99) For utterance M07UP25A1220I300, best cost 32.8366 + 1865.43 = 1898.27 over 498 frames.
M07UP25A1220I300 eempii 
LOG (lattice-best-path:main():lattice-best-path.cc:99) For utterance M07UP25A1220I42, best cost 17.3381 + 1121.11 = 1138.45 over 298 frames.
M07UP25A1220I42 eempii 
LOG (lattice-best-path:main():lattice-best-path.cc:99) For utterance M07UP25A1261I302, best cost 25.1871 + 2173.25 = 2198.44 over 500 frames.
M07UP25A1261I302 yuupii 
LOG (lattice-best-path:main():lattice-best-path.cc:99) For utterance M07UP26A0214I42, best cost 12.9126 + 1418.75 = 1431.67 over 298 frames.
M07UP26A0214I42 yuupii 
LOG (lattice-best-path:main():lattice-best-path.cc:99) For utterance M07UP26A0255I48, best cost 13.5434 + 1117.58 = 1131.12 over 300 frames.
M07UP26A0255I48 eempii 
LOG (lattice-best-path:main():lattice-best-path.cc:99) For utterance M07UP26A0257I47, best cost 14.723 + 914.814 = 929.537 over 298 frames.
M07UP26A0257I47 uttarpradesh 
LOG (lattice-best-path:main():lattice-best-path.cc:99) For utterance M07UP26A0258I414, best cost 19.615 + 1067.94 = 1087.55 over 298 frames.
M07UP26A0258I414 yuupii 
LOG (lattice-best-path:main():lattice-best-path.cc:99) For utterance M07UP26A0261I47, best cost 14.202 + 1111.87 = 1126.07 over 298 frames.
M07UP26A0261I47 yuupii 
LOG (lattice-best-path:main():lattice-best-path.cc:99) For utterance M07UP26A0262I41, best cost 14.6023 + 1277.17 = 1291.77 over 298 frames.
M07UP26A0262I41 yuupii 
LOG (lattice-best-path:main():lattice-best-path.cc:99) For utterance M07UP26A0263I43, best cost 14.5113 + 1016.84 = 1031.35 over 298 frames.
M07UP26A0263I43 eempii 
LOG (lattice-best-path:main():lattice-best-path.cc:99) For utterance M07UP26A0267I44, best cost 14.2792 + 1100.89 = 1115.17 over 298 frames.
M07UP26A0267I44 uttarpradesh 
LOG (lattice-best-path:main():lattice-best-path.cc:99) For utterance M07UP26A0269I47, best cost 14.5873 + 1345.53 = 1360.12 over 298 frames.
M07UP26A0269I47 eempii 
LOG (lattice-best-path:main():lattice-best-path.cc:99) For utterance M07UP26A0270I42, best cost 15.0086 + 1214.9 = 1229.91 over 298 frames.
M07UP26A0270I42 eempii 
LOG (lattice-best-path:main():lattice-best-path.cc:99) For utterance M07UP26A0272I44, best cost 10.6161 + 866.19 = 876.806 over 298 frames.
M07UP26A0272I44 eempii 
LOG (lattice-best-path:main():lattice-best-path.cc:99) For utterance M07UP27A0641I438, best cost 15.4795 + 1070.52 = 1086 over 298 frames.
M07UP27A0641I438 eempii 
LOG (lattice-best-path:main():lattice-best-path.cc:99) For utterance M07UP27A0647I41, best cost 13.0776 + 1125.59 = 1138.67 over 298 frames.
M07UP27A0647I41 madhyapradesh 
LOG (lattice-best-path:main():lattice-best-path.cc:99) For utterance M07UP27A0647I43, best cost 16.4605 + 1126.38 = 1142.84 over 298 frames.
M07UP27A0647I43 eempii 
LOG (lattice-best-path:main():lattice-best-path.cc:99) For utterance M07UP27A0657I303, best cost 22.54 + 1896.16 = 1918.7 over 498 frames.
M07UP27A0657I303 eempii 
LOG (lattice-best-path:main():lattice-best-path.cc:99) For utterance M07UP28A0216I301, best cost 12.3027 + 2029.05 = 2041.36 over 498 frames.
M07UP28A0216I301 yuupii 
LOG (lattice-best-path:main():lattice-best-path.cc:99) For utterance M07UP28A0218I300, best cost 23.4226 + 1830.24 = 1853.66 over 498 frames.
M07UP28A0218I300 yuupii 
LOG (lattice-best-path:main():lattice-best-path.cc:99) For utterance M07UP28A0219I40, best cost 14.1134 + 1152.21 = 1166.32 over 298 frames.
M07UP28A0219I40 eempii 
LOG (lattice-best-path:main():lattice-best-path.cc:99) For utterance M07UP28A0219I505, best cost 14.0128 + 1118.19 = 1132.21 over 300 frames.
M07UP28A0219I505 yuupii 
LOG (lattice-best-path:main():lattice-best-path.cc:99) For utterance M07UP28A0225I302, best cost 15.3118 + 2100.24 = 2115.55 over 498 frames.
M07UP28A0225I302 yuupii 
LOG (lattice-best-path:main():lattice-best-path.cc:99) For utterance M07UP28A0225I40, best cost 22.1033 + 1112.68 = 1134.78 over 298 frames.
M07UP28A0225I40 eempii 
LOG (lattice-best-path:main():lattice-best-path.cc:99) For utterance M07UP28A0225I41, best cost 11.8054 + 1530.05 = 1541.85 over 298 frames.
M07UP28A0225I41 yuupii 
LOG (lattice-best-path:main():lattice-best-path.cc:99) For utterance M07UP29A0506I301, best cost 22.6021 + 1662.94 = 1685.54 over 498 frames.
M07UP29A0506I301 madhyapradesh 
LOG (lattice-best-path:main():lattice-best-path.cc:99) For utterance M07UP29A0509I42, best cost 17.4484 + 1132.39 = 1149.84 over 298 frames.
M07UP29A0509I42 eempii 
LOG (lattice-best-path:main():lattice-best-path.cc:99) For utterance M07UP29A0509I45, best cost 13.8814 + 1138.15 = 1152.03 over 298 frames.
M07UP29A0509I45 yuupii 
LOG (lattice-best-path:main():lattice-best-path.cc:99) For utterance M07UP29A0510I303, best cost 19.3734 + 1783.05 = 1802.42 over 500 frames.
M07UP29A0510I303 uttarpradesh 
LOG (lattice-best-path:main():lattice-best-path.cc:99) For utterance M07UP29A0510I44, best cost 14.3284 + 961.159 = 975.487 over 298 frames.
M07UP29A0510I44 yuupii 
LOG (lattice-best-path:main():lattice-best-path.cc:99) For utterance M07UP29A0511I301, best cost 18.6789 + 1898.56 = 1917.24 over 498 frames.
M07UP29A0511I301 uttarpradesh 
LOG (lattice-best-path:main():lattice-best-path.cc:99) For utterance M07UP29A0511I42, best cost 18.2066 + 1260.48 = 1278.69 over 298 frames.
M07UP29A0511I42 uttarpradesh 
LOG (lattice-best-path:main():lattice-best-path.cc:99) For utterance M07UP29A0513I44, best cost 14.578 + 1073 = 1087.58 over 298 frames.
M07UP29A0513I44 uttarpradesh 
LOG (lattice-best-path:main():lattice-best-path.cc:99) For utterance M07UP29A0514I41, best cost 15.3891 + 1164.54 = 1179.93 over 298 frames.
M07UP29A0514I41 madhyapradesh 
LOG (lattice-best-path:main():lattice-best-path.cc:99) For utterance M07UP29A0516I41, best cost 15.3179 + 1342.04 = 1357.36 over 298 frames.
M07UP29A0516I41 madhyapradesh 
LOG (lattice-best-path:main():lattice-best-path.cc:99) For utterance M07UP29A0517I303, best cost 15.6418 + 1819.65 = 1835.29 over 498 frames.
M07UP29A0517I303 eempii 
LOG (lattice-best-path:main():lattice-best-path.cc:99) For utterance M07UP29A0520I42, best cost 16.6692 + 1018.1 = 1034.77 over 298 frames.
M07UP29A0520I42 eempii 
LOG (lattice-best-path:main():lattice-best-path.cc:99) For utterance M07UP29A0520I45, best cost 20.3477 + 1251.85 = 1272.2 over 298 frames.
M07UP29A0520I45 eempii 
LOG (lattice-best-path:main():lattice-best-path.cc:99) For utterance M07UP29A0521I303, best cost 24.5526 + 1746.45 = 1771 over 498 frames.
M07UP29A0521I303 eempii 
LOG (lattice-best-path:main():lattice-best-path.cc:99) For utterance M07UP29A0521I47, best cost 15.6017 + 1051.1 = 1066.7 over 298 frames.
M07UP29A0521I47 yuupii 
LOG (lattice-best-path:main():lattice-best-path.cc:99) For utterance M07UP31A1290I43, best cost 12.7031 + 1061.55 = 1074.26 over 298 frames.
M07UP31A1290I43 eempii 
LOG (lattice-best-path:main():lattice-best-path.cc:99) For utterance M07UP31A1291I42, best cost 20.0533 + 1146.57 = 1166.62 over 298 frames.
M07UP31A1291I42 madhyapradesh 
LOG (lattice-best-path:main():lattice-best-path.cc:99) For utterance M07UP31A1292I301, best cost 27.2735 + 1776.32 = 1803.6 over 498 frames.
M07UP31A1292I301 uttarpradesh 
LOG (lattice-best-path:main():lattice-best-path.cc:99) For utterance M07UP31A1294I302, best cost 33.2005 + 1647.31 = 1680.51 over 498 frames.
M07UP31A1294I302 eempii 
LOG (lattice-best-path:main():lattice-best-path.cc:99) For utterance M07UP31A1294I43, best cost 23.5975 + 1173.5 = 1197.1 over 298 frames.
M07UP31A1294I43 eempii 
LOG (lattice-best-path:main():lattice-best-path.cc:99) For utterance M07UP31A1296I500, best cost 23.6731 + 1407.18 = 1430.85 over 498 frames.
M07UP31A1296I500 yuupii 
LOG (lattice-best-path:main():lattice-best-path.cc:99) For utterance M07UP31A1300I300, best cost 23.3151 + 2271.82 = 2295.13 over 498 frames.
M07UP31A1300I300 yuupii 
LOG (lattice-best-path:main():lattice-best-path.cc:99) For utterance M07UP31A1302I301, best cost 31.4185 + 1825.85 = 1857.27 over 498 frames.
M07UP31A1302I301 madhyapradesh 
LOG (lattice-best-path:main():lattice-best-path.cc:99) For utterance M07UP31A1306I302, best cost 35.8842 + 1818.4 = 1854.28 over 498 frames.
M07UP31A1306I302 eempii 
LOG (lattice-best-path:main():lattice-best-path.cc:99) For utterance M07UP31A1306I303, best cost 19.933 + 2337.97 = 2357.9 over 498 frames.
M07UP31A1306I303 eempii 
LOG (lattice-best-path:main():lattice-best-path.cc:99) For utterance M07UP31A1306I43, best cost 12.4007 + 981.069 = 993.47 over 298 frames.
M07UP31A1306I43 uttarpradesh 
LOG (lattice-best-path:main():lattice-best-path.cc:99) For utterance M07UP31A1307I430, best cost 26.3263 + 1148.88 = 1175.2 over 298 frames.
M07UP31A1307I430 madhyapradesh 
LOG (lattice-best-path:main():lattice-best-path.cc:99) For utterance M07UP31A1308I435, best cost 21.2038 + 1115.89 = 1137.09 over 298 frames.
M07UP31A1308I435 madhyapradesh 
LOG (lattice-best-path:main():lattice-best-path.cc:99) For utterance M07UP31A1309I44, best cost 11.9635 + 1413.08 = 1425.05 over 298 frames.
M07UP31A1309I44 eempii 
LOG (lattice-best-path:main():lattice-best-path.cc:99) For utterance M07UP31A1310I45, best cost 22.3153 + 1290.38 = 1312.7 over 298 frames.
M07UP31A1310I45 uttarpradesh 
LOG (lattice-best-path:main():lattice-best-path.cc:99) For utterance M07UP34A0551I43, best cost 13.9905 + 1224.98 = 1238.97 over 300 frames.
M07UP34A0551I43 yuupii 
LOG (lattice-best-path:main():lattice-best-path.cc:99) For utterance M07UP34A0554I301, best cost 19.1054 + 1715.86 = 1734.96 over 498 frames.
M07UP34A0554I301 yuupii 
LOG (lattice-best-path:main():lattice-best-path.cc:99) For utterance M07UP34A0555I300, best cost 20.2241 + 2301.6 = 2321.82 over 498 frames.
M07UP34A0555I300 eempii 
LOG (lattice-best-path:main():lattice-best-path.cc:99) For utterance M07UP34A0558I42, best cost 15.2623 + 1193.29 = 1208.55 over 298 frames.
M07UP34A0558I42 yuupii 
LOG (lattice-best-path:main():lattice-best-path.cc:99) For utterance M07UP34A0559I303, best cost 25.2367 + 1830.52 = 1855.75 over 498 frames.
M07UP34A0559I303 eempii 
LOG (lattice-best-path:main():lattice-best-path.cc:99) For utterance M07UP34A0559I44, best cost 22.8961 + 1100.01 = 1122.91 over 298 frames.
M07UP34A0559I44 madhyapradesh 
LOG (lattice-best-path:main():lattice-best-path.cc:99) For utterance M07UP34A0561I300, best cost 25.5577 + 2207.83 = 2233.38 over 498 frames.
M07UP34A0561I300 eempii 
LOG (lattice-best-path:main():lattice-best-path.cc:99) For utterance M07UP34A0563I303, best cost 40.2973 + 1663.18 = 1703.48 over 498 frames.
M07UP34A0563I303 uttarpradesh 
LOG (lattice-best-path:main():lattice-best-path.cc:99) For utterance M07UP34A0564I43, best cost 18.8948 + 1125.78 = 1144.68 over 298 frames.
M07UP34A0564I43 yuupii 
LOG (lattice-best-path:main():lattice-best-path.cc:99) For utterance M07UP34A0566I301, best cost 21.9657 + 1629.32 = 1651.28 over 498 frames.
M07UP34A0566I301 eempii 
LOG (lattice-best-path:main():lattice-best-path.cc:99) For utterance M07UP35A0443I41, best cost 16.8151 + 1206.03 = 1222.85 over 298 frames.
M07UP35A0443I41 eempii 
LOG (lattice-best-path:main():lattice-best-path.cc:99) For utterance M07UP35A0446I301, best cost 17.3346 + 1882.14 = 1899.47 over 498 frames.
M07UP35A0446I301 madhyapradesh 
LOG (lattice-best-path:main():lattice-best-path.cc:99) For utterance M07UP35A0448I301, best cost 21.0372 + 1611.57 = 1632.61 over 498 frames.
M07UP35A0448I301 yuupii 
LOG (lattice-best-path:main():lattice-best-path.cc:99) For utterance M07UP35A0450I301, best cost 32.0754 + 2274.85 = 2306.92 over 498 frames.
M07UP35A0450I301 madhyapradesh 
LOG (lattice-best-path:main():lattice-best-path.cc:99) For utterance M07UP35A0452I303, best cost 23.2443 + 1619.48 = 1642.73 over 498 frames.
M07UP35A0452I303 eempii 
LOG (lattice-best-path:main():lattice-best-path.cc:99) For utterance M07UP35A0455I303, best cost 11.8697 + 1583.21 = 1595.08 over 498 frames.
M07UP35A0455I303 eempii 
LOG (lattice-best-path:main():lattice-best-path.cc:99) For utterance M07UP35A0455I426, best cost 17.4497 + 1279.98 = 1297.43 over 298 frames.
M07UP35A0455I426 eempii 
LOG (lattice-best-path:main():lattice-best-path.cc:99) For utterance M07UP35A0456I43, best cost 20.8357 + 1190.25 = 1211.09 over 298 frames.
M07UP35A0456I43 eempii 
LOG (lattice-best-path:main():lattice-best-path.cc:99) For utterance M07UP35A0457I41, best cost 19.3951 + 1272.79 = 1292.18 over 298 frames.
M07UP35A0457I41 yuupii 
LOG (lattice-best-path:main():lattice-best-path.cc:99) For utterance M07UP35A0459I303, best cost 18.9518 + 1708.01 = 1726.96 over 498 frames.
M07UP35A0459I303 yuupii 
LOG (lattice-best-path:main():lattice-best-path.cc:99) For utterance M07UP36A0825I301, best cost 33.1944 + 1882.31 = 1915.5 over 498 frames.
M07UP36A0825I301 yuupii 
LOG (lattice-best-path:main():lattice-best-path.cc:99) For utterance M07UP36A0825I40, best cost 14.3876 + 1117.99 = 1132.37 over 298 frames.
M07UP36A0825I40 eempii 
LOG (lattice-best-path:main():lattice-best-path.cc:99) For utterance M07UP36A0827I300, best cost 26.9012 + 1535.27 = 1562.17 over 498 frames.
M07UP36A0827I300 uttarpradesh 
LOG (lattice-best-path:main():lattice-best-path.cc:99) For utterance M07UP36A0829I302, best cost 15.1292 + 1853.65 = 1868.78 over 498 frames.
M07UP36A0829I302 yuupii 
LOG (lattice-best-path:main():lattice-best-path.cc:99) For utterance M07UP36A0832I302, best cost 28.2909 + 1948.29 = 1976.58 over 498 frames.
M07UP36A0832I302 uttarpradesh 
LOG (lattice-best-path:main():lattice-best-path.cc:99) For utterance M07UP36A0840I41, best cost 13.2853 + 941.562 = 954.847 over 298 frames.
M07UP36A0840I41 eempii 
LOG (lattice-best-path:main():lattice-best-path.cc:99) For utterance M07UP37A0301I42, best cost 9.88338 + 832.951 = 842.835 over 298 frames.
M07UP37A0301I42 eempii 
LOG (lattice-best-path:main():lattice-best-path.cc:99) For utterance M07UP37A0302I45, best cost 13.6861 + 1313.87 = 1327.56 over 298 frames.
M07UP37A0302I45 eempii 
LOG (lattice-best-path:main():lattice-best-path.cc:99) For utterance M07UP37A0306I47, best cost 16.0573 + 1437.12 = 1453.18 over 298 frames.
M07UP37A0306I47 madhyapradesh 
LOG (lattice-best-path:main():lattice-best-path.cc:99) For utterance M07UP37A0307I303, best cost 18.6817 + 2265.18 = 2283.86 over 498 frames.
M07UP37A0307I303 eempii 
LOG (lattice-best-path:main():lattice-best-path.cc:99) For utterance M07UP37A0309I40, best cost 11.177 + 1459.39 = 1470.57 over 298 frames.
M07UP37A0309I40 yuupii 
LOG (lattice-best-path:main():lattice-best-path.cc:99) For utterance M07UP37A0309I44, best cost 12.9951 + 1329.6 = 1342.6 over 300 frames.
M07UP37A0309I44 yuupii 
LOG (lattice-best-path:main():lattice-best-path.cc:99) For utterance M07UP37A0311I43, best cost 19.3904 + 1091.34 = 1110.73 over 298 frames.
M07UP37A0311I43 eempii 
LOG (lattice-best-path:main():lattice-best-path.cc:99) For utterance M07UP37A0311I44, best cost 16.2699 + 1094.29 = 1110.56 over 298 frames.
M07UP37A0311I44 eempii 
LOG (lattice-best-path:main():lattice-best-path.cc:99) For utterance M07UP37A0311I48, best cost 14.1768 + 916.275 = 930.451 over 300 frames.
M07UP37A0311I48 madhyapradesh 
LOG (lattice-best-path:main():lattice-best-path.cc:99) For utterance M07UP37A0313I427, best cost 14.2911 + 1155.23 = 1169.52 over 298 frames.
M07UP37A0313I427 eempii 
LOG (lattice-best-path:main():lattice-best-path.cc:99) For utterance M07UP37A0314I300, best cost 18.595 + 2135.41 = 2154.01 over 498 frames.
M07UP37A0314I300 eempii 
LOG (lattice-best-path:main():lattice-best-path.cc:99) For utterance M07UP37A0316I305, best cost 16.3413 + 2357.91 = 2374.25 over 498 frames.
M07UP37A0316I305 eempii 
LOG (lattice-best-path:main():lattice-best-path.cc:99) For utterance M07UP37A0317I47, best cost 16.8899 + 1072.8 = 1089.69 over 298 frames.
M07UP37A0317I47 uttarpradesh 
LOG (lattice-best-path:main():lattice-best-path.cc:99) For utterance M07UP37A0317I48, best cost 19.4339 + 1349.05 = 1368.49 over 298 frames.
M07UP37A0317I48 eempii 
LOG (lattice-best-path:main():lattice-best-path.cc:99) For utterance M07UP37A0319I301, best cost 14.1044 + 2326.02 = 2340.12 over 498 frames.
M07UP37A0319I301 yuupii 
LOG (lattice-best-path:main():lattice-best-path.cc:99) For utterance M07UP38A0103I43, best cost 12.6937 + 1147.23 = 1159.92 over 298 frames.
M07UP38A0103I43 eempii 
LOG (lattice-best-path:main():lattice-best-path.cc:99) For utterance M07UP38A0107I43, best cost 14.4689 + 1177 = 1191.47 over 298 frames.
M07UP38A0107I43 madhyapradesh 
LOG (lattice-best-path:main():lattice-best-path.cc:99) For utterance M07UP39A0774I301, best cost 19.9822 + 1628.08 = 1648.06 over 498 frames.
M07UP39A0774I301 eempii 
LOG (lattice-best-path:main():lattice-best-path.cc:99) For utterance M07UP39A0776I302, best cost 14.0454 + 1605.31 = 1619.36 over 498 frames.
M07UP39A0776I302 uttarpradesh 
LOG (lattice-best-path:main():lattice-best-path.cc:99) For utterance M07UP39A0777I300, best cost 25.1881 + 1745.39 = 1770.58 over 498 frames.
M07UP39A0777I300 uttarpradesh 
LOG (lattice-best-path:main():lattice-best-path.cc:99) For utterance M07UP39A0777I423, best cost 10.9521 + 905.605 = 916.557 over 298 frames.
M07UP39A0777I423 yuupii 
LOG (lattice-best-path:main():lattice-best-path.cc:99) For utterance M07UP39A0778I303, best cost 19.5345 + 1886.12 = 1905.66 over 498 frames.
M07UP39A0778I303 eempii 
LOG (lattice-best-path:main():lattice-best-path.cc:99) For utterance M07UP39A0781I501, best cost 18.0067 + 1430.29 = 1448.3 over 398 frames.
M07UP39A0781I501 eempii 
LOG (lattice-best-path:main():lattice-best-path.cc:99) For utterance M07UP41A0273I301, best cost 15.7394 + 2378.36 = 2394.1 over 498 frames.
M07UP41A0273I301 eempii 
LOG (lattice-best-path:main():lattice-best-path.cc:99) For utterance M07UP41A0273I47, best cost 15.3504 + 1242.37 = 1257.72 over 298 frames.
M07UP41A0273I47 uttarpradesh 
LOG (lattice-best-path:main():lattice-best-path.cc:99) For utterance M07UP41A0275I300, best cost 20.745 + 1582.24 = 1602.98 over 498 frames.
M07UP41A0275I300 eempii 
LOG (lattice-best-path:main():lattice-best-path.cc:99) For utterance M07UP41A0277I300, best cost 15.2049 + 2057.43 = 2072.64 over 498 frames.
M07UP41A0277I300 uttarpradesh 
LOG (lattice-best-path:main():lattice-best-path.cc:99) For utterance M07UP41A0277I43, best cost 12.8068 + 1362.69 = 1375.5 over 298 frames.
M07UP41A0277I43 yuupii 
LOG (lattice-best-path:main():lattice-best-path.cc:99) For utterance M07UP41A0279I301, best cost 21.325 + 2013.2 = 2034.52 over 498 frames.
M07UP41A0279I301 uttarpradesh 
LOG (lattice-best-path:main():lattice-best-path.cc:99) For utterance M07UP41A0279I302, best cost 15.695 + 1891.31 = 1907.01 over 498 frames.
M07UP41A0279I302 eempii 
LOG (lattice-best-path:main():lattice-best-path.cc:99) For utterance M07UP41A0279I47, best cost 15.9764 + 1434.07 = 1450.05 over 298 frames.
M07UP41A0279I47 yuupii 
LOG (lattice-best-path:main():lattice-best-path.cc:99) For utterance M07UP41A0280I42, best cost 14.006 + 1225.94 = 1239.94 over 298 frames.
M07UP41A0280I42 eempii 
LOG (lattice-best-path:main():lattice-best-path.cc:99) For utterance M07UP41A0280I45, best cost 13.3975 + 1397.12 = 1410.52 over 298 frames.
M07UP41A0280I45 eempii 
LOG (lattice-best-path:main():lattice-best-path.cc:99) For utterance M07UP41A0283I48, best cost 15.722 + 914.325 = 930.047 over 298 frames.
M07UP41A0283I48 eempii 
LOG (lattice-best-path:main():lattice-best-path.cc:99) For utterance M07UP41A0289I303, best cost 26.0023 + 2009.3 = 2035.31 over 498 frames.
M07UP41A0289I303 eempii 
LOG (lattice-best-path:main():lattice-best-path.cc:99) For utterance M07UP41A0289I44, best cost 16.0128 + 1060.85 = 1076.86 over 300 frames.
M07UP41A0289I44 eempii 
LOG (lattice-best-path:main():lattice-best-path.cc:99) For utterance M07UP41A0290I47, best cost 17.6594 + 1079.21 = 1096.87 over 298 frames.
M07UP41A0290I47 eempii 
LOG (lattice-best-path:main():lattice-best-path.cc:99) For utterance M07UP41A0291I43, best cost 17.3455 + 990.399 = 1007.74 over 298 frames.
M07UP41A0291I43 uttarpradesh 
LOG (lattice-best-path:main():lattice-best-path.cc:99) For utterance M07UP41A0291I46, best cost 17.118 + 1093.06 = 1110.18 over 298 frames.
M07UP41A0291I46 uttarpradesh 
LOG (lattice-best-path:main():lattice-best-path.cc:99) For utterance M07UP42A0111I46, best cost 17.7493 + 1016.12 = 1033.87 over 298 frames.
M07UP42A0111I46 eempii 
LOG (lattice-best-path:main():lattice-best-path.cc:99) For utterance M07UP42A0116I430, best cost 15.1482 + 1266.79 = 1281.94 over 298 frames.
M07UP42A0116I430 madhyapradesh 
LOG (lattice-best-path:main():lattice-best-path.cc:99) For utterance M07UP42A0117I419, best cost 16.4028 + 1122.86 = 1139.26 over 298 frames.
M07UP42A0117I419 uttarpradesh 
LOG (lattice-best-path:main():lattice-best-path.cc:99) For utterance M07UP42A0117I423, best cost 11.635 + 1248.54 = 1260.18 over 298 frames.
M07UP42A0117I423 eempii 
LOG (lattice-best-path:main():lattice-best-path.cc:99) For utterance M07UP42A0119I300, best cost 17.7688 + 2251.48 = 2269.24 over 498 frames.
M07UP42A0119I300 uttarpradesh 
LOG (lattice-best-path:main():lattice-best-path.cc:99) For utterance M07UP42A0119I46, best cost 17.9606 + 1337.66 = 1355.62 over 298 frames.
M07UP42A0119I46 eempii 
LOG (lattice-best-path:main():lattice-best-path.cc:99) For utterance M07UP42A0120I418, best cost 18.0799 + 1161.61 = 1179.69 over 298 frames.
M07UP42A0120I418 yuupii 
LOG (lattice-best-path:main():lattice-best-path.cc:99) For utterance M07UP42A0120I424, best cost 21.2048 + 1155.9 = 1177.1 over 298 frames.
M07UP42A0120I424 uttarpradesh 
LOG (lattice-best-path:main():lattice-best-path.cc:99) For utterance M07UP42A0120I429, best cost 19.696 + 1275.11 = 1294.81 over 298 frames.
M07UP42A0120I429 madhyapradesh 
LOG (lattice-best-path:main():lattice-best-path.cc:99) For utterance M07UP42A0122I302, best cost 11.3778 + 1998.38 = 2009.76 over 498 frames.
M07UP42A0122I302 eempii 
LOG (lattice-best-path:main():lattice-best-path.cc:99) For utterance M07UP42A0122I424, best cost 19.5156 + 1228.69 = 1248.21 over 298 frames.
M07UP42A0122I424 madhyapradesh 
LOG (lattice-best-path:main():lattice-best-path.cc:99) For utterance M07UP42A0122I46, best cost 18.0884 + 1208.71 = 1226.8 over 298 frames.
M07UP42A0122I46 eempii 
LOG (lattice-best-path:main():lattice-best-path.cc:99) For utterance M07UP42A0123I42, best cost 19.2174 + 1231.55 = 1250.77 over 298 frames.
M07UP42A0123I42 madhyapradesh 
LOG (lattice-best-path:main():lattice-best-path.cc:99) For utterance M07UP42A0123I424, best cost 12.0985 + 1306.37 = 1318.47 over 298 frames.
M07UP42A0123I424 yuupii 
LOG (lattice-best-path:main():lattice-best-path.cc:99) For utterance M07UP42A0124I45, best cost 17.0786 + 1118.06 = 1135.13 over 298 frames.
M07UP42A0124I45 yuupii 
LOG (lattice-best-path:main():lattice-best-path.cc:99) For utterance M07UP42A0126I437, best cost 16.0656 + 1215.99 = 1232.05 over 298 frames.
M07UP42A0126I437 eempii 
LOG (lattice-best-path:main():lattice-best-path.cc:99) For utterance M07UP43A0148I300, best cost 24.6123 + 2195.66 = 2220.27 over 498 frames.
M07UP43A0148I300 uttarpradesh 
LOG (lattice-best-path:main():lattice-best-path.cc:99) For utterance M07UP43A0151I42, best cost 12.3402 + 1409.28 = 1421.62 over 298 frames.
M07UP43A0151I42 uttarpradesh 
LOG (lattice-best-path:main():lattice-best-path.cc:99) For utterance M07UP43A0154I43, best cost 16.1539 + 1006.59 = 1022.74 over 298 frames.
M07UP43A0154I43 eempii 
LOG (lattice-best-path:main():lattice-best-path.cc:99) For utterance M07UP43A0154I44, best cost 14.5932 + 1073.83 = 1088.42 over 298 frames.
M07UP43A0154I44 yuupii 
LOG (lattice-best-path:main():lattice-best-path.cc:99) For utterance M07UP43A0158I41, best cost 14.5413 + 1252.95 = 1267.49 over 298 frames.
M07UP43A0158I41 eempii 
LOG (lattice-best-path:main():lattice-best-path.cc:99) For utterance M07UP45A0614I48, best cost 15.9395 + 1234.23 = 1250.17 over 298 frames.
M07UP45A0614I48 uttarpradesh 
LOG (lattice-best-path:main():lattice-best-path.cc:99) For utterance M07UP45A0616I43, best cost 17.1849 + 1152.11 = 1169.3 over 298 frames.
M07UP45A0616I43 madhyapradesh 
LOG (lattice-best-path:main():lattice-best-path.cc:99) For utterance M07UP45A0624I41, best cost 22.1307 + 1146.02 = 1168.15 over 298 frames.
M07UP45A0624I41 uttarpradesh 
LOG (lattice-best-path:main():lattice-best-path.cc:99) For utterance M07UP45A0624I44, best cost 19.4659 + 1123.28 = 1142.74 over 298 frames.
M07UP45A0624I44 uttarpradesh 
LOG (lattice-best-path:main():lattice-best-path.cc:99) For utterance M07UP45A0625I41, best cost 17.6427 + 1235.3 = 1252.94 over 298 frames.
M07UP45A0625I41 eempii 
LOG (lattice-best-path:main():lattice-best-path.cc:99) For utterance M07UP45A0627I43, best cost 15.0126 + 928.952 = 943.965 over 298 frames.
M07UP45A0627I43 eempii 
LOG (lattice-best-path:main():lattice-best-path.cc:99) For utterance M07UP45A0628I41, best cost 17.4621 + 1221.26 = 1238.73 over 298 frames.
M07UP45A0628I41 eempii 
LOG (lattice-best-path:main():lattice-best-path.cc:99) For utterance M07UP45A0629I303, best cost 21.1078 + 2224.06 = 2245.17 over 498 frames.
M07UP45A0629I303 yuupii 
LOG (lattice-best-path:main():lattice-best-path.cc:99) For utterance M07UP45A0634I48, best cost 21.2309 + 1073.78 = 1095.01 over 298 frames.
M07UP45A0634I48 uttarpradesh 
LOG (lattice-best-path:main():lattice-best-path.cc:99) For utterance M07UP45A0635I42, best cost 18.7826 + 1206.02 = 1224.8 over 298 frames.
M07UP45A0635I42 eempii 
LOG (lattice-best-path:main():lattice-best-path.cc:99) For utterance M07UP45A0636I300, best cost 13.4542 + 1453.1 = 1466.55 over 498 frames.
M07UP45A0636I300 eempii 
LOG (lattice-best-path:main():lattice-best-path.cc:99) For utterance M07UP48A0013I417, best cost 17.1943 + 1138.36 = 1155.55 over 298 frames.
M07UP48A0013I417 eempii 
LOG (lattice-best-path:main():lattice-best-path.cc:99) For utterance M07UP48A0013I43, best cost 20.3283 + 1211.94 = 1232.27 over 298 frames.
M07UP48A0013I43 yuupii 
LOG (lattice-best-path:main():lattice-best-path.cc:99) For utterance M07UP48A0014I44, best cost 11.6593 + 1243.12 = 1254.78 over 298 frames.
M07UP48A0014I44 uttarpradesh 
LOG (lattice-best-path:main():lattice-best-path.cc:99) For utterance M07UP48A0015I422, best cost 15.4558 + 1185.99 = 1201.45 over 298 frames.
M07UP48A0015I422 yuupii 
LOG (lattice-best-path:main():lattice-best-path.cc:99) For utterance M07UP48A0018I422, best cost 15.8228 + 1291.71 = 1307.53 over 298 frames.
M07UP48A0018I422 yuupii 
LOG (lattice-best-path:main():lattice-best-path.cc:99) For utterance M07UP48A0020I43, best cost 13.0427 + 1007.96 = 1021 over 298 frames.
M07UP48A0020I43 eempii 
LOG (lattice-best-path:main():lattice-best-path.cc:99) For utterance M07UP48A0021I45, best cost 17.5963 + 977.292 = 994.889 over 298 frames.
M07UP48A0021I45 uttarpradesh 
LOG (lattice-best-path:main():lattice-best-path.cc:99) For utterance M07UP48A0024I49, best cost 19.9326 + 1252.23 = 1272.17 over 304 frames.
M07UP48A0024I49 eempii 
LOG (lattice-best-path:main():lattice-best-path.cc:99) For utterance M07UP48A0028I45, best cost 14.2118 + 1250.98 = 1265.2 over 298 frames.
M07UP48A0028I45 madhyapradesh 
LOG (lattice-best-path:main():lattice-best-path.cc:99) For utterance M07UP48A0031I44, best cost 13.8217 + 1323.88 = 1337.71 over 298 frames.
M07UP48A0031I44 yuupii 
LOG (lattice-best-path:main():lattice-best-path.cc:99) For utterance M07UP49A0861I41, best cost 15.5316 + 952.023 = 967.554 over 300 frames.
M07UP49A0861I41 uttarpradesh 
LOG (lattice-best-path:main():lattice-best-path.cc:99) For utterance M07UP49A0863I300, best cost 29.7053 + 1973.11 = 2002.81 over 498 frames.
M07UP49A0863I300 yuupii 
LOG (lattice-best-path:main():lattice-best-path.cc:99) For utterance M07UP49A0866I504, best cost 16.4678 + 1439.68 = 1456.15 over 298 frames.
M07UP49A0866I504 yuupii 
LOG (lattice-best-path:main():lattice-best-path.cc:99) For utterance M07UP49A0869I301, best cost 21.2343 + 1949.61 = 1970.85 over 498 frames.
M07UP49A0869I301 eempii 
LOG (lattice-best-path:main():lattice-best-path.cc:99) For utterance M07UP49A0880I43, best cost 24.5469 + 1169.03 = 1193.57 over 298 frames.
M07UP49A0880I43 uttarpradesh 
LOG (lattice-best-path:main():lattice-best-path.cc:99) For utterance M07UP51A0032I301, best cost 19.6556 + 1926.48 = 1946.14 over 430 frames.
M07UP51A0032I301 yuupii 
LOG (lattice-best-path:main():lattice-best-path.cc:99) For utterance M07UP51A0033I42, best cost 19.7128 + 1223.94 = 1243.66 over 298 frames.
M07UP51A0033I42 yuupii 
LOG (lattice-best-path:main():lattice-best-path.cc:99) For utterance M07UP51A0033I48, best cost 12.4007 + 1413.36 = 1425.76 over 298 frames.
M07UP51A0033I48 yuupii 
LOG (lattice-best-path:main():lattice-best-path.cc:99) For utterance M07UP51A0035I302, best cost 23.9638 + 1985.65 = 2009.61 over 498 frames.
M07UP51A0035I302 eempii 
LOG (lattice-best-path:main():lattice-best-path.cc:99) For utterance M07UP51A0036I300, best cost 13.659 + 2133.32 = 2146.98 over 498 frames.
M07UP51A0036I300 eempii 
LOG (lattice-best-path:main():lattice-best-path.cc:99) For utterance M07UP51A0036I44, best cost 20.5567 + 1103.29 = 1123.85 over 298 frames.
M07UP51A0036I44 eempii 
LOG (lattice-best-path:main():lattice-best-path.cc:99) For utterance M07UP51A0036I45, best cost 19.5952 + 1147.48 = 1167.08 over 298 frames.
M07UP51A0036I45 eempii 
LOG (lattice-best-path:main():lattice-best-path.cc:99) For utterance M07UP51A0036I48, best cost 17.516 + 1207.43 = 1224.94 over 298 frames.
M07UP51A0036I48 eempii 
LOG (lattice-best-path:main():lattice-best-path.cc:99) For utterance M07UP51A0038I48, best cost 15.9817 + 1276.11 = 1292.09 over 298 frames.
M07UP51A0038I48 yuupii 
LOG (lattice-best-path:main():lattice-best-path.cc:99) For utterance M07UP51A0041I300, best cost 16.6567 + 1417.16 = 1433.82 over 498 frames.
M07UP51A0041I300 yuupii 
LOG (lattice-best-path:main():lattice-best-path.cc:99) For utterance M07UP51A0042I302, best cost 25.9192 + 1667.9 = 1693.82 over 498 frames.
M07UP51A0042I302 eempii 
LOG (lattice-best-path:main():lattice-best-path.cc:99) For utterance M07UP51A0043I410, best cost 14.8532 + 1150.98 = 1165.83 over 298 frames.
M07UP51A0043I410 eempii 
LOG (lattice-best-path:main():lattice-best-path.cc:99) For utterance M07UP51A0043I44, best cost 23.6519 + 1221.94 = 1245.59 over 298 frames.
M07UP51A0043I44 yuupii 
LOG (lattice-best-path:main():lattice-best-path.cc:99) For utterance M07UP51A0043I45, best cost 21.9862 + 998.421 = 1020.41 over 298 frames.
M07UP51A0043I45 eempii 
LOG (lattice-best-path:main():lattice-best-path.cc:99) For utterance M07UP51A0044I303, best cost 31.7795 + 1709.15 = 1740.93 over 498 frames.
M07UP51A0044I303 eempii 
LOG (lattice-best-path:main():lattice-best-path.cc:99) For utterance M07UP51A0045I412, best cost 19.0033 + 1246 = 1265.01 over 298 frames.
M07UP51A0045I412 madhyapradesh 
LOG (lattice-best-path:main():lattice-best-path.cc:99) For utterance M07UP51A0046I412, best cost 13.1447 + 1003.11 = 1016.25 over 298 frames.
M07UP51A0046I412 eempii 
LOG (lattice-best-path:main():lattice-best-path.cc:99) For utterance M07UP51A0046I43, best cost 23.7181 + 1167.29 = 1191.01 over 298 frames.
M07UP51A0046I43 eempii 
LOG (lattice-best-path:main():lattice-best-path.cc:99) For utterance M07UP51A0049I44, best cost 21.4851 + 1345.18 = 1366.67 over 298 frames.
M07UP51A0049I44 madhyapradesh 
LOG (lattice-best-path:main():lattice-best-path.cc:99) For utterance M07UP51A0049I48, best cost 21.5448 + 1348.93 = 1370.48 over 298 frames.
M07UP51A0049I48 eempii 
LOG (lattice-best-path:main():lattice-best-path.cc:99) For utterance M07UP51A0050I300, best cost 23.9277 + 1760.05 = 1783.97 over 498 frames.
M07UP51A0050I300 eempii 
LOG (lattice-best-path:main():lattice-best-path.cc:99) For utterance M07UP51A0050I42, best cost 21.5481 + 1140.14 = 1161.69 over 298 frames.
M07UP51A0050I42 eempii 
LOG (lattice-best-path:main():lattice-best-path.cc:99) For utterance M07UP51A0050I45, best cost 14.3367 + 1204.77 = 1219.1 over 298 frames.
M07UP51A0050I45 eempii 
LOG (lattice-best-path:main():lattice-best-path.cc:99) For utterance M07UP51A0052I301, best cost 21.3643 + 1637.27 = 1658.64 over 498 frames.
M07UP51A0052I301 eempii 
LOG (lattice-best-path:main():lattice-best-path.cc:99) For utterance M07UP51A0052I303, best cost 16.3585 + 1517.61 = 1533.97 over 498 frames.
M07UP51A0052I303 eempii 
LOG (lattice-best-path:main():lattice-best-path.cc:99) For utterance M07UP51A0052I412, best cost 19.2973 + 1000.97 = 1020.27 over 298 frames.
M07UP51A0052I412 yuupii 
LOG (lattice-best-path:main():lattice-best-path.cc:99) For utterance M07UP51A0052I45, best cost 13.7377 + 1171.22 = 1184.96 over 298 frames.
M07UP51A0052I45 yuupii 
LOG (lattice-best-path:main():lattice-best-path.cc:99) For utterance M07UP51A0053I302, best cost 16.0909 + 1682.24 = 1698.33 over 498 frames.
M07UP51A0053I302 eempii 
LOG (lattice-best-path:main():lattice-best-path.cc:99) For utterance M07UP51A0054I40, best cost 16.4208 + 1359.39 = 1375.81 over 298 frames.
M07UP51A0054I40 yuupii 
LOG (lattice-best-path:main():lattice-best-path.cc:99) For utterance M07UP51A0054I47, best cost 16.0048 + 1287.59 = 1303.6 over 298 frames.
M07UP51A0054I47 madhyapradesh 
LOG (lattice-best-path:main():lattice-best-path.cc:99) For utterance M07UP51A0094I411, best cost 24.4317 + 1058.26 = 1082.69 over 298 frames.
M07UP51A0094I411 uttarpradesh 
LOG (lattice-best-path:main():lattice-best-path.cc:99) For utterance M07UP52A0193I300, best cost 24.5741 + 1789.44 = 1814.02 over 498 frames.
M07UP52A0193I300 eempii 
LOG (lattice-best-path:main():lattice-best-path.cc:99) For utterance M07UP52A0193I302, best cost 28.9419 + 1700.75 = 1729.69 over 498 frames.
M07UP52A0193I302 madhyapradesh 
LOG (lattice-best-path:main():lattice-best-path.cc:99) For utterance M07UP52A0193I43, best cost 15.0057 + 984.909 = 999.914 over 298 frames.
M07UP52A0193I43 madhyapradesh 
LOG (lattice-best-path:main():lattice-best-path.cc:99) For utterance M07UP52A0195I45, best cost 14.2442 + 1332.46 = 1346.71 over 298 frames.
M07UP52A0195I45 yuupii 
LOG (lattice-best-path:main():lattice-best-path.cc:99) For utterance M07UP52A0196I300, best cost 24.1632 + 1844.26 = 1868.42 over 498 frames.
M07UP52A0196I300 eempii 
LOG (lattice-best-path:main():lattice-best-path.cc:99) For utterance M07UP52A0196I41, best cost 12.394 + 1155.19 = 1167.59 over 292 frames.
M07UP52A0196I41 eempii 
LOG (lattice-best-path:main():lattice-best-path.cc:99) For utterance M07UP52A0199I41, best cost 19.4159 + 1423.71 = 1443.13 over 298 frames.
M07UP52A0199I41 madhyapradesh 
LOG (lattice-best-path:main():lattice-best-path.cc:99) For utterance M07UP52A0202I302, best cost 19.6671 + 2246.01 = 2265.68 over 498 frames.
M07UP52A0202I302 eempii 
LOG (lattice-best-path:main():lattice-best-path.cc:99) For utterance M07UP52A0202I40, best cost 13.6237 + 1357.82 = 1371.44 over 298 frames.
M07UP52A0202I40 eempii 
LOG (lattice-best-path:main():lattice-best-path.cc:99) For utterance M07UP52A0202I45, best cost 14.792 + 1386.5 = 1401.29 over 298 frames.
M07UP52A0202I45 yuupii 
LOG (lattice-best-path:main():lattice-best-path.cc:99) For utterance M07UP52A0205I43, best cost 18.3307 + 1193.98 = 1212.31 over 298 frames.
M07UP52A0205I43 eempii 
LOG (lattice-best-path:main():lattice-best-path.cc:99) For utterance M07UP52A0206I302, best cost 30.5818 + 1822.72 = 1853.3 over 498 frames.
M07UP52A0206I302 eempii 
LOG (lattice-best-path:main():lattice-best-path.cc:99) For utterance M07UP52A0206I40, best cost 13.3863 + 1353.96 = 1367.34 over 298 frames.
M07UP52A0206I40 eempii 
LOG (lattice-best-path:main():lattice-best-path.cc:99) For utterance M07UP52A0207I42, best cost 18.1892 + 1312.25 = 1330.44 over 298 frames.
M07UP52A0207I42 eempii 
LOG (lattice-best-path:main():lattice-best-path.cc:99) For utterance M07UP52A0210I300, best cost 16.1853 + 2219.24 = 2235.42 over 498 frames.
M07UP52A0210I300 eempii 
LOG (lattice-best-path:main():lattice-best-path.cc:99) For utterance M07UP52A0210I43, best cost 21.312 + 1352.92 = 1374.23 over 298 frames.
M07UP52A0210I43 uttarpradesh 
LOG (lattice-best-path:main():lattice-best-path.cc:99) For utterance M07UP52A0210I603, best cost 32.9527 + 4396.9 = 4429.85 over 998 frames.
M07UP52A0210I603 eempii 
LOG (lattice-best-path:main():lattice-best-path.cc:99) For utterance M07UP52A0211I300, best cost 18.3193 + 2358.45 = 2376.77 over 500 frames.
M07UP52A0211I300 eempii 
LOG (lattice-best-path:main():lattice-best-path.cc:99) For utterance M07UP52A0213I45, best cost 12.9062 + 907.873 = 920.779 over 298 frames.
M07UP52A0213I45 eempii 
LOG (lattice-best-path:main():lattice-best-path.cc:99) For utterance M07UP53A0072I44, best cost 12.5103 + 1253.43 = 1265.94 over 298 frames.
M07UP53A0072I44 eempii 
LOG (lattice-best-path:main():lattice-best-path.cc:99) For utterance M07UP53A0076I413, best cost 15.9169 + 1278.75 = 1294.67 over 298 frames.
M07UP53A0076I413 eempii 
LOG (lattice-best-path:main():lattice-best-path.cc:99) For utterance M07UP53A0079I42, best cost 16.6238 + 1297.27 = 1313.9 over 298 frames.
M07UP53A0079I42 uttarpradesh 
LOG (lattice-best-path:main():lattice-best-path.cc:99) For utterance M07UP53A0080I41, best cost 14.5407 + 877.479 = 892.02 over 298 frames.
M07UP53A0080I41 eempii 
LOG (lattice-best-path:main():lattice-best-path.cc:99) For utterance M07UP53A0080I413, best cost 18.9585 + 1107.76 = 1126.72 over 298 frames.
M07UP53A0080I413 eempii 
LOG (lattice-best-path:main():lattice-best-path.cc:99) For utterance M07UP53A0080I42, best cost 15.68 + 1031.96 = 1047.64 over 298 frames.
M07UP53A0080I42 eempii 
LOG (lattice-best-path:main():lattice-best-path.cc:99) For utterance M07UP53A0081I424, best cost 11.164 + 905.71 = 916.874 over 298 frames.
M07UP53A0081I424 madhyapradesh 
LOG (lattice-best-path:main():lattice-best-path.cc:99) For utterance M07UP53A0083I419, best cost 18.5684 + 1238.81 = 1257.38 over 298 frames.
M07UP53A0083I419 yuupii 
LOG (lattice-best-path:main():lattice-best-path.cc:99) For utterance M07UP53A0085I45, best cost 19.1132 + 1362.43 = 1381.54 over 300 frames.
M07UP53A0085I45 uttarpradesh 
LOG (lattice-best-path:main():lattice-best-path.cc:99) For utterance M07UP53A0088I413, best cost 15.212 + 1321.72 = 1336.93 over 298 frames.
M07UP53A0088I413 eempii 
LOG (lattice-best-path:main():lattice-best-path.cc:99) For utterance M07UP53A0090I410, best cost 15.7861 + 1382.9 = 1398.69 over 300 frames.
M07UP53A0090I410 eempii 
LOG (lattice-best-path:main():lattice-best-path.cc:99) For utterance M07UP54A1272I428, best cost 14.3431 + 1217.52 = 1231.86 over 298 frames.
M07UP54A1272I428 eempii 
LOG (lattice-best-path:main():lattice-best-path.cc:99) For utterance M07UP54A1280I300, best cost 24.2963 + 1950.63 = 1974.93 over 498 frames.
M07UP54A1280I300 eempii 
LOG (lattice-best-path:main():lattice-best-path.cc:99) For utterance M07UP54A1290I45, best cost 17.5155 + 1278.87 = 1296.38 over 300 frames.
M07UP54A1290I45 eempii 
LOG (lattice-best-path:main():lattice-best-path.cc:99) For utterance M07UP55A0462I422, best cost 17.4375 + 1125.16 = 1142.6 over 298 frames.
M07UP55A0462I422 uttarpradesh 
LOG (lattice-best-path:main():lattice-best-path.cc:99) For utterance M07UP55A0464I303, best cost 20.6994 + 1745.36 = 1766.06 over 498 frames.
M07UP55A0464I303 eempii 
LOG (lattice-best-path:main():lattice-best-path.cc:99) For utterance M07UP55A0464I42, best cost 17.5753 + 1180.8 = 1198.38 over 298 frames.
M07UP55A0464I42 eempii 
LOG (lattice-best-path:main():lattice-best-path.cc:99) For utterance M07UP55A0469I300, best cost 30.0059 + 1899.92 = 1929.92 over 498 frames.
M07UP55A0469I300 eempii 
LOG (lattice-best-path:main():lattice-best-path.cc:99) For utterance M07UP55A0469I40, best cost 19.5927 + 1062.05 = 1081.64 over 298 frames.
M07UP55A0469I40 yuupii 
LOG (lattice-best-path:main():lattice-best-path.cc:99) For utterance M07UP55A0470I301, best cost 20.6299 + 1804 = 1824.63 over 498 frames.
M07UP55A0470I301 eempii 
LOG (lattice-best-path:main():lattice-best-path.cc:99) For utterance M07UP55A0474I40, best cost 15.813 + 1397.26 = 1413.08 over 298 frames.
M07UP55A0474I40 eempii 
LOG (lattice-best-path:main():lattice-best-path.cc:99) For utterance M07UP55A0476I42, best cost 20.7663 + 1356.28 = 1377.04 over 298 frames.
M07UP55A0476I42 eempii 
LOG (lattice-best-path:main():lattice-best-path.cc:99) For utterance M07UP55A0477I301, best cost 24.0923 + 1741.19 = 1765.28 over 498 frames.
M07UP55A0477I301 madhyapradesh 
LOG (lattice-best-path:main():lattice-best-path.cc:99) For utterance M07UP55A0480I300, best cost 19.0726 + 1976.42 = 1995.49 over 498 frames.
M07UP55A0480I300 uttarpradesh 
LOG (lattice-best-path:main():lattice-best-path.cc:99) For utterance M07UP56A0695I300, best cost 31.3626 + 2186.52 = 2217.88 over 498 frames.
M07UP56A0695I300 eempii 
LOG (lattice-best-path:main():lattice-best-path.cc:99) For utterance M07UP56A0699I301, best cost 36.0425 + 1860.54 = 1896.58 over 498 frames.
M07UP56A0699I301 uttarpradesh 
LOG (lattice-best-path:main():lattice-best-path.cc:99) For utterance M07UP56A0706I43, best cost 18.3071 + 1294.11 = 1312.41 over 298 frames.
M07UP56A0706I43 yuupii 
LOG (lattice-best-path:main():lattice-best-path.cc:99) For utterance M07UP56A0707I45, best cost 13.9751 + 893.54 = 907.515 over 298 frames.
M07UP56A0707I45 uttarpradesh 
LOG (lattice-best-path:main():lattice-best-path.cc:99) For utterance M07UP56A0708I47, best cost 22.1085 + 1243.17 = 1265.27 over 298 frames.
M07UP56A0708I47 eempii 
LOG (lattice-best-path:main():lattice-best-path.cc:99) For utterance M07UP56A0710I421, best cost 22.7481 + 1171.42 = 1194.17 over 298 frames.
M07UP56A0710I421 eempii 
LOG (lattice-best-path:main():lattice-best-path.cc:99) For utterance M07UP57A0404I43, best cost 17.6269 + 1034.95 = 1052.57 over 298 frames.
M07UP57A0404I43 yuupii 
LOG (lattice-best-path:main():lattice-best-path.cc:99) For utterance M07UP57A0406I300, best cost 21.7604 + 1801.21 = 1822.97 over 498 frames.
M07UP57A0406I300 eempii 
LOG (lattice-best-path:main():lattice-best-path.cc:99) For utterance M07UP57A0409I42, best cost 14.7099 + 984.219 = 998.929 over 298 frames.
M07UP57A0409I42 uttarpradesh 
LOG (lattice-best-path:main():lattice-best-path.cc:99) For utterance M07UP57A0411I301, best cost 16.3833 + 1951.1 = 1967.49 over 498 frames.
M07UP57A0411I301 yuupii 
LOG (lattice-best-path:main():lattice-best-path.cc:99) For utterance M07UP57A0413I301, best cost 20.0249 + 1580.38 = 1600.4 over 498 frames.
M07UP57A0413I301 yuupii 
LOG (lattice-best-path:main():lattice-best-path.cc:99) For utterance M07UP57A0413I41, best cost 13.0309 + 1323.12 = 1336.15 over 298 frames.
M07UP57A0413I41 yuupii 
LOG (lattice-best-path:main():lattice-best-path.cc:99) For utterance M07UP57A0413I507, best cost 11.9977 + 1317.43 = 1329.42 over 298 frames.
M07UP57A0413I507 eempii 
LOG (lattice-best-path:main():lattice-best-path.cc:99) For utterance M07UP57A0416I301, best cost 25.1345 + 2139.62 = 2164.76 over 498 frames.
M07UP57A0416I301 uttarpradesh 
LOG (lattice-best-path:main():lattice-best-path.cc:99) For utterance M07UP57A0417I301, best cost 24.9158 + 1900.57 = 1925.49 over 498 frames.
M07UP57A0417I301 yuupii 
LOG (lattice-best-path:main():lattice-best-path.cc:99) For utterance M07UP57A0417I42, best cost 17.654 + 1300.85 = 1318.5 over 298 frames.
M07UP57A0417I42 yuupii 
LOG (lattice-best-path:main():lattice-best-path.cc:99) For utterance M07UP57A0418I303, best cost 22.7009 + 2041.73 = 2064.43 over 498 frames.
M07UP57A0418I303 eempii 
LOG (lattice-best-path:main():lattice-best-path.cc:99) For utterance M07UP60A0942I416, best cost 10.5554 + 903.892 = 914.447 over 298 frames.
M07UP60A0942I416 yuupii 
LOG (lattice-best-path:main():lattice-best-path.cc:99) For utterance M07UP60A0942I418, best cost 15.8437 + 1111.56 = 1127.41 over 298 frames.
M07UP60A0942I418 uttarpradesh 
LOG (lattice-best-path:main():lattice-best-path.cc:99) For utterance M07UP60A0944I42, best cost 19.3131 + 1159.23 = 1178.55 over 298 frames.
M07UP60A0944I42 eempii 
LOG (lattice-best-path:main():lattice-best-path.cc:99) For utterance M07UP60A0946I303, best cost 35.9661 + 1945.57 = 1981.54 over 498 frames.
M07UP60A0946I303 uttarpradesh 
LOG (lattice-best-path:main():lattice-best-path.cc:99) For utterance M07UP60A0954I303, best cost 13.7508 + 1348.59 = 1362.34 over 498 frames.
M07UP60A0954I303 uttarpradesh 
LOG (lattice-best-path:main():lattice-best-path.cc:99) For utterance M07UP60A0955I301, best cost 25.4174 + 1439.37 = 1464.79 over 498 frames.
M07UP60A0955I301 eempii 
LOG (lattice-best-path:main():lattice-best-path.cc:99) For utterance M07UP60A0955I302, best cost 15.6528 + 1340.54 = 1356.2 over 498 frames.
M07UP60A0955I302 yuupii 
LOG (lattice-best-path:main():lattice-best-path.cc:99) For utterance M07UP60A0956I414, best cost 20.9088 + 1279.91 = 1300.82 over 298 frames.
M07UP60A0956I414 uttarpradesh 
LOG (lattice-best-path:main():lattice-best-path.cc:99) For utterance M07UP60A0957I412, best cost 13.8903 + 1083.49 = 1097.38 over 298 frames.
M07UP60A0957I412 eempii 
LOG (lattice-best-path:main():lattice-best-path.cc:99) For utterance M07UP60A0957I413, best cost 15.9402 + 1042.84 = 1058.78 over 298 frames.
M07UP60A0957I413 uttarpradesh 
LOG (lattice-best-path:main():lattice-best-path.cc:99) For utterance M07UP61A0966I300, best cost 19.4611 + 1587.1 = 1606.56 over 498 frames.
M07UP61A0966I300 eempii 
LOG (lattice-best-path:main():lattice-best-path.cc:99) For utterance M07UP61A0968I301, best cost 22.2119 + 1487.69 = 1509.9 over 498 frames.
M07UP61A0968I301 eempii 
LOG (lattice-best-path:main():lattice-best-path.cc:99) For utterance M07UP61A0971I302, best cost 22.4172 + 1658.03 = 1680.45 over 498 frames.
M07UP61A0971I302 madhyapradesh 
LOG (lattice-best-path:main():lattice-best-path.cc:99) For utterance M07UP61A0972I44, best cost 19.5807 + 1252.9 = 1272.48 over 298 frames.
M07UP61A0972I44 madhyapradesh 
LOG (lattice-best-path:main():lattice-best-path.cc:99) For utterance M07UP61A0980I301, best cost 26.3904 + 2132.84 = 2159.23 over 498 frames.
M07UP61A0980I301 eempii 
LOG (lattice-best-path:main():lattice-best-path.cc:99) For utterance M07UP64A0382I300, best cost 32.6361 + 2018.79 = 2051.42 over 498 frames.
M07UP64A0382I300 eempii 
LOG (lattice-best-path:main():lattice-best-path.cc:99) For utterance M07UP64A0382I301, best cost 14.5648 + 2144.92 = 2159.48 over 498 frames.
M07UP64A0382I301 eempii 
LOG (lattice-best-path:main():lattice-best-path.cc:99) For utterance M07UP64A0386I42, best cost 13.5166 + 1195.47 = 1208.98 over 298 frames.
M07UP64A0386I42 eempii 
LOG (lattice-best-path:main():lattice-best-path.cc:99) For utterance M07UP64A0389I42, best cost 18.532 + 945.792 = 964.324 over 298 frames.
M07UP64A0389I42 eempii 
LOG (lattice-best-path:main():lattice-best-path.cc:99) For utterance M07UP64A0390I300, best cost 24.0254 + 1738.77 = 1762.79 over 498 frames.
M07UP64A0390I300 eempii 
LOG (lattice-best-path:main():lattice-best-path.cc:99) For utterance M07UP64A0391I302, best cost 26.6681 + 1874.27 = 1900.94 over 498 frames.
M07UP64A0391I302 uttarpradesh 
LOG (lattice-best-path:main():lattice-best-path.cc:99) For utterance M07UP64A0391I303, best cost 30.4577 + 1846.24 = 1876.69 over 498 frames.
M07UP64A0391I303 eempii 
LOG (lattice-best-path:main():lattice-best-path.cc:99) For utterance M07UP64A0392I301, best cost 12.7345 + 1291.39 = 1304.12 over 498 frames.
M07UP64A0392I301 eempii 
LOG (lattice-best-path:main():lattice-best-path.cc:99) For utterance M07UP64A0393I41, best cost 14.3574 + 1297.48 = 1311.83 over 298 frames.
M07UP64A0393I41 yuupii 
LOG (lattice-best-path:main():lattice-best-path.cc:99) For utterance M07UP64A0396I43, best cost 17.1629 + 1322.22 = 1339.38 over 300 frames.
M07UP64A0396I43 yuupii 
LOG (lattice-best-path:main():lattice-best-path.cc:99) For utterance M07UP64A0399I302, best cost 28.1341 + 1894.07 = 1922.2 over 498 frames.
M07UP64A0399I302 eempii 
LOG (lattice-best-path:main():lattice-best-path.cc:99) For utterance M07UP64A0400I300, best cost 29.8456 + 2046.51 = 2076.36 over 498 frames.
M07UP64A0400I300 eempii 
LOG (lattice-best-path:main():lattice-best-path.cc:99) For utterance M07UP64A0400I426, best cost 18.8923 + 1136.13 = 1155.02 over 298 frames.
M07UP64A0400I426 yuupii 
LOG (lattice-best-path:main():lattice-best-path.cc:99) For utterance M07UP64A0401I43, best cost 17.3204 + 1221 = 1238.32 over 300 frames.
M07UP64A0401I43 madhyapradesh 
LOG (lattice-best-path:main():lattice-best-path.cc:99) For utterance M07UP66A0674I303, best cost 19.7682 + 1959.95 = 1979.72 over 498 frames.
M07UP66A0674I303 eempii 
LOG (lattice-best-path:main():lattice-best-path.cc:99) For utterance M07UP66A0676I303, best cost 13.4587 + 2079.68 = 2093.14 over 498 frames.
M07UP66A0676I303 yuupii 
LOG (lattice-best-path:main():lattice-best-path.cc:99) For utterance M07UP66A0684I43, best cost 19.5443 + 1100.27 = 1119.82 over 298 frames.
M07UP66A0684I43 uttarpradesh 
LOG (lattice-best-path:main():lattice-best-path.cc:99) For utterance M07UP66A0685I42, best cost 14.3594 + 1124.33 = 1138.69 over 298 frames.
M07UP66A0685I42 yuupii 
LOG (lattice-best-path:main():lattice-best-path.cc:99) For utterance M07UP66A0687I301, best cost 12.6082 + 1411.76 = 1424.37 over 498 frames.
M07UP66A0687I301 eempii 
LOG (lattice-best-path:main():lattice-best-path.cc:99) For utterance M07UP66A0688I410, best cost 16.7754 + 971.23 = 988.005 over 298 frames.
M07UP66A0688I410 yuupii 
LOG (lattice-best-path:main():lattice-best-path.cc:99) For utterance M07UP66A0692I301, best cost 24.385 + 1902.07 = 1926.45 over 498 frames.
M07UP66A0692I301 uttarpradesh 
LOG (lattice-best-path:main():lattice-best-path.cc:99) For utterance M07UP72A0730I42, best cost 16.2468 + 1188.07 = 1204.32 over 298 frames.
M07UP72A0730I42 uttarpradesh 
LOG (lattice-best-path:main():lattice-best-path.cc:99) For utterance M07UP72A0730I46, best cost 18.6765 + 1097.05 = 1115.73 over 298 frames.
M07UP72A0730I46 eempii 
LOG (lattice-scale:main():lattice-scale.cc:90) Done 553 lattices.
LOG (lattice-best-path:main():lattice-best-path.cc:99) For utterance M07UP72A0731I42, best cost 20.4304 + 1336.58 = 1357.01 over 298 frames.
M07UP72A0731I42 madhyapradesh 
LOG (lattice-best-path:main():lattice-best-path.cc:99) For utterance M07UP73A0922I300, best cost 15.228 + 2142.12 = 2157.34 over 498 frames.
M07UP73A0922I300 eempii 
LOG (lattice-best-path:main():lattice-best-path.cc:99) For utterance M07UP73A0923I41, best cost 14.0598 + 1254.68 = 1268.74 over 298 frames.
M07UP73A0923I41 yuupii 
LOG (lattice-best-path:main():lattice-best-path.cc:99) For utterance M07UP73A0924I41, best cost 15.6558 + 1158.99 = 1174.64 over 298 frames.
M07UP73A0924I41 uttarpradesh 
LOG (lattice-best-path:main():lattice-best-path.cc:99) For utterance M07UP73A0925I42, best cost 13.9282 + 967.204 = 981.132 over 298 frames.
M07UP73A0925I42 uttarpradesh 
LOG (lattice-best-path:main():lattice-best-path.cc:99) For utterance M07UP73A0927I43, best cost 20.6468 + 1078.11 = 1098.75 over 298 frames.
M07UP73A0927I43 eempii 
LOG (lattice-best-path:main():lattice-best-path.cc:99) For utterance M07UP73A0929I42, best cost 24.7101 + 1239.98 = 1264.69 over 298 frames.
M07UP73A0929I42 madhyapradesh 
LOG (lattice-best-path:main():lattice-best-path.cc:99) For utterance M07UP73A0930I43, best cost 22.59 + 1094.12 = 1116.71 over 298 frames.
M07UP73A0930I43 yuupii 
LOG (lattice-best-path:main():lattice-best-path.cc:99) For utterance M07UP73A0931I49, best cost 16.2432 + 1214.74 = 1230.99 over 298 frames.
M07UP73A0931I49 eempii 
LOG (lattice-best-path:main():lattice-best-path.cc:99) For utterance M07UP73A0937I42, best cost 13.9945 + 1060.44 = 1074.44 over 298 frames.
M07UP73A0937I42 eempii 
LOG (lattice-best-path:main():lattice-best-path.cc:99) For utterance M07UP73A0938I42, best cost 17.5921 + 1045.45 = 1063.04 over 298 frames.
M07UP73A0938I42 yuupii 
LOG (lattice-best-path:main():lattice-best-path.cc:99) For utterance M07UP74A0802I303, best cost 30.572 + 1735.32 = 1765.9 over 498 frames.
M07UP74A0802I303 uttarpradesh 
LOG (lattice-best-path:main():lattice-best-path.cc:99) For utterance M07UP74A0813I300, best cost 23.5431 + 1616.31 = 1639.86 over 498 frames.
M07UP74A0813I300 eempii 
LOG (lattice-best-path:main():lattice-best-path.cc:99) For utterance M07UP74A0814I301, best cost 31.1963 + 1584.29 = 1615.48 over 504 frames.
M07UP74A0814I301 yuupii 
LOG (lattice-add-penalty:main():lattice-add-penalty.cc:62) Done adding word insertion penalty to 553 lattices.
LOG (lattice-best-path:main():lattice-best-path.cc:99) For utterance M07UP74A0817I42, best cost 19.6282 + 1050.68 = 1070.31 over 300 frames.
M07UP74A0817I42 eempii 
LOG (lattice-best-path:main():lattice-best-path.cc:99) For utterance M07UP75A0755I303, best cost 32.6641 + 1866.82 = 1899.48 over 498 frames.
M07UP75A0755I303 eempii 
LOG (lattice-best-path:main():lattice-best-path.cc:99) For utterance M07UP75A0758I300, best cost 20.7377 + 1838.57 = 1859.3 over 498 frames.
M07UP75A0758I300 eempii 
LOG (lattice-best-path:main():lattice-best-path.cc:99) For utterance M07UP75A0764I302, best cost 32.6996 + 1952.55 = 1985.25 over 498 frames.
M07UP75A0764I302 eempii 
LOG (lattice-best-path:main():lattice-best-path.cc:99) For utterance M07UP75A0764I42, best cost 17.5397 + 1210.77 = 1228.3 over 298 frames.
M07UP75A0764I42 yuupii 
LOG (lattice-best-path:main():lattice-best-path.cc:99) For utterance M07UP75A0768I40, best cost 13.2287 + 1068.26 = 1081.48 over 298 frames.
M07UP75A0768I40 madhyapradesh 
LOG (lattice-best-path:main():lattice-best-path.cc:99) For utterance M07UP75A0769I301, best cost 24.5946 + 1652.57 = 1677.16 over 498 frames.
M07UP75A0769I301 madhyapradesh 
LOG (lattice-best-path:main():lattice-best-path.cc:99) For utterance M07UP75A0770I303, best cost 24.3575 + 1779.71 = 1804.07 over 498 frames.
M07UP75A0770I303 eempii 
LOG (lattice-best-path:main():lattice-best-path.cc:99) For utterance M07UP75A0771I42, best cost 16.1675 + 1118.12 = 1134.29 over 298 frames.
M07UP75A0771I42 eempii 
LOG (lattice-best-path:main():lattice-best-path.cc:99) For utterance M07UP75A0771I43, best cost 18.109 + 1163.02 = 1181.13 over 298 frames.
M07UP75A0771I43 madhyapradesh 
LOG (lattice-best-path:main():lattice-best-path.cc:99) For utterance M07UP75A0772I300, best cost 14.3415 + 1687.1 = 1701.45 over 498 frames.
M07UP75A0772I300 eempii 
LOG (lattice-best-path:main():lattice-best-path.cc:99) For utterance M07UP75A0773I41, best cost 15.5816 + 1029.69 = 1045.27 over 298 frames.
M07UP75A0773I41 eempii 
LOG (lattice-best-path:main():lattice-best-path.cc:124) Overall cost per frame is 3.87376 = 0.0498213 [graph] + 3.82394 [acoustic] over 207364 frames.
LOG (lattice-best-path:main():lattice-best-path.cc:128) Done 553 lattices, failed for 0
# Accounting: time=0 threads=1
# Ended (code 0) at Mon Jul 25 00:39:15 IST 2016, elapsed time 0 seconds
