# lattice-scale --inv-acoustic-scale=13 "ark:gunzip -c exp/tri1_1600_25600/decode/lat.*.gz|" ark:- | lattice-add-penalty --word-ins-penalty=0.0 ark:- ark:- | lattice-best-path --word-symbol-table=exp/tri1_1600_25600/graph/words.txt ark:- ark,t:- | utils/int2sym.pl -f 2- exp/tri1_1600_25600/graph/words.txt | cat > exp/tri1_1600_25600/decode/scoring_kaldi/penalty_0.0/13.txt 
# Started at Mon Jul 25 02:12:04 IST 2016
#
lattice-scale --inv-acoustic-scale=13 'ark:gunzip -c exp/tri1_1600_25600/decode/lat.*.gz|' ark:- 
lattice-best-path --word-symbol-table=exp/tri1_1600_25600/graph/words.txt ark:- ark,t:- 
lattice-add-penalty --word-ins-penalty=0.0 ark:- ark:- 
LOG (lattice-best-path:main():lattice-best-path.cc:99) For utterance F07UP02A0332I42, best cost 19.6643 + 2335.26 = 2354.92 over 300 frames.
F07UP02A0332I42 chatarapura 
LOG (lattice-best-path:main():lattice-best-path.cc:99) For utterance F07UP02A0332I43, best cost 15.6415 + 2209.09 = 2224.73 over 298 frames.
F07UP02A0332I43 bhopaala 
LOG (lattice-best-path:main():lattice-best-path.cc:99) For utterance F07UP06A0432I42, best cost 23.526 + 2044.85 = 2068.38 over 300 frames.
F07UP06A0432I42 dhaara 
LOG (lattice-best-path:main():lattice-best-path.cc:99) For utterance F07UP07A0094I427, best cost 12.8068 + 2123.18 = 2135.98 over 298 frames.
F07UP07A0094I427 umariyaa 
LOG (lattice-best-path:main():lattice-best-path.cc:99) For utterance F07UP07A0096I44, best cost 13.4056 + 2326.6 = 2340 over 298 frames.
F07UP07A0096I44 dhaara 
LOG (lattice-best-path:main():lattice-best-path.cc:99) For utterance F07UP09A0491I46, best cost 11.3927 + 2398.65 = 2410.05 over 298 frames.
F07UP09A0491I46 shahadxola 
LOG (lattice-best-path:main():lattice-best-path.cc:99) For utterance F07UP11A1331I301, best cost 15.1555 + 3429.99 = 3445.14 over 498 frames.
F07UP11A1331I301 shaajaapura 
LOG (lattice-best-path:main():lattice-best-path.cc:99) For utterance F07UP19A0344I46, best cost 17.5219 + 2102.87 = 2120.39 over 298 frames.
F07UP19A0344I46 siwanii 
LOG (lattice-best-path:main():lattice-best-path.cc:99) For utterance F07UP21A0612I41, best cost 19.7604 + 2161.44 = 2181.2 over 298 frames.
F07UP21A0612I41 burahaanapura 
LOG (lattice-best-path:main():lattice-best-path.cc:99) For utterance F07UP22A1336I429, best cost 15.9629 + 2223.53 = 2239.49 over 298 frames.
F07UP22A1336I429 datiyaa 
LOG (lattice-best-path:main():lattice-best-path.cc:99) For utterance F07UP22A1336I501, best cost 17.1964 + 2862.18 = 2879.38 over 398 frames.
F07UP22A1336I501 umariyaa 
LOG (lattice-best-path:main():lattice-best-path.cc:99) For utterance F07UP22A1343I301, best cost 14.3964 + 3435.21 = 3449.6 over 498 frames.
F07UP22A1343I301 burahaanapura 
LOG (lattice-best-path:main():lattice-best-path.cc:99) For utterance F07UP22A1343I47, best cost 17.1902 + 2389.73 = 2406.92 over 298 frames.
F07UP22A1343I47 jhaabuaa 
LOG (lattice-best-path:main():lattice-best-path.cc:99) For utterance F07UP22A1345I47, best cost 14.289 + 2098.25 = 2112.54 over 298 frames.
F07UP22A1345I47 siihoura 
LOG (lattice-best-path:main():lattice-best-path.cc:99) For utterance F07UP22A1346I435, best cost 20.2212 + 2332.17 = 2352.39 over 300 frames.
F07UP22A1346I435 jabalapura 
LOG (lattice-best-path:main():lattice-best-path.cc:99) For utterance F07UP23A0248I41, best cost 16.1723 + 2468.72 = 2484.89 over 298 frames.
F07UP23A0248I41 chatarapura 
LOG (lattice-best-path:main():lattice-best-path.cc:99) For utterance F07UP24A0182I302, best cost 19.1029 + 3896.71 = 3915.82 over 498 frames.
F07UP24A0182I302 chindawaadxqaa 
LOG (lattice-best-path:main():lattice-best-path.cc:99) For utterance F07UP24A0182I41, best cost 17.244 + 2394.24 = 2411.48 over 298 frames.
F07UP24A0182I41 chatarapura 
LOG (lattice-best-path:main():lattice-best-path.cc:99) For utterance F07UP24A0183I302, best cost 14.0949 + 4114.1 = 4128.2 over 498 frames.
F07UP24A0183I302 dhaara 
LOG (lattice-best-path:main():lattice-best-path.cc:99) For utterance F07UP24A0183I47, best cost 16.0724 + 2338.89 = 2354.96 over 298 frames.
F07UP24A0183I47 raajagadxhqa 
LOG (lattice-best-path:main():lattice-best-path.cc:99) For utterance F07UP25A1212I41, best cost 11.5539 + 2457.36 = 2468.91 over 298 frames.
F07UP25A1212I41 haradaa 
LOG (lattice-best-path:main():lattice-best-path.cc:99) For utterance F07UP25A1215I42, best cost 15.6069 + 2386.77 = 2402.38 over 298 frames.
F07UP25A1215I42 raajagadxhqa 
LOG (lattice-best-path:main():lattice-best-path.cc:99) For utterance F07UP26A0256I43, best cost 13.1035 + 2383.71 = 2396.82 over 298 frames.
F07UP26A0256I43 mureinaa 
LOG (lattice-best-path:main():lattice-best-path.cc:99) For utterance F07UP28A0226I300, best cost 16.8525 + 4106.13 = 4122.98 over 498 frames.
F07UP28A0226I300 shaajaapura 
LOG (lattice-best-path:main():lattice-best-path.cc:99) For utterance F07UP28A0226I45, best cost 12.2742 + 2435.17 = 2447.45 over 298 frames.
F07UP28A0226I45 datiyaa 
LOG (lattice-best-path:main():lattice-best-path.cc:99) For utterance F07UP28A0227I301, best cost 27.0702 + 4057.67 = 4084.74 over 498 frames.
F07UP28A0227I301 shiwapurii 
LOG (lattice-best-path:main():lattice-best-path.cc:99) For utterance F07UP28A0228I303, best cost 16.1443 + 4217.89 = 4234.04 over 498 frames.
F07UP28A0228I303 hoshangaabaada 
LOG (lattice-best-path:main():lattice-best-path.cc:99) For utterance F07UP29A0523I41, best cost 18.5708 + 2164 = 2182.57 over 298 frames.
F07UP29A0523I41 saagara 
LOG (lattice-best-path:main():lattice-best-path.cc:99) For utterance F07UP29A0523I44, best cost 19.7934 + 2086.13 = 2105.92 over 298 frames.
F07UP29A0523I44 anuupapura 
LOG (lattice-best-path:main():lattice-best-path.cc:99) For utterance F07UP31A1293I42, best cost 14.4809 + 2452.85 = 2467.33 over 298 frames.
F07UP31A1293I42 umariyaa 
LOG (lattice-best-path:main():lattice-best-path.cc:99) For utterance F07UP34A0567I44, best cost 17.8173 + 2264.72 = 2282.54 over 300 frames.
F07UP34A0567I44 chatarapura 
LOG (lattice-best-path:main():lattice-best-path.cc:99) For utterance F07UP35A0453I300, best cost 29.2481 + 3505.56 = 3534.8 over 498 frames.
F07UP35A0453I300 shaajaapura 
LOG (lattice-best-path:main():lattice-best-path.cc:99) For utterance F07UP37A0304I300, best cost 18.0128 + 3524.47 = 3542.48 over 498 frames.
F07UP37A0304I300 haradaa 
LOG (lattice-best-path:main():lattice-best-path.cc:99) For utterance F07UP38A0101I41, best cost 21.0266 + 2315.27 = 2336.3 over 298 frames.
F07UP38A0101I41 jabalapura 
LOG (lattice-best-path:main():lattice-best-path.cc:99) For utterance F07UP41A0286I40, best cost 12.2939 + 2022.95 = 2035.25 over 298 frames.
F07UP41A0286I40 damoha 
LOG (lattice-best-path:main():lattice-best-path.cc:99) For utterance F07UP41A0286I42, best cost 10.6756 + 1902.75 = 1913.42 over 298 frames.
F07UP41A0286I42 siwanii 
LOG (lattice-best-path:main():lattice-best-path.cc:99) For utterance F07UP52A0208I44, best cost 11.9463 + 2412.66 = 2424.61 over 298 frames.
F07UP52A0208I44 dhaara 
LOG (lattice-best-path:main():lattice-best-path.cc:99) For utterance F07UP54A1284I430, best cost 14.792 + 2175.35 = 2190.14 over 298 frames.
F07UP54A1284I430 aliraajapura 
LOG (lattice-best-path:main():lattice-best-path.cc:99) For utterance F07UP57A0408I41, best cost 18.1662 + 2382.17 = 2400.33 over 298 frames.
F07UP57A0408I41 siidhii 
LOG (lattice-best-path:main():lattice-best-path.cc:99) For utterance F07UP60A0943I300, best cost 22.4394 + 4152.19 = 4174.63 over 498 frames.
F07UP60A0943I300 saagara 
LOG (lattice-best-path:main():lattice-best-path.cc:99) For utterance F07UP60A0944I303, best cost 19.2008 + 3412.01 = 3431.22 over 498 frames.
F07UP60A0944I303 anuupapura 
LOG (lattice-best-path:main():lattice-best-path.cc:99) For utterance F07UP60A0949I300, best cost 29.6458 + 3673.6 = 3703.24 over 498 frames.
F07UP60A0949I300 gunaa 
LOG (lattice-best-path:main():lattice-best-path.cc:99) For utterance F07UP60A0949I302, best cost 24.6615 + 3447.93 = 3472.59 over 498 frames.
F07UP60A0949I302 singaroulii 
LOG (lattice-best-path:main():lattice-best-path.cc:99) For utterance F07UP60A0949I303, best cost 24.8943 + 3456 = 3480.9 over 498 frames.
F07UP60A0949I303 badxqawaanii 
LOG (lattice-best-path:main():lattice-best-path.cc:99) For utterance F07UP60A0953I41, best cost 17.8266 + 2124.67 = 2142.5 over 298 frames.
F07UP60A0953I41 gwaaliyara 
LOG (lattice-best-path:main():lattice-best-path.cc:99) For utterance F07UP60A0962I427, best cost 14.4115 + 2295.66 = 2310.07 over 298 frames.
F07UP60A0962I427 chatarapura 
LOG (lattice-best-path:main():lattice-best-path.cc:99) For utterance F07UP60A0963I46, best cost 23.8846 + 2385.39 = 2409.27 over 298 frames.
F07UP60A0963I46 chatarapura 
LOG (lattice-best-path:main():lattice-best-path.cc:99) For utterance F07UP64A0395I300, best cost 18.7861 + 3639.72 = 3658.5 over 498 frames.
F07UP64A0395I300 dhaara 
LOG (lattice-best-path:main():lattice-best-path.cc:99) For utterance F07UP64A0397I301, best cost 14.7262 + 3979.31 = 3994.03 over 498 frames.
F07UP64A0397I301 datiyaa 
LOG (lattice-best-path:main():lattice-best-path.cc:99) For utterance F07UP64A0402I41, best cost 16.441 + 2176.36 = 2192.8 over 298 frames.
F07UP64A0402I41 khandxawaa 
LOG (lattice-best-path:main():lattice-best-path.cc:99) For utterance F07UP72A0728I300, best cost 22.1446 + 3902.75 = 3924.89 over 498 frames.
F07UP72A0728I300 haradaa 
LOG (lattice-best-path:main():lattice-best-path.cc:99) For utterance F07UP75A0756I300, best cost 26.8788 + 3630.34 = 3657.22 over 498 frames.
F07UP75A0756I300 kharagona 
LOG (lattice-best-path:main():lattice-best-path.cc:99) For utterance F07UP75A0763I435, best cost 11.5543 + 2089.06 = 2100.61 over 300 frames.
F07UP75A0763I435 anuupapura 
LOG (lattice-best-path:main():lattice-best-path.cc:99) For utterance M07UP01A0057I427, best cost 13.5397 + 2458.27 = 2471.81 over 298 frames.
M07UP01A0057I427 saagara 
LOG (lattice-best-path:main():lattice-best-path.cc:99) For utterance M07UP01A0062I412, best cost 17.9312 + 2326.63 = 2344.56 over 298 frames.
M07UP01A0062I412 saagara 
LOG (lattice-best-path:main():lattice-best-path.cc:99) For utterance M07UP01A0062I45, best cost 17.7725 + 2201.85 = 2219.62 over 300 frames.
M07UP01A0062I45 datiyaa 
LOG (lattice-best-path:main():lattice-best-path.cc:99) For utterance M07UP01A0063I43, best cost 16.6415 + 2339.45 = 2356.09 over 298 frames.
M07UP01A0063I43 saagara 
LOG (lattice-best-path:main():lattice-best-path.cc:99) For utterance M07UP01A0069I413, best cost 18.5445 + 2255.45 = 2273.99 over 298 frames.
M07UP01A0069I413 ratalaama 
LOG (lattice-best-path:main():lattice-best-path.cc:99) For utterance M07UP01A0160I420, best cost 16.0035 + 2213.17 = 2229.17 over 298 frames.
M07UP01A0160I420 jabalapura 
LOG (lattice-best-path:main():lattice-best-path.cc:99) For utterance M07UP01A0160I430, best cost 15.4337 + 2299.58 = 2315.01 over 298 frames.
M07UP01A0160I430 umariyaa 
LOG (lattice-best-path:main():lattice-best-path.cc:99) For utterance M07UP01A0160I47, best cost 12.4066 + 2342.85 = 2355.26 over 298 frames.
M07UP01A0160I47 satanaa 
LOG (lattice-best-path:main():lattice-best-path.cc:99) For utterance M07UP02A0321I47, best cost 16.9651 + 2186.25 = 2203.21 over 300 frames.
M07UP02A0321I47 singaroulii 
LOG (lattice-best-path:main():lattice-best-path.cc:99) For utterance M07UP02A0323I300, best cost 10.6114 + 3571.63 = 3582.24 over 498 frames.
M07UP02A0323I300 riiwaa 
LOG (lattice-best-path:main():lattice-best-path.cc:99) For utterance M07UP02A0325I43, best cost 13.4864 + 2387.74 = 2401.23 over 298 frames.
M07UP02A0325I43 dhaara 
LOG (lattice-best-path:main():lattice-best-path.cc:99) For utterance M07UP02A0329I43, best cost 18.3974 + 2093.77 = 2112.17 over 298 frames.
M07UP02A0329I43 chatarapura 
LOG (lattice-best-path:main():lattice-best-path.cc:99) For utterance M07UP02A0330I303, best cost 16.5704 + 3215.41 = 3231.98 over 498 frames.
M07UP02A0330I303 siihoura 
LOG (lattice-best-path:main():lattice-best-path.cc:99) For utterance M07UP02A0333I45, best cost 20.5172 + 2224.36 = 2244.88 over 298 frames.
M07UP02A0333I45 satanaa 
LOG (lattice-best-path:main():lattice-best-path.cc:99) For utterance M07UP02A0335I301, best cost 15.3213 + 3878.57 = 3893.89 over 498 frames.
M07UP02A0335I301 dhaara 
LOG (lattice-best-path:main():lattice-best-path.cc:99) For utterance M07UP02A0336I44, best cost 15.9865 + 2197.35 = 2213.34 over 290 frames.
M07UP02A0336I44 raajagadxhqa 
LOG (lattice-best-path:main():lattice-best-path.cc:99) For utterance M07UP02A0337I41, best cost 18.6882 + 2426.46 = 2445.15 over 298 frames.
M07UP02A0337I41 bhindxa 
LOG (lattice-best-path:main():lattice-best-path.cc:99) For utterance M07UP02A0337I44, best cost 13.6218 + 2098.53 = 2112.16 over 298 frames.
M07UP02A0337I44 satanaa 
LOG (lattice-best-path:main():lattice-best-path.cc:99) For utterance M07UP04A1227I45, best cost 15.4791 + 2334.71 = 2350.19 over 298 frames.
M07UP04A1227I45 datiyaa 
LOG (lattice-best-path:main():lattice-best-path.cc:99) For utterance M07UP04A1230I303, best cost 40.1248 + 3749.61 = 3789.73 over 498 frames.
M07UP04A1230I303 chatarapura 
LOG (lattice-best-path:main():lattice-best-path.cc:99) For utterance M07UP04A1235I41, best cost 13.2275 + 2389.78 = 2403.01 over 298 frames.
M07UP04A1235I41 satanaa 
LOG (lattice-best-path:main():lattice-best-path.cc:99) For utterance M07UP04A1235I46, best cost 16.6836 + 2052.39 = 2069.07 over 298 frames.
M07UP04A1235I46 raajagadxhqa 
LOG (lattice-best-path:main():lattice-best-path.cc:99) For utterance M07UP04A1236I303, best cost 28.5435 + 3725.16 = 3753.7 over 498 frames.
M07UP04A1236I303 shaajaapura 
LOG (lattice-best-path:main():lattice-best-path.cc:99) For utterance M07UP04A1239I301, best cost 24.3125 + 3431.59 = 3455.9 over 498 frames.
M07UP04A1239I301 ashokanagara 
LOG (lattice-best-path:main():lattice-best-path.cc:99) For utterance M07UP04A1242I410, best cost 17.288 + 2240.74 = 2258.03 over 298 frames.
M07UP04A1242I410 jabalapura 
LOG (lattice-best-path:main():lattice-best-path.cc:99) For utterance M07UP04A1243I300, best cost 27.9056 + 3983.05 = 4010.96 over 498 frames.
M07UP04A1243I300 txikamagadxhq 
LOG (lattice-best-path:main():lattice-best-path.cc:99) For utterance M07UP04A1243I435, best cost 18.5814 + 2198.84 = 2217.42 over 300 frames.
M07UP04A1243I435 chatarapura 
LOG (lattice-best-path:main():lattice-best-path.cc:99) For utterance M07UP04A1244I44, best cost 15.7279 + 2572.04 = 2587.77 over 298 frames.
M07UP04A1244I44 datiyaa 
LOG (lattice-best-path:main():lattice-best-path.cc:99) For utterance M07UP04A1245I48, best cost 21.7255 + 2468.46 = 2490.19 over 298 frames.
M07UP04A1245I48 burahaanapura 
LOG (lattice-best-path:main():lattice-best-path.cc:99) For utterance M07UP05A0903I43, best cost 19.8163 + 2158.88 = 2178.7 over 298 frames.
M07UP05A0903I43 siihoura 
LOG (lattice-best-path:main():lattice-best-path.cc:99) For utterance M07UP05A0910I300, best cost 26.5119 + 3371.65 = 3398.17 over 498 frames.
M07UP05A0910I300 burahaanapura 
LOG (lattice-best-path:main():lattice-best-path.cc:99) For utterance M07UP05A0911I42, best cost 13.4319 + 2313.53 = 2326.96 over 298 frames.
M07UP05A0911I42 badxqawaanii 
LOG (lattice-best-path:main():lattice-best-path.cc:99) For utterance M07UP05A0914I300, best cost 18.4088 + 3401.06 = 3419.47 over 498 frames.
M07UP05A0914I300 raayeseena 
LOG (lattice-best-path:main():lattice-best-path.cc:99) For utterance M07UP05A0914I302, best cost 33.0339 + 3541.95 = 3574.99 over 498 frames.
M07UP05A0914I302 chatarapura 
LOG (lattice-best-path:main():lattice-best-path.cc:99) For utterance M07UP05A0915I301, best cost 16.1026 + 3428.95 = 3445.05 over 498 frames.
M07UP05A0915I301 chatarapura 
LOG (lattice-best-path:main():lattice-best-path.cc:99) For utterance M07UP05A0916I43, best cost 24.7414 + 2225.15 = 2249.89 over 298 frames.
M07UP05A0916I43 shiwapurii 
LOG (lattice-best-path:main():lattice-best-path.cc:99) For utterance M07UP05A0920I411, best cost 14.4592 + 2183.01 = 2197.47 over 298 frames.
M07UP05A0920I411 chatarapura 
LOG (lattice-best-path:main():lattice-best-path.cc:99) For utterance M07UP06A0427I301, best cost 15.9159 + 3109.03 = 3124.94 over 498 frames.
M07UP06A0427I301 siwanii 
LOG (lattice-best-path:main():lattice-best-path.cc:99) For utterance M07UP06A0428I41, best cost 9.53884 + 2358.69 = 2368.23 over 298 frames.
M07UP06A0428I41 dhaara 
LOG (lattice-best-path:main():lattice-best-path.cc:99) For utterance M07UP06A0429I411, best cost 14.6113 + 2099.1 = 2113.71 over 298 frames.
M07UP06A0429I411 umariyaa 
LOG (lattice-best-path:main():lattice-best-path.cc:99) For utterance M07UP06A0433I301, best cost 24.5942 + 3439.47 = 3464.06 over 498 frames.
M07UP06A0433I301 chindawaadxqaa 
LOG (lattice-best-path:main():lattice-best-path.cc:99) For utterance M07UP06A0433I40, best cost 16.5676 + 2236.29 = 2252.85 over 298 frames.
M07UP06A0433I40 chatarapura 
LOG (lattice-best-path:main():lattice-best-path.cc:99) For utterance M07UP06A0433I41, best cost 21.239 + 2366.95 = 2388.19 over 298 frames.
M07UP06A0433I41 deewaasa 
LOG (lattice-best-path:main():lattice-best-path.cc:99) For utterance M07UP06A0437I42, best cost 11.1114 + 2079.22 = 2090.33 over 298 frames.
M07UP06A0437I42 mureinaa 
LOG (lattice-best-path:main():lattice-best-path.cc:99) For utterance M07UP06A0438I41, best cost 14.8569 + 2115.21 = 2130.07 over 298 frames.
M07UP06A0438I41 niimaca 
LOG (lattice-best-path:main():lattice-best-path.cc:99) For utterance M07UP06A0442I41, best cost 14.5147 + 2375.46 = 2389.98 over 298 frames.
M07UP06A0442I41 damoha 
LOG (lattice-best-path:main():lattice-best-path.cc:99) For utterance M07UP06A0442I42, best cost 16.6231 + 2260.67 = 2277.29 over 300 frames.
M07UP06A0442I42 jabalapura 
LOG (lattice-best-path:main():lattice-best-path.cc:99) For utterance M07UP06A0444I43, best cost 18.2437 + 2024.94 = 2043.18 over 298 frames.
M07UP06A0444I43 siihoura 
LOG (lattice-best-path:main():lattice-best-path.cc:99) For utterance M07UP06A0445I301, best cost 20.1582 + 3715.53 = 3735.69 over 490 frames.
M07UP06A0445I301 badxqawaanii 
LOG (lattice-best-path:main():lattice-best-path.cc:99) For utterance M07UP06A0447I41, best cost 16.4099 + 2091.59 = 2108 over 298 frames.
M07UP06A0447I41 bhindxa 
LOG (lattice-best-path:main():lattice-best-path.cc:99) For utterance M07UP07A0134I42, best cost 12.536 + 2076.14 = 2088.68 over 298 frames.
M07UP07A0134I42 mandasoura 
LOG (lattice-best-path:main():lattice-best-path.cc:99) For utterance M07UP07A0134I436, best cost 14.2499 + 2246.57 = 2260.82 over 298 frames.
M07UP07A0134I436 umariyaa 
LOG (lattice-best-path:main():lattice-best-path.cc:99) For utterance M07UP07A0136I410, best cost 15.9151 + 2400.93 = 2416.85 over 298 frames.
M07UP07A0136I410 badxqawaanii 
LOG (lattice-best-path:main():lattice-best-path.cc:99) For utterance M07UP07A0136I438, best cost 19.547 + 2328.3 = 2347.84 over 298 frames.
M07UP07A0136I438 datiyaa 
LOG (lattice-best-path:main():lattice-best-path.cc:99) For utterance M07UP07A0138I414, best cost 8.70525 + 1938.65 = 1947.36 over 298 frames.
M07UP07A0138I414 gwaaliyara 
LOG (lattice-best-path:main():lattice-best-path.cc:99) For utterance M07UP07A0139I42, best cost 11.8606 + 2260.36 = 2272.22 over 298 frames.
M07UP07A0139I42 shiwapurii 
LOG (lattice-best-path:main():lattice-best-path.cc:99) For utterance M07UP07A0142I43, best cost 12.2458 + 2423.12 = 2435.37 over 298 frames.
M07UP07A0142I43 satanaa 
LOG (lattice-best-path:main():lattice-best-path.cc:99) For utterance M07UP07A0143I45, best cost 17.451 + 2279.97 = 2297.42 over 298 frames.
M07UP07A0143I45 burahaanapura 
LOG (lattice-best-path:main():lattice-best-path.cc:99) For utterance M07UP07A0145I436, best cost 13.7174 + 2051.87 = 2065.59 over 298 frames.
M07UP07A0145I436 badxqawaanii 
LOG (lattice-best-path:main():lattice-best-path.cc:99) For utterance M07UP09A0483I300, best cost 12.2295 + 3355.74 = 3367.97 over 498 frames.
M07UP09A0483I300 katxanii 
LOG (lattice-best-path:main():lattice-best-path.cc:99) For utterance M07UP09A0485I43, best cost 22.1717 + 2235.68 = 2257.85 over 298 frames.
M07UP09A0485I43 gwaaliyara 
LOG (lattice-best-path:main():lattice-best-path.cc:99) For utterance M07UP09A0488I43, best cost 17.497 + 2394.83 = 2412.33 over 298 frames.
M07UP09A0488I43 hoshangaabaada 
LOG (lattice-best-path:main():lattice-best-path.cc:99) For utterance M07UP09A0489I300, best cost 21.4953 + 3527.55 = 3549.04 over 498 frames.
M07UP09A0489I300 saagara 
LOG (lattice-best-path:main():lattice-best-path.cc:99) For utterance M07UP09A0490I301, best cost 19.8147 + 3386.02 = 3405.83 over 498 frames.
M07UP09A0490I301 katxanii 
LOG (lattice-best-path:main():lattice-best-path.cc:99) For utterance M07UP09A0494I300, best cost 18.3157 + 3506.33 = 3524.65 over 498 frames.
M07UP09A0494I300 shiwapurii 
LOG (lattice-best-path:main():lattice-best-path.cc:99) For utterance M07UP09A0495I301, best cost 19.6377 + 3457.13 = 3476.77 over 498 frames.
M07UP09A0495I301 betuula 
LOG (lattice-best-path:main():lattice-best-path.cc:99) For utterance M07UP09A0495I41, best cost 16.3362 + 2280.61 = 2296.94 over 298 frames.
M07UP09A0495I41 mandasoura 
LOG (lattice-best-path:main():lattice-best-path.cc:99) For utterance M07UP09A0496I303, best cost 16.9195 + 3336.97 = 3353.89 over 498 frames.
M07UP09A0496I303 raajagadxhqa 
LOG (lattice-best-path:main():lattice-best-path.cc:99) For utterance M07UP09A0499I43, best cost 12.6321 + 1968.39 = 1981.02 over 298 frames.
M07UP09A0499I43 shahadxola 
LOG (lattice-best-path:main():lattice-best-path.cc:99) For utterance M07UP09A0500I42, best cost 10.5074 + 2384.71 = 2395.22 over 298 frames.
M07UP09A0500I42 dhaara 
LOG (lattice-best-path:main():lattice-best-path.cc:99) For utterance M07UP09A0500I44, best cost 18.3679 + 2142.4 = 2160.76 over 298 frames.
M07UP09A0500I44 anuupapura 
LOG (lattice-best-path:main():lattice-best-path.cc:99) For utterance M07UP09A0503I301, best cost 14.8887 + 3660.88 = 3675.77 over 498 frames.
M07UP09A0503I301 niimaca 
LOG (lattice-best-path:main():lattice-best-path.cc:99) For utterance M07UP09A0505I300, best cost 23.488 + 3952.49 = 3975.98 over 498 frames.
M07UP09A0505I300 chatarapura 
LOG (lattice-best-path:main():lattice-best-path.cc:99) For utterance M07UP09A0505I504, best cost 20.2072 + 2263.8 = 2284.01 over 298 frames.
M07UP09A0505I504 shiwapurii 
LOG (lattice-best-path:main():lattice-best-path.cc:99) For utterance M07UP11A1317I41, best cost 15.1842 + 2067.54 = 2082.72 over 298 frames.
M07UP11A1317I41 mandxalaa 
LOG (lattice-best-path:main():lattice-best-path.cc:99) For utterance M07UP11A1319I300, best cost 29.7044 + 3426.63 = 3456.33 over 498 frames.
M07UP11A1319I300 umariyaa 
LOG (lattice-best-path:main():lattice-best-path.cc:99) For utterance M07UP11A1328I301, best cost 28.1467 + 3414.93 = 3443.07 over 498 frames.
M07UP11A1328I301 jabalapura 
LOG (lattice-best-path:main():lattice-best-path.cc:99) For utterance M07UP11A1337I301, best cost 20.502 + 3458.2 = 3478.7 over 498 frames.
M07UP11A1337I301 shaajaapura 
LOG (lattice-best-path:main():lattice-best-path.cc:99) For utterance M07UP11A1349I303, best cost 22.3384 + 3876.95 = 3899.28 over 498 frames.
M07UP11A1349I303 riiwaa 
LOG (lattice-best-path:main():lattice-best-path.cc:99) For utterance M07UP11A1351I302, best cost 25.793 + 3577.31 = 3603.11 over 498 frames.
M07UP11A1351I302 umariyaa 
LOG (lattice-best-path:main():lattice-best-path.cc:99) For utterance M07UP11A1352I427, best cost 13.7733 + 2100.14 = 2113.92 over 298 frames.
M07UP11A1352I427 umariyaa 
LOG (lattice-best-path:main():lattice-best-path.cc:99) For utterance M07UP11A1352I429, best cost 14.1614 + 2081.06 = 2095.22 over 298 frames.
M07UP11A1352I429 burahaanapura 
LOG (lattice-best-path:main():lattice-best-path.cc:99) For utterance M07UP13A0882I300, best cost 18.2099 + 3845.5 = 3863.71 over 498 frames.
M07UP13A0882I300 badxqawaanii 
LOG (lattice-best-path:main():lattice-best-path.cc:99) For utterance M07UP13A0882I301, best cost 23.654 + 3950.17 = 3973.82 over 498 frames.
M07UP13A0882I301 ratalaama 
LOG (lattice-best-path:main():lattice-best-path.cc:99) For utterance M07UP13A0884I303, best cost 22.1271 + 3912.81 = 3934.93 over 498 frames.
M07UP13A0884I303 ashokanagara 
LOG (lattice-best-path:main():lattice-best-path.cc:99) For utterance M07UP13A0888I41, best cost 12.8946 + 2243.72 = 2256.62 over 298 frames.
M07UP13A0888I41 datiyaa 
LOG (lattice-best-path:main():lattice-best-path.cc:99) For utterance M07UP13A0889I41, best cost 20.4512 + 2507.46 = 2527.91 over 298 frames.
M07UP13A0889I41 haradaa 
LOG (lattice-best-path:main():lattice-best-path.cc:99) For utterance M07UP13A0890I43, best cost 14.9672 + 2534.87 = 2549.84 over 298 frames.
M07UP13A0890I43 satanaa 
LOG (lattice-best-path:main():lattice-best-path.cc:99) For utterance M07UP13A0897I302, best cost 29.9448 + 3737.02 = 3766.97 over 498 frames.
M07UP13A0897I302 raajagadxhqa 
LOG (lattice-best-path:main():lattice-best-path.cc:99) For utterance M07UP13A0897I41, best cost 16.2269 + 2174.88 = 2191.1 over 298 frames.
M07UP13A0897I41 burahaanapura 
LOG (lattice-best-path:main():lattice-best-path.cc:99) For utterance M07UP13A0898I303, best cost 22.9076 + 3848.72 = 3871.63 over 498 frames.
M07UP13A0898I303 badxqawaanii 
LOG (lattice-best-path:main():lattice-best-path.cc:99) For utterance M07UP13A0900I436, best cost 11.9493 + 2225.91 = 2237.86 over 298 frames.
M07UP13A0900I436 anuupapura 
LOG (lattice-best-path:main():lattice-best-path.cc:99) For utterance M07UP14A0572I301, best cost 20.7212 + 3409.84 = 3430.56 over 498 frames.
M07UP14A0572I301 chatarapura 
LOG (lattice-best-path:main():lattice-best-path.cc:99) For utterance M07UP14A0576I41, best cost 17.9221 + 2299.84 = 2317.76 over 298 frames.
M07UP14A0576I41 badxqawaanii 
LOG (lattice-best-path:main():lattice-best-path.cc:99) For utterance M07UP14A0583I300, best cost 23.7305 + 3849.6 = 3873.33 over 498 frames.
M07UP14A0583I300 datiyaa 
LOG (lattice-best-path:main():lattice-best-path.cc:99) For utterance M07UP14A0588I41, best cost 21.719 + 2274.8 = 2296.52 over 300 frames.
M07UP14A0588I41 raajagadxhqa 
LOG (lattice-best-path:main():lattice-best-path.cc:99) For utterance M07UP14A0590I300, best cost 20.8535 + 3570.93 = 3591.78 over 498 frames.
M07UP14A0590I300 siwanii 
LOG (lattice-best-path:main():lattice-best-path.cc:99) For utterance M07UP14A0590I43, best cost 19.6291 + 2280.86 = 2300.49 over 298 frames.
M07UP14A0590I43 singaroulii 
LOG (lattice-best-path:main():lattice-best-path.cc:99) For utterance M07UP14A0591I302, best cost 16.1533 + 3446.98 = 3463.13 over 498 frames.
M07UP14A0591I302 baalaaghaatxa 
LOG (lattice-best-path:main():lattice-best-path.cc:99) For utterance M07UP14A0591I303, best cost 12.6098 + 3902.6 = 3915.21 over 498 frames.
M07UP14A0591I303 siidhii 
LOG (lattice-best-path:main():lattice-best-path.cc:99) For utterance M07UP18A0362I47, best cost 15.1508 + 2221.61 = 2236.76 over 298 frames.
M07UP18A0362I47 datiyaa 
LOG (lattice-best-path:main():lattice-best-path.cc:99) For utterance M07UP18A0363I300, best cost 22.995 + 3529.58 = 3552.57 over 498 frames.
M07UP18A0363I300 gwaaliyara 
LOG (lattice-best-path:main():lattice-best-path.cc:99) For utterance M07UP18A0363I302, best cost 21.3993 + 3423.19 = 3444.59 over 498 frames.
M07UP18A0363I302 shiwapurii 
LOG (lattice-best-path:main():lattice-best-path.cc:99) For utterance M07UP18A0365I42, best cost 16.3475 + 2152.2 = 2168.55 over 298 frames.
M07UP18A0365I42 badxqawaanii 
LOG (lattice-best-path:main():lattice-best-path.cc:99) For utterance M07UP18A0366I41, best cost 18.1789 + 2235.03 = 2253.21 over 298 frames.
M07UP18A0366I41 raajagadxhqa 
LOG (lattice-best-path:main():lattice-best-path.cc:99) For utterance M07UP18A0367I43, best cost 14.3239 + 2262.9 = 2277.23 over 298 frames.
M07UP18A0367I43 burahaanapura 
LOG (lattice-best-path:main():lattice-best-path.cc:99) For utterance M07UP18A0368I301, best cost 27.4423 + 3789.4 = 3816.84 over 498 frames.
M07UP18A0368I301 badxqawaanii 
LOG (lattice-best-path:main():lattice-best-path.cc:99) For utterance M07UP18A0368I49, best cost 14.7465 + 2284.99 = 2299.73 over 298 frames.
M07UP18A0368I49 haradaa 
LOG (lattice-best-path:main():lattice-best-path.cc:99) For utterance M07UP18A0369I48, best cost 22.312 + 2480.7 = 2503.01 over 298 frames.
M07UP18A0369I48 badxqawaanii 
LOG (lattice-best-path:main():lattice-best-path.cc:99) For utterance M07UP18A0371I300, best cost 20.5585 + 3984.17 = 4004.73 over 498 frames.
M07UP18A0371I300 satanaa 
LOG (lattice-best-path:main():lattice-best-path.cc:99) For utterance M07UP18A0374I300, best cost 21.7836 + 4245.03 = 4266.81 over 498 frames.
M07UP18A0374I300 badxqawaanii 
LOG (lattice-best-path:main():lattice-best-path.cc:99) For utterance M07UP18A0374I48, best cost 18.0922 + 2444.06 = 2462.15 over 298 frames.
M07UP18A0374I48 txikamagadxhq 
LOG (lattice-best-path:main():lattice-best-path.cc:99) For utterance M07UP18A0375I45, best cost 16.174 + 2404.89 = 2421.06 over 298 frames.
M07UP18A0375I45 katxanii 
LOG (lattice-best-path:main():lattice-best-path.cc:99) For utterance M07UP18A0376I43, best cost 16.2401 + 2132.84 = 2149.08 over 298 frames.
M07UP18A0376I43 raayeseena 
LOG (lattice-best-path:main():lattice-best-path.cc:99) For utterance M07UP18A0376I49, best cost 15.3616 + 2143.97 = 2159.33 over 298 frames.
M07UP18A0376I49 saagara 
LOG (lattice-best-path:main():lattice-best-path.cc:99) For utterance M07UP18A0378I302, best cost 24.3294 + 4218.9 = 4243.23 over 498 frames.
M07UP18A0378I302 satanaa 
LOG (lattice-best-path:main():lattice-best-path.cc:99) For utterance M07UP18A0380I300, best cost 20.6387 + 3829.49 = 3850.13 over 498 frames.
M07UP18A0380I300 bhindxa 
LOG (lattice-best-path:main():lattice-best-path.cc:99) For utterance M07UP19A0341I48, best cost 11.3886 + 2004.97 = 2016.36 over 298 frames.
M07UP19A0341I48 singaroulii 
LOG (lattice-best-path:main():lattice-best-path.cc:99) For utterance M07UP19A0345I300, best cost 23.0411 + 4182.52 = 4205.56 over 490 frames.
M07UP19A0345I300 widishaa 
LOG (lattice-best-path:main():lattice-best-path.cc:99) For utterance M07UP19A0345I45, best cost 16.7771 + 2150.46 = 2167.23 over 298 frames.
M07UP19A0345I45 shiwapurii 
LOG (lattice-best-path:main():lattice-best-path.cc:99) For utterance M07UP19A0346I301, best cost 24.3668 + 4010.88 = 4035.24 over 498 frames.
M07UP19A0346I301 raajagadxhqa 
LOG (lattice-best-path:main():lattice-best-path.cc:99) For utterance M07UP19A0348I301, best cost 29.1532 + 3547.1 = 3576.26 over 498 frames.
M07UP19A0348I301 raajagadxhqa 
LOG (lattice-best-path:main():lattice-best-path.cc:99) For utterance M07UP19A0354I301, best cost 23.3813 + 4105.55 = 4128.93 over 498 frames.
M07UP19A0354I301 shiwapurii 
LOG (lattice-best-path:main():lattice-best-path.cc:99) For utterance M07UP19A0354I303, best cost 24.4894 + 3986.21 = 4010.7 over 498 frames.
M07UP19A0354I303 deewaasa 
LOG (lattice-best-path:main():lattice-best-path.cc:99) For utterance M07UP19A0356I43, best cost 19.7628 + 2231.02 = 2250.78 over 298 frames.
M07UP19A0356I43 baalaaghaatxa 
LOG (lattice-best-path:main():lattice-best-path.cc:99) For utterance M07UP19A0357I300, best cost 17.4156 + 3701.23 = 3718.65 over 498 frames.
M07UP19A0357I300 raajagadxhqa 
LOG (lattice-best-path:main():lattice-best-path.cc:99) For utterance M07UP19A0358I303, best cost 26.4458 + 3500.4 = 3526.84 over 498 frames.
M07UP19A0358I303 aliraajapura 
LOG (lattice-best-path:main():lattice-best-path.cc:99) For utterance M07UP19A0359I40, best cost 12.0537 + 2081.01 = 2093.06 over 298 frames.
M07UP19A0359I40 mureinaa 
LOG (lattice-best-path:main():lattice-best-path.cc:99) For utterance M07UP20A0734I300, best cost 24.6002 + 3655.82 = 3680.42 over 498 frames.
M07UP20A0734I300 singaroulii 
LOG (lattice-best-path:main():lattice-best-path.cc:99) For utterance M07UP20A0739I44, best cost 18.4335 + 2128.77 = 2147.2 over 298 frames.
M07UP20A0739I44 burahaanapura 
LOG (lattice-best-path:main():lattice-best-path.cc:99) For utterance M07UP20A0739I45, best cost 14.0395 + 2061.88 = 2075.92 over 300 frames.
M07UP20A0739I45 gwaaliyara 
LOG (lattice-best-path:main():lattice-best-path.cc:99) For utterance M07UP20A0740I302, best cost 21.0679 + 3537.5 = 3558.56 over 498 frames.
M07UP20A0740I302 singaroulii 
LOG (lattice-best-path:main():lattice-best-path.cc:99) For utterance M07UP20A0742I302, best cost 16.0902 + 3241.83 = 3257.92 over 498 frames.
M07UP20A0742I302 singaroulii 
LOG (lattice-best-path:main():lattice-best-path.cc:99) For utterance M07UP20A0750I40, best cost 21.8163 + 2237.61 = 2259.42 over 298 frames.
M07UP20A0750I40 singaroulii 
LOG (lattice-best-path:main():lattice-best-path.cc:99) For utterance M07UP20A0753I43, best cost 17.5152 + 2434.67 = 2452.19 over 298 frames.
M07UP20A0753I43 mandasoura 
LOG (lattice-best-path:main():lattice-best-path.cc:99) For utterance M07UP21A0593I302, best cost 23.1535 + 3895.51 = 3918.66 over 498 frames.
M07UP21A0593I302 katxanii 
LOG (lattice-best-path:main():lattice-best-path.cc:99) For utterance M07UP21A0598I41, best cost 22.5898 + 2175.32 = 2197.91 over 298 frames.
M07UP21A0598I41 siihoura 
LOG (lattice-best-path:main():lattice-best-path.cc:99) For utterance M07UP21A0600I300, best cost 29.667 + 3777.87 = 3807.54 over 498 frames.
M07UP21A0600I300 chatarapura 
LOG (lattice-best-path:main():lattice-best-path.cc:99) For utterance M07UP21A0600I42, best cost 25.5358 + 2161.34 = 2186.88 over 298 frames.
M07UP21A0600I42 mandasoura 
LOG (lattice-best-path:main():lattice-best-path.cc:99) For utterance M07UP21A0606I301, best cost 32.4803 + 3804.42 = 3836.9 over 498 frames.
M07UP21A0606I301 chatarapura 
LOG (lattice-best-path:main():lattice-best-path.cc:99) For utterance M07UP21A0606I302, best cost 13.2135 + 4029.72 = 4042.94 over 498 frames.
M07UP21A0606I302 saagara 
LOG (lattice-best-path:main():lattice-best-path.cc:99) For utterance M07UP21A0607I301, best cost 29.0705 + 3634.36 = 3663.44 over 498 frames.
M07UP21A0607I301 shyopura 
LOG (lattice-best-path:main():lattice-best-path.cc:99) For utterance M07UP22A1323I47, best cost 10.3309 + 1931.6 = 1941.93 over 298 frames.
M07UP22A1323I47 mureinaa 
LOG (lattice-best-path:main():lattice-best-path.cc:99) For utterance M07UP22A1326I300, best cost 21.983 + 3615.33 = 3637.31 over 498 frames.
M07UP22A1326I300 deewaasa 
LOG (lattice-best-path:main():lattice-best-path.cc:99) For utterance M07UP22A1342I301, best cost 24.4608 + 3376.25 = 3400.71 over 498 frames.
M07UP22A1342I301 burahaanapura 
LOG (lattice-best-path:main():lattice-best-path.cc:99) For utterance M07UP22A1347I43, best cost 16.2819 + 2495.95 = 2512.23 over 298 frames.
M07UP22A1347I43 deewaasa 
LOG (lattice-best-path:main():lattice-best-path.cc:99) For utterance M07UP22A1347I47, best cost 17.1575 + 2428.6 = 2445.75 over 300 frames.
M07UP22A1347I47 siwanii 
LOG (lattice-best-path:main():lattice-best-path.cc:99) For utterance M07UP22A1355I301, best cost 21.797 + 3871.87 = 3893.67 over 498 frames.
M07UP22A1355I301 burahaanapura 
LOG (lattice-best-path:main():lattice-best-path.cc:99) For utterance M07UP22A1355I47, best cost 16.9669 + 2194.08 = 2211.05 over 298 frames.
M07UP22A1355I47 kharagona 
LOG (lattice-best-path:main():lattice-best-path.cc:99) For utterance M07UP22A1357I300, best cost 24.329 + 3560.39 = 3584.72 over 498 frames.
M07UP22A1357I300 siihoura 
LOG (lattice-best-path:main():lattice-best-path.cc:99) For utterance M07UP22A1357I45, best cost 14.5328 + 2090.45 = 2104.98 over 298 frames.
M07UP22A1357I45 burahaanapura 
LOG (lattice-best-path:main():lattice-best-path.cc:99) For utterance M07UP22A1357I47, best cost 12.6065 + 2168.82 = 2181.43 over 298 frames.
M07UP22A1357I47 siihoura 
LOG (lattice-best-path:main():lattice-best-path.cc:99) For utterance M07UP23A0224I44, best cost 15.6492 + 2451.92 = 2467.57 over 298 frames.
M07UP23A0224I44 aliraajapura 
LOG (lattice-best-path:main():lattice-best-path.cc:99) For utterance M07UP23A0233I43, best cost 13.0218 + 2028.61 = 2041.64 over 298 frames.
M07UP23A0233I43 hoshangaabaada 
LOG (lattice-best-path:main():lattice-best-path.cc:99) For utterance M07UP23A0234I41, best cost 19.6179 + 2468.55 = 2488.17 over 298 frames.
M07UP23A0234I41 raajagadxhqa 
LOG (lattice-best-path:main():lattice-best-path.cc:99) For utterance M07UP23A0235I42, best cost 15.7041 + 2459.5 = 2475.2 over 298 frames.
M07UP23A0235I42 ashokanagara 
LOG (lattice-best-path:main():lattice-best-path.cc:99) For utterance M07UP23A0236I43, best cost 17.8712 + 2278.42 = 2296.3 over 298 frames.
M07UP23A0236I43 deewaasa 
LOG (lattice-best-path:main():lattice-best-path.cc:99) For utterance M07UP23A0239I40, best cost 10.4694 + 2393.58 = 2404.05 over 298 frames.
M07UP23A0239I40 haradaa 
LOG (lattice-best-path:main():lattice-best-path.cc:99) For utterance M07UP23A0242I42, best cost 18.0528 + 2356.62 = 2374.67 over 298 frames.
M07UP23A0242I42 saagara 
LOG (lattice-best-path:main():lattice-best-path.cc:99) For utterance M07UP24A0171I300, best cost 27.251 + 3734.95 = 3762.2 over 498 frames.
M07UP24A0171I300 chindawaadxqaa 
LOG (lattice-best-path:main():lattice-best-path.cc:99) For utterance M07UP24A0172I45, best cost 14.5467 + 2311.42 = 2325.97 over 298 frames.
M07UP24A0172I45 deewaasa 
LOG (lattice-best-path:main():lattice-best-path.cc:99) For utterance M07UP24A0172I49, best cost 14.0549 + 2335.63 = 2349.69 over 298 frames.
M07UP24A0172I49 umariyaa 
LOG (lattice-best-path:main():lattice-best-path.cc:99) For utterance M07UP24A0173I44, best cost 16.7756 + 2067.08 = 2083.86 over 298 frames.
M07UP24A0173I44 saagara 
LOG (lattice-best-path:main():lattice-best-path.cc:99) For utterance M07UP24A0173I46, best cost 10.9174 + 1980.57 = 1991.48 over 298 frames.
M07UP24A0173I46 mureinaa 
LOG (lattice-best-path:main():lattice-best-path.cc:99) For utterance M07UP24A0175I301, best cost 26.0131 + 3565.4 = 3591.41 over 498 frames.
M07UP24A0175I301 umariyaa 
LOG (lattice-best-path:main():lattice-best-path.cc:99) For utterance M07UP24A0177F606, best cost 35.4806 + 6909.39 = 6944.87 over 998 frames.
M07UP24A0177F606 jhaabuaa 
LOG (lattice-best-path:main():lattice-best-path.cc:99) For utterance M07UP24A0179I302, best cost 18.631 + 3566.12 = 3584.75 over 498 frames.
M07UP24A0179I302 jhaabuaa 
LOG (lattice-best-path:main():lattice-best-path.cc:99) For utterance M07UP24A0181I301, best cost 19.2659 + 4058.99 = 4078.26 over 498 frames.
M07UP24A0181I301 haradaa 
LOG (lattice-best-path:main():lattice-best-path.cc:99) For utterance M07UP24A0181I42, best cost 10.4858 + 2320.38 = 2330.86 over 298 frames.
M07UP24A0181I42 siihoura 
LOG (lattice-best-path:main():lattice-best-path.cc:99) For utterance M07UP24A0181I48, best cost 14.5329 + 2277.92 = 2292.45 over 298 frames.
M07UP24A0181I48 deewaasa 
LOG (lattice-best-path:main():lattice-best-path.cc:99) For utterance M07UP24A0185I303, best cost 22.5234 + 3790.84 = 3813.36 over 498 frames.
M07UP24A0185I303 saagara 
LOG (lattice-best-path:main():lattice-best-path.cc:99) For utterance M07UP24A0188I302, best cost 20.0428 + 3661.41 = 3681.46 over 498 frames.
M07UP24A0188I302 mureinaa 
LOG (lattice-best-path:main():lattice-best-path.cc:99) For utterance M07UP24A0191I300, best cost 17.9559 + 3442.6 = 3460.56 over 498 frames.
M07UP24A0191I300 jhaabuaa 
LOG (lattice-best-path:main():lattice-best-path.cc:99) For utterance M07UP25A1205I302, best cost 25.0913 + 4011.9 = 4036.99 over 498 frames.
M07UP25A1205I302 anuupapura 
LOG (lattice-best-path:main():lattice-best-path.cc:99) For utterance M07UP25A1205I43, best cost 17.9018 + 2371.61 = 2389.51 over 298 frames.
M07UP25A1205I43 anuupapura 
LOG (lattice-best-path:main():lattice-best-path.cc:99) For utterance M07UP25A1206I45, best cost 23.2998 + 2306.66 = 2329.96 over 298 frames.
M07UP25A1206I45 gunaa 
LOG (lattice-best-path:main():lattice-best-path.cc:99) For utterance M07UP25A1209I41, best cost 16.8156 + 2267.86 = 2284.68 over 298 frames.
M07UP25A1209I41 raajagadxhqa 
LOG (lattice-best-path:main():lattice-best-path.cc:99) For utterance M07UP25A1216I41, best cost 15.2532 + 2480.67 = 2495.92 over 298 frames.
M07UP25A1216I41 haradaa 
LOG (lattice-best-path:main():lattice-best-path.cc:99) For utterance M07UP25A1220I300, best cost 33.6643 + 3712.49 = 3746.16 over 498 frames.
M07UP25A1220I300 raajagadxhqa 
LOG (lattice-best-path:main():lattice-best-path.cc:99) For utterance M07UP25A1220I42, best cost 21.1938 + 2237.73 = 2258.92 over 298 frames.
M07UP25A1220I42 jabalapura 
LOG (lattice-best-path:main():lattice-best-path.cc:99) For utterance M07UP25A1261I302, best cost 20.9175 + 4058.94 = 4079.86 over 500 frames.
M07UP25A1261I302 dhaara 
LOG (lattice-best-path:main():lattice-best-path.cc:99) For utterance M07UP26A0214I42, best cost 12.1862 + 2501.79 = 2513.97 over 298 frames.
M07UP26A0214I42 riiwaa 
LOG (lattice-best-path:main():lattice-best-path.cc:99) For utterance M07UP26A0255I48, best cost 18.0792 + 2223.96 = 2242.04 over 300 frames.
M07UP26A0255I48 widishaa 
LOG (lattice-best-path:main():lattice-best-path.cc:99) For utterance M07UP26A0257I47, best cost 14.4011 + 2012.91 = 2027.31 over 298 frames.
M07UP26A0257I47 ashokanagara 
LOG (lattice-best-path:main():lattice-best-path.cc:99) For utterance M07UP26A0258I414, best cost 22.9679 + 2152.5 = 2175.47 over 298 frames.
M07UP26A0258I414 kharagona 
LOG (lattice-best-path:main():lattice-best-path.cc:99) For utterance M07UP26A0261I47, best cost 12.4237 + 2201.79 = 2214.21 over 298 frames.
M07UP26A0261I47 satanaa 
LOG (lattice-best-path:main():lattice-best-path.cc:99) For utterance M07UP26A0262I41, best cost 14.4569 + 2395.71 = 2410.16 over 298 frames.
M07UP26A0262I41 gwaaliyara 
LOG (lattice-best-path:main():lattice-best-path.cc:99) For utterance M07UP26A0263I43, best cost 16.8898 + 2057.01 = 2073.9 over 298 frames.
M07UP26A0263I43 saagara 
LOG (lattice-best-path:main():lattice-best-path.cc:99) For utterance M07UP26A0267I44, best cost 13.1418 + 2181.45 = 2194.59 over 298 frames.
M07UP26A0267I44 katxanii 
LOG (lattice-best-path:main():lattice-best-path.cc:99) For utterance M07UP26A0269I47, best cost 15.4543 + 2403.29 = 2418.74 over 298 frames.
M07UP26A0269I47 anuupapura 
LOG (lattice-best-path:main():lattice-best-path.cc:99) For utterance M07UP26A0270I42, best cost 16.2402 + 2326.94 = 2343.18 over 298 frames.
M07UP26A0270I42 aliraajapura 
LOG (lattice-best-path:main():lattice-best-path.cc:99) For utterance M07UP26A0272I44, best cost 10.3537 + 1919.94 = 1930.29 over 298 frames.
M07UP26A0272I44 deewaasa 
LOG (lattice-best-path:main():lattice-best-path.cc:99) For utterance M07UP27A0641I438, best cost 14.5069 + 2152.77 = 2167.27 over 298 frames.
M07UP27A0641I438 umariyaa 
LOG (lattice-best-path:main():lattice-best-path.cc:99) For utterance M07UP27A0647I41, best cost 13.9378 + 2163.65 = 2177.59 over 298 frames.
M07UP27A0647I41 chatarapura 
LOG (lattice-best-path:main():lattice-best-path.cc:99) For utterance M07UP27A0647I43, best cost 17.6369 + 2211.17 = 2228.81 over 298 frames.
M07UP27A0647I43 katxanii 
LOG (lattice-best-path:main():lattice-best-path.cc:99) For utterance M07UP27A0657I303, best cost 19.8552 + 3759.32 = 3779.18 over 498 frames.
M07UP27A0657I303 shiwapurii 
LOG (lattice-best-path:main():lattice-best-path.cc:99) For utterance M07UP28A0216I301, best cost 10.8729 + 3883.08 = 3893.95 over 498 frames.
M07UP28A0216I301 haradaa 
LOG (lattice-best-path:main():lattice-best-path.cc:99) For utterance M07UP28A0218I300, best cost 22.8852 + 3669.28 = 3692.17 over 498 frames.
M07UP28A0218I300 deewaasa 
LOG (lattice-best-path:main():lattice-best-path.cc:99) For utterance M07UP28A0219I40, best cost 13.5268 + 2207 = 2220.52 over 298 frames.
M07UP28A0219I40 haradaa 
LOG (lattice-best-path:main():lattice-best-path.cc:99) For utterance M07UP28A0219I505, best cost 14.6816 + 2212.47 = 2227.15 over 300 frames.
M07UP28A0219I505 dhaara 
LOG (lattice-best-path:main():lattice-best-path.cc:99) For utterance M07UP28A0225I302, best cost 16.0449 + 3835.46 = 3851.51 over 498 frames.
M07UP28A0225I302 mureinaa 
LOG (lattice-best-path:main():lattice-best-path.cc:99) For utterance M07UP28A0225I40, best cost 22.6313 + 2181.68 = 2204.31 over 298 frames.
M07UP28A0225I40 haradaa 
LOG (lattice-best-path:main():lattice-best-path.cc:99) For utterance M07UP28A0225I41, best cost 12.5166 + 2567.54 = 2580.06 over 298 frames.
M07UP28A0225I41 damoha 
LOG (lattice-best-path:main():lattice-best-path.cc:99) For utterance M07UP29A0506I301, best cost 19.938 + 3444.21 = 3464.15 over 498 frames.
M07UP29A0506I301 raajagadxhqa 
LOG (lattice-best-path:main():lattice-best-path.cc:99) For utterance M07UP29A0509I42, best cost 21.2677 + 2268.86 = 2290.13 over 298 frames.
M07UP29A0509I42 aliraajapura 
LOG (lattice-best-path:main():lattice-best-path.cc:99) For utterance M07UP29A0509I45, best cost 13.6169 + 2215.68 = 2229.3 over 298 frames.
M07UP29A0509I45 gwaaliyara 
LOG (lattice-best-path:main():lattice-best-path.cc:99) For utterance M07UP29A0510I303, best cost 19.1331 + 3579.96 = 3599.09 over 500 frames.
M07UP29A0510I303 txikamagadxhq 
LOG (lattice-best-path:main():lattice-best-path.cc:99) For utterance M07UP29A0510I44, best cost 15.0292 + 2060.12 = 2075.15 over 298 frames.
M07UP29A0510I44 anuupapura 
LOG (lattice-best-path:main():lattice-best-path.cc:99) For utterance M07UP29A0511I301, best cost 16.0254 + 3707.73 = 3723.75 over 498 frames.
M07UP29A0511I301 raajagadxhqa 
LOG (lattice-best-path:main():lattice-best-path.cc:99) For utterance M07UP29A0511I42, best cost 19.431 + 2355.5 = 2374.93 over 298 frames.
M07UP29A0511I42 hoshangaabaada 
LOG (lattice-best-path:main():lattice-best-path.cc:99) For utterance M07UP29A0513I44, best cost 14.6934 + 2170.89 = 2185.58 over 298 frames.
M07UP29A0513I44 siidhii 
LOG (lattice-best-path:main():lattice-best-path.cc:99) For utterance M07UP29A0514I41, best cost 15.3331 + 2255.26 = 2270.59 over 298 frames.
M07UP29A0514I41 raajagadxhqa 
LOG (lattice-best-path:main():lattice-best-path.cc:99) For utterance M07UP29A0516I41, best cost 10.792 + 2426.08 = 2436.87 over 298 frames.
M07UP29A0516I41 raajagadxhqa 
LOG (lattice-best-path:main():lattice-best-path.cc:99) For utterance M07UP29A0517I303, best cost 19.8633 + 3698.71 = 3718.58 over 498 frames.
M07UP29A0517I303 txikamagadxhq 
LOG (lattice-best-path:main():lattice-best-path.cc:99) For utterance M07UP29A0520I42, best cost 15.3773 + 2081.5 = 2096.88 over 298 frames.
M07UP29A0520I42 aliraajapura 
LOG (lattice-best-path:main():lattice-best-path.cc:99) For utterance M07UP29A0520I45, best cost 18.9298 + 2288.34 = 2307.27 over 298 frames.
M07UP29A0520I45 gwaaliyara 
LOG (lattice-best-path:main():lattice-best-path.cc:99) For utterance M07UP29A0521I303, best cost 24.935 + 3581.98 = 3606.92 over 498 frames.
M07UP29A0521I303 raajagadxhqa 
LOG (lattice-best-path:main():lattice-best-path.cc:99) For utterance M07UP29A0521I47, best cost 16.3042 + 2090.07 = 2106.37 over 298 frames.
M07UP29A0521I47 mandasoura 
LOG (lattice-best-path:main():lattice-best-path.cc:99) For utterance M07UP31A1290I43, best cost 13.0397 + 2165.8 = 2178.84 over 298 frames.
M07UP31A1290I43 singaroulii 
LOG (lattice-best-path:main():lattice-best-path.cc:99) For utterance M07UP31A1291I42, best cost 20.4632 + 2214.66 = 2235.13 over 298 frames.
M07UP31A1291I42 umariyaa 
LOG (lattice-best-path:main():lattice-best-path.cc:99) For utterance M07UP31A1292I301, best cost 21.5584 + 3610.69 = 3632.24 over 498 frames.
M07UP31A1292I301 raajagadxhqa 
LOG (lattice-best-path:main():lattice-best-path.cc:99) For utterance M07UP31A1294I302, best cost 32.266 + 3510.78 = 3543.04 over 498 frames.
M07UP31A1294I302 jabalapura 
LOG (lattice-best-path:main():lattice-best-path.cc:99) For utterance M07UP31A1294I43, best cost 19.7495 + 2247.85 = 2267.6 over 298 frames.
M07UP31A1294I43 singaroulii 
LOG (lattice-best-path:main():lattice-best-path.cc:99) For utterance M07UP31A1296I500, best cost 23.6436 + 3260.99 = 3284.63 over 498 frames.
M07UP31A1296I500 mureinaa 
LOG (lattice-best-path:main():lattice-best-path.cc:99) For utterance M07UP31A1300I300, best cost 24.6263 + 4110.73 = 4135.35 over 498 frames.
M07UP31A1300I300 aliraajapura 
LOG (lattice-best-path:main():lattice-best-path.cc:99) For utterance M07UP31A1302I301, best cost 29.3919 + 3615.63 = 3645.02 over 498 frames.
M07UP31A1302I301 raajagadxhqa 
LOG (lattice-best-path:main():lattice-best-path.cc:99) For utterance M07UP31A1306I302, best cost 31.6582 + 3703.62 = 3735.28 over 498 frames.
M07UP31A1306I302 aliraajapura 
LOG (lattice-best-path:main():lattice-best-path.cc:99) For utterance M07UP31A1306I303, best cost 19.3951 + 4191.73 = 4211.12 over 498 frames.
M07UP31A1306I303 hoshangaabaada 
LOG (lattice-best-path:main():lattice-best-path.cc:99) For utterance M07UP31A1306I43, best cost 13.1118 + 2038.23 = 2051.34 over 298 frames.
M07UP31A1306I43 singaroulii 
LOG (lattice-best-path:main():lattice-best-path.cc:99) For utterance M07UP31A1307I430, best cost 22.8271 + 2207.09 = 2229.91 over 298 frames.
M07UP31A1307I430 gwaaliyara 
LOG (lattice-best-path:main():lattice-best-path.cc:99) For utterance M07UP31A1308I435, best cost 18.5009 + 2191.18 = 2209.68 over 298 frames.
M07UP31A1308I435 gwaaliyara 
LOG (lattice-best-path:main():lattice-best-path.cc:99) For utterance M07UP31A1309I44, best cost 14.7765 + 2482.68 = 2497.45 over 298 frames.
M07UP31A1309I44 deewaasa 
LOG (lattice-best-path:main():lattice-best-path.cc:99) For utterance M07UP31A1310I45, best cost 18.0849 + 2366.35 = 2384.43 over 298 frames.
M07UP31A1310I45 shaajaapura 
LOG (lattice-best-path:main():lattice-best-path.cc:99) For utterance M07UP34A0551I43, best cost 13.3255 + 2381.85 = 2395.18 over 300 frames.
M07UP34A0551I43 deewaasa 
LOG (lattice-best-path:main():lattice-best-path.cc:99) For utterance M07UP34A0554I301, best cost 19.3983 + 3586.88 = 3606.28 over 498 frames.
M07UP34A0554I301 baalaaghaatxa 
LOG (lattice-best-path:main():lattice-best-path.cc:99) For utterance M07UP34A0555I300, best cost 24.5302 + 4105.43 = 4129.96 over 498 frames.
M07UP34A0555I300 shiwapurii 
LOG (lattice-best-path:main():lattice-best-path.cc:99) For utterance M07UP34A0558I42, best cost 16.7689 + 2320.59 = 2337.36 over 298 frames.
M07UP34A0558I42 baalaaghaatxa 
LOG (lattice-best-path:main():lattice-best-path.cc:99) For utterance M07UP34A0559I303, best cost 26.5896 + 3686.35 = 3712.94 over 498 frames.
M07UP34A0559I303 ujjeina 
LOG (lattice-best-path:main():lattice-best-path.cc:99) For utterance M07UP34A0559I44, best cost 19.8602 + 2220.61 = 2240.47 over 298 frames.
M07UP34A0559I44 chatarapura 
LOG (lattice-best-path:main():lattice-best-path.cc:99) For utterance M07UP34A0561I300, best cost 23.5125 + 4097.22 = 4120.73 over 498 frames.
M07UP34A0561I300 aliraajapura 
LOG (lattice-best-path:main():lattice-best-path.cc:99) For utterance M07UP34A0563I303, best cost 36.279 + 3506.8 = 3543.08 over 498 frames.
M07UP34A0563I303 dhaara 
LOG (lattice-best-path:main():lattice-best-path.cc:99) For utterance M07UP34A0564I43, best cost 14.957 + 2221.4 = 2236.36 over 298 frames.
M07UP34A0564I43 chatarapura 
LOG (lattice-best-path:main():lattice-best-path.cc:99) For utterance M07UP34A0566I301, best cost 23.6291 + 3473.29 = 3496.92 over 498 frames.
M07UP34A0566I301 aliraajapura 
LOG (lattice-best-path:main():lattice-best-path.cc:99) For utterance M07UP35A0443I41, best cost 16.8184 + 2307.76 = 2324.58 over 298 frames.
M07UP35A0443I41 haradaa 
LOG (lattice-best-path:main():lattice-best-path.cc:99) For utterance M07UP35A0446I301, best cost 18.8558 + 3776.13 = 3794.98 over 498 frames.
M07UP35A0446I301 hoshangaabaada 
LOG (lattice-best-path:main():lattice-best-path.cc:99) For utterance M07UP35A0448I301, best cost 27.034 + 3413.27 = 3440.3 over 498 frames.
M07UP35A0448I301 raajagadxhqa 
LOG (lattice-best-path:main():lattice-best-path.cc:99) For utterance M07UP35A0450I301, best cost 26.9426 + 4044.74 = 4071.68 over 498 frames.
M07UP35A0450I301 gwaaliyara 
LOG (lattice-best-path:main():lattice-best-path.cc:99) For utterance M07UP35A0452I303, best cost 32.8244 + 3468.08 = 3500.91 over 498 frames.
M07UP35A0452I303 anuupapura 
LOG (lattice-best-path:main():lattice-best-path.cc:99) For utterance M07UP35A0455I303, best cost 29.394 + 3431.42 = 3460.81 over 498 frames.
M07UP35A0455I303 shaajaapura 
LOG (lattice-best-path:main():lattice-best-path.cc:99) For utterance M07UP35A0455I426, best cost 21.6751 + 2344.17 = 2365.85 over 298 frames.
M07UP35A0455I426 bhindxa 
LOG (lattice-best-path:main():lattice-best-path.cc:99) For utterance M07UP35A0456I43, best cost 20.3355 + 2249.36 = 2269.7 over 298 frames.
M07UP35A0456I43 jabalapura 
LOG (lattice-best-path:main():lattice-best-path.cc:99) For utterance M07UP35A0457I41, best cost 17.2233 + 2369.88 = 2387.1 over 298 frames.
M07UP35A0457I41 burahaanapura 
LOG (lattice-best-path:main():lattice-best-path.cc:99) For utterance M07UP35A0459I303, best cost 16.1532 + 3581.15 = 3597.31 over 498 frames.
M07UP35A0459I303 saagara 
LOG (lattice-best-path:main():lattice-best-path.cc:99) For utterance M07UP36A0825I301, best cost 32.255 + 3718.95 = 3751.2 over 498 frames.
M07UP36A0825I301 satanaa 
LOG (lattice-best-path:main():lattice-best-path.cc:99) For utterance M07UP36A0825I40, best cost 16.5534 + 2185.63 = 2202.19 over 298 frames.
M07UP36A0825I40 anuupapura 
LOG (lattice-best-path:main():lattice-best-path.cc:99) For utterance M07UP36A0827I300, best cost 31.6169 + 3383.7 = 3415.32 over 498 frames.
M07UP36A0827I300 katxanii 
LOG (lattice-best-path:main():lattice-best-path.cc:99) For utterance M07UP36A0829I302, best cost 29.9378 + 3707.08 = 3737.02 over 498 frames.
M07UP36A0829I302 aliraajapura 
LOG (lattice-best-path:main():lattice-best-path.cc:99) For utterance M07UP36A0832I302, best cost 22.4841 + 3782.61 = 3805.09 over 498 frames.
M07UP36A0832I302 satanaa 
LOG (lattice-best-path:main():lattice-best-path.cc:99) For utterance M07UP36A0840I41, best cost 14.9541 + 2067.04 = 2081.99 over 298 frames.
M07UP36A0840I41 badxqawaanii 
LOG (lattice-best-path:main():lattice-best-path.cc:99) For utterance M07UP37A0301I42, best cost 8.15269 + 1957.44 = 1965.6 over 298 frames.
M07UP37A0301I42 badxqawaanii 
LOG (lattice-best-path:main():lattice-best-path.cc:99) For utterance M07UP37A0302I45, best cost 9.93124 + 2452.67 = 2462.6 over 298 frames.
M07UP37A0302I45 haradaa 
LOG (lattice-best-path:main():lattice-best-path.cc:99) For utterance M07UP37A0306I47, best cost 15.5827 + 2465.61 = 2481.19 over 298 frames.
M07UP37A0306I47 saagara 
LOG (lattice-best-path:main():lattice-best-path.cc:99) For utterance M07UP37A0307I303, best cost 16.8415 + 3937.83 = 3954.67 over 498 frames.
M07UP37A0307I303 siwanii 
LOG (lattice-best-path:main():lattice-best-path.cc:99) For utterance M07UP37A0309I40, best cost 8.44234 + 2546.83 = 2555.28 over 298 frames.
M07UP37A0309I40 dhaara 
LOG (lattice-best-path:main():lattice-best-path.cc:99) For utterance M07UP37A0309I44, best cost 14.8676 + 2442.57 = 2457.44 over 300 frames.
M07UP37A0309I44 katxanii 
LOG (lattice-best-path:main():lattice-best-path.cc:99) For utterance M07UP37A0311I43, best cost 16.5341 + 2200.34 = 2216.87 over 298 frames.
M07UP37A0311I43 raajagadxhqa 
LOG (lattice-best-path:main():lattice-best-path.cc:99) For utterance M07UP37A0311I44, best cost 18.8071 + 2175.16 = 2193.97 over 298 frames.
M07UP37A0311I44 gwaaliyara 
LOG (lattice-best-path:main():lattice-best-path.cc:99) For utterance M07UP37A0311I48, best cost 12.0573 + 1996.72 = 2008.78 over 300 frames.
M07UP37A0311I48 haradaa 
LOG (lattice-best-path:main():lattice-best-path.cc:99) For utterance M07UP37A0313I427, best cost 14.8472 + 2248.02 = 2262.87 over 298 frames.
M07UP37A0313I427 datiyaa 
LOG (lattice-best-path:main():lattice-best-path.cc:99) For utterance M07UP37A0314I300, best cost 18.2681 + 3973.45 = 3991.71 over 498 frames.
M07UP37A0314I300 bhindxa 
LOG (lattice-best-path:main():lattice-best-path.cc:99) For utterance M07UP37A0316I305, best cost 15.0679 + 4123.16 = 4138.23 over 498 frames.
M07UP37A0316I305 dhaara 
LOG (lattice-best-path:main():lattice-best-path.cc:99) For utterance M07UP37A0317I47, best cost 11.7854 + 2170.56 = 2182.35 over 298 frames.
M07UP37A0317I47 haradaa 
LOG (lattice-best-path:main():lattice-best-path.cc:99) For utterance M07UP37A0317I48, best cost 15.6289 + 2455.02 = 2470.65 over 298 frames.
M07UP37A0317I48 siihoura 
LOG (lattice-best-path:main():lattice-best-path.cc:99) For utterance M07UP37A0319I301, best cost 20.7983 + 4122.36 = 4143.16 over 498 frames.
M07UP37A0319I301 raajagadxhqa 
LOG (lattice-best-path:main():lattice-best-path.cc:99) For utterance M07UP38A0103I43, best cost 14.3341 + 2209.93 = 2224.26 over 298 frames.
M07UP38A0103I43 saagara 
LOG (lattice-best-path:main():lattice-best-path.cc:99) For utterance M07UP38A0107I43, best cost 11.679 + 2248.52 = 2260.2 over 298 frames.
M07UP38A0107I43 dhaara 
LOG (lattice-best-path:main():lattice-best-path.cc:99) For utterance M07UP39A0774I301, best cost 20.8116 + 3409.35 = 3430.17 over 498 frames.
M07UP39A0774I301 shiwapurii 
LOG (lattice-best-path:main():lattice-best-path.cc:99) For utterance M07UP39A0776I302, best cost 12.3974 + 3371.83 = 3384.22 over 498 frames.
M07UP39A0776I302 jabalapura 
LOG (lattice-best-path:main():lattice-best-path.cc:99) For utterance M07UP39A0777I300, best cost 14.3185 + 3562.53 = 3576.85 over 498 frames.
M07UP39A0777I300 jabalapura 
LOG (lattice-best-path:main():lattice-best-path.cc:99) For utterance M07UP39A0777I423, best cost 12.7326 + 2023.37 = 2036.1 over 298 frames.
M07UP39A0777I423 niimaca 
LOG (lattice-best-path:main():lattice-best-path.cc:99) For utterance M07UP39A0778I303, best cost 26.1798 + 3749.09 = 3775.27 over 498 frames.
M07UP39A0778I303 indoura 
LOG (lattice-best-path:main():lattice-best-path.cc:99) For utterance M07UP39A0781I501, best cost 11.5581 + 2915.68 = 2927.24 over 398 frames.
M07UP39A0781I501 mureinaa 
LOG (lattice-best-path:main():lattice-best-path.cc:99) For utterance M07UP41A0273I301, best cost 16.4477 + 4226.97 = 4243.42 over 498 frames.
M07UP41A0273I301 gunaa 
LOG (lattice-best-path:main():lattice-best-path.cc:99) For utterance M07UP41A0273I47, best cost 13.263 + 2299.89 = 2313.15 over 298 frames.
M07UP41A0273I47 shiwapurii 
LOG (lattice-best-path:main():lattice-best-path.cc:99) For utterance M07UP41A0275I300, best cost 21.6716 + 3446.1 = 3467.77 over 498 frames.
M07UP41A0275I300 anuupapura 
LOG (lattice-best-path:main():lattice-best-path.cc:99) For utterance M07UP41A0277I300, best cost 20.2208 + 3829.52 = 3849.74 over 498 frames.
M07UP41A0277I300 anuupapura 
LOG (lattice-best-path:main():lattice-best-path.cc:99) For utterance M07UP41A0277I43, best cost 16.1145 + 2413.44 = 2429.55 over 298 frames.
M07UP41A0277I43 badxqawaanii 
LOG (lattice-best-path:main():lattice-best-path.cc:99) For utterance M07UP41A0279I301, best cost 18.0907 + 3787.24 = 3805.33 over 498 frames.
M07UP41A0279I301 khandxawaa 
LOG (lattice-best-path:main():lattice-best-path.cc:99) For utterance M07UP41A0279I302, best cost 19.2998 + 3645.38 = 3664.68 over 498 frames.
M07UP41A0279I302 indoura 
LOG (lattice-best-path:main():lattice-best-path.cc:99) For utterance M07UP41A0279I47, best cost 14.9022 + 2470.21 = 2485.11 over 298 frames.
M07UP41A0279I47 siwanii 
LOG (lattice-best-path:main():lattice-best-path.cc:99) For utterance M07UP41A0280I42, best cost 13.1716 + 2236.78 = 2249.95 over 298 frames.
M07UP41A0280I42 deewaasa 
LOG (lattice-best-path:main():lattice-best-path.cc:99) For utterance M07UP41A0280I45, best cost 19.0323 + 2425.3 = 2444.33 over 298 frames.
M07UP41A0280I45 txikamagadxhq 
LOG (lattice-best-path:main():lattice-best-path.cc:99) For utterance M07UP41A0283I48, best cost 12.5416 + 2015.25 = 2027.79 over 298 frames.
M07UP41A0283I48 khandxawaa 
LOG (lattice-best-path:main():lattice-best-path.cc:99) For utterance M07UP41A0289I303, best cost 24.8392 + 3739.74 = 3764.58 over 498 frames.
M07UP41A0289I303 khandxawaa 
LOG (lattice-best-path:main():lattice-best-path.cc:99) For utterance M07UP41A0289I44, best cost 15.1106 + 2146.82 = 2161.93 over 300 frames.
M07UP41A0289I44 deewaasa 
LOG (lattice-best-path:main():lattice-best-path.cc:99) For utterance M07UP41A0290I47, best cost 15.4838 + 2179.26 = 2194.74 over 298 frames.
M07UP41A0290I47 gunaa 
LOG (lattice-best-path:main():lattice-best-path.cc:99) For utterance M07UP41A0291I43, best cost 15.7881 + 2076.49 = 2092.27 over 298 frames.
M07UP41A0291I43 txikamagadxhq 
LOG (lattice-best-path:main():lattice-best-path.cc:99) For utterance M07UP41A0291I46, best cost 15.6591 + 2159.18 = 2174.84 over 298 frames.
M07UP41A0291I46 khandxawaa 
LOG (lattice-best-path:main():lattice-best-path.cc:99) For utterance M07UP42A0111I46, best cost 17.6713 + 2124.35 = 2142.02 over 298 frames.
M07UP42A0111I46 siihoura 
LOG (lattice-best-path:main():lattice-best-path.cc:99) For utterance M07UP42A0116I430, best cost 12.4966 + 2335.75 = 2348.24 over 298 frames.
M07UP42A0116I430 aliraajapura 
LOG (lattice-best-path:main():lattice-best-path.cc:99) For utterance M07UP42A0117I419, best cost 16.0998 + 2191.34 = 2207.44 over 298 frames.
M07UP42A0117I419 pannaa 
LOG (lattice-best-path:main():lattice-best-path.cc:99) For utterance M07UP42A0117I423, best cost 12.4442 + 2309.79 = 2322.23 over 298 frames.
M07UP42A0117I423 shaajaapura 
LOG (lattice-best-path:main():lattice-best-path.cc:99) For utterance M07UP42A0119I300, best cost 22.4496 + 3954.59 = 3977.04 over 498 frames.
M07UP42A0119I300 umariyaa 
LOG (lattice-best-path:main():lattice-best-path.cc:99) For utterance M07UP42A0119I46, best cost 18.4158 + 2398.03 = 2416.44 over 298 frames.
M07UP42A0119I46 anuupapura 
LOG (lattice-best-path:main():lattice-best-path.cc:99) For utterance M07UP42A0120I418, best cost 15.8456 + 2200.76 = 2216.6 over 298 frames.
M07UP42A0120I418 gunaa 
LOG (lattice-best-path:main():lattice-best-path.cc:99) For utterance M07UP42A0120I424, best cost 16.7239 + 2237.15 = 2253.87 over 298 frames.
M07UP42A0120I424 riiwaa 
LOG (lattice-best-path:main():lattice-best-path.cc:99) For utterance M07UP42A0120I429, best cost 16.4812 + 2334.18 = 2350.66 over 298 frames.
M07UP42A0120I429 siihoura 
LOG (lattice-best-path:main():lattice-best-path.cc:99) For utterance M07UP42A0122I302, best cost 16.0669 + 3844.84 = 3860.91 over 498 frames.
M07UP42A0122I302 umariyaa 
LOG (lattice-best-path:main():lattice-best-path.cc:99) For utterance M07UP42A0122I424, best cost 17.9852 + 2370.9 = 2388.88 over 298 frames.
M07UP42A0122I424 badxqawaanii 
LOG (lattice-best-path:main():lattice-best-path.cc:99) For utterance M07UP42A0122I46, best cost 23.1027 + 2306.82 = 2329.92 over 298 frames.
M07UP42A0122I46 aliraajapura 
LOG (lattice-best-path:main():lattice-best-path.cc:99) For utterance M07UP42A0123I42, best cost 17.0971 + 2316.71 = 2333.8 over 298 frames.
M07UP42A0123I42 jabalapura 
LOG (lattice-best-path:main():lattice-best-path.cc:99) For utterance M07UP42A0123I424, best cost 13.1898 + 2401.47 = 2414.66 over 298 frames.
M07UP42A0123I424 burahaanapura 
LOG (lattice-best-path:main():lattice-best-path.cc:99) For utterance M07UP42A0124I45, best cost 15.6901 + 2212.07 = 2227.76 over 298 frames.
M07UP42A0124I45 ratalaama 
LOG (lattice-best-path:main():lattice-best-path.cc:99) For utterance M07UP42A0126I437, best cost 16.0749 + 2336.44 = 2352.52 over 298 frames.
M07UP42A0126I437 dhaara 
LOG (lattice-best-path:main():lattice-best-path.cc:99) For utterance M07UP43A0148I300, best cost 21.6409 + 4052.74 = 4074.38 over 498 frames.
M07UP43A0148I300 siidhii 
LOG (lattice-best-path:main():lattice-best-path.cc:99) For utterance M07UP43A0151I42, best cost 18.1661 + 2473.74 = 2491.9 over 298 frames.
M07UP43A0151I42 datiyaa 
LOG (lattice-best-path:main():lattice-best-path.cc:99) For utterance M07UP43A0154I43, best cost 13.6152 + 2015.46 = 2029.07 over 298 frames.
M07UP43A0154I43 chatarapura 
LOG (lattice-best-path:main():lattice-best-path.cc:99) For utterance M07UP43A0154I44, best cost 15.3381 + 2098.85 = 2114.19 over 298 frames.
M07UP43A0154I44 shaajaapura 
LOG (lattice-best-path:main():lattice-best-path.cc:99) For utterance M07UP43A0158I41, best cost 15.1493 + 2347.64 = 2362.78 over 298 frames.
M07UP43A0158I41 umariyaa 
LOG (lattice-best-path:main():lattice-best-path.cc:99) For utterance M07UP45A0614I48, best cost 16.0485 + 2348.84 = 2364.89 over 298 frames.
M07UP45A0614I48 raajagadxhqa 
LOG (lattice-best-path:main():lattice-best-path.cc:99) For utterance M07UP45A0616I43, best cost 18.1822 + 2228.42 = 2246.6 over 298 frames.
M07UP45A0616I43 gwaaliyara 
LOG (lattice-best-path:main():lattice-best-path.cc:99) For utterance M07UP45A0624I41, best cost 17.815 + 2241.46 = 2259.27 over 298 frames.
M07UP45A0624I41 hoshangaabaada 
LOG (lattice-best-path:main():lattice-best-path.cc:99) For utterance M07UP45A0624I44, best cost 21.5594 + 2203.2 = 2224.76 over 298 frames.
M07UP45A0624I44 chatarapura 
LOG (lattice-best-path:main():lattice-best-path.cc:99) For utterance M07UP45A0625I41, best cost 14.1351 + 2323.41 = 2337.55 over 298 frames.
M07UP45A0625I41 deewaasa 
LOG (lattice-best-path:main():lattice-best-path.cc:99) For utterance M07UP45A0627I43, best cost 15.7403 + 2018.71 = 2034.45 over 298 frames.
M07UP45A0627I43 badxqawaanii 
LOG (lattice-best-path:main():lattice-best-path.cc:99) For utterance M07UP45A0628I41, best cost 16.4723 + 2287.17 = 2303.64 over 298 frames.
M07UP45A0628I41 gunaa 
LOG (lattice-best-path:main():lattice-best-path.cc:99) For utterance M07UP45A0629I303, best cost 19.9593 + 4055.61 = 4075.57 over 498 frames.
M07UP45A0629I303 siihoura 
LOG (lattice-best-path:main():lattice-best-path.cc:99) For utterance M07UP45A0634I48, best cost 17.2145 + 2169.58 = 2186.79 over 298 frames.
M07UP45A0634I48 saagara 
LOG (lattice-best-path:main():lattice-best-path.cc:99) For utterance M07UP45A0635I42, best cost 19.5205 + 2299.74 = 2319.26 over 298 frames.
M07UP45A0635I42 gwaaliyara 
LOG (lattice-best-path:main():lattice-best-path.cc:99) For utterance M07UP45A0636I300, best cost 14.595 + 3340.5 = 3355.1 over 498 frames.
M07UP45A0636I300 katxanii 
LOG (lattice-best-path:main():lattice-best-path.cc:99) For utterance M07UP48A0013I417, best cost 19.2619 + 2232.02 = 2251.29 over 298 frames.
M07UP48A0013I417 katxanii 
LOG (lattice-best-path:main():lattice-best-path.cc:99) For utterance M07UP48A0013I43, best cost 13.4526 + 2282.71 = 2296.16 over 298 frames.
M07UP48A0013I43 jhaabuaa 
LOG (lattice-best-path:main():lattice-best-path.cc:99) For utterance M07UP48A0014I44, best cost 11.5528 + 2277.74 = 2289.29 over 298 frames.
M07UP48A0014I44 dhaara 
LOG (lattice-best-path:main():lattice-best-path.cc:99) For utterance M07UP48A0015I422, best cost 16.735 + 2244.13 = 2260.86 over 298 frames.
M07UP48A0015I422 gwaaliyara 
LOG (lattice-best-path:main():lattice-best-path.cc:99) For utterance M07UP48A0018I422, best cost 11.7873 + 2389.21 = 2401 over 298 frames.
M07UP48A0018I422 mandasoura 
LOG (lattice-best-path:main():lattice-best-path.cc:99) For utterance M07UP48A0020I43, best cost 12.0426 + 2096.11 = 2108.15 over 298 frames.
M07UP48A0020I43 siwanii 
LOG (lattice-best-path:main():lattice-best-path.cc:99) For utterance M07UP48A0021I45, best cost 15.9603 + 2069.47 = 2085.43 over 298 frames.
M07UP48A0021I45 mandxalaa 
LOG (lattice-best-path:main():lattice-best-path.cc:99) For utterance M07UP48A0024I49, best cost 16.6649 + 2375.29 = 2391.95 over 304 frames.
M07UP48A0024I49 niimaca 
LOG (lattice-best-path:main():lattice-best-path.cc:99) For utterance M07UP48A0028I45, best cost 12.2156 + 2351.25 = 2363.46 over 298 frames.
M07UP48A0028I45 jabalapura 
LOG (lattice-best-path:main():lattice-best-path.cc:99) For utterance M07UP48A0031I44, best cost 17.0928 + 2381.38 = 2398.47 over 298 frames.
M07UP48A0031I44 siihoura 
LOG (lattice-best-path:main():lattice-best-path.cc:99) For utterance M07UP49A0861I41, best cost 14.7986 + 2087.22 = 2102.02 over 300 frames.
M07UP49A0861I41 umariyaa 
LOG (lattice-best-path:main():lattice-best-path.cc:99) For utterance M07UP49A0863I300, best cost 27.8826 + 3845.96 = 3873.84 over 498 frames.
M07UP49A0863I300 satanaa 
LOG (lattice-best-path:main():lattice-best-path.cc:99) For utterance M07UP49A0866I504, best cost 16.8513 + 2499.5 = 2516.35 over 298 frames.
M07UP49A0866I504 umariyaa 
LOG (lattice-best-path:main():lattice-best-path.cc:99) For utterance M07UP49A0869I301, best cost 21.8534 + 3777.96 = 3799.81 over 498 frames.
M07UP49A0869I301 badxqawaanii 
LOG (lattice-best-path:main():lattice-best-path.cc:99) For utterance M07UP49A0880I43, best cost 24.9038 + 2207.78 = 2232.69 over 298 frames.
M07UP49A0880I43 shiwapurii 
LOG (lattice-best-path:main():lattice-best-path.cc:99) For utterance M07UP51A0032I301, best cost 15.6267 + 3467.07 = 3482.7 over 430 frames.
M07UP51A0032I301 jabalapura 
LOG (lattice-best-path:main():lattice-best-path.cc:99) For utterance M07UP51A0033I42, best cost 18.8112 + 2321.59 = 2340.4 over 298 frames.
M07UP51A0033I42 aliraajapura 
LOG (lattice-best-path:main():lattice-best-path.cc:99) For utterance M07UP51A0033I48, best cost 17.1922 + 2414.54 = 2431.74 over 298 frames.
M07UP51A0033I48 burahaanapura 
LOG (lattice-best-path:main():lattice-best-path.cc:99) For utterance M07UP51A0035I302, best cost 26.6766 + 3755.49 = 3782.17 over 498 frames.
M07UP51A0035I302 dhaara 
LOG (lattice-best-path:main():lattice-best-path.cc:99) For utterance M07UP51A0036I300, best cost 17.366 + 3914.19 = 3931.56 over 498 frames.
M07UP51A0036I300 siihoura 
LOG (lattice-best-path:main():lattice-best-path.cc:99) For utterance M07UP51A0036I44, best cost 17.0543 + 2206.81 = 2223.87 over 298 frames.
M07UP51A0036I44 shiwapurii 
LOG (lattice-best-path:main():lattice-best-path.cc:99) For utterance M07UP51A0036I45, best cost 16.776 + 2226.12 = 2242.89 over 298 frames.
M07UP51A0036I45 ratalaama 
LOG (lattice-best-path:main():lattice-best-path.cc:99) For utterance M07UP51A0036I48, best cost 16.9842 + 2259 = 2275.98 over 298 frames.
M07UP51A0036I48 jhaabuaa 
LOG (lattice-best-path:main():lattice-best-path.cc:99) For utterance M07UP51A0038I48, best cost 17.6617 + 2330.01 = 2347.67 over 298 frames.
M07UP51A0038I48 aliraajapura 
LOG (lattice-best-path:main():lattice-best-path.cc:99) For utterance M07UP51A0041I300, best cost 16.6921 + 3299.01 = 3315.7 over 498 frames.
M07UP51A0041I300 siihoura 
LOG (lattice-best-path:main():lattice-best-path.cc:99) For utterance M07UP51A0042I302, best cost 26.9585 + 3515.92 = 3542.88 over 498 frames.
M07UP51A0042I302 dhaara 
LOG (lattice-best-path:main():lattice-best-path.cc:99) For utterance M07UP51A0043I410, best cost 12.6266 + 2252.82 = 2265.45 over 298 frames.
M07UP51A0043I410 haradaa 
LOG (lattice-best-path:main():lattice-best-path.cc:99) For utterance M07UP51A0043I44, best cost 17.1339 + 2338.71 = 2355.84 over 298 frames.
M07UP51A0043I44 shiwapurii 
LOG (lattice-best-path:main():lattice-best-path.cc:99) For utterance M07UP51A0043I45, best cost 19.7318 + 2124.37 = 2144.1 over 298 frames.
M07UP51A0043I45 riiwaa 
LOG (lattice-best-path:main():lattice-best-path.cc:99) For utterance M07UP51A0044I303, best cost 35.7865 + 3564.7 = 3600.48 over 498 frames.
M07UP51A0044I303 khandxawaa 
LOG (lattice-best-path:main():lattice-best-path.cc:99) For utterance M07UP51A0045I412, best cost 21.9899 + 2333.18 = 2355.17 over 298 frames.
M07UP51A0045I412 mandxalaa 
LOG (lattice-best-path:main():lattice-best-path.cc:99) For utterance M07UP51A0046I412, best cost 16.202 + 2095.82 = 2112.02 over 298 frames.
M07UP51A0046I412 dhaara 
LOG (lattice-best-path:main():lattice-best-path.cc:99) For utterance M07UP51A0046I43, best cost 19.8841 + 2266.72 = 2286.6 over 298 frames.
M07UP51A0046I43 mandasoura 
LOG (lattice-best-path:main():lattice-best-path.cc:99) For utterance M07UP51A0049I44, best cost 17.3947 + 2414.66 = 2432.05 over 298 frames.
M07UP51A0049I44 ashokanagara 
LOG (lattice-best-path:main():lattice-best-path.cc:99) For utterance M07UP51A0049I48, best cost 19.4342 + 2427.08 = 2446.52 over 298 frames.
M07UP51A0049I48 burahaanapura 
LOG (lattice-best-path:main():lattice-best-path.cc:99) For utterance M07UP51A0050I300, best cost 23.5539 + 3544.95 = 3568.51 over 498 frames.
M07UP51A0050I300 jhaabuaa 
LOG (lattice-best-path:main():lattice-best-path.cc:99) For utterance M07UP51A0050I42, best cost 22.6304 + 2228.36 = 2250.99 over 298 frames.
M07UP51A0050I42 chatarapura 
LOG (lattice-best-path:main():lattice-best-path.cc:99) For utterance M07UP51A0050I45, best cost 11.8439 + 2279.84 = 2291.68 over 298 frames.
M07UP51A0050I45 mureinaa 
LOG (lattice-best-path:main():lattice-best-path.cc:99) For utterance M07UP51A0052I301, best cost 21.6635 + 3438.93 = 3460.6 over 498 frames.
M07UP51A0052I301 siwanii 
LOG (lattice-best-path:main():lattice-best-path.cc:99) For utterance M07UP51A0052I303, best cost 19.046 + 3306.04 = 3325.08 over 498 frames.
M07UP51A0052I303 riiwaa 
LOG (lattice-best-path:main():lattice-best-path.cc:99) For utterance M07UP51A0052I412, best cost 14.7661 + 2072.44 = 2087.21 over 298 frames.
M07UP51A0052I412 gunaa 
LOG (lattice-best-path:main():lattice-best-path.cc:99) For utterance M07UP51A0052I45, best cost 16.6931 + 2195.17 = 2211.87 over 298 frames.
M07UP51A0052I45 siihoura 
LOG (lattice-best-path:main():lattice-best-path.cc:99) For utterance M07UP51A0053I302, best cost 22.0088 + 3554.8 = 3576.81 over 498 frames.
M07UP51A0053I302 dhaara 
LOG (lattice-best-path:main():lattice-best-path.cc:99) For utterance M07UP51A0054I40, best cost 12.8747 + 2430.01 = 2442.88 over 298 frames.
M07UP51A0054I40 deewaasa 
LOG (lattice-best-path:main():lattice-best-path.cc:99) For utterance M07UP51A0054I47, best cost 18.4258 + 2407.47 = 2425.9 over 298 frames.
M07UP51A0054I47 burahaanapura 
LOG (lattice-best-path:main():lattice-best-path.cc:99) For utterance M07UP51A0094I411, best cost 24.4378 + 2139.25 = 2163.69 over 298 frames.
M07UP51A0094I411 saagara 
LOG (lattice-best-path:main():lattice-best-path.cc:99) For utterance M07UP52A0193I300, best cost 24.364 + 3651.17 = 3675.54 over 498 frames.
M07UP52A0193I300 betuula 
LOG (lattice-best-path:main():lattice-best-path.cc:99) For utterance M07UP52A0193I302, best cost 28.2553 + 3560.35 = 3588.6 over 498 frames.
M07UP52A0193I302 ashokanagara 
LOG (lattice-best-path:main():lattice-best-path.cc:99) For utterance M07UP52A0193I43, best cost 18.0776 + 2087.44 = 2105.51 over 298 frames.
M07UP52A0193I43 katxanii 
LOG (lattice-best-path:main():lattice-best-path.cc:99) For utterance M07UP52A0195I45, best cost 15.0445 + 2412.33 = 2427.38 over 298 frames.
M07UP52A0195I45 hoshangaabaada 
LOG (lattice-best-path:main():lattice-best-path.cc:99) For utterance M07UP52A0196I300, best cost 24.45 + 3722.26 = 3746.71 over 498 frames.
M07UP52A0196I300 dxindxorii 
LOG (lattice-best-path:main():lattice-best-path.cc:99) For utterance M07UP52A0196I41, best cost 12.0616 + 2266.42 = 2278.48 over 292 frames.
M07UP52A0196I41 dhaara 
LOG (lattice-best-path:main():lattice-best-path.cc:99) For utterance M07UP52A0199I41, best cost 13.7287 + 2519.28 = 2533.01 over 298 frames.
M07UP52A0199I41 haradaa 
LOG (lattice-best-path:main():lattice-best-path.cc:99) For utterance M07UP52A0202I302, best cost 25.7713 + 4052.69 = 4078.46 over 498 frames.
M07UP52A0202I302 shiwapurii 
LOG (lattice-best-path:main():lattice-best-path.cc:99) For utterance M07UP52A0202I40, best cost 18.4789 + 2447.76 = 2466.24 over 298 frames.
M07UP52A0202I40 jabalapura 
LOG (lattice-best-path:main():lattice-best-path.cc:99) For utterance M07UP52A0202I45, best cost 20.1256 + 2478.17 = 2498.3 over 298 frames.
M07UP52A0202I45 hoshangaabaada 
LOG (lattice-best-path:main():lattice-best-path.cc:99) For utterance M07UP52A0205I43, best cost 18.0075 + 2288.21 = 2306.22 over 298 frames.
M07UP52A0205I43 saagara 
LOG (lattice-best-path:main():lattice-best-path.cc:99) For utterance M07UP52A0206I302, best cost 25.5592 + 3651.24 = 3676.8 over 498 frames.
M07UP52A0206I302 dxindxorii 
LOG (lattice-best-path:main():lattice-best-path.cc:99) For utterance M07UP52A0206I40, best cost 11.0744 + 2429.66 = 2440.73 over 298 frames.
M07UP52A0206I40 damoha 
LOG (lattice-best-path:main():lattice-best-path.cc:99) For utterance M07UP52A0207I42, best cost 17.7373 + 2380.26 = 2398 over 298 frames.
M07UP52A0207I42 saagara 
LOG (lattice-best-path:main():lattice-best-path.cc:99) For utterance M07UP52A0210I300, best cost 24.4159 + 3977.92 = 4002.33 over 498 frames.
M07UP52A0210I300 mureinaa 
LOG (lattice-best-path:main():lattice-best-path.cc:99) For utterance M07UP52A0210I43, best cost 14.1132 + 2387 = 2401.12 over 298 frames.
M07UP52A0210I43 saagara 
LOG (lattice-best-path:main():lattice-best-path.cc:99) For utterance M07UP52A0210I603, best cost 35.1713 + 8019.31 = 8054.48 over 998 frames.
M07UP52A0210I603 dhaara 
LOG (lattice-best-path:main():lattice-best-path.cc:99) For utterance M07UP52A0211I300, best cost 18.364 + 4213.22 = 4231.58 over 500 frames.
M07UP52A0211I300 mureinaa 
LOG (lattice-best-path:main():lattice-best-path.cc:99) For utterance M07UP52A0213I45, best cost 13.7834 + 1986.14 = 1999.92 over 298 frames.
M07UP52A0213I45 burahaanapura 
LOG (lattice-best-path:main():lattice-best-path.cc:99) For utterance M07UP53A0072I44, best cost 17.6583 + 2357.56 = 2375.22 over 298 frames.
M07UP53A0072I44 riiwaa 
LOG (lattice-best-path:main():lattice-best-path.cc:99) For utterance M07UP53A0076I413, best cost 19.5545 + 2299.84 = 2319.39 over 298 frames.
M07UP53A0076I413 raajagadxhqa 
LOG (lattice-best-path:main():lattice-best-path.cc:99) For utterance M07UP53A0079I42, best cost 13.3811 + 2366.86 = 2380.24 over 298 frames.
M07UP53A0079I42 saagara 
LOG (lattice-best-path:main():lattice-best-path.cc:99) For utterance M07UP53A0080I41, best cost 16.0184 + 1952.82 = 1968.84 over 298 frames.
M07UP53A0080I41 raajagadxhqa 
LOG (lattice-best-path:main():lattice-best-path.cc:99) For utterance M07UP53A0080I413, best cost 19.6518 + 2152.05 = 2171.71 over 298 frames.
M07UP53A0080I413 saagara 
LOG (lattice-best-path:main():lattice-best-path.cc:99) For utterance M07UP53A0080I42, best cost 15.4553 + 2106.81 = 2122.27 over 298 frames.
M07UP53A0080I42 badxqawaanii 
LOG (lattice-best-path:main():lattice-best-path.cc:99) For utterance M07UP53A0081I424, best cost 11.3435 + 2019.38 = 2030.73 over 298 frames.
M07UP53A0081I424 hoshangaabaada 
LOG (lattice-best-path:main():lattice-best-path.cc:99) For utterance M07UP53A0083I419, best cost 14.8877 + 2279.6 = 2294.49 over 298 frames.
M07UP53A0083I419 shiwapurii 
LOG (lattice-best-path:main():lattice-best-path.cc:99) For utterance M07UP53A0085I45, best cost 18.0658 + 2428.16 = 2446.23 over 300 frames.
M07UP53A0085I45 saagara 
LOG (lattice-best-path:main():lattice-best-path.cc:99) For utterance M07UP53A0088I413, best cost 19.0976 + 2361.12 = 2380.21 over 298 frames.
M07UP53A0088I413 saagara 
LOG (lattice-best-path:main():lattice-best-path.cc:99) For utterance M07UP53A0090I410, best cost 16.2487 + 2466 = 2482.25 over 300 frames.
M07UP53A0090I410 singaroulii 
LOG (lattice-best-path:main():lattice-best-path.cc:99) For utterance M07UP54A1272I428, best cost 11.9597 + 2287.34 = 2299.3 over 298 frames.
M07UP54A1272I428 damoha 
LOG (lattice-best-path:main():lattice-best-path.cc:99) For utterance M07UP54A1280I300, best cost 22.6733 + 3821.96 = 3844.64 over 498 frames.
M07UP54A1280I300 siidhii 
LOG (lattice-best-path:main():lattice-best-path.cc:99) For utterance M07UP54A1290I45, best cost 16.3892 + 2351.44 = 2367.83 over 300 frames.
M07UP54A1290I45 jabalapura 
LOG (lattice-best-path:main():lattice-best-path.cc:99) For utterance M07UP55A0462I422, best cost 13.1867 + 2149.29 = 2162.47 over 298 frames.
M07UP55A0462I422 gwaaliyara 
LOG (lattice-best-path:main():lattice-best-path.cc:99) For utterance M07UP55A0464I303, best cost 19.7338 + 3509.72 = 3529.46 over 498 frames.
M07UP55A0464I303 shaajaapura 
LOG (lattice-best-path:main():lattice-best-path.cc:99) For utterance M07UP55A0464I42, best cost 18.9296 + 2286.68 = 2305.61 over 298 frames.
M07UP55A0464I42 niimaca 
LOG (lattice-best-path:main():lattice-best-path.cc:99) For utterance M07UP55A0469I300, best cost 31.4576 + 3754 = 3785.46 over 498 frames.
M07UP55A0469I300 jhaabuaa 
LOG (lattice-best-path:main():lattice-best-path.cc:99) For utterance M07UP55A0469I40, best cost 26.9435 + 2158.02 = 2184.96 over 298 frames.
M07UP55A0469I40 dhaara 
LOG (lattice-best-path:main():lattice-best-path.cc:99) For utterance M07UP55A0470I301, best cost 23.9408 + 3653.15 = 3677.09 over 498 frames.
M07UP55A0470I301 chatarapura 
LOG (lattice-best-path:main():lattice-best-path.cc:99) For utterance M07UP55A0474I40, best cost 13.9876 + 2457.82 = 2471.81 over 298 frames.
M07UP55A0474I40 damoha 
LOG (lattice-best-path:main():lattice-best-path.cc:99) For utterance M07UP55A0476I42, best cost 21.9048 + 2424.49 = 2446.4 over 298 frames.
M07UP55A0476I42 mureinaa 
LOG (lattice-best-path:main():lattice-best-path.cc:99) For utterance M07UP55A0477I301, best cost 24.3728 + 3623.68 = 3648.05 over 498 frames.
M07UP55A0477I301 jabalapura 
LOG (lattice-best-path:main():lattice-best-path.cc:99) For utterance M07UP55A0480I300, best cost 16.6529 + 3843.85 = 3860.51 over 498 frames.
M07UP55A0480I300 raajagadxhqa 
LOG (lattice-best-path:main():lattice-best-path.cc:99) For utterance M07UP56A0695I300, best cost 21.8022 + 4054.87 = 4076.68 over 498 frames.
M07UP56A0695I300 aliraajapura 
LOG (lattice-best-path:main():lattice-best-path.cc:99) For utterance M07UP56A0699I301, best cost 24.5949 + 3665.21 = 3689.8 over 498 frames.
M07UP56A0699I301 ashokanagara 
LOG (lattice-best-path:main():lattice-best-path.cc:99) For utterance M07UP56A0706I43, best cost 17.3035 + 2407.5 = 2424.8 over 298 frames.
M07UP56A0706I43 gwaaliyara 
LOG (lattice-best-path:main():lattice-best-path.cc:99) For utterance M07UP56A0707I45, best cost 13.0566 + 2018.79 = 2031.85 over 298 frames.
M07UP56A0707I45 singaroulii 
LOG (lattice-best-path:main():lattice-best-path.cc:99) For utterance M07UP56A0708I47, best cost 25.7071 + 2311.04 = 2336.74 over 298 frames.
M07UP56A0708I47 hoshangaabaada 
LOG (lattice-best-path:main():lattice-best-path.cc:99) For utterance M07UP56A0710I421, best cost 20.662 + 2264.93 = 2285.59 over 298 frames.
M07UP56A0710I421 singaroulii 
LOG (lattice-best-path:main():lattice-best-path.cc:99) For utterance M07UP57A0404I43, best cost 15.1498 + 2166.43 = 2181.58 over 298 frames.
M07UP57A0404I43 katxanii 
LOG (lattice-best-path:main():lattice-best-path.cc:99) For utterance M07UP57A0406I300, best cost 21.2969 + 3634.68 = 3655.97 over 498 frames.
M07UP57A0406I300 mandasoura 
LOG (lattice-best-path:main():lattice-best-path.cc:99) For utterance M07UP57A0409I42, best cost 14.9318 + 2084.42 = 2099.35 over 298 frames.
M07UP57A0409I42 jabalapura 
LOG (lattice-best-path:main():lattice-best-path.cc:99) For utterance M07UP57A0411I301, best cost 17.7393 + 3759.38 = 3777.12 over 498 frames.
M07UP57A0411I301 badxqawaanii 
LOG (lattice-best-path:main():lattice-best-path.cc:99) For utterance M07UP57A0413I301, best cost 19.7926 + 3482.73 = 3502.53 over 498 frames.
M07UP57A0413I301 shiwapurii 
LOG (lattice-best-path:main():lattice-best-path.cc:99) For utterance M07UP57A0413I41, best cost 13.2623 + 2418.78 = 2432.04 over 298 frames.
M07UP57A0413I41 dhaara 
LOG (lattice-best-path:main():lattice-best-path.cc:99) For utterance M07UP57A0413I507, best cost 11.128 + 2435.43 = 2446.56 over 298 frames.
M07UP57A0413I507 dhaara 
LOG (lattice-best-path:main():lattice-best-path.cc:99) For utterance M07UP57A0416I301, best cost 26.4805 + 3980.19 = 4006.67 over 498 frames.
M07UP57A0416I301 saagara 
LOG (lattice-best-path:main():lattice-best-path.cc:99) For utterance M07UP57A0417I301, best cost 26.4191 + 3763.29 = 3789.71 over 498 frames.
M07UP57A0417I301 shyopura 
LOG (lattice-best-path:main():lattice-best-path.cc:99) For utterance M07UP57A0417I42, best cost 15.5649 + 2424.08 = 2439.64 over 298 frames.
M07UP57A0417I42 dhaara 
LOG (lattice-best-path:main():lattice-best-path.cc:99) For utterance M07UP57A0418I303, best cost 16.4732 + 3884 = 3900.47 over 498 frames.
M07UP57A0418I303 katxanii 
LOG (lattice-best-path:main():lattice-best-path.cc:99) For utterance M07UP60A0942I416, best cost 11.7471 + 2011.26 = 2023 over 298 frames.
M07UP60A0942I416 badxqawaanii 
LOG (lattice-best-path:main():lattice-best-path.cc:99) For utterance M07UP60A0942I418, best cost 14.9959 + 2160.38 = 2175.37 over 298 frames.
M07UP60A0942I418 txikamagadxhq 
LOG (lattice-best-path:main():lattice-best-path.cc:99) For utterance M07UP60A0944I42, best cost 16.7205 + 2275.21 = 2291.93 over 298 frames.
M07UP60A0944I42 chatarapura 
LOG (lattice-best-path:main():lattice-best-path.cc:99) For utterance M07UP60A0946I303, best cost 31.5064 + 3741.2 = 3772.71 over 498 frames.
M07UP60A0946I303 chatarapura 
LOG (lattice-best-path:main():lattice-best-path.cc:99) For utterance M07UP60A0954I303, best cost 13.0659 + 3233.14 = 3246.2 over 498 frames.
M07UP60A0954I303 chatarapura 
LOG (lattice-best-path:main():lattice-best-path.cc:99) For utterance M07UP60A0955I301, best cost 27.0178 + 3339.81 = 3366.83 over 498 frames.
M07UP60A0955I301 chatarapura 
LOG (lattice-best-path:main():lattice-best-path.cc:99) For utterance M07UP60A0955I302, best cost 15.9472 + 3266.93 = 3282.88 over 498 frames.
M07UP60A0955I302 mureinaa 
LOG (lattice-best-path:main():lattice-best-path.cc:99) For utterance M07UP60A0956I414, best cost 18.4758 + 2320.42 = 2338.9 over 298 frames.
M07UP60A0956I414 raajagadxhqa 
LOG (lattice-best-path:main():lattice-best-path.cc:99) For utterance M07UP60A0957I412, best cost 18.9389 + 2173.17 = 2192.11 over 298 frames.
M07UP60A0957I412 badxqawaanii 
LOG (lattice-best-path:main():lattice-best-path.cc:99) For utterance M07UP60A0957I413, best cost 14.185 + 2127.97 = 2142.16 over 298 frames.
M07UP60A0957I413 saagara 
LOG (lattice-best-path:main():lattice-best-path.cc:99) For utterance M07UP61A0966I300, best cost 19.753 + 3417.65 = 3437.4 over 498 frames.
M07UP61A0966I300 raayeseena 
LOG (lattice-best-path:main():lattice-best-path.cc:99) For utterance M07UP61A0968I301, best cost 16.9934 + 3357.37 = 3374.36 over 498 frames.
M07UP61A0968I301 badxqawaanii 
LOG (lattice-best-path:main():lattice-best-path.cc:99) For utterance M07UP61A0971I302, best cost 26.4614 + 3526.76 = 3553.22 over 498 frames.
M07UP61A0971I302 singaroulii 
LOG (lattice-best-path:main():lattice-best-path.cc:99) For utterance M07UP61A0972I44, best cost 17.344 + 2325.83 = 2343.17 over 298 frames.
M07UP61A0972I44 chatarapura 
LOG (lattice-best-path:main():lattice-best-path.cc:99) For utterance M07UP61A0980I301, best cost 26.1587 + 3945.97 = 3972.13 over 498 frames.
M07UP61A0980I301 chatarapura 
LOG (lattice-best-path:main():lattice-best-path.cc:99) For utterance M07UP64A0382I300, best cost 29.1005 + 3862.35 = 3891.45 over 498 frames.
M07UP64A0382I300 damoha 
LOG (lattice-best-path:main():lattice-best-path.cc:99) For utterance M07UP64A0382I301, best cost 19.6093 + 3953.19 = 3972.8 over 498 frames.
M07UP64A0382I301 mandasoura 
LOG (lattice-best-path:main():lattice-best-path.cc:99) For utterance M07UP64A0386I42, best cost 15.5747 + 2307.36 = 2322.94 over 298 frames.
M07UP64A0386I42 umariyaa 
LOG (lattice-best-path:main():lattice-best-path.cc:99) For utterance M07UP64A0389I42, best cost 18.0934 + 2051.31 = 2069.41 over 298 frames.
M07UP64A0389I42 damoha 
LOG (lattice-best-path:main():lattice-best-path.cc:99) For utterance M07UP64A0390I300, best cost 22.9589 + 3597.5 = 3620.46 over 498 frames.
M07UP64A0390I300 damoha 
LOG (lattice-best-path:main():lattice-best-path.cc:99) For utterance M07UP64A0391I302, best cost 39.7578 + 3615.37 = 3655.13 over 498 frames.
M07UP64A0391I302 dxindxorii 
LOG (lattice-best-path:main():lattice-best-path.cc:99) For utterance M07UP64A0391I303, best cost 27.4165 + 3666.41 = 3693.82 over 498 frames.
M07UP64A0391I303 betuula 
LOG (lattice-best-path:main():lattice-best-path.cc:99) For utterance M07UP64A0392I301, best cost 12.6772 + 3168.3 = 3180.98 over 498 frames.
M07UP64A0392I301 baalaaghaatxa 
LOG (lattice-best-path:main():lattice-best-path.cc:99) For utterance M07UP64A0393I41, best cost 15.3467 + 2380.1 = 2395.45 over 298 frames.
M07UP64A0393I41 riiwaa 
LOG (lattice-best-path:main():lattice-best-path.cc:99) For utterance M07UP64A0396I43, best cost 14.3749 + 2473.8 = 2488.18 over 300 frames.
M07UP64A0396I43 katxanii 
LOG (lattice-best-path:main():lattice-best-path.cc:99) For utterance M07UP64A0399I302, best cost 25.1203 + 3753.79 = 3778.91 over 498 frames.
M07UP64A0399I302 siwanii 
LOG (lattice-best-path:main():lattice-best-path.cc:99) For utterance M07UP64A0400I300, best cost 35.2414 + 3926.74 = 3961.99 over 498 frames.
M07UP64A0400I300 saagara 
LOG (lattice-best-path:main():lattice-best-path.cc:99) For utterance M07UP64A0400I426, best cost 19.5807 + 2242.87 = 2262.45 over 298 frames.
M07UP64A0400I426 umariyaa 
LOG (lattice-best-path:main():lattice-best-path.cc:99) For utterance M07UP64A0401I43, best cost 13.5559 + 2348.46 = 2362.01 over 300 frames.
M07UP64A0401I43 badxqawaanii 
LOG (lattice-best-path:main():lattice-best-path.cc:99) For utterance M07UP66A0674I303, best cost 20.706 + 3873.35 = 3894.06 over 498 frames.
M07UP66A0674I303 aliraajapura 
LOG (lattice-best-path:main():lattice-best-path.cc:99) For utterance M07UP66A0676I303, best cost 17.0931 + 3971.48 = 3988.57 over 498 frames.
M07UP66A0676I303 umariyaa 
LOG (lattice-best-path:main():lattice-best-path.cc:99) For utterance M07UP66A0684I43, best cost 17.1647 + 2215.24 = 2232.41 over 298 frames.
M07UP66A0684I43 burahaanapura 
LOG (lattice-best-path:main():lattice-best-path.cc:99) For utterance M07UP66A0685I42, best cost 21.5887 + 2280.07 = 2301.66 over 298 frames.
M07UP66A0685I42 datiyaa 
LOG (lattice-best-path:main():lattice-best-path.cc:99) For utterance M07UP66A0687I301, best cost 13.0594 + 3313.09 = 3326.15 over 498 frames.
M07UP66A0687I301 dhaara 
LOG (lattice-best-path:main():lattice-best-path.cc:99) For utterance M07UP66A0688I410, best cost 17.1831 + 2030.46 = 2047.65 over 298 frames.
M07UP66A0688I410 gunaa 
LOG (lattice-best-path:main():lattice-best-path.cc:99) For utterance M07UP66A0692I301, best cost 21.3829 + 3726.67 = 3748.06 over 498 frames.
M07UP66A0692I301 hoshangaabaada 
LOG (lattice-best-path:main():lattice-best-path.cc:99) For utterance M07UP72A0730I42, best cost 14.3606 + 2318.73 = 2333.1 over 298 frames.
M07UP72A0730I42 ratalaama 
LOG (lattice-best-path:main():lattice-best-path.cc:99) For utterance M07UP72A0730I46, best cost 18.0344 + 2236.18 = 2254.22 over 298 frames.
M07UP72A0730I46 singaroulii 
LOG (lattice-best-path:main():lattice-best-path.cc:99) For utterance M07UP72A0731I42, best cost 18.7321 + 2456.57 = 2475.3 over 298 frames.
M07UP72A0731I42 jabalapura 
LOG (lattice-best-path:main():lattice-best-path.cc:99) For utterance M07UP73A0922I300, best cost 17.5218 + 3971.23 = 3988.75 over 498 frames.
M07UP73A0922I300 chatarapura 
LOG (lattice-best-path:main():lattice-best-path.cc:99) For utterance M07UP73A0923I41, best cost 13.2592 + 2333.11 = 2346.37 over 298 frames.
M07UP73A0923I41 siihoura 
LOG (lattice-best-path:main():lattice-best-path.cc:99) For utterance M07UP73A0924I41, best cost 16.7265 + 2234.9 = 2251.63 over 298 frames.
M07UP73A0924I41 aliraajapura 
LOG (lattice-best-path:main():lattice-best-path.cc:99) For utterance M07UP73A0925I42, best cost 13.1745 + 2009.71 = 2022.89 over 298 frames.
M07UP73A0925I42 raajagadxhqa 
LOG (lattice-best-path:main():lattice-best-path.cc:99) For utterance M07UP73A0927I43, best cost 22.4491 + 2158.21 = 2180.66 over 298 frames.
M07UP73A0927I43 kharagona 
LOG (lattice-best-path:main():lattice-best-path.cc:99) For utterance M07UP73A0929I42, best cost 23.4247 + 2321.58 = 2345.01 over 298 frames.
M07UP73A0929I42 raajagadxhqa 
LOG (lattice-best-path:main():lattice-best-path.cc:99) For utterance M07UP73A0930I43, best cost 23.9008 + 2193.71 = 2217.61 over 298 frames.
M07UP73A0930I43 gunaa 
LOG (lattice-best-path:main():lattice-best-path.cc:99) For utterance M07UP73A0931I49, best cost 16.3781 + 2321.83 = 2338.21 over 298 frames.
M07UP73A0931I49 datiyaa 
LOG (lattice-best-path:main():lattice-best-path.cc:99) For utterance M07UP73A0937I42, best cost 11.8306 + 2177.2 = 2189.03 over 298 frames.
M07UP73A0937I42 ratalaama 
LOG (lattice-best-path:main():lattice-best-path.cc:99) For utterance M07UP73A0938I42, best cost 19.8518 + 2142.16 = 2162.01 over 298 frames.
M07UP73A0938I42 badxqawaanii 
LOG (lattice-best-path:main():lattice-best-path.cc:99) For utterance M07UP74A0802I303, best cost 29.196 + 3566.77 = 3595.96 over 498 frames.
M07UP74A0802I303 burahaanapura 
LOG (lattice-best-path:main():lattice-best-path.cc:99) For utterance M07UP74A0813I300, best cost 19.9082 + 3486.22 = 3506.12 over 498 frames.
M07UP74A0813I300 gunaa 
LOG (lattice-best-path:main():lattice-best-path.cc:99) For utterance M07UP74A0814I301, best cost 19.7882 + 3443.97 = 3463.76 over 504 frames.
M07UP74A0814I301 anuupapura 
LOG (lattice-scale:main():lattice-scale.cc:90) Done 553 lattices.
LOG (lattice-best-path:main():lattice-best-path.cc:99) For utterance M07UP74A0817I42, best cost 18.3887 + 2148.14 = 2166.53 over 300 frames.
M07UP74A0817I42 raayeseena 
LOG (lattice-add-penalty:main():lattice-add-penalty.cc:62) Done adding word insertion penalty to 553 lattices.
LOG (lattice-best-path:main():lattice-best-path.cc:99) For utterance M07UP75A0755I303, best cost 30.3631 + 3715.95 = 3746.31 over 498 frames.
M07UP75A0755I303 mandxalaa 
LOG (lattice-best-path:main():lattice-best-path.cc:99) For utterance M07UP75A0758I300, best cost 22.9009 + 3682.19 = 3705.09 over 498 frames.
M07UP75A0758I300 saagara 
LOG (lattice-best-path:main():lattice-best-path.cc:99) For utterance M07UP75A0764I302, best cost 27.0808 + 3844.85 = 3871.93 over 498 frames.
M07UP75A0764I302 mandxalaa 
LOG (lattice-best-path:main():lattice-best-path.cc:99) For utterance M07UP75A0764I42, best cost 19.0582 + 2349.71 = 2368.76 over 298 frames.
M07UP75A0764I42 burahaanapura 
LOG (lattice-best-path:main():lattice-best-path.cc:99) For utterance M07UP75A0768I40, best cost 14.0098 + 2204.81 = 2218.82 over 298 frames.
M07UP75A0768I40 ashokanagara 
LOG (lattice-best-path:main():lattice-best-path.cc:99) For utterance M07UP75A0769I301, best cost 24.409 + 3501.58 = 3525.99 over 498 frames.
M07UP75A0769I301 jabalapura 
LOG (lattice-best-path:main():lattice-best-path.cc:99) For utterance M07UP75A0770I303, best cost 29.5486 + 3627.31 = 3656.86 over 498 frames.
M07UP75A0770I303 indoura 
LOG (lattice-best-path:main():lattice-best-path.cc:99) For utterance M07UP75A0771I42, best cost 15.3295 + 2187.45 = 2202.78 over 298 frames.
M07UP75A0771I42 singaroulii 
LOG (lattice-best-path:main():lattice-best-path.cc:99) For utterance M07UP75A0771I43, best cost 15.5403 + 2229.91 = 2245.45 over 298 frames.
M07UP75A0771I43 jabalapura 
LOG (lattice-best-path:main():lattice-best-path.cc:99) For utterance M07UP75A0772I300, best cost 14.9385 + 3476.44 = 3491.38 over 498 frames.
M07UP75A0772I300 shiwapurii 
LOG (lattice-best-path:main():lattice-best-path.cc:99) For utterance M07UP75A0773I41, best cost 12.7975 + 2129.35 = 2142.15 over 298 frames.
M07UP75A0773I41 shyopura 
LOG (lattice-best-path:main():lattice-best-path.cc:124) Overall cost per frame is 7.54258 = 0.0496305 [graph] + 7.49295 [acoustic] over 207364 frames.
LOG (lattice-best-path:main():lattice-best-path.cc:128) Done 553 lattices, failed for 0
# Accounting: time=1 threads=1
# Ended (code 0) at Mon Jul 25 02:12:05 IST 2016, elapsed time 1 seconds
