# compile-train-graphs exp/mono_ali/tree exp/mono_ali/final.mdl data/lang/L.fst "ark:utils/sym2int.pl --map-oov 1 -f 2- data/lang/words.txt data/train/split3/1/text|" ark:- | gmm-align-compiled --transition-scale=1.0 --acoustic-scale=0.1 --self-loop-scale=0.1 --beam=10 --retry-beam=40 --careful=false "gmm-boost-silence --boost=1.25 61 exp/mono_ali/final.mdl - |" ark:- "ark,s,cs:apply-cmvn  --utt2spk=ark:data/train/split3/1/utt2spk scp:data/train/split3/1/cmvn.scp scp:data/train/split3/1/feats.scp ark:- | add-deltas  ark:- ark:- |" "ark,t:|gzip -c >exp/mono_ali/ali.1.gz" 
# Started at Thu Jul 21 01:26:25 IST 2016
#
compile-train-graphs exp/mono_ali/tree exp/mono_ali/final.mdl data/lang/L.fst 'ark:utils/sym2int.pl --map-oov 1 -f 2- data/lang/words.txt data/train/split3/1/text|' ark:- 
gmm-align-compiled --transition-scale=1.0 --acoustic-scale=0.1 --self-loop-scale=0.1 --beam=10 --retry-beam=40 --careful=false 'gmm-boost-silence --boost=1.25 61 exp/mono_ali/final.mdl - |' ark:- 'ark,s,cs:apply-cmvn  --utt2spk=ark:data/train/split3/1/utt2spk scp:data/train/split3/1/cmvn.scp scp:data/train/split3/1/feats.scp ark:- | add-deltas  ark:- ark:- |' 'ark,t:|gzip -c >exp/mono_ali/ali.1.gz' 
gmm-boost-silence --boost=1.25 61 exp/mono_ali/final.mdl - 
WARNING (gmm-boost-silence:main():gmm-boost-silence.cc:82) The pdfs for the silence phones may be shared by other phones (note: this probably does not matter.)
LOG (gmm-boost-silence:main():gmm-boost-silence.cc:93) Boosted weights for 5 pdfs, by factor of 1.25
LOG (gmm-boost-silence:main():gmm-boost-silence.cc:103) Wrote model to -
add-deltas ark:- ark:- 
apply-cmvn --utt2spk=ark:data/train/split3/1/utt2spk scp:data/train/split3/1/cmvn.scp scp:data/train/split3/1/feats.scp ark:- 
WARNING (gmm-align-compiled:AlignUtteranceWrapper():decoder-wrappers.cc:466) Retrying utterance F07UP01A0061I412 with beam 40
WARNING (gmm-align-compiled:AlignUtteranceWrapper():decoder-wrappers.cc:466) Retrying utterance F07UP01A0061I421 with beam 40
WARNING (gmm-align-compiled:AlignUtteranceWrapper():decoder-wrappers.cc:466) Retrying utterance F07UP01A0061I43 with beam 40
WARNING (gmm-align-compiled:AlignUtteranceWrapper():decoder-wrappers.cc:466) Retrying utterance F07UP01A0061I49 with beam 40
WARNING (gmm-align-compiled:AlignUtteranceWrapper():decoder-wrappers.cc:466) Retrying utterance F07UP02A0331F602 with beam 40
WARNING (gmm-align-compiled:AlignUtteranceWrapper():decoder-wrappers.cc:466) Retrying utterance F07UP22A1336I420 with beam 40
WARNING (gmm-align-compiled:AlignUtteranceWrapper():decoder-wrappers.cc:466) Retrying utterance F07UP22A1336I43 with beam 40
WARNING (gmm-align-compiled:AlignUtteranceWrapper():decoder-wrappers.cc:466) Retrying utterance F07UP25A1215I47 with beam 40
WARNING (gmm-align-compiled:AlignUtteranceWrapper():decoder-wrappers.cc:466) Retrying utterance F07UP31A1293I302 with beam 40
WARNING (gmm-align-compiled:AlignUtteranceWrapper():decoder-wrappers.cc:466) Retrying utterance F07UP34A0568I411 with beam 40
WARNING (gmm-align-compiled:AlignUtteranceWrapper():decoder-wrappers.cc:466) Retrying utterance F07UP34A0568I412 with beam 40
WARNING (gmm-align-compiled:AlignUtteranceWrapper():decoder-wrappers.cc:466) Retrying utterance F07UP34A0856I410 with beam 40
WARNING (gmm-align-compiled:AlignUtteranceWrapper():decoder-wrappers.cc:466) Retrying utterance F07UP34A0856I411 with beam 40
WARNING (gmm-align-compiled:AlignUtteranceWrapper():decoder-wrappers.cc:466) Retrying utterance F07UP34A0856I412 with beam 40
WARNING (gmm-align-compiled:AlignUtteranceWrapper():decoder-wrappers.cc:466) Retrying utterance F07UP34A0856I413 with beam 40
WARNING (gmm-align-compiled:AlignUtteranceWrapper():decoder-wrappers.cc:475) Did not successfully decode file F07UP34A0856I413, len = 298
WARNING (gmm-align-compiled:AlignUtteranceWrapper():decoder-wrappers.cc:466) Retrying utterance F07UP34A0856I415 with beam 40
WARNING (gmm-align-compiled:AlignUtteranceWrapper():decoder-wrappers.cc:466) Retrying utterance F07UP35A0453I48 with beam 40
WARNING (gmm-align-compiled:AlignUtteranceWrapper():decoder-wrappers.cc:466) Retrying utterance F07UP37A0304I43 with beam 40
WARNING (gmm-align-compiled:AlignUtteranceWrapper():decoder-wrappers.cc:466) Retrying utterance F07UP41A0284I507 with beam 40
WARNING (gmm-align-compiled:AlignUtteranceWrapper():decoder-wrappers.cc:466) Retrying utterance F07UP64A0385I424 with beam 40
WARNING (gmm-align-compiled:AlignUtteranceWrapper():decoder-wrappers.cc:466) Retrying utterance F07UP64A0395I413 with beam 40
WARNING (gmm-align-compiled:AlignUtteranceWrapper():decoder-wrappers.cc:466) Retrying utterance F07UP72A0714I506 with beam 40
WARNING (gmm-align-compiled:AlignUtteranceWrapper():decoder-wrappers.cc:466) Retrying utterance M07UP02A0325I300 with beam 40
WARNING (gmm-align-compiled:AlignUtteranceWrapper():decoder-wrappers.cc:466) Retrying utterance M07UP02A0327I412 with beam 40
WARNING (gmm-align-compiled:AlignUtteranceWrapper():decoder-wrappers.cc:466) Retrying utterance M07UP04A1243I437 with beam 40
WARNING (gmm-align-compiled:AlignUtteranceWrapper():decoder-wrappers.cc:466) Retrying utterance M07UP06A0428I420 with beam 40
WARNING (gmm-align-compiled:AlignUtteranceWrapper():decoder-wrappers.cc:466) Retrying utterance M07UP06A0443I416 with beam 40
WARNING (gmm-align-compiled:AlignUtteranceWrapper():decoder-wrappers.cc:466) Retrying utterance M07UP09A0482F602 with beam 40
WARNING (gmm-align-compiled:AlignUtteranceWrapper():decoder-wrappers.cc:466) Retrying utterance M07UP09A0490I426 with beam 40
WARNING (gmm-align-compiled:AlignUtteranceWrapper():decoder-wrappers.cc:466) Retrying utterance M07UP14A0574F604 with beam 40
WARNING (gmm-align-compiled:AlignUtteranceWrapper():decoder-wrappers.cc:466) Retrying utterance M07UP14A0587I410 with beam 40
WARNING (gmm-align-compiled:AlignUtteranceWrapper():decoder-wrappers.cc:466) Retrying utterance M07UP18A0363I423 with beam 40
WARNING (gmm-align-compiled:AlignUtteranceWrapper():decoder-wrappers.cc:466) Retrying utterance M07UP18A0375I502 with beam 40
WARNING (gmm-align-compiled:AlignUtteranceWrapper():decoder-wrappers.cc:466) Retrying utterance M07UP19A0353I502 with beam 40
LOG (compile-train-graphs:main():compile-train-graphs.cc:145) compile-train-graphs: succeeded for 9603 graphs, failed for 0
LOG (apply-cmvn:main():apply-cmvn.cc:146) Applied cepstral mean normalization to 9603 utterances, errors on 0
LOG (gmm-align-compiled:main():gmm-align-compiled.cc:129) Overall log-likelihood per frame is -97.1857 over 3446286 frames.
LOG (gmm-align-compiled:main():gmm-align-compiled.cc:131) Retried 34 out of 9603 utterances.
LOG (gmm-align-compiled:main():gmm-align-compiled.cc:133) Done 9602, errors on 1
# Accounting: time=413 threads=1
# Ended (code 0) at Thu Jul 21 01:33:18 IST 2016, elapsed time 413 seconds
