# lattice-scale --inv-acoustic-scale=11 "ark:gunzip -c exp/tri1_1600_25600/decode/lat.*.gz|" ark:- | lattice-add-penalty --word-ins-penalty=0.0 ark:- ark:- | lattice-best-path --word-symbol-table=exp/tri1_1600_25600/graph/words.txt ark:- ark,t:- | utils/int2sym.pl -f 2- exp/tri1_1600_25600/graph/words.txt | cat > exp/tri1_1600_25600/decode/scoring_kaldi/penalty_0.0/11.txt 
# Started at Thu Jul 21 14:55:00 IST 2016
#
lattice-scale --inv-acoustic-scale=11 'ark:gunzip -c exp/tri1_1600_25600/decode/lat.*.gz|' ark:- 
lattice-best-path --word-symbol-table=exp/tri1_1600_25600/graph/words.txt ark:- ark,t:- 
lattice-add-penalty --word-ins-penalty=0.0 ark:- ark:- 
LOG (lattice-best-path:main():lattice-best-path.cc:99) For utterance F07UP02A0332I42, best cost 20.2377 + 2737.35 = 2757.58 over 300 frames.
F07UP02A0332I42 ataroulii 
LOG (lattice-best-path:main():lattice-best-path.cc:99) For utterance F07UP02A0332I43, best cost 16.0073 + 2577.08 = 2593.08 over 298 frames.
F07UP02A0332I43 badaayuun 
LOG (lattice-best-path:main():lattice-best-path.cc:99) For utterance F07UP06A0432I42, best cost 20.2274 + 2397.94 = 2418.17 over 300 frames.
F07UP06A0432I42 baagapata 
LOG (lattice-best-path:main():lattice-best-path.cc:99) For utterance F07UP07A0094I427, best cost 12.2458 + 2471.12 = 2483.37 over 298 frames.
F07UP07A0094I427 ouraiyaa 
LOG (lattice-best-path:main():lattice-best-path.cc:99) For utterance F07UP07A0096I44, best cost 13.1731 + 2732.56 = 2745.73 over 298 frames.
F07UP07A0096I44 mauu 
LOG (lattice-best-path:main():lattice-best-path.cc:99) For utterance F07UP09A0491I46, best cost 11.4615 + 2813.54 = 2825 over 298 frames.
F07UP09A0491I46 shaahapura 
LOG (lattice-best-path:main():lattice-best-path.cc:99) For utterance F07UP11A1331I301, best cost 15.1803 + 4032.14 = 4047.32 over 498 frames.
F07UP11A1331I301 gaajiipura 
LOG (lattice-best-path:main():lattice-best-path.cc:99) For utterance F07UP19A0344I46, best cost 17.0123 + 2462.62 = 2479.64 over 298 frames.
F07UP19A0344I46 sambhala 
LOG (lattice-best-path:main():lattice-best-path.cc:99) For utterance F07UP21A0612I41, best cost 16.423 + 2523.67 = 2540.09 over 298 frames.
F07UP21A0612I41 ilaahaabaada 
LOG (lattice-best-path:main():lattice-best-path.cc:99) For utterance F07UP22A1336I429, best cost 16.062 + 2581.69 = 2597.76 over 298 frames.
F07UP22A1336I429 deewariyaa 
LOG (lattice-best-path:main():lattice-best-path.cc:99) For utterance F07UP22A1336I501, best cost 17.3428 + 3387.36 = 3404.7 over 398 frames.
F07UP22A1336I501 deewariyaa 
LOG (lattice-best-path:main():lattice-best-path.cc:99) For utterance F07UP22A1343I301, best cost 13.9059 + 4047.3 = 4061.2 over 498 frames.
F07UP22A1343I301 gorakhapura 
LOG (lattice-best-path:main():lattice-best-path.cc:99) For utterance F07UP22A1343I47, best cost 14.095 + 2790.4 = 2804.5 over 298 frames.
F07UP22A1343I47 mauu 
LOG (lattice-best-path:main():lattice-best-path.cc:99) For utterance F07UP22A1345I47, best cost 13.6571 + 2434.34 = 2448 over 298 frames.
F07UP22A1345I47 mauu 
LOG (lattice-best-path:main():lattice-best-path.cc:99) For utterance F07UP22A1346I435, best cost 20.081 + 2753.76 = 2773.84 over 300 frames.
F07UP22A1346I435 seidapura 
LOG (lattice-best-path:main():lattice-best-path.cc:99) For utterance F07UP23A0248I41, best cost 14.4376 + 2883.25 = 2897.69 over 298 frames.
F07UP23A0248I41 kaasaganja 
LOG (lattice-best-path:main():lattice-best-path.cc:99) For utterance F07UP24A0182I302, best cost 18.5744 + 4564.64 = 4583.22 over 498 frames.
F07UP24A0182I302 itxaawaa 
LOG (lattice-best-path:main():lattice-best-path.cc:99) For utterance F07UP24A0182I41, best cost 18.7512 + 2799.92 = 2818.67 over 298 frames.
F07UP24A0182I41 phateehapurasiikarii 
LOG (lattice-best-path:main():lattice-best-path.cc:99) For utterance F07UP24A0183I302, best cost 15.05 + 4833.43 = 4848.48 over 498 frames.
F07UP24A0183I302 itxaawaa 
LOG (lattice-best-path:main():lattice-best-path.cc:99) For utterance F07UP24A0183I47, best cost 15.6933 + 2734.7 = 2750.39 over 298 frames.
F07UP24A0183I47 maadhougadxhqa 
LOG (lattice-best-path:main():lattice-best-path.cc:99) For utterance F07UP25A1212I41, best cost 14.6294 + 2858.37 = 2873 over 298 frames.
F07UP25A1212I41 ambeedxakaranagara 
LOG (lattice-best-path:main():lattice-best-path.cc:99) For utterance F07UP25A1215I42, best cost 16.5155 + 2794.99 = 2811.51 over 298 frames.
F07UP25A1215I42 pheijaabaada 
LOG (lattice-best-path:main():lattice-best-path.cc:99) For utterance F07UP26A0256I43, best cost 14.6696 + 2787.42 = 2802.09 over 298 frames.
F07UP26A0256I43 mohammadaabaada 
LOG (lattice-best-path:main():lattice-best-path.cc:99) For utterance F07UP28A0226I300, best cost 20.7986 + 4835.5 = 4856.3 over 498 frames.
F07UP28A0226I300 phirojaabaada 
LOG (lattice-best-path:main():lattice-best-path.cc:99) For utterance F07UP28A0226I45, best cost 12.0701 + 2861.6 = 2873.67 over 298 frames.
F07UP28A0226I45 beewara 
LOG (lattice-best-path:main():lattice-best-path.cc:99) For utterance F07UP28A0227I301, best cost 26.1881 + 4773.77 = 4799.95 over 498 frames.
F07UP28A0227I301 meinapurii 
LOG (lattice-best-path:main():lattice-best-path.cc:99) For utterance F07UP28A0228I303, best cost 18.2963 + 4966.29 = 4984.59 over 498 frames.
F07UP28A0228I303 sikohaabaada 
LOG (lattice-best-path:main():lattice-best-path.cc:99) For utterance F07UP29A0523I41, best cost 20.1045 + 2532.9 = 2553 over 298 frames.
F07UP29A0523I41 aliigadxhqa 
LOG (lattice-best-path:main():lattice-best-path.cc:99) For utterance F07UP29A0523I44, best cost 20.2176 + 2461.99 = 2482.21 over 298 frames.
F07UP29A0523I44 anuupashahara 
LOG (lattice-best-path:main():lattice-best-path.cc:99) For utterance F07UP31A1293I42, best cost 14.1745 + 2879.66 = 2893.84 over 298 frames.
F07UP31A1293I42 baliiyaa 
LOG (lattice-best-path:main():lattice-best-path.cc:99) For utterance F07UP34A0567I44, best cost 18.0271 + 2659.3 = 2677.32 over 300 frames.
F07UP34A0567I44 phateehapura 
LOG (lattice-best-path:main():lattice-best-path.cc:99) For utterance F07UP35A0453I300, best cost 26.3928 + 4127.02 = 4153.41 over 498 frames.
F07UP35A0453I300 haapudxqa 
LOG (lattice-best-path:main():lattice-best-path.cc:99) For utterance F07UP37A0304I300, best cost 21.1439 + 4116.63 = 4137.77 over 498 frames.
F07UP37A0304I300 haatharasa 
LOG (lattice-best-path:main():lattice-best-path.cc:99) For utterance F07UP38A0101I41, best cost 20.3261 + 2694.84 = 2715.17 over 298 frames.
F07UP38A0101I41 jasawantanagara 
LOG (lattice-best-path:main():lattice-best-path.cc:99) For utterance F07UP41A0286I40, best cost 12.0667 + 2367.16 = 2379.23 over 298 frames.
F07UP41A0286I40 ouraiyaa 
LOG (lattice-best-path:main():lattice-best-path.cc:99) For utterance F07UP41A0286I42, best cost 9.79046 + 2229.39 = 2239.18 over 298 frames.
F07UP41A0286I42 beewara 
LOG (lattice-best-path:main():lattice-best-path.cc:99) For utterance F07UP52A0208I44, best cost 18.9027 + 2808.82 = 2827.72 over 298 frames.
F07UP52A0208I44 chibaraamauu 
LOG (lattice-best-path:main():lattice-best-path.cc:99) For utterance F07UP54A1284I430, best cost 13.9761 + 2558.34 = 2572.31 over 298 frames.
F07UP54A1284I430 gaajiipura 
LOG (lattice-best-path:main():lattice-best-path.cc:99) For utterance F07UP57A0408I41, best cost 19.392 + 2794.69 = 2814.08 over 298 frames.
F07UP57A0408I41 aliigadxhqa 
LOG (lattice-best-path:main():lattice-best-path.cc:99) For utterance F07UP60A0943I300, best cost 23.7872 + 4882.55 = 4906.34 over 498 frames.
F07UP60A0943I300 prataapagadxhqa 
LOG (lattice-best-path:main():lattice-best-path.cc:99) For utterance F07UP60A0944I303, best cost 20.4745 + 3985.08 = 4005.56 over 498 frames.
F07UP60A0944I303 sultaanapura 
LOG (lattice-best-path:main():lattice-best-path.cc:99) For utterance F07UP60A0949I300, best cost 29.8779 + 4345.53 = 4375.4 over 498 frames.
F07UP60A0949I300 kaalpii 
LOG (lattice-best-path:main():lattice-best-path.cc:99) For utterance F07UP60A0949I302, best cost 24.4632 + 4061.94 = 4086.4 over 498 frames.
F07UP60A0949I302 maholii 
LOG (lattice-best-path:main():lattice-best-path.cc:99) For utterance F07UP60A0949I303, best cost 25.9391 + 4023.73 = 4049.67 over 498 frames.
F07UP60A0949I303 sultaanapura 
LOG (lattice-best-path:main():lattice-best-path.cc:99) For utterance F07UP60A0953I41, best cost 17.6711 + 2477.35 = 2495.02 over 298 frames.
F07UP60A0953I41 ilaahaabaada 
LOG (lattice-best-path:main():lattice-best-path.cc:99) For utterance F07UP60A0962I427, best cost 14.1581 + 2675.45 = 2689.61 over 298 frames.
F07UP60A0962I427 sultaanapura 
LOG (lattice-best-path:main():lattice-best-path.cc:99) For utterance F07UP60A0963I46, best cost 24.0312 + 2793.53 = 2817.57 over 298 frames.
F07UP60A0963I46 sultaanapura 
LOG (lattice-best-path:main():lattice-best-path.cc:99) For utterance F07UP64A0395I300, best cost 19.0794 + 4297.06 = 4316.14 over 498 frames.
F07UP64A0395I300 aanwalaa 
LOG (lattice-best-path:main():lattice-best-path.cc:99) For utterance F07UP64A0397I301, best cost 14.7943 + 4698.07 = 4712.86 over 498 frames.
F07UP64A0397I301 risiiyaa 
LOG (lattice-best-path:main():lattice-best-path.cc:99) For utterance F07UP64A0402I41, best cost 15.2852 + 2542.4 = 2557.68 over 298 frames.
F07UP64A0402I41 amarohaa 
LOG (lattice-best-path:main():lattice-best-path.cc:99) For utterance F07UP72A0728I300, best cost 21.6869 + 4579.95 = 4601.63 over 498 frames.
F07UP72A0728I300 sonbhadra 
LOG (lattice-best-path:main():lattice-best-path.cc:99) For utterance F07UP75A0756I300, best cost 28.2202 + 4277.53 = 4305.75 over 498 frames.
F07UP75A0756I300 waaraanxasxii 
LOG (lattice-best-path:main():lattice-best-path.cc:99) For utterance F07UP75A0763I435, best cost 11.2598 + 2441.2 = 2452.46 over 300 frames.
F07UP75A0763I435 mirjaapura 
LOG (lattice-best-path:main():lattice-best-path.cc:99) For utterance M07UP01A0057I427, best cost 15.9887 + 2890.49 = 2906.48 over 298 frames.
M07UP01A0057I427 aagaraa 
LOG (lattice-best-path:main():lattice-best-path.cc:99) For utterance M07UP01A0062I412, best cost 17.6309 + 2729.9 = 2747.53 over 298 frames.
M07UP01A0062I412 awaagadxhqa 
LOG (lattice-best-path:main():lattice-best-path.cc:99) For utterance M07UP01A0062I45, best cost 17.2412 + 2586.13 = 2603.37 over 300 frames.
M07UP01A0062I45 acaneeraa 
LOG (lattice-best-path:main():lattice-best-path.cc:99) For utterance M07UP01A0063I43, best cost 18.8574 + 2725.66 = 2744.52 over 298 frames.
M07UP01A0063I43 aliigadxhqa 
LOG (lattice-best-path:main():lattice-best-path.cc:99) For utterance M07UP01A0069I413, best cost 19.3301 + 2650.58 = 2669.91 over 298 frames.
M07UP01A0069I413 koshiikalaan 
LOG (lattice-best-path:main():lattice-best-path.cc:99) For utterance M07UP01A0160I420, best cost 15.2706 + 2582.87 = 2598.15 over 298 frames.
M07UP01A0160I420 coubeepura 
LOG (lattice-best-path:main():lattice-best-path.cc:99) For utterance M07UP01A0160I430, best cost 14.9987 + 2686.6 = 2701.6 over 298 frames.
M07UP01A0160I430 uraii 
LOG (lattice-best-path:main():lattice-best-path.cc:99) For utterance M07UP01A0160I47, best cost 12.3208 + 2727.7 = 2740.02 over 298 frames.
M07UP01A0160I47 kannouja 
LOG (lattice-best-path:main():lattice-best-path.cc:99) For utterance M07UP02A0321I47, best cost 16.5865 + 2533.78 = 2550.36 over 300 frames.
M07UP02A0321I47 sikandaraabaada 
LOG (lattice-best-path:main():lattice-best-path.cc:99) For utterance M07UP02A0323I300, best cost 11.2425 + 4199.93 = 4211.17 over 498 frames.
M07UP02A0323I300 aliigadxhqa 
LOG (lattice-best-path:main():lattice-best-path.cc:99) For utterance M07UP02A0325I43, best cost 14.8045 + 2808.58 = 2823.39 over 298 frames.
M07UP02A0325I43 haatharasa 
LOG (lattice-best-path:main():lattice-best-path.cc:99) For utterance M07UP02A0329I43, best cost 17.1954 + 2447.67 = 2464.86 over 298 frames.
M07UP02A0329I43 haatharasa 
LOG (lattice-best-path:main():lattice-best-path.cc:99) For utterance M07UP02A0330I303, best cost 17.3146 + 3763.55 = 3780.87 over 498 frames.
M07UP02A0330I303 jahaangiiraabaada 
LOG (lattice-best-path:main():lattice-best-path.cc:99) For utterance M07UP02A0333I45, best cost 21.5227 + 2617.61 = 2639.14 over 298 frames.
M07UP02A0333I45 jasraa 
LOG (lattice-best-path:main():lattice-best-path.cc:99) For utterance M07UP02A0335I301, best cost 15.3721 + 4582.44 = 4597.81 over 498 frames.
M07UP02A0335I301 jaraara 
LOG (lattice-best-path:main():lattice-best-path.cc:99) For utterance M07UP02A0336I44, best cost 16.1628 + 2583.55 = 2599.72 over 290 frames.
M07UP02A0336I44 bulandashahara 
LOG (lattice-best-path:main():lattice-best-path.cc:99) For utterance M07UP02A0337I41, best cost 18.813 + 2845.08 = 2863.89 over 298 frames.
M07UP02A0337I41 eitxaa 
LOG (lattice-best-path:main():lattice-best-path.cc:99) For utterance M07UP02A0337I44, best cost 13.4363 + 2458.43 = 2471.87 over 298 frames.
M07UP02A0337I44 koshiikalaan 
LOG (lattice-best-path:main():lattice-best-path.cc:99) For utterance M07UP04A1227I45, best cost 15.1873 + 2743.7 = 2758.89 over 298 frames.
M07UP04A1227I45 deewariyaa 
LOG (lattice-best-path:main():lattice-best-path.cc:99) For utterance M07UP04A1230I303, best cost 40.1931 + 4411.26 = 4451.46 over 498 frames.
M07UP04A1230I303 akbarapura 
LOG (lattice-best-path:main():lattice-best-path.cc:99) For utterance M07UP04A1235I41, best cost 13.9969 + 2792.11 = 2806.1 over 298 frames.
M07UP04A1235I41 ambeedxakaranagara 
LOG (lattice-best-path:main():lattice-best-path.cc:99) For utterance M07UP04A1235I46, best cost 16.226 + 2405.26 = 2421.48 over 298 frames.
M07UP04A1235I46 aajamagadxhqa 
LOG (lattice-best-path:main():lattice-best-path.cc:99) For utterance M07UP04A1236I303, best cost 28.9589 + 4400.46 = 4429.42 over 498 frames.
M07UP04A1236I303 shaahajahaanapura 
LOG (lattice-best-path:main():lattice-best-path.cc:99) For utterance M07UP04A1239I301, best cost 22.8687 + 4029.23 = 4052.1 over 498 frames.
M07UP04A1239I301 aajamagadxhqa 
LOG (lattice-best-path:main():lattice-best-path.cc:99) For utterance M07UP04A1242I410, best cost 16.9323 + 2635.83 = 2652.77 over 298 frames.
M07UP04A1242I410 akbarapura 
LOG (lattice-best-path:main():lattice-best-path.cc:99) For utterance M07UP04A1243I300, best cost 26.1424 + 4673.38 = 4699.52 over 498 frames.
M07UP04A1243I300 ambeedxakaranagara 
LOG (lattice-best-path:main():lattice-best-path.cc:99) For utterance M07UP04A1243I435, best cost 18.8168 + 2565.58 = 2584.4 over 300 frames.
M07UP04A1243I435 sultaanapura 
LOG (lattice-best-path:main():lattice-best-path.cc:99) For utterance M07UP04A1244I44, best cost 15.255 + 3027.05 = 3042.31 over 298 frames.
M07UP04A1244I44 bastii 
LOG (lattice-best-path:main():lattice-best-path.cc:99) For utterance M07UP04A1245I48, best cost 19.4518 + 2887.11 = 2906.57 over 298 frames.
M07UP04A1245I48 sultaanapura 
LOG (lattice-best-path:main():lattice-best-path.cc:99) For utterance M07UP05A0903I43, best cost 18.7796 + 2537.62 = 2556.4 over 298 frames.
M07UP05A0903I43 mauu 
LOG (lattice-best-path:main():lattice-best-path.cc:99) For utterance M07UP05A0910I300, best cost 22.7737 + 3930.22 = 3952.99 over 498 frames.
M07UP05A0910I300 ameitxhii 
LOG (lattice-best-path:main():lattice-best-path.cc:99) For utterance M07UP05A0911I42, best cost 13.9608 + 2706.05 = 2720.01 over 298 frames.
M07UP05A0911I42 baaraabankii 
LOG (lattice-best-path:main():lattice-best-path.cc:99) For utterance M07UP05A0914I300, best cost 17.4717 + 3959.5 = 3976.97 over 498 frames.
M07UP05A0914I300 ameitxhii 
LOG (lattice-best-path:main():lattice-best-path.cc:99) For utterance M07UP05A0914I302, best cost 31.6943 + 4159.08 = 4190.78 over 498 frames.
M07UP05A0914I302 jaapharaganja 
LOG (lattice-best-path:main():lattice-best-path.cc:99) For utterance M07UP05A0915I301, best cost 16.1691 + 4022.91 = 4039.08 over 498 frames.
M07UP05A0915I301 sultaanapura 
LOG (lattice-best-path:main():lattice-best-path.cc:99) For utterance M07UP05A0916I43, best cost 24.307 + 2592.16 = 2616.47 over 298 frames.
M07UP05A0916I43 siitaapura 
LOG (lattice-best-path:main():lattice-best-path.cc:99) For utterance M07UP05A0920I411, best cost 14.5565 + 2553.82 = 2568.38 over 298 frames.
M07UP05A0920I411 sultaanapura 
LOG (lattice-best-path:main():lattice-best-path.cc:99) For utterance M07UP06A0427I301, best cost 15.8191 + 3640.3 = 3656.12 over 498 frames.
M07UP06A0427I301 muraadaabaada 
LOG (lattice-best-path:main():lattice-best-path.cc:99) For utterance M07UP06A0428I41, best cost 12.2577 + 2777.98 = 2790.24 over 298 frames.
M07UP06A0428I41 meeratxha 
LOG (lattice-best-path:main():lattice-best-path.cc:99) For utterance M07UP06A0429I411, best cost 12.3203 + 2488.11 = 2500.43 over 298 frames.
M07UP06A0429I411 ilaahaabaada 
LOG (lattice-best-path:main():lattice-best-path.cc:99) For utterance M07UP06A0433I301, best cost 23.7426 + 4044.01 = 4067.76 over 498 frames.
M07UP06A0433I301 muraadaabaada 
LOG (lattice-best-path:main():lattice-best-path.cc:99) For utterance M07UP06A0433I40, best cost 16.4766 + 2632.62 = 2649.09 over 298 frames.
M07UP06A0433I40 hasanapura 
LOG (lattice-best-path:main():lattice-best-path.cc:99) For utterance M07UP06A0433I41, best cost 20.4207 + 2772.56 = 2792.98 over 298 frames.
M07UP06A0433I41 meeratxha 
LOG (lattice-best-path:main():lattice-best-path.cc:99) For utterance M07UP06A0437I42, best cost 12.2955 + 2394.32 = 2406.61 over 298 frames.
M07UP06A0437I42 muraadaabaada 
LOG (lattice-best-path:main():lattice-best-path.cc:99) For utterance M07UP06A0438I41, best cost 13.1802 + 2438.94 = 2452.12 over 298 frames.
M07UP06A0438I41 meeratxha 
LOG (lattice-best-path:main():lattice-best-path.cc:99) For utterance M07UP06A0442I41, best cost 14.836 + 2799.42 = 2814.25 over 298 frames.
M07UP06A0442I41 amarohaa 
LOG (lattice-best-path:main():lattice-best-path.cc:99) For utterance M07UP06A0442I42, best cost 15.8318 + 2652.01 = 2667.84 over 300 frames.
M07UP06A0442I42 baagapata 
LOG (lattice-best-path:main():lattice-best-path.cc:99) For utterance M07UP06A0444I43, best cost 18.5257 + 2372.17 = 2390.7 over 298 frames.
M07UP06A0444I43 bijanoura 
LOG (lattice-best-path:main():lattice-best-path.cc:99) For utterance M07UP06A0445I301, best cost 19.6082 + 4362.14 = 4381.74 over 490 frames.
M07UP06A0445I301 shaadaabaada 
LOG (lattice-best-path:main():lattice-best-path.cc:99) For utterance M07UP06A0447I41, best cost 17.1827 + 2453.2 = 2470.38 over 298 frames.
M07UP06A0447I41 meeratxha 
LOG (lattice-best-path:main():lattice-best-path.cc:99) For utterance M07UP07A0134I42, best cost 11.7022 + 2421.51 = 2433.22 over 298 frames.
M07UP07A0134I42 kannouja 
LOG (lattice-best-path:main():lattice-best-path.cc:99) For utterance M07UP07A0134I436, best cost 14.9149 + 2580.28 = 2595.19 over 298 frames.
M07UP07A0134I436 kaanapuradeehaata 
LOG (lattice-best-path:main():lattice-best-path.cc:99) For utterance M07UP07A0136I410, best cost 14.1455 + 2837.06 = 2851.2 over 298 frames.
M07UP07A0136I410 carakhaarii 
LOG (lattice-best-path:main():lattice-best-path.cc:99) For utterance M07UP07A0136I438, best cost 21.3873 + 2731.67 = 2753.06 over 298 frames.
M07UP07A0136I438 uraii 
LOG (lattice-best-path:main():lattice-best-path.cc:99) For utterance M07UP07A0138I414, best cost 7.83867 + 2260.59 = 2268.43 over 298 frames.
M07UP07A0138I414 itxaawaa 
LOG (lattice-best-path:main():lattice-best-path.cc:99) For utterance M07UP07A0139I42, best cost 12.134 + 2650.44 = 2662.57 over 298 frames.
M07UP07A0139I42 jaalouna 
LOG (lattice-best-path:main():lattice-best-path.cc:99) For utterance M07UP07A0142I43, best cost 12.9423 + 2837.28 = 2850.22 over 298 frames.
M07UP07A0142I43 kannouja 
LOG (lattice-best-path:main():lattice-best-path.cc:99) For utterance M07UP07A0143I45, best cost 14.848 + 2622.34 = 2637.19 over 298 frames.
M07UP07A0143I45 kaanapuradeehaata 
LOG (lattice-best-path:main():lattice-best-path.cc:99) For utterance M07UP07A0145I436, best cost 12.4082 + 2383.25 = 2395.65 over 298 frames.
M07UP07A0145I436 jaalouna 
LOG (lattice-best-path:main():lattice-best-path.cc:99) For utterance M07UP09A0483I300, best cost 18.0163 + 3925 = 3943.02 over 498 frames.
M07UP09A0483I300 kheira 
LOG (lattice-best-path:main():lattice-best-path.cc:99) For utterance M07UP09A0485I43, best cost 21.0044 + 2608.78 = 2629.78 over 298 frames.
M07UP09A0485I43 gaajiyaabaada 
LOG (lattice-best-path:main():lattice-best-path.cc:99) For utterance M07UP09A0488I43, best cost 17.5181 + 2819.7 = 2837.22 over 298 frames.
M07UP09A0488I43 gaajiyaabaada 
LOG (lattice-best-path:main():lattice-best-path.cc:99) For utterance M07UP09A0489I300, best cost 21.2506 + 4141.92 = 4163.17 over 498 frames.
M07UP09A0489I300 baagapata 
LOG (lattice-best-path:main():lattice-best-path.cc:99) For utterance M07UP09A0490I301, best cost 22.4777 + 3985.26 = 4007.74 over 498 frames.
M07UP09A0490I301 meeratxha 
LOG (lattice-best-path:main():lattice-best-path.cc:99) For utterance M07UP09A0494I300, best cost 17.5818 + 4120.79 = 4138.37 over 498 frames.
M07UP09A0494I300 baagapata 
LOG (lattice-best-path:main():lattice-best-path.cc:99) For utterance M07UP09A0495I301, best cost 17.7335 + 4043.36 = 4061.09 over 498 frames.
M07UP09A0495I301 meeratxha 
LOG (lattice-best-path:main():lattice-best-path.cc:99) For utterance M07UP09A0495I41, best cost 17.4062 + 2659.65 = 2677.05 over 298 frames.
M07UP09A0495I41 mujjapharanagara 
LOG (lattice-best-path:main():lattice-best-path.cc:99) For utterance M07UP09A0496I303, best cost 17.0061 + 3902.24 = 3919.24 over 498 frames.
M07UP09A0496I303 gaajiyaabaada 
LOG (lattice-best-path:main():lattice-best-path.cc:99) For utterance M07UP09A0499I43, best cost 13.4394 + 2309.14 = 2322.58 over 298 frames.
M07UP09A0499I43 meeratxha 
LOG (lattice-best-path:main():lattice-best-path.cc:99) For utterance M07UP09A0500I42, best cost 11.6358 + 2800.1 = 2811.73 over 298 frames.
M07UP09A0500I42 baagapata 
LOG (lattice-best-path:main():lattice-best-path.cc:99) For utterance M07UP09A0500I44, best cost 18.1353 + 2495.95 = 2514.08 over 298 frames.
M07UP09A0500I44 haapudxqa 
LOG (lattice-best-path:main():lattice-best-path.cc:99) For utterance M07UP09A0503I301, best cost 16.5811 + 4315.04 = 4331.62 over 498 frames.
M07UP09A0503I301 meeratxha 
LOG (lattice-best-path:main():lattice-best-path.cc:99) For utterance M07UP09A0505I300, best cost 22.8829 + 4652.54 = 4675.42 over 498 frames.
M07UP09A0505I300 baagapata 
LOG (lattice-best-path:main():lattice-best-path.cc:99) For utterance M07UP09A0505I504, best cost 18.5858 + 2663.23 = 2681.82 over 298 frames.
M07UP09A0505I504 gulaawatxii 
LOG (lattice-best-path:main():lattice-best-path.cc:99) For utterance M07UP11A1317I41, best cost 13.7953 + 2412.84 = 2426.63 over 298 frames.
M07UP11A1317I41 mauu 
LOG (lattice-best-path:main():lattice-best-path.cc:99) For utterance M07UP11A1319I300, best cost 29.6312 + 4029.05 = 4058.68 over 498 frames.
M07UP11A1319I300 baliiyaa 
LOG (lattice-best-path:main():lattice-best-path.cc:99) For utterance M07UP11A1328I301, best cost 28.0874 + 4006.11 = 4034.2 over 498 frames.
M07UP11A1328I301 gaajiipura 
LOG (lattice-best-path:main():lattice-best-path.cc:99) For utterance M07UP11A1337I301, best cost 20.6601 + 4064.58 = 4085.24 over 498 frames.
M07UP11A1337I301 gaajiipura 
LOG (lattice-best-path:main():lattice-best-path.cc:99) For utterance M07UP11A1349I303, best cost 21.0336 + 4568.21 = 4589.24 over 498 frames.
M07UP11A1349I303 mauu 
LOG (lattice-best-path:main():lattice-best-path.cc:99) For utterance M07UP11A1351I302, best cost 25.252 + 4203.77 = 4229.03 over 498 frames.
M07UP11A1351I302 baliiyaa 
LOG (lattice-best-path:main():lattice-best-path.cc:99) For utterance M07UP11A1352I427, best cost 13.1521 + 2467.56 = 2480.71 over 298 frames.
M07UP11A1352I427 baliiyaa 
LOG (lattice-best-path:main():lattice-best-path.cc:99) For utterance M07UP11A1352I429, best cost 13.7552 + 2440.68 = 2454.43 over 298 frames.
M07UP11A1352I429 gorakhapura 
LOG (lattice-best-path:main():lattice-best-path.cc:99) For utterance M07UP13A0882I300, best cost 20.2813 + 4513.05 = 4533.33 over 498 frames.
M07UP13A0882I300 baaraabankii 
LOG (lattice-best-path:main():lattice-best-path.cc:99) For utterance M07UP13A0882I301, best cost 23.5418 + 4629 = 4652.54 over 498 frames.
M07UP13A0882I301 lakhanauu 
LOG (lattice-best-path:main():lattice-best-path.cc:99) For utterance M07UP13A0884I303, best cost 21.8438 + 4601.61 = 4623.45 over 498 frames.
M07UP13A0884I303 kamalaaganja 
LOG (lattice-best-path:main():lattice-best-path.cc:99) For utterance M07UP13A0888I41, best cost 11.4134 + 2626.83 = 2638.24 over 298 frames.
M07UP13A0888I41 sandxiilaa 
LOG (lattice-best-path:main():lattice-best-path.cc:99) For utterance M07UP13A0889I41, best cost 20.3524 + 2941.75 = 2962.1 over 298 frames.
M07UP13A0889I41 sandxiilaa 
LOG (lattice-best-path:main():lattice-best-path.cc:99) For utterance M07UP13A0890I43, best cost 15.7475 + 2957.07 = 2972.82 over 298 frames.
M07UP13A0890I43 lakhanauu 
LOG (lattice-best-path:main():lattice-best-path.cc:99) For utterance M07UP13A0897I302, best cost 31.8424 + 4407.82 = 4439.66 over 498 frames.
M07UP13A0897I302 mujjapharanagara 
LOG (lattice-best-path:main():lattice-best-path.cc:99) For utterance M07UP13A0897I41, best cost 15.4674 + 2531.46 = 2546.93 over 298 frames.
M07UP13A0897I41 siitaapura 
LOG (lattice-best-path:main():lattice-best-path.cc:99) For utterance M07UP13A0898I303, best cost 23.0774 + 4482.93 = 4506.01 over 498 frames.
M07UP13A0898I303 baaraabankii 
LOG (lattice-best-path:main():lattice-best-path.cc:99) For utterance M07UP13A0900I436, best cost 11.3578 + 2616.53 = 2627.89 over 298 frames.
M07UP13A0900I436 kaanapura 
LOG (lattice-best-path:main():lattice-best-path.cc:99) For utterance M07UP14A0572I301, best cost 20.8764 + 4006.42 = 4027.3 over 498 frames.
M07UP14A0572I301 phateehapura 
LOG (lattice-best-path:main():lattice-best-path.cc:99) For utterance M07UP14A0576I41, best cost 18.3464 + 2674.74 = 2693.09 over 298 frames.
M07UP14A0576I41 baaraabankii 
LOG (lattice-best-path:main():lattice-best-path.cc:99) For utterance M07UP14A0583I300, best cost 23.0271 + 4522.07 = 4545.1 over 498 frames.
M07UP14A0583I300 baandaa 
LOG (lattice-best-path:main():lattice-best-path.cc:99) For utterance M07UP14A0588I41, best cost 18.236 + 2656.59 = 2674.83 over 300 frames.
M07UP14A0588I41 pheijaabaada 
LOG (lattice-best-path:main():lattice-best-path.cc:99) For utterance M07UP14A0590I300, best cost 16.8727 + 4210.89 = 4227.76 over 498 frames.
M07UP14A0590I300 baandaa 
LOG (lattice-best-path:main():lattice-best-path.cc:99) For utterance M07UP14A0590I43, best cost 22.987 + 2652.67 = 2675.66 over 298 frames.
M07UP14A0590I43 raaibareilii 
LOG (lattice-best-path:main():lattice-best-path.cc:99) For utterance M07UP14A0591I302, best cost 15.1936 + 4053.29 = 4068.49 over 498 frames.
M07UP14A0591I302 baandaa 
LOG (lattice-best-path:main():lattice-best-path.cc:99) For utterance M07UP14A0591I303, best cost 12.6417 + 4611.17 = 4623.81 over 498 frames.
M07UP14A0591I303 kheira 
LOG (lattice-best-path:main():lattice-best-path.cc:99) For utterance M07UP18A0362I47, best cost 14.3229 + 2599.91 = 2614.23 over 298 frames.
M07UP18A0362I47 eitxaa 
LOG (lattice-best-path:main():lattice-best-path.cc:99) For utterance M07UP18A0363I300, best cost 22.1275 + 4134.25 = 4156.38 over 498 frames.
M07UP18A0363I300 badaayuun 
LOG (lattice-best-path:main():lattice-best-path.cc:99) For utterance M07UP18A0363I302, best cost 21.658 + 4030.3 = 4051.96 over 498 frames.
M07UP18A0363I302 candousii 
LOG (lattice-best-path:main():lattice-best-path.cc:99) For utterance M07UP18A0365I42, best cost 15.9265 + 2520.9 = 2536.82 over 298 frames.
M07UP18A0365I42 badaayuun 
LOG (lattice-best-path:main():lattice-best-path.cc:99) For utterance M07UP18A0366I41, best cost 16.8786 + 2625.23 = 2642.1 over 298 frames.
M07UP18A0366I41 aliigadxhqa 
LOG (lattice-best-path:main():lattice-best-path.cc:99) For utterance M07UP18A0367I43, best cost 12.9329 + 2659.27 = 2672.2 over 298 frames.
M07UP18A0367I43 bareelii 
LOG (lattice-best-path:main():lattice-best-path.cc:99) For utterance M07UP18A0368I301, best cost 26.9787 + 4446.82 = 4473.8 over 498 frames.
M07UP18A0368I301 muraadaabaada 
LOG (lattice-best-path:main():lattice-best-path.cc:99) For utterance M07UP18A0368I49, best cost 14.8304 + 2679.48 = 2694.31 over 298 frames.
M07UP18A0368I49 haatharasa 
LOG (lattice-best-path:main():lattice-best-path.cc:99) For utterance M07UP18A0369I48, best cost 21.3955 + 2888.09 = 2909.49 over 298 frames.
M07UP18A0369I48 pharrukhaabaada 
LOG (lattice-best-path:main():lattice-best-path.cc:99) For utterance M07UP18A0371I300, best cost 21.23 + 4684.97 = 4706.2 over 498 frames.
M07UP18A0371I300 badaayuun 
LOG (lattice-best-path:main():lattice-best-path.cc:99) For utterance M07UP18A0374I300, best cost 21.407 + 5000.12 = 5021.53 over 498 frames.
M07UP18A0374I300 badaayuun 
LOG (lattice-best-path:main():lattice-best-path.cc:99) For utterance M07UP18A0374I48, best cost 18.1453 + 2863.91 = 2882.05 over 298 frames.
M07UP18A0374I48 pharrukhaabaada 
LOG (lattice-best-path:main():lattice-best-path.cc:99) For utterance M07UP18A0375I45, best cost 19.3816 + 2837.1 = 2856.48 over 298 frames.
M07UP18A0375I45 bulandashahara 
LOG (lattice-best-path:main():lattice-best-path.cc:99) For utterance M07UP18A0376I43, best cost 13.7461 + 2489.5 = 2503.25 over 298 frames.
M07UP18A0376I43 bareelii 
LOG (lattice-best-path:main():lattice-best-path.cc:99) For utterance M07UP18A0376I49, best cost 17.5472 + 2494.74 = 2512.28 over 298 frames.
M07UP18A0376I49 haatharasa 
LOG (lattice-best-path:main():lattice-best-path.cc:99) For utterance M07UP18A0378I302, best cost 25.1632 + 4961.34 = 4986.5 over 498 frames.
M07UP18A0378I302 candousii 
LOG (lattice-best-path:main():lattice-best-path.cc:99) For utterance M07UP18A0380I300, best cost 21.7317 + 4507.71 = 4529.44 over 498 frames.
M07UP18A0380I300 badaayuun 
LOG (lattice-best-path:main():lattice-best-path.cc:99) For utterance M07UP19A0341I48, best cost 10.8549 + 2346.04 = 2356.89 over 298 frames.
M07UP19A0341I48 bahajoii 
LOG (lattice-best-path:main():lattice-best-path.cc:99) For utterance M07UP19A0345I300, best cost 24.5835 + 4904.44 = 4929.03 over 490 frames.
M07UP19A0345I300 bulandashahara 
LOG (lattice-best-path:main():lattice-best-path.cc:99) For utterance M07UP19A0345I45, best cost 15.7014 + 2505.5 = 2521.2 over 298 frames.
M07UP19A0345I45 haapudxqa 
LOG (lattice-best-path:main():lattice-best-path.cc:99) For utterance M07UP19A0346I301, best cost 23.3643 + 4716.87 = 4740.23 over 498 frames.
M07UP19A0346I301 aliigadxhqa 
LOG (lattice-best-path:main():lattice-best-path.cc:99) For utterance M07UP19A0348I301, best cost 28.7903 + 4179.16 = 4207.95 over 498 frames.
M07UP19A0348I301 aliigadxhqa 
LOG (lattice-best-path:main():lattice-best-path.cc:99) For utterance M07UP19A0354I301, best cost 24.743 + 4830.38 = 4855.12 over 498 frames.
M07UP19A0354I301 aliigadxhqa 
LOG (lattice-best-path:main():lattice-best-path.cc:99) For utterance M07UP19A0354I303, best cost 25.0056 + 4685.19 = 4710.2 over 498 frames.
M07UP19A0354I303 jahaangiiraabaada 
LOG (lattice-best-path:main():lattice-best-path.cc:99) For utterance M07UP19A0356I43, best cost 20.1025 + 2587.57 = 2607.67 over 298 frames.
M07UP19A0356I43 muraadaabaada 
LOG (lattice-best-path:main():lattice-best-path.cc:99) For utterance M07UP19A0357I300, best cost 19.1668 + 4348.73 = 4367.9 over 498 frames.
M07UP19A0357I300 bulandashahara 
LOG (lattice-best-path:main():lattice-best-path.cc:99) For utterance M07UP19A0358I303, best cost 23.9661 + 4121.01 = 4144.98 over 498 frames.
M07UP19A0358I303 aliigadxhqa 
LOG (lattice-best-path:main():lattice-best-path.cc:99) For utterance M07UP19A0359I40, best cost 11.7515 + 2430.18 = 2441.93 over 298 frames.
M07UP19A0359I40 bareelii 
LOG (lattice-best-path:main():lattice-best-path.cc:99) For utterance M07UP20A0734I300, best cost 24.2551 + 4297.94 = 4322.19 over 498 frames.
M07UP20A0734I300 candoulii 
LOG (lattice-best-path:main():lattice-best-path.cc:99) For utterance M07UP20A0739I44, best cost 16.1332 + 2491.04 = 2507.17 over 298 frames.
M07UP20A0739I44 sonbhadra 
LOG (lattice-best-path:main():lattice-best-path.cc:99) For utterance M07UP20A0739I45, best cost 12.8175 + 2402.35 = 2415.17 over 300 frames.
M07UP20A0739I45 waaraanxasxii 
LOG (lattice-best-path:main():lattice-best-path.cc:99) For utterance M07UP20A0740I302, best cost 20.7764 + 4163.83 = 4184.61 over 498 frames.
M07UP20A0740I302 candoulii 
LOG (lattice-best-path:main():lattice-best-path.cc:99) For utterance M07UP20A0742I302, best cost 15.4654 + 3798.17 = 3813.63 over 498 frames.
M07UP20A0742I302 candoulii 
LOG (lattice-best-path:main():lattice-best-path.cc:99) For utterance M07UP20A0750I40, best cost 21.313 + 2622.95 = 2644.26 over 298 frames.
M07UP20A0750I40 candoulii 
LOG (lattice-best-path:main():lattice-best-path.cc:99) For utterance M07UP20A0753I43, best cost 13.5182 + 2860.67 = 2874.19 over 298 frames.
M07UP20A0753I43 waaraanxasxii 
LOG (lattice-best-path:main():lattice-best-path.cc:99) For utterance M07UP21A0593I302, best cost 23.5901 + 4575.23 = 4598.82 over 498 frames.
M07UP21A0593I302 karabii 
LOG (lattice-best-path:main():lattice-best-path.cc:99) For utterance M07UP21A0598I41, best cost 22.0505 + 2546.56 = 2568.61 over 298 frames.
M07UP21A0598I41 mauu 
LOG (lattice-best-path:main():lattice-best-path.cc:99) For utterance M07UP21A0600I300, best cost 26.3504 + 4479.17 = 4505.52 over 498 frames.
M07UP21A0600I300 caandapura 
LOG (lattice-best-path:main():lattice-best-path.cc:99) For utterance M07UP21A0600I42, best cost 25.994 + 2537.35 = 2563.34 over 298 frames.
M07UP21A0600I42 baandaa 
LOG (lattice-best-path:main():lattice-best-path.cc:99) For utterance M07UP21A0606I301, best cost 31.983 + 4472.35 = 4504.33 over 498 frames.
M07UP21A0606I301 citrakuutxa 
LOG (lattice-best-path:main():lattice-best-path.cc:99) For utterance M07UP21A0606I302, best cost 15.4243 + 4753.76 = 4769.18 over 498 frames.
M07UP21A0606I302 karabii 
LOG (lattice-best-path:main():lattice-best-path.cc:99) For utterance M07UP21A0607I301, best cost 29.6639 + 4268.32 = 4297.99 over 498 frames.
M07UP21A0607I301 citrakuutxa 
LOG (lattice-best-path:main():lattice-best-path.cc:99) For utterance M07UP22A1323I47, best cost 9.38874 + 2242.99 = 2252.38 over 298 frames.
M07UP22A1323I47 mauu 
LOG (lattice-best-path:main():lattice-best-path.cc:99) For utterance M07UP22A1326I300, best cost 22.066 + 4223.58 = 4245.64 over 498 frames.
M07UP22A1326I300 deewariyaa 
LOG (lattice-best-path:main():lattice-best-path.cc:99) For utterance M07UP22A1342I301, best cost 24.0648 + 3970.13 = 3994.19 over 498 frames.
M07UP22A1342I301 gorakhapura 
LOG (lattice-best-path:main():lattice-best-path.cc:99) For utterance M07UP22A1347I43, best cost 16.6016 + 2927.88 = 2944.48 over 298 frames.
M07UP22A1347I43 deewariyaa 
LOG (lattice-best-path:main():lattice-best-path.cc:99) For utterance M07UP22A1347I47, best cost 15.4045 + 2843.8 = 2859.21 over 300 frames.
M07UP22A1347I47 mauu 
LOG (lattice-best-path:main():lattice-best-path.cc:99) For utterance M07UP22A1355I301, best cost 21.1768 + 4558.38 = 4579.55 over 498 frames.
M07UP22A1355I301 gorakhapura 
LOG (lattice-best-path:main():lattice-best-path.cc:99) For utterance M07UP22A1355I47, best cost 16.6555 + 2553.76 = 2570.42 over 298 frames.
M07UP22A1355I47 mauu 
LOG (lattice-best-path:main():lattice-best-path.cc:99) For utterance M07UP22A1357I300, best cost 27.2966 + 4163.13 = 4190.42 over 498 frames.
M07UP22A1357I300 deewariyaa 
LOG (lattice-best-path:main():lattice-best-path.cc:99) For utterance M07UP22A1357I45, best cost 13.6389 + 2440.16 = 2453.8 over 298 frames.
M07UP22A1357I45 gorakhapura 
LOG (lattice-best-path:main():lattice-best-path.cc:99) For utterance M07UP22A1357I47, best cost 11.7366 + 2529.36 = 2541.09 over 298 frames.
M07UP22A1357I47 mauu 
LOG (lattice-best-path:main():lattice-best-path.cc:99) For utterance M07UP23A0224I44, best cost 14.5572 + 2869.53 = 2884.08 over 298 frames.
M07UP23A0224I44 aliiganja 
LOG (lattice-best-path:main():lattice-best-path.cc:99) For utterance M07UP23A0233I43, best cost 13.1107 + 2375.12 = 2388.24 over 298 frames.
M07UP23A0233I43 phirojaabaada 
LOG (lattice-best-path:main():lattice-best-path.cc:99) For utterance M07UP23A0234I41, best cost 19.8635 + 2881.9 = 2901.77 over 298 frames.
M07UP23A0234I41 kaasaganja 
LOG (lattice-best-path:main():lattice-best-path.cc:99) For utterance M07UP23A0235I42, best cost 15.5891 + 2865.87 = 2881.46 over 298 frames.
M07UP23A0235I42 pharrukhaabaada 
LOG (lattice-best-path:main():lattice-best-path.cc:99) For utterance M07UP23A0236I43, best cost 17.8769 + 2680.3 = 2698.18 over 298 frames.
M07UP23A0236I43 beewara 
LOG (lattice-best-path:main():lattice-best-path.cc:99) For utterance M07UP23A0239I40, best cost 10.1663 + 2823.59 = 2833.76 over 298 frames.
M07UP23A0239I40 puuranpura 
LOG (lattice-best-path:main():lattice-best-path.cc:99) For utterance M07UP23A0242I42, best cost 18.4364 + 2738.39 = 2756.83 over 298 frames.
M07UP23A0242I42 kaasaganja 
LOG (lattice-best-path:main():lattice-best-path.cc:99) For utterance M07UP24A0171I300, best cost 23.4871 + 4388.08 = 4411.56 over 498 frames.
M07UP24A0171I300 itxaawaa 
LOG (lattice-best-path:main():lattice-best-path.cc:99) For utterance M07UP24A0172I45, best cost 14.6369 + 2708.11 = 2722.75 over 298 frames.
M07UP24A0172I45 beewara 
LOG (lattice-best-path:main():lattice-best-path.cc:99) For utterance M07UP24A0172I49, best cost 13.3942 + 2731.01 = 2744.4 over 298 frames.
M07UP24A0172I49 ouraiyaa 
LOG (lattice-best-path:main():lattice-best-path.cc:99) For utterance M07UP24A0173I44, best cost 16.453 + 2429.32 = 2445.77 over 298 frames.
M07UP24A0173I44 sirasaaganja 
LOG (lattice-best-path:main():lattice-best-path.cc:99) For utterance M07UP24A0173I46, best cost 10.0001 + 2318.73 = 2328.73 over 298 frames.
M07UP24A0173I46 uraii 
LOG (lattice-best-path:main():lattice-best-path.cc:99) For utterance M07UP24A0175I301, best cost 25.0958 + 4192.77 = 4217.87 over 498 frames.
M07UP24A0175I301 ouraiyaa 
LOG (lattice-best-path:main():lattice-best-path.cc:99) For utterance M07UP24A0177F606, best cost 35.1942 + 8142.58 = 8177.77 over 998 frames.
M07UP24A0177F606 itxaawaa 
LOG (lattice-best-path:main():lattice-best-path.cc:99) For utterance M07UP24A0179I302, best cost 18.928 + 4184.29 = 4203.22 over 498 frames.
M07UP24A0179I302 itxaawaa 
LOG (lattice-best-path:main():lattice-best-path.cc:99) For utterance M07UP24A0181I301, best cost 21.7267 + 4783.43 = 4805.16 over 498 frames.
M07UP24A0181I301 itxaawaa 
LOG (lattice-best-path:main():lattice-best-path.cc:99) For utterance M07UP24A0181I42, best cost 10.4291 + 2722.9 = 2733.33 over 298 frames.
M07UP24A0181I42 ghiroura 
LOG (lattice-best-path:main():lattice-best-path.cc:99) For utterance M07UP24A0181I48, best cost 15.2102 + 2654.45 = 2669.66 over 298 frames.
M07UP24A0181I48 phirojaabaada 
LOG (lattice-best-path:main():lattice-best-path.cc:99) For utterance M07UP24A0185I303, best cost 24.8495 + 4452.84 = 4477.69 over 498 frames.
M07UP24A0185I303 sirasaaganja 
LOG (lattice-best-path:main():lattice-best-path.cc:99) For utterance M07UP24A0188I302, best cost 21.0026 + 4327.67 = 4348.67 over 498 frames.
M07UP24A0188I302 karabii 
LOG (lattice-best-path:main():lattice-best-path.cc:99) For utterance M07UP24A0191I300, best cost 16.1019 + 4041.15 = 4057.25 over 498 frames.
M07UP24A0191I300 itxaawaa 
LOG (lattice-best-path:main():lattice-best-path.cc:99) For utterance M07UP25A1205I302, best cost 24.6749 + 4730.46 = 4755.14 over 498 frames.
M07UP25A1205I302 akbarapura 
LOG (lattice-best-path:main():lattice-best-path.cc:99) For utterance M07UP25A1205I43, best cost 17.4696 + 2783.74 = 2801.21 over 298 frames.
M07UP25A1205I43 kaanapura 
LOG (lattice-best-path:main():lattice-best-path.cc:99) For utterance M07UP25A1206I45, best cost 19.0162 + 2748.78 = 2767.8 over 298 frames.
M07UP25A1206I45 wilaasapura 
LOG (lattice-best-path:main():lattice-best-path.cc:99) For utterance M07UP25A1209I41, best cost 16.7483 + 2655.72 = 2672.47 over 298 frames.
M07UP25A1209I41 raaibareilii 
LOG (lattice-best-path:main():lattice-best-path.cc:99) For utterance M07UP25A1216I41, best cost 16.171 + 2897.18 = 2913.35 over 298 frames.
M07UP25A1216I41 pheijaabaada 
LOG (lattice-best-path:main():lattice-best-path.cc:99) For utterance M07UP25A1220I300, best cost 34.0029 + 4355.35 = 4389.35 over 498 frames.
M07UP25A1220I300 pheijaabaada 
LOG (lattice-best-path:main():lattice-best-path.cc:99) For utterance M07UP25A1220I42, best cost 20.3276 + 2612.94 = 2633.27 over 298 frames.
M07UP25A1220I42 baaraabankii 
LOG (lattice-best-path:main():lattice-best-path.cc:99) For utterance M07UP25A1261I302, best cost 25.1272 + 4743.03 = 4768.16 over 500 frames.
M07UP25A1261I302 pheijaabaada 
LOG (lattice-best-path:main():lattice-best-path.cc:99) For utterance M07UP26A0214I42, best cost 13.1706 + 2946.05 = 2959.22 over 298 frames.
M07UP26A0214I42 aliigadxhqa 
LOG (lattice-best-path:main():lattice-best-path.cc:99) For utterance M07UP26A0255I48, best cost 16.6831 + 2614.51 = 2631.19 over 300 frames.
M07UP26A0255I48 eitxaa 
LOG (lattice-best-path:main():lattice-best-path.cc:99) For utterance M07UP26A0257I47, best cost 13.751 + 2358.61 = 2372.36 over 298 frames.
M07UP26A0257I47 daataaganja 
LOG (lattice-best-path:main():lattice-best-path.cc:99) For utterance M07UP26A0258I414, best cost 21.2152 + 2534.8 = 2556.02 over 298 frames.
M07UP26A0258I414 mauu 
LOG (lattice-best-path:main():lattice-best-path.cc:99) For utterance M07UP26A0261I47, best cost 12.1686 + 2579.97 = 2592.14 over 298 frames.
M07UP26A0261I47 kannouja 
LOG (lattice-best-path:main():lattice-best-path.cc:99) For utterance M07UP26A0262I41, best cost 14.1945 + 2794.44 = 2808.63 over 298 frames.
M07UP26A0262I41 badaayuun 
LOG (lattice-best-path:main():lattice-best-path.cc:99) For utterance M07UP26A0263I43, best cost 15.5976 + 2415.76 = 2431.36 over 298 frames.
M07UP26A0263I43 awaagadxhqa 
LOG (lattice-best-path:main():lattice-best-path.cc:99) For utterance M07UP26A0267I44, best cost 12.701 + 2556.69 = 2569.39 over 298 frames.
M07UP26A0267I44 kaasaganja 
LOG (lattice-best-path:main():lattice-best-path.cc:99) For utterance M07UP26A0269I47, best cost 15.0496 + 2815.83 = 2830.88 over 298 frames.
M07UP26A0269I47 kannouja 
LOG (lattice-best-path:main():lattice-best-path.cc:99) For utterance M07UP26A0270I42, best cost 17.7649 + 2724.96 = 2742.72 over 298 frames.
M07UP26A0270I42 aliiganja 
LOG (lattice-best-path:main():lattice-best-path.cc:99) For utterance M07UP26A0272I44, best cost 10.2262 + 2244.67 = 2254.9 over 298 frames.
M07UP26A0272I44 beewara 
LOG (lattice-best-path:main():lattice-best-path.cc:99) For utterance M07UP27A0641I438, best cost 14.4581 + 2546.87 = 2561.33 over 298 frames.
M07UP27A0641I438 risiiyaa 
LOG (lattice-best-path:main():lattice-best-path.cc:99) For utterance M07UP27A0647I41, best cost 14.0944 + 2535.72 = 2549.81 over 298 frames.
M07UP27A0647I41 phateehapura 
LOG (lattice-best-path:main():lattice-best-path.cc:99) For utterance M07UP27A0647I43, best cost 17.265 + 2582.86 = 2600.13 over 298 frames.
M07UP27A0647I43 koushaamabii 
LOG (lattice-best-path:main():lattice-best-path.cc:99) For utterance M07UP27A0657I303, best cost 19.977 + 4396.44 = 4416.42 over 498 frames.
M07UP27A0657I303 koushaamabii 
LOG (lattice-best-path:main():lattice-best-path.cc:99) For utterance M07UP28A0216I301, best cost 14.3973 + 4568.7 = 4583.1 over 498 frames.
M07UP28A0216I301 uraii 
LOG (lattice-best-path:main():lattice-best-path.cc:99) For utterance M07UP28A0218I300, best cost 22.9438 + 4322.74 = 4345.68 over 498 frames.
M07UP28A0218I300 beewara 
LOG (lattice-best-path:main():lattice-best-path.cc:99) For utterance M07UP28A0219I40, best cost 12.882 + 2596.54 = 2609.42 over 298 frames.
M07UP28A0219I40 aagaraa 
LOG (lattice-best-path:main():lattice-best-path.cc:99) For utterance M07UP28A0219I505, best cost 14.4828 + 2612.24 = 2626.73 over 300 frames.
M07UP28A0219I505 kheira 
LOG (lattice-best-path:main():lattice-best-path.cc:99) For utterance M07UP28A0225I302, best cost 16.6586 + 4529.03 = 4545.69 over 498 frames.
M07UP28A0225I302 meinapurii 
LOG (lattice-best-path:main():lattice-best-path.cc:99) For utterance M07UP28A0225I40, best cost 21.4655 + 2557.04 = 2578.5 over 298 frames.
M07UP28A0225I40 aagaraa 
LOG (lattice-best-path:main():lattice-best-path.cc:99) For utterance M07UP28A0225I41, best cost 13.0241 + 3007.89 = 3020.92 over 298 frames.
M07UP28A0225I41 ghiroura 
LOG (lattice-best-path:main():lattice-best-path.cc:99) For utterance M07UP29A0506I301, best cost 19.8415 + 4037.61 = 4057.45 over 498 frames.
M07UP29A0506I301 gaajiyaabaada 
LOG (lattice-best-path:main():lattice-best-path.cc:99) For utterance M07UP29A0509I42, best cost 19.892 + 2665.74 = 2685.63 over 298 frames.
M07UP29A0509I42 aliigadxhqa 
LOG (lattice-best-path:main():lattice-best-path.cc:99) For utterance M07UP29A0509I45, best cost 13.2032 + 2594.85 = 2608.05 over 298 frames.
M07UP29A0509I45 awaagadxhqa 
LOG (lattice-best-path:main():lattice-best-path.cc:99) For utterance M07UP29A0510I303, best cost 19.7535 + 4188.5 = 4208.25 over 500 frames.
M07UP29A0510I303 sikandaraabaada 
LOG (lattice-best-path:main():lattice-best-path.cc:99) For utterance M07UP29A0510I44, best cost 15.4018 + 2397.84 = 2413.24 over 298 frames.
M07UP29A0510I44 anuupashahara 
LOG (lattice-best-path:main():lattice-best-path.cc:99) For utterance M07UP29A0511I301, best cost 16.2355 + 4357.55 = 4373.78 over 498 frames.
M07UP29A0511I301 gaajiyaabaada 
LOG (lattice-best-path:main():lattice-best-path.cc:99) For utterance M07UP29A0511I42, best cost 16.3933 + 2753.18 = 2769.58 over 298 frames.
M07UP29A0511I42 koshiikalaan 
LOG (lattice-best-path:main():lattice-best-path.cc:99) For utterance M07UP29A0513I44, best cost 13.6412 + 2557.03 = 2570.67 over 298 frames.
M07UP29A0513I44 bulandashahara 
LOG (lattice-best-path:main():lattice-best-path.cc:99) For utterance M07UP29A0514I41, best cost 14.7654 + 2646.3 = 2661.06 over 298 frames.
M07UP29A0514I41 aliigadxhqa 
LOG (lattice-best-path:main():lattice-best-path.cc:99) For utterance M07UP29A0516I41, best cost 10.5522 + 2846.87 = 2857.42 over 298 frames.
M07UP29A0516I41 aliigadxhqa 
LOG (lattice-best-path:main():lattice-best-path.cc:99) For utterance M07UP29A0517I303, best cost 21.3996 + 4344.17 = 4365.57 over 498 frames.
M07UP29A0517I303 sikandaraabaada 
LOG (lattice-best-path:main():lattice-best-path.cc:99) For utterance M07UP29A0520I42, best cost 13.8825 + 2442.83 = 2456.71 over 298 frames.
M07UP29A0520I42 aliigadxhqa 
LOG (lattice-best-path:main():lattice-best-path.cc:99) For utterance M07UP29A0520I45, best cost 18.6256 + 2686.3 = 2704.92 over 298 frames.
M07UP29A0520I45 awaagadxhqa 
LOG (lattice-best-path:main():lattice-best-path.cc:99) For utterance M07UP29A0521I303, best cost 25.2225 + 4202.17 = 4227.39 over 498 frames.
M07UP29A0521I303 gaajiyaabaada 
LOG (lattice-best-path:main():lattice-best-path.cc:99) For utterance M07UP29A0521I47, best cost 14.8114 + 2428.58 = 2443.39 over 298 frames.
M07UP29A0521I47 sikandaraabaada 
LOG (lattice-best-path:main():lattice-best-path.cc:99) For utterance M07UP31A1290I43, best cost 12.8777 + 2550.91 = 2563.79 over 298 frames.
M07UP31A1290I43 candoulii 
LOG (lattice-best-path:main():lattice-best-path.cc:99) For utterance M07UP31A1291I42, best cost 19.932 + 2591.65 = 2611.58 over 298 frames.
M07UP31A1291I42 baliiyaa 
LOG (lattice-best-path:main():lattice-best-path.cc:99) For utterance M07UP31A1292I301, best cost 21.0829 + 4241.81 = 4262.9 over 498 frames.
M07UP31A1292I301 aajamagadxhqa 
LOG (lattice-best-path:main():lattice-best-path.cc:99) For utterance M07UP31A1294I302, best cost 31.9523 + 4136.78 = 4168.73 over 498 frames.
M07UP31A1294I302 jangiipura 
LOG (lattice-best-path:main():lattice-best-path.cc:99) For utterance M07UP31A1294I43, best cost 17.9787 + 2638.72 = 2656.7 over 298 frames.
M07UP31A1294I43 candoulii 
LOG (lattice-best-path:main():lattice-best-path.cc:99) For utterance M07UP31A1296I500, best cost 24.0462 + 3850.82 = 3874.87 over 498 frames.
M07UP31A1296I500 deewariyaa 
LOG (lattice-best-path:main():lattice-best-path.cc:99) For utterance M07UP31A1300I300, best cost 24.2003 + 4840.04 = 4864.24 over 498 frames.
M07UP31A1300I300 gaajiipura 
LOG (lattice-best-path:main():lattice-best-path.cc:99) For utterance M07UP31A1302I301, best cost 28.8301 + 4256.77 = 4285.6 over 498 frames.
M07UP31A1302I301 aajamagadxhqa 
LOG (lattice-best-path:main():lattice-best-path.cc:99) For utterance M07UP31A1306I302, best cost 31.4187 + 4349.67 = 4381.09 over 498 frames.
M07UP31A1306I302 jangiipura 
LOG (lattice-best-path:main():lattice-best-path.cc:99) For utterance M07UP31A1306I303, best cost 21.0286 + 4924.83 = 4945.86 over 498 frames.
M07UP31A1306I303 mohammadaabaada 
LOG (lattice-best-path:main():lattice-best-path.cc:99) For utterance M07UP31A1306I43, best cost 12.7735 + 2387.72 = 2400.49 over 298 frames.
M07UP31A1306I43 candoulii 
LOG (lattice-best-path:main():lattice-best-path.cc:99) For utterance M07UP31A1307I430, best cost 23.7099 + 2584.3 = 2608.01 over 298 frames.
M07UP31A1307I430 baliiyaa 
LOG (lattice-best-path:main():lattice-best-path.cc:99) For utterance M07UP31A1308I435, best cost 17.0909 + 2570.24 = 2587.33 over 298 frames.
M07UP31A1308I435 baliiyaa 
LOG (lattice-best-path:main():lattice-best-path.cc:99) For utterance M07UP31A1309I44, best cost 15.7357 + 2911.37 = 2927.1 over 298 frames.
M07UP31A1309I44 deewariyaa 
LOG (lattice-best-path:main():lattice-best-path.cc:99) For utterance M07UP31A1310I45, best cost 18.2892 + 2767.8 = 2786.08 over 298 frames.
M07UP31A1310I45 gaajiipura 
LOG (lattice-best-path:main():lattice-best-path.cc:99) For utterance M07UP34A0551I43, best cost 12.8558 + 2782.68 = 2795.54 over 300 frames.
M07UP34A0551I43 citrakuutxa 
LOG (lattice-best-path:main():lattice-best-path.cc:99) For utterance M07UP34A0554I301, best cost 19.2644 + 4204.24 = 4223.51 over 498 frames.
M07UP34A0554I301 jaalouna 
LOG (lattice-best-path:main():lattice-best-path.cc:99) For utterance M07UP34A0555I300, best cost 23.1631 + 4835.17 = 4858.34 over 498 frames.
M07UP34A0555I300 hamiirapura 
LOG (lattice-best-path:main():lattice-best-path.cc:99) For utterance M07UP34A0558I42, best cost 15.9253 + 2726.49 = 2742.42 over 298 frames.
M07UP34A0558I42 baandaa 
LOG (lattice-best-path:main():lattice-best-path.cc:99) For utterance M07UP34A0559I303, best cost 26.6413 + 4337.36 = 4364 over 498 frames.
M07UP34A0559I303 uraii 
LOG (lattice-best-path:main():lattice-best-path.cc:99) For utterance M07UP34A0559I44, best cost 19.5664 + 2599.58 = 2619.15 over 298 frames.
M07UP34A0559I44 phateehapura 
LOG (lattice-best-path:main():lattice-best-path.cc:99) For utterance M07UP34A0561I300, best cost 23.4337 + 4811.2 = 4834.63 over 498 frames.
M07UP34A0561I300 hamiirapura 
LOG (lattice-best-path:main():lattice-best-path.cc:99) For utterance M07UP34A0563I303, best cost 36.1896 + 4124.47 = 4160.66 over 498 frames.
M07UP34A0563I303 raatxha 
LOG (lattice-best-path:main():lattice-best-path.cc:99) For utterance M07UP34A0564I43, best cost 14.9912 + 2570.01 = 2585 over 298 frames.
M07UP34A0564I43 citrakuutxa 
LOG (lattice-best-path:main():lattice-best-path.cc:99) For utterance M07UP34A0566I301, best cost 23.1867 + 4074.68 = 4097.87 over 498 frames.
M07UP34A0566I301 hamiirapura 
LOG (lattice-best-path:main():lattice-best-path.cc:99) For utterance M07UP35A0443I41, best cost 17.004 + 2707.92 = 2724.93 over 298 frames.
M07UP35A0443I41 amarohaa 
LOG (lattice-best-path:main():lattice-best-path.cc:99) For utterance M07UP35A0446I301, best cost 21.321 + 4453.28 = 4474.6 over 498 frames.
M07UP35A0446I301 sikohaabaada 
LOG (lattice-best-path:main():lattice-best-path.cc:99) For utterance M07UP35A0448I301, best cost 27.2031 + 4008.61 = 4035.81 over 498 frames.
M07UP35A0448I301 gaajiyaabaada 
LOG (lattice-best-path:main():lattice-best-path.cc:99) For utterance M07UP35A0450I301, best cost 27.1051 + 4742.55 = 4769.65 over 498 frames.
M07UP35A0450I301 muraadaabaada 
LOG (lattice-best-path:main():lattice-best-path.cc:99) For utterance M07UP35A0452I303, best cost 32.3415 + 4056.96 = 4089.3 over 498 frames.
M07UP35A0452I303 haapudxqa 
LOG (lattice-best-path:main():lattice-best-path.cc:99) For utterance M07UP35A0455I303, best cost 29.1116 + 4026.72 = 4055.83 over 498 frames.
M07UP35A0455I303 haapudxqa 
LOG (lattice-best-path:main():lattice-best-path.cc:99) For utterance M07UP35A0455I426, best cost 22.5211 + 2770.11 = 2792.63 over 298 frames.
M07UP35A0455I426 tilharaa 
LOG (lattice-best-path:main():lattice-best-path.cc:99) For utterance M07UP35A0456I43, best cost 17.8872 + 2635.89 = 2653.78 over 298 frames.
M07UP35A0456I43 baagapata 
LOG (lattice-best-path:main():lattice-best-path.cc:99) For utterance M07UP35A0457I41, best cost 16.3928 + 2772.04 = 2788.44 over 298 frames.
M07UP35A0457I41 haapudxqa 
LOG (lattice-best-path:main():lattice-best-path.cc:99) For utterance M07UP35A0459I303, best cost 15.9571 + 4197.25 = 4213.21 over 498 frames.
M07UP35A0459I303 haapudxqa 
LOG (lattice-best-path:main():lattice-best-path.cc:99) For utterance M07UP36A0825I301, best cost 32.3076 + 4363.02 = 4395.33 over 498 frames.
M07UP36A0825I301 lakhanauu 
LOG (lattice-best-path:main():lattice-best-path.cc:99) For utterance M07UP36A0825I40, best cost 15.4408 + 2552.09 = 2567.53 over 298 frames.
M07UP36A0825I40 kannouja 
LOG (lattice-best-path:main():lattice-best-path.cc:99) For utterance M07UP36A0827I300, best cost 28.7978 + 3977.76 = 4006.56 over 498 frames.
M07UP36A0827I300 hardoii 
LOG (lattice-best-path:main():lattice-best-path.cc:99) For utterance M07UP36A0829I302, best cost 26.158 + 4348.1 = 4374.26 over 498 frames.
M07UP36A0829I302 sandxiilaa 
LOG (lattice-best-path:main():lattice-best-path.cc:99) For utterance M07UP36A0832I302, best cost 22.4586 + 4444.36 = 4466.82 over 498 frames.
M07UP36A0832I302 sandxiilaa 
LOG (lattice-best-path:main():lattice-best-path.cc:99) For utterance M07UP36A0840I41, best cost 14.4414 + 2408.88 = 2423.32 over 298 frames.
M07UP36A0840I41 baaraabankii 
LOG (lattice-best-path:main():lattice-best-path.cc:99) For utterance M07UP37A0301I42, best cost 8.66517 + 2307.35 = 2316.02 over 298 frames.
M07UP37A0301I42 kaalpii 
LOG (lattice-best-path:main():lattice-best-path.cc:99) For utterance M07UP37A0302I45, best cost 10.1817 + 2879.79 = 2889.97 over 298 frames.
M07UP37A0302I45 haatharasa 
LOG (lattice-best-path:main():lattice-best-path.cc:99) For utterance M07UP37A0306I47, best cost 15.7153 + 2889.29 = 2905.01 over 298 frames.
M07UP37A0306I47 daataaganja 
LOG (lattice-best-path:main():lattice-best-path.cc:99) For utterance M07UP37A0307I303, best cost 16.7661 + 4591.71 = 4608.48 over 498 frames.
M07UP37A0307I303 haatharasa 
LOG (lattice-best-path:main():lattice-best-path.cc:99) For utterance M07UP37A0309I40, best cost 14.3806 + 2965.68 = 2980.06 over 298 frames.
M07UP37A0309I40 sikohaabaada 
LOG (lattice-best-path:main():lattice-best-path.cc:99) For utterance M07UP37A0309I44, best cost 14.8947 + 2855.29 = 2870.19 over 300 frames.
M07UP37A0309I44 kaasaganja 
LOG (lattice-best-path:main():lattice-best-path.cc:99) For utterance M07UP37A0311I43, best cost 16.2789 + 2580.98 = 2597.26 over 298 frames.
M07UP37A0311I43 aliigadxhqa 
LOG (lattice-best-path:main():lattice-best-path.cc:99) For utterance M07UP37A0311I44, best cost 18.6215 + 2544.52 = 2563.14 over 298 frames.
M07UP37A0311I44 awaagadxhqa 
LOG (lattice-best-path:main():lattice-best-path.cc:99) For utterance M07UP37A0311I48, best cost 11.4394 + 2344.61 = 2356.05 over 300 frames.
M07UP37A0311I48 aagaraa 
LOG (lattice-best-path:main():lattice-best-path.cc:99) For utterance M07UP37A0313I427, best cost 15.1945 + 2634 = 2649.2 over 298 frames.
M07UP37A0313I427 siyaanaa 
LOG (lattice-best-path:main():lattice-best-path.cc:99) For utterance M07UP37A0314I300, best cost 24.1708 + 4681.7 = 4705.87 over 498 frames.
M07UP37A0314I300 haatharasa 
LOG (lattice-best-path:main():lattice-best-path.cc:99) For utterance M07UP37A0316I305, best cost 15.9264 + 4857.54 = 4873.47 over 498 frames.
M07UP37A0316I305 haatharasa 
LOG (lattice-best-path:main():lattice-best-path.cc:99) For utterance M07UP37A0317I47, best cost 16.7189 + 2526.6 = 2543.32 over 298 frames.
M07UP37A0317I47 pharrukhaabaada 
LOG (lattice-best-path:main():lattice-best-path.cc:99) For utterance M07UP37A0317I48, best cost 15.528 + 2887.92 = 2903.45 over 298 frames.
M07UP37A0317I48 ghiroura 
LOG (lattice-best-path:main():lattice-best-path.cc:99) For utterance M07UP37A0319I301, best cost 20.4356 + 4865.79 = 4886.23 over 498 frames.
M07UP37A0319I301 aliigadxhqa 
LOG (lattice-best-path:main():lattice-best-path.cc:99) For utterance M07UP38A0103I43, best cost 16.1253 + 2570.91 = 2587.04 over 298 frames.
M07UP38A0103I43 baruaasaagara 
LOG (lattice-best-path:main():lattice-best-path.cc:99) For utterance M07UP38A0107I43, best cost 11.5902 + 2638.56 = 2650.15 over 298 frames.
M07UP38A0107I43 raatxha 
LOG (lattice-best-path:main():lattice-best-path.cc:99) For utterance M07UP39A0774I301, best cost 19.275 + 3979.25 = 3998.52 over 498 frames.
M07UP39A0774I301 waaraanxasxii 
LOG (lattice-best-path:main():lattice-best-path.cc:99) For utterance M07UP39A0776I302, best cost 11.6808 + 3984.65 = 3996.33 over 498 frames.
M07UP39A0776I302 raamapura 
LOG (lattice-best-path:main():lattice-best-path.cc:99) For utterance M07UP39A0777I300, best cost 13.9243 + 4183.05 = 4196.97 over 498 frames.
M07UP39A0777I300 jounapura 
LOG (lattice-best-path:main():lattice-best-path.cc:99) For utterance M07UP39A0777I423, best cost 12.301 + 2376.94 = 2389.24 over 298 frames.
M07UP39A0777I423 mauu 
LOG (lattice-best-path:main():lattice-best-path.cc:99) For utterance M07UP39A0778I303, best cost 25.4004 + 4430.64 = 4456.04 over 498 frames.
M07UP39A0778I303 kadauraa 
LOG (lattice-best-path:main():lattice-best-path.cc:99) For utterance M07UP39A0781I501, best cost 10.7949 + 3421.44 = 3432.24 over 398 frames.
M07UP39A0781I501 uraii 
LOG (lattice-best-path:main():lattice-best-path.cc:99) For utterance M07UP41A0273I301, best cost 20.325 + 4963.1 = 4983.42 over 498 frames.
M07UP41A0273I301 pharrukhaabaada 
LOG (lattice-best-path:main():lattice-best-path.cc:99) For utterance M07UP41A0273I47, best cost 10.6683 + 2697.11 = 2707.78 over 298 frames.
M07UP41A0273I47 siitaapura 
LOG (lattice-best-path:main():lattice-best-path.cc:99) For utterance M07UP41A0275I300, best cost 20.6751 + 4046.68 = 4067.36 over 498 frames.
M07UP41A0275I300 kannouja 
LOG (lattice-best-path:main():lattice-best-path.cc:99) For utterance M07UP41A0277I300, best cost 13.3497 + 4485.2 = 4498.55 over 498 frames.
M07UP41A0277I300 kannouja 
LOG (lattice-best-path:main():lattice-best-path.cc:99) For utterance M07UP41A0277I43, best cost 14.1104 + 2829.82 = 2843.93 over 298 frames.
M07UP41A0277I43 baangaramauu 
LOG (lattice-best-path:main():lattice-best-path.cc:99) For utterance M07UP41A0279I301, best cost 18.2529 + 4431.18 = 4449.43 over 498 frames.
M07UP41A0279I301 pharrukhaabaada 
LOG (lattice-best-path:main():lattice-best-path.cc:99) For utterance M07UP41A0279I302, best cost 18.8046 + 4273.69 = 4292.49 over 498 frames.
M07UP41A0279I302 kannouja 
LOG (lattice-best-path:main():lattice-best-path.cc:99) For utterance M07UP41A0279I47, best cost 16.321 + 2915.56 = 2931.88 over 298 frames.
M07UP41A0279I47 kaanapuradeehaata 
LOG (lattice-best-path:main():lattice-best-path.cc:99) For utterance M07UP41A0280I42, best cost 12.481 + 2586.95 = 2599.43 over 298 frames.
M07UP41A0280I42 beewara 
LOG (lattice-best-path:main():lattice-best-path.cc:99) For utterance M07UP41A0280I45, best cost 17.4632 + 2833.55 = 2851.01 over 298 frames.
M07UP41A0280I45 jangiipura 
LOG (lattice-best-path:main():lattice-best-path.cc:99) For utterance M07UP41A0283I48, best cost 11.9894 + 2351.75 = 2363.74 over 298 frames.
M07UP41A0283I48 itxaawaa 
LOG (lattice-best-path:main():lattice-best-path.cc:99) For utterance M07UP41A0289I303, best cost 24.6862 + 4374.81 = 4399.5 over 498 frames.
M07UP41A0289I303 kannouja 
LOG (lattice-best-path:main():lattice-best-path.cc:99) For utterance M07UP41A0289I44, best cost 13.1771 + 2512.62 = 2525.79 over 300 frames.
M07UP41A0289I44 beewara 
LOG (lattice-best-path:main():lattice-best-path.cc:99) For utterance M07UP41A0290I47, best cost 17.0235 + 2540.62 = 2557.64 over 298 frames.
M07UP41A0290I47 unnaanwa 
LOG (lattice-best-path:main():lattice-best-path.cc:99) For utterance M07UP41A0291I43, best cost 15.6548 + 2413.59 = 2429.24 over 298 frames.
M07UP41A0291I43 kamalaaganja 
LOG (lattice-best-path:main():lattice-best-path.cc:99) For utterance M07UP41A0291I46, best cost 15.9754 + 2521.93 = 2537.9 over 298 frames.
M07UP41A0291I46 pharrukhaabaada 
LOG (lattice-best-path:main():lattice-best-path.cc:99) For utterance M07UP42A0111I46, best cost 15.6016 + 2482.94 = 2498.54 over 298 frames.
M07UP42A0111I46 kannouja 
LOG (lattice-best-path:main():lattice-best-path.cc:99) For utterance M07UP42A0116I430, best cost 13.49 + 2736.78 = 2750.27 over 298 frames.
M07UP42A0116I430 wariipaala 
LOG (lattice-best-path:main():lattice-best-path.cc:99) For utterance M07UP42A0117I419, best cost 17.0175 + 2543.39 = 2560.41 over 298 frames.
M07UP42A0117I419 pukharaanyaan 
LOG (lattice-best-path:main():lattice-best-path.cc:99) For utterance M07UP42A0117I423, best cost 13.2178 + 2704.27 = 2717.49 over 298 frames.
M07UP42A0117I423 dxibiyaapura 
LOG (lattice-best-path:main():lattice-best-path.cc:99) For utterance M07UP42A0119I300, best cost 20.6191 + 4630.22 = 4650.84 over 498 frames.
M07UP42A0119I300 kaanapuradeehaata 
LOG (lattice-best-path:main():lattice-best-path.cc:99) For utterance M07UP42A0119I46, best cost 17.5662 + 2790.44 = 2808.01 over 298 frames.
M07UP42A0119I46 kannouja 
LOG (lattice-best-path:main():lattice-best-path.cc:99) For utterance M07UP42A0120I418, best cost 17.1276 + 2596.69 = 2613.82 over 298 frames.
M07UP42A0120I418 hamiirapura 
LOG (lattice-best-path:main():lattice-best-path.cc:99) For utterance M07UP42A0120I424, best cost 18.1287 + 2597.02 = 2615.15 over 298 frames.
M07UP42A0120I424 uttariipuraa 
LOG (lattice-best-path:main():lattice-best-path.cc:99) For utterance M07UP42A0120I429, best cost 16.8389 + 2733.58 = 2750.42 over 298 frames.
M07UP42A0120I429 maadhougadxhqa 
LOG (lattice-best-path:main():lattice-best-path.cc:99) For utterance M07UP42A0122I302, best cost 17.3225 + 4471.24 = 4488.57 over 498 frames.
M07UP42A0122I302 ouraiyaa 
LOG (lattice-best-path:main():lattice-best-path.cc:99) For utterance M07UP42A0122I424, best cost 16.1031 + 2772.33 = 2788.43 over 298 frames.
M07UP42A0122I424 wariipaala 
LOG (lattice-best-path:main():lattice-best-path.cc:99) For utterance M07UP42A0122I46, best cost 23.0255 + 2701.24 = 2724.27 over 298 frames.
M07UP42A0122I46 hamiirapura 
LOG (lattice-best-path:main():lattice-best-path.cc:99) For utterance M07UP42A0123I42, best cost 17.938 + 2699.04 = 2716.98 over 298 frames.
M07UP42A0123I42 jaalouna 
LOG (lattice-best-path:main():lattice-best-path.cc:99) For utterance M07UP42A0123I424, best cost 13.7129 + 2804.68 = 2818.39 over 298 frames.
M07UP42A0123I424 dxibiyaapura 
LOG (lattice-best-path:main():lattice-best-path.cc:99) For utterance M07UP42A0124I45, best cost 16.1688 + 2588.26 = 2604.42 over 298 frames.
M07UP42A0124I45 chibaraamauu 
LOG (lattice-best-path:main():lattice-best-path.cc:99) For utterance M07UP42A0126I437, best cost 16.8132 + 2744.15 = 2760.96 over 298 frames.
M07UP42A0126I437 ouraiyaa 
LOG (lattice-best-path:main():lattice-best-path.cc:99) For utterance M07UP43A0148I300, best cost 19.7349 + 4791.36 = 4811.1 over 498 frames.
M07UP43A0148I300 shaahapura 
LOG (lattice-best-path:main():lattice-best-path.cc:99) For utterance M07UP43A0151I42, best cost 17.9667 + 2921.58 = 2939.54 over 298 frames.
M07UP43A0151I42 ouraiyaa 
LOG (lattice-best-path:main():lattice-best-path.cc:99) For utterance M07UP43A0154I43, best cost 13.7239 + 2365.59 = 2379.31 over 298 frames.
M07UP43A0154I43 phateehapura 
LOG (lattice-best-path:main():lattice-best-path.cc:99) For utterance M07UP43A0154I44, best cost 15.1818 + 2458.05 = 2473.23 over 298 frames.
M07UP43A0154I44 kaanapura 
LOG (lattice-best-path:main():lattice-best-path.cc:99) For utterance M07UP43A0158I41, best cost 15.46 + 2748.68 = 2764.14 over 298 frames.
M07UP43A0158I41 unnaanwa 
LOG (lattice-best-path:main():lattice-best-path.cc:99) For utterance M07UP45A0614I48, best cost 17.0602 + 2757.46 = 2774.52 over 298 frames.
M07UP45A0614I48 prataapagadxhqa 
LOG (lattice-best-path:main():lattice-best-path.cc:99) For utterance M07UP45A0616I43, best cost 17.5923 + 2623.29 = 2640.88 over 298 frames.
M07UP45A0616I43 bharawaarii 
LOG (lattice-best-path:main():lattice-best-path.cc:99) For utterance M07UP45A0624I41, best cost 17.4216 + 2636.61 = 2654.03 over 298 frames.
M07UP45A0624I41 ilaahaabaada 
LOG (lattice-best-path:main():lattice-best-path.cc:99) For utterance M07UP45A0624I44, best cost 23.9143 + 2572.82 = 2596.74 over 298 frames.
M07UP45A0624I44 citrakuutxa 
LOG (lattice-best-path:main():lattice-best-path.cc:99) For utterance M07UP45A0625I41, best cost 14.7666 + 2729.32 = 2744.08 over 298 frames.
M07UP45A0625I41 ilaahaabaada 
LOG (lattice-best-path:main():lattice-best-path.cc:99) For utterance M07UP45A0627I43, best cost 12.8228 + 2371.75 = 2384.58 over 298 frames.
M07UP45A0627I43 bharawaarii 
LOG (lattice-best-path:main():lattice-best-path.cc:99) For utterance M07UP45A0628I41, best cost 17.1685 + 2685.56 = 2702.73 over 298 frames.
M07UP45A0628I41 ilaahaabaada 
LOG (lattice-best-path:main():lattice-best-path.cc:99) For utterance M07UP45A0629I303, best cost 21.5961 + 4762.67 = 4784.27 over 498 frames.
M07UP45A0629I303 citrakuutxa 
LOG (lattice-best-path:main():lattice-best-path.cc:99) For utterance M07UP45A0634I48, best cost 18.1343 + 2544.34 = 2562.47 over 298 frames.
M07UP45A0634I48 prataapagadxhqa 
LOG (lattice-best-path:main():lattice-best-path.cc:99) For utterance M07UP45A0635I42, best cost 17.3517 + 2723.04 = 2740.39 over 298 frames.
M07UP45A0635I42 baandaa 
LOG (lattice-best-path:main():lattice-best-path.cc:99) For utterance M07UP45A0636I300, best cost 13.106 + 3935.7 = 3948.8 over 498 frames.
M07UP45A0636I300 koushaamabii 
LOG (lattice-best-path:main():lattice-best-path.cc:99) For utterance M07UP48A0013I417, best cost 19.4864 + 2625.38 = 2644.87 over 298 frames.
M07UP48A0013I417 kaasaganja 
LOG (lattice-best-path:main():lattice-best-path.cc:99) For utterance M07UP48A0013I43, best cost 14.5084 + 2685.71 = 2700.22 over 298 frames.
M07UP48A0013I43 babeeruu 
LOG (lattice-best-path:main():lattice-best-path.cc:99) For utterance M07UP48A0014I44, best cost 13.057 + 2675.93 = 2688.99 over 298 frames.
M07UP48A0014I44 gurusaraanya 
LOG (lattice-best-path:main():lattice-best-path.cc:99) For utterance M07UP48A0015I422, best cost 16.618 + 2646.24 = 2662.86 over 298 frames.
M07UP48A0015I422 sahiyaapura 
LOG (lattice-best-path:main():lattice-best-path.cc:99) For utterance M07UP48A0018I422, best cost 11.5723 + 2820.02 = 2831.59 over 298 frames.
M07UP48A0018I422 puuranpura 
LOG (lattice-best-path:main():lattice-best-path.cc:99) For utterance M07UP48A0020I43, best cost 10.322 + 2475.68 = 2486.01 over 298 frames.
M07UP48A0020I43 rasdxqaa 
LOG (lattice-best-path:main():lattice-best-path.cc:99) For utterance M07UP48A0021I45, best cost 16.74 + 2405.06 = 2421.8 over 298 frames.
M07UP48A0021I45 gurusaraanya 
LOG (lattice-best-path:main():lattice-best-path.cc:99) For utterance M07UP48A0024I49, best cost 18.4393 + 2803.01 = 2821.45 over 304 frames.
M07UP48A0024I49 lalitapura 
LOG (lattice-best-path:main():lattice-best-path.cc:99) For utterance M07UP48A0028I45, best cost 12.1004 + 2759.68 = 2771.78 over 298 frames.
M07UP48A0028I45 mauraniipura 
LOG (lattice-best-path:main():lattice-best-path.cc:99) For utterance M07UP48A0031I44, best cost 16.912 + 2775.02 = 2791.93 over 298 frames.
M07UP48A0031I44 ciragaanwa 
LOG (lattice-best-path:main():lattice-best-path.cc:99) For utterance M07UP49A0861I41, best cost 14.3223 + 2404.99 = 2419.31 over 300 frames.
M07UP49A0861I41 kaanapuradeehaata 
LOG (lattice-best-path:main():lattice-best-path.cc:99) For utterance M07UP49A0863I300, best cost 28.5922 + 4531.28 = 4559.88 over 498 frames.
M07UP49A0863I300 lakhanauu 
LOG (lattice-best-path:main():lattice-best-path.cc:99) For utterance M07UP49A0866I504, best cost 17.2587 + 2957.79 = 2975.05 over 298 frames.
M07UP49A0866I504 deewariyaa 
LOG (lattice-best-path:main():lattice-best-path.cc:99) For utterance M07UP49A0869I301, best cost 22.4962 + 4429.49 = 4451.99 over 498 frames.
M07UP49A0869I301 baaraabankii 
LOG (lattice-best-path:main():lattice-best-path.cc:99) For utterance M07UP49A0880I43, best cost 21.7732 + 2563.66 = 2585.43 over 298 frames.
M07UP49A0880I43 siitaapura 
LOG (lattice-best-path:main():lattice-best-path.cc:99) For utterance M07UP51A0032I301, best cost 15.853 + 4089.86 = 4105.71 over 430 frames.
M07UP51A0032I301 hamiirapura 
LOG (lattice-best-path:main():lattice-best-path.cc:99) For utterance M07UP51A0033I42, best cost 18.5671 + 2727.72 = 2746.29 over 298 frames.
M07UP51A0033I42 hamiirapura 
LOG (lattice-best-path:main():lattice-best-path.cc:99) For utterance M07UP51A0033I48, best cost 17.492 + 2812.54 = 2830.03 over 298 frames.
M07UP51A0033I48 mauraniipura 
LOG (lattice-best-path:main():lattice-best-path.cc:99) For utterance M07UP51A0035I302, best cost 26.452 + 4425.94 = 4452.39 over 498 frames.
M07UP51A0035I302 raatxha 
LOG (lattice-best-path:main():lattice-best-path.cc:99) For utterance M07UP51A0036I300, best cost 17.4715 + 4589.89 = 4607.36 over 498 frames.
M07UP51A0036I300 mahobaa 
LOG (lattice-best-path:main():lattice-best-path.cc:99) For utterance M07UP51A0036I44, best cost 16.8912 + 2589.94 = 2606.84 over 298 frames.
M07UP51A0036I44 jhaansii 
LOG (lattice-best-path:main():lattice-best-path.cc:99) For utterance M07UP51A0036I45, best cost 14.8885 + 2593.07 = 2607.96 over 298 frames.
M07UP51A0036I45 ciragaanwa 
LOG (lattice-best-path:main():lattice-best-path.cc:99) For utterance M07UP51A0036I48, best cost 16.9575 + 2631.85 = 2648.81 over 298 frames.
M07UP51A0036I48 mahobaa 
LOG (lattice-best-path:main():lattice-best-path.cc:99) For utterance M07UP51A0038I48, best cost 17.9405 + 2728.02 = 2745.96 over 298 frames.
M07UP51A0038I48 mauraniipura 
LOG (lattice-best-path:main():lattice-best-path.cc:99) For utterance M07UP51A0041I300, best cost 15.1608 + 3866.18 = 3881.34 over 498 frames.
M07UP51A0041I300 mahobaa 
LOG (lattice-best-path:main():lattice-best-path.cc:99) For utterance M07UP51A0042I302, best cost 26.7382 + 4146.8 = 4173.54 over 498 frames.
M07UP51A0042I302 raatxha 
LOG (lattice-best-path:main():lattice-best-path.cc:99) For utterance M07UP51A0043I410, best cost 14.9673 + 2581.88 = 2596.85 over 298 frames.
M07UP51A0043I410 baruaasumeerapura 
LOG (lattice-best-path:main():lattice-best-path.cc:99) For utterance M07UP51A0043I44, best cost 19.5756 + 2750.76 = 2770.34 over 298 frames.
M07UP51A0043I44 jhaansii 
LOG (lattice-best-path:main():lattice-best-path.cc:99) For utterance M07UP51A0043I45, best cost 21.5579 + 2483.63 = 2505.19 over 298 frames.
M07UP51A0043I45 ciragaanwa 
LOG (lattice-best-path:main():lattice-best-path.cc:99) For utterance M07UP51A0044I303, best cost 35.5951 + 4186.44 = 4222.03 over 498 frames.
M07UP51A0044I303 mahobaa 
LOG (lattice-best-path:main():lattice-best-path.cc:99) For utterance M07UP51A0045I412, best cost 22.3191 + 2736.71 = 2759.03 over 298 frames.
M07UP51A0045I412 moudahaa 
LOG (lattice-best-path:main():lattice-best-path.cc:99) For utterance M07UP51A0046I412, best cost 14.2199 + 2454.96 = 2469.18 over 298 frames.
M07UP51A0046I412 raatxha 
LOG (lattice-best-path:main():lattice-best-path.cc:99) For utterance M07UP51A0046I43, best cost 20.0782 + 2648.86 = 2668.94 over 298 frames.
M07UP51A0046I43 baruaasaagara 
LOG (lattice-best-path:main():lattice-best-path.cc:99) For utterance M07UP51A0049I44, best cost 17.4547 + 2814.31 = 2831.76 over 298 frames.
M07UP51A0049I44 baruaasaagara 
LOG (lattice-best-path:main():lattice-best-path.cc:99) For utterance M07UP51A0049I48, best cost 18.3554 + 2835.94 = 2854.3 over 298 frames.
M07UP51A0049I48 mauraniipura 
LOG (lattice-best-path:main():lattice-best-path.cc:99) For utterance M07UP51A0050I300, best cost 23.6579 + 4158.86 = 4182.52 over 498 frames.
M07UP51A0050I300 mahobaa 
LOG (lattice-best-path:main():lattice-best-path.cc:99) For utterance M07UP51A0050I42, best cost 20.4994 + 2611.24 = 2631.74 over 298 frames.
M07UP51A0050I42 hamiirapura 
LOG (lattice-best-path:main():lattice-best-path.cc:99) For utterance M07UP51A0050I45, best cost 11.7265 + 2658.13 = 2669.86 over 298 frames.
M07UP51A0050I45 ciragaanwa 
LOG (lattice-best-path:main():lattice-best-path.cc:99) For utterance M07UP51A0052I301, best cost 19.0071 + 4063.48 = 4082.49 over 498 frames.
M07UP51A0052I301 montxha 
LOG (lattice-best-path:main():lattice-best-path.cc:99) For utterance M07UP51A0052I303, best cost 18.8342 + 3879.4 = 3898.23 over 498 frames.
M07UP51A0052I303 mahobaa 
LOG (lattice-best-path:main():lattice-best-path.cc:99) For utterance M07UP51A0052I412, best cost 15.3835 + 2428.11 = 2443.5 over 298 frames.
M07UP51A0052I412 moudahaa 
LOG (lattice-best-path:main():lattice-best-path.cc:99) For utterance M07UP51A0052I45, best cost 16.1481 + 2553.47 = 2569.62 over 298 frames.
M07UP51A0052I45 ciragaanwa 
LOG (lattice-best-path:main():lattice-best-path.cc:99) For utterance M07UP51A0053I302, best cost 20.1202 + 4176.53 = 4196.65 over 498 frames.
M07UP51A0053I302 raatxha 
LOG (lattice-best-path:main():lattice-best-path.cc:99) For utterance M07UP51A0054I40, best cost 15.3967 + 2870.1 = 2885.49 over 298 frames.
M07UP51A0054I40 kheira 
LOG (lattice-best-path:main():lattice-best-path.cc:99) For utterance M07UP51A0054I47, best cost 19.3717 + 2806.95 = 2826.32 over 298 frames.
M07UP51A0054I47 mauraniipura 
LOG (lattice-best-path:main():lattice-best-path.cc:99) For utterance M07UP51A0094I411, best cost 24.4699 + 2509.24 = 2533.71 over 298 frames.
M07UP51A0094I411 kuraaraa 
LOG (lattice-best-path:main():lattice-best-path.cc:99) For utterance M07UP52A0193I300, best cost 23.8089 + 4270.67 = 4294.48 over 498 frames.
M07UP52A0193I300 meinapurii 
LOG (lattice-best-path:main():lattice-best-path.cc:99) For utterance M07UP52A0193I302, best cost 27.7924 + 4171.99 = 4199.78 over 498 frames.
M07UP52A0193I302 jasawantanagara 
LOG (lattice-best-path:main():lattice-best-path.cc:99) For utterance M07UP52A0193I43, best cost 19.6717 + 2449.4 = 2469.08 over 298 frames.
M07UP52A0193I43 kaasaganja 
LOG (lattice-best-path:main():lattice-best-path.cc:99) For utterance M07UP52A0195I45, best cost 15.6868 + 2814.99 = 2830.68 over 298 frames.
M07UP52A0195I45 phirojaabaada 
LOG (lattice-best-path:main():lattice-best-path.cc:99) For utterance M07UP52A0196I300, best cost 24.0745 + 4376.62 = 4400.7 over 498 frames.
M07UP52A0196I300 meinapurii 
LOG (lattice-best-path:main():lattice-best-path.cc:99) For utterance M07UP52A0196I41, best cost 15.2999 + 2647.81 = 2663.11 over 292 frames.
M07UP52A0196I41 mohammadaabaada 
LOG (lattice-best-path:main():lattice-best-path.cc:99) For utterance M07UP52A0199I41, best cost 14.0855 + 2948.41 = 2962.5 over 298 frames.
M07UP52A0199I41 haatharasa 
LOG (lattice-best-path:main():lattice-best-path.cc:99) For utterance M07UP52A0202I302, best cost 25.1927 + 4772.56 = 4797.76 over 498 frames.
M07UP52A0202I302 meinapurii 
LOG (lattice-best-path:main():lattice-best-path.cc:99) For utterance M07UP52A0202I40, best cost 13.6421 + 2886.28 = 2899.93 over 298 frames.
M07UP52A0202I40 ghiroura 
LOG (lattice-best-path:main():lattice-best-path.cc:99) For utterance M07UP52A0202I45, best cost 20.2172 + 2891.29 = 2911.51 over 298 frames.
M07UP52A0202I45 phirojaabaada 
LOG (lattice-best-path:main():lattice-best-path.cc:99) For utterance M07UP52A0205I43, best cost 18.3226 + 2682.5 = 2700.82 over 298 frames.
M07UP52A0205I43 beewara 
LOG (lattice-best-path:main():lattice-best-path.cc:99) For utterance M07UP52A0206I302, best cost 25.5407 + 4292.52 = 4318.06 over 498 frames.
M07UP52A0206I302 meinapurii 
LOG (lattice-best-path:main():lattice-best-path.cc:99) For utterance M07UP52A0206I40, best cost 10.7105 + 2859.52 = 2870.23 over 298 frames.
M07UP52A0206I40 kaayamaganja 
LOG (lattice-best-path:main():lattice-best-path.cc:99) For utterance M07UP52A0207I42, best cost 18.1267 + 2795.15 = 2813.27 over 298 frames.
M07UP52A0207I42 awaagadxhqa 
LOG (lattice-best-path:main():lattice-best-path.cc:99) For utterance M07UP52A0210I300, best cost 24.0087 + 4663.52 = 4687.53 over 498 frames.
M07UP52A0210I300 meinapurii 
LOG (lattice-best-path:main():lattice-best-path.cc:99) For utterance M07UP52A0210I43, best cost 17.966 + 2779.38 = 2797.35 over 298 frames.
M07UP52A0210I43 sirasaaganja 
LOG (lattice-best-path:main():lattice-best-path.cc:99) For utterance M07UP52A0210I603, best cost 39.1995 + 9437.38 = 9476.58 over 998 frames.
M07UP52A0210I603 meinapurii 
LOG (lattice-best-path:main():lattice-best-path.cc:99) For utterance M07UP52A0211I300, best cost 19.4695 + 4939.2 = 4958.67 over 500 frames.
M07UP52A0211I300 meinapurii 
LOG (lattice-best-path:main():lattice-best-path.cc:99) For utterance M07UP52A0213I45, best cost 13.0396 + 2323.88 = 2336.92 over 298 frames.
M07UP52A0213I45 meinapurii 
LOG (lattice-best-path:main():lattice-best-path.cc:99) For utterance M07UP53A0072I44, best cost 18.4408 + 2775.62 = 2794.06 over 298 frames.
M07UP53A0072I44 acaneeraa 
LOG (lattice-best-path:main():lattice-best-path.cc:99) For utterance M07UP53A0076I413, best cost 16.6434 + 2687.94 = 2704.58 over 298 frames.
M07UP53A0076I413 kheiraagadxhqa 
LOG (lattice-best-path:main():lattice-best-path.cc:99) For utterance M07UP53A0079I42, best cost 13.6612 + 2773.61 = 2787.28 over 298 frames.
M07UP53A0079I42 haatharasa 
LOG (lattice-best-path:main():lattice-best-path.cc:99) For utterance M07UP53A0080I41, best cost 15.4596 + 2284.9 = 2300.35 over 298 frames.
M07UP53A0080I41 aliigadxhqa 
LOG (lattice-best-path:main():lattice-best-path.cc:99) For utterance M07UP53A0080I413, best cost 19.8087 + 2521.88 = 2541.69 over 298 frames.
M07UP53A0080I413 kheiraagadxhqa 
LOG (lattice-best-path:main():lattice-best-path.cc:99) For utterance M07UP53A0080I42, best cost 12.7023 + 2461.49 = 2474.19 over 298 frames.
M07UP53A0080I42 ataroulii 
LOG (lattice-best-path:main():lattice-best-path.cc:99) For utterance M07UP53A0081I424, best cost 12.5143 + 2372.08 = 2384.59 over 298 frames.
M07UP53A0081I424 shaadaabaada 
LOG (lattice-best-path:main():lattice-best-path.cc:99) For utterance M07UP53A0083I419, best cost 16.0631 + 2648.21 = 2664.27 over 298 frames.
M07UP53A0083I419 phateehapurasiikarii 
LOG (lattice-best-path:main():lattice-best-path.cc:99) For utterance M07UP53A0085I45, best cost 17.3972 + 2858.85 = 2876.25 over 300 frames.
M07UP53A0085I45 aagaraa 
LOG (lattice-best-path:main():lattice-best-path.cc:99) For utterance M07UP53A0088I413, best cost 18.1292 + 2765.19 = 2783.32 over 298 frames.
M07UP53A0088I413 kheiraagadxhqa 
LOG (lattice-best-path:main():lattice-best-path.cc:99) For utterance M07UP53A0090I410, best cost 16.8935 + 2889.29 = 2906.19 over 300 frames.
M07UP53A0090I410 ataroulii 
LOG (lattice-best-path:main():lattice-best-path.cc:99) For utterance M07UP54A1272I428, best cost 11.1824 + 2666.8 = 2677.98 over 298 frames.
M07UP54A1272I428 mauu 
LOG (lattice-best-path:main():lattice-best-path.cc:99) For utterance M07UP54A1280I300, best cost 24.5238 + 4508.62 = 4533.15 over 498 frames.
M07UP54A1280I300 mauu 
LOG (lattice-best-path:main():lattice-best-path.cc:99) For utterance M07UP54A1290I45, best cost 16.2103 + 2769.1 = 2785.31 over 300 frames.
M07UP54A1290I45 gaajiipura 
LOG (lattice-best-path:main():lattice-best-path.cc:99) For utterance M07UP55A0462I422, best cost 12.7689 + 2533.05 = 2545.82 over 298 frames.
M07UP55A0462I422 bareelii 
LOG (lattice-best-path:main():lattice-best-path.cc:99) For utterance M07UP55A0464I303, best cost 19.0136 + 4118.18 = 4137.19 over 498 frames.
M07UP55A0464I303 haapudxqa 
LOG (lattice-best-path:main():lattice-best-path.cc:99) For utterance M07UP55A0464I42, best cost 19.1179 + 2678.63 = 2697.75 over 298 frames.
M07UP55A0464I42 meeratxha 
LOG (lattice-best-path:main():lattice-best-path.cc:99) For utterance M07UP55A0469I300, best cost 29.703 + 4426.6 = 4456.3 over 498 frames.
M07UP55A0469I300 meeratxha 
LOG (lattice-best-path:main():lattice-best-path.cc:99) For utterance M07UP55A0469I40, best cost 25.76 + 2538.73 = 2564.49 over 298 frames.
M07UP55A0469I40 baagapata 
LOG (lattice-best-path:main():lattice-best-path.cc:99) For utterance M07UP55A0470I301, best cost 23.3235 + 4287.51 = 4310.83 over 498 frames.
M07UP55A0470I301 haapudxqa 
LOG (lattice-best-path:main():lattice-best-path.cc:99) For utterance M07UP55A0474I40, best cost 14.5753 + 2885.8 = 2900.37 over 298 frames.
M07UP55A0474I40 amarohaa 
LOG (lattice-best-path:main():lattice-best-path.cc:99) For utterance M07UP55A0476I42, best cost 22.0329 + 2852.26 = 2874.29 over 298 frames.
M07UP55A0476I42 meeratxha 
LOG (lattice-best-path:main():lattice-best-path.cc:99) For utterance M07UP55A0477I301, best cost 23.9414 + 4278.06 = 4302 over 498 frames.
M07UP55A0477I301 shaahajahaanapura 
LOG (lattice-best-path:main():lattice-best-path.cc:99) For utterance M07UP55A0480I300, best cost 16.2419 + 4515.66 = 4531.9 over 498 frames.
M07UP55A0480I300 meeratxha 
LOG (lattice-best-path:main():lattice-best-path.cc:99) For utterance M07UP56A0695I300, best cost 20.153 + 4751.83 = 4771.98 over 498 frames.
M07UP56A0695I300 mirjaapura 
LOG (lattice-best-path:main():lattice-best-path.cc:99) For utterance M07UP56A0699I301, best cost 23.7961 + 4294.25 = 4318.04 over 498 frames.
M07UP56A0699I301 sonbhadra 
LOG (lattice-best-path:main():lattice-best-path.cc:99) For utterance M07UP56A0706I43, best cost 17.5278 + 2826.4 = 2843.93 over 298 frames.
M07UP56A0706I43 waaraanxasxii 
LOG (lattice-best-path:main():lattice-best-path.cc:99) For utterance M07UP56A0707I45, best cost 12.7082 + 2360.18 = 2372.88 over 298 frames.
M07UP56A0707I45 candoulii 
LOG (lattice-best-path:main():lattice-best-path.cc:99) For utterance M07UP56A0708I47, best cost 24.0436 + 2695.88 = 2719.92 over 298 frames.
M07UP56A0708I47 sonbhadra 
LOG (lattice-best-path:main():lattice-best-path.cc:99) For utterance M07UP56A0710I421, best cost 20.5987 + 2657.98 = 2678.58 over 298 frames.
M07UP56A0710I421 candoulii 
LOG (lattice-best-path:main():lattice-best-path.cc:99) For utterance M07UP57A0404I43, best cost 13.3104 + 2512.87 = 2526.18 over 298 frames.
M07UP57A0404I43 badaayuun 
LOG (lattice-best-path:main():lattice-best-path.cc:99) For utterance M07UP57A0406I300, best cost 24.5937 + 4258.49 = 4283.08 over 498 frames.
M07UP57A0406I300 muraadaabaada 
LOG (lattice-best-path:main():lattice-best-path.cc:99) For utterance M07UP57A0409I42, best cost 14.5674 + 2433.05 = 2447.62 over 298 frames.
M07UP57A0409I42 bulandashahara 
LOG (lattice-best-path:main():lattice-best-path.cc:99) For utterance M07UP57A0411I301, best cost 17.0414 + 4397.72 = 4414.76 over 498 frames.
M07UP57A0411I301 badaayuun 
LOG (lattice-best-path:main():lattice-best-path.cc:99) For utterance M07UP57A0413I301, best cost 19.6147 + 4088.11 = 4107.72 over 498 frames.
M07UP57A0413I301 candousii 
LOG (lattice-best-path:main():lattice-best-path.cc:99) For utterance M07UP57A0413I41, best cost 15.4028 + 2851.4 = 2866.8 over 298 frames.
M07UP57A0413I41 muraadaabaada 
LOG (lattice-best-path:main():lattice-best-path.cc:99) For utterance M07UP57A0413I507, best cost 12.2457 + 2875.51 = 2887.75 over 298 frames.
M07UP57A0413I507 eitxa 
LOG (lattice-best-path:main():lattice-best-path.cc:99) For utterance M07UP57A0416I301, best cost 27.6908 + 4690.64 = 4718.33 over 498 frames.
M07UP57A0416I301 sambhala 
LOG (lattice-best-path:main():lattice-best-path.cc:99) For utterance M07UP57A0417I301, best cost 26.5076 + 4431.03 = 4457.54 over 498 frames.
M07UP57A0417I301 raamapura 
LOG (lattice-best-path:main():lattice-best-path.cc:99) For utterance M07UP57A0417I42, best cost 12.7813 + 2858.22 = 2871.01 over 298 frames.
M07UP57A0417I42 amarohaa 
LOG (lattice-best-path:main():lattice-best-path.cc:99) For utterance M07UP57A0418I303, best cost 16.0598 + 4557.3 = 4573.36 over 498 frames.
M07UP57A0418I303 candousii 
LOG (lattice-best-path:main():lattice-best-path.cc:99) For utterance M07UP60A0942I416, best cost 12.1246 + 2341.17 = 2353.3 over 298 frames.
M07UP60A0942I416 baaraabankii 
LOG (lattice-best-path:main():lattice-best-path.cc:99) For utterance M07UP60A0942I418, best cost 16.7046 + 2533.59 = 2550.29 over 298 frames.
M07UP60A0942I418 prataapagadxhqa 
LOG (lattice-best-path:main():lattice-best-path.cc:99) For utterance M07UP60A0944I42, best cost 16.9481 + 2671.72 = 2688.67 over 298 frames.
M07UP60A0944I42 phateehapura 
LOG (lattice-best-path:main():lattice-best-path.cc:99) For utterance M07UP60A0946I303, best cost 31.7418 + 4397.86 = 4429.6 over 498 frames.
M07UP60A0946I303 sultaanapura 
LOG (lattice-best-path:main():lattice-best-path.cc:99) For utterance M07UP60A0954I303, best cost 12.443 + 3771.9 = 3784.34 over 498 frames.
M07UP60A0954I303 sultaanapura 
LOG (lattice-best-path:main():lattice-best-path.cc:99) For utterance M07UP60A0955I301, best cost 26.9141 + 3910.64 = 3937.56 over 498 frames.
M07UP60A0955I301 sultaanapura 
LOG (lattice-best-path:main():lattice-best-path.cc:99) For utterance M07UP60A0955I302, best cost 15.4957 + 3831.01 = 3846.5 over 498 frames.
M07UP60A0955I302 maholii 
LOG (lattice-best-path:main():lattice-best-path.cc:99) For utterance M07UP60A0956I414, best cost 19.5913 + 2692.61 = 2712.2 over 298 frames.
M07UP60A0956I414 prataapagadxhqa 
LOG (lattice-best-path:main():lattice-best-path.cc:99) For utterance M07UP60A0957I412, best cost 19.3505 + 2530.88 = 2550.23 over 298 frames.
M07UP60A0957I412 baaraabankii 
LOG (lattice-best-path:main():lattice-best-path.cc:99) For utterance M07UP60A0957I413, best cost 14.7508 + 2501.18 = 2515.93 over 298 frames.
M07UP60A0957I413 prataapagadxhqa 
LOG (lattice-best-path:main():lattice-best-path.cc:99) For utterance M07UP61A0966I300, best cost 17.7677 + 3982.34 = 4000.11 over 498 frames.
M07UP61A0966I300 raaibareilii 
LOG (lattice-best-path:main():lattice-best-path.cc:99) For utterance M07UP61A0968I301, best cost 16.266 + 3906.18 = 3922.45 over 498 frames.
M07UP61A0968I301 baaraabankii 
LOG (lattice-best-path:main():lattice-best-path.cc:99) For utterance M07UP61A0971I302, best cost 26.3316 + 4137.98 = 4164.32 over 498 frames.
M07UP61A0971I302 raaibareilii 
LOG (lattice-best-path:main():lattice-best-path.cc:99) For utterance M07UP61A0972I44, best cost 17.6066 + 2731.77 = 2749.37 over 298 frames.
M07UP61A0972I44 phateehapura 
LOG (lattice-best-path:main():lattice-best-path.cc:99) For utterance M07UP61A0980I301, best cost 26.4387 + 4651.86 = 4678.3 over 498 frames.
M07UP61A0980I301 phateehapura 
LOG (lattice-best-path:main():lattice-best-path.cc:99) For utterance M07UP64A0382I300, best cost 29.0743 + 4539.07 = 4568.15 over 498 frames.
M07UP64A0382I300 sambhala 
LOG (lattice-best-path:main():lattice-best-path.cc:99) For utterance M07UP64A0382I301, best cost 19.9527 + 4638.86 = 4658.82 over 498 frames.
M07UP64A0382I301 muraadaabaada 
LOG (lattice-best-path:main():lattice-best-path.cc:99) For utterance M07UP64A0386I42, best cost 15.3726 + 2703.64 = 2719.01 over 298 frames.
M07UP64A0386I42 amarohaa 
LOG (lattice-best-path:main():lattice-best-path.cc:99) For utterance M07UP64A0389I42, best cost 17.9776 + 2390.68 = 2408.66 over 298 frames.
M07UP64A0389I42 amarohaa 
LOG (lattice-best-path:main():lattice-best-path.cc:99) For utterance M07UP64A0390I300, best cost 23.9936 + 4243.28 = 4267.28 over 498 frames.
M07UP64A0390I300 sambhala 
LOG (lattice-scale:main():lattice-scale.cc:90) Done 553 lattices.
LOG (lattice-best-path:main():lattice-best-path.cc:99) For utterance M07UP64A0391I302, best cost 39.8848 + 4232.19 = 4272.08 over 498 frames.
M07UP64A0391I302 candousii 
LOG (lattice-best-path:main():lattice-best-path.cc:99) For utterance M07UP64A0391I303, best cost 27.3415 + 4303.96 = 4331.3 over 498 frames.
M07UP64A0391I303 bahajoii 
LOG (lattice-best-path:main():lattice-best-path.cc:99) For utterance M07UP64A0392I301, best cost 12.1687 + 3709.09 = 3721.25 over 498 frames.
M07UP64A0392I301 muraadaabaada 
LOG (lattice-best-path:main():lattice-best-path.cc:99) For utterance M07UP64A0393I41, best cost 15.0116 + 2795.03 = 2810.04 over 298 frames.
M07UP64A0393I41 amarohaa 
LOG (lattice-best-path:main():lattice-best-path.cc:99) For utterance M07UP64A0396I43, best cost 14.3917 + 2919.52 = 2933.92 over 300 frames.
M07UP64A0396I43 haladxaura 
LOG (lattice-best-path:main():lattice-best-path.cc:99) For utterance M07UP64A0399I302, best cost 22.4928 + 4432.13 = 4454.63 over 498 frames.
M07UP64A0399I302 candousii 
LOG (lattice-best-path:main():lattice-best-path.cc:99) For utterance M07UP64A0400I300, best cost 36.9864 + 4608.36 = 4645.34 over 498 frames.
M07UP64A0400I300 sambhala 
LOG (lattice-best-path:main():lattice-best-path.cc:99) For utterance M07UP64A0400I426, best cost 19.3545 + 2644.8 = 2664.16 over 298 frames.
M07UP64A0400I426 tikoniaa 
LOG (lattice-best-path:main():lattice-best-path.cc:99) For utterance M07UP64A0401I43, best cost 16.9908 + 2737.73 = 2754.72 over 300 frames.
M07UP64A0401I43 badaayuun 
LOG (lattice-best-path:main():lattice-best-path.cc:99) For utterance M07UP66A0674I303, best cost 19.4814 + 4554.82 = 4574.3 over 498 frames.
M07UP66A0674I303 mirjaapura 
LOG (lattice-best-path:main():lattice-best-path.cc:99) For utterance M07UP66A0676I303, best cost 24.4058 + 4653.9 = 4678.31 over 498 frames.
M07UP66A0676I303 mirjaapura 
LOG (lattice-best-path:main():lattice-best-path.cc:99) For utterance M07UP66A0684I43, best cost 18.5683 + 2585.16 = 2603.73 over 298 frames.
M07UP66A0684I43 ilaahaabaada 
LOG (lattice-best-path:main():lattice-best-path.cc:99) For utterance M07UP66A0685I42, best cost 22.5865 + 2653.35 = 2675.94 over 298 frames.
M07UP66A0685I42 gopiiganja 
LOG (lattice-best-path:main():lattice-best-path.cc:99) For utterance M07UP66A0687I301, best cost 16.2757 + 3881.23 = 3897.51 over 498 frames.
M07UP66A0687I301 ilaahaabaada 
LOG (lattice-best-path:main():lattice-best-path.cc:99) For utterance M07UP66A0688I410, best cost 17.629 + 2359.66 = 2377.29 over 298 frames.
M07UP66A0688I410 gopiiganja 
LOG (lattice-best-path:main():lattice-best-path.cc:99) For utterance M07UP66A0692I301, best cost 21.0835 + 4406.37 = 4427.46 over 498 frames.
M07UP66A0692I301 shamashaabaada 
LOG (lattice-best-path:main():lattice-best-path.cc:99) For utterance M07UP72A0730I42, best cost 15.4345 + 2720.47 = 2735.9 over 298 frames.
M07UP72A0730I42 roubartxsaganja 
LOG (lattice-best-path:main():lattice-best-path.cc:99) For utterance M07UP72A0730I46, best cost 18.0098 + 2609.97 = 2627.98 over 298 frames.
M07UP72A0730I46 candoulii 
LOG (lattice-best-path:main():lattice-best-path.cc:99) For utterance M07UP72A0731I42, best cost 19.2417 + 2899.73 = 2918.97 over 298 frames.
M07UP72A0731I42 caandapura 
LOG (lattice-best-path:main():lattice-best-path.cc:99) For utterance M07UP73A0922I300, best cost 17.5518 + 4658.36 = 4675.91 over 498 frames.
M07UP73A0922I300 sultaanapura 
LOG (lattice-best-path:main():lattice-best-path.cc:99) For utterance M07UP73A0923I41, best cost 13.285 + 2717.57 = 2730.85 over 298 frames.
M07UP73A0923I41 jounapura 
LOG (lattice-best-path:main():lattice-best-path.cc:99) For utterance M07UP73A0924I41, best cost 14.7079 + 2587.37 = 2602.08 over 298 frames.
M07UP73A0924I41 ambeedxakaranagara 
LOG (lattice-best-path:main():lattice-best-path.cc:99) For utterance M07UP73A0925I42, best cost 12.7246 + 2366.45 = 2379.18 over 298 frames.
M07UP73A0925I42 aajamagadxhqa 
LOG (lattice-add-penalty:main():lattice-add-penalty.cc:62) Done adding word insertion penalty to 553 lattices.
LOG (lattice-best-path:main():lattice-best-path.cc:99) For utterance M07UP73A0927I43, best cost 21.673 + 2506.31 = 2527.98 over 298 frames.
M07UP73A0927I43 baaraabankii 
LOG (lattice-best-path:main():lattice-best-path.cc:99) For utterance M07UP73A0929I42, best cost 22.9693 + 2716.81 = 2739.78 over 298 frames.
M07UP73A0929I42 aajamagadxhqa 
LOG (lattice-best-path:main():lattice-best-path.cc:99) For utterance M07UP73A0930I43, best cost 22.116 + 2551.14 = 2573.25 over 298 frames.
M07UP73A0930I43 siitaapura 
LOG (lattice-best-path:main():lattice-best-path.cc:99) For utterance M07UP73A0931I49, best cost 16.2363 + 2707.9 = 2724.14 over 298 frames.
M07UP73A0931I49 ameitxhii 
LOG (lattice-best-path:main():lattice-best-path.cc:99) For utterance M07UP73A0937I42, best cost 13.7526 + 2546.93 = 2560.68 over 298 frames.
M07UP73A0937I42 lakhanauu 
LOG (lattice-best-path:main():lattice-best-path.cc:99) For utterance M07UP73A0938I42, best cost 18.1762 + 2508.72 = 2526.89 over 298 frames.
M07UP73A0938I42 lakhanauu 
LOG (lattice-best-path:main():lattice-best-path.cc:99) For utterance M07UP74A0802I303, best cost 28.4102 + 4198.03 = 4226.44 over 498 frames.
M07UP74A0802I303 kaanapura 
LOG (lattice-best-path:main():lattice-best-path.cc:99) For utterance M07UP74A0813I300, best cost 19.8879 + 4093.49 = 4113.38 over 498 frames.
M07UP74A0813I300 unnaanwa 
LOG (lattice-best-path:main():lattice-best-path.cc:99) For utterance M07UP74A0814I301, best cost 19.5649 + 4042.82 = 4062.38 over 504 frames.
M07UP74A0814I301 kaanapura 
LOG (lattice-best-path:main():lattice-best-path.cc:99) For utterance M07UP74A0817I42, best cost 18.056 + 2513.42 = 2531.48 over 300 frames.
M07UP74A0817I42 raaibareilii 
LOG (lattice-best-path:main():lattice-best-path.cc:99) For utterance M07UP75A0755I303, best cost 30.6955 + 4383.41 = 4414.11 over 498 frames.
M07UP75A0755I303 siiraa 
LOG (lattice-best-path:main():lattice-best-path.cc:99) For utterance M07UP75A0758I300, best cost 21.808 + 4330.64 = 4352.45 over 498 frames.
M07UP75A0758I300 waaraanxasxii 
LOG (lattice-best-path:main():lattice-best-path.cc:99) For utterance M07UP75A0764I302, best cost 27.0435 + 4545.86 = 4572.9 over 498 frames.
M07UP75A0764I302 txuundxlaa 
LOG (lattice-best-path:main():lattice-best-path.cc:99) For utterance M07UP75A0764I42, best cost 17.1126 + 2757.7 = 2774.81 over 298 frames.
M07UP75A0764I42 jounapura 
LOG (lattice-best-path:main():lattice-best-path.cc:99) For utterance M07UP75A0768I40, best cost 15.9745 + 2587.33 = 2603.31 over 298 frames.
M07UP75A0768I40 waaraanxasxii 
LOG (lattice-best-path:main():lattice-best-path.cc:99) For utterance M07UP75A0769I301, best cost 23.8225 + 4103.06 = 4126.88 over 498 frames.
M07UP75A0769I301 jounapura 
LOG (lattice-best-path:main():lattice-best-path.cc:99) For utterance M07UP75A0770I303, best cost 28.3633 + 4278.52 = 4306.89 over 498 frames.
M07UP75A0770I303 ruuraa 
LOG (lattice-best-path:main():lattice-best-path.cc:99) For utterance M07UP75A0771I42, best cost 14.9428 + 2553.7 = 2568.65 over 298 frames.
M07UP75A0771I42 candoulii 
LOG (lattice-best-path:main():lattice-best-path.cc:99) For utterance M07UP75A0771I43, best cost 15.0455 + 2609.69 = 2624.74 over 298 frames.
M07UP75A0771I43 gaajiipura 
LOG (lattice-best-path:main():lattice-best-path.cc:99) For utterance M07UP75A0772I300, best cost 14.1203 + 4079.67 = 4093.8 over 498 frames.
M07UP75A0772I300 waaraanxasxii 
LOG (lattice-best-path:main():lattice-best-path.cc:99) For utterance M07UP75A0773I41, best cost 13.0353 + 2490.46 = 2503.49 over 298 frames.
M07UP75A0773I41 jounapura 
LOG (lattice-best-path:main():lattice-best-path.cc:124) Overall cost per frame is 8.83746 = 0.0494547 [graph] + 8.788 [acoustic] over 207364 frames.
LOG (lattice-best-path:main():lattice-best-path.cc:128) Done 553 lattices, failed for 0
# Accounting: time=1 threads=1
# Ended (code 0) at Thu Jul 21 14:55:01 IST 2016, elapsed time 1 seconds
